Jan 07 00:20:01 
Jan 07 00:20:01 🔔省钱大赢家之翻翻乐, 开始!
Jan 07 00:20:01 
Jan 07 00:20:01 ====================共1个京东账号Cookie=========
Jan 07 00:20:01 
Jan 07 00:20:02 ==================脚本执行- 北京时间(UTC+8)：2022/1/7 上午12:20:01=====================
Jan 07 00:20:02 
Jan 07 00:20:02 
Jan 07 00:20:02 ******开始【京东账号1】jd_632e000b42ec6*********
Jan 07 00:20:02 
Jan 07 00:20:04 查询下次翻翻乐剩余时间失败：{"success":false,"code":1001,"errMsg":"限流","data":null}
Jan 07 00:20:04 
Jan 07 00:20:04 
Jan 07 00:20:04 🔔省钱大赢家之翻翻乐, 结束! 🕛 2.417 秒
Jan 07 00:20:04 
Jan 07 01:20:01 
Jan 07 01:20:01 🔔省钱大赢家之翻翻乐, 开始!
Jan 07 01:20:01 
Jan 07 01:20:01 ====================共1个京东账号Cookie=========
Jan 07 01:20:01 
Jan 07 01:20:01 ==================脚本执行- 北京时间(UTC+8)：2022/1/7 上午1:20:01=====================
Jan 07 01:20:01 
Jan 07 01:20:01 
Jan 07 01:20:01 ******开始【京东账号1】jd_632e000b42ec6*********
Jan 07 01:20:01 
Jan 07 01:20:01 查询下次翻翻乐剩余时间失败：{"success":false,"code":1001,"errMsg":"限流","data":null}
Jan 07 01:20:01 
Jan 07 01:20:01 
Jan 07 01:20:01 🔔省钱大赢家之翻翻乐, 结束! 🕛 0.513 秒
Jan 07 01:20:01 
Jan 07 02:20:01 
Jan 07 02:20:01 🔔省钱大赢家之翻翻乐, 开始!
Jan 07 02:20:01 
Jan 07 02:20:01 ====================共1个京东账号Cookie=========
Jan 07 02:20:01 
Jan 07 02:20:01 ==================脚本执行- 北京时间(UTC+8)：2022/1/7 上午2:20:01=====================
Jan 07 02:20:01 
Jan 07 02:20:01 
Jan 07 02:20:01 ******开始【京东账号1】jd_632e000b42ec6*********
Jan 07 02:20:01 
Jan 07 02:20:02 查询下次翻翻乐剩余时间失败：{"success":false,"code":1001,"errMsg":"限流","data":null}
Jan 07 02:20:02 
Jan 07 02:20:02 
Jan 07 02:20:02 🔔省钱大赢家之翻翻乐, 结束! 🕛 1.163 秒
Jan 07 02:20:02 
Jan 07 03:20:01 
Jan 07 03:20:01 🔔省钱大赢家之翻翻乐, 开始!
Jan 07 03:20:01 
Jan 07 03:20:01 ====================共1个京东账号Cookie=========
Jan 07 03:20:01 
Jan 07 03:20:01 ==================脚本执行- 北京时间(UTC+8)：2022/1/7 上午3:20:01=====================
Jan 07 03:20:01 
Jan 07 03:20:01 
Jan 07 03:20:01 ******开始【京东账号1】jd_632e000b42ec6*********
Jan 07 03:20:01 
Jan 07 03:20:01 查询下次翻翻乐剩余时间失败：{"success":false,"code":1001,"errMsg":"限流","data":null}
Jan 07 03:20:01 
Jan 07 03:20:01 
Jan 07 03:20:01 🔔省钱大赢家之翻翻乐, 结束! 🕛 0.488 秒
Jan 07 03:20:01 
Jan 07 04:20:01 
Jan 07 04:20:01 🔔省钱大赢家之翻翻乐, 开始!
Jan 07 04:20:01 
Jan 07 04:20:01 ====================共1个京东账号Cookie=========
Jan 07 04:20:01 
Jan 07 04:20:01 ==================脚本执行- 北京时间(UTC+8)：2022/1/7 上午4:20:01=====================
Jan 07 04:20:01 
Jan 07 04:20:01 
Jan 07 04:20:01 ******开始【京东账号1】jd_632e000b42ec6*********
Jan 07 04:20:01 
Jan 07 04:20:01 查询下次翻翻乐剩余时间失败：{"success":false,"code":1001,"errMsg":"限流","data":null}
Jan 07 04:20:01 
Jan 07 04:20:01 
Jan 07 04:20:01 🔔省钱大赢家之翻翻乐, 结束! 🕛 0.502 秒
Jan 07 04:20:01 
Jan 07 05:20:01 
Jan 07 05:20:01 🔔省钱大赢家之翻翻乐, 开始!
Jan 07 05:20:01 
Jan 07 05:20:01 ====================共1个京东账号Cookie=========
Jan 07 05:20:01 
Jan 07 05:20:01 ==================脚本执行- 北京时间(UTC+8)：2022/1/7 上午5:20:01=====================
Jan 07 05:20:01 
Jan 07 05:20:01 
Jan 07 05:20:01 ******开始【京东账号1】jd_632e000b42ec6*********
Jan 07 05:20:01 
Jan 07 05:20:01 查询下次翻翻乐剩余时间失败：{"success":false,"code":1001,"errMsg":"限流","data":null}
Jan 07 05:20:01 
Jan 07 05:20:01 
Jan 07 05:20:01 🔔省钱大赢家之翻翻乐, 结束! 🕛 0.335 秒
Jan 07 05:20:01 
Jan 07 06:20:01 
Jan 07 06:20:01 🔔省钱大赢家之翻翻乐, 开始!
Jan 07 06:20:01 
Jan 07 06:20:01 ====================共1个京东账号Cookie=========
Jan 07 06:20:01 
Jan 07 06:20:01 ==================脚本执行- 北京时间(UTC+8)：2022/1/7 上午6:20:01=====================
Jan 07 06:20:01 
Jan 07 06:20:01 
Jan 07 06:20:01 ******开始【京东账号1】jd_632e000b42ec6*********
Jan 07 06:20:01 
Jan 07 06:20:02 查询下次翻翻乐剩余时间失败：{"success":false,"code":1001,"errMsg":"限流","data":null}
Jan 07 06:20:02 
Jan 07 06:20:02 
Jan 07 06:20:02 🔔省钱大赢家之翻翻乐, 结束! 🕛 1.026 秒
Jan 07 06:20:02 
Jan 07 07:20:00 
Jan 07 07:20:00 🔔省钱大赢家之翻翻乐, 开始!
Jan 07 07:20:00 
Jan 07 07:20:00 ====================共1个京东账号Cookie=========
Jan 07 07:20:00 
Jan 07 07:20:00 ==================脚本执行- 北京时间(UTC+8)：2022/1/7 上午7:20:00=====================
Jan 07 07:20:00 
Jan 07 07:20:00 
Jan 07 07:20:00 ******开始【京东账号1】jd_632e000b42ec6*********
Jan 07 07:20:00 
Jan 07 07:20:00 查询下次翻翻乐剩余时间失败：{"msg":"data does not exist","code":12,"success":false}
Jan 07 07:20:00 
Jan 07 07:20:00 
Jan 07 07:20:00 🔔省钱大赢家之翻翻乐, 结束! 🕛 0.444 秒
Jan 07 07:20:00 
Jan 07 08:20:00 
Jan 07 08:20:00 🔔省钱大赢家之翻翻乐, 开始!
Jan 07 08:20:00 
Jan 07 08:20:00 ====================共1个京东账号Cookie=========
Jan 07 08:20:00 
Jan 07 08:20:00 ==================脚本执行- 北京时间(UTC+8)：2022/1/7 上午8:20:00=====================
Jan 07 08:20:00 
Jan 07 08:20:00 
Jan 07 08:20:00 ******开始【京东账号1】jd_632e000b42ec6*********
Jan 07 08:20:00 
Jan 07 08:20:00 查询下次翻翻乐剩余时间失败：{"msg":"data does not exist","code":12,"success":false}
Jan 07 08:20:00 
Jan 07 08:20:00 
Jan 07 08:20:00 🔔省钱大赢家之翻翻乐, 结束! 🕛 0.676 秒
Jan 07 08:20:00 
Jan 07 09:20:00 
Jan 07 09:20:00 🔔省钱大赢家之翻翻乐, 开始!
Jan 07 09:20:00 
Jan 07 09:20:00 ====================共1个京东账号Cookie=========
Jan 07 09:20:00 
Jan 07 09:20:00 ==================脚本执行- 北京时间(UTC+8)：2022/1/7 上午9:20:00=====================
Jan 07 09:20:00 
Jan 07 09:20:00 
Jan 07 09:20:00 ******开始【京东账号1】jd_632e000b42ec6*********
Jan 07 09:20:00 
Jan 07 09:20:00 查询下次翻翻乐剩余时间失败：{"success":false,"code":1001,"errMsg":"限流","data":null}
Jan 07 09:20:00 
Jan 07 09:20:00 
Jan 07 09:20:00 🔔省钱大赢家之翻翻乐, 结束! 🕛 0.722 秒
Jan 07 09:20:00 
Jan 07 10:20:00 
Jan 07 10:20:00 🔔省钱大赢家之翻翻乐, 开始!
Jan 07 10:20:00 
Jan 07 10:20:00 ====================共1个京东账号Cookie=========
Jan 07 10:20:00 
Jan 07 10:20:00 ==================脚本执行- 北京时间(UTC+8)：2022/1/7 上午10:20:00=====================
Jan 07 10:20:00 
Jan 07 10:20:00 
Jan 07 10:20:00 ******开始【京东账号1】jd_632e000b42ec6*********
Jan 07 10:20:00 
Jan 07 10:20:02 查询下次翻翻乐剩余时间失败：{"success":false,"code":1001,"errMsg":"限流","data":null}
Jan 07 10:20:02 
Jan 07 10:20:02 
Jan 07 10:20:02 🔔省钱大赢家之翻翻乐, 结束! 🕛 1.89 秒
Jan 07 10:20:02 
Jan 07 11:20:00 
Jan 07 11:20:00 🔔省钱大赢家之翻翻乐, 开始!
Jan 07 11:20:00 
Jan 07 11:20:00 ====================共1个京东账号Cookie=========
Jan 07 11:20:00 
Jan 07 11:20:00 ==================脚本执行- 北京时间(UTC+8)：2022/1/7 上午11:20:00=====================
Jan 07 11:20:00 
Jan 07 11:20:00 
Jan 07 11:20:00 ******开始【京东账号1】jd_632e000b42ec6*********
Jan 07 11:20:00 
Jan 07 11:20:00 查询下次翻翻乐剩余时间失败：{"msg":"data does not exist","code":12,"success":false}
Jan 07 11:20:00 
Jan 07 11:20:00 
Jan 07 11:20:00 🔔省钱大赢家之翻翻乐, 结束! 🕛 0.474 秒
Jan 07 11:20:00 
Jan 07 12:20:00 
Jan 07 12:20:00 🔔省钱大赢家之翻翻乐, 开始!
Jan 07 12:20:00 
Jan 07 12:20:00 ====================共1个京东账号Cookie=========
Jan 07 12:20:00 
Jan 07 12:20:00 ==================脚本执行- 北京时间(UTC+8)：2022/1/7 下午12:20:00=====================
Jan 07 12:20:00 
Jan 07 12:20:00 
Jan 07 12:20:00 ******开始【京东账号1】jd_632e000b42ec6*********
Jan 07 12:20:00 
Jan 07 12:20:01 查询下次翻翻乐剩余时间失败：{"msg":"data does not exist","code":12,"success":false}
Jan 07 12:20:01 
Jan 07 12:20:01 
Jan 07 12:20:01 🔔省钱大赢家之翻翻乐, 结束! 🕛 0.79 秒
Jan 07 12:20:01 
Jan 07 13:20:00 
Jan 07 13:20:00 🔔省钱大赢家之翻翻乐, 开始!
Jan 07 13:20:00 
Jan 07 13:20:00 ====================共1个京东账号Cookie=========
Jan 07 13:20:00 
Jan 07 13:20:00 ==================脚本执行- 北京时间(UTC+8)：2022/1/7 下午1:20:00=====================
Jan 07 13:20:00 
Jan 07 13:20:00 
Jan 07 13:20:00 ******开始【京东账号1】jd_632e000b42ec6*********
Jan 07 13:20:00 
Jan 07 13:20:00 查询下次翻翻乐剩余时间失败：{"msg":"data does not exist","code":12,"success":false}
Jan 07 13:20:00 
Jan 07 13:20:00 
Jan 07 13:20:00 🔔省钱大赢家之翻翻乐, 结束! 🕛 0.371 秒
Jan 07 13:20:00 
Jan 07 14:20:00 
Jan 07 14:20:00 🔔省钱大赢家之翻翻乐, 开始!
Jan 07 14:20:00 
Jan 07 14:20:00 ====================共1个京东账号Cookie=========
Jan 07 14:20:00 
Jan 07 14:20:00 ==================脚本执行- 北京时间(UTC+8)：2022/1/7 下午2:20:00=====================
Jan 07 14:20:00 
Jan 07 14:20:00 
Jan 07 14:20:00 ******开始【京东账号1】jd_632e000b42ec6*********
Jan 07 14:20:00 
Jan 07 14:20:00 查询下次翻翻乐剩余时间失败：{"msg":"data does not exist","code":12,"success":false}
Jan 07 14:20:00 
Jan 07 14:20:00 
Jan 07 14:20:00 🔔省钱大赢家之翻翻乐, 结束! 🕛 0.313 秒
Jan 07 14:20:00 
Jan 07 15:20:00 
Jan 07 15:20:00 🔔省钱大赢家之翻翻乐, 开始!
Jan 07 15:20:00 
Jan 07 15:20:00 ====================共1个京东账号Cookie=========
Jan 07 15:20:00 
Jan 07 15:20:00 ==================脚本执行- 北京时间(UTC+8)：2022/1/7 下午3:20:00=====================
Jan 07 15:20:00 
Jan 07 15:20:00 
Jan 07 15:20:00 ******开始【京东账号1】jd_632e000b42ec6*********
Jan 07 15:20:00 
Jan 07 15:20:00 查询下次翻翻乐剩余时间失败：{"msg":"data does not exist","code":12,"success":false}
Jan 07 15:20:00 
Jan 07 15:20:00 
Jan 07 15:20:00 🔔省钱大赢家之翻翻乐, 结束! 🕛 0.331 秒
Jan 07 15:20:00 
Jan 07 16:20:00 
Jan 07 16:20:00 🔔省钱大赢家之翻翻乐, 开始!
Jan 07 16:20:00 
Jan 07 16:20:00 ====================共1个京东账号Cookie=========
Jan 07 16:20:00 
Jan 07 16:20:00 ==================脚本执行- 北京时间(UTC+8)：2022/1/7 下午4:20:00=====================
Jan 07 16:20:00 
Jan 07 16:20:00 
Jan 07 16:20:00 ******开始【京东账号1】jd_632e000b42ec6*********
Jan 07 16:20:00 
Jan 07 16:20:00 查询下次翻翻乐剩余时间失败：{"success":false,"code":1001,"errMsg":"限流","data":null}
Jan 07 16:20:00 
Jan 07 16:20:00 
Jan 07 16:20:00 🔔省钱大赢家之翻翻乐, 结束! 🕛 0.439 秒
Jan 07 16:20:00 
Jan 07 17:20:00 
Jan 07 17:20:00 🔔省钱大赢家之翻翻乐, 开始!
Jan 07 17:20:00 
Jan 07 17:20:00 ====================共1个京东账号Cookie=========
Jan 07 17:20:00 
Jan 07 17:20:00 ==================脚本执行- 北京时间(UTC+8)：2022/1/7 下午5:20:00=====================
Jan 07 17:20:00 
Jan 07 17:20:00 
Jan 07 17:20:00 ******开始【京东账号1】jd_632e000b42ec6*********
Jan 07 17:20:00 
Jan 07 17:20:00 查询下次翻翻乐剩余时间失败：{"msg":"data does not exist","code":12,"success":false}
Jan 07 17:20:00 
Jan 07 17:20:00 
Jan 07 17:20:00 🔔省钱大赢家之翻翻乐, 结束! 🕛 0.327 秒
Jan 07 17:20:00 
Jan 07 18:20:00 
Jan 07 18:20:00 🔔省钱大赢家之翻翻乐, 开始!
Jan 07 18:20:00 
Jan 07 18:20:00 ====================共1个京东账号Cookie=========
Jan 07 18:20:00 
Jan 07 18:20:00 ==================脚本执行- 北京时间(UTC+8)：2022/1/7 下午6:20:00=====================
Jan 07 18:20:00 
Jan 07 18:20:00 
Jan 07 18:20:00 ******开始【京东账号1】jd_632e000b42ec6*********
Jan 07 18:20:00 
Jan 07 18:20:00 查询下次翻翻乐剩余时间失败：{"msg":"data does not exist","code":12,"success":false}
Jan 07 18:20:00 
Jan 07 18:20:00 
Jan 07 18:20:00 🔔省钱大赢家之翻翻乐, 结束! 🕛 0.332 秒
Jan 07 18:20:00 
Jan 07 19:20:00 
Jan 07 19:20:00 🔔省钱大赢家之翻翻乐, 开始!
Jan 07 19:20:00 
Jan 07 19:20:00 ====================共1个京东账号Cookie=========
Jan 07 19:20:00 
Jan 07 19:20:00 ==================脚本执行- 北京时间(UTC+8)：2022/1/7 下午7:20:00=====================
Jan 07 19:20:00 
Jan 07 19:20:00 
Jan 07 19:20:00 ******开始【京东账号1】jd_632e000b42ec6*********
Jan 07 19:20:00 
Jan 07 19:20:01 查询下次翻翻乐剩余时间失败：{"success":false,"code":1001,"errMsg":"限流","data":null}
Jan 07 19:20:01 
Jan 07 19:20:01 
Jan 07 19:20:01 🔔省钱大赢家之翻翻乐, 结束! 🕛 0.816 秒
Jan 07 19:20:01 
Jan 07 20:20:00 
Jan 07 20:20:00 🔔省钱大赢家之翻翻乐, 开始!
Jan 07 20:20:00 
Jan 07 20:20:00 ====================共1个京东账号Cookie=========
Jan 07 20:20:00 
Jan 07 20:20:00 ==================脚本执行- 北京时间(UTC+8)：2022/1/7 下午8:20:00=====================
Jan 07 20:20:00 
Jan 07 20:20:00 
Jan 07 20:20:00 ******开始【京东账号1】jd_632e000b42ec6*********
Jan 07 20:20:00 
Jan 07 20:20:01 查询下次翻翻乐剩余时间失败：{"msg":"data does not exist","code":12,"success":false}
Jan 07 20:20:01 
Jan 07 20:20:01 
Jan 07 20:20:01 🔔省钱大赢家之翻翻乐, 结束! 🕛 0.352 秒
Jan 07 20:20:01 
Jan 07 21:20:00 
Jan 07 21:20:00 🔔省钱大赢家之翻翻乐, 开始!
Jan 07 21:20:00 
Jan 07 21:20:00 ====================共1个京东账号Cookie=========
Jan 07 21:20:00 
Jan 07 21:20:00 ==================脚本执行- 北京时间(UTC+8)：2022/1/7 下午9:20:00=====================
Jan 07 21:20:00 
Jan 07 21:20:00 
Jan 07 21:20:00 ******开始【京东账号1】jd_632e000b42ec6*********
Jan 07 21:20:00 
Jan 07 21:20:01 查询下次翻翻乐剩余时间失败：{"msg":"data does not exist","code":12,"success":false}
Jan 07 21:20:01 
Jan 07 21:20:01 
Jan 07 21:20:01 🔔省钱大赢家之翻翻乐, 结束! 🕛 0.441 秒
Jan 07 21:20:01 
Jan 07 22:20:01 
Jan 07 22:20:01 🔔省钱大赢家之翻翻乐, 开始!
Jan 07 22:20:01 
Jan 07 22:20:01 ====================共1个京东账号Cookie=========
Jan 07 22:20:01 
Jan 07 22:20:01 ==================脚本执行- 北京时间(UTC+8)：2022/1/7 下午10:20:01=====================
Jan 07 22:20:01 
Jan 07 22:20:01 
Jan 07 22:20:01 ******开始【京东账号1】jd_632e000b42ec6*********
Jan 07 22:20:01 
Jan 07 22:20:02 查询下次翻翻乐剩余时间失败：{"success":false,"code":1001,"errMsg":"限流","data":null}
Jan 07 22:20:02 
Jan 07 22:20:02 
Jan 07 22:20:02 🔔省钱大赢家之翻翻乐, 结束! 🕛 1.617 秒
Jan 07 22:20:02 
Jan 07 23:20:00 
Jan 07 23:20:00 🔔省钱大赢家之翻翻乐, 开始!
Jan 07 23:20:00 
Jan 07 23:20:00 ====================共1个京东账号Cookie=========
Jan 07 23:20:00 
Jan 07 23:20:00 ==================脚本执行- 北京时间(UTC+8)：2022/1/7 下午11:20:00=====================
Jan 07 23:20:00 
Jan 07 23:20:00 
Jan 07 23:20:00 ******开始【京东账号1】jd_632e000b42ec6*********
Jan 07 23:20:00 
Jan 07 23:20:01 查询下次翻翻乐剩余时间失败：{"msg":"data does not exist","code":12,"success":false}
Jan 07 23:20:01 
Jan 07 23:20:01 
Jan 07 23:20:01 🔔省钱大赢家之翻翻乐, 结束! 🕛 0.522 秒
Jan 07 23:20:01 
Jan 08 00:20:01 
Jan 08 00:20:01 🔔省钱大赢家之翻翻乐, 开始!
Jan 08 00:20:01 
Jan 08 00:20:01 ====================共1个京东账号Cookie=========
Jan 08 00:20:01 
Jan 08 00:20:02 ==================脚本执行- 北京时间(UTC+8)：2022/1/8 上午12:20:01=====================
Jan 08 00:20:02 
Jan 08 00:20:02 
Jan 08 00:20:02 ******开始【京东账号1】jd_632e000b42ec6*********
Jan 08 00:20:02 
Jan 08 00:20:04 查询下次翻翻乐剩余时间失败：{"success":false,"code":1001,"errMsg":"限流","data":null}
Jan 08 00:20:04 
Jan 08 00:20:04 
Jan 08 00:20:04 🔔省钱大赢家之翻翻乐, 结束! 🕛 2.528 秒
Jan 08 00:20:04 
Jan 08 01:20:01 
Jan 08 01:20:01 🔔省钱大赢家之翻翻乐, 开始!
Jan 08 01:20:01 
Jan 08 01:20:01 ====================共1个京东账号Cookie=========
Jan 08 01:20:01 
Jan 08 01:20:01 ==================脚本执行- 北京时间(UTC+8)：2022/1/8 上午1:20:01=====================
Jan 08 01:20:01 
Jan 08 01:20:01 
Jan 08 01:20:01 ******开始【京东账号1】jd_632e000b42ec6*********
Jan 08 01:20:01 
Jan 08 01:20:01 查询下次翻翻乐剩余时间失败：{"success":false,"code":1001,"errMsg":"限流","data":null}
Jan 08 01:20:01 
Jan 08 01:20:01 
Jan 08 01:20:01 🔔省钱大赢家之翻翻乐, 结束! 🕛 0.527 秒
Jan 08 01:20:01 
Jan 08 02:20:01 
Jan 08 02:20:01 🔔省钱大赢家之翻翻乐, 开始!
Jan 08 02:20:01 
Jan 08 02:20:01 ====================共1个京东账号Cookie=========
Jan 08 02:20:01 
Jan 08 02:20:01 ==================脚本执行- 北京时间(UTC+8)：2022/1/8 上午2:20:01=====================
Jan 08 02:20:01 
Jan 08 02:20:01 
Jan 08 02:20:01 ******开始【京东账号1】jd_632e000b42ec6*********
Jan 08 02:20:01 
Jan 08 02:20:02 查询下次翻翻乐剩余时间失败：{"success":false,"code":1001,"errMsg":"限流","data":null}
Jan 08 02:20:02 
Jan 08 02:20:02 
Jan 08 02:20:02 🔔省钱大赢家之翻翻乐, 结束! 🕛 1.113 秒
Jan 08 02:20:02 
Jan 08 03:20:01 
Jan 08 03:20:01 🔔省钱大赢家之翻翻乐, 开始!
Jan 08 03:20:01 
Jan 08 03:20:01 ====================共1个京东账号Cookie=========
Jan 08 03:20:01 
Jan 08 03:20:01 ==================脚本执行- 北京时间(UTC+8)：2022/1/8 上午3:20:01=====================
Jan 08 03:20:01 
Jan 08 03:20:01 
Jan 08 03:20:01 ******开始【京东账号1】jd_632e000b42ec6*********
Jan 08 03:20:01 
Jan 08 03:20:01 查询下次翻翻乐剩余时间失败：{"success":false,"code":1001,"errMsg":"限流","data":null}
Jan 08 03:20:01 
Jan 08 03:20:01 
Jan 08 03:20:01 🔔省钱大赢家之翻翻乐, 结束! 🕛 0.502 秒
Jan 08 03:20:01 
Jan 08 04:20:00 
Jan 08 04:20:00 🔔省钱大赢家之翻翻乐, 开始!
Jan 08 04:20:00 
Jan 08 04:20:00 ====================共1个京东账号Cookie=========
Jan 08 04:20:00 
Jan 08 04:20:00 ==================脚本执行- 北京时间(UTC+8)：2022/1/8 上午4:20:00=====================
Jan 08 04:20:00 
Jan 08 04:20:00 
Jan 08 04:20:00 ******开始【京东账号1】jd_632e000b42ec6*********
Jan 08 04:20:00 
Jan 08 04:20:00 查询下次翻翻乐剩余时间失败：{"msg":"data does not exist","code":12,"success":false}
Jan 08 04:20:00 
Jan 08 04:20:00 
Jan 08 04:20:00 🔔省钱大赢家之翻翻乐, 结束! 🕛 0.492 秒
Jan 08 04:20:00 
Jan 08 05:20:00 
Jan 08 05:20:00 🔔省钱大赢家之翻翻乐, 开始!
Jan 08 05:20:00 
Jan 08 05:20:00 ====================共1个京东账号Cookie=========
Jan 08 05:20:00 
Jan 08 05:20:00 ==================脚本执行- 北京时间(UTC+8)：2022/1/8 上午5:20:00=====================
Jan 08 05:20:00 
Jan 08 05:20:00 
Jan 08 05:20:00 ******开始【京东账号1】jd_632e000b42ec6*********
Jan 08 05:20:00 
Jan 08 05:20:00 查询下次翻翻乐剩余时间失败：{"msg":"data does not exist","code":12,"success":false}
Jan 08 05:20:00 
Jan 08 05:20:00 
Jan 08 05:20:00 🔔省钱大赢家之翻翻乐, 结束! 🕛 0.474 秒
Jan 08 05:20:00 
Jan 08 06:20:00 
Jan 08 06:20:00 🔔省钱大赢家之翻翻乐, 开始!
Jan 08 06:20:00 
Jan 08 06:20:00 ====================共1个京东账号Cookie=========
Jan 08 06:20:00 
Jan 08 06:20:00 ==================脚本执行- 北京时间(UTC+8)：2022/1/8 上午6:20:00=====================
Jan 08 06:20:00 
Jan 08 06:20:00 
Jan 08 06:20:00 ******开始【京东账号1】jd_632e000b42ec6*********
Jan 08 06:20:00 
Jan 08 06:20:01 查询下次翻翻乐剩余时间失败：{"success":false,"code":1001,"errMsg":"限流","data":null}
Jan 08 06:20:01 
Jan 08 06:20:01 
Jan 08 06:20:01 🔔省钱大赢家之翻翻乐, 结束! 🕛 1.243 秒
Jan 08 06:20:01 
Jan 08 07:20:00 
Jan 08 07:20:00 🔔省钱大赢家之翻翻乐, 开始!
Jan 08 07:20:00 
Jan 08 07:20:00 ====================共1个京东账号Cookie=========
Jan 08 07:20:00 
Jan 08 07:20:00 ==================脚本执行- 北京时间(UTC+8)：2022/1/8 上午7:20:00=====================
Jan 08 07:20:00 
Jan 08 07:20:00 
Jan 08 07:20:00 ******开始【京东账号1】jd_632e000b42ec6*********
Jan 08 07:20:00 
Jan 08 07:20:00 查询下次翻翻乐剩余时间失败：{"msg":"data does not exist","code":12,"success":false}
Jan 08 07:20:00 
Jan 08 07:20:00 
Jan 08 07:20:00 🔔省钱大赢家之翻翻乐, 结束! 🕛 0.476 秒
Jan 08 07:20:00 
Jan 08 08:20:00 
Jan 08 08:20:00 🔔省钱大赢家之翻翻乐, 开始!
Jan 08 08:20:00 
Jan 08 08:20:00 ====================共1个京东账号Cookie=========
Jan 08 08:20:00 
Jan 08 08:20:00 ==================脚本执行- 北京时间(UTC+8)：2022/1/8 上午8:20:00=====================
Jan 08 08:20:00 
Jan 08 08:20:00 
Jan 08 08:20:00 ******开始【京东账号1】jd_632e000b42ec6*********
Jan 08 08:20:00 
Jan 08 08:20:00 查询下次翻翻乐剩余时间失败：{"msg":"data does not exist","code":12,"success":false}
Jan 08 08:20:00 
Jan 08 08:20:00 
Jan 08 08:20:00 🔔省钱大赢家之翻翻乐, 结束! 🕛 0.49 秒
Jan 08 08:20:00 
Jan 08 09:20:00 
Jan 08 09:20:00 🔔省钱大赢家之翻翻乐, 开始!
Jan 08 09:20:00 
Jan 08 09:20:00 ====================共1个京东账号Cookie=========
Jan 08 09:20:00 
Jan 08 09:20:00 ==================脚本执行- 北京时间(UTC+8)：2022/1/8 上午9:20:00=====================
Jan 08 09:20:00 
Jan 08 09:20:00 
Jan 08 09:20:00 ******开始【京东账号1】jd_632e000b42ec6*********
Jan 08 09:20:00 
Jan 08 09:20:00 查询下次翻翻乐剩余时间失败：{"msg":"data does not exist","code":12,"success":false}
Jan 08 09:20:00 
Jan 08 09:20:00 
Jan 08 09:20:00 🔔省钱大赢家之翻翻乐, 结束! 🕛 0.471 秒
Jan 08 09:20:00 
Jan 08 10:20:01 
Jan 08 10:20:01 🔔省钱大赢家之翻翻乐, 开始!
Jan 08 10:20:01 
Jan 08 10:20:01 ====================共1个京东账号Cookie=========
Jan 08 10:20:01 
Jan 08 10:20:01 ==================脚本执行- 北京时间(UTC+8)：2022/1/8 上午10:20:01=====================
Jan 08 10:20:01 
Jan 08 10:20:01 
Jan 08 10:20:01 ******开始【京东账号1】jd_632e000b42ec6*********
Jan 08 10:20:01 
Jan 08 10:20:02 查询下次翻翻乐剩余时间失败：{"msg":"data does not exist","code":12,"success":false}
Jan 08 10:20:02 
Jan 08 10:20:02 
Jan 08 10:20:02 🔔省钱大赢家之翻翻乐, 结束! 🕛 1.285 秒
Jan 08 10:20:02 
Jan 08 11:20:00 
Jan 08 11:20:00 🔔省钱大赢家之翻翻乐, 开始!
Jan 08 11:20:00 
Jan 08 11:20:00 ====================共1个京东账号Cookie=========
Jan 08 11:20:00 
Jan 08 11:20:00 ==================脚本执行- 北京时间(UTC+8)：2022/1/8 上午11:20:00=====================
Jan 08 11:20:00 
Jan 08 11:20:00 
Jan 08 11:20:00 ******开始【京东账号1】jd_632e000b42ec6*********
Jan 08 11:20:00 
Jan 08 11:20:01 查询下次翻翻乐剩余时间失败：{"success":false,"code":1001,"errMsg":"限流","data":null}
Jan 08 11:20:01 
Jan 08 11:20:01 
Jan 08 11:20:01 🔔省钱大赢家之翻翻乐, 结束! 🕛 0.555 秒
Jan 08 11:20:01 
Jan 08 12:20:00 
Jan 08 12:20:00 🔔省钱大赢家之翻翻乐, 开始!
Jan 08 12:20:00 
Jan 08 12:20:00 ====================共1个京东账号Cookie=========
Jan 08 12:20:00 
Jan 08 12:20:00 ==================脚本执行- 北京时间(UTC+8)：2022/1/8 下午12:20:00=====================
Jan 08 12:20:00 
Jan 08 12:20:00 
Jan 08 12:20:00 ******开始【京东账号1】jd_632e000b42ec6*********
Jan 08 12:20:00 
Jan 08 12:20:01 查询下次翻翻乐剩余时间失败：{"success":false,"code":1001,"errMsg":"限流","data":null}
Jan 08 12:20:01 
Jan 08 12:20:01 
Jan 08 12:20:01 🔔省钱大赢家之翻翻乐, 结束! 🕛 0.574 秒
Jan 08 12:20:01 
Jan 08 13:20:00 
Jan 08 13:20:00 🔔省钱大赢家之翻翻乐, 开始!
Jan 08 13:20:00 
Jan 08 13:20:00 ====================共1个京东账号Cookie=========
Jan 08 13:20:00 
Jan 08 13:20:01 ==================脚本执行- 北京时间(UTC+8)：2022/1/8 下午1:20:00=====================
Jan 08 13:20:01 
Jan 08 13:20:01 
Jan 08 13:20:01 ******开始【京东账号1】jd_632e000b42ec6*********
Jan 08 13:20:01 
Jan 08 13:20:01 查询下次翻翻乐剩余时间失败：{"success":false,"code":1001,"errMsg":"限流","data":null}
Jan 08 13:20:01 
Jan 08 13:20:01 
Jan 08 13:20:01 🔔省钱大赢家之翻翻乐, 结束! 🕛 0.549 秒
Jan 08 13:20:01 
Jan 08 14:20:00 
Jan 08 14:20:00 🔔省钱大赢家之翻翻乐, 开始!
Jan 08 14:20:00 
Jan 08 14:20:00 ====================共1个京东账号Cookie=========
Jan 08 14:20:00 
Jan 08 14:20:01 ==================脚本执行- 北京时间(UTC+8)：2022/1/8 下午2:20:00=====================
Jan 08 14:20:01 
Jan 08 14:20:01 
Jan 08 14:20:01 ******开始【京东账号1】jd_632e000b42ec6*********
Jan 08 14:20:01 
Jan 08 14:20:01 查询下次翻翻乐剩余时间失败：{"success":false,"code":1001,"errMsg":"限流","data":null}
Jan 08 14:20:01 
Jan 08 14:20:01 
Jan 08 14:20:01 🔔省钱大赢家之翻翻乐, 结束! 🕛 0.506 秒
Jan 08 14:20:01 
Jan 08 15:20:00 
Jan 08 15:20:00 🔔省钱大赢家之翻翻乐, 开始!
Jan 08 15:20:00 
Jan 08 15:20:00 ====================共1个京东账号Cookie=========
Jan 08 15:20:00 
Jan 08 15:20:01 ==================脚本执行- 北京时间(UTC+8)：2022/1/8 下午3:20:00=====================
Jan 08 15:20:01 
Jan 08 15:20:01 
Jan 08 15:20:01 ******开始【京东账号1】jd_632e000b42ec6*********
Jan 08 15:20:01 
Jan 08 15:20:01 查询下次翻翻乐剩余时间失败：{"success":false,"code":1001,"errMsg":"限流","data":null}
Jan 08 15:20:01 
Jan 08 15:20:01 
Jan 08 15:20:01 🔔省钱大赢家之翻翻乐, 结束! 🕛 0.462 秒
Jan 08 15:20:01 
Jan 08 16:20:01 
Jan 08 16:20:01 🔔省钱大赢家之翻翻乐, 开始!
Jan 08 16:20:01 
Jan 08 16:20:01 ====================共1个京东账号Cookie=========
Jan 08 16:20:01 
Jan 08 16:20:01 ==================脚本执行- 北京时间(UTC+8)：2022/1/8 下午4:20:01=====================
Jan 08 16:20:01 
Jan 08 16:20:01 
Jan 08 16:20:01 ******开始【京东账号1】jd_632e000b42ec6*********
Jan 08 16:20:01 
Jan 08 16:20:01 查询下次翻翻乐剩余时间失败：{"success":false,"code":1001,"errMsg":"限流","data":null}
Jan 08 16:20:01 
Jan 08 16:20:01 
Jan 08 16:20:01 🔔省钱大赢家之翻翻乐, 结束! 🕛 0.538 秒
Jan 08 16:20:01 
Jan 08 17:20:01 
Jan 08 17:20:01 🔔省钱大赢家之翻翻乐, 开始!
Jan 08 17:20:01 
Jan 08 17:20:01 ====================共1个京东账号Cookie=========
Jan 08 17:20:01 
Jan 08 17:20:01 ==================脚本执行- 北京时间(UTC+8)：2022/1/8 下午5:20:01=====================
Jan 08 17:20:01 
Jan 08 17:20:01 
Jan 08 17:20:01 ******开始【京东账号1】jd_632e000b42ec6*********
Jan 08 17:20:01 
Jan 08 17:20:01 查询下次翻翻乐剩余时间失败：{"success":false,"code":1001,"errMsg":"限流","data":null}
Jan 08 17:20:01 
Jan 08 17:20:01 
Jan 08 17:20:01 🔔省钱大赢家之翻翻乐, 结束! 🕛 0.476 秒
Jan 08 17:20:01 
Jan 08 18:20:00 
Jan 08 18:20:00 🔔省钱大赢家之翻翻乐, 开始!
Jan 08 18:20:00 
Jan 08 18:20:00 ====================共1个京东账号Cookie=========
Jan 08 18:20:00 
Jan 08 18:20:00 ==================脚本执行- 北京时间(UTC+8)：2022/1/8 下午6:20:00=====================
Jan 08 18:20:00 
Jan 08 18:20:00 
Jan 08 18:20:00 ******开始【京东账号1】jd_632e000b42ec6*********
Jan 08 18:20:00 
Jan 08 18:20:00 查询下次翻翻乐剩余时间失败：{"msg":"data does not exist","code":12,"success":false}
Jan 08 18:20:00 
Jan 08 18:20:00 
Jan 08 18:20:00 🔔省钱大赢家之翻翻乐, 结束! 🕛 0.471 秒
Jan 08 18:20:00 
Jan 08 19:20:00 
Jan 08 19:20:00 🔔省钱大赢家之翻翻乐, 开始!
Jan 08 19:20:00 
Jan 08 19:20:00 ====================共1个京东账号Cookie=========
Jan 08 19:20:00 
Jan 08 19:20:00 ==================脚本执行- 北京时间(UTC+8)：2022/1/8 下午7:20:00=====================
Jan 08 19:20:00 
Jan 08 19:20:00 
Jan 08 19:20:00 ******开始【京东账号1】jd_632e000b42ec6*********
Jan 08 19:20:00 
Jan 08 19:20:00 查询下次翻翻乐剩余时间失败：{"msg":"data does not exist","code":12,"success":false}
Jan 08 19:20:00 
Jan 08 19:20:00 
Jan 08 19:20:00 🔔省钱大赢家之翻翻乐, 结束! 🕛 0.493 秒
Jan 08 19:20:00 
Jan 08 20:20:00 
Jan 08 20:20:00 🔔省钱大赢家之翻翻乐, 开始!
Jan 08 20:20:00 
Jan 08 20:20:00 ====================共1个京东账号Cookie=========
Jan 08 20:20:00 
Jan 08 20:20:00 ==================脚本执行- 北京时间(UTC+8)：2022/1/8 下午8:20:00=====================
Jan 08 20:20:00 
Jan 08 20:20:00 
Jan 08 20:20:00 ******开始【京东账号1】jd_632e000b42ec6*********
Jan 08 20:20:00 
Jan 08 20:20:00 查询下次翻翻乐剩余时间失败：{"msg":"data does not exist","code":12,"success":false}
Jan 08 20:20:00 
Jan 08 20:20:00 
Jan 08 20:20:00 🔔省钱大赢家之翻翻乐, 结束! 🕛 0.493 秒
Jan 08 20:20:00 
Jan 08 21:20:00 
Jan 08 21:20:00 🔔省钱大赢家之翻翻乐, 开始!
Jan 08 21:20:00 
Jan 08 21:20:00 ====================共1个京东账号Cookie=========
Jan 08 21:20:00 
Jan 08 21:20:00 ==================脚本执行- 北京时间(UTC+8)：2022/1/8 下午9:20:00=====================
Jan 08 21:20:00 
Jan 08 21:20:00 
Jan 08 21:20:00 ******开始【京东账号1】jd_632e000b42ec6*********
Jan 08 21:20:00 
Jan 08 21:20:00 查询下次翻翻乐剩余时间失败：{"msg":"data does not exist","code":12,"success":false}
Jan 08 21:20:00 
Jan 08 21:20:00 
Jan 08 21:20:00 🔔省钱大赢家之翻翻乐, 结束! 🕛 0.476 秒
Jan 08 21:20:00 
Jan 08 22:20:00 
Jan 08 22:20:00 🔔省钱大赢家之翻翻乐, 开始!
Jan 08 22:20:00 
Jan 08 22:20:00 ====================共1个京东账号Cookie=========
Jan 08 22:20:00 
Jan 08 22:20:01 ==================脚本执行- 北京时间(UTC+8)：2022/1/8 下午10:20:00=====================
Jan 08 22:20:01 
Jan 08 22:20:01 
Jan 08 22:20:01 ******开始【京东账号1】jd_632e000b42ec6*********
Jan 08 22:20:01 
Jan 08 22:20:02 查询下次翻翻乐剩余时间失败：{"success":false,"code":1001,"errMsg":"限流","data":null}
Jan 08 22:20:02 
Jan 08 22:20:02 
Jan 08 22:20:02 🔔省钱大赢家之翻翻乐, 结束! 🕛 1.601 秒
Jan 08 22:20:02 
Jan 08 23:20:00 
Jan 08 23:20:00 🔔省钱大赢家之翻翻乐, 开始!
Jan 08 23:20:00 
Jan 08 23:20:00 ====================共1个京东账号Cookie=========
Jan 08 23:20:00 
Jan 08 23:20:00 ==================脚本执行- 北京时间(UTC+8)：2022/1/8 下午11:20:00=====================
Jan 08 23:20:00 
Jan 08 23:20:00 
Jan 08 23:20:00 ******开始【京东账号1】jd_632e000b42ec6*********
Jan 08 23:20:00 
Jan 08 23:20:00 查询下次翻翻乐剩余时间失败：{"msg":"data does not exist","code":12,"success":false}
Jan 08 23:20:00 
Jan 08 23:20:00 
Jan 08 23:20:00 🔔省钱大赢家之翻翻乐, 结束! 🕛 0.453 秒
Jan 08 23:20:00 
Jan 09 00:20:01 
Jan 09 00:20:01 🔔省钱大赢家之翻翻乐, 开始!
Jan 09 00:20:01 
Jan 09 00:20:01 ====================共1个京东账号Cookie=========
Jan 09 00:20:01 
Jan 09 00:20:02 ==================脚本执行- 北京时间(UTC+8)：2022/1/9 上午12:20:01=====================
Jan 09 00:20:02 
Jan 09 00:20:02 
Jan 09 00:20:02 ******开始【京东账号1】jd_632e000b42ec6*********
Jan 09 00:20:02 
Jan 09 00:20:03 查询下次翻翻乐剩余时间失败：{"success":false,"code":1001,"errMsg":"限流","data":null}
Jan 09 00:20:03 
Jan 09 00:20:03 
Jan 09 00:20:03 🔔省钱大赢家之翻翻乐, 结束! 🕛 2.175 秒
Jan 09 00:20:03 
Jan 09 01:20:00 
Jan 09 01:20:00 🔔省钱大赢家之翻翻乐, 开始!
Jan 09 01:20:00 
Jan 09 01:20:00 ====================共1个京东账号Cookie=========
Jan 09 01:20:00 
Jan 09 01:20:00 ==================脚本执行- 北京时间(UTC+8)：2022/1/9 上午1:20:00=====================
Jan 09 01:20:00 
Jan 09 01:20:00 
Jan 09 01:20:00 ******开始【京东账号1】jd_632e000b42ec6*********
Jan 09 01:20:00 
Jan 09 01:20:01 查询下次翻翻乐剩余时间失败：{"msg":"data does not exist","code":12,"success":false}
Jan 09 01:20:01 
Jan 09 01:20:01 
Jan 09 01:20:01 🔔省钱大赢家之翻翻乐, 结束! 🕛 0.475 秒
Jan 09 01:20:01 
Jan 09 02:20:01 
Jan 09 02:20:01 🔔省钱大赢家之翻翻乐, 开始!
Jan 09 02:20:01 
Jan 09 02:20:01 ====================共1个京东账号Cookie=========
Jan 09 02:20:01 
Jan 09 02:20:01 ==================脚本执行- 北京时间(UTC+8)：2022/1/9 上午2:20:01=====================
Jan 09 02:20:01 
Jan 09 02:20:01 
Jan 09 02:20:01 ******开始【京东账号1】jd_632e000b42ec6*********
Jan 09 02:20:01 
Jan 09 02:20:02 查询下次翻翻乐剩余时间失败：{"success":false,"code":1001,"errMsg":"限流","data":null}
Jan 09 02:20:02 
Jan 09 02:20:02 
Jan 09 02:20:02 🔔省钱大赢家之翻翻乐, 结束! 🕛 1.152 秒
Jan 09 02:20:02 
Jan 09 03:20:00 
Jan 09 03:20:00 🔔省钱大赢家之翻翻乐, 开始!
Jan 09 03:20:00 
Jan 09 03:20:00 ====================共1个京东账号Cookie=========
Jan 09 03:20:00 
Jan 09 03:20:00 ==================脚本执行- 北京时间(UTC+8)：2022/1/9 上午3:20:00=====================
Jan 09 03:20:00 
Jan 09 03:20:00 
Jan 09 03:20:00 ******开始【京东账号1】jd_632e000b42ec6*********
Jan 09 03:20:00 
Jan 09 03:20:01 查询下次翻翻乐剩余时间失败：{"success":false,"code":1001,"errMsg":"限流","data":null}
Jan 09 03:20:01 
Jan 09 03:20:01 
Jan 09 03:20:01 🔔省钱大赢家之翻翻乐, 结束! 🕛 0.51 秒
Jan 09 03:20:01 
Jan 09 04:20:01 
Jan 09 04:20:01 🔔省钱大赢家之翻翻乐, 开始!
Jan 09 04:20:01 
Jan 09 04:20:01 ====================共1个京东账号Cookie=========
Jan 09 04:20:01 
Jan 09 04:20:01 ==================脚本执行- 北京时间(UTC+8)：2022/1/9 上午4:20:01=====================
Jan 09 04:20:01 
Jan 09 04:20:01 
Jan 09 04:20:01 ******开始【京东账号1】jd_632e000b42ec6*********
Jan 09 04:20:01 
Jan 09 04:20:01 查询下次翻翻乐剩余时间失败：{"success":false,"code":1001,"errMsg":"限流","data":null}
Jan 09 04:20:01 
Jan 09 04:20:01 
Jan 09 04:20:01 🔔省钱大赢家之翻翻乐, 结束! 🕛 0.526 秒
Jan 09 04:20:01 
Jan 09 05:20:01 
Jan 09 05:20:01 🔔省钱大赢家之翻翻乐, 开始!
Jan 09 05:20:01 
Jan 09 05:20:01 ====================共1个京东账号Cookie=========
Jan 09 05:20:01 
Jan 09 05:20:01 ==================脚本执行- 北京时间(UTC+8)：2022/1/9 上午5:20:01=====================
Jan 09 05:20:01 
Jan 09 05:20:01 
Jan 09 05:20:01 ******开始【京东账号1】jd_632e000b42ec6*********
Jan 09 05:20:01 
Jan 09 05:20:01 查询下次翻翻乐剩余时间失败：{"success":false,"code":1001,"errMsg":"限流","data":null}
Jan 09 05:20:01 
Jan 09 05:20:01 
Jan 09 05:20:01 🔔省钱大赢家之翻翻乐, 结束! 🕛 0.481 秒
Jan 09 05:20:01 
Jan 09 06:20:01 
Jan 09 06:20:01 🔔省钱大赢家之翻翻乐, 开始!
Jan 09 06:20:01 
Jan 09 06:20:01 ====================共1个京东账号Cookie=========
Jan 09 06:20:01 
Jan 09 06:20:01 ==================脚本执行- 北京时间(UTC+8)：2022/1/9 上午6:20:01=====================
Jan 09 06:20:01 
Jan 09 06:20:01 
Jan 09 06:20:01 ******开始【京东账号1】jd_632e000b42ec6*********
Jan 09 06:20:01 
Jan 09 06:20:02 查询下次翻翻乐剩余时间失败：{"success":false,"code":1001,"errMsg":"限流","data":null}
Jan 09 06:20:02 
Jan 09 06:20:02 
Jan 09 06:20:02 🔔省钱大赢家之翻翻乐, 结束! 🕛 0.934 秒
Jan 09 06:20:02 
Jan 09 07:20:00 
Jan 09 07:20:00 🔔省钱大赢家之翻翻乐, 开始!
Jan 09 07:20:00 
Jan 09 07:20:00 ====================共1个京东账号Cookie=========
Jan 09 07:20:00 
Jan 09 07:20:00 ==================脚本执行- 北京时间(UTC+8)：2022/1/9 上午7:20:00=====================
Jan 09 07:20:00 
Jan 09 07:20:00 
Jan 09 07:20:00 ******开始【京东账号1】jd_632e000b42ec6*********
Jan 09 07:20:00 
Jan 09 07:20:00 查询下次翻翻乐剩余时间失败：{"msg":"data does not exist","code":12,"success":false}
Jan 09 07:20:00 
Jan 09 07:20:00 
Jan 09 07:20:00 🔔省钱大赢家之翻翻乐, 结束! 🕛 0.519 秒
Jan 09 07:20:00 
Jan 09 08:20:00 
Jan 09 08:20:00 🔔省钱大赢家之翻翻乐, 开始!
Jan 09 08:20:00 
Jan 09 08:20:00 ====================共1个京东账号Cookie=========
Jan 09 08:20:00 
Jan 09 08:20:00 ==================脚本执行- 北京时间(UTC+8)：2022/1/9 上午8:20:00=====================
Jan 09 08:20:00 
Jan 09 08:20:00 
Jan 09 08:20:00 ******开始【京东账号1】jd_632e000b42ec6*********
Jan 09 08:20:00 
Jan 09 08:20:00 查询下次翻翻乐剩余时间失败：{"msg":"data does not exist","code":12,"success":false}
Jan 09 08:20:00 
Jan 09 08:20:00 
Jan 09 08:20:00 🔔省钱大赢家之翻翻乐, 结束! 🕛 0.455 秒
Jan 09 08:20:00 
Jan 09 09:20:00 
Jan 09 09:20:00 🔔省钱大赢家之翻翻乐, 开始!
Jan 09 09:20:00 
Jan 09 09:20:00 ====================共1个京东账号Cookie=========
Jan 09 09:20:00 
Jan 09 09:20:00 ==================脚本执行- 北京时间(UTC+8)：2022/1/9 上午9:20:00=====================
Jan 09 09:20:00 
Jan 09 09:20:00 
Jan 09 09:20:00 ******开始【京东账号1】jd_632e000b42ec6*********
Jan 09 09:20:00 
Jan 09 09:20:00 查询下次翻翻乐剩余时间失败：{"msg":"data does not exist","code":12,"success":false}
Jan 09 09:20:00 
Jan 09 09:20:00 
Jan 09 09:20:00 🔔省钱大赢家之翻翻乐, 结束! 🕛 0.451 秒
Jan 09 09:20:00 
Jan 09 10:20:00 
Jan 09 10:20:00 🔔省钱大赢家之翻翻乐, 开始!
Jan 09 10:20:00 
Jan 09 10:20:00 ====================共1个京东账号Cookie=========
Jan 09 10:20:00 
Jan 09 10:20:00 ==================脚本执行- 北京时间(UTC+8)：2022/1/9 上午10:20:00=====================
Jan 09 10:20:00 
Jan 09 10:20:00 
Jan 09 10:20:00 ******开始【京东账号1】jd_632e000b42ec6*********
Jan 09 10:20:00 
Jan 09 10:20:01 查询下次翻翻乐剩余时间失败：{"success":false,"code":1001,"errMsg":"限流","data":null}
Jan 09 10:20:01 
Jan 09 10:20:01 
Jan 09 10:20:01 🔔省钱大赢家之翻翻乐, 结束! 🕛 1.331 秒
Jan 09 10:20:01 
Jan 09 11:20:00 
Jan 09 11:20:00 🔔省钱大赢家之翻翻乐, 开始!
Jan 09 11:20:00 
Jan 09 11:20:00 ====================共1个京东账号Cookie=========
Jan 09 11:20:00 
Jan 09 11:20:00 ==================脚本执行- 北京时间(UTC+8)：2022/1/9 上午11:20:00=====================
Jan 09 11:20:00 
Jan 09 11:20:00 
Jan 09 11:20:00 ******开始【京东账号1】jd_632e000b42ec6*********
Jan 09 11:20:00 
Jan 09 11:20:00 查询下次翻翻乐剩余时间失败：{"msg":"data does not exist","code":12,"success":false}
Jan 09 11:20:00 
Jan 09 11:20:00 
Jan 09 11:20:00 🔔省钱大赢家之翻翻乐, 结束! 🕛 0.508 秒
Jan 09 11:20:00 
Jan 09 12:20:00 
Jan 09 12:20:00 🔔省钱大赢家之翻翻乐, 开始!
Jan 09 12:20:00 
Jan 09 12:20:00 ====================共1个京东账号Cookie=========
Jan 09 12:20:00 
Jan 09 12:20:00 ==================脚本执行- 北京时间(UTC+8)：2022/1/9 下午12:20:00=====================
Jan 09 12:20:00 
Jan 09 12:20:00 
Jan 09 12:20:00 ******开始【京东账号1】jd_632e000b42ec6*********
Jan 09 12:20:00 
Jan 09 12:20:00 查询下次翻翻乐剩余时间失败：{"msg":"data does not exist","code":12,"success":false}
Jan 09 12:20:00 
Jan 09 12:20:00 
Jan 09 12:20:00 🔔省钱大赢家之翻翻乐, 结束! 🕛 0.513 秒
Jan 09 12:20:00 
Jan 09 13:20:00 
Jan 09 13:20:00 🔔省钱大赢家之翻翻乐, 开始!
Jan 09 13:20:00 
Jan 09 13:20:00 ====================共1个京东账号Cookie=========
Jan 09 13:20:00 
Jan 09 13:20:00 ==================脚本执行- 北京时间(UTC+8)：2022/1/9 下午1:20:00=====================
Jan 09 13:20:00 
Jan 09 13:20:00 
Jan 09 13:20:00 ******开始【京东账号1】jd_632e000b42ec6*********
Jan 09 13:20:00 
Jan 09 13:20:01 查询下次翻翻乐剩余时间失败：{"msg":"data does not exist","code":12,"success":false}
Jan 09 13:20:01 
Jan 09 13:20:01 
Jan 09 13:20:01 🔔省钱大赢家之翻翻乐, 结束! 🕛 0.567 秒
Jan 09 13:20:01 
Jan 09 14:20:00 
Jan 09 14:20:00 🔔省钱大赢家之翻翻乐, 开始!
Jan 09 14:20:00 
Jan 09 14:20:00 ====================共1个京东账号Cookie=========
Jan 09 14:20:00 
Jan 09 14:20:00 ==================脚本执行- 北京时间(UTC+8)：2022/1/9 下午2:20:00=====================
Jan 09 14:20:00 
Jan 09 14:20:00 
Jan 09 14:20:00 ******开始【京东账号1】jd_632e000b42ec6*********
Jan 09 14:20:00 
Jan 09 14:20:01 查询下次翻翻乐剩余时间失败：{"success":false,"code":1001,"errMsg":"限流","data":null}
Jan 09 14:20:01 
Jan 09 14:20:01 
Jan 09 14:20:01 🔔省钱大赢家之翻翻乐, 结束! 🕛 0.52 秒
Jan 09 14:20:01 
Jan 09 15:20:00 
Jan 09 15:20:00 🔔省钱大赢家之翻翻乐, 开始!
Jan 09 15:20:00 
Jan 09 15:20:00 ====================共1个京东账号Cookie=========
Jan 09 15:20:00 
Jan 09 15:20:00 ==================脚本执行- 北京时间(UTC+8)：2022/1/9 下午3:20:00=====================
Jan 09 15:20:00 
Jan 09 15:20:00 
Jan 09 15:20:00 ******开始【京东账号1】jd_632e000b42ec6*********
Jan 09 15:20:00 
Jan 09 15:20:01 查询下次翻翻乐剩余时间失败：{"msg":"data does not exist","code":12,"success":false}
Jan 09 15:20:01 
Jan 09 15:20:01 
Jan 09 15:20:01 🔔省钱大赢家之翻翻乐, 结束! 🕛 0.498 秒
Jan 09 15:20:01 
Jan 09 16:20:00 
Jan 09 16:20:00 🔔省钱大赢家之翻翻乐, 开始!
Jan 09 16:20:00 
Jan 09 16:20:00 ====================共1个京东账号Cookie=========
Jan 09 16:20:00 
Jan 09 16:20:00 ==================脚本执行- 北京时间(UTC+8)：2022/1/9 下午4:20:00=====================
Jan 09 16:20:00 
Jan 09 16:20:00 
Jan 09 16:20:00 ******开始【京东账号1】jd_632e000b42ec6*********
Jan 09 16:20:00 
Jan 09 16:20:01 查询下次翻翻乐剩余时间失败：{"success":false,"code":1001,"errMsg":"限流","data":null}
Jan 09 16:20:01 
Jan 09 16:20:01 
Jan 09 16:20:01 🔔省钱大赢家之翻翻乐, 结束! 🕛 0.552 秒
Jan 09 16:20:01 
Jan 09 17:20:00 
Jan 09 17:20:00 🔔省钱大赢家之翻翻乐, 开始!
Jan 09 17:20:00 
Jan 09 17:20:00 ====================共1个京东账号Cookie=========
Jan 09 17:20:00 
Jan 09 17:20:00 ==================脚本执行- 北京时间(UTC+8)：2022/1/9 下午5:20:00=====================
Jan 09 17:20:00 
Jan 09 17:20:00 
Jan 09 17:20:00 ******开始【京东账号1】jd_632e000b42ec6*********
Jan 09 17:20:00 
Jan 09 17:20:01 查询下次翻翻乐剩余时间失败：{"msg":"data does not exist","code":12,"success":false}
Jan 09 17:20:01 
Jan 09 17:20:01 
Jan 09 17:20:01 🔔省钱大赢家之翻翻乐, 结束! 🕛 0.489 秒
Jan 09 17:20:01 
Jan 09 18:20:00 
Jan 09 18:20:00 🔔省钱大赢家之翻翻乐, 开始!
Jan 09 18:20:00 
Jan 09 18:20:00 ====================共1个京东账号Cookie=========
Jan 09 18:20:00 
Jan 09 18:20:00 ==================脚本执行- 北京时间(UTC+8)：2022/1/9 下午6:20:00=====================
Jan 09 18:20:00 
Jan 09 18:20:00 
Jan 09 18:20:00 ******开始【京东账号1】jd_632e000b42ec6*********
Jan 09 18:20:00 
Jan 09 18:20:01 查询下次翻翻乐剩余时间失败：{"msg":"data does not exist","code":12,"success":false}
Jan 09 18:20:01 
Jan 09 18:20:01 
Jan 09 18:20:01 🔔省钱大赢家之翻翻乐, 结束! 🕛 0.494 秒
Jan 09 18:20:01 
Jan 09 19:20:01 
Jan 09 19:20:01 🔔省钱大赢家之翻翻乐, 开始!
Jan 09 19:20:01 
Jan 09 19:20:01 ====================共1个京东账号Cookie=========
Jan 09 19:20:01 
Jan 09 19:20:01 ==================脚本执行- 北京时间(UTC+8)：2022/1/9 下午7:20:01=====================
Jan 09 19:20:01 
Jan 09 19:20:01 
Jan 09 19:20:01 ******开始【京东账号1】jd_632e000b42ec6*********
Jan 09 19:20:01 
Jan 09 19:20:01 查询下次翻翻乐剩余时间失败：{"success":false,"code":1001,"errMsg":"限流","data":null}
Jan 09 19:20:01 
Jan 09 19:20:01 
Jan 09 19:20:01 🔔省钱大赢家之翻翻乐, 结束! 🕛 0.5 秒
Jan 09 19:20:01 
Jan 09 20:20:01 
Jan 09 20:20:01 🔔省钱大赢家之翻翻乐, 开始!
Jan 09 20:20:01 
Jan 09 20:20:01 ====================共1个京东账号Cookie=========
Jan 09 20:20:01 
Jan 09 20:20:01 ==================脚本执行- 北京时间(UTC+8)：2022/1/9 下午8:20:01=====================
Jan 09 20:20:01 
Jan 09 20:20:01 
Jan 09 20:20:01 ******开始【京东账号1】jd_632e000b42ec6*********
Jan 09 20:20:01 
Jan 09 20:20:01 查询下次翻翻乐剩余时间失败：{"success":false,"code":1001,"errMsg":"限流","data":null}
Jan 09 20:20:01 
Jan 09 20:20:01 
Jan 09 20:20:01 🔔省钱大赢家之翻翻乐, 结束! 🕛 0.496 秒
Jan 09 20:20:01 
Jan 09 21:20:00 
Jan 09 21:20:00 🔔省钱大赢家之翻翻乐, 开始!
Jan 09 21:20:00 
Jan 09 21:20:00 ====================共1个京东账号Cookie=========
Jan 09 21:20:00 
Jan 09 21:20:00 ==================脚本执行- 北京时间(UTC+8)：2022/1/9 下午9:20:00=====================
Jan 09 21:20:00 
Jan 09 21:20:00 
Jan 09 21:20:00 ******开始【京东账号1】jd_632e000b42ec6*********
Jan 09 21:20:00 
Jan 09 21:20:00 查询下次翻翻乐剩余时间失败：{"msg":"data does not exist","code":12,"success":false}
Jan 09 21:20:00 
Jan 09 21:20:00 
Jan 09 21:20:00 🔔省钱大赢家之翻翻乐, 结束! 🕛 0.431 秒
Jan 09 21:20:00 
