Jan 07 00:11:00 
Jan 07 00:11:00 🔔领券中心签到, 开始!
Jan 07 00:11:00 
Jan 07 00:11:00 ====================共1个京东账号Cookie=========
Jan 07 00:11:00 
Jan 07 00:11:01 ==================脚本执行- 北京时间(UTC+8)：2022/1/7 上午12:11:00=====================
Jan 07 00:11:01 
Jan 07 00:11:01 
Jan 07 00:11:01 ******开始【京东账号1】jd_632e000b42ec6*********
Jan 07 00:11:01 
Jan 07 00:11:15 签到失败：用户未登录
Jan 07 00:11:17 
Jan 07 00:11:17 🔔领券中心签到, 结束! 🕛 16.086 秒
Jan 07 00:11:17 
Jan 08 00:11:01 
Jan 08 00:11:01 🔔领券中心签到, 开始!
Jan 08 00:11:01 
Jan 08 00:11:01 ====================共1个京东账号Cookie=========
Jan 08 00:11:01 
Jan 08 00:11:01 ==================脚本执行- 北京时间(UTC+8)：2022/1/8 上午12:11:01=====================
Jan 08 00:11:01 
Jan 08 00:11:01 
Jan 08 00:11:01 ******开始【京东账号1】jd_632e000b42ec6*********
Jan 08 00:11:01 
Jan 08 00:11:14 签到失败：用户未登录
Jan 08 00:11:16 
Jan 08 00:11:16 🔔领券中心签到, 结束! 🕛 15.266 秒
Jan 08 00:11:16 
Jan 09 00:11:00 
Jan 09 00:11:00 🔔领券中心签到, 开始!
Jan 09 00:11:00 
Jan 09 00:11:00 ====================共1个京东账号Cookie=========
Jan 09 00:11:00 
Jan 09 00:11:00 ==================脚本执行- 北京时间(UTC+8)：2022/1/9 上午12:11:00=====================
Jan 09 00:11:00 
Jan 09 00:11:01 
Jan 09 00:11:01 ******开始【京东账号1】jd_632e000b42ec6*********
Jan 09 00:11:01 
Jan 09 00:11:17 签到失败：用户未登录
Jan 09 00:11:19 
Jan 09 00:11:19 🔔领券中心签到, 结束! 🕛 18.656 秒
Jan 09 00:11:19 
