Jan 07 00:00:02 
Jan 07 00:00:02 🔔京东汽车, 开始!
Jan 07 00:00:02 
Jan 07 00:00:02 ====================共1个京东账号Cookie=========
Jan 07 00:00:02 
Jan 07 00:00:03 ==================脚本执行- 北京时间(UTC+8)：2022/1/7 上午12:00:02=====================
Jan 07 00:00:03 
Jan 07 00:00:07 
Jan 07 00:00:07 ******开始【京东账号1】jd_632e000b42ec6*********
Jan 07 00:00:07 
Jan 07 00:00:17 未登录
Jan 07 00:00:33 未登录
Jan 07 00:00:55 "Response code 400 (Bad Request)"
Jan 07 00:00:55 京东汽车 API请求失败，请检查网路重试
Jan 07 00:01:28 未登录
Jan 07 00:01:28 
Jan 07 00:01:28 ==============📣系统通知📣==============
Jan 07 00:01:28 京东汽车
Jan 07 00:01:28 【京东账号1】jd_632e000b42ec6
Jan 07 00:01:28 签到失败，未登录
Jan 07 00:01:28 签到失败，未登录
Jan 07 00:01:28 
Jan 07 00:01:28 
Jan 07 00:01:28 🔔京东汽车, 结束! 🕛 86.226 秒
Jan 07 00:01:28 
Jan 08 00:00:02 
Jan 08 00:00:02 🔔京东汽车, 开始!
Jan 08 00:00:02 
Jan 08 00:00:02 ====================共1个京东账号Cookie=========
Jan 08 00:00:02 
Jan 08 00:00:03 ==================脚本执行- 北京时间(UTC+8)：2022/1/8 上午12:00:02=====================
Jan 08 00:00:03 
Jan 08 00:00:06 
Jan 08 00:00:06 ******开始【京东账号1】jd_632e000b42ec6*********
Jan 08 00:00:06 
Jan 08 00:00:20 未登录
Jan 08 00:00:34 未登录
Jan 08 00:00:54 "Response code 400 (Bad Request)"
Jan 08 00:00:54 京东汽车 API请求失败，请检查网路重试
Jan 08 00:01:21 未登录
Jan 08 00:01:21 
Jan 08 00:01:21 ==============📣系统通知📣==============
Jan 08 00:01:21 京东汽车
Jan 08 00:01:21 【京东账号1】jd_632e000b42ec6
Jan 08 00:01:21 签到失败，未登录
Jan 08 00:01:21 签到失败，未登录
Jan 08 00:01:21 
Jan 08 00:01:21 
Jan 08 00:01:21 🔔京东汽车, 结束! 🕛 79.019 秒
Jan 08 00:01:21 
Jan 09 00:00:02 
Jan 09 00:00:02 🔔京东汽车, 开始!
Jan 09 00:00:02 
Jan 09 00:00:02 ====================共1个京东账号Cookie=========
Jan 09 00:00:02 
Jan 09 00:00:02 ==================脚本执行- 北京时间(UTC+8)：2022/1/9 上午12:00:02=====================
Jan 09 00:00:02 
Jan 09 00:00:06 
Jan 09 00:00:06 ******开始【京东账号1】jd_632e000b42ec6*********
Jan 09 00:00:06 
Jan 09 00:00:20 未登录
Jan 09 00:00:34 未登录
Jan 09 00:01:00 "Response code 400 (Bad Request)"
Jan 09 00:01:00 京东汽车 API请求失败，请检查网路重试
Jan 09 00:01:28 未登录
Jan 09 00:01:28 
Jan 09 00:01:28 ==============📣系统通知📣==============
Jan 09 00:01:28 京东汽车
Jan 09 00:01:28 【京东账号1】jd_632e000b42ec6
Jan 09 00:01:28 签到失败，未登录
Jan 09 00:01:28 签到失败，未登录
Jan 09 00:01:28 
Jan 09 00:01:28 
Jan 09 00:01:28 🔔京东汽车, 结束! 🕛 86.379 秒
Jan 09 00:01:28 
