Jan 07 02:15:01 
Jan 07 02:15:01 🔔内容鉴赏官, 开始!
Jan 07 02:15:01 
Jan 07 02:15:01 ====================共1个京东账号Cookie=========
Jan 07 02:15:01 
Jan 07 02:15:01 ==================脚本执行- 北京时间(UTC+8)：2022/1/7 上午2:15:01=====================
Jan 07 02:15:01 
Jan 07 02:15:02 
Jan 07 02:15:02 ******开始【京东账号1】jd_632e000b42ec6*********
Jan 07 02:15:02 
Jan 07 02:15:02 去做【每日签到领京豆】
Jan 07 02:15:03 用户未登录
Jan 07 02:15:07 去做【看看喜欢的内容赢1京豆】
Jan 07 02:15:10 用户未登录
Jan 07 02:15:12 去做【PICK你喜欢的视频赢1个京豆】
Jan 07 02:15:13 用户未登录
Jan 07 02:15:15 用户未登录
Jan 07 02:15:17 用户未登录
Jan 07 02:15:19 用户未登录
Jan 07 02:15:21 用户未登录
Jan 07 02:15:23 用户未登录
Jan 07 02:15:25 用户未登录
Jan 07 02:15:28 用户未登录
Jan 07 02:15:30 去做【null】
Jan 07 02:15:30 用户未登录
Jan 07 02:15:34 去做【null】
Jan 07 02:15:39 
Jan 07 02:15:39 🔔内容鉴赏官, 结束! 🕛 38.541 秒
Jan 07 02:15:39 
Jan 07 05:15:01 
Jan 07 05:15:01 🔔内容鉴赏官, 开始!
Jan 07 05:15:01 
Jan 07 05:15:01 ====================共1个京东账号Cookie=========
Jan 07 05:15:01 
Jan 07 05:15:01 ==================脚本执行- 北京时间(UTC+8)：2022/1/7 上午5:15:01=====================
Jan 07 05:15:01 
Jan 07 05:15:03 
Jan 07 05:15:03 ******开始【京东账号1】jd_632e000b42ec6*********
Jan 07 05:15:03 
Jan 07 05:15:03 去做【每日签到领京豆】
Jan 07 05:15:03 用户未登录
Jan 07 05:15:07 去做【看看喜欢的内容赢1京豆】
Jan 07 05:15:10 用户未登录
Jan 07 05:15:12 去做【PICK你喜欢的视频赢1个京豆】
Jan 07 05:15:12 用户未登录
Jan 07 05:15:15 用户未登录
Jan 07 05:15:17 用户未登录
Jan 07 05:15:19 用户未登录
Jan 07 05:15:21 用户未登录
Jan 07 05:15:23 用户未登录
Jan 07 05:15:25 用户未登录
Jan 07 05:15:27 用户未登录
Jan 07 05:15:30 去做【null】
Jan 07 05:15:30 用户未登录
Jan 07 05:15:34 去做【null】
Jan 07 05:15:39 
Jan 07 05:15:39 🔔内容鉴赏官, 结束! 🕛 37.69 秒
Jan 07 05:15:39 
Jan 08 02:15:01 
Jan 08 02:15:01 🔔内容鉴赏官, 开始!
Jan 08 02:15:01 
Jan 08 02:15:01 ====================共1个京东账号Cookie=========
Jan 08 02:15:01 
Jan 08 02:15:01 ==================脚本执行- 北京时间(UTC+8)：2022/1/8 上午2:15:01=====================
Jan 08 02:15:01 
Jan 08 02:15:03 
Jan 08 02:15:03 ******开始【京东账号1】jd_632e000b42ec6*********
Jan 08 02:15:03 
Jan 08 02:15:03 去做【每日签到领京豆】
Jan 08 02:15:03 用户未登录
Jan 08 02:15:07 去做【看看喜欢的内容赢1京豆】
Jan 08 02:15:14 用户未登录
Jan 08 02:15:16 去做【PICK你喜欢的视频赢1个京豆】
Jan 08 02:15:17 用户未登录
Jan 08 02:15:19 用户未登录
Jan 08 02:15:21 用户未登录
Jan 08 02:15:23 用户未登录
Jan 08 02:15:25 用户未登录
Jan 08 02:15:27 用户未登录
Jan 08 02:15:29 用户未登录
Jan 08 02:15:32 用户未登录
Jan 08 02:15:34 去做【null】
Jan 08 02:15:34 用户未登录
Jan 08 02:15:38 去做【null】
Jan 08 02:15:43 
Jan 08 02:15:43 🔔内容鉴赏官, 结束! 🕛 42.3 秒
Jan 08 02:15:43 
Jan 08 05:15:00 
Jan 08 05:15:00 🔔内容鉴赏官, 开始!
Jan 08 05:15:00 
Jan 08 05:15:00 ====================共1个京东账号Cookie=========
Jan 08 05:15:00 
Jan 08 05:15:00 ==================脚本执行- 北京时间(UTC+8)：2022/1/8 上午5:15:00=====================
Jan 08 05:15:00 
Jan 08 05:15:01 
Jan 08 05:15:01 ******开始【京东账号1】jd_632e000b42ec6*********
Jan 08 05:15:01 
Jan 08 05:15:02 去做【每日签到领京豆】
Jan 08 05:15:02 用户未登录
Jan 08 05:15:06 去做【看看喜欢的内容赢1京豆】
Jan 08 05:15:09 用户未登录
Jan 08 05:15:11 去做【PICK你喜欢的视频赢1个京豆】
Jan 08 05:15:11 用户未登录
Jan 08 05:15:14 用户未登录
Jan 08 05:15:16 用户未登录
Jan 08 05:15:18 用户未登录
Jan 08 05:15:20 用户未登录
Jan 08 05:15:22 用户未登录
Jan 08 05:15:24 用户未登录
Jan 08 05:15:26 用户未登录
Jan 08 05:15:29 去做【null】
Jan 08 05:15:29 用户未登录
Jan 08 05:15:33 去做【null】
Jan 08 05:15:38 
Jan 08 05:15:38 🔔内容鉴赏官, 结束! 🕛 38.222 秒
Jan 08 05:15:38 
Jan 09 02:15:01 
Jan 09 02:15:01 🔔内容鉴赏官, 开始!
Jan 09 02:15:01 
Jan 09 02:15:01 ====================共1个京东账号Cookie=========
Jan 09 02:15:01 
Jan 09 02:15:01 ==================脚本执行- 北京时间(UTC+8)：2022/1/9 上午2:15:01=====================
Jan 09 02:15:01 
Jan 09 02:15:03 
Jan 09 02:15:03 ******开始【京东账号1】jd_632e000b42ec6*********
Jan 09 02:15:03 
Jan 09 02:15:03 去做【每日签到领京豆】
Jan 09 02:15:03 用户未登录
Jan 09 02:15:07 去做【看看喜欢的内容赢1京豆】
Jan 09 02:15:11 用户未登录
Jan 09 02:15:13 去做【PICK你喜欢的视频赢1个京豆】
Jan 09 02:15:13 用户未登录
Jan 09 02:15:15 用户未登录
Jan 09 02:15:17 用户未登录
Jan 09 02:15:20 用户未登录
Jan 09 02:15:22 用户未登录
Jan 09 02:15:24 用户未登录
Jan 09 02:15:26 用户未登录
Jan 09 02:15:28 用户未登录
Jan 09 02:15:30 去做【null】
Jan 09 02:15:31 用户未登录
Jan 09 02:15:35 去做【null】
Jan 09 02:15:40 
Jan 09 02:15:40 🔔内容鉴赏官, 结束! 🕛 39.158 秒
Jan 09 02:15:40 
Jan 09 05:15:01 
Jan 09 05:15:01 🔔内容鉴赏官, 开始!
Jan 09 05:15:01 
Jan 09 05:15:01 ====================共1个京东账号Cookie=========
Jan 09 05:15:01 
Jan 09 05:15:01 ==================脚本执行- 北京时间(UTC+8)：2022/1/9 上午5:15:01=====================
Jan 09 05:15:01 
Jan 09 05:15:03 
Jan 09 05:15:03 ******开始【京东账号1】jd_632e000b42ec6*********
Jan 09 05:15:03 
Jan 09 05:15:03 去做【每日签到领京豆】
Jan 09 05:15:03 用户未登录
Jan 09 05:15:07 去做【看看喜欢的内容赢1京豆】
Jan 09 05:15:12 用户未登录
Jan 09 05:15:14 去做【PICK你喜欢的视频赢1个京豆】
Jan 09 05:15:14 用户未登录
Jan 09 05:15:16 用户未登录
Jan 09 05:15:18 用户未登录
Jan 09 05:15:20 用户未登录
Jan 09 05:15:22 用户未登录
Jan 09 05:15:25 用户未登录
Jan 09 05:15:27 用户未登录
Jan 09 05:15:29 用户未登录
Jan 09 05:15:31 去做【null】
Jan 09 05:15:31 用户未登录
Jan 09 05:15:35 去做【null】
Jan 09 05:15:40 
Jan 09 05:15:40 🔔内容鉴赏官, 结束! 🕛 39.226 秒
Jan 09 05:15:40 
