Jan 07 00:06:01 
Jan 07 00:06:01 🔔摇京豆, 开始!
Jan 07 00:06:01 
Jan 07 00:06:01 ====================共1个京东账号Cookie=========
Jan 07 00:06:01 
Jan 07 00:06:02 ==================脚本执行- 北京时间(UTC+8)：2022/1/7 上午12:06:01=====================
Jan 07 00:06:02 
Jan 07 00:06:04 "Response code 403 (Forbidden)"
Jan 07 00:06:04 摇京豆 welcomeHome API请求失败，请检查网路重试
Jan 07 00:06:04 
Jan 07 00:06:04 ********开始【京东账号1】jd_632e000b42ec6*****
Jan 07 00:06:04 
Jan 07 00:06:04 {"code":"-1","echo":"503"}
Jan 07 00:06:05 开始 【京东会员】 摇奖
Jan 07 00:06:06 京东会员第undefined天已签到
Jan 07 00:06:06 2022.01.07嘉士伯集团超级摇一摇 当前共有积分：0，可抽奖：0次(最多4次摇奖机会)
Jan 07 00:06:06 
Jan 07 00:06:06 获取超级摇一摇任务异常：{"code":"0","data":{"success":false,"bizCode":"1001","bizMsg":"未登录","result":null}}
Jan 07 00:06:06 2022.01.07嘉士伯集团超级摇一摇 当前共有积分：0，可抽奖：0次(最多4次摇奖机会)
Jan 07 00:06:06 
Jan 07 00:06:06 
Jan 07 00:06:06 
Jan 07 00:06:06 京东APP首页超级摇一摇：目前暂无活动
Jan 07 00:06:06 
Jan 07 00:06:06 
Jan 07 00:06:07 
Jan 07 00:06:07 
Jan 07 00:06:07 【1.7福临门 brandActivityId】：7928f54b-d659-4591-87ec-704642316298
Jan 07 00:06:07 超级超级品牌日 getHomeData 失败： 未登录
Jan 07 00:06:07 【cmsTaskGroupId】：12335418
Jan 07 00:06:07 超级品牌日，做关注店铺 任务
Jan 07 00:06:07 超级品牌日活动做任务结果：{"code":300,"data":{"bizCode":300,"bizMsg":"您已退出登录\n请重新进入活动~","success":false},"msg":"您已退出登录\n请重新进入活动~"}
Jan 07 00:06:07 
Jan 07 00:06:07 超级品牌日，逛品牌会场 任务
Jan 07 00:06:07 超级品牌日活动做任务结果：{"code":300,"data":{"bizCode":300,"bizMsg":"您已退出登录\n请重新进入活动~","success":false},"msg":"您已退出登录\n请重新进入活动~"}
Jan 07 00:06:07 
Jan 07 00:06:07 超级品牌日，浏览下方指定商品 任务
Jan 07 00:06:07 超级品牌日活动做任务结果：{"code":300,"data":{"bizCode":300,"bizMsg":"您已退出登录\n请重新进入活动~","success":false},"msg":"您已退出登录\n请重新进入活动~"}
Jan 07 00:06:07 
Jan 07 00:06:08 超级品牌日活动做任务结果：{"code":300,"data":{"bizCode":300,"bizMsg":"您已退出登录\n请重新进入活动~","success":false},"msg":"您已退出登录\n请重新进入活动~"}
Jan 07 00:06:08 
Jan 07 00:06:08 超级品牌日活动做任务结果：{"code":300,"data":{"bizCode":300,"bizMsg":"您已退出登录\n请重新进入活动~","success":false},"msg":"您已退出登录\n请重新进入活动~"}
Jan 07 00:06:08 
Jan 07 00:06:08 超级超级品牌日 抽奖 异常： {"code":300,"data":{"bizCode":300,"bizMsg":"您已退出登录\n请重新进入活动~","success":false},"msg":"您已退出登录\n请重新进入活动~"}
Jan 07 00:06:08 超级摇一摇 抽奖失败：未登录
Jan 07 00:06:08 超级摇一摇 抽奖失败：未登录
Jan 07 00:06:09 超级摇一摇 抽奖失败：未登录
Jan 07 00:06:10 超级摇一摇 抽奖失败：未登录
Jan 07 00:06:10 
Jan 07 00:06:10 🔔摇京豆, 结束! 🕛 8.763 秒
Jan 07 00:06:10 
Jan 07 23:06:00 
Jan 07 23:06:00 🔔摇京豆, 开始!
Jan 07 23:06:00 
Jan 07 23:06:00 ====================共1个京东账号Cookie=========
Jan 07 23:06:00 
Jan 07 23:06:00 ==================脚本执行- 北京时间(UTC+8)：2022/1/7 下午11:06:00=====================
Jan 07 23:06:00 
Jan 07 23:06:01 "Response code 403 (Forbidden)"
Jan 07 23:06:01 摇京豆 welcomeHome API请求失败，请检查网路重试
Jan 07 23:06:01 
Jan 07 23:06:01 ********开始【京东账号1】jd_632e000b42ec6*****
Jan 07 23:06:01 
Jan 07 23:06:01 {"message":"未登录","resultCode":"101","resultTips":"未登录","success":false}
Jan 07 23:06:02 开始 【京东会员】 摇奖
Jan 07 23:06:03 京东会员第undefined天已签到
Jan 07 23:06:03 2022.01.07嘉士伯集团超级摇一摇 当前共有积分：0，可抽奖：0次(最多4次摇奖机会)
Jan 07 23:06:03 
Jan 07 23:06:03 获取超级摇一摇任务异常：{"code":"0","data":{"success":false,"bizCode":"1001","bizMsg":"未登录","result":null}}
Jan 07 23:06:04 2022.01.07嘉士伯集团超级摇一摇 当前共有积分：0，可抽奖：0次(最多4次摇奖机会)
Jan 07 23:06:04 
Jan 07 23:06:04 
Jan 07 23:06:04 
Jan 07 23:06:04 京东APP首页超级摇一摇：目前暂无活动
Jan 07 23:06:04 
Jan 07 23:06:04 
Jan 07 23:06:04 
Jan 07 23:06:04 
Jan 07 23:06:04 【1.7福临门 brandActivityId】：7928f54b-d659-4591-87ec-704642316298
Jan 07 23:06:04 超级超级品牌日 getHomeData 失败： 未登录
Jan 07 23:06:04 【cmsTaskGroupId】：12335418
Jan 07 23:06:04 超级品牌日，做关注店铺 任务
Jan 07 23:06:04 超级品牌日活动做任务结果：{"code":300,"data":{"bizCode":300,"bizMsg":"您已退出登录\n请重新进入活动~","success":false},"msg":"您已退出登录\n请重新进入活动~"}
Jan 07 23:06:04 
Jan 07 23:06:04 超级品牌日，逛品牌会场 任务
Jan 07 23:06:05 超级品牌日活动做任务结果：{"code":300,"data":{"bizCode":300,"bizMsg":"您已退出登录\n请重新进入活动~","success":false},"msg":"您已退出登录\n请重新进入活动~"}
Jan 07 23:06:05 
Jan 07 23:06:05 超级品牌日，浏览下方指定商品 任务
Jan 07 23:06:05 超级品牌日活动做任务结果：{"code":300,"data":{"bizCode":300,"bizMsg":"您已退出登录\n请重新进入活动~","success":false},"msg":"您已退出登录\n请重新进入活动~"}
Jan 07 23:06:05 
Jan 07 23:06:05 超级品牌日活动做任务结果：{"code":300,"data":{"bizCode":300,"bizMsg":"您已退出登录\n请重新进入活动~","success":false},"msg":"您已退出登录\n请重新进入活动~"}
Jan 07 23:06:05 
Jan 07 23:06:05 超级品牌日活动做任务结果：{"code":300,"data":{"bizCode":300,"bizMsg":"您已退出登录\n请重新进入活动~","success":false},"msg":"您已退出登录\n请重新进入活动~"}
Jan 07 23:06:05 
Jan 07 23:06:05 超级超级品牌日 抽奖 异常： {"code":300,"data":{"bizCode":300,"bizMsg":"您已退出登录\n请重新进入活动~","success":false},"msg":"您已退出登录\n请重新进入活动~"}
Jan 07 23:06:05 超级摇一摇 抽奖失败：未登录
Jan 07 23:06:06 超级摇一摇 抽奖失败：未登录
Jan 07 23:06:06 超级摇一摇 抽奖失败：未登录
Jan 07 23:06:07 超级摇一摇 抽奖失败：未登录
Jan 07 23:06:07 
Jan 07 23:06:07 🔔摇京豆, 结束! 🕛 6.893 秒
Jan 07 23:06:07 
Jan 08 00:06:01 
Jan 08 00:06:01 🔔摇京豆, 开始!
Jan 08 00:06:01 
Jan 08 00:06:01 ====================共1个京东账号Cookie=========
Jan 08 00:06:01 
Jan 08 00:06:02 ==================脚本执行- 北京时间(UTC+8)：2022/1/8 上午12:06:01=====================
Jan 08 00:06:02 
Jan 08 00:06:04 "Response code 403 (Forbidden)"
Jan 08 00:06:04 摇京豆 welcomeHome API请求失败，请检查网路重试
Jan 08 00:06:04 
Jan 08 00:06:04 ********开始【京东账号1】jd_632e000b42ec6*****
Jan 08 00:06:04 
Jan 08 00:06:04 {"message":"未登录","resultCode":"101","resultTips":"未登录","success":false}
Jan 08 00:06:05 开始 【京东会员】 摇奖
Jan 08 00:06:06 京东会员第undefined天已签到
Jan 08 00:06:06 
Jan 08 00:06:06 【新版本 超级摇一摇】获取信息失败：没有查询到活动信息
Jan 08 00:06:06 
Jan 08 00:06:06 
Jan 08 00:06:06 
Jan 08 00:06:06 京东APP首页超级摇一摇：目前暂无活动
Jan 08 00:06:06 
Jan 08 00:06:06 
Jan 08 00:06:06 
Jan 08 00:06:06 
Jan 08 00:06:06 【1.7福临门 brandActivityId】：7928f54b-d659-4591-87ec-704642316298
Jan 08 00:06:06 超级超级品牌日 getHomeData 失败： 活动不在进行中哦
Jan 08 00:06:06 去看看其他活动吧~
Jan 08 00:06:06 【1.7福临门 超级品牌日】：活动不在进行中
Jan 08 00:06:06 
Jan 08 00:06:06 🔔摇京豆, 结束! 🕛 5.107 秒
Jan 08 00:06:06 
Jan 08 23:06:00 
Jan 08 23:06:00 🔔摇京豆, 开始!
Jan 08 23:06:00 
Jan 08 23:06:00 ====================共1个京东账号Cookie=========
Jan 08 23:06:00 
Jan 08 23:06:00 ==================脚本执行- 北京时间(UTC+8)：2022/1/8 下午11:06:00=====================
Jan 08 23:06:00 
Jan 08 23:06:01 "Response code 403 (Forbidden)"
Jan 08 23:06:01 摇京豆 welcomeHome API请求失败，请检查网路重试
Jan 08 23:06:01 
Jan 08 23:06:01 ********开始【京东账号1】jd_632e000b42ec6*****
Jan 08 23:06:01 
Jan 08 23:06:01 {"code":"-1","echo":"503"}
Jan 08 23:06:02 开始 【京东会员】 摇奖
Jan 08 23:06:03 京东会员第undefined天已签到
Jan 08 23:06:03 
Jan 08 23:06:03 【新版本 超级摇一摇】获取信息失败：没有查询到活动信息
Jan 08 23:06:03 
Jan 08 23:06:03 
Jan 08 23:06:03 
Jan 08 23:06:03 京东APP首页超级摇一摇：目前暂无活动
Jan 08 23:06:03 
Jan 08 23:06:03 
Jan 08 23:06:03 
Jan 08 23:06:03 
Jan 08 23:06:03 【1.7福临门 brandActivityId】：7928f54b-d659-4591-87ec-704642316298
Jan 08 23:06:03 超级超级品牌日 getHomeData 失败： 活动不在进行中哦
Jan 08 23:06:03 去看看其他活动吧~
Jan 08 23:06:03 【1.7福临门 超级品牌日】：活动不在进行中
Jan 08 23:06:03 
Jan 08 23:06:03 🔔摇京豆, 结束! 🕛 3.237 秒
Jan 08 23:06:03 
Jan 09 00:06:01 
Jan 09 00:06:01 🔔摇京豆, 开始!
Jan 09 00:06:01 
Jan 09 00:06:01 ====================共1个京东账号Cookie=========
Jan 09 00:06:01 
Jan 09 00:06:01 ==================脚本执行- 北京时间(UTC+8)：2022/1/9 上午12:06:01=====================
Jan 09 00:06:01 
Jan 09 00:06:04 "Response code 403 (Forbidden)"
Jan 09 00:06:04 摇京豆 welcomeHome API请求失败，请检查网路重试
Jan 09 00:06:04 
Jan 09 00:06:04 ********开始【京东账号1】jd_632e000b42ec6*****
Jan 09 00:06:04 
Jan 09 00:06:04 {"code":"-1","echo":"503"}
Jan 09 00:06:05 开始 【京东会员】 摇奖
Jan 09 00:06:06 京东会员第undefined天已签到
Jan 09 00:06:06 
Jan 09 00:06:06 【新版本 超级摇一摇】获取信息失败：没有查询到活动信息
Jan 09 00:06:06 
Jan 09 00:06:06 
Jan 09 00:06:06 
Jan 09 00:06:06 京东APP首页超级摇一摇：目前暂无活动
Jan 09 00:06:06 
Jan 09 00:06:06 
Jan 09 00:06:06 
Jan 09 00:06:06 
Jan 09 00:06:06 【1.7福临门 brandActivityId】：7928f54b-d659-4591-87ec-704642316298
Jan 09 00:06:06 超级超级品牌日 getHomeData 失败： 活动不在进行中哦
Jan 09 00:06:06 去看看其他活动吧~
Jan 09 00:06:06 【1.7福临门 超级品牌日】：活动不在进行中
Jan 09 00:06:06 
Jan 09 00:06:06 🔔摇京豆, 结束! 🕛 5.453 秒
Jan 09 00:06:06 
