Jan 07 03:30:01 
Jan 07 03:30:01 🔔东东电竞经理, 开始!
Jan 07 03:30:01 
Jan 07 03:30:01 ====================共1个京东账号Cookie=========
Jan 07 03:30:01 
Jan 07 03:30:01 ==================脚本执行- 北京时间(UTC+8)：2022/1/7 上午3:30:01=====================
Jan 07 03:30:01 
Jan 07 03:30:03 
Jan 07 03:30:03 *****开始【京东账号1】jd_632e000b42ec6*****
Jan 07 03:30:03 
Jan 07 03:30:04 获取Token失败
Jan 07 03:30:04 
Jan 07 03:30:04 🔔东东电竞经理, 结束! 🕛 2.444 秒
Jan 07 03:30:04 
Jan 07 12:30:01 
Jan 07 12:30:01 🔔东东电竞经理, 开始!
Jan 07 12:30:01 
Jan 07 12:30:01 ====================共1个京东账号Cookie=========
Jan 07 12:30:01 
Jan 07 12:30:01 ==================脚本执行- 北京时间(UTC+8)：2022/1/7 下午12:30:01=====================
Jan 07 12:30:01 
Jan 07 12:30:03 
Jan 07 12:30:03 *****开始【京东账号1】jd_632e000b42ec6*****
Jan 07 12:30:03 
Jan 07 12:30:04 获取Token失败
Jan 07 12:30:04 
Jan 07 12:30:04 🔔东东电竞经理, 结束! 🕛 3.897 秒
Jan 07 12:30:04 
Jan 07 22:30:02 
Jan 07 22:30:02 🔔东东电竞经理, 开始!
Jan 07 22:30:02 
Jan 07 22:30:02 ====================共1个京东账号Cookie=========
Jan 07 22:30:02 
Jan 07 22:30:02 ==================脚本执行- 北京时间(UTC+8)：2022/1/7 下午10:30:02=====================
Jan 07 22:30:02 
Jan 07 22:30:04 
Jan 07 22:30:04 *****开始【京东账号1】jd_632e000b42ec6*****
Jan 07 22:30:04 
Jan 07 22:30:05 获取Token失败
Jan 07 22:30:05 
Jan 07 22:30:05 🔔东东电竞经理, 结束! 🕛 3.622 秒
Jan 07 22:30:05 
Jan 08 03:30:02 
Jan 08 03:30:02 🔔东东电竞经理, 开始!
Jan 08 03:30:02 
Jan 08 03:30:02 ====================共1个京东账号Cookie=========
Jan 08 03:30:02 
Jan 08 03:30:02 ==================脚本执行- 北京时间(UTC+8)：2022/1/8 上午3:30:02=====================
Jan 08 03:30:02 
Jan 08 03:30:03 
Jan 08 03:30:03 *****开始【京东账号1】jd_632e000b42ec6*****
Jan 08 03:30:03 
Jan 08 03:30:04 获取Token失败
Jan 08 03:30:04 
Jan 08 03:30:04 🔔东东电竞经理, 结束! 🕛 2.63 秒
Jan 08 03:30:04 
Jan 08 12:30:02 
Jan 08 12:30:02 🔔东东电竞经理, 开始!
Jan 08 12:30:02 
Jan 08 12:30:02 ====================共1个京东账号Cookie=========
Jan 08 12:30:02 
Jan 08 12:30:02 ==================脚本执行- 北京时间(UTC+8)：2022/1/8 下午12:30:02=====================
Jan 08 12:30:02 
Jan 08 12:30:04 
Jan 08 12:30:04 *****开始【京东账号1】jd_632e000b42ec6*****
Jan 08 12:30:04 
Jan 08 12:30:05 获取Token失败
Jan 08 12:30:05 
Jan 08 12:30:05 🔔东东电竞经理, 结束! 🕛 3.708 秒
Jan 08 12:30:05 
Jan 08 22:30:01 
Jan 08 22:30:01 🔔东东电竞经理, 开始!
Jan 08 22:30:01 
Jan 08 22:30:01 ====================共1个京东账号Cookie=========
Jan 08 22:30:01 
Jan 08 22:30:01 ==================脚本执行- 北京时间(UTC+8)：2022/1/8 下午10:30:01=====================
Jan 08 22:30:01 
Jan 08 22:30:04 
Jan 08 22:30:04 *****开始【京东账号1】jd_632e000b42ec6*****
Jan 08 22:30:04 
Jan 08 22:30:05 获取Token失败
Jan 08 22:30:05 
Jan 08 22:30:05 🔔东东电竞经理, 结束! 🕛 3.85 秒
Jan 08 22:30:05 
Jan 09 03:30:02 
Jan 09 03:30:02 🔔东东电竞经理, 开始!
Jan 09 03:30:02 
Jan 09 03:30:02 ====================共1个京东账号Cookie=========
Jan 09 03:30:02 
Jan 09 03:30:02 ==================脚本执行- 北京时间(UTC+8)：2022/1/9 上午3:30:02=====================
Jan 09 03:30:02 
Jan 09 03:30:03 
Jan 09 03:30:03 *****开始【京东账号1】jd_632e000b42ec6*****
Jan 09 03:30:03 
Jan 09 03:30:04 获取Token失败
Jan 09 03:30:04 
Jan 09 03:30:04 🔔东东电竞经理, 结束! 🕛 2.733 秒
Jan 09 03:30:04 
Jan 09 12:30:01 
Jan 09 12:30:01 🔔东东电竞经理, 开始!
Jan 09 12:30:01 
Jan 09 12:30:01 ====================共1个京东账号Cookie=========
Jan 09 12:30:01 
Jan 09 12:30:02 ==================脚本执行- 北京时间(UTC+8)：2022/1/9 下午12:30:01=====================
Jan 09 12:30:02 
Jan 09 12:30:03 
Jan 09 12:30:03 *****开始【京东账号1】jd_632e000b42ec6*****
Jan 09 12:30:03 
Jan 09 12:30:05 获取Token失败
Jan 09 12:30:05 
Jan 09 12:30:05 🔔东东电竞经理, 结束! 🕛 3.523 秒
Jan 09 12:30:05 
