Jan 07 07:18:00 
Jan 07 07:18:00 🔔零食街, 开始!
Jan 07 07:18:00 
Jan 07 07:18:00 ====================共1个京东账号Cookie=========
Jan 07 07:18:00 
Jan 07 07:18:00 ==================脚本执行- 北京时间(UTC+8)：2022/1/7 上午7:18:00=====================
Jan 07 07:18:00 
Jan 07 07:18:00 
Jan 07 07:18:00 *****开始【京东账号1】jd_632e000b42ec6*****
Jan 07 07:18:00 
Jan 07 07:18:00 {"code":"3","errcode":264,"message":"参数异常，请退出重试"}
Jan 07 07:18:00 获取Token失败
Jan 07 07:18:02 
Jan 07 07:18:02 🔔零食街, 结束! 🕛 2.731 秒
Jan 07 07:18:02 
Jan 07 12:18:00 
Jan 07 12:18:00 🔔零食街, 开始!
Jan 07 12:18:00 
Jan 07 12:18:00 ====================共1个京东账号Cookie=========
Jan 07 12:18:00 
Jan 07 12:18:00 ==================脚本执行- 北京时间(UTC+8)：2022/1/7 下午12:18:00=====================
Jan 07 12:18:00 
Jan 07 12:18:00 
Jan 07 12:18:00 *****开始【京东账号1】jd_632e000b42ec6*****
Jan 07 12:18:00 
Jan 07 12:18:00 {"code":"3","errcode":264,"message":"参数异常，请退出重试"}
Jan 07 12:18:00 获取Token失败
Jan 07 12:18:02 
Jan 07 12:18:02 🔔零食街, 结束! 🕛 2.696 秒
Jan 07 12:18:02 
Jan 07 20:18:00 
Jan 07 20:18:00 🔔零食街, 开始!
Jan 07 20:18:00 
Jan 07 20:18:00 ====================共1个京东账号Cookie=========
Jan 07 20:18:00 
Jan 07 20:18:00 ==================脚本执行- 北京时间(UTC+8)：2022/1/7 下午8:18:00=====================
Jan 07 20:18:00 
Jan 07 20:18:01 
Jan 07 20:18:01 *****开始【京东账号1】jd_632e000b42ec6*****
Jan 07 20:18:01 
Jan 07 20:18:01 {"code":"3","errcode":264,"message":"参数异常，请退出重试"}
Jan 07 20:18:01 获取Token失败
Jan 07 20:18:03 
Jan 07 20:18:03 🔔零食街, 结束! 🕛 2.579 秒
Jan 07 20:18:03 
Jan 08 07:18:00 
Jan 08 07:18:00 🔔零食街, 开始!
Jan 08 07:18:00 
Jan 08 07:18:00 ====================共1个京东账号Cookie=========
Jan 08 07:18:00 
Jan 08 07:18:00 ==================脚本执行- 北京时间(UTC+8)：2022/1/8 上午7:18:00=====================
Jan 08 07:18:00 
Jan 08 07:18:00 
Jan 08 07:18:00 *****开始【京东账号1】jd_632e000b42ec6*****
Jan 08 07:18:00 
Jan 08 07:18:01 {"code":"3","errcode":264,"message":"参数异常，请退出重试"}
Jan 08 07:18:01 获取Token失败
Jan 08 07:18:03 
Jan 08 07:18:03 🔔零食街, 结束! 🕛 2.702 秒
Jan 08 07:18:03 
Jan 08 12:18:00 
Jan 08 12:18:00 🔔零食街, 开始!
Jan 08 12:18:00 
Jan 08 12:18:00 ====================共1个京东账号Cookie=========
Jan 08 12:18:00 
Jan 08 12:18:00 ==================脚本执行- 北京时间(UTC+8)：2022/1/8 下午12:18:00=====================
Jan 08 12:18:00 
Jan 08 12:18:01 
Jan 08 12:18:01 *****开始【京东账号1】jd_632e000b42ec6*****
Jan 08 12:18:01 
Jan 08 12:18:01 {"code":"3","errcode":264,"message":"参数异常，请退出重试"}
Jan 08 12:18:01 获取Token失败
Jan 08 12:18:03 
Jan 08 12:18:03 🔔零食街, 结束! 🕛 2.788 秒
Jan 08 12:18:03 
Jan 08 20:18:00 
Jan 08 20:18:00 🔔零食街, 开始!
Jan 08 20:18:00 
Jan 08 20:18:00 ====================共1个京东账号Cookie=========
Jan 08 20:18:00 
Jan 08 20:18:00 ==================脚本执行- 北京时间(UTC+8)：2022/1/8 下午8:18:00=====================
Jan 08 20:18:00 
Jan 08 20:18:00 
Jan 08 20:18:00 *****开始【京东账号1】jd_632e000b42ec6*****
Jan 08 20:18:00 
Jan 08 20:18:00 {"code":"3","errcode":264,"message":"参数异常，请退出重试"}
Jan 08 20:18:00 获取Token失败
Jan 08 20:18:02 
Jan 08 20:18:02 🔔零食街, 结束! 🕛 2.697 秒
Jan 08 20:18:02 
Jan 09 07:18:00 
Jan 09 07:18:00 🔔零食街, 开始!
Jan 09 07:18:00 
Jan 09 07:18:00 ====================共1个京东账号Cookie=========
Jan 09 07:18:00 
Jan 09 07:18:00 ==================脚本执行- 北京时间(UTC+8)：2022/1/9 上午7:18:00=====================
Jan 09 07:18:00 
Jan 09 07:18:00 
Jan 09 07:18:00 *****开始【京东账号1】jd_632e000b42ec6*****
Jan 09 07:18:00 
Jan 09 07:18:00 {"code":"3","errcode":264,"message":"参数异常，请退出重试"}
Jan 09 07:18:00 获取Token失败
Jan 09 07:18:02 
Jan 09 07:18:02 🔔零食街, 结束! 🕛 2.697 秒
Jan 09 07:18:02 
Jan 09 12:18:00 
Jan 09 12:18:00 🔔零食街, 开始!
Jan 09 12:18:00 
Jan 09 12:18:00 ====================共1个京东账号Cookie=========
Jan 09 12:18:00 
Jan 09 12:18:00 ==================脚本执行- 北京时间(UTC+8)：2022/1/9 下午12:18:00=====================
Jan 09 12:18:00 
Jan 09 12:18:01 
Jan 09 12:18:01 *****开始【京东账号1】jd_632e000b42ec6*****
Jan 09 12:18:01 
Jan 09 12:18:01 {"code":"3","errcode":264,"message":"参数异常，请退出重试"}
Jan 09 12:18:01 获取Token失败
Jan 09 12:18:03 
Jan 09 12:18:03 🔔零食街, 结束! 🕛 2.711 秒
Jan 09 12:18:03 
Jan 09 20:18:01 
Jan 09 20:18:01 🔔零食街, 开始!
Jan 09 20:18:01 
Jan 09 20:18:01 ====================共1个京东账号Cookie=========
Jan 09 20:18:01 
Jan 09 20:18:01 ==================脚本执行- 北京时间(UTC+8)：2022/1/9 下午8:18:01=====================
Jan 09 20:18:01 
Jan 09 20:18:01 
Jan 09 20:18:01 *****开始【京东账号1】jd_632e000b42ec6*****
Jan 09 20:18:01 
Jan 09 20:18:01 {"code":"3","errcode":264,"message":"参数异常，请退出重试"}
Jan 09 20:18:01 获取Token失败
Jan 09 20:18:03 
Jan 09 20:18:03 🔔零食街, 结束! 🕛 2.507 秒
Jan 09 20:18:03 
