Jan 07 07:23:00 
Jan 07 07:23:00 🔔获取互助码, 开始!
Jan 07 07:23:00 
Jan 07 07:23:00 ====================共1个京东账号Cookie=========
Jan 07 07:23:00 
Jan 07 07:23:00 ==================脚本执行- 北京时间(UTC+8)：2022/1/7 上午7:23:00=====================
Jan 07 07:23:00 
Jan 07 07:23:00 
Jan 07 07:23:00 注：临时活动的互助码不添加到此处，如有需要请手动运行对应临时活动脚本
Jan 07 07:23:00 
Jan 07 07:23:00 
Jan 07 07:23:00 🔔获取互助码, 结束! 🕛 0.488 秒
Jan 07 07:23:00 
Jan 08 07:23:00 
Jan 08 07:23:00 🔔获取互助码, 开始!
Jan 08 07:23:00 
Jan 08 07:23:00 ====================共1个京东账号Cookie=========
Jan 08 07:23:00 
Jan 08 07:23:00 ==================脚本执行- 北京时间(UTC+8)：2022/1/8 上午7:23:00=====================
Jan 08 07:23:00 
Jan 08 07:23:00 
Jan 08 07:23:00 注：临时活动的互助码不添加到此处，如有需要请手动运行对应临时活动脚本
Jan 08 07:23:00 
Jan 08 07:23:00 
Jan 08 07:23:00 🔔获取互助码, 结束! 🕛 0.486 秒
Jan 08 07:23:00 
Jan 09 07:23:00 
Jan 09 07:23:00 🔔获取互助码, 开始!
Jan 09 07:23:00 
Jan 09 07:23:00 ====================共1个京东账号Cookie=========
Jan 09 07:23:00 
Jan 09 07:23:00 ==================脚本执行- 北京时间(UTC+8)：2022/1/9 上午7:23:00=====================
Jan 09 07:23:00 
Jan 09 07:23:00 
Jan 09 07:23:00 注：临时活动的互助码不添加到此处，如有需要请手动运行对应临时活动脚本
Jan 09 07:23:00 
Jan 09 07:23:00 
Jan 09 07:23:00 🔔获取互助码, 结束! 🕛 0.457 秒
Jan 09 07:23:00 
