Jan 07 00:05:01 
Jan 07 00:05:01 🔔东东健康社区收集能量收集, 开始!
Jan 07 00:05:01 
Jan 07 00:05:01 ====================共1个京东账号Cookie=========
Jan 07 00:05:01 
Jan 07 00:05:02 ==================脚本执行- 北京时间(UTC+8)：2022/1/7 上午12:05:01=====================
Jan 07 00:05:02 
Jan 07 00:05:02 
Jan 07 00:05:02 ******开始【京东账号1】jd_632e000b42ec6*********
Jan 07 00:05:02 
Jan 07 00:05:04 任务完成失败：{"code":-30001,"msg":"登陆失败"}
Jan 07 00:05:04 
Jan 07 00:05:04 🔔东东健康社区收集能量收集, 结束! 🕛 2.617 秒
Jan 07 00:05:04 
Jan 07 00:25:00 
Jan 07 00:25:00 🔔东东健康社区收集能量收集, 开始!
Jan 07 00:25:00 
Jan 07 00:25:00 ====================共1个京东账号Cookie=========
Jan 07 00:25:00 
Jan 07 00:25:01 ==================脚本执行- 北京时间(UTC+8)：2022/1/7 上午12:25:00=====================
Jan 07 00:25:01 
Jan 07 00:25:01 
Jan 07 00:25:01 ******开始【京东账号1】jd_632e000b42ec6*********
Jan 07 00:25:01 
Jan 07 00:25:01 任务完成失败：{"code":-30001,"msg":"登陆失败"}
Jan 07 00:25:01 
Jan 07 00:25:01 🔔东东健康社区收集能量收集, 结束! 🕛 0.54 秒
Jan 07 00:25:01 
Jan 07 00:45:01 
Jan 07 00:45:01 🔔东东健康社区收集能量收集, 开始!
Jan 07 00:45:01 
Jan 07 00:45:01 ====================共1个京东账号Cookie=========
Jan 07 00:45:01 
Jan 07 00:45:02 ==================脚本执行- 北京时间(UTC+8)：2022/1/7 上午12:45:01=====================
Jan 07 00:45:02 
Jan 07 00:45:02 
Jan 07 00:45:02 ******开始【京东账号1】jd_632e000b42ec6*********
Jan 07 00:45:02 
Jan 07 00:45:03 任务完成失败：{"code":-30001,"msg":"登陆失败"}
Jan 07 00:45:03 
Jan 07 00:45:03 🔔东东健康社区收集能量收集, 结束! 🕛 2.189 秒
Jan 07 00:45:03 
Jan 07 01:05:01 
Jan 07 01:05:01 🔔东东健康社区收集能量收集, 开始!
Jan 07 01:05:01 
Jan 07 01:05:01 ====================共1个京东账号Cookie=========
Jan 07 01:05:01 
Jan 07 01:05:02 ==================脚本执行- 北京时间(UTC+8)：2022/1/7 上午1:05:01=====================
Jan 07 01:05:02 
Jan 07 01:05:02 
Jan 07 01:05:02 ******开始【京东账号1】jd_632e000b42ec6*********
Jan 07 01:05:02 
Jan 07 01:05:04 任务完成失败：{"code":-30001,"msg":"登陆失败"}
Jan 07 01:05:04 
Jan 07 01:05:04 🔔东东健康社区收集能量收集, 结束! 🕛 2.206 秒
Jan 07 01:05:04 
Jan 07 01:25:00 
Jan 07 01:25:00 🔔东东健康社区收集能量收集, 开始!
Jan 07 01:25:01 
Jan 07 01:25:01 ====================共1个京东账号Cookie=========
Jan 07 01:25:01 
Jan 07 01:25:01 ==================脚本执行- 北京时间(UTC+8)：2022/1/7 上午1:25:01=====================
Jan 07 01:25:01 
Jan 07 01:25:01 
Jan 07 01:25:01 ******开始【京东账号1】jd_632e000b42ec6*********
Jan 07 01:25:01 
Jan 07 01:25:01 任务完成失败：{"code":-30001,"msg":"登陆失败"}
Jan 07 01:25:01 
Jan 07 01:25:01 🔔东东健康社区收集能量收集, 结束! 🕛 0.392 秒
Jan 07 01:25:01 
Jan 07 01:45:01 
Jan 07 01:45:01 🔔东东健康社区收集能量收集, 开始!
Jan 07 01:45:01 
Jan 07 01:45:01 ====================共1个京东账号Cookie=========
Jan 07 01:45:01 
Jan 07 01:45:01 ==================脚本执行- 北京时间(UTC+8)：2022/1/7 上午1:45:01=====================
Jan 07 01:45:01 
Jan 07 01:45:01 
Jan 07 01:45:01 ******开始【京东账号1】jd_632e000b42ec6*********
Jan 07 01:45:01 
Jan 07 01:45:01 任务完成失败：{"code":-30001,"msg":"登陆失败"}
Jan 07 01:45:01 
Jan 07 01:45:01 🔔东东健康社区收集能量收集, 结束! 🕛 0.431 秒
Jan 07 01:45:01 
Jan 07 02:05:01 
Jan 07 02:05:01 🔔东东健康社区收集能量收集, 开始!
Jan 07 02:05:01 
Jan 07 02:05:01 ====================共1个京东账号Cookie=========
Jan 07 02:05:01 
Jan 07 02:05:01 ==================脚本执行- 北京时间(UTC+8)：2022/1/7 上午2:05:01=====================
Jan 07 02:05:01 
Jan 07 02:05:01 
Jan 07 02:05:01 ******开始【京东账号1】jd_632e000b42ec6*********
Jan 07 02:05:01 
Jan 07 02:05:02 任务完成失败：{"code":-30001,"msg":"登陆失败"}
Jan 07 02:05:02 
Jan 07 02:05:02 🔔东东健康社区收集能量收集, 结束! 🕛 1.229 秒
Jan 07 02:05:02 
Jan 07 02:25:01 
Jan 07 02:25:01 🔔东东健康社区收集能量收集, 开始!
Jan 07 02:25:01 
Jan 07 02:25:01 ====================共1个京东账号Cookie=========
Jan 07 02:25:01 
Jan 07 02:25:01 ==================脚本执行- 北京时间(UTC+8)：2022/1/7 上午2:25:01=====================
Jan 07 02:25:01 
Jan 07 02:25:01 
Jan 07 02:25:01 ******开始【京东账号1】jd_632e000b42ec6*********
Jan 07 02:25:01 
Jan 07 02:25:01 任务完成失败：{"code":-30001,"msg":"登陆失败"}
Jan 07 02:25:01 
Jan 07 02:25:01 🔔东东健康社区收集能量收集, 结束! 🕛 0.487 秒
Jan 07 02:25:01 
Jan 07 02:45:01 
Jan 07 02:45:01 🔔东东健康社区收集能量收集, 开始!
Jan 07 02:45:01 
Jan 07 02:45:01 ====================共1个京东账号Cookie=========
Jan 07 02:45:01 
Jan 07 02:45:01 ==================脚本执行- 北京时间(UTC+8)：2022/1/7 上午2:45:01=====================
Jan 07 02:45:01 
Jan 07 02:45:01 
Jan 07 02:45:01 ******开始【京东账号1】jd_632e000b42ec6*********
Jan 07 02:45:01 
Jan 07 02:45:01 任务完成失败：{"code":-30001,"msg":"登陆失败"}
Jan 07 02:45:01 
Jan 07 02:45:01 🔔东东健康社区收集能量收集, 结束! 🕛 0.472 秒
Jan 07 02:45:01 
Jan 07 03:05:01 
Jan 07 03:05:01 🔔东东健康社区收集能量收集, 开始!
Jan 07 03:05:01 
Jan 07 03:05:01 ====================共1个京东账号Cookie=========
Jan 07 03:05:01 
Jan 07 03:05:01 ==================脚本执行- 北京时间(UTC+8)：2022/1/7 上午3:05:01=====================
Jan 07 03:05:01 
Jan 07 03:05:01 
Jan 07 03:05:01 ******开始【京东账号1】jd_632e000b42ec6*********
Jan 07 03:05:01 
Jan 07 03:05:02 任务完成失败：{"code":-30001,"msg":"登陆失败"}
Jan 07 03:05:02 
Jan 07 03:05:02 🔔东东健康社区收集能量收集, 结束! 🕛 1.164 秒
Jan 07 03:05:02 
Jan 07 03:25:01 
Jan 07 03:25:01 🔔东东健康社区收集能量收集, 开始!
Jan 07 03:25:01 
Jan 07 03:25:01 ====================共1个京东账号Cookie=========
Jan 07 03:25:01 
Jan 07 03:25:01 ==================脚本执行- 北京时间(UTC+8)：2022/1/7 上午3:25:01=====================
Jan 07 03:25:01 
Jan 07 03:25:01 
Jan 07 03:25:01 ******开始【京东账号1】jd_632e000b42ec6*********
Jan 07 03:25:01 
Jan 07 03:25:01 任务完成失败：{"code":-30001,"msg":"登陆失败"}
Jan 07 03:25:01 
Jan 07 03:25:01 🔔东东健康社区收集能量收集, 结束! 🕛 0.552 秒
Jan 07 03:25:01 
Jan 07 03:45:01 
Jan 07 03:45:01 🔔东东健康社区收集能量收集, 开始!
Jan 07 03:45:01 
Jan 07 03:45:01 ====================共1个京东账号Cookie=========
Jan 07 03:45:01 
Jan 07 03:45:01 ==================脚本执行- 北京时间(UTC+8)：2022/1/7 上午3:45:01=====================
Jan 07 03:45:01 
Jan 07 03:45:01 
Jan 07 03:45:01 ******开始【京东账号1】jd_632e000b42ec6*********
Jan 07 03:45:01 
Jan 07 03:45:01 任务完成失败：{"code":-30001,"msg":"登陆失败"}
Jan 07 03:45:01 
Jan 07 03:45:01 🔔东东健康社区收集能量收集, 结束! 🕛 0.497 秒
Jan 07 03:45:01 
Jan 07 04:05:01 
Jan 07 04:05:01 🔔东东健康社区收集能量收集, 开始!
Jan 07 04:05:01 
Jan 07 04:05:01 ====================共1个京东账号Cookie=========
Jan 07 04:05:01 
Jan 07 04:05:01 ==================脚本执行- 北京时间(UTC+8)：2022/1/7 上午4:05:01=====================
Jan 07 04:05:01 
Jan 07 04:05:01 
Jan 07 04:05:01 ******开始【京东账号1】jd_632e000b42ec6*********
Jan 07 04:05:01 
Jan 07 04:05:02 任务完成失败：{"code":-30001,"msg":"登陆失败"}
Jan 07 04:05:02 
Jan 07 04:05:02 🔔东东健康社区收集能量收集, 结束! 🕛 1.303 秒
Jan 07 04:05:02 
Jan 07 04:25:01 
Jan 07 04:25:01 🔔东东健康社区收集能量收集, 开始!
Jan 07 04:25:01 
Jan 07 04:25:01 ====================共1个京东账号Cookie=========
Jan 07 04:25:01 
Jan 07 04:25:01 ==================脚本执行- 北京时间(UTC+8)：2022/1/7 上午4:25:01=====================
Jan 07 04:25:01 
Jan 07 04:25:01 
Jan 07 04:25:01 ******开始【京东账号1】jd_632e000b42ec6*********
Jan 07 04:25:01 
Jan 07 04:25:01 任务完成失败：{"code":-30001,"msg":"登陆失败"}
Jan 07 04:25:01 
Jan 07 04:25:01 🔔东东健康社区收集能量收集, 结束! 🕛 0.469 秒
Jan 07 04:25:01 
Jan 07 04:45:01 
Jan 07 04:45:01 🔔东东健康社区收集能量收集, 开始!
Jan 07 04:45:01 
Jan 07 04:45:01 ====================共1个京东账号Cookie=========
Jan 07 04:45:01 
Jan 07 04:45:01 ==================脚本执行- 北京时间(UTC+8)：2022/1/7 上午4:45:01=====================
Jan 07 04:45:01 
Jan 07 04:45:01 
Jan 07 04:45:01 ******开始【京东账号1】jd_632e000b42ec6*********
Jan 07 04:45:01 
Jan 07 04:45:01 任务完成失败：{"code":-30001,"msg":"登陆失败"}
Jan 07 04:45:01 
Jan 07 04:45:01 🔔东东健康社区收集能量收集, 结束! 🕛 0.524 秒
Jan 07 04:45:01 
Jan 07 05:05:01 
Jan 07 05:05:01 🔔东东健康社区收集能量收集, 开始!
Jan 07 05:05:01 
Jan 07 05:05:01 ====================共1个京东账号Cookie=========
Jan 07 05:05:01 
Jan 07 05:05:01 ==================脚本执行- 北京时间(UTC+8)：2022/1/7 上午5:05:01=====================
Jan 07 05:05:01 
Jan 07 05:05:01 
Jan 07 05:05:01 ******开始【京东账号1】jd_632e000b42ec6*********
Jan 07 05:05:01 
Jan 07 05:05:02 任务完成失败：{"code":-30001,"msg":"登陆失败"}
Jan 07 05:05:02 
Jan 07 05:05:02 🔔东东健康社区收集能量收集, 结束! 🕛 0.975 秒
Jan 07 05:05:02 
Jan 07 05:25:01 
Jan 07 05:25:01 🔔东东健康社区收集能量收集, 开始!
Jan 07 05:25:01 
Jan 07 05:25:01 ====================共1个京东账号Cookie=========
Jan 07 05:25:01 
Jan 07 05:25:01 ==================脚本执行- 北京时间(UTC+8)：2022/1/7 上午5:25:01=====================
Jan 07 05:25:01 
Jan 07 05:25:01 
Jan 07 05:25:01 ******开始【京东账号1】jd_632e000b42ec6*********
Jan 07 05:25:01 
Jan 07 05:25:01 任务完成失败：{"code":-30001,"msg":"登陆失败"}
Jan 07 05:25:01 
Jan 07 05:25:01 🔔东东健康社区收集能量收集, 结束! 🕛 0.316 秒
Jan 07 05:25:01 
Jan 07 05:45:01 
Jan 07 05:45:01 🔔东东健康社区收集能量收集, 开始!
Jan 07 05:45:01 
Jan 07 05:45:01 ====================共1个京东账号Cookie=========
Jan 07 05:45:01 
Jan 07 05:45:01 ==================脚本执行- 北京时间(UTC+8)：2022/1/7 上午5:45:01=====================
Jan 07 05:45:01 
Jan 07 05:45:01 
Jan 07 05:45:01 ******开始【京东账号1】jd_632e000b42ec6*********
Jan 07 05:45:01 
Jan 07 05:45:01 任务完成失败：{"code":-30001,"msg":"登陆失败"}
Jan 07 05:45:01 
Jan 07 05:45:01 🔔东东健康社区收集能量收集, 结束! 🕛 0.372 秒
Jan 07 05:45:01 
Jan 07 06:05:01 
Jan 07 06:05:01 🔔东东健康社区收集能量收集, 开始!
Jan 07 06:05:01 
Jan 07 06:05:01 ====================共1个京东账号Cookie=========
Jan 07 06:05:01 
Jan 07 06:05:01 ==================脚本执行- 北京时间(UTC+8)：2022/1/7 上午6:05:01=====================
Jan 07 06:05:01 
Jan 07 06:05:01 
Jan 07 06:05:01 ******开始【京东账号1】jd_632e000b42ec6*********
Jan 07 06:05:01 
Jan 07 06:05:02 任务完成失败：{"code":-30001,"msg":"登陆失败"}
Jan 07 06:05:02 
Jan 07 06:05:02 🔔东东健康社区收集能量收集, 结束! 🕛 1.133 秒
Jan 07 06:05:02 
Jan 07 06:25:01 
Jan 07 06:25:01 🔔东东健康社区收集能量收集, 开始!
Jan 07 06:25:01 
Jan 07 06:25:01 ====================共1个京东账号Cookie=========
Jan 07 06:25:01 
Jan 07 06:25:01 ==================脚本执行- 北京时间(UTC+8)：2022/1/7 上午6:25:01=====================
Jan 07 06:25:01 
Jan 07 06:25:01 
Jan 07 06:25:01 ******开始【京东账号1】jd_632e000b42ec6*********
Jan 07 06:25:01 
Jan 07 06:25:01 任务完成失败：{"code":-30001,"msg":"登陆失败"}
Jan 07 06:25:01 
Jan 07 06:25:01 🔔东东健康社区收集能量收集, 结束! 🕛 0.429 秒
Jan 07 06:25:01 
Jan 07 06:45:00 
Jan 07 06:45:00 🔔东东健康社区收集能量收集, 开始!
Jan 07 06:45:00 
Jan 07 06:45:00 ====================共1个京东账号Cookie=========
Jan 07 06:45:00 
Jan 07 06:45:00 ==================脚本执行- 北京时间(UTC+8)：2022/1/7 上午6:45:00=====================
Jan 07 06:45:00 
Jan 07 06:45:00 
Jan 07 06:45:00 ******开始【京东账号1】jd_632e000b42ec6*********
Jan 07 06:45:00 
Jan 07 06:45:01 任务完成失败：{"code":-30001,"msg":"登陆失败"}
Jan 07 06:45:01 
Jan 07 06:45:01 🔔东东健康社区收集能量收集, 结束! 🕛 1.196 秒
Jan 07 06:45:01 
Jan 07 07:05:00 
Jan 07 07:05:00 🔔东东健康社区收集能量收集, 开始!
Jan 07 07:05:00 
Jan 07 07:05:00 ====================共1个京东账号Cookie=========
Jan 07 07:05:00 
Jan 07 07:05:00 ==================脚本执行- 北京时间(UTC+8)：2022/1/7 上午7:05:00=====================
Jan 07 07:05:00 
Jan 07 07:05:00 
Jan 07 07:05:00 ******开始【京东账号1】jd_632e000b42ec6*********
Jan 07 07:05:00 
Jan 07 07:05:01 任务完成失败：{"code":-30001,"msg":"登陆失败"}
Jan 07 07:05:01 
Jan 07 07:05:01 🔔东东健康社区收集能量收集, 结束! 🕛 1.077 秒
Jan 07 07:05:01 
Jan 07 07:25:00 
Jan 07 07:25:00 🔔东东健康社区收集能量收集, 开始!
Jan 07 07:25:00 
Jan 07 07:25:00 ====================共1个京东账号Cookie=========
Jan 07 07:25:00 
Jan 07 07:25:00 ==================脚本执行- 北京时间(UTC+8)：2022/1/7 上午7:25:00=====================
Jan 07 07:25:00 
Jan 07 07:25:00 
Jan 07 07:25:00 ******开始【京东账号1】jd_632e000b42ec6*********
Jan 07 07:25:00 
Jan 07 07:25:00 任务完成失败：{"code":-30001,"msg":"登陆失败"}
Jan 07 07:25:00 
Jan 07 07:25:00 🔔东东健康社区收集能量收集, 结束! 🕛 0.451 秒
Jan 07 07:25:00 
Jan 07 07:45:00 
Jan 07 07:45:00 🔔东东健康社区收集能量收集, 开始!
Jan 07 07:45:00 
Jan 07 07:45:00 ====================共1个京东账号Cookie=========
Jan 07 07:45:00 
Jan 07 07:45:00 ==================脚本执行- 北京时间(UTC+8)：2022/1/7 上午7:45:00=====================
Jan 07 07:45:00 
Jan 07 07:45:00 
Jan 07 07:45:00 ******开始【京东账号1】jd_632e000b42ec6*********
Jan 07 07:45:00 
Jan 07 07:45:00 任务完成失败：{"code":-30001,"msg":"登陆失败"}
Jan 07 07:45:00 
Jan 07 07:45:00 🔔东东健康社区收集能量收集, 结束! 🕛 0.727 秒
Jan 07 07:45:00 
Jan 07 08:05:00 
Jan 07 08:05:00 🔔东东健康社区收集能量收集, 开始!
Jan 07 08:05:00 
Jan 07 08:05:00 ====================共1个京东账号Cookie=========
Jan 07 08:05:00 
Jan 07 08:05:01 ==================脚本执行- 北京时间(UTC+8)：2022/1/7 上午8:05:00=====================
Jan 07 08:05:01 
Jan 07 08:05:01 
Jan 07 08:05:01 ******开始【京东账号1】jd_632e000b42ec6*********
Jan 07 08:05:01 
Jan 07 08:05:03 任务完成失败：{"code":-30001,"msg":"登陆失败"}
Jan 07 08:05:03 
Jan 07 08:05:03 🔔东东健康社区收集能量收集, 结束! 🕛 2.567 秒
Jan 07 08:05:03 
Jan 07 08:25:00 
Jan 07 08:25:00 🔔东东健康社区收集能量收集, 开始!
Jan 07 08:25:00 
Jan 07 08:25:00 ====================共1个京东账号Cookie=========
Jan 07 08:25:00 
Jan 07 08:25:00 ==================脚本执行- 北京时间(UTC+8)：2022/1/7 上午8:25:00=====================
Jan 07 08:25:00 
Jan 07 08:25:00 
Jan 07 08:25:00 ******开始【京东账号1】jd_632e000b42ec6*********
Jan 07 08:25:00 
Jan 07 08:25:00 任务完成失败：{"code":-30001,"msg":"登陆失败"}
Jan 07 08:25:00 
Jan 07 08:25:00 🔔东东健康社区收集能量收集, 结束! 🕛 0.747 秒
Jan 07 08:25:00 
Jan 07 08:45:00 
Jan 07 08:45:00 🔔东东健康社区收集能量收集, 开始!
Jan 07 08:45:00 
Jan 07 08:45:00 ====================共1个京东账号Cookie=========
Jan 07 08:45:00 
Jan 07 08:45:00 ==================脚本执行- 北京时间(UTC+8)：2022/1/7 上午8:45:00=====================
Jan 07 08:45:00 
Jan 07 08:45:00 
Jan 07 08:45:00 ******开始【京东账号1】jd_632e000b42ec6*********
Jan 07 08:45:00 
Jan 07 08:45:00 任务完成失败：{"code":-30001,"msg":"登陆失败"}
Jan 07 08:45:00 
Jan 07 08:45:00 🔔东东健康社区收集能量收集, 结束! 🕛 0.646 秒
Jan 07 08:45:00 
Jan 07 09:05:00 
Jan 07 09:05:00 🔔东东健康社区收集能量收集, 开始!
Jan 07 09:05:00 
Jan 07 09:05:00 ====================共1个京东账号Cookie=========
Jan 07 09:05:00 
Jan 07 09:05:00 ==================脚本执行- 北京时间(UTC+8)：2022/1/7 上午9:05:00=====================
Jan 07 09:05:00 
Jan 07 09:05:00 
Jan 07 09:05:00 ******开始【京东账号1】jd_632e000b42ec6*********
Jan 07 09:05:00 
Jan 07 09:05:02 任务完成失败：{"code":-30001,"msg":"登陆失败"}
Jan 07 09:05:02 
Jan 07 09:05:02 🔔东东健康社区收集能量收集, 结束! 🕛 1.594 秒
Jan 07 09:05:02 
Jan 07 09:25:00 
Jan 07 09:25:00 🔔东东健康社区收集能量收集, 开始!
Jan 07 09:25:00 
Jan 07 09:25:00 ====================共1个京东账号Cookie=========
Jan 07 09:25:00 
Jan 07 09:25:00 ==================脚本执行- 北京时间(UTC+8)：2022/1/7 上午9:25:00=====================
Jan 07 09:25:00 
Jan 07 09:25:00 
Jan 07 09:25:00 ******开始【京东账号1】jd_632e000b42ec6*********
Jan 07 09:25:00 
Jan 07 09:25:00 任务完成失败：{"code":-30001,"msg":"登陆失败"}
Jan 07 09:25:00 
Jan 07 09:25:00 🔔东东健康社区收集能量收集, 结束! 🕛 0.645 秒
Jan 07 09:25:00 
Jan 07 09:45:00 
Jan 07 09:45:00 🔔东东健康社区收集能量收集, 开始!
Jan 07 09:45:00 
Jan 07 09:45:00 ====================共1个京东账号Cookie=========
Jan 07 09:45:00 
Jan 07 09:45:00 ==================脚本执行- 北京时间(UTC+8)：2022/1/7 上午9:45:00=====================
Jan 07 09:45:00 
Jan 07 09:45:00 
Jan 07 09:45:00 ******开始【京东账号1】jd_632e000b42ec6*********
Jan 07 09:45:00 
Jan 07 09:45:00 任务完成失败：{"code":-30001,"msg":"登陆失败"}
Jan 07 09:45:00 
Jan 07 09:45:00 🔔东东健康社区收集能量收集, 结束! 🕛 0.595 秒
Jan 07 09:45:00 
Jan 07 10:05:00 
Jan 07 10:05:00 🔔东东健康社区收集能量收集, 开始!
Jan 07 10:05:00 
Jan 07 10:05:00 ====================共1个京东账号Cookie=========
Jan 07 10:05:00 
Jan 07 10:05:00 ==================脚本执行- 北京时间(UTC+8)：2022/1/7 上午10:05:00=====================
Jan 07 10:05:00 
Jan 07 10:05:00 
Jan 07 10:05:00 ******开始【京东账号1】jd_632e000b42ec6*********
Jan 07 10:05:00 
Jan 07 10:05:01 任务完成失败：{"code":-30001,"msg":"登陆失败"}
Jan 07 10:05:01 
Jan 07 10:05:01 🔔东东健康社区收集能量收集, 结束! 🕛 1.526 秒
Jan 07 10:05:01 
Jan 07 10:25:00 
Jan 07 10:25:00 🔔东东健康社区收集能量收集, 开始!
Jan 07 10:25:00 
Jan 07 10:25:00 ====================共1个京东账号Cookie=========
Jan 07 10:25:00 
Jan 07 10:25:00 ==================脚本执行- 北京时间(UTC+8)：2022/1/7 上午10:25:00=====================
Jan 07 10:25:00 
Jan 07 10:25:00 
Jan 07 10:25:00 ******开始【京东账号1】jd_632e000b42ec6*********
Jan 07 10:25:00 
Jan 07 10:25:00 任务完成失败：{"code":-30001,"msg":"登陆失败"}
Jan 07 10:25:00 
Jan 07 10:25:00 🔔东东健康社区收集能量收集, 结束! 🕛 0.581 秒
Jan 07 10:25:00 
Jan 07 10:45:00 
Jan 07 10:45:00 🔔东东健康社区收集能量收集, 开始!
Jan 07 10:45:00 
Jan 07 10:45:00 ====================共1个京东账号Cookie=========
Jan 07 10:45:00 
Jan 07 10:45:00 ==================脚本执行- 北京时间(UTC+8)：2022/1/7 上午10:45:00=====================
Jan 07 10:45:00 
Jan 07 10:45:00 
Jan 07 10:45:00 ******开始【京东账号1】jd_632e000b42ec6*********
Jan 07 10:45:00 
Jan 07 10:45:00 任务完成失败：{"code":-30001,"msg":"登陆失败"}
Jan 07 10:45:00 
Jan 07 10:45:00 🔔东东健康社区收集能量收集, 结束! 🕛 0.674 秒
Jan 07 10:45:00 
Jan 07 11:05:00 
Jan 07 11:05:00 🔔东东健康社区收集能量收集, 开始!
Jan 07 11:05:00 
Jan 07 11:05:00 ====================共1个京东账号Cookie=========
Jan 07 11:05:00 
Jan 07 11:05:00 ==================脚本执行- 北京时间(UTC+8)：2022/1/7 上午11:05:00=====================
Jan 07 11:05:00 
Jan 07 11:05:00 
Jan 07 11:05:00 ******开始【京东账号1】jd_632e000b42ec6*********
Jan 07 11:05:00 
Jan 07 11:05:01 任务完成失败：{"code":-30001,"msg":"登陆失败"}
Jan 07 11:05:01 
Jan 07 11:05:01 🔔东东健康社区收集能量收集, 结束! 🕛 1.611 秒
Jan 07 11:05:01 
Jan 07 11:25:00 
Jan 07 11:25:00 🔔东东健康社区收集能量收集, 开始!
Jan 07 11:25:00 
Jan 07 11:25:00 ====================共1个京东账号Cookie=========
Jan 07 11:25:00 
Jan 07 11:25:00 ==================脚本执行- 北京时间(UTC+8)：2022/1/7 上午11:25:00=====================
Jan 07 11:25:00 
Jan 07 11:25:00 
Jan 07 11:25:00 ******开始【京东账号1】jd_632e000b42ec6*********
Jan 07 11:25:00 
Jan 07 11:25:00 任务完成失败：{"code":-30001,"msg":"登陆失败"}
Jan 07 11:25:00 
Jan 07 11:25:00 🔔东东健康社区收集能量收集, 结束! 🕛 0.438 秒
Jan 07 11:25:00 
Jan 07 11:45:00 
Jan 07 11:45:00 🔔东东健康社区收集能量收集, 开始!
Jan 07 11:45:00 
Jan 07 11:45:00 ====================共1个京东账号Cookie=========
Jan 07 11:45:00 
Jan 07 11:45:00 ==================脚本执行- 北京时间(UTC+8)：2022/1/7 上午11:45:00=====================
Jan 07 11:45:00 
Jan 07 11:45:00 
Jan 07 11:45:00 ******开始【京东账号1】jd_632e000b42ec6*********
Jan 07 11:45:00 
Jan 07 11:45:00 任务完成失败：{"code":-30001,"msg":"登陆失败"}
Jan 07 11:45:00 
Jan 07 11:45:00 🔔东东健康社区收集能量收集, 结束! 🕛 0.454 秒
Jan 07 11:45:00 
Jan 07 12:05:00 
Jan 07 12:05:00 🔔东东健康社区收集能量收集, 开始!
Jan 07 12:05:00 
Jan 07 12:05:00 ====================共1个京东账号Cookie=========
Jan 07 12:05:00 
Jan 07 12:05:00 ==================脚本执行- 北京时间(UTC+8)：2022/1/7 下午12:05:00=====================
Jan 07 12:05:00 
Jan 07 12:05:00 
Jan 07 12:05:00 ******开始【京东账号1】jd_632e000b42ec6*********
Jan 07 12:05:00 
Jan 07 12:05:01 任务完成失败：{"code":-30001,"msg":"登陆失败"}
Jan 07 12:05:01 
Jan 07 12:05:01 🔔东东健康社区收集能量收集, 结束! 🕛 1.346 秒
Jan 07 12:05:01 
Jan 07 12:25:00 
Jan 07 12:25:00 🔔东东健康社区收集能量收集, 开始!
Jan 07 12:25:00 
Jan 07 12:25:00 ====================共1个京东账号Cookie=========
Jan 07 12:25:00 
Jan 07 12:25:00 ==================脚本执行- 北京时间(UTC+8)：2022/1/7 下午12:25:00=====================
Jan 07 12:25:00 
Jan 07 12:25:00 
Jan 07 12:25:00 ******开始【京东账号1】jd_632e000b42ec6*********
Jan 07 12:25:00 
Jan 07 12:25:00 任务完成失败：{"code":-30001,"msg":"登陆失败"}
Jan 07 12:25:00 
Jan 07 12:25:00 🔔东东健康社区收集能量收集, 结束! 🕛 0.402 秒
Jan 07 12:25:00 
Jan 07 12:45:00 
Jan 07 12:45:00 🔔东东健康社区收集能量收集, 开始!
Jan 07 12:45:00 
Jan 07 12:45:00 ====================共1个京东账号Cookie=========
Jan 07 12:45:00 
Jan 07 12:45:00 ==================脚本执行- 北京时间(UTC+8)：2022/1/7 下午12:45:00=====================
Jan 07 12:45:00 
Jan 07 12:45:00 
Jan 07 12:45:00 ******开始【京东账号1】jd_632e000b42ec6*********
Jan 07 12:45:00 
Jan 07 12:45:01 任务完成失败：{"code":-30001,"msg":"登陆失败"}
Jan 07 12:45:01 
Jan 07 12:45:01 🔔东东健康社区收集能量收集, 结束! 🕛 1.234 秒
Jan 07 12:45:01 
Jan 07 13:05:00 
Jan 07 13:05:00 🔔东东健康社区收集能量收集, 开始!
Jan 07 13:05:00 
Jan 07 13:05:00 ====================共1个京东账号Cookie=========
Jan 07 13:05:00 
Jan 07 13:05:00 ==================脚本执行- 北京时间(UTC+8)：2022/1/7 下午1:05:00=====================
Jan 07 13:05:00 
Jan 07 13:05:00 
Jan 07 13:05:00 ******开始【京东账号1】jd_632e000b42ec6*********
Jan 07 13:05:00 
Jan 07 13:05:01 任务完成失败：{"code":-30001,"msg":"登陆失败"}
Jan 07 13:05:01 
Jan 07 13:05:01 🔔东东健康社区收集能量收集, 结束! 🕛 1.066 秒
Jan 07 13:05:01 
Jan 07 13:25:00 
Jan 07 13:25:00 🔔东东健康社区收集能量收集, 开始!
Jan 07 13:25:00 
Jan 07 13:25:00 ====================共1个京东账号Cookie=========
Jan 07 13:25:00 
Jan 07 13:25:00 ==================脚本执行- 北京时间(UTC+8)：2022/1/7 下午1:25:00=====================
Jan 07 13:25:00 
Jan 07 13:25:00 
Jan 07 13:25:00 ******开始【京东账号1】jd_632e000b42ec6*********
Jan 07 13:25:00 
Jan 07 13:25:00 任务完成失败：{"code":-30001,"msg":"登陆失败"}
Jan 07 13:25:00 
Jan 07 13:25:00 🔔东东健康社区收集能量收集, 结束! 🕛 0.359 秒
Jan 07 13:25:00 
Jan 07 13:45:00 
Jan 07 13:45:00 🔔东东健康社区收集能量收集, 开始!
Jan 07 13:45:00 
Jan 07 13:45:00 ====================共1个京东账号Cookie=========
Jan 07 13:45:00 
Jan 07 13:45:00 ==================脚本执行- 北京时间(UTC+8)：2022/1/7 下午1:45:00=====================
Jan 07 13:45:00 
Jan 07 13:45:00 
Jan 07 13:45:00 ******开始【京东账号1】jd_632e000b42ec6*********
Jan 07 13:45:00 
Jan 07 13:45:00 任务完成失败：{"code":-30001,"msg":"登陆失败"}
Jan 07 13:45:00 
Jan 07 13:45:00 🔔东东健康社区收集能量收集, 结束! 🕛 0.316 秒
Jan 07 13:45:00 
Jan 07 14:05:00 
Jan 07 14:05:00 🔔东东健康社区收集能量收集, 开始!
Jan 07 14:05:00 
Jan 07 14:05:00 ====================共1个京东账号Cookie=========
Jan 07 14:05:00 
Jan 07 14:05:00 ==================脚本执行- 北京时间(UTC+8)：2022/1/7 下午2:05:00=====================
Jan 07 14:05:00 
Jan 07 14:05:00 
Jan 07 14:05:00 ******开始【京东账号1】jd_632e000b42ec6*********
Jan 07 14:05:00 
Jan 07 14:05:01 任务完成失败：{"code":-30001,"msg":"登陆失败"}
Jan 07 14:05:01 
Jan 07 14:05:01 🔔东东健康社区收集能量收集, 结束! 🕛 1.021 秒
Jan 07 14:05:01 
Jan 07 14:25:00 
Jan 07 14:25:00 🔔东东健康社区收集能量收集, 开始!
Jan 07 14:25:00 
Jan 07 14:25:00 ====================共1个京东账号Cookie=========
Jan 07 14:25:00 
Jan 07 14:25:00 ==================脚本执行- 北京时间(UTC+8)：2022/1/7 下午2:25:00=====================
Jan 07 14:25:00 
Jan 07 14:25:00 
Jan 07 14:25:00 ******开始【京东账号1】jd_632e000b42ec6*********
Jan 07 14:25:00 
Jan 07 14:25:00 任务完成失败：{"code":-30001,"msg":"登陆失败"}
Jan 07 14:25:00 
Jan 07 14:25:00 🔔东东健康社区收集能量收集, 结束! 🕛 0.293 秒
Jan 07 14:25:00 
Jan 07 14:45:00 
Jan 07 14:45:00 🔔东东健康社区收集能量收集, 开始!
Jan 07 14:45:00 
Jan 07 14:45:00 ====================共1个京东账号Cookie=========
Jan 07 14:45:00 
Jan 07 14:45:00 ==================脚本执行- 北京时间(UTC+8)：2022/1/7 下午2:45:00=====================
Jan 07 14:45:00 
Jan 07 14:45:00 
Jan 07 14:45:00 ******开始【京东账号1】jd_632e000b42ec6*********
Jan 07 14:45:00 
Jan 07 14:45:00 任务完成失败：{"code":-30001,"msg":"登陆失败"}
Jan 07 14:45:00 
Jan 07 14:45:00 🔔东东健康社区收集能量收集, 结束! 🕛 0.329 秒
Jan 07 14:45:00 
Jan 07 15:05:00 
Jan 07 15:05:00 🔔东东健康社区收集能量收集, 开始!
Jan 07 15:05:00 
Jan 07 15:05:00 ====================共1个京东账号Cookie=========
Jan 07 15:05:00 
Jan 07 15:05:00 ==================脚本执行- 北京时间(UTC+8)：2022/1/7 下午3:05:00=====================
Jan 07 15:05:00 
Jan 07 15:05:00 
Jan 07 15:05:00 ******开始【京东账号1】jd_632e000b42ec6*********
Jan 07 15:05:00 
Jan 07 15:05:01 任务完成失败：{"code":-30001,"msg":"登陆失败"}
Jan 07 15:05:01 
Jan 07 15:05:01 🔔东东健康社区收集能量收集, 结束! 🕛 1.311 秒
Jan 07 15:05:01 
Jan 07 15:25:00 
Jan 07 15:25:00 🔔东东健康社区收集能量收集, 开始!
Jan 07 15:25:00 
Jan 07 15:25:00 ====================共1个京东账号Cookie=========
Jan 07 15:25:00 
Jan 07 15:25:00 ==================脚本执行- 北京时间(UTC+8)：2022/1/7 下午3:25:00=====================
Jan 07 15:25:00 
Jan 07 15:25:00 
Jan 07 15:25:00 ******开始【京东账号1】jd_632e000b42ec6*********
Jan 07 15:25:00 
Jan 07 15:25:00 任务完成失败：{"code":-30001,"msg":"登陆失败"}
Jan 07 15:25:00 
Jan 07 15:25:00 🔔东东健康社区收集能量收集, 结束! 🕛 0.356 秒
Jan 07 15:25:00 
Jan 07 15:45:00 
Jan 07 15:45:00 🔔东东健康社区收集能量收集, 开始!
Jan 07 15:45:00 
Jan 07 15:45:00 ====================共1个京东账号Cookie=========
Jan 07 15:45:00 
Jan 07 15:45:00 ==================脚本执行- 北京时间(UTC+8)：2022/1/7 下午3:45:00=====================
Jan 07 15:45:00 
Jan 07 15:45:00 
Jan 07 15:45:00 ******开始【京东账号1】jd_632e000b42ec6*********
Jan 07 15:45:00 
Jan 07 15:45:00 任务完成失败：{"code":-30001,"msg":"登陆失败"}
Jan 07 15:45:00 
Jan 07 15:45:00 🔔东东健康社区收集能量收集, 结束! 🕛 0.33 秒
Jan 07 15:45:00 
Jan 07 16:05:00 
Jan 07 16:05:00 🔔东东健康社区收集能量收集, 开始!
Jan 07 16:05:00 
Jan 07 16:05:00 ====================共1个京东账号Cookie=========
Jan 07 16:05:00 
Jan 07 16:05:00 ==================脚本执行- 北京时间(UTC+8)：2022/1/7 下午4:05:00=====================
Jan 07 16:05:00 
Jan 07 16:05:00 
Jan 07 16:05:00 ******开始【京东账号1】jd_632e000b42ec6*********
Jan 07 16:05:00 
Jan 07 16:05:02 任务完成失败：{"code":-30001,"msg":"登陆失败"}
Jan 07 16:05:02 
Jan 07 16:05:02 🔔东东健康社区收集能量收集, 结束! 🕛 1.541 秒
Jan 07 16:05:02 
Jan 07 16:25:00 
Jan 07 16:25:00 🔔东东健康社区收集能量收集, 开始!
Jan 07 16:25:00 
Jan 07 16:25:00 ====================共1个京东账号Cookie=========
Jan 07 16:25:00 
Jan 07 16:25:00 ==================脚本执行- 北京时间(UTC+8)：2022/1/7 下午4:25:00=====================
Jan 07 16:25:00 
Jan 07 16:25:00 
Jan 07 16:25:00 ******开始【京东账号1】jd_632e000b42ec6*********
Jan 07 16:25:00 
Jan 07 16:25:00 任务完成失败：{"code":-30001,"msg":"登陆失败"}
Jan 07 16:25:00 
Jan 07 16:25:00 🔔东东健康社区收集能量收集, 结束! 🕛 0.326 秒
Jan 07 16:25:00 
Jan 07 16:45:00 
Jan 07 16:45:00 🔔东东健康社区收集能量收集, 开始!
Jan 07 16:45:00 
Jan 07 16:45:00 ====================共1个京东账号Cookie=========
Jan 07 16:45:00 
Jan 07 16:45:00 ==================脚本执行- 北京时间(UTC+8)：2022/1/7 下午4:45:00=====================
Jan 07 16:45:00 
Jan 07 16:45:00 
Jan 07 16:45:00 ******开始【京东账号1】jd_632e000b42ec6*********
Jan 07 16:45:00 
Jan 07 16:45:00 任务完成失败：{"code":-30001,"msg":"登陆失败"}
Jan 07 16:45:00 
Jan 07 16:45:00 🔔东东健康社区收集能量收集, 结束! 🕛 0.343 秒
Jan 07 16:45:00 
Jan 07 17:05:00 
Jan 07 17:05:00 🔔东东健康社区收集能量收集, 开始!
Jan 07 17:05:00 
Jan 07 17:05:00 ====================共1个京东账号Cookie=========
Jan 07 17:05:00 
Jan 07 17:05:00 ==================脚本执行- 北京时间(UTC+8)：2022/1/7 下午5:05:00=====================
Jan 07 17:05:00 
Jan 07 17:05:00 
Jan 07 17:05:00 ******开始【京东账号1】jd_632e000b42ec6*********
Jan 07 17:05:00 
Jan 07 17:05:02 任务完成失败：{"code":-30001,"msg":"登陆失败"}
Jan 07 17:05:02 
Jan 07 17:05:02 🔔东东健康社区收集能量收集, 结束! 🕛 1.323 秒
Jan 07 17:05:02 
Jan 07 17:25:00 
Jan 07 17:25:00 🔔东东健康社区收集能量收集, 开始!
Jan 07 17:25:00 
Jan 07 17:25:00 ====================共1个京东账号Cookie=========
Jan 07 17:25:00 
Jan 07 17:25:00 ==================脚本执行- 北京时间(UTC+8)：2022/1/7 下午5:25:00=====================
Jan 07 17:25:00 
Jan 07 17:25:00 
Jan 07 17:25:00 ******开始【京东账号1】jd_632e000b42ec6*********
Jan 07 17:25:00 
Jan 07 17:25:00 任务完成失败：{"code":-30001,"msg":"登陆失败"}
Jan 07 17:25:00 
Jan 07 17:25:00 🔔东东健康社区收集能量收集, 结束! 🕛 0.345 秒
Jan 07 17:25:00 
Jan 07 17:45:00 
Jan 07 17:45:00 🔔东东健康社区收集能量收集, 开始!
Jan 07 17:45:00 
Jan 07 17:45:00 ====================共1个京东账号Cookie=========
Jan 07 17:45:00 
Jan 07 17:45:00 ==================脚本执行- 北京时间(UTC+8)：2022/1/7 下午5:45:00=====================
Jan 07 17:45:00 
Jan 07 17:45:00 
Jan 07 17:45:00 ******开始【京东账号1】jd_632e000b42ec6*********
Jan 07 17:45:00 
Jan 07 17:45:00 任务完成失败：{"code":-30001,"msg":"登陆失败"}
Jan 07 17:45:00 
Jan 07 17:45:00 🔔东东健康社区收集能量收集, 结束! 🕛 0.324 秒
Jan 07 17:45:00 
Jan 07 18:05:00 
Jan 07 18:05:00 🔔东东健康社区收集能量收集, 开始!
Jan 07 18:05:00 
Jan 07 18:05:00 ====================共1个京东账号Cookie=========
Jan 07 18:05:00 
Jan 07 18:05:00 ==================脚本执行- 北京时间(UTC+8)：2022/1/7 下午6:05:00=====================
Jan 07 18:05:00 
Jan 07 18:05:00 
Jan 07 18:05:00 ******开始【京东账号1】jd_632e000b42ec6*********
Jan 07 18:05:00 
Jan 07 18:05:02 任务完成失败：{"code":-30001,"msg":"登陆失败"}
Jan 07 18:05:02 
Jan 07 18:05:02 🔔东东健康社区收集能量收集, 结束! 🕛 1.687 秒
Jan 07 18:05:02 
Jan 07 18:25:00 
Jan 07 18:25:00 🔔东东健康社区收集能量收集, 开始!
Jan 07 18:25:00 
Jan 07 18:25:00 ====================共1个京东账号Cookie=========
Jan 07 18:25:00 
Jan 07 18:25:00 ==================脚本执行- 北京时间(UTC+8)：2022/1/7 下午6:25:00=====================
Jan 07 18:25:00 
Jan 07 18:25:00 
Jan 07 18:25:00 ******开始【京东账号1】jd_632e000b42ec6*********
Jan 07 18:25:00 
Jan 07 18:25:00 任务完成失败：{"code":-30001,"msg":"登陆失败"}
Jan 07 18:25:00 
Jan 07 18:25:00 🔔东东健康社区收集能量收集, 结束! 🕛 0.345 秒
Jan 07 18:25:00 
Jan 07 18:45:00 
Jan 07 18:45:00 🔔东东健康社区收集能量收集, 开始!
Jan 07 18:45:00 
Jan 07 18:45:00 ====================共1个京东账号Cookie=========
Jan 07 18:45:00 
Jan 07 18:45:01 ==================脚本执行- 北京时间(UTC+8)：2022/1/7 下午6:45:00=====================
Jan 07 18:45:01 
Jan 07 18:45:01 
Jan 07 18:45:01 ******开始【京东账号1】jd_632e000b42ec6*********
Jan 07 18:45:01 
Jan 07 18:45:01 任务完成失败：{"code":-30001,"msg":"登陆失败"}
Jan 07 18:45:01 
Jan 07 18:45:01 🔔东东健康社区收集能量收集, 结束! 🕛 1.085 秒
Jan 07 18:45:01 
Jan 07 19:05:01 
Jan 07 19:05:01 🔔东东健康社区收集能量收集, 开始!
Jan 07 19:05:01 
Jan 07 19:05:01 ====================共1个京东账号Cookie=========
Jan 07 19:05:01 
Jan 07 19:05:01 ==================脚本执行- 北京时间(UTC+8)：2022/1/7 下午7:05:01=====================
Jan 07 19:05:01 
Jan 07 19:05:01 
Jan 07 19:05:01 ******开始【京东账号1】jd_632e000b42ec6*********
Jan 07 19:05:01 
Jan 07 19:05:02 任务完成失败：{"code":-30001,"msg":"登陆失败"}
Jan 07 19:05:02 
Jan 07 19:05:02 🔔东东健康社区收集能量收集, 结束! 🕛 1.485 秒
Jan 07 19:05:02 
Jan 07 19:25:00 
Jan 07 19:25:00 🔔东东健康社区收集能量收集, 开始!
Jan 07 19:25:00 
Jan 07 19:25:00 ====================共1个京东账号Cookie=========
Jan 07 19:25:00 
Jan 07 19:25:00 ==================脚本执行- 北京时间(UTC+8)：2022/1/7 下午7:25:00=====================
Jan 07 19:25:00 
Jan 07 19:25:00 
Jan 07 19:25:00 ******开始【京东账号1】jd_632e000b42ec6*********
Jan 07 19:25:00 
Jan 07 19:25:01 任务完成失败：{"code":-30001,"msg":"登陆失败"}
Jan 07 19:25:01 
Jan 07 19:25:01 🔔东东健康社区收集能量收集, 结束! 🕛 0.424 秒
Jan 07 19:25:01 
Jan 07 19:45:00 
Jan 07 19:45:00 🔔东东健康社区收集能量收集, 开始!
Jan 07 19:45:00 
Jan 07 19:45:00 ====================共1个京东账号Cookie=========
Jan 07 19:45:00 
Jan 07 19:45:00 ==================脚本执行- 北京时间(UTC+8)：2022/1/7 下午7:45:00=====================
Jan 07 19:45:00 
Jan 07 19:45:00 
Jan 07 19:45:00 ******开始【京东账号1】jd_632e000b42ec6*********
Jan 07 19:45:00 
Jan 07 19:45:01 任务完成失败：{"code":-30001,"msg":"登陆失败"}
Jan 07 19:45:01 
Jan 07 19:45:01 🔔东东健康社区收集能量收集, 结束! 🕛 0.395 秒
Jan 07 19:45:01 
Jan 07 20:05:01 
Jan 07 20:05:01 🔔东东健康社区收集能量收集, 开始!
Jan 07 20:05:01 
Jan 07 20:05:01 ====================共1个京东账号Cookie=========
Jan 07 20:05:01 
Jan 07 20:05:01 ==================脚本执行- 北京时间(UTC+8)：2022/1/7 下午8:05:01=====================
Jan 07 20:05:01 
Jan 07 20:05:01 
Jan 07 20:05:01 ******开始【京东账号1】jd_632e000b42ec6*********
Jan 07 20:05:01 
Jan 07 20:05:02 任务完成失败：{"code":-30001,"msg":"登陆失败"}
Jan 07 20:05:02 
Jan 07 20:05:02 🔔东东健康社区收集能量收集, 结束! 🕛 1.483 秒
Jan 07 20:05:02 
Jan 07 20:25:00 
Jan 07 20:25:00 🔔东东健康社区收集能量收集, 开始!
Jan 07 20:25:00 
Jan 07 20:25:00 ====================共1个京东账号Cookie=========
Jan 07 20:25:00 
Jan 07 20:25:00 ==================脚本执行- 北京时间(UTC+8)：2022/1/7 下午8:25:00=====================
Jan 07 20:25:00 
Jan 07 20:25:00 
Jan 07 20:25:00 ******开始【京东账号1】jd_632e000b42ec6*********
Jan 07 20:25:00 
Jan 07 20:25:01 任务完成失败：{"code":-30001,"msg":"登陆失败"}
Jan 07 20:25:01 
Jan 07 20:25:01 🔔东东健康社区收集能量收集, 结束! 🕛 0.359 秒
Jan 07 20:25:01 
Jan 07 20:45:00 
Jan 07 20:45:00 🔔东东健康社区收集能量收集, 开始!
Jan 07 20:45:00 
Jan 07 20:45:00 ====================共1个京东账号Cookie=========
Jan 07 20:45:00 
Jan 07 20:45:00 ==================脚本执行- 北京时间(UTC+8)：2022/1/7 下午8:45:00=====================
Jan 07 20:45:00 
Jan 07 20:45:00 
Jan 07 20:45:00 ******开始【京东账号1】jd_632e000b42ec6*********
Jan 07 20:45:00 
Jan 07 20:45:01 任务完成失败：{"code":-30001,"msg":"登陆失败"}
Jan 07 20:45:01 
Jan 07 20:45:01 🔔东东健康社区收集能量收集, 结束! 🕛 0.429 秒
Jan 07 20:45:01 
Jan 07 21:05:01 
Jan 07 21:05:01 🔔东东健康社区收集能量收集, 开始!
Jan 07 21:05:01 
Jan 07 21:05:01 ====================共1个京东账号Cookie=========
Jan 07 21:05:01 
Jan 07 21:05:01 ==================脚本执行- 北京时间(UTC+8)：2022/1/7 下午9:05:01=====================
Jan 07 21:05:01 
Jan 07 21:05:01 
Jan 07 21:05:01 ******开始【京东账号1】jd_632e000b42ec6*********
Jan 07 21:05:01 
Jan 07 21:05:02 任务完成失败：{"code":-30001,"msg":"登陆失败"}
Jan 07 21:05:02 
Jan 07 21:05:02 🔔东东健康社区收集能量收集, 结束! 🕛 1.43 秒
Jan 07 21:05:02 
Jan 07 21:25:00 
Jan 07 21:25:00 🔔东东健康社区收集能量收集, 开始!
Jan 07 21:25:00 
Jan 07 21:25:00 ====================共1个京东账号Cookie=========
Jan 07 21:25:00 
Jan 07 21:25:00 ==================脚本执行- 北京时间(UTC+8)：2022/1/7 下午9:25:00=====================
Jan 07 21:25:00 
Jan 07 21:25:00 
Jan 07 21:25:00 ******开始【京东账号1】jd_632e000b42ec6*********
Jan 07 21:25:00 
Jan 07 21:25:01 任务完成失败：{"code":-30001,"msg":"登陆失败"}
Jan 07 21:25:01 
Jan 07 21:25:01 🔔东东健康社区收集能量收集, 结束! 🕛 0.435 秒
Jan 07 21:25:01 
Jan 07 21:45:00 
Jan 07 21:45:00 🔔东东健康社区收集能量收集, 开始!
Jan 07 21:45:00 
Jan 07 21:45:00 ====================共1个京东账号Cookie=========
Jan 07 21:45:00 
Jan 07 21:45:00 ==================脚本执行- 北京时间(UTC+8)：2022/1/7 下午9:45:00=====================
Jan 07 21:45:00 
Jan 07 21:45:00 
Jan 07 21:45:00 ******开始【京东账号1】jd_632e000b42ec6*********
Jan 07 21:45:00 
Jan 07 21:45:01 任务完成失败：{"code":-30001,"msg":"登陆失败"}
Jan 07 21:45:01 
Jan 07 21:45:01 🔔东东健康社区收集能量收集, 结束! 🕛 0.435 秒
Jan 07 21:45:01 
Jan 07 22:05:01 
Jan 07 22:05:01 🔔东东健康社区收集能量收集, 开始!
Jan 07 22:05:01 
Jan 07 22:05:01 ====================共1个京东账号Cookie=========
Jan 07 22:05:01 
Jan 07 22:05:01 ==================脚本执行- 北京时间(UTC+8)：2022/1/7 下午10:05:01=====================
Jan 07 22:05:01 
Jan 07 22:05:01 
Jan 07 22:05:01 ******开始【京东账号1】jd_632e000b42ec6*********
Jan 07 22:05:01 
Jan 07 22:05:02 任务完成失败：{"code":-30001,"msg":"登陆失败"}
Jan 07 22:05:02 
Jan 07 22:05:02 🔔东东健康社区收集能量收集, 结束! 🕛 1.409 秒
Jan 07 22:05:02 
Jan 07 22:25:00 
Jan 07 22:25:00 🔔东东健康社区收集能量收集, 开始!
Jan 07 22:25:00 
Jan 07 22:25:00 ====================共1个京东账号Cookie=========
Jan 07 22:25:00 
Jan 07 22:25:00 ==================脚本执行- 北京时间(UTC+8)：2022/1/7 下午10:25:00=====================
Jan 07 22:25:00 
Jan 07 22:25:00 
Jan 07 22:25:00 ******开始【京东账号1】jd_632e000b42ec6*********
Jan 07 22:25:00 
Jan 07 22:25:01 任务完成失败：{"code":-30001,"msg":"登陆失败"}
Jan 07 22:25:01 
Jan 07 22:25:01 🔔东东健康社区收集能量收集, 结束! 🕛 0.472 秒
Jan 07 22:25:01 
Jan 07 22:45:00 
Jan 07 22:45:00 🔔东东健康社区收集能量收集, 开始!
Jan 07 22:45:00 
Jan 07 22:45:00 ====================共1个京东账号Cookie=========
Jan 07 22:45:00 
Jan 07 22:45:00 ==================脚本执行- 北京时间(UTC+8)：2022/1/7 下午10:45:00=====================
Jan 07 22:45:00 
Jan 07 22:45:00 
Jan 07 22:45:00 ******开始【京东账号1】jd_632e000b42ec6*********
Jan 07 22:45:00 
Jan 07 22:45:01 任务完成失败：{"code":-30001,"msg":"登陆失败"}
Jan 07 22:45:01 
Jan 07 22:45:01 🔔东东健康社区收集能量收集, 结束! 🕛 0.454 秒
Jan 07 22:45:01 
Jan 07 23:05:01 
Jan 07 23:05:01 🔔东东健康社区收集能量收集, 开始!
Jan 07 23:05:01 
Jan 07 23:05:01 ====================共1个京东账号Cookie=========
Jan 07 23:05:01 
Jan 07 23:05:01 ==================脚本执行- 北京时间(UTC+8)：2022/1/7 下午11:05:01=====================
Jan 07 23:05:01 
Jan 07 23:05:01 
Jan 07 23:05:01 ******开始【京东账号1】jd_632e000b42ec6*********
Jan 07 23:05:01 
Jan 07 23:05:02 任务完成失败：{"code":-30001,"msg":"登陆失败"}
Jan 07 23:05:02 
Jan 07 23:05:02 🔔东东健康社区收集能量收集, 结束! 🕛 1.56 秒
Jan 07 23:05:02 
Jan 07 23:25:00 
Jan 07 23:25:00 🔔东东健康社区收集能量收集, 开始!
Jan 07 23:25:00 
Jan 07 23:25:00 ====================共1个京东账号Cookie=========
Jan 07 23:25:00 
Jan 07 23:25:00 ==================脚本执行- 北京时间(UTC+8)：2022/1/7 下午11:25:00=====================
Jan 07 23:25:00 
Jan 07 23:25:00 
Jan 07 23:25:00 ******开始【京东账号1】jd_632e000b42ec6*********
Jan 07 23:25:00 
Jan 07 23:25:01 任务完成失败：{"code":-30001,"msg":"登陆失败"}
Jan 07 23:25:01 
Jan 07 23:25:01 🔔东东健康社区收集能量收集, 结束! 🕛 0.526 秒
Jan 07 23:25:01 
Jan 07 23:45:01 
Jan 07 23:45:01 🔔东东健康社区收集能量收集, 开始!
Jan 07 23:45:01 
Jan 07 23:45:01 ====================共1个京东账号Cookie=========
Jan 07 23:45:01 
Jan 07 23:45:01 ==================脚本执行- 北京时间(UTC+8)：2022/1/7 下午11:45:01=====================
Jan 07 23:45:01 
Jan 07 23:45:01 
Jan 07 23:45:01 ******开始【京东账号1】jd_632e000b42ec6*********
Jan 07 23:45:01 
Jan 07 23:45:02 任务完成失败：{"code":-30001,"msg":"登陆失败"}
Jan 07 23:45:02 
Jan 07 23:45:02 🔔东东健康社区收集能量收集, 结束! 🕛 1.252 秒
Jan 07 23:45:02 
Jan 08 00:05:01 
Jan 08 00:05:01 🔔东东健康社区收集能量收集, 开始!
Jan 08 00:05:01 
Jan 08 00:05:01 ====================共1个京东账号Cookie=========
Jan 08 00:05:01 
Jan 08 00:05:02 ==================脚本执行- 北京时间(UTC+8)：2022/1/8 上午12:05:01=====================
Jan 08 00:05:02 
Jan 08 00:05:02 
Jan 08 00:05:02 ******开始【京东账号1】jd_632e000b42ec6*********
Jan 08 00:05:02 
Jan 08 00:05:03 任务完成失败：{"code":-30001,"msg":"登陆失败"}
Jan 08 00:05:03 
Jan 08 00:05:03 🔔东东健康社区收集能量收集, 结束! 🕛 2.202 秒
Jan 08 00:05:03 
Jan 08 00:25:00 
Jan 08 00:25:00 🔔东东健康社区收集能量收集, 开始!
Jan 08 00:25:00 
Jan 08 00:25:00 ====================共1个京东账号Cookie=========
Jan 08 00:25:00 
Jan 08 00:25:00 ==================脚本执行- 北京时间(UTC+8)：2022/1/8 上午12:25:00=====================
Jan 08 00:25:00 
Jan 08 00:25:00 
Jan 08 00:25:00 ******开始【京东账号1】jd_632e000b42ec6*********
Jan 08 00:25:00 
Jan 08 00:25:01 任务完成失败：{"code":-30001,"msg":"登陆失败"}
Jan 08 00:25:01 
Jan 08 00:25:01 🔔东东健康社区收集能量收集, 结束! 🕛 0.487 秒
Jan 08 00:25:01 
Jan 08 00:45:01 
Jan 08 00:45:01 🔔东东健康社区收集能量收集, 开始!
Jan 08 00:45:01 
Jan 08 00:45:01 ====================共1个京东账号Cookie=========
Jan 08 00:45:01 
Jan 08 00:45:02 ==================脚本执行- 北京时间(UTC+8)：2022/1/8 上午12:45:01=====================
Jan 08 00:45:02 
Jan 08 00:45:02 
Jan 08 00:45:02 ******开始【京东账号1】jd_632e000b42ec6*********
Jan 08 00:45:02 
Jan 08 00:45:03 任务完成失败：{"code":-30001,"msg":"登陆失败"}
Jan 08 00:45:03 
Jan 08 00:45:03 🔔东东健康社区收集能量收集, 结束! 🕛 2.088 秒
Jan 08 00:45:03 
Jan 08 01:05:02 
Jan 08 01:05:02 🔔东东健康社区收集能量收集, 开始!
Jan 08 01:05:02 
Jan 08 01:05:02 ====================共1个京东账号Cookie=========
Jan 08 01:05:02 
Jan 08 01:05:02 ==================脚本执行- 北京时间(UTC+8)：2022/1/8 上午1:05:02=====================
Jan 08 01:05:02 
Jan 08 01:05:02 
Jan 08 01:05:02 ******开始【京东账号1】jd_632e000b42ec6*********
Jan 08 01:05:02 
Jan 08 01:05:04 任务完成失败：{"code":-30001,"msg":"登陆失败"}
Jan 08 01:05:04 
Jan 08 01:05:04 🔔东东健康社区收集能量收集, 结束! 🕛 2.958 秒
Jan 08 01:05:04 
Jan 08 01:25:01 
Jan 08 01:25:01 🔔东东健康社区收集能量收集, 开始!
Jan 08 01:25:01 
Jan 08 01:25:01 ====================共1个京东账号Cookie=========
Jan 08 01:25:01 
Jan 08 01:25:01 ==================脚本执行- 北京时间(UTC+8)：2022/1/8 上午1:25:01=====================
Jan 08 01:25:01 
Jan 08 01:25:01 
Jan 08 01:25:01 ******开始【京东账号1】jd_632e000b42ec6*********
Jan 08 01:25:01 
Jan 08 01:25:01 任务完成失败：{"code":-30001,"msg":"登陆失败"}
Jan 08 01:25:01 
Jan 08 01:25:01 🔔东东健康社区收集能量收集, 结束! 🕛 0.5 秒
Jan 08 01:25:01 
Jan 08 01:45:01 
Jan 08 01:45:01 🔔东东健康社区收集能量收集, 开始!
Jan 08 01:45:01 
Jan 08 01:45:01 ====================共1个京东账号Cookie=========
Jan 08 01:45:01 
Jan 08 01:45:01 ==================脚本执行- 北京时间(UTC+8)：2022/1/8 上午1:45:01=====================
Jan 08 01:45:01 
Jan 08 01:45:01 
Jan 08 01:45:01 ******开始【京东账号1】jd_632e000b42ec6*********
Jan 08 01:45:01 
Jan 08 01:45:01 任务完成失败：{"code":-30001,"msg":"登陆失败"}
Jan 08 01:45:01 
Jan 08 01:45:01 🔔东东健康社区收集能量收集, 结束! 🕛 0.516 秒
Jan 08 01:45:01 
Jan 08 02:05:01 
Jan 08 02:05:01 🔔东东健康社区收集能量收集, 开始!
Jan 08 02:05:01 
Jan 08 02:05:01 ====================共1个京东账号Cookie=========
Jan 08 02:05:01 
Jan 08 02:05:01 ==================脚本执行- 北京时间(UTC+8)：2022/1/8 上午2:05:01=====================
Jan 08 02:05:01 
Jan 08 02:05:01 
Jan 08 02:05:01 ******开始【京东账号1】jd_632e000b42ec6*********
Jan 08 02:05:01 
Jan 08 02:05:03 任务完成失败：{"code":-30001,"msg":"登陆失败"}
Jan 08 02:05:03 
Jan 08 02:05:03 🔔东东健康社区收集能量收集, 结束! 🕛 1.457 秒
Jan 08 02:05:03 
Jan 08 02:25:01 
Jan 08 02:25:01 🔔东东健康社区收集能量收集, 开始!
Jan 08 02:25:01 
Jan 08 02:25:01 ====================共1个京东账号Cookie=========
Jan 08 02:25:01 
Jan 08 02:25:01 ==================脚本执行- 北京时间(UTC+8)：2022/1/8 上午2:25:01=====================
Jan 08 02:25:01 
Jan 08 02:25:01 
Jan 08 02:25:01 ******开始【京东账号1】jd_632e000b42ec6*********
Jan 08 02:25:01 
Jan 08 02:25:01 任务完成失败：{"code":-30001,"msg":"登陆失败"}
Jan 08 02:25:01 
Jan 08 02:25:01 🔔东东健康社区收集能量收集, 结束! 🕛 0.489 秒
Jan 08 02:25:01 
Jan 08 02:45:01 
Jan 08 02:45:01 🔔东东健康社区收集能量收集, 开始!
Jan 08 02:45:01 
Jan 08 02:45:01 ====================共1个京东账号Cookie=========
Jan 08 02:45:01 
Jan 08 02:45:01 ==================脚本执行- 北京时间(UTC+8)：2022/1/8 上午2:45:01=====================
Jan 08 02:45:01 
Jan 08 02:45:01 
Jan 08 02:45:01 ******开始【京东账号1】jd_632e000b42ec6*********
Jan 08 02:45:01 
Jan 08 02:45:01 任务完成失败：{"code":-30001,"msg":"登陆失败"}
Jan 08 02:45:01 
Jan 08 02:45:01 🔔东东健康社区收集能量收集, 结束! 🕛 0.485 秒
Jan 08 02:45:01 
Jan 08 03:05:01 
Jan 08 03:05:01 🔔东东健康社区收集能量收集, 开始!
Jan 08 03:05:01 
Jan 08 03:05:01 ====================共1个京东账号Cookie=========
Jan 08 03:05:01 
Jan 08 03:05:01 ==================脚本执行- 北京时间(UTC+8)：2022/1/8 上午3:05:01=====================
Jan 08 03:05:01 
Jan 08 03:05:01 
Jan 08 03:05:01 ******开始【京东账号1】jd_632e000b42ec6*********
Jan 08 03:05:01 
Jan 08 03:05:02 任务完成失败：{"code":-30001,"msg":"登陆失败"}
Jan 08 03:05:02 
Jan 08 03:05:02 🔔东东健康社区收集能量收集, 结束! 🕛 1.29 秒
Jan 08 03:05:02 
Jan 08 03:25:01 
Jan 08 03:25:01 🔔东东健康社区收集能量收集, 开始!
Jan 08 03:25:01 
Jan 08 03:25:01 ====================共1个京东账号Cookie=========
Jan 08 03:25:01 
Jan 08 03:25:01 ==================脚本执行- 北京时间(UTC+8)：2022/1/8 上午3:25:01=====================
Jan 08 03:25:01 
Jan 08 03:25:01 
Jan 08 03:25:01 ******开始【京东账号1】jd_632e000b42ec6*********
Jan 08 03:25:01 
Jan 08 03:25:01 任务完成失败：{"code":-30001,"msg":"登陆失败"}
Jan 08 03:25:01 
Jan 08 03:25:01 🔔东东健康社区收集能量收集, 结束! 🕛 0.504 秒
Jan 08 03:25:01 
Jan 08 03:45:00 
Jan 08 03:45:00 🔔东东健康社区收集能量收集, 开始!
Jan 08 03:45:00 
Jan 08 03:45:00 ====================共1个京东账号Cookie=========
Jan 08 03:45:00 
Jan 08 03:45:00 ==================脚本执行- 北京时间(UTC+8)：2022/1/8 上午3:45:00=====================
Jan 08 03:45:00 
Jan 08 03:45:00 
Jan 08 03:45:00 ******开始【京东账号1】jd_632e000b42ec6*********
Jan 08 03:45:00 
Jan 08 03:45:00 任务完成失败：{"code":-30001,"msg":"登陆失败"}
Jan 08 03:45:00 
Jan 08 03:45:00 🔔东东健康社区收集能量收集, 结束! 🕛 0.476 秒
Jan 08 03:45:00 
Jan 08 04:05:00 
Jan 08 04:05:00 🔔东东健康社区收集能量收集, 开始!
Jan 08 04:05:00 
Jan 08 04:05:00 ====================共1个京东账号Cookie=========
Jan 08 04:05:00 
Jan 08 04:05:00 ==================脚本执行- 北京时间(UTC+8)：2022/1/8 上午4:05:00=====================
Jan 08 04:05:00 
Jan 08 04:05:00 
Jan 08 04:05:00 ******开始【京东账号1】jd_632e000b42ec6*********
Jan 08 04:05:00 
Jan 08 04:05:01 任务完成失败：{"code":-30001,"msg":"登陆失败"}
Jan 08 04:05:01 
Jan 08 04:05:01 🔔东东健康社区收集能量收集, 结束! 🕛 1.372 秒
Jan 08 04:05:01 
Jan 08 04:25:00 
Jan 08 04:25:00 🔔东东健康社区收集能量收集, 开始!
Jan 08 04:25:00 
Jan 08 04:25:00 ====================共1个京东账号Cookie=========
Jan 08 04:25:00 
Jan 08 04:25:00 ==================脚本执行- 北京时间(UTC+8)：2022/1/8 上午4:25:00=====================
Jan 08 04:25:00 
Jan 08 04:25:00 
Jan 08 04:25:00 ******开始【京东账号1】jd_632e000b42ec6*********
Jan 08 04:25:00 
Jan 08 04:25:00 任务完成失败：{"code":-30001,"msg":"登陆失败"}
Jan 08 04:25:00 
Jan 08 04:25:00 🔔东东健康社区收集能量收集, 结束! 🕛 0.485 秒
Jan 08 04:25:00 
Jan 08 04:45:00 
Jan 08 04:45:00 🔔东东健康社区收集能量收集, 开始!
Jan 08 04:45:00 
Jan 08 04:45:00 ====================共1个京东账号Cookie=========
Jan 08 04:45:00 
Jan 08 04:45:00 ==================脚本执行- 北京时间(UTC+8)：2022/1/8 上午4:45:00=====================
Jan 08 04:45:00 
Jan 08 04:45:00 
Jan 08 04:45:00 ******开始【京东账号1】jd_632e000b42ec6*********
Jan 08 04:45:00 
Jan 08 04:45:00 任务完成失败：{"code":-30001,"msg":"登陆失败"}
Jan 08 04:45:00 
Jan 08 04:45:00 🔔东东健康社区收集能量收集, 结束! 🕛 0.485 秒
Jan 08 04:45:00 
Jan 08 05:05:00 
Jan 08 05:05:00 🔔东东健康社区收集能量收集, 开始!
Jan 08 05:05:00 
Jan 08 05:05:00 ====================共1个京东账号Cookie=========
Jan 08 05:05:00 
Jan 08 05:05:00 ==================脚本执行- 北京时间(UTC+8)：2022/1/8 上午5:05:00=====================
Jan 08 05:05:00 
Jan 08 05:05:00 
Jan 08 05:05:00 ******开始【京东账号1】jd_632e000b42ec6*********
Jan 08 05:05:00 
Jan 08 05:05:01 任务完成失败：{"code":-30001,"msg":"登陆失败"}
Jan 08 05:05:01 
Jan 08 05:05:01 🔔东东健康社区收集能量收集, 结束! 🕛 1.202 秒
Jan 08 05:05:01 
Jan 08 05:25:00 
Jan 08 05:25:00 🔔东东健康社区收集能量收集, 开始!
Jan 08 05:25:00 
Jan 08 05:25:00 ====================共1个京东账号Cookie=========
Jan 08 05:25:00 
Jan 08 05:25:00 ==================脚本执行- 北京时间(UTC+8)：2022/1/8 上午5:25:00=====================
Jan 08 05:25:00 
Jan 08 05:25:00 
Jan 08 05:25:00 ******开始【京东账号1】jd_632e000b42ec6*********
Jan 08 05:25:00 
Jan 08 05:25:00 任务完成失败：{"code":-30001,"msg":"登陆失败"}
Jan 08 05:25:00 
Jan 08 05:25:00 🔔东东健康社区收集能量收集, 结束! 🕛 0.46 秒
Jan 08 05:25:00 
Jan 08 05:45:00 
Jan 08 05:45:00 🔔东东健康社区收集能量收集, 开始!
Jan 08 05:45:00 
Jan 08 05:45:00 ====================共1个京东账号Cookie=========
Jan 08 05:45:00 
Jan 08 05:45:00 ==================脚本执行- 北京时间(UTC+8)：2022/1/8 上午5:45:00=====================
Jan 08 05:45:00 
Jan 08 05:45:00 
Jan 08 05:45:00 ******开始【京东账号1】jd_632e000b42ec6*********
Jan 08 05:45:00 
Jan 08 05:45:00 任务完成失败：{"code":-30001,"msg":"登陆失败"}
Jan 08 05:45:00 
Jan 08 05:45:00 🔔东东健康社区收集能量收集, 结束! 🕛 0.477 秒
Jan 08 05:45:00 
Jan 08 06:05:00 
Jan 08 06:05:00 🔔东东健康社区收集能量收集, 开始!
Jan 08 06:05:00 
Jan 08 06:05:00 ====================共1个京东账号Cookie=========
Jan 08 06:05:00 
Jan 08 06:05:00 ==================脚本执行- 北京时间(UTC+8)：2022/1/8 上午6:05:00=====================
Jan 08 06:05:00 
Jan 08 06:05:00 
Jan 08 06:05:00 ******开始【京东账号1】jd_632e000b42ec6*********
Jan 08 06:05:00 
Jan 08 06:05:01 任务完成失败：{"code":-30001,"msg":"登陆失败"}
Jan 08 06:05:01 
Jan 08 06:05:01 🔔东东健康社区收集能量收集, 结束! 🕛 1.25 秒
Jan 08 06:05:01 
Jan 08 06:25:00 
Jan 08 06:25:00 🔔东东健康社区收集能量收集, 开始!
Jan 08 06:25:00 
Jan 08 06:25:00 ====================共1个京东账号Cookie=========
Jan 08 06:25:00 
Jan 08 06:25:00 ==================脚本执行- 北京时间(UTC+8)：2022/1/8 上午6:25:00=====================
Jan 08 06:25:00 
Jan 08 06:25:00 
Jan 08 06:25:00 ******开始【京东账号1】jd_632e000b42ec6*********
Jan 08 06:25:00 
Jan 08 06:25:00 任务完成失败：{"code":-30001,"msg":"登陆失败"}
Jan 08 06:25:00 
Jan 08 06:25:00 🔔东东健康社区收集能量收集, 结束! 🕛 0.478 秒
Jan 08 06:25:00 
Jan 08 06:45:00 
Jan 08 06:45:00 🔔东东健康社区收集能量收集, 开始!
Jan 08 06:45:00 
Jan 08 06:45:00 ====================共1个京东账号Cookie=========
Jan 08 06:45:00 
Jan 08 06:45:00 ==================脚本执行- 北京时间(UTC+8)：2022/1/8 上午6:45:00=====================
Jan 08 06:45:00 
Jan 08 06:45:00 
Jan 08 06:45:00 ******开始【京东账号1】jd_632e000b42ec6*********
Jan 08 06:45:00 
Jan 08 06:45:01 任务完成失败：{"code":-30001,"msg":"登陆失败"}
Jan 08 06:45:01 
Jan 08 06:45:01 🔔东东健康社区收集能量收集, 结束! 🕛 1.231 秒
Jan 08 06:45:01 
Jan 08 07:05:00 
Jan 08 07:05:00 🔔东东健康社区收集能量收集, 开始!
Jan 08 07:05:00 
Jan 08 07:05:00 ====================共1个京东账号Cookie=========
Jan 08 07:05:00 
Jan 08 07:05:00 ==================脚本执行- 北京时间(UTC+8)：2022/1/8 上午7:05:00=====================
Jan 08 07:05:00 
Jan 08 07:05:00 
Jan 08 07:05:00 ******开始【京东账号1】jd_632e000b42ec6*********
Jan 08 07:05:00 
Jan 08 07:05:01 任务完成失败：{"code":-30001,"msg":"登陆失败"}
Jan 08 07:05:01 
Jan 08 07:05:01 🔔东东健康社区收集能量收集, 结束! 🕛 1.457 秒
Jan 08 07:05:01 
Jan 08 07:25:00 
Jan 08 07:25:00 🔔东东健康社区收集能量收集, 开始!
Jan 08 07:25:00 
Jan 08 07:25:00 ====================共1个京东账号Cookie=========
Jan 08 07:25:00 
Jan 08 07:25:00 ==================脚本执行- 北京时间(UTC+8)：2022/1/8 上午7:25:00=====================
Jan 08 07:25:00 
Jan 08 07:25:00 
Jan 08 07:25:00 ******开始【京东账号1】jd_632e000b42ec6*********
Jan 08 07:25:00 
Jan 08 07:25:00 任务完成失败：{"code":-30001,"msg":"登陆失败"}
Jan 08 07:25:00 
Jan 08 07:25:00 🔔东东健康社区收集能量收集, 结束! 🕛 0.446 秒
Jan 08 07:25:00 
Jan 08 07:45:00 
Jan 08 07:45:00 🔔东东健康社区收集能量收集, 开始!
Jan 08 07:45:00 
Jan 08 07:45:00 ====================共1个京东账号Cookie=========
Jan 08 07:45:00 
Jan 08 07:45:00 ==================脚本执行- 北京时间(UTC+8)：2022/1/8 上午7:45:00=====================
Jan 08 07:45:00 
Jan 08 07:45:00 
Jan 08 07:45:00 ******开始【京东账号1】jd_632e000b42ec6*********
Jan 08 07:45:00 
Jan 08 07:45:00 任务完成失败：{"code":-30001,"msg":"登陆失败"}
Jan 08 07:45:00 
Jan 08 07:45:00 🔔东东健康社区收集能量收集, 结束! 🕛 0.48 秒
Jan 08 07:45:00 
Jan 08 08:05:01 
Jan 08 08:05:01 🔔东东健康社区收集能量收集, 开始!
Jan 08 08:05:01 
Jan 08 08:05:01 ====================共1个京东账号Cookie=========
Jan 08 08:05:01 
Jan 08 08:05:01 ==================脚本执行- 北京时间(UTC+8)：2022/1/8 上午8:05:01=====================
Jan 08 08:05:01 
Jan 08 08:05:01 
Jan 08 08:05:01 ******开始【京东账号1】jd_632e000b42ec6*********
Jan 08 08:05:01 
Jan 08 08:05:03 任务完成失败：{"code":-30001,"msg":"登陆失败"}
Jan 08 08:05:03 
Jan 08 08:05:03 🔔东东健康社区收集能量收集, 结束! 🕛 2.414 秒
Jan 08 08:05:03 
Jan 08 08:25:00 
Jan 08 08:25:00 🔔东东健康社区收集能量收集, 开始!
Jan 08 08:25:00 
Jan 08 08:25:00 ====================共1个京东账号Cookie=========
Jan 08 08:25:00 
Jan 08 08:25:00 ==================脚本执行- 北京时间(UTC+8)：2022/1/8 上午8:25:00=====================
Jan 08 08:25:00 
Jan 08 08:25:00 
Jan 08 08:25:00 ******开始【京东账号1】jd_632e000b42ec6*********
Jan 08 08:25:00 
Jan 08 08:25:00 任务完成失败：{"code":-30001,"msg":"登陆失败"}
Jan 08 08:25:00 
Jan 08 08:25:00 🔔东东健康社区收集能量收集, 结束! 🕛 0.474 秒
Jan 08 08:25:00 
Jan 08 08:45:00 
Jan 08 08:45:00 🔔东东健康社区收集能量收集, 开始!
Jan 08 08:45:00 
Jan 08 08:45:00 ====================共1个京东账号Cookie=========
Jan 08 08:45:00 
Jan 08 08:45:00 ==================脚本执行- 北京时间(UTC+8)：2022/1/8 上午8:45:00=====================
Jan 08 08:45:00 
Jan 08 08:45:00 
Jan 08 08:45:00 ******开始【京东账号1】jd_632e000b42ec6*********
Jan 08 08:45:00 
Jan 08 08:45:00 任务完成失败：{"code":-30001,"msg":"登陆失败"}
Jan 08 08:45:00 
Jan 08 08:45:00 🔔东东健康社区收集能量收集, 结束! 🕛 0.451 秒
Jan 08 08:45:00 
Jan 08 09:05:00 
Jan 08 09:05:00 🔔东东健康社区收集能量收集, 开始!
Jan 08 09:05:00 
Jan 08 09:05:00 ====================共1个京东账号Cookie=========
Jan 08 09:05:00 
Jan 08 09:05:01 ==================脚本执行- 北京时间(UTC+8)：2022/1/8 上午9:05:00=====================
Jan 08 09:05:01 
Jan 08 09:05:01 
Jan 08 09:05:01 ******开始【京东账号1】jd_632e000b42ec6*********
Jan 08 09:05:01 
Jan 08 09:05:02 任务完成失败：{"code":-30001,"msg":"登陆失败"}
Jan 08 09:05:02 
Jan 08 09:05:02 🔔东东健康社区收集能量收集, 结束! 🕛 1.47 秒
Jan 08 09:05:02 
Jan 08 09:25:00 
Jan 08 09:25:00 🔔东东健康社区收集能量收集, 开始!
Jan 08 09:25:00 
Jan 08 09:25:00 ====================共1个京东账号Cookie=========
Jan 08 09:25:00 
Jan 08 09:25:00 ==================脚本执行- 北京时间(UTC+8)：2022/1/8 上午9:25:00=====================
Jan 08 09:25:00 
Jan 08 09:25:00 
Jan 08 09:25:00 ******开始【京东账号1】jd_632e000b42ec6*********
Jan 08 09:25:00 
Jan 08 09:25:01 任务完成失败：{"code":-30001,"msg":"登陆失败"}
Jan 08 09:25:01 
Jan 08 09:25:01 🔔东东健康社区收集能量收集, 结束! 🕛 0.488 秒
Jan 08 09:25:01 
Jan 08 09:45:00 
Jan 08 09:45:00 🔔东东健康社区收集能量收集, 开始!
Jan 08 09:45:00 
Jan 08 09:45:00 ====================共1个京东账号Cookie=========
Jan 08 09:45:00 
Jan 08 09:45:00 ==================脚本执行- 北京时间(UTC+8)：2022/1/8 上午9:45:00=====================
Jan 08 09:45:00 
Jan 08 09:45:00 
Jan 08 09:45:00 ******开始【京东账号1】jd_632e000b42ec6*********
Jan 08 09:45:00 
Jan 08 09:45:01 任务完成失败：{"code":-30001,"msg":"登陆失败"}
Jan 08 09:45:01 
Jan 08 09:45:01 🔔东东健康社区收集能量收集, 结束! 🕛 0.488 秒
Jan 08 09:45:01 
Jan 08 10:05:01 
Jan 08 10:05:01 🔔东东健康社区收集能量收集, 开始!
Jan 08 10:05:01 
Jan 08 10:05:01 ====================共1个京东账号Cookie=========
Jan 08 10:05:01 
Jan 08 10:05:01 ==================脚本执行- 北京时间(UTC+8)：2022/1/8 上午10:05:01=====================
Jan 08 10:05:01 
Jan 08 10:05:01 
Jan 08 10:05:01 ******开始【京东账号1】jd_632e000b42ec6*********
Jan 08 10:05:01 
Jan 08 10:05:02 任务完成失败：{"code":-30001,"msg":"登陆失败"}
Jan 08 10:05:02 
Jan 08 10:05:02 🔔东东健康社区收集能量收集, 结束! 🕛 1.616 秒
Jan 08 10:05:02 
Jan 08 10:25:00 
Jan 08 10:25:00 🔔东东健康社区收集能量收集, 开始!
Jan 08 10:25:00 
Jan 08 10:25:00 ====================共1个京东账号Cookie=========
Jan 08 10:25:00 
Jan 08 10:25:00 ==================脚本执行- 北京时间(UTC+8)：2022/1/8 上午10:25:00=====================
Jan 08 10:25:00 
Jan 08 10:25:00 
Jan 08 10:25:00 ******开始【京东账号1】jd_632e000b42ec6*********
Jan 08 10:25:00 
Jan 08 10:25:01 任务完成失败：{"code":-30001,"msg":"登陆失败"}
Jan 08 10:25:01 
Jan 08 10:25:01 🔔东东健康社区收集能量收集, 结束! 🕛 0.474 秒
Jan 08 10:25:01 
Jan 08 10:45:00 
Jan 08 10:45:00 🔔东东健康社区收集能量收集, 开始!
Jan 08 10:45:00 
Jan 08 10:45:00 ====================共1个京东账号Cookie=========
Jan 08 10:45:00 
Jan 08 10:45:00 ==================脚本执行- 北京时间(UTC+8)：2022/1/8 上午10:45:00=====================
Jan 08 10:45:00 
Jan 08 10:45:00 
Jan 08 10:45:00 ******开始【京东账号1】jd_632e000b42ec6*********
Jan 08 10:45:00 
Jan 08 10:45:01 任务完成失败：{"code":-30001,"msg":"登陆失败"}
Jan 08 10:45:01 
Jan 08 10:45:01 🔔东东健康社区收集能量收集, 结束! 🕛 0.475 秒
Jan 08 10:45:01 
Jan 08 11:05:01 
Jan 08 11:05:01 🔔东东健康社区收集能量收集, 开始!
Jan 08 11:05:01 
Jan 08 11:05:01 ====================共1个京东账号Cookie=========
Jan 08 11:05:01 
Jan 08 11:05:01 ==================脚本执行- 北京时间(UTC+8)：2022/1/8 上午11:05:01=====================
Jan 08 11:05:01 
Jan 08 11:05:01 
Jan 08 11:05:01 ******开始【京东账号1】jd_632e000b42ec6*********
Jan 08 11:05:01 
Jan 08 11:05:02 任务完成失败：{"code":-30001,"msg":"登陆失败"}
Jan 08 11:05:02 
Jan 08 11:05:02 🔔东东健康社区收集能量收集, 结束! 🕛 1.554 秒
Jan 08 11:05:02 
Jan 08 11:25:00 
Jan 08 11:25:00 🔔东东健康社区收集能量收集, 开始!
Jan 08 11:25:00 
Jan 08 11:25:00 ====================共1个京东账号Cookie=========
Jan 08 11:25:00 
Jan 08 11:25:00 ==================脚本执行- 北京时间(UTC+8)：2022/1/8 上午11:25:00=====================
Jan 08 11:25:00 
Jan 08 11:25:00 
Jan 08 11:25:00 ******开始【京东账号1】jd_632e000b42ec6*********
Jan 08 11:25:00 
Jan 08 11:25:01 任务完成失败：{"code":-30001,"msg":"登陆失败"}
Jan 08 11:25:01 
Jan 08 11:25:01 🔔东东健康社区收集能量收集, 结束! 🕛 0.524 秒
Jan 08 11:25:01 
Jan 08 11:45:00 
Jan 08 11:45:00 🔔东东健康社区收集能量收集, 开始!
Jan 08 11:45:00 
Jan 08 11:45:00 ====================共1个京东账号Cookie=========
Jan 08 11:45:00 
Jan 08 11:45:00 ==================脚本执行- 北京时间(UTC+8)：2022/1/8 上午11:45:00=====================
Jan 08 11:45:00 
Jan 08 11:45:00 
Jan 08 11:45:00 ******开始【京东账号1】jd_632e000b42ec6*********
Jan 08 11:45:00 
Jan 08 11:45:01 任务完成失败：{"code":-30001,"msg":"登陆失败"}
Jan 08 11:45:01 
Jan 08 11:45:01 🔔东东健康社区收集能量收集, 结束! 🕛 0.469 秒
Jan 08 11:45:01 
Jan 08 12:05:01 
Jan 08 12:05:01 🔔东东健康社区收集能量收集, 开始!
Jan 08 12:05:01 
Jan 08 12:05:01 ====================共1个京东账号Cookie=========
Jan 08 12:05:01 
Jan 08 12:05:01 ==================脚本执行- 北京时间(UTC+8)：2022/1/8 下午12:05:01=====================
Jan 08 12:05:01 
Jan 08 12:05:01 
Jan 08 12:05:01 ******开始【京东账号1】jd_632e000b42ec6*********
Jan 08 12:05:01 
Jan 08 12:05:02 任务完成失败：{"code":-30001,"msg":"登陆失败"}
Jan 08 12:05:02 
Jan 08 12:05:02 🔔东东健康社区收集能量收集, 结束! 🕛 1.487 秒
Jan 08 12:05:02 
Jan 08 12:25:00 
Jan 08 12:25:00 🔔东东健康社区收集能量收集, 开始!
Jan 08 12:25:00 
Jan 08 12:25:00 ====================共1个京东账号Cookie=========
Jan 08 12:25:00 
Jan 08 12:25:00 ==================脚本执行- 北京时间(UTC+8)：2022/1/8 下午12:25:00=====================
Jan 08 12:25:00 
Jan 08 12:25:00 
Jan 08 12:25:00 ******开始【京东账号1】jd_632e000b42ec6*********
Jan 08 12:25:00 
Jan 08 12:25:01 任务完成失败：{"code":-30001,"msg":"登陆失败"}
Jan 08 12:25:01 
Jan 08 12:25:01 🔔东东健康社区收集能量收集, 结束! 🕛 0.443 秒
Jan 08 12:25:01 
Jan 08 12:45:01 
Jan 08 12:45:01 🔔东东健康社区收集能量收集, 开始!
Jan 08 12:45:01 
Jan 08 12:45:01 ====================共1个京东账号Cookie=========
Jan 08 12:45:01 
Jan 08 12:45:01 ==================脚本执行- 北京时间(UTC+8)：2022/1/8 下午12:45:01=====================
Jan 08 12:45:01 
Jan 08 12:45:01 
Jan 08 12:45:01 ******开始【京东账号1】jd_632e000b42ec6*********
Jan 08 12:45:01 
Jan 08 12:45:02 任务完成失败：{"code":-30001,"msg":"登陆失败"}
Jan 08 12:45:02 
Jan 08 12:45:02 🔔东东健康社区收集能量收集, 结束! 🕛 1.326 秒
Jan 08 12:45:02 
Jan 08 13:05:01 
Jan 08 13:05:01 🔔东东健康社区收集能量收集, 开始!
Jan 08 13:05:01 
Jan 08 13:05:01 ====================共1个京东账号Cookie=========
Jan 08 13:05:01 
Jan 08 13:05:01 ==================脚本执行- 北京时间(UTC+8)：2022/1/8 下午1:05:01=====================
Jan 08 13:05:01 
Jan 08 13:05:01 
Jan 08 13:05:01 ******开始【京东账号1】jd_632e000b42ec6*********
Jan 08 13:05:01 
Jan 08 13:05:02 任务完成失败：{"code":-30001,"msg":"登陆失败"}
Jan 08 13:05:02 
Jan 08 13:05:02 🔔东东健康社区收集能量收集, 结束! 🕛 1.49 秒
Jan 08 13:05:02 
Jan 08 13:25:00 
Jan 08 13:25:00 🔔东东健康社区收集能量收集, 开始!
Jan 08 13:25:00 
Jan 08 13:25:00 ====================共1个京东账号Cookie=========
Jan 08 13:25:00 
Jan 08 13:25:00 ==================脚本执行- 北京时间(UTC+8)：2022/1/8 下午1:25:00=====================
Jan 08 13:25:00 
Jan 08 13:25:00 
Jan 08 13:25:00 ******开始【京东账号1】jd_632e000b42ec6*********
Jan 08 13:25:00 
Jan 08 13:25:01 任务完成失败：{"code":-30001,"msg":"登陆失败"}
Jan 08 13:25:01 
Jan 08 13:25:01 🔔东东健康社区收集能量收集, 结束! 🕛 0.5 秒
Jan 08 13:25:01 
Jan 08 13:45:00 
Jan 08 13:45:00 🔔东东健康社区收集能量收集, 开始!
Jan 08 13:45:00 
Jan 08 13:45:00 ====================共1个京东账号Cookie=========
Jan 08 13:45:00 
Jan 08 13:45:00 ==================脚本执行- 北京时间(UTC+8)：2022/1/8 下午1:45:00=====================
Jan 08 13:45:00 
Jan 08 13:45:00 
Jan 08 13:45:00 ******开始【京东账号1】jd_632e000b42ec6*********
Jan 08 13:45:00 
Jan 08 13:45:01 任务完成失败：{"code":-30001,"msg":"登陆失败"}
Jan 08 13:45:01 
Jan 08 13:45:01 🔔东东健康社区收集能量收集, 结束! 🕛 0.449 秒
Jan 08 13:45:01 
Jan 08 14:05:01 
Jan 08 14:05:01 🔔东东健康社区收集能量收集, 开始!
Jan 08 14:05:01 
Jan 08 14:05:01 ====================共1个京东账号Cookie=========
Jan 08 14:05:01 
Jan 08 14:05:01 ==================脚本执行- 北京时间(UTC+8)：2022/1/8 下午2:05:01=====================
Jan 08 14:05:01 
Jan 08 14:05:01 
Jan 08 14:05:01 ******开始【京东账号1】jd_632e000b42ec6*********
Jan 08 14:05:01 
Jan 08 14:05:02 任务完成失败：{"code":-30001,"msg":"登陆失败"}
Jan 08 14:05:02 
Jan 08 14:05:02 🔔东东健康社区收集能量收集, 结束! 🕛 1.537 秒
Jan 08 14:05:02 
Jan 08 14:25:01 
Jan 08 14:25:01 🔔东东健康社区收集能量收集, 开始!
Jan 08 14:25:01 
Jan 08 14:25:01 ====================共1个京东账号Cookie=========
Jan 08 14:25:01 
Jan 08 14:25:01 ==================脚本执行- 北京时间(UTC+8)：2022/1/8 下午2:25:01=====================
Jan 08 14:25:01 
Jan 08 14:25:01 
Jan 08 14:25:01 ******开始【京东账号1】jd_632e000b42ec6*********
Jan 08 14:25:01 
Jan 08 14:25:01 任务完成失败：{"code":-30001,"msg":"登陆失败"}
Jan 08 14:25:01 
Jan 08 14:25:01 🔔东东健康社区收集能量收集, 结束! 🕛 0.557 秒
Jan 08 14:25:01 
Jan 08 14:45:01 
Jan 08 14:45:01 🔔东东健康社区收集能量收集, 开始!
Jan 08 14:45:01 
Jan 08 14:45:01 ====================共1个京东账号Cookie=========
Jan 08 14:45:01 
Jan 08 14:45:01 ==================脚本执行- 北京时间(UTC+8)：2022/1/8 下午2:45:01=====================
Jan 08 14:45:01 
Jan 08 14:45:01 
Jan 08 14:45:01 ******开始【京东账号1】jd_632e000b42ec6*********
Jan 08 14:45:01 
Jan 08 14:45:01 任务完成失败：{"code":-30001,"msg":"登陆失败"}
Jan 08 14:45:01 
Jan 08 14:45:01 🔔东东健康社区收集能量收集, 结束! 🕛 0.493 秒
Jan 08 14:45:01 
Jan 08 15:05:01 
Jan 08 15:05:01 🔔东东健康社区收集能量收集, 开始!
Jan 08 15:05:01 
Jan 08 15:05:01 ====================共1个京东账号Cookie=========
Jan 08 15:05:01 
Jan 08 15:05:01 ==================脚本执行- 北京时间(UTC+8)：2022/1/8 下午3:05:01=====================
Jan 08 15:05:01 
Jan 08 15:05:01 
Jan 08 15:05:01 ******开始【京东账号1】jd_632e000b42ec6*********
Jan 08 15:05:01 
Jan 08 15:05:02 任务完成失败：{"code":-30001,"msg":"登陆失败"}
Jan 08 15:05:02 
Jan 08 15:05:02 🔔东东健康社区收集能量收集, 结束! 🕛 1.436 秒
Jan 08 15:05:02 
Jan 08 15:25:01 
Jan 08 15:25:01 🔔东东健康社区收集能量收集, 开始!
Jan 08 15:25:01 
Jan 08 15:25:01 ====================共1个京东账号Cookie=========
Jan 08 15:25:01 
Jan 08 15:25:01 ==================脚本执行- 北京时间(UTC+8)：2022/1/8 下午3:25:01=====================
Jan 08 15:25:01 
Jan 08 15:25:01 
Jan 08 15:25:01 ******开始【京东账号1】jd_632e000b42ec6*********
Jan 08 15:25:01 
Jan 08 15:25:01 任务完成失败：{"code":-30001,"msg":"登陆失败"}
Jan 08 15:25:01 
Jan 08 15:25:01 🔔东东健康社区收集能量收集, 结束! 🕛 0.486 秒
Jan 08 15:25:01 
Jan 08 15:45:01 
Jan 08 15:45:01 🔔东东健康社区收集能量收集, 开始!
Jan 08 15:45:01 
Jan 08 15:45:01 ====================共1个京东账号Cookie=========
Jan 08 15:45:01 
Jan 08 15:45:01 ==================脚本执行- 北京时间(UTC+8)：2022/1/8 下午3:45:01=====================
Jan 08 15:45:01 
Jan 08 15:45:01 
Jan 08 15:45:01 ******开始【京东账号1】jd_632e000b42ec6*********
Jan 08 15:45:01 
Jan 08 15:45:01 任务完成失败：{"code":-30001,"msg":"登陆失败"}
Jan 08 15:45:01 
Jan 08 15:45:01 🔔东东健康社区收集能量收集, 结束! 🕛 0.518 秒
Jan 08 15:45:01 
Jan 08 16:05:01 
Jan 08 16:05:01 🔔东东健康社区收集能量收集, 开始!
Jan 08 16:05:01 
Jan 08 16:05:01 ====================共1个京东账号Cookie=========
Jan 08 16:05:01 
Jan 08 16:05:01 ==================脚本执行- 北京时间(UTC+8)：2022/1/8 下午4:05:01=====================
Jan 08 16:05:01 
Jan 08 16:05:01 
Jan 08 16:05:01 ******开始【京东账号1】jd_632e000b42ec6*********
Jan 08 16:05:01 
Jan 08 16:05:03 任务完成失败：{"code":-30001,"msg":"登陆失败"}
Jan 08 16:05:03 
Jan 08 16:05:03 🔔东东健康社区收集能量收集, 结束! 🕛 1.502 秒
Jan 08 16:05:03 
Jan 08 16:25:01 
Jan 08 16:25:01 🔔东东健康社区收集能量收集, 开始!
Jan 08 16:25:01 
Jan 08 16:25:01 ====================共1个京东账号Cookie=========
Jan 08 16:25:01 
Jan 08 16:25:01 ==================脚本执行- 北京时间(UTC+8)：2022/1/8 下午4:25:01=====================
Jan 08 16:25:01 
Jan 08 16:25:01 
Jan 08 16:25:01 ******开始【京东账号1】jd_632e000b42ec6*********
Jan 08 16:25:01 
Jan 08 16:25:01 任务完成失败：{"code":-30001,"msg":"登陆失败"}
Jan 08 16:25:01 
Jan 08 16:25:01 🔔东东健康社区收集能量收集, 结束! 🕛 0.479 秒
Jan 08 16:25:01 
Jan 08 16:45:01 
Jan 08 16:45:01 🔔东东健康社区收集能量收集, 开始!
Jan 08 16:45:01 
Jan 08 16:45:01 ====================共1个京东账号Cookie=========
Jan 08 16:45:01 
Jan 08 16:45:01 ==================脚本执行- 北京时间(UTC+8)：2022/1/8 下午4:45:01=====================
Jan 08 16:45:01 
Jan 08 16:45:01 
Jan 08 16:45:01 ******开始【京东账号1】jd_632e000b42ec6*********
Jan 08 16:45:01 
Jan 08 16:45:01 任务完成失败：{"code":-30001,"msg":"登陆失败"}
Jan 08 16:45:01 
Jan 08 16:45:01 🔔东东健康社区收集能量收集, 结束! 🕛 0.482 秒
Jan 08 16:45:01 
Jan 08 17:05:01 
Jan 08 17:05:01 🔔东东健康社区收集能量收集, 开始!
Jan 08 17:05:01 
Jan 08 17:05:01 ====================共1个京东账号Cookie=========
Jan 08 17:05:01 
Jan 08 17:05:01 ==================脚本执行- 北京时间(UTC+8)：2022/1/8 下午5:05:01=====================
Jan 08 17:05:01 
Jan 08 17:05:01 
Jan 08 17:05:01 ******开始【京东账号1】jd_632e000b42ec6*********
Jan 08 17:05:01 
Jan 08 17:05:03 任务完成失败：{"code":-30001,"msg":"登陆失败"}
Jan 08 17:05:03 
Jan 08 17:05:03 🔔东东健康社区收集能量收集, 结束! 🕛 1.473 秒
Jan 08 17:05:03 
Jan 08 17:25:01 
Jan 08 17:25:01 🔔东东健康社区收集能量收集, 开始!
Jan 08 17:25:01 
Jan 08 17:25:01 ====================共1个京东账号Cookie=========
Jan 08 17:25:01 
Jan 08 17:25:01 ==================脚本执行- 北京时间(UTC+8)：2022/1/8 下午5:25:01=====================
Jan 08 17:25:01 
Jan 08 17:25:01 
Jan 08 17:25:01 ******开始【京东账号1】jd_632e000b42ec6*********
Jan 08 17:25:01 
Jan 08 17:25:01 任务完成失败：{"code":-30001,"msg":"登陆失败"}
Jan 08 17:25:01 
Jan 08 17:25:01 🔔东东健康社区收集能量收集, 结束! 🕛 0.463 秒
Jan 08 17:25:01 
Jan 08 17:45:01 
Jan 08 17:45:01 🔔东东健康社区收集能量收集, 开始!
Jan 08 17:45:01 
Jan 08 17:45:01 ====================共1个京东账号Cookie=========
Jan 08 17:45:01 
Jan 08 17:45:01 ==================脚本执行- 北京时间(UTC+8)：2022/1/8 下午5:45:01=====================
Jan 08 17:45:01 
Jan 08 17:45:01 
Jan 08 17:45:01 ******开始【京东账号1】jd_632e000b42ec6*********
Jan 08 17:45:01 
Jan 08 17:45:01 任务完成失败：{"code":-30001,"msg":"登陆失败"}
Jan 08 17:45:01 
Jan 08 17:45:01 🔔东东健康社区收集能量收集, 结束! 🕛 0.332 秒
Jan 08 17:45:01 
Jan 08 18:05:00 
Jan 08 18:05:00 🔔东东健康社区收集能量收集, 开始!
Jan 08 18:05:00 
Jan 08 18:05:00 ====================共1个京东账号Cookie=========
Jan 08 18:05:00 
Jan 08 18:05:00 ==================脚本执行- 北京时间(UTC+8)：2022/1/8 下午6:05:00=====================
Jan 08 18:05:00 
Jan 08 18:05:00 
Jan 08 18:05:00 ******开始【京东账号1】jd_632e000b42ec6*********
Jan 08 18:05:00 
Jan 08 18:05:01 任务完成失败：{"code":-30001,"msg":"登陆失败"}
Jan 08 18:05:01 
Jan 08 18:05:01 🔔东东健康社区收集能量收集, 结束! 🕛 1.381 秒
Jan 08 18:05:01 
Jan 08 18:25:00 
Jan 08 18:25:00 🔔东东健康社区收集能量收集, 开始!
Jan 08 18:25:00 
Jan 08 18:25:00 ====================共1个京东账号Cookie=========
Jan 08 18:25:00 
Jan 08 18:25:00 ==================脚本执行- 北京时间(UTC+8)：2022/1/8 下午6:25:00=====================
Jan 08 18:25:00 
Jan 08 18:25:00 
Jan 08 18:25:00 ******开始【京东账号1】jd_632e000b42ec6*********
Jan 08 18:25:00 
Jan 08 18:25:00 任务完成失败：{"code":-30001,"msg":"登陆失败"}
Jan 08 18:25:00 
Jan 08 18:25:00 🔔东东健康社区收集能量收集, 结束! 🕛 0.45 秒
Jan 08 18:25:00 
Jan 08 18:45:00 
Jan 08 18:45:00 🔔东东健康社区收集能量收集, 开始!
Jan 08 18:45:00 
Jan 08 18:45:00 ====================共1个京东账号Cookie=========
Jan 08 18:45:00 
Jan 08 18:45:00 ==================脚本执行- 北京时间(UTC+8)：2022/1/8 下午6:45:00=====================
Jan 08 18:45:00 
Jan 08 18:45:00 
Jan 08 18:45:00 ******开始【京东账号1】jd_632e000b42ec6*********
Jan 08 18:45:00 
Jan 08 18:45:01 任务完成失败：{"code":-30001,"msg":"登陆失败"}
Jan 08 18:45:01 
Jan 08 18:45:01 🔔东东健康社区收集能量收集, 结束! 🕛 1.264 秒
Jan 08 18:45:01 
Jan 08 19:05:00 
Jan 08 19:05:00 🔔东东健康社区收集能量收集, 开始!
Jan 08 19:05:00 
Jan 08 19:05:00 ====================共1个京东账号Cookie=========
Jan 08 19:05:00 
Jan 08 19:05:00 ==================脚本执行- 北京时间(UTC+8)：2022/1/8 下午7:05:00=====================
Jan 08 19:05:00 
Jan 08 19:05:00 
Jan 08 19:05:00 ******开始【京东账号1】jd_632e000b42ec6*********
Jan 08 19:05:00 
Jan 08 19:05:01 任务完成失败：{"code":-30001,"msg":"登陆失败"}
Jan 08 19:05:01 
Jan 08 19:05:01 🔔东东健康社区收集能量收集, 结束! 🕛 1.212 秒
Jan 08 19:05:01 
Jan 08 19:25:00 
Jan 08 19:25:00 🔔东东健康社区收集能量收集, 开始!
Jan 08 19:25:00 
Jan 08 19:25:00 ====================共1个京东账号Cookie=========
Jan 08 19:25:00 
Jan 08 19:25:00 ==================脚本执行- 北京时间(UTC+8)：2022/1/8 下午7:25:00=====================
Jan 08 19:25:00 
Jan 08 19:25:00 
Jan 08 19:25:00 ******开始【京东账号1】jd_632e000b42ec6*********
Jan 08 19:25:00 
Jan 08 19:25:00 任务完成失败：{"code":-30001,"msg":"登陆失败"}
Jan 08 19:25:00 
Jan 08 19:25:00 🔔东东健康社区收集能量收集, 结束! 🕛 0.502 秒
Jan 08 19:25:00 
Jan 08 19:45:00 
Jan 08 19:45:00 🔔东东健康社区收集能量收集, 开始!
Jan 08 19:45:00 
Jan 08 19:45:00 ====================共1个京东账号Cookie=========
Jan 08 19:45:00 
Jan 08 19:45:00 ==================脚本执行- 北京时间(UTC+8)：2022/1/8 下午7:45:00=====================
Jan 08 19:45:00 
Jan 08 19:45:00 
Jan 08 19:45:00 ******开始【京东账号1】jd_632e000b42ec6*********
Jan 08 19:45:00 
Jan 08 19:45:00 任务完成失败：{"code":-30001,"msg":"登陆失败"}
Jan 08 19:45:00 
Jan 08 19:45:00 🔔东东健康社区收集能量收集, 结束! 🕛 0.481 秒
Jan 08 19:45:00 
Jan 08 20:05:00 
Jan 08 20:05:00 🔔东东健康社区收集能量收集, 开始!
Jan 08 20:05:00 
Jan 08 20:05:00 ====================共1个京东账号Cookie=========
Jan 08 20:05:00 
Jan 08 20:05:00 ==================脚本执行- 北京时间(UTC+8)：2022/1/8 下午8:05:00=====================
Jan 08 20:05:00 
Jan 08 20:05:00 
Jan 08 20:05:00 ******开始【京东账号1】jd_632e000b42ec6*********
Jan 08 20:05:00 
Jan 08 20:05:01 任务完成失败：{"code":-30001,"msg":"登陆失败"}
Jan 08 20:05:01 
Jan 08 20:05:01 🔔东东健康社区收集能量收集, 结束! 🕛 1.043 秒
Jan 08 20:05:01 
Jan 08 20:25:00 
Jan 08 20:25:00 🔔东东健康社区收集能量收集, 开始!
Jan 08 20:25:00 
Jan 08 20:25:00 ====================共1个京东账号Cookie=========
Jan 08 20:25:00 
Jan 08 20:25:00 ==================脚本执行- 北京时间(UTC+8)：2022/1/8 下午8:25:00=====================
Jan 08 20:25:00 
Jan 08 20:25:00 
Jan 08 20:25:00 ******开始【京东账号1】jd_632e000b42ec6*********
Jan 08 20:25:00 
Jan 08 20:25:00 任务完成失败：{"code":-30001,"msg":"登陆失败"}
Jan 08 20:25:00 
Jan 08 20:25:00 🔔东东健康社区收集能量收集, 结束! 🕛 0.475 秒
Jan 08 20:25:00 
Jan 08 20:45:00 
Jan 08 20:45:00 🔔东东健康社区收集能量收集, 开始!
Jan 08 20:45:00 
Jan 08 20:45:00 ====================共1个京东账号Cookie=========
Jan 08 20:45:00 
Jan 08 20:45:00 ==================脚本执行- 北京时间(UTC+8)：2022/1/8 下午8:45:00=====================
Jan 08 20:45:00 
Jan 08 20:45:00 
Jan 08 20:45:00 ******开始【京东账号1】jd_632e000b42ec6*********
Jan 08 20:45:00 
Jan 08 20:45:00 任务完成失败：{"code":-30001,"msg":"登陆失败"}
Jan 08 20:45:00 
Jan 08 20:45:00 🔔东东健康社区收集能量收集, 结束! 🕛 0.456 秒
Jan 08 20:45:00 
Jan 08 21:05:00 
Jan 08 21:05:00 🔔东东健康社区收集能量收集, 开始!
Jan 08 21:05:00 
Jan 08 21:05:00 ====================共1个京东账号Cookie=========
Jan 08 21:05:00 
Jan 08 21:05:00 ==================脚本执行- 北京时间(UTC+8)：2022/1/8 下午9:05:00=====================
Jan 08 21:05:00 
Jan 08 21:05:00 
Jan 08 21:05:00 ******开始【京东账号1】jd_632e000b42ec6*********
Jan 08 21:05:00 
Jan 08 21:05:01 任务完成失败：{"code":-30001,"msg":"登陆失败"}
Jan 08 21:05:01 
Jan 08 21:05:01 🔔东东健康社区收集能量收集, 结束! 🕛 1.182 秒
Jan 08 21:05:01 
Jan 08 21:25:00 
Jan 08 21:25:00 🔔东东健康社区收集能量收集, 开始!
Jan 08 21:25:00 
Jan 08 21:25:00 ====================共1个京东账号Cookie=========
Jan 08 21:25:00 
Jan 08 21:25:00 ==================脚本执行- 北京时间(UTC+8)：2022/1/8 下午9:25:00=====================
Jan 08 21:25:00 
Jan 08 21:25:00 
Jan 08 21:25:00 ******开始【京东账号1】jd_632e000b42ec6*********
Jan 08 21:25:00 
Jan 08 21:25:00 任务完成失败：{"code":-30001,"msg":"登陆失败"}
Jan 08 21:25:00 
Jan 08 21:25:00 🔔东东健康社区收集能量收集, 结束! 🕛 0.461 秒
Jan 08 21:25:00 
Jan 08 21:45:00 
Jan 08 21:45:00 🔔东东健康社区收集能量收集, 开始!
Jan 08 21:45:00 
Jan 08 21:45:00 ====================共1个京东账号Cookie=========
Jan 08 21:45:00 
Jan 08 21:45:00 ==================脚本执行- 北京时间(UTC+8)：2022/1/8 下午9:45:00=====================
Jan 08 21:45:00 
Jan 08 21:45:00 
Jan 08 21:45:00 ******开始【京东账号1】jd_632e000b42ec6*********
Jan 08 21:45:00 
Jan 08 21:45:00 任务完成失败：{"code":-30001,"msg":"登陆失败"}
Jan 08 21:45:00 
Jan 08 21:45:00 🔔东东健康社区收集能量收集, 结束! 🕛 0.445 秒
Jan 08 21:45:00 
Jan 08 22:05:00 
Jan 08 22:05:00 🔔东东健康社区收集能量收集, 开始!
Jan 08 22:05:00 
Jan 08 22:05:00 ====================共1个京东账号Cookie=========
Jan 08 22:05:00 
Jan 08 22:05:00 ==================脚本执行- 北京时间(UTC+8)：2022/1/8 下午10:05:00=====================
Jan 08 22:05:00 
Jan 08 22:05:00 
Jan 08 22:05:00 ******开始【京东账号1】jd_632e000b42ec6*********
Jan 08 22:05:00 
Jan 08 22:05:02 任务完成失败：{"code":-30001,"msg":"登陆失败"}
Jan 08 22:05:02 
Jan 08 22:05:02 🔔东东健康社区收集能量收集, 结束! 🕛 1.834 秒
Jan 08 22:05:02 
Jan 08 22:25:00 
Jan 08 22:25:00 🔔东东健康社区收集能量收集, 开始!
Jan 08 22:25:00 
Jan 08 22:25:00 ====================共1个京东账号Cookie=========
Jan 08 22:25:00 
Jan 08 22:25:00 ==================脚本执行- 北京时间(UTC+8)：2022/1/8 下午10:25:00=====================
Jan 08 22:25:00 
Jan 08 22:25:00 
Jan 08 22:25:00 ******开始【京东账号1】jd_632e000b42ec6*********
Jan 08 22:25:00 
Jan 08 22:25:00 任务完成失败：{"code":-30001,"msg":"登陆失败"}
Jan 08 22:25:00 
Jan 08 22:25:00 🔔东东健康社区收集能量收集, 结束! 🕛 0.505 秒
Jan 08 22:25:00 
Jan 08 22:45:00 
Jan 08 22:45:00 🔔东东健康社区收集能量收集, 开始!
Jan 08 22:45:00 
Jan 08 22:45:00 ====================共1个京东账号Cookie=========
Jan 08 22:45:00 
Jan 08 22:45:00 ==================脚本执行- 北京时间(UTC+8)：2022/1/8 下午10:45:00=====================
Jan 08 22:45:00 
Jan 08 22:45:00 
Jan 08 22:45:00 ******开始【京东账号1】jd_632e000b42ec6*********
Jan 08 22:45:00 
Jan 08 22:45:01 任务完成失败：{"code":-30001,"msg":"登陆失败"}
Jan 08 22:45:01 
Jan 08 22:45:01 🔔东东健康社区收集能量收集, 结束! 🕛 0.514 秒
Jan 08 22:45:01 
Jan 08 23:05:00 
Jan 08 23:05:00 🔔东东健康社区收集能量收集, 开始!
Jan 08 23:05:00 
Jan 08 23:05:00 ====================共1个京东账号Cookie=========
Jan 08 23:05:00 
Jan 08 23:05:01 ==================脚本执行- 北京时间(UTC+8)：2022/1/8 下午11:05:00=====================
Jan 08 23:05:01 
Jan 08 23:05:01 
Jan 08 23:05:01 ******开始【京东账号1】jd_632e000b42ec6*********
Jan 08 23:05:01 
Jan 08 23:05:02 任务完成失败：{"code":-30001,"msg":"登陆失败"}
Jan 08 23:05:02 
Jan 08 23:05:02 🔔东东健康社区收集能量收集, 结束! 🕛 1.789 秒
Jan 08 23:05:02 
Jan 08 23:25:00 
Jan 08 23:25:00 🔔东东健康社区收集能量收集, 开始!
Jan 08 23:25:00 
Jan 08 23:25:00 ====================共1个京东账号Cookie=========
Jan 08 23:25:00 
Jan 08 23:25:00 ==================脚本执行- 北京时间(UTC+8)：2022/1/8 下午11:25:00=====================
Jan 08 23:25:00 
Jan 08 23:25:00 
Jan 08 23:25:00 ******开始【京东账号1】jd_632e000b42ec6*********
Jan 08 23:25:00 
Jan 08 23:25:01 任务完成失败：{"code":-30001,"msg":"登陆失败"}
Jan 08 23:25:01 
Jan 08 23:25:01 🔔东东健康社区收集能量收集, 结束! 🕛 0.547 秒
Jan 08 23:25:01 
Jan 08 23:45:00 
Jan 08 23:45:00 🔔东东健康社区收集能量收集, 开始!
Jan 08 23:45:00 
Jan 08 23:45:00 ====================共1个京东账号Cookie=========
Jan 08 23:45:00 
Jan 08 23:45:01 ==================脚本执行- 北京时间(UTC+8)：2022/1/8 下午11:45:00=====================
Jan 08 23:45:01 
Jan 08 23:45:01 
Jan 08 23:45:01 ******开始【京东账号1】jd_632e000b42ec6*********
Jan 08 23:45:01 
Jan 08 23:45:02 任务完成失败：{"code":-30001,"msg":"登陆失败"}
Jan 08 23:45:02 
Jan 08 23:45:02 🔔东东健康社区收集能量收集, 结束! 🕛 1.407 秒
Jan 08 23:45:02 
Jan 09 00:05:01 
Jan 09 00:05:01 🔔东东健康社区收集能量收集, 开始!
Jan 09 00:05:01 
Jan 09 00:05:01 ====================共1个京东账号Cookie=========
Jan 09 00:05:01 
Jan 09 00:05:01 ==================脚本执行- 北京时间(UTC+8)：2022/1/9 上午12:05:01=====================
Jan 09 00:05:01 
Jan 09 00:05:01 
Jan 09 00:05:01 ******开始【京东账号1】jd_632e000b42ec6*********
Jan 09 00:05:01 
Jan 09 00:05:03 任务完成失败：{"code":-30001,"msg":"登陆失败"}
Jan 09 00:05:03 
Jan 09 00:05:03 🔔东东健康社区收集能量收集, 结束! 🕛 2.323 秒
Jan 09 00:05:03 
Jan 09 00:25:00 
Jan 09 00:25:00 🔔东东健康社区收集能量收集, 开始!
Jan 09 00:25:00 
Jan 09 00:25:00 ====================共1个京东账号Cookie=========
Jan 09 00:25:00 
Jan 09 00:25:00 ==================脚本执行- 北京时间(UTC+8)：2022/1/9 上午12:25:00=====================
Jan 09 00:25:00 
Jan 09 00:25:00 
Jan 09 00:25:00 ******开始【京东账号1】jd_632e000b42ec6*********
Jan 09 00:25:00 
Jan 09 00:25:01 任务完成失败：{"code":-30001,"msg":"登陆失败"}
Jan 09 00:25:01 
Jan 09 00:25:01 🔔东东健康社区收集能量收集, 结束! 🕛 0.495 秒
Jan 09 00:25:01 
Jan 09 00:45:01 
Jan 09 00:45:01 🔔东东健康社区收集能量收集, 开始!
Jan 09 00:45:01 
Jan 09 00:45:01 ====================共1个京东账号Cookie=========
Jan 09 00:45:01 
Jan 09 00:45:01 ==================脚本执行- 北京时间(UTC+8)：2022/1/9 上午12:45:01=====================
Jan 09 00:45:01 
Jan 09 00:45:01 
Jan 09 00:45:01 ******开始【京东账号1】jd_632e000b42ec6*********
Jan 09 00:45:01 
Jan 09 00:45:03 任务完成失败：{"code":-30001,"msg":"登陆失败"}
Jan 09 00:45:03 
Jan 09 00:45:03 🔔东东健康社区收集能量收集, 结束! 🕛 2.076 秒
Jan 09 00:45:03 
Jan 09 01:05:01 
Jan 09 01:05:01 🔔东东健康社区收集能量收集, 开始!
Jan 09 01:05:01 
Jan 09 01:05:01 ====================共1个京东账号Cookie=========
Jan 09 01:05:01 
Jan 09 01:05:01 ==================脚本执行- 北京时间(UTC+8)：2022/1/9 上午1:05:01=====================
Jan 09 01:05:01 
Jan 09 01:05:01 
Jan 09 01:05:01 ******开始【京东账号1】jd_632e000b42ec6*********
Jan 09 01:05:01 
Jan 09 01:05:04 任务完成失败：{"code":-30001,"msg":"登陆失败"}
Jan 09 01:05:04 
Jan 09 01:05:04 🔔东东健康社区收集能量收集, 结束! 🕛 2.607 秒
Jan 09 01:05:04 
Jan 09 01:25:00 
Jan 09 01:25:00 🔔东东健康社区收集能量收集, 开始!
Jan 09 01:25:00 
Jan 09 01:25:00 ====================共1个京东账号Cookie=========
Jan 09 01:25:00 
Jan 09 01:25:00 ==================脚本执行- 北京时间(UTC+8)：2022/1/9 上午1:25:00=====================
Jan 09 01:25:00 
Jan 09 01:25:00 
Jan 09 01:25:00 ******开始【京东账号1】jd_632e000b42ec6*********
Jan 09 01:25:00 
Jan 09 01:25:01 任务完成失败：{"code":-30001,"msg":"登陆失败"}
Jan 09 01:25:01 
Jan 09 01:25:01 🔔东东健康社区收集能量收集, 结束! 🕛 0.502 秒
Jan 09 01:25:01 
Jan 09 01:45:00 
Jan 09 01:45:00 🔔东东健康社区收集能量收集, 开始!
Jan 09 01:45:00 
Jan 09 01:45:00 ====================共1个京东账号Cookie=========
Jan 09 01:45:00 
Jan 09 01:45:00 ==================脚本执行- 北京时间(UTC+8)：2022/1/9 上午1:45:00=====================
Jan 09 01:45:00 
Jan 09 01:45:00 
Jan 09 01:45:00 ******开始【京东账号1】jd_632e000b42ec6*********
Jan 09 01:45:00 
Jan 09 01:45:01 任务完成失败：{"code":-30001,"msg":"登陆失败"}
Jan 09 01:45:01 
Jan 09 01:45:01 🔔东东健康社区收集能量收集, 结束! 🕛 0.499 秒
Jan 09 01:45:01 
Jan 09 02:05:01 
Jan 09 02:05:01 🔔东东健康社区收集能量收集, 开始!
Jan 09 02:05:01 
Jan 09 02:05:01 ====================共1个京东账号Cookie=========
Jan 09 02:05:01 
Jan 09 02:05:01 ==================脚本执行- 北京时间(UTC+8)：2022/1/9 上午2:05:01=====================
Jan 09 02:05:01 
Jan 09 02:05:01 
Jan 09 02:05:01 ******开始【京东账号1】jd_632e000b42ec6*********
Jan 09 02:05:01 
Jan 09 02:05:02 任务完成失败：{"code":-30001,"msg":"登陆失败"}
Jan 09 02:05:02 
Jan 09 02:05:02 🔔东东健康社区收集能量收集, 结束! 🕛 1.525 秒
Jan 09 02:05:02 
Jan 09 02:25:00 
Jan 09 02:25:00 🔔东东健康社区收集能量收集, 开始!
Jan 09 02:25:00 
Jan 09 02:25:00 ====================共1个京东账号Cookie=========
Jan 09 02:25:00 
Jan 09 02:25:00 ==================脚本执行- 北京时间(UTC+8)：2022/1/9 上午2:25:00=====================
Jan 09 02:25:00 
Jan 09 02:25:00 
Jan 09 02:25:00 ******开始【京东账号1】jd_632e000b42ec6*********
Jan 09 02:25:00 
Jan 09 02:25:01 任务完成失败：{"code":-30001,"msg":"登陆失败"}
Jan 09 02:25:01 
Jan 09 02:25:01 🔔东东健康社区收集能量收集, 结束! 🕛 0.485 秒
Jan 09 02:25:01 
Jan 09 02:45:00 
Jan 09 02:45:00 🔔东东健康社区收集能量收集, 开始!
Jan 09 02:45:00 
Jan 09 02:45:00 ====================共1个京东账号Cookie=========
Jan 09 02:45:00 
Jan 09 02:45:00 ==================脚本执行- 北京时间(UTC+8)：2022/1/9 上午2:45:00=====================
Jan 09 02:45:00 
Jan 09 02:45:00 
Jan 09 02:45:00 ******开始【京东账号1】jd_632e000b42ec6*********
Jan 09 02:45:00 
Jan 09 02:45:01 任务完成失败：{"code":-30001,"msg":"登陆失败"}
Jan 09 02:45:01 
Jan 09 02:45:01 🔔东东健康社区收集能量收集, 结束! 🕛 0.456 秒
Jan 09 02:45:01 
Jan 09 03:05:01 
Jan 09 03:05:01 🔔东东健康社区收集能量收集, 开始!
Jan 09 03:05:01 
Jan 09 03:05:01 ====================共1个京东账号Cookie=========
Jan 09 03:05:01 
Jan 09 03:05:01 ==================脚本执行- 北京时间(UTC+8)：2022/1/9 上午3:05:01=====================
Jan 09 03:05:01 
Jan 09 03:05:01 
Jan 09 03:05:01 ******开始【京东账号1】jd_632e000b42ec6*********
Jan 09 03:05:01 
Jan 09 03:05:02 任务完成失败：{"code":-30001,"msg":"登陆失败"}
Jan 09 03:05:02 
Jan 09 03:05:02 🔔东东健康社区收集能量收集, 结束! 🕛 1.478 秒
Jan 09 03:05:02 
Jan 09 03:25:00 
Jan 09 03:25:00 🔔东东健康社区收集能量收集, 开始!
Jan 09 03:25:00 
Jan 09 03:25:00 ====================共1个京东账号Cookie=========
Jan 09 03:25:00 
Jan 09 03:25:00 ==================脚本执行- 北京时间(UTC+8)：2022/1/9 上午3:25:00=====================
Jan 09 03:25:00 
Jan 09 03:25:00 
Jan 09 03:25:00 ******开始【京东账号1】jd_632e000b42ec6*********
Jan 09 03:25:00 
Jan 09 03:25:01 任务完成失败：{"code":-30001,"msg":"登陆失败"}
Jan 09 03:25:01 
Jan 09 03:25:01 🔔东东健康社区收集能量收集, 结束! 🕛 0.45 秒
Jan 09 03:25:01 
Jan 09 03:45:00 
Jan 09 03:45:00 🔔东东健康社区收集能量收集, 开始!
Jan 09 03:45:00 
Jan 09 03:45:00 ====================共1个京东账号Cookie=========
Jan 09 03:45:00 
Jan 09 03:45:00 ==================脚本执行- 北京时间(UTC+8)：2022/1/9 上午3:45:00=====================
Jan 09 03:45:00 
Jan 09 03:45:00 
Jan 09 03:45:00 ******开始【京东账号1】jd_632e000b42ec6*********
Jan 09 03:45:00 
Jan 09 03:45:01 任务完成失败：{"code":-30001,"msg":"登陆失败"}
Jan 09 03:45:01 
Jan 09 03:45:01 🔔东东健康社区收集能量收集, 结束! 🕛 0.483 秒
Jan 09 03:45:01 
Jan 09 04:05:01 
Jan 09 04:05:01 🔔东东健康社区收集能量收集, 开始!
Jan 09 04:05:01 
Jan 09 04:05:01 ====================共1个京东账号Cookie=========
Jan 09 04:05:01 
Jan 09 04:05:01 ==================脚本执行- 北京时间(UTC+8)：2022/1/9 上午4:05:01=====================
Jan 09 04:05:01 
Jan 09 04:05:01 
Jan 09 04:05:01 ******开始【京东账号1】jd_632e000b42ec6*********
Jan 09 04:05:01 
Jan 09 04:05:03 任务完成失败：{"code":-30001,"msg":"登陆失败"}
Jan 09 04:05:03 
Jan 09 04:05:03 🔔东东健康社区收集能量收集, 结束! 🕛 1.503 秒
Jan 09 04:05:03 
Jan 09 04:25:00 
Jan 09 04:25:00 🔔东东健康社区收集能量收集, 开始!
Jan 09 04:25:00 
Jan 09 04:25:00 ====================共1个京东账号Cookie=========
Jan 09 04:25:00 
Jan 09 04:25:01 ==================脚本执行- 北京时间(UTC+8)：2022/1/9 上午4:25:00=====================
Jan 09 04:25:01 
Jan 09 04:25:01 
Jan 09 04:25:01 ******开始【京东账号1】jd_632e000b42ec6*********
Jan 09 04:25:01 
Jan 09 04:25:01 任务完成失败：{"code":-30001,"msg":"登陆失败"}
Jan 09 04:25:01 
Jan 09 04:25:01 🔔东东健康社区收集能量收集, 结束! 🕛 0.498 秒
Jan 09 04:25:01 
Jan 09 04:45:01 
Jan 09 04:45:01 🔔东东健康社区收集能量收集, 开始!
Jan 09 04:45:01 
Jan 09 04:45:01 ====================共1个京东账号Cookie=========
Jan 09 04:45:01 
Jan 09 04:45:01 ==================脚本执行- 北京时间(UTC+8)：2022/1/9 上午4:45:01=====================
Jan 09 04:45:01 
Jan 09 04:45:01 
Jan 09 04:45:01 ******开始【京东账号1】jd_632e000b42ec6*********
Jan 09 04:45:01 
Jan 09 04:45:01 任务完成失败：{"code":-30001,"msg":"登陆失败"}
Jan 09 04:45:01 
Jan 09 04:45:01 🔔东东健康社区收集能量收集, 结束! 🕛 0.488 秒
Jan 09 04:45:01 
Jan 09 05:05:01 
Jan 09 05:05:01 🔔东东健康社区收集能量收集, 开始!
Jan 09 05:05:01 
Jan 09 05:05:01 ====================共1个京东账号Cookie=========
Jan 09 05:05:01 
Jan 09 05:05:01 ==================脚本执行- 北京时间(UTC+8)：2022/1/9 上午5:05:01=====================
Jan 09 05:05:01 
Jan 09 05:05:01 
Jan 09 05:05:01 ******开始【京东账号1】jd_632e000b42ec6*********
Jan 09 05:05:01 
Jan 09 05:05:02 任务完成失败：{"code":-30001,"msg":"登陆失败"}
Jan 09 05:05:02 
Jan 09 05:05:02 🔔东东健康社区收集能量收集, 结束! 🕛 1.331 秒
Jan 09 05:05:02 
Jan 09 05:25:01 
Jan 09 05:25:01 🔔东东健康社区收集能量收集, 开始!
Jan 09 05:25:01 
Jan 09 05:25:01 ====================共1个京东账号Cookie=========
Jan 09 05:25:01 
Jan 09 05:25:01 ==================脚本执行- 北京时间(UTC+8)：2022/1/9 上午5:25:01=====================
Jan 09 05:25:01 
Jan 09 05:25:01 
Jan 09 05:25:01 ******开始【京东账号1】jd_632e000b42ec6*********
Jan 09 05:25:01 
Jan 09 05:25:01 任务完成失败：{"code":-30001,"msg":"登陆失败"}
Jan 09 05:25:01 
Jan 09 05:25:01 🔔东东健康社区收集能量收集, 结束! 🕛 0.497 秒
Jan 09 05:25:01 
Jan 09 05:45:01 
Jan 09 05:45:01 🔔东东健康社区收集能量收集, 开始!
Jan 09 05:45:01 
Jan 09 05:45:01 ====================共1个京东账号Cookie=========
Jan 09 05:45:01 
Jan 09 05:45:01 ==================脚本执行- 北京时间(UTC+8)：2022/1/9 上午5:45:01=====================
Jan 09 05:45:01 
Jan 09 05:45:01 
Jan 09 05:45:01 ******开始【京东账号1】jd_632e000b42ec6*********
Jan 09 05:45:01 
Jan 09 05:45:01 任务完成失败：{"code":-30001,"msg":"登陆失败"}
Jan 09 05:45:01 
Jan 09 05:45:01 🔔东东健康社区收集能量收集, 结束! 🕛 0.479 秒
Jan 09 05:45:01 
Jan 09 06:05:01 
Jan 09 06:05:01 🔔东东健康社区收集能量收集, 开始!
Jan 09 06:05:01 
Jan 09 06:05:01 ====================共1个京东账号Cookie=========
Jan 09 06:05:01 
Jan 09 06:05:01 ==================脚本执行- 北京时间(UTC+8)：2022/1/9 上午6:05:01=====================
Jan 09 06:05:01 
Jan 09 06:05:01 
Jan 09 06:05:01 ******开始【京东账号1】jd_632e000b42ec6*********
Jan 09 06:05:01 
Jan 09 06:05:02 任务完成失败：{"code":-30001,"msg":"登陆失败"}
Jan 09 06:05:02 
Jan 09 06:05:02 🔔东东健康社区收集能量收集, 结束! 🕛 1.288 秒
Jan 09 06:05:02 
Jan 09 06:25:01 
Jan 09 06:25:01 🔔东东健康社区收集能量收集, 开始!
Jan 09 06:25:01 
Jan 09 06:25:01 ====================共1个京东账号Cookie=========
Jan 09 06:25:01 
Jan 09 06:25:01 ==================脚本执行- 北京时间(UTC+8)：2022/1/9 上午6:25:01=====================
Jan 09 06:25:01 
Jan 09 06:25:01 
Jan 09 06:25:01 ******开始【京东账号1】jd_632e000b42ec6*********
Jan 09 06:25:01 
Jan 09 06:25:01 任务完成失败：{"code":-30001,"msg":"登陆失败"}
Jan 09 06:25:01 
Jan 09 06:25:01 🔔东东健康社区收集能量收集, 结束! 🕛 0.352 秒
Jan 09 06:25:01 
Jan 09 06:45:01 
Jan 09 06:45:01 🔔东东健康社区收集能量收集, 开始!
Jan 09 06:45:01 
Jan 09 06:45:01 ====================共1个京东账号Cookie=========
Jan 09 06:45:01 
Jan 09 06:45:01 ==================脚本执行- 北京时间(UTC+8)：2022/1/9 上午6:45:01=====================
Jan 09 06:45:01 
Jan 09 06:45:01 
Jan 09 06:45:01 ******开始【京东账号1】jd_632e000b42ec6*********
Jan 09 06:45:01 
Jan 09 06:45:02 任务完成失败：{"code":-30001,"msg":"登陆失败"}
Jan 09 06:45:02 
Jan 09 06:45:02 🔔东东健康社区收集能量收集, 结束! 🕛 0.834 秒
Jan 09 06:45:02 
Jan 09 07:05:01 
Jan 09 07:05:01 🔔东东健康社区收集能量收集, 开始!
Jan 09 07:05:01 
Jan 09 07:05:01 ====================共1个京东账号Cookie=========
Jan 09 07:05:01 
Jan 09 07:05:01 ==================脚本执行- 北京时间(UTC+8)：2022/1/9 上午7:05:01=====================
Jan 09 07:05:01 
Jan 09 07:05:01 
Jan 09 07:05:01 ******开始【京东账号1】jd_632e000b42ec6*********
Jan 09 07:05:01 
Jan 09 07:05:02 任务完成失败：{"code":-30001,"msg":"登陆失败"}
Jan 09 07:05:02 
Jan 09 07:05:02 🔔东东健康社区收集能量收集, 结束! 🕛 1.247 秒
Jan 09 07:05:02 
Jan 09 07:25:00 
Jan 09 07:25:00 🔔东东健康社区收集能量收集, 开始!
Jan 09 07:25:00 
Jan 09 07:25:00 ====================共1个京东账号Cookie=========
Jan 09 07:25:00 
Jan 09 07:25:00 ==================脚本执行- 北京时间(UTC+8)：2022/1/9 上午7:25:00=====================
Jan 09 07:25:00 
Jan 09 07:25:00 
Jan 09 07:25:00 ******开始【京东账号1】jd_632e000b42ec6*********
Jan 09 07:25:00 
Jan 09 07:25:00 任务完成失败：{"code":-30001,"msg":"登陆失败"}
Jan 09 07:25:00 
Jan 09 07:25:00 🔔东东健康社区收集能量收集, 结束! 🕛 0.445 秒
Jan 09 07:25:00 
Jan 09 07:45:00 
Jan 09 07:45:00 🔔东东健康社区收集能量收集, 开始!
Jan 09 07:45:00 
Jan 09 07:45:00 ====================共1个京东账号Cookie=========
Jan 09 07:45:00 
Jan 09 07:45:00 ==================脚本执行- 北京时间(UTC+8)：2022/1/9 上午7:45:00=====================
Jan 09 07:45:00 
Jan 09 07:45:00 
Jan 09 07:45:00 ******开始【京东账号1】jd_632e000b42ec6*********
Jan 09 07:45:00 
Jan 09 07:45:00 任务完成失败：{"code":-30001,"msg":"登陆失败"}
Jan 09 07:45:00 
Jan 09 07:45:00 🔔东东健康社区收集能量收集, 结束! 🕛 0.426 秒
Jan 09 07:45:00 
Jan 09 08:05:00 
Jan 09 08:05:00 🔔东东健康社区收集能量收集, 开始!
Jan 09 08:05:00 
Jan 09 08:05:00 ====================共1个京东账号Cookie=========
Jan 09 08:05:00 
Jan 09 08:05:00 ==================脚本执行- 北京时间(UTC+8)：2022/1/9 上午8:05:00=====================
Jan 09 08:05:00 
Jan 09 08:05:00 
Jan 09 08:05:00 ******开始【京东账号1】jd_632e000b42ec6*********
Jan 09 08:05:00 
Jan 09 08:05:02 任务完成失败：{"code":-30001,"msg":"登陆失败"}
Jan 09 08:05:03 
Jan 09 08:05:03 🔔东东健康社区收集能量收集, 结束! 🕛 2.511 秒
Jan 09 08:05:03 
Jan 09 08:25:00 
Jan 09 08:25:00 🔔东东健康社区收集能量收集, 开始!
Jan 09 08:25:00 
Jan 09 08:25:00 ====================共1个京东账号Cookie=========
Jan 09 08:25:00 
Jan 09 08:25:00 ==================脚本执行- 北京时间(UTC+8)：2022/1/9 上午8:25:00=====================
Jan 09 08:25:00 
Jan 09 08:25:00 
Jan 09 08:25:00 ******开始【京东账号1】jd_632e000b42ec6*********
Jan 09 08:25:00 
Jan 09 08:25:00 任务完成失败：{"code":-30001,"msg":"登陆失败"}
Jan 09 08:25:00 
Jan 09 08:25:00 🔔东东健康社区收集能量收集, 结束! 🕛 0.467 秒
Jan 09 08:25:00 
Jan 09 08:45:00 
Jan 09 08:45:00 🔔东东健康社区收集能量收集, 开始!
Jan 09 08:45:00 
Jan 09 08:45:00 ====================共1个京东账号Cookie=========
Jan 09 08:45:00 
Jan 09 08:45:00 ==================脚本执行- 北京时间(UTC+8)：2022/1/9 上午8:45:00=====================
Jan 09 08:45:00 
Jan 09 08:45:00 
Jan 09 08:45:00 ******开始【京东账号1】jd_632e000b42ec6*********
Jan 09 08:45:00 
Jan 09 08:45:00 任务完成失败：{"code":-30001,"msg":"登陆失败"}
Jan 09 08:45:00 
Jan 09 08:45:00 🔔东东健康社区收集能量收集, 结束! 🕛 0.438 秒
Jan 09 08:45:00 
Jan 09 09:05:00 
Jan 09 09:05:00 🔔东东健康社区收集能量收集, 开始!
Jan 09 09:05:00 
Jan 09 09:05:00 ====================共1个京东账号Cookie=========
Jan 09 09:05:00 
Jan 09 09:05:00 ==================脚本执行- 北京时间(UTC+8)：2022/1/9 上午9:05:00=====================
Jan 09 09:05:00 
Jan 09 09:05:00 
Jan 09 09:05:00 ******开始【京东账号1】jd_632e000b42ec6*********
Jan 09 09:05:00 
Jan 09 09:05:01 任务完成失败：{"code":-30001,"msg":"登陆失败"}
Jan 09 09:05:01 
Jan 09 09:05:01 🔔东东健康社区收集能量收集, 结束! 🕛 1.225 秒
Jan 09 09:05:01 
Jan 09 09:25:00 
Jan 09 09:25:00 🔔东东健康社区收集能量收集, 开始!
Jan 09 09:25:00 
Jan 09 09:25:00 ====================共1个京东账号Cookie=========
Jan 09 09:25:00 
Jan 09 09:25:00 ==================脚本执行- 北京时间(UTC+8)：2022/1/9 上午9:25:00=====================
Jan 09 09:25:00 
Jan 09 09:25:00 
Jan 09 09:25:00 ******开始【京东账号1】jd_632e000b42ec6*********
Jan 09 09:25:00 
Jan 09 09:25:00 任务完成失败：{"code":-30001,"msg":"登陆失败"}
Jan 09 09:25:00 
Jan 09 09:25:00 🔔东东健康社区收集能量收集, 结束! 🕛 0.43 秒
Jan 09 09:25:00 
Jan 09 09:45:00 
Jan 09 09:45:00 🔔东东健康社区收集能量收集, 开始!
Jan 09 09:45:00 
Jan 09 09:45:00 ====================共1个京东账号Cookie=========
Jan 09 09:45:00 
Jan 09 09:45:00 ==================脚本执行- 北京时间(UTC+8)：2022/1/9 上午9:45:00=====================
Jan 09 09:45:00 
Jan 09 09:45:00 
Jan 09 09:45:00 ******开始【京东账号1】jd_632e000b42ec6*********
Jan 09 09:45:00 
Jan 09 09:45:00 任务完成失败：{"code":-30001,"msg":"登陆失败"}
Jan 09 09:45:00 
Jan 09 09:45:00 🔔东东健康社区收集能量收集, 结束! 🕛 0.536 秒
Jan 09 09:45:00 
Jan 09 10:05:00 
Jan 09 10:05:00 🔔东东健康社区收集能量收集, 开始!
Jan 09 10:05:00 
Jan 09 10:05:00 ====================共1个京东账号Cookie=========
Jan 09 10:05:00 
Jan 09 10:05:00 ==================脚本执行- 北京时间(UTC+8)：2022/1/9 上午10:05:00=====================
Jan 09 10:05:00 
Jan 09 10:05:00 
Jan 09 10:05:00 ******开始【京东账号1】jd_632e000b42ec6*********
Jan 09 10:05:00 
Jan 09 10:05:01 任务完成失败：{"code":-30001,"msg":"登陆失败"}
Jan 09 10:05:01 
Jan 09 10:05:01 🔔东东健康社区收集能量收集, 结束! 🕛 1.35 秒
Jan 09 10:05:01 
Jan 09 10:25:00 
Jan 09 10:25:00 🔔东东健康社区收集能量收集, 开始!
Jan 09 10:25:00 
Jan 09 10:25:00 ====================共1个京东账号Cookie=========
Jan 09 10:25:00 
Jan 09 10:25:00 ==================脚本执行- 北京时间(UTC+8)：2022/1/9 上午10:25:00=====================
Jan 09 10:25:00 
Jan 09 10:25:00 
Jan 09 10:25:00 ******开始【京东账号1】jd_632e000b42ec6*********
Jan 09 10:25:00 
Jan 09 10:25:00 任务完成失败：{"code":-30001,"msg":"登陆失败"}
Jan 09 10:25:00 
Jan 09 10:25:00 🔔东东健康社区收集能量收集, 结束! 🕛 0.474 秒
Jan 09 10:25:00 
Jan 09 10:45:00 
Jan 09 10:45:00 🔔东东健康社区收集能量收集, 开始!
Jan 09 10:45:00 
Jan 09 10:45:00 ====================共1个京东账号Cookie=========
Jan 09 10:45:00 
Jan 09 10:45:00 ==================脚本执行- 北京时间(UTC+8)：2022/1/9 上午10:45:00=====================
Jan 09 10:45:00 
Jan 09 10:45:00 
Jan 09 10:45:00 ******开始【京东账号1】jd_632e000b42ec6*********
Jan 09 10:45:00 
Jan 09 10:45:00 任务完成失败：{"code":-30001,"msg":"登陆失败"}
Jan 09 10:45:00 
Jan 09 10:45:00 🔔东东健康社区收集能量收集, 结束! 🕛 0.503 秒
Jan 09 10:45:00 
Jan 09 11:05:00 
Jan 09 11:05:00 🔔东东健康社区收集能量收集, 开始!
Jan 09 11:05:00 
Jan 09 11:05:00 ====================共1个京东账号Cookie=========
Jan 09 11:05:00 
Jan 09 11:05:00 ==================脚本执行- 北京时间(UTC+8)：2022/1/9 上午11:05:00=====================
Jan 09 11:05:00 
Jan 09 11:05:00 
Jan 09 11:05:00 ******开始【京东账号1】jd_632e000b42ec6*********
Jan 09 11:05:00 
Jan 09 11:05:02 任务完成失败：{"code":-30001,"msg":"登陆失败"}
Jan 09 11:05:02 
Jan 09 11:05:02 🔔东东健康社区收集能量收集, 结束! 🕛 1.539 秒
Jan 09 11:05:02 
Jan 09 11:25:00 
Jan 09 11:25:00 🔔东东健康社区收集能量收集, 开始!
Jan 09 11:25:00 
Jan 09 11:25:00 ====================共1个京东账号Cookie=========
Jan 09 11:25:00 
Jan 09 11:25:00 ==================脚本执行- 北京时间(UTC+8)：2022/1/9 上午11:25:00=====================
Jan 09 11:25:00 
Jan 09 11:25:00 
Jan 09 11:25:00 ******开始【京东账号1】jd_632e000b42ec6*********
Jan 09 11:25:00 
Jan 09 11:25:00 任务完成失败：{"code":-30001,"msg":"登陆失败"}
Jan 09 11:25:00 
Jan 09 11:25:00 🔔东东健康社区收集能量收集, 结束! 🕛 0.515 秒
Jan 09 11:25:00 
Jan 09 11:45:00 
Jan 09 11:45:00 🔔东东健康社区收集能量收集, 开始!
Jan 09 11:45:00 
Jan 09 11:45:00 ====================共1个京东账号Cookie=========
Jan 09 11:45:00 
Jan 09 11:45:00 ==================脚本执行- 北京时间(UTC+8)：2022/1/9 上午11:45:00=====================
Jan 09 11:45:00 
Jan 09 11:45:00 
Jan 09 11:45:00 ******开始【京东账号1】jd_632e000b42ec6*********
Jan 09 11:45:00 
Jan 09 11:45:00 任务完成失败：{"code":-30001,"msg":"登陆失败"}
Jan 09 11:45:00 
Jan 09 11:45:00 🔔东东健康社区收集能量收集, 结束! 🕛 0.472 秒
Jan 09 11:45:00 
Jan 09 12:05:00 
Jan 09 12:05:00 🔔东东健康社区收集能量收集, 开始!
Jan 09 12:05:00 
Jan 09 12:05:00 ====================共1个京东账号Cookie=========
Jan 09 12:05:00 
Jan 09 12:05:01 ==================脚本执行- 北京时间(UTC+8)：2022/1/9 下午12:05:00=====================
Jan 09 12:05:01 
Jan 09 12:05:01 
Jan 09 12:05:01 ******开始【京东账号1】jd_632e000b42ec6*********
Jan 09 12:05:01 
Jan 09 12:05:02 任务完成失败：{"code":-30001,"msg":"登陆失败"}
Jan 09 12:05:02 
Jan 09 12:05:02 🔔东东健康社区收集能量收集, 结束! 🕛 1.68 秒
Jan 09 12:05:02 
Jan 09 12:25:00 
Jan 09 12:25:00 🔔东东健康社区收集能量收集, 开始!
Jan 09 12:25:00 
Jan 09 12:25:00 ====================共1个京东账号Cookie=========
Jan 09 12:25:00 
Jan 09 12:25:00 ==================脚本执行- 北京时间(UTC+8)：2022/1/9 下午12:25:00=====================
Jan 09 12:25:00 
Jan 09 12:25:00 
Jan 09 12:25:00 ******开始【京东账号1】jd_632e000b42ec6*********
Jan 09 12:25:00 
Jan 09 12:25:00 任务完成失败：{"code":-30001,"msg":"登陆失败"}
Jan 09 12:25:00 
Jan 09 12:25:00 🔔东东健康社区收集能量收集, 结束! 🕛 0.446 秒
Jan 09 12:25:00 
Jan 09 12:45:00 
Jan 09 12:45:00 🔔东东健康社区收集能量收集, 开始!
Jan 09 12:45:00 
Jan 09 12:45:00 ====================共1个京东账号Cookie=========
Jan 09 12:45:00 
Jan 09 12:45:01 ==================脚本执行- 北京时间(UTC+8)：2022/1/9 下午12:45:00=====================
Jan 09 12:45:01 
Jan 09 12:45:01 
Jan 09 12:45:01 ******开始【京东账号1】jd_632e000b42ec6*********
Jan 09 12:45:01 
Jan 09 12:45:02 任务完成失败：{"code":-30001,"msg":"登陆失败"}
Jan 09 12:45:02 
Jan 09 12:45:02 🔔东东健康社区收集能量收集, 结束! 🕛 1.309 秒
Jan 09 12:45:02 
Jan 09 13:05:00 
Jan 09 13:05:00 🔔东东健康社区收集能量收集, 开始!
Jan 09 13:05:00 
Jan 09 13:05:00 ====================共1个京东账号Cookie=========
Jan 09 13:05:00 
Jan 09 13:05:01 ==================脚本执行- 北京时间(UTC+8)：2022/1/9 下午1:05:00=====================
Jan 09 13:05:01 
Jan 09 13:05:01 
Jan 09 13:05:01 ******开始【京东账号1】jd_632e000b42ec6*********
Jan 09 13:05:01 
Jan 09 13:05:02 任务完成失败：{"code":-30001,"msg":"登陆失败"}
Jan 09 13:05:02 
Jan 09 13:05:02 🔔东东健康社区收集能量收集, 结束! 🕛 1.468 秒
Jan 09 13:05:02 
Jan 09 13:25:00 
Jan 09 13:25:00 🔔东东健康社区收集能量收集, 开始!
Jan 09 13:25:00 
Jan 09 13:25:00 ====================共1个京东账号Cookie=========
Jan 09 13:25:00 
Jan 09 13:25:00 ==================脚本执行- 北京时间(UTC+8)：2022/1/9 下午1:25:00=====================
Jan 09 13:25:00 
Jan 09 13:25:00 
Jan 09 13:25:00 ******开始【京东账号1】jd_632e000b42ec6*********
Jan 09 13:25:00 
Jan 09 13:25:01 任务完成失败：{"code":-30001,"msg":"登陆失败"}
Jan 09 13:25:01 
Jan 09 13:25:01 🔔东东健康社区收集能量收集, 结束! 🕛 0.568 秒
Jan 09 13:25:01 
Jan 09 13:45:00 
Jan 09 13:45:00 🔔东东健康社区收集能量收集, 开始!
Jan 09 13:45:00 
Jan 09 13:45:00 ====================共1个京东账号Cookie=========
Jan 09 13:45:00 
Jan 09 13:45:00 ==================脚本执行- 北京时间(UTC+8)：2022/1/9 下午1:45:00=====================
Jan 09 13:45:00 
Jan 09 13:45:00 
Jan 09 13:45:00 ******开始【京东账号1】jd_632e000b42ec6*********
Jan 09 13:45:00 
Jan 09 13:45:01 任务完成失败：{"code":-30001,"msg":"登陆失败"}
Jan 09 13:45:01 
Jan 09 13:45:01 🔔东东健康社区收集能量收集, 结束! 🕛 0.5 秒
Jan 09 13:45:01 
Jan 09 14:05:01 
Jan 09 14:05:01 🔔东东健康社区收集能量收集, 开始!
Jan 09 14:05:01 
Jan 09 14:05:01 ====================共1个京东账号Cookie=========
Jan 09 14:05:01 
Jan 09 14:05:01 ==================脚本执行- 北京时间(UTC+8)：2022/1/9 下午2:05:01=====================
Jan 09 14:05:01 
Jan 09 14:05:01 
Jan 09 14:05:01 ******开始【京东账号1】jd_632e000b42ec6*********
Jan 09 14:05:01 
Jan 09 14:05:02 任务完成失败：{"code":-30001,"msg":"登陆失败"}
Jan 09 14:05:02 
Jan 09 14:05:02 🔔东东健康社区收集能量收集, 结束! 🕛 1.287 秒
Jan 09 14:05:02 
Jan 09 14:25:00 
Jan 09 14:25:00 🔔东东健康社区收集能量收集, 开始!
Jan 09 14:25:00 
Jan 09 14:25:00 ====================共1个京东账号Cookie=========
Jan 09 14:25:00 
Jan 09 14:25:00 ==================脚本执行- 北京时间(UTC+8)：2022/1/9 下午2:25:00=====================
Jan 09 14:25:00 
Jan 09 14:25:00 
Jan 09 14:25:00 ******开始【京东账号1】jd_632e000b42ec6*********
Jan 09 14:25:00 
Jan 09 14:25:01 任务完成失败：{"code":-30001,"msg":"登陆失败"}
Jan 09 14:25:01 
Jan 09 14:25:01 🔔东东健康社区收集能量收集, 结束! 🕛 0.5 秒
Jan 09 14:25:01 
Jan 09 14:45:00 
Jan 09 14:45:00 🔔东东健康社区收集能量收集, 开始!
Jan 09 14:45:00 
Jan 09 14:45:00 ====================共1个京东账号Cookie=========
Jan 09 14:45:00 
Jan 09 14:45:01 ==================脚本执行- 北京时间(UTC+8)：2022/1/9 下午2:45:00=====================
Jan 09 14:45:01 
Jan 09 14:45:01 
Jan 09 14:45:01 ******开始【京东账号1】jd_632e000b42ec6*********
Jan 09 14:45:01 
Jan 09 14:45:01 任务完成失败：{"code":-30001,"msg":"登陆失败"}
Jan 09 14:45:01 
Jan 09 14:45:01 🔔东东健康社区收集能量收集, 结束! 🕛 0.654 秒
Jan 09 14:45:01 
Jan 09 15:05:01 
Jan 09 15:05:01 🔔东东健康社区收集能量收集, 开始!
Jan 09 15:05:01 
Jan 09 15:05:01 ====================共1个京东账号Cookie=========
Jan 09 15:05:01 
Jan 09 15:05:01 ==================脚本执行- 北京时间(UTC+8)：2022/1/9 下午3:05:01=====================
Jan 09 15:05:01 
Jan 09 15:05:01 
Jan 09 15:05:01 ******开始【京东账号1】jd_632e000b42ec6*********
Jan 09 15:05:01 
Jan 09 15:05:02 任务完成失败：{"code":-30001,"msg":"登陆失败"}
Jan 09 15:05:02 
Jan 09 15:05:02 🔔东东健康社区收集能量收集, 结束! 🕛 1.451 秒
Jan 09 15:05:02 
Jan 09 15:25:00 
Jan 09 15:25:00 🔔东东健康社区收集能量收集, 开始!
Jan 09 15:25:00 
Jan 09 15:25:00 ====================共1个京东账号Cookie=========
Jan 09 15:25:00 
Jan 09 15:25:00 ==================脚本执行- 北京时间(UTC+8)：2022/1/9 下午3:25:00=====================
Jan 09 15:25:00 
Jan 09 15:25:00 
Jan 09 15:25:00 ******开始【京东账号1】jd_632e000b42ec6*********
Jan 09 15:25:00 
Jan 09 15:25:01 任务完成失败：{"code":-30001,"msg":"登陆失败"}
Jan 09 15:25:01 
Jan 09 15:25:01 🔔东东健康社区收集能量收集, 结束! 🕛 0.496 秒
Jan 09 15:25:01 
Jan 09 15:45:00 
Jan 09 15:45:00 🔔东东健康社区收集能量收集, 开始!
Jan 09 15:45:00 
Jan 09 15:45:00 ====================共1个京东账号Cookie=========
Jan 09 15:45:00 
Jan 09 15:45:00 ==================脚本执行- 北京时间(UTC+8)：2022/1/9 下午3:45:00=====================
Jan 09 15:45:00 
Jan 09 15:45:00 
Jan 09 15:45:00 ******开始【京东账号1】jd_632e000b42ec6*********
Jan 09 15:45:00 
Jan 09 15:45:01 任务完成失败：{"code":-30001,"msg":"登陆失败"}
Jan 09 15:45:01 
Jan 09 15:45:01 🔔东东健康社区收集能量收集, 结束! 🕛 0.457 秒
Jan 09 15:45:01 
Jan 09 16:05:01 
Jan 09 16:05:01 🔔东东健康社区收集能量收集, 开始!
Jan 09 16:05:01 
Jan 09 16:05:01 ====================共1个京东账号Cookie=========
Jan 09 16:05:01 
Jan 09 16:05:01 ==================脚本执行- 北京时间(UTC+8)：2022/1/9 下午4:05:01=====================
Jan 09 16:05:01 
Jan 09 16:05:01 
Jan 09 16:05:01 ******开始【京东账号1】jd_632e000b42ec6*********
Jan 09 16:05:01 
Jan 09 16:05:02 任务完成失败：{"code":-30001,"msg":"登陆失败"}
Jan 09 16:05:02 
Jan 09 16:05:02 🔔东东健康社区收集能量收集, 结束! 🕛 1.373 秒
Jan 09 16:05:02 
Jan 09 16:25:00 
Jan 09 16:25:00 🔔东东健康社区收集能量收集, 开始!
Jan 09 16:25:00 
Jan 09 16:25:00 ====================共1个京东账号Cookie=========
Jan 09 16:25:00 
Jan 09 16:25:00 ==================脚本执行- 北京时间(UTC+8)：2022/1/9 下午4:25:00=====================
Jan 09 16:25:00 
Jan 09 16:25:00 
Jan 09 16:25:00 ******开始【京东账号1】jd_632e000b42ec6*********
Jan 09 16:25:00 
Jan 09 16:25:01 任务完成失败：{"code":-30001,"msg":"登陆失败"}
Jan 09 16:25:01 
Jan 09 16:25:01 🔔东东健康社区收集能量收集, 结束! 🕛 0.479 秒
Jan 09 16:25:01 
Jan 09 16:45:00 
Jan 09 16:45:00 🔔东东健康社区收集能量收集, 开始!
Jan 09 16:45:00 
Jan 09 16:45:00 ====================共1个京东账号Cookie=========
Jan 09 16:45:00 
Jan 09 16:45:00 ==================脚本执行- 北京时间(UTC+8)：2022/1/9 下午4:45:00=====================
Jan 09 16:45:00 
Jan 09 16:45:00 
Jan 09 16:45:00 ******开始【京东账号1】jd_632e000b42ec6*********
Jan 09 16:45:00 
Jan 09 16:45:01 任务完成失败：{"code":-30001,"msg":"登陆失败"}
Jan 09 16:45:01 
Jan 09 16:45:01 🔔东东健康社区收集能量收集, 结束! 🕛 0.471 秒
Jan 09 16:45:01 
Jan 09 17:05:01 
Jan 09 17:05:01 🔔东东健康社区收集能量收集, 开始!
Jan 09 17:05:01 
Jan 09 17:05:01 ====================共1个京东账号Cookie=========
Jan 09 17:05:01 
Jan 09 17:05:01 ==================脚本执行- 北京时间(UTC+8)：2022/1/9 下午5:05:01=====================
Jan 09 17:05:01 
Jan 09 17:05:01 
Jan 09 17:05:01 ******开始【京东账号1】jd_632e000b42ec6*********
Jan 09 17:05:01 
Jan 09 17:05:02 任务完成失败：{"code":-30001,"msg":"登陆失败"}
Jan 09 17:05:02 
Jan 09 17:05:02 🔔东东健康社区收集能量收集, 结束! 🕛 1.468 秒
Jan 09 17:05:02 
Jan 09 17:25:00 
Jan 09 17:25:00 🔔东东健康社区收集能量收集, 开始!
Jan 09 17:25:00 
Jan 09 17:25:00 ====================共1个京东账号Cookie=========
Jan 09 17:25:00 
Jan 09 17:25:01 ==================脚本执行- 北京时间(UTC+8)：2022/1/9 下午5:25:00=====================
Jan 09 17:25:01 
Jan 09 17:25:01 
Jan 09 17:25:01 ******开始【京东账号1】jd_632e000b42ec6*********
Jan 09 17:25:01 
Jan 09 17:25:01 任务完成失败：{"code":-30001,"msg":"登陆失败"}
Jan 09 17:25:01 
Jan 09 17:25:01 🔔东东健康社区收集能量收集, 结束! 🕛 0.603 秒
Jan 09 17:25:01 
Jan 09 17:45:00 
Jan 09 17:45:00 🔔东东健康社区收集能量收集, 开始!
Jan 09 17:45:00 
Jan 09 17:45:00 ====================共1个京东账号Cookie=========
Jan 09 17:45:00 
Jan 09 17:45:00 ==================脚本执行- 北京时间(UTC+8)：2022/1/9 下午5:45:00=====================
Jan 09 17:45:00 
Jan 09 17:45:00 
Jan 09 17:45:00 ******开始【京东账号1】jd_632e000b42ec6*********
Jan 09 17:45:00 
Jan 09 17:45:01 任务完成失败：{"code":-30001,"msg":"登陆失败"}
Jan 09 17:45:01 
Jan 09 17:45:01 🔔东东健康社区收集能量收集, 结束! 🕛 0.478 秒
Jan 09 17:45:01 
Jan 09 18:05:01 
Jan 09 18:05:01 🔔东东健康社区收集能量收集, 开始!
Jan 09 18:05:01 
Jan 09 18:05:01 ====================共1个京东账号Cookie=========
Jan 09 18:05:01 
Jan 09 18:05:01 ==================脚本执行- 北京时间(UTC+8)：2022/1/9 下午6:05:01=====================
Jan 09 18:05:01 
Jan 09 18:05:01 
Jan 09 18:05:01 ******开始【京东账号1】jd_632e000b42ec6*********
Jan 09 18:05:01 
Jan 09 18:05:02 任务完成失败：{"code":-30001,"msg":"登陆失败"}
Jan 09 18:05:02 
Jan 09 18:05:02 🔔东东健康社区收集能量收集, 结束! 🕛 1.402 秒
Jan 09 18:05:02 
Jan 09 18:25:00 
Jan 09 18:25:00 🔔东东健康社区收集能量收集, 开始!
Jan 09 18:25:00 
Jan 09 18:25:00 ====================共1个京东账号Cookie=========
Jan 09 18:25:00 
Jan 09 18:25:00 ==================脚本执行- 北京时间(UTC+8)：2022/1/9 下午6:25:00=====================
Jan 09 18:25:00 
Jan 09 18:25:00 
Jan 09 18:25:00 ******开始【京东账号1】jd_632e000b42ec6*********
Jan 09 18:25:00 
Jan 09 18:25:01 任务完成失败：{"code":-30001,"msg":"登陆失败"}
Jan 09 18:25:01 
Jan 09 18:25:01 🔔东东健康社区收集能量收集, 结束! 🕛 0.451 秒
Jan 09 18:25:01 
Jan 09 18:45:01 
Jan 09 18:45:01 🔔东东健康社区收集能量收集, 开始!
Jan 09 18:45:01 
Jan 09 18:45:01 ====================共1个京东账号Cookie=========
Jan 09 18:45:01 
Jan 09 18:45:01 ==================脚本执行- 北京时间(UTC+8)：2022/1/9 下午6:45:01=====================
Jan 09 18:45:01 
Jan 09 18:45:01 
Jan 09 18:45:01 ******开始【京东账号1】jd_632e000b42ec6*********
Jan 09 18:45:01 
Jan 09 18:45:02 任务完成失败：{"code":-30001,"msg":"登陆失败"}
Jan 09 18:45:02 
Jan 09 18:45:02 🔔东东健康社区收集能量收集, 结束! 🕛 1.231 秒
Jan 09 18:45:02 
Jan 09 19:05:01 
Jan 09 19:05:01 🔔东东健康社区收集能量收集, 开始!
Jan 09 19:05:01 
Jan 09 19:05:01 ====================共1个京东账号Cookie=========
Jan 09 19:05:01 
Jan 09 19:05:01 ==================脚本执行- 北京时间(UTC+8)：2022/1/9 下午7:05:01=====================
Jan 09 19:05:01 
Jan 09 19:05:01 
Jan 09 19:05:01 ******开始【京东账号1】jd_632e000b42ec6*********
Jan 09 19:05:01 
Jan 09 19:05:02 任务完成失败：{"code":-30001,"msg":"登陆失败"}
Jan 09 19:05:02 
Jan 09 19:05:02 🔔东东健康社区收集能量收集, 结束! 🕛 1.253 秒
Jan 09 19:05:02 
Jan 09 19:25:01 
Jan 09 19:25:01 🔔东东健康社区收集能量收集, 开始!
Jan 09 19:25:01 
Jan 09 19:25:01 ====================共1个京东账号Cookie=========
Jan 09 19:25:01 
Jan 09 19:25:01 ==================脚本执行- 北京时间(UTC+8)：2022/1/9 下午7:25:01=====================
Jan 09 19:25:01 
Jan 09 19:25:01 
Jan 09 19:25:01 ******开始【京东账号1】jd_632e000b42ec6*********
Jan 09 19:25:01 
Jan 09 19:25:01 任务完成失败：{"code":-30001,"msg":"登陆失败"}
Jan 09 19:25:01 
Jan 09 19:25:01 🔔东东健康社区收集能量收集, 结束! 🕛 0.488 秒
Jan 09 19:25:01 
Jan 09 19:45:01 
Jan 09 19:45:01 🔔东东健康社区收集能量收集, 开始!
Jan 09 19:45:01 
Jan 09 19:45:01 ====================共1个京东账号Cookie=========
Jan 09 19:45:01 
Jan 09 19:45:01 ==================脚本执行- 北京时间(UTC+8)：2022/1/9 下午7:45:01=====================
Jan 09 19:45:01 
Jan 09 19:45:01 
Jan 09 19:45:01 ******开始【京东账号1】jd_632e000b42ec6*********
Jan 09 19:45:01 
Jan 09 19:45:01 任务完成失败：{"code":-30001,"msg":"登陆失败"}
Jan 09 19:45:01 
Jan 09 19:45:01 🔔东东健康社区收集能量收集, 结束! 🕛 0.484 秒
Jan 09 19:45:01 
Jan 09 20:05:01 
Jan 09 20:05:01 🔔东东健康社区收集能量收集, 开始!
Jan 09 20:05:01 
Jan 09 20:05:01 ====================共1个京东账号Cookie=========
Jan 09 20:05:01 
Jan 09 20:05:01 ==================脚本执行- 北京时间(UTC+8)：2022/1/9 下午8:05:01=====================
Jan 09 20:05:01 
Jan 09 20:05:01 
Jan 09 20:05:01 ******开始【京东账号1】jd_632e000b42ec6*********
Jan 09 20:05:01 
Jan 09 20:05:02 任务完成失败：{"code":-30001,"msg":"登陆失败"}
Jan 09 20:05:02 
Jan 09 20:05:02 🔔东东健康社区收集能量收集, 结束! 🕛 1.058 秒
Jan 09 20:05:02 
Jan 09 20:25:01 
Jan 09 20:25:01 🔔东东健康社区收集能量收集, 开始!
Jan 09 20:25:01 
Jan 09 20:25:01 ====================共1个京东账号Cookie=========
Jan 09 20:25:01 
Jan 09 20:25:01 ==================脚本执行- 北京时间(UTC+8)：2022/1/9 下午8:25:01=====================
Jan 09 20:25:01 
Jan 09 20:25:01 
Jan 09 20:25:01 ******开始【京东账号1】jd_632e000b42ec6*********
Jan 09 20:25:01 
Jan 09 20:25:01 任务完成失败：{"code":-30001,"msg":"登陆失败"}
Jan 09 20:25:01 
Jan 09 20:25:01 🔔东东健康社区收集能量收集, 结束! 🕛 0.323 秒
Jan 09 20:25:01 
Jan 09 20:45:01 
Jan 09 20:45:01 🔔东东健康社区收集能量收集, 开始!
Jan 09 20:45:01 
Jan 09 20:45:01 ====================共1个京东账号Cookie=========
Jan 09 20:45:01 
Jan 09 20:45:01 ==================脚本执行- 北京时间(UTC+8)：2022/1/9 下午8:45:01=====================
Jan 09 20:45:01 
Jan 09 20:45:01 
Jan 09 20:45:01 ******开始【京东账号1】jd_632e000b42ec6*********
Jan 09 20:45:01 
Jan 09 20:45:01 任务完成失败：{"code":-30001,"msg":"登陆失败"}
Jan 09 20:45:01 
Jan 09 20:45:01 🔔东东健康社区收集能量收集, 结束! 🕛 0.326 秒
Jan 09 20:45:01 
Jan 09 21:05:01 
Jan 09 21:05:01 🔔东东健康社区收集能量收集, 开始!
Jan 09 21:05:01 
Jan 09 21:05:01 ====================共1个京东账号Cookie=========
Jan 09 21:05:01 
Jan 09 21:05:01 ==================脚本执行- 北京时间(UTC+8)：2022/1/9 下午9:05:01=====================
Jan 09 21:05:01 
Jan 09 21:05:01 
Jan 09 21:05:01 ******开始【京东账号1】jd_632e000b42ec6*********
Jan 09 21:05:01 
Jan 09 21:05:02 任务完成失败：{"code":-30001,"msg":"登陆失败"}
Jan 09 21:05:02 
Jan 09 21:05:02 🔔东东健康社区收集能量收集, 结束! 🕛 1.161 秒
Jan 09 21:05:02 
Jan 09 21:25:00 
Jan 09 21:25:00 🔔东东健康社区收集能量收集, 开始!
Jan 09 21:25:00 
Jan 09 21:25:00 ====================共1个京东账号Cookie=========
Jan 09 21:25:00 
Jan 09 21:25:00 ==================脚本执行- 北京时间(UTC+8)：2022/1/9 下午9:25:00=====================
Jan 09 21:25:00 
Jan 09 21:25:00 
Jan 09 21:25:00 ******开始【京东账号1】jd_632e000b42ec6*********
Jan 09 21:25:00 
Jan 09 21:25:00 任务完成失败：{"code":-30001,"msg":"登陆失败"}
Jan 09 21:25:00 
Jan 09 21:25:00 🔔东东健康社区收集能量收集, 结束! 🕛 0.456 秒
Jan 09 21:25:00 
Jan 09 21:45:00 
Jan 09 21:45:00 🔔东东健康社区收集能量收集, 开始!
Jan 09 21:45:00 
Jan 09 21:45:00 ====================共1个京东账号Cookie=========
Jan 09 21:45:00 
Jan 09 21:45:00 ==================脚本执行- 北京时间(UTC+8)：2022/1/9 下午9:45:00=====================
Jan 09 21:45:00 
Jan 09 21:45:00 
Jan 09 21:45:00 ******开始【京东账号1】jd_632e000b42ec6*********
Jan 09 21:45:00 
Jan 09 21:45:00 任务完成失败：{"code":-30001,"msg":"登陆失败"}
Jan 09 21:45:00 
Jan 09 21:45:00 🔔东东健康社区收集能量收集, 结束! 🕛 0.425 秒
Jan 09 21:45:00 
