Jan 07 02:30:01 
Jan 07 02:30:01 🔔京小鸽吾悦寄, 开始!
Jan 07 02:30:01 
Jan 07 02:30:01 ====================共1个京东账号Cookie=========
Jan 07 02:30:01 
Jan 07 02:30:01 ==================脚本执行- 北京时间(UTC+8)：2022/1/7 上午2:30:01=====================
Jan 07 02:30:01 
Jan 07 02:30:03 
Jan 07 02:30:03 开始【京东账号1】jd_632e000b42ec6
Jan 07 02:30:03 
Jan 07 02:30:03 初始化
Jan 07 02:30:03 获取用户信息失败
Jan 07 02:30:03 
Jan 07 02:30:03 
Jan 07 02:30:03 开始账号内互助
Jan 07 02:30:03 
Jan 07 02:30:03 🔔京小鸽吾悦寄, 结束! 🕛 1.723 秒
Jan 07 02:30:03 
Jan 07 20:30:01 
Jan 07 20:30:01 🔔京小鸽吾悦寄, 开始!
Jan 07 20:30:01 
Jan 07 20:30:01 ====================共1个京东账号Cookie=========
Jan 07 20:30:01 
Jan 07 20:30:02 ==================脚本执行- 北京时间(UTC+8)：2022/1/7 下午8:30:01=====================
Jan 07 20:30:02 
Jan 07 20:30:04 
Jan 07 20:30:04 开始【京东账号1】jd_632e000b42ec6
Jan 07 20:30:04 
Jan 07 20:30:04 初始化
Jan 07 20:30:04 获取用户信息失败
Jan 07 20:30:04 
Jan 07 20:30:04 
Jan 07 20:30:04 开始账号内互助
Jan 07 20:30:04 
Jan 07 20:30:04 🔔京小鸽吾悦寄, 结束! 🕛 2.565 秒
Jan 07 20:30:04 
Jan 08 02:30:02 
Jan 08 02:30:02 🔔京小鸽吾悦寄, 开始!
Jan 08 02:30:02 
Jan 08 02:30:02 ====================共1个京东账号Cookie=========
Jan 08 02:30:02 
Jan 08 02:30:02 ==================脚本执行- 北京时间(UTC+8)：2022/1/8 上午2:30:02=====================
Jan 08 02:30:02 
Jan 08 02:30:03 
Jan 08 02:30:03 开始【京东账号1】jd_632e000b42ec6
Jan 08 02:30:03 
Jan 08 02:30:03 初始化
Jan 08 02:30:04 获取用户信息失败
Jan 08 02:30:04 
Jan 08 02:30:04 
Jan 08 02:30:04 开始账号内互助
Jan 08 02:30:04 
Jan 08 02:30:04 🔔京小鸽吾悦寄, 结束! 🕛 1.948 秒
Jan 08 02:30:04 
Jan 08 20:30:00 
Jan 08 20:30:00 🔔京小鸽吾悦寄, 开始!
Jan 08 20:30:01 
Jan 08 20:30:01 ====================共1个京东账号Cookie=========
Jan 08 20:30:01 
Jan 08 20:30:01 ==================脚本执行- 北京时间(UTC+8)：2022/1/8 下午8:30:01=====================
Jan 08 20:30:01 
Jan 08 20:30:03 
Jan 08 20:30:03 开始【京东账号1】jd_632e000b42ec6
Jan 08 20:30:03 
Jan 08 20:30:03 初始化
Jan 08 20:30:04 获取用户信息失败
Jan 08 20:30:04 
Jan 08 20:30:04 
Jan 08 20:30:04 开始账号内互助
Jan 08 20:30:04 
Jan 08 20:30:04 🔔京小鸽吾悦寄, 结束! 🕛 3.145 秒
Jan 08 20:30:04 
Jan 09 02:30:01 
Jan 09 02:30:01 🔔京小鸽吾悦寄, 开始!
Jan 09 02:30:01 
Jan 09 02:30:01 ====================共1个京东账号Cookie=========
Jan 09 02:30:01 
Jan 09 02:30:02 ==================脚本执行- 北京时间(UTC+8)：2022/1/9 上午2:30:01=====================
Jan 09 02:30:02 
Jan 09 02:30:03 
Jan 09 02:30:03 开始【京东账号1】jd_632e000b42ec6
Jan 09 02:30:03 
Jan 09 02:30:03 初始化
Jan 09 02:30:03 获取用户信息失败
Jan 09 02:30:03 
Jan 09 02:30:03 
Jan 09 02:30:03 开始账号内互助
Jan 09 02:30:03 
Jan 09 02:30:03 🔔京小鸽吾悦寄, 结束! 🕛 1.737 秒
Jan 09 02:30:03 
Jan 09 20:30:02 
Jan 09 20:30:02 🔔京小鸽吾悦寄, 开始!
Jan 09 20:30:02 
Jan 09 20:30:02 ====================共1个京东账号Cookie=========
Jan 09 20:30:02 
Jan 09 20:30:02 ==================脚本执行- 北京时间(UTC+8)：2022/1/9 下午8:30:02=====================
Jan 09 20:30:02 
Jan 09 20:30:04 
Jan 09 20:30:04 开始【京东账号1】jd_632e000b42ec6
Jan 09 20:30:04 
Jan 09 20:30:04 初始化
Jan 09 20:30:04 获取用户信息失败
Jan 09 20:30:04 
Jan 09 20:30:04 
Jan 09 20:30:04 开始账号内互助
Jan 09 20:30:04 
Jan 09 20:30:04 🔔京小鸽吾悦寄, 结束! 🕛 2.294 秒
Jan 09 20:30:04 
