Jan 07 00:23:00 
Jan 07 00:23:00 🔔京东摇钱树, 开始!
Jan 07 00:23:00 
Jan 07 00:23:00 ====================共1个京东账号Cookie=========
Jan 07 00:23:00 
Jan 07 00:23:01 ==================脚本执行- 北京时间(UTC+8)：2022/1/7 上午12:23:00=====================
Jan 07 00:23:01 
Jan 07 00:23:01 
Jan 07 00:23:01 ****开始【京东账号1】jd_632e000b42ec6****
Jan 07 00:23:01 
Jan 07 00:23:01 初始化摇钱树个人信息
Jan 07 00:23:01 其他情况::{"resultCode":3,"resultMsg":"请先登录您的京东账号","channelEncrypt":0}
Jan 07 00:23:01 
Jan 07 00:23:01 🔔京东摇钱树, 结束! 🕛 0.756 秒
Jan 07 00:23:01 
Jan 07 02:23:01 
Jan 07 02:23:01 🔔京东摇钱树, 开始!
Jan 07 02:23:01 
Jan 07 02:23:01 ====================共1个京东账号Cookie=========
Jan 07 02:23:01 
Jan 07 02:23:01 ==================脚本执行- 北京时间(UTC+8)：2022/1/7 上午2:23:01=====================
Jan 07 02:23:01 
Jan 07 02:23:01 
Jan 07 02:23:01 ****开始【京东账号1】jd_632e000b42ec6****
Jan 07 02:23:01 
Jan 07 02:23:01 初始化摇钱树个人信息
Jan 07 02:23:02 其他情况::{"resultCode":3,"resultMsg":"请先登录您的京东账号","channelEncrypt":0}
Jan 07 02:23:02 
Jan 07 02:23:02 🔔京东摇钱树, 结束! 🕛 1.819 秒
Jan 07 02:23:02 
Jan 07 04:23:01 
Jan 07 04:23:01 🔔京东摇钱树, 开始!
Jan 07 04:23:01 
Jan 07 04:23:01 ====================共1个京东账号Cookie=========
Jan 07 04:23:01 
Jan 07 04:23:01 ==================脚本执行- 北京时间(UTC+8)：2022/1/7 上午4:23:01=====================
Jan 07 04:23:01 
Jan 07 04:23:01 
Jan 07 04:23:01 ****开始【京东账号1】jd_632e000b42ec6****
Jan 07 04:23:01 
Jan 07 04:23:01 初始化摇钱树个人信息
Jan 07 04:23:01 其他情况::{"resultCode":3,"resultMsg":"请先登录您的京东账号","channelEncrypt":0}
Jan 07 04:23:01 
Jan 07 04:23:01 🔔京东摇钱树, 结束! 🕛 0.688 秒
Jan 07 04:23:01 
Jan 07 06:23:01 
Jan 07 06:23:01 🔔京东摇钱树, 开始!
Jan 07 06:23:01 
Jan 07 06:23:01 ====================共1个京东账号Cookie=========
Jan 07 06:23:01 
Jan 07 06:23:01 ==================脚本执行- 北京时间(UTC+8)：2022/1/7 上午6:23:01=====================
Jan 07 06:23:01 
Jan 07 06:23:01 
Jan 07 06:23:01 ****开始【京东账号1】jd_632e000b42ec6****
Jan 07 06:23:01 
Jan 07 06:23:01 初始化摇钱树个人信息
Jan 07 06:23:08 其他情况::{"resultCode":3,"resultMsg":"请先登录您的京东账号","channelEncrypt":0}
Jan 07 06:23:08 
Jan 07 06:23:08 🔔京东摇钱树, 结束! 🕛 7.563 秒
Jan 07 06:23:08 
Jan 07 08:23:00 
Jan 07 08:23:00 🔔京东摇钱树, 开始!
Jan 07 08:23:00 
Jan 07 08:23:00 ====================共1个京东账号Cookie=========
Jan 07 08:23:00 
Jan 07 08:23:00 ==================脚本执行- 北京时间(UTC+8)：2022/1/7 上午8:23:00=====================
Jan 07 08:23:00 
Jan 07 08:23:00 
Jan 07 08:23:00 ****开始【京东账号1】jd_632e000b42ec6****
Jan 07 08:23:00 
Jan 07 08:23:01 初始化摇钱树个人信息
Jan 07 08:23:01 其他情况::{"resultCode":3,"resultMsg":"请先登录您的京东账号","channelEncrypt":0}
Jan 07 08:23:01 
Jan 07 08:23:01 🔔京东摇钱树, 结束! 🕛 0.965 秒
Jan 07 08:23:01 
Jan 07 10:23:00 
Jan 07 10:23:00 🔔京东摇钱树, 开始!
Jan 07 10:23:00 
Jan 07 10:23:00 ====================共1个京东账号Cookie=========
Jan 07 10:23:00 
Jan 07 10:23:00 ==================脚本执行- 北京时间(UTC+8)：2022/1/7 上午10:23:00=====================
Jan 07 10:23:00 
Jan 07 10:23:00 
Jan 07 10:23:00 ****开始【京东账号1】jd_632e000b42ec6****
Jan 07 10:23:00 
Jan 07 10:23:00 初始化摇钱树个人信息
Jan 07 10:23:00 其他情况::{"resultCode":3,"resultMsg":"请先登录您的京东账号","channelEncrypt":0}
Jan 07 10:23:00 
Jan 07 10:23:00 🔔京东摇钱树, 结束! 🕛 0.754 秒
Jan 07 10:23:00 
Jan 07 12:23:00 
Jan 07 12:23:00 🔔京东摇钱树, 开始!
Jan 07 12:23:00 
Jan 07 12:23:00 ====================共1个京东账号Cookie=========
Jan 07 12:23:00 
Jan 07 12:23:00 ==================脚本执行- 北京时间(UTC+8)：2022/1/7 下午12:23:00=====================
Jan 07 12:23:00 
Jan 07 12:23:01 
Jan 07 12:23:01 ****开始【京东账号1】jd_632e000b42ec6****
Jan 07 12:23:01 
Jan 07 12:23:01 初始化摇钱树个人信息
Jan 07 12:23:04 其他情况::{"resultCode":3,"resultMsg":"请先登录您的京东账号","channelEncrypt":0}
Jan 07 12:23:04 
Jan 07 12:23:04 🔔京东摇钱树, 结束! 🕛 4.466 秒
Jan 07 12:23:04 
Jan 07 14:23:00 
Jan 07 14:23:00 🔔京东摇钱树, 开始!
Jan 07 14:23:00 
Jan 07 14:23:00 ====================共1个京东账号Cookie=========
Jan 07 14:23:00 
Jan 07 14:23:00 ==================脚本执行- 北京时间(UTC+8)：2022/1/7 下午2:23:00=====================
Jan 07 14:23:00 
Jan 07 14:23:00 
Jan 07 14:23:00 ****开始【京东账号1】jd_632e000b42ec6****
Jan 07 14:23:00 
Jan 07 14:23:00 初始化摇钱树个人信息
Jan 07 14:23:00 其他情况::{"resultCode":3,"resultMsg":"请先登录您的京东账号","channelEncrypt":0}
Jan 07 14:23:00 
Jan 07 14:23:00 🔔京东摇钱树, 结束! 🕛 0.503 秒
Jan 07 14:23:00 
Jan 07 16:23:00 
Jan 07 16:23:00 🔔京东摇钱树, 开始!
Jan 07 16:23:00 
Jan 07 16:23:00 ====================共1个京东账号Cookie=========
Jan 07 16:23:00 
Jan 07 16:23:00 ==================脚本执行- 北京时间(UTC+8)：2022/1/7 下午4:23:00=====================
Jan 07 16:23:00 
Jan 07 16:23:00 
Jan 07 16:23:00 ****开始【京东账号1】jd_632e000b42ec6****
Jan 07 16:23:00 
Jan 07 16:23:00 初始化摇钱树个人信息
Jan 07 16:23:02 其他情况::{"resultCode":3,"resultMsg":"请先登录您的京东账号","channelEncrypt":0}
Jan 07 16:23:02 
Jan 07 16:23:02 🔔京东摇钱树, 结束! 🕛 2.483 秒
Jan 07 16:23:02 
Jan 07 18:23:00 
Jan 07 18:23:00 🔔京东摇钱树, 开始!
Jan 07 18:23:00 
Jan 07 18:23:00 ====================共1个京东账号Cookie=========
Jan 07 18:23:00 
Jan 07 18:23:00 ==================脚本执行- 北京时间(UTC+8)：2022/1/7 下午6:23:00=====================
Jan 07 18:23:00 
Jan 07 18:23:00 
Jan 07 18:23:00 ****开始【京东账号1】jd_632e000b42ec6****
Jan 07 18:23:00 
Jan 07 18:23:00 初始化摇钱树个人信息
Jan 07 18:23:01 其他情况::{"resultCode":3,"resultMsg":"请先登录您的京东账号","channelEncrypt":0}
Jan 07 18:23:01 
Jan 07 18:23:01 🔔京东摇钱树, 结束! 🕛 0.549 秒
Jan 07 18:23:01 
Jan 07 20:23:00 
Jan 07 20:23:00 🔔京东摇钱树, 开始!
Jan 07 20:23:00 
Jan 07 20:23:00 ====================共1个京东账号Cookie=========
Jan 07 20:23:00 
Jan 07 20:23:00 ==================脚本执行- 北京时间(UTC+8)：2022/1/7 下午8:23:00=====================
Jan 07 20:23:00 
Jan 07 20:23:01 
Jan 07 20:23:01 ****开始【京东账号1】jd_632e000b42ec6****
Jan 07 20:23:01 
Jan 07 20:23:01 初始化摇钱树个人信息
Jan 07 20:23:02 其他情况::{"resultCode":3,"resultMsg":"请先登录您的京东账号","channelEncrypt":0}
Jan 07 20:23:02 
Jan 07 20:23:02 🔔京东摇钱树, 结束! 🕛 1.847 秒
Jan 07 20:23:02 
Jan 07 22:23:01 
Jan 07 22:23:01 🔔京东摇钱树, 开始!
Jan 07 22:23:01 
Jan 07 22:23:01 ====================共1个京东账号Cookie=========
Jan 07 22:23:01 
Jan 07 22:23:01 ==================脚本执行- 北京时间(UTC+8)：2022/1/7 下午10:23:01=====================
Jan 07 22:23:01 
Jan 07 22:23:02 
Jan 07 22:23:02 ****开始【京东账号1】jd_632e000b42ec6****
Jan 07 22:23:02 
Jan 07 22:23:02 初始化摇钱树个人信息
Jan 07 22:23:03 其他情况::{"resultCode":3,"resultMsg":"请先登录您的京东账号","channelEncrypt":0}
Jan 07 22:23:03 
Jan 07 22:23:03 🔔京东摇钱树, 结束! 🕛 2.392 秒
Jan 07 22:23:03 
Jan 08 00:23:00 
Jan 08 00:23:00 🔔京东摇钱树, 开始!
Jan 08 00:23:00 
Jan 08 00:23:00 ====================共1个京东账号Cookie=========
Jan 08 00:23:00 
Jan 08 00:23:00 ==================脚本执行- 北京时间(UTC+8)：2022/1/8 上午12:23:00=====================
Jan 08 00:23:00 
Jan 08 00:23:01 
Jan 08 00:23:01 ****开始【京东账号1】jd_632e000b42ec6****
Jan 08 00:23:01 
Jan 08 00:23:01 初始化摇钱树个人信息
Jan 08 00:23:01 其他情况::{"resultCode":3,"resultMsg":"请先登录您的京东账号","channelEncrypt":0}
Jan 08 00:23:01 
Jan 08 00:23:01 🔔京东摇钱树, 结束! 🕛 0.678 秒
Jan 08 00:23:01 
Jan 08 02:23:01 
Jan 08 02:23:01 🔔京东摇钱树, 开始!
Jan 08 02:23:01 
Jan 08 02:23:01 ====================共1个京东账号Cookie=========
Jan 08 02:23:01 
Jan 08 02:23:01 ==================脚本执行- 北京时间(UTC+8)：2022/1/8 上午2:23:01=====================
Jan 08 02:23:01 
Jan 08 02:23:01 
Jan 08 02:23:01 ****开始【京东账号1】jd_632e000b42ec6****
Jan 08 02:23:01 
Jan 08 02:23:01 初始化摇钱树个人信息
Jan 08 02:23:02 其他情况::{"resultCode":3,"resultMsg":"请先登录您的京东账号","channelEncrypt":0}
Jan 08 02:23:02 
Jan 08 02:23:02 🔔京东摇钱树, 结束! 🕛 1.75 秒
Jan 08 02:23:02 
Jan 08 04:23:00 
Jan 08 04:23:00 🔔京东摇钱树, 开始!
Jan 08 04:23:00 
Jan 08 04:23:00 ====================共1个京东账号Cookie=========
Jan 08 04:23:00 
Jan 08 04:23:00 ==================脚本执行- 北京时间(UTC+8)：2022/1/8 上午4:23:00=====================
Jan 08 04:23:00 
Jan 08 04:23:00 
Jan 08 04:23:00 ****开始【京东账号1】jd_632e000b42ec6****
Jan 08 04:23:00 
Jan 08 04:23:00 初始化摇钱树个人信息
Jan 08 04:23:00 其他情况::{"resultCode":3,"resultMsg":"请先登录您的京东账号","channelEncrypt":0}
Jan 08 04:23:00 
Jan 08 04:23:00 🔔京东摇钱树, 结束! 🕛 0.667 秒
Jan 08 04:23:00 
Jan 08 06:23:00 
Jan 08 06:23:00 🔔京东摇钱树, 开始!
Jan 08 06:23:00 
Jan 08 06:23:00 ====================共1个京东账号Cookie=========
Jan 08 06:23:00 
Jan 08 06:23:00 ==================脚本执行- 北京时间(UTC+8)：2022/1/8 上午6:23:00=====================
Jan 08 06:23:00 
Jan 08 06:23:00 
Jan 08 06:23:00 ****开始【京东账号1】jd_632e000b42ec6****
Jan 08 06:23:00 
Jan 08 06:23:00 初始化摇钱树个人信息
Jan 08 06:23:00 其他情况::{"resultCode":3,"resultMsg":"请先登录您的京东账号","channelEncrypt":0}
Jan 08 06:23:00 
Jan 08 06:23:00 🔔京东摇钱树, 结束! 🕛 0.649 秒
Jan 08 06:23:00 
Jan 08 08:23:00 
Jan 08 08:23:00 🔔京东摇钱树, 开始!
Jan 08 08:23:00 
Jan 08 08:23:00 ====================共1个京东账号Cookie=========
Jan 08 08:23:00 
Jan 08 08:23:00 ==================脚本执行- 北京时间(UTC+8)：2022/1/8 上午8:23:00=====================
Jan 08 08:23:00 
Jan 08 08:23:01 
Jan 08 08:23:01 ****开始【京东账号1】jd_632e000b42ec6****
Jan 08 08:23:01 
Jan 08 08:23:01 初始化摇钱树个人信息
Jan 08 08:23:01 其他情况::{"resultCode":3,"resultMsg":"请先登录您的京东账号","channelEncrypt":0}
Jan 08 08:23:01 
Jan 08 08:23:01 🔔京东摇钱树, 结束! 🕛 0.731 秒
Jan 08 08:23:01 
Jan 08 10:23:00 
Jan 08 10:23:00 🔔京东摇钱树, 开始!
Jan 08 10:23:00 
Jan 08 10:23:00 ====================共1个京东账号Cookie=========
Jan 08 10:23:00 
Jan 08 10:23:00 ==================脚本执行- 北京时间(UTC+8)：2022/1/8 上午10:23:00=====================
Jan 08 10:23:00 
Jan 08 10:23:01 
Jan 08 10:23:01 ****开始【京东账号1】jd_632e000b42ec6****
Jan 08 10:23:01 
Jan 08 10:23:01 初始化摇钱树个人信息
Jan 08 10:23:01 其他情况::{"resultCode":3,"resultMsg":"请先登录您的京东账号","channelEncrypt":0}
Jan 08 10:23:01 
Jan 08 10:23:01 🔔京东摇钱树, 结束! 🕛 0.72 秒
Jan 08 10:23:01 
Jan 08 12:23:01 
Jan 08 12:23:01 🔔京东摇钱树, 开始!
Jan 08 12:23:01 
Jan 08 12:23:01 ====================共1个京东账号Cookie=========
Jan 08 12:23:01 
Jan 08 12:23:01 ==================脚本执行- 北京时间(UTC+8)：2022/1/8 下午12:23:01=====================
Jan 08 12:23:01 
Jan 08 12:23:02 
Jan 08 12:23:02 ****开始【京东账号1】jd_632e000b42ec6****
Jan 08 12:23:02 
Jan 08 12:23:02 初始化摇钱树个人信息
Jan 08 12:23:02 其他情况::{"resultCode":3,"resultMsg":"请先登录您的京东账号","channelEncrypt":0}
Jan 08 12:23:02 
Jan 08 12:23:02 🔔京东摇钱树, 结束! 🕛 1.352 秒
Jan 08 12:23:02 
Jan 08 14:23:00 
Jan 08 14:23:00 🔔京东摇钱树, 开始!
Jan 08 14:23:01 
Jan 08 14:23:01 ====================共1个京东账号Cookie=========
Jan 08 14:23:01 
Jan 08 14:23:01 ==================脚本执行- 北京时间(UTC+8)：2022/1/8 下午2:23:01=====================
Jan 08 14:23:01 
Jan 08 14:23:01 
Jan 08 14:23:01 ****开始【京东账号1】jd_632e000b42ec6****
Jan 08 14:23:01 
Jan 08 14:23:01 初始化摇钱树个人信息
Jan 08 14:23:01 其他情况::{"resultCode":3,"resultMsg":"请先登录您的京东账号","channelEncrypt":0}
Jan 08 14:23:01 
Jan 08 14:23:01 🔔京东摇钱树, 结束! 🕛 0.704 秒
Jan 08 14:23:01 
Jan 08 16:23:01 
Jan 08 16:23:01 🔔京东摇钱树, 开始!
Jan 08 16:23:01 
Jan 08 16:23:01 ====================共1个京东账号Cookie=========
Jan 08 16:23:01 
Jan 08 16:23:01 ==================脚本执行- 北京时间(UTC+8)：2022/1/8 下午4:23:01=====================
Jan 08 16:23:01 
Jan 08 16:23:01 
Jan 08 16:23:01 ****开始【京东账号1】jd_632e000b42ec6****
Jan 08 16:23:01 
Jan 08 16:23:01 初始化摇钱树个人信息
Jan 08 16:23:01 其他情况::{"resultCode":3,"resultMsg":"请先登录您的京东账号","channelEncrypt":0}
Jan 08 16:23:01 
Jan 08 16:23:01 🔔京东摇钱树, 结束! 🕛 0.663 秒
Jan 08 16:23:01 
Jan 08 18:23:00 
Jan 08 18:23:00 🔔京东摇钱树, 开始!
Jan 08 18:23:00 
Jan 08 18:23:00 ====================共1个京东账号Cookie=========
Jan 08 18:23:00 
Jan 08 18:23:00 ==================脚本执行- 北京时间(UTC+8)：2022/1/8 下午6:23:00=====================
Jan 08 18:23:00 
Jan 08 18:23:00 
Jan 08 18:23:00 ****开始【京东账号1】jd_632e000b42ec6****
Jan 08 18:23:00 
Jan 08 18:23:00 初始化摇钱树个人信息
Jan 08 18:23:03 其他情况::{"resultCode":3,"resultMsg":"请先登录您的京东账号","channelEncrypt":0}
Jan 08 18:23:03 
Jan 08 18:23:03 🔔京东摇钱树, 结束! 🕛 3.193 秒
Jan 08 18:23:03 
Jan 08 20:23:00 
Jan 08 20:23:00 🔔京东摇钱树, 开始!
Jan 08 20:23:00 
Jan 08 20:23:00 ====================共1个京东账号Cookie=========
Jan 08 20:23:00 
Jan 08 20:23:00 ==================脚本执行- 北京时间(UTC+8)：2022/1/8 下午8:23:00=====================
Jan 08 20:23:00 
Jan 08 20:23:00 
Jan 08 20:23:00 ****开始【京东账号1】jd_632e000b42ec6****
Jan 08 20:23:00 
Jan 08 20:23:00 初始化摇钱树个人信息
Jan 08 20:23:05 其他情况::{"resultCode":3,"resultMsg":"请先登录您的京东账号","channelEncrypt":0}
Jan 08 20:23:05 
Jan 08 20:23:05 🔔京东摇钱树, 结束! 🕛 5.473 秒
Jan 08 20:23:05 
Jan 08 22:23:00 
Jan 08 22:23:00 🔔京东摇钱树, 开始!
Jan 08 22:23:00 
Jan 08 22:23:00 ====================共1个京东账号Cookie=========
Jan 08 22:23:00 
Jan 08 22:23:00 ==================脚本执行- 北京时间(UTC+8)：2022/1/8 下午10:23:00=====================
Jan 08 22:23:00 
Jan 08 22:23:02 
Jan 08 22:23:02 ****开始【京东账号1】jd_632e000b42ec6****
Jan 08 22:23:02 
Jan 08 22:23:02 初始化摇钱树个人信息
Jan 08 22:23:03 其他情况::{"resultCode":3,"resultMsg":"请先登录您的京东账号","channelEncrypt":0}
Jan 08 22:23:03 
Jan 08 22:23:03 🔔京东摇钱树, 结束! 🕛 2.587 秒
Jan 08 22:23:03 
Jan 09 00:23:00 
Jan 09 00:23:00 🔔京东摇钱树, 开始!
Jan 09 00:23:00 
Jan 09 00:23:00 ====================共1个京东账号Cookie=========
Jan 09 00:23:00 
Jan 09 00:23:00 ==================脚本执行- 北京时间(UTC+8)：2022/1/9 上午12:23:00=====================
Jan 09 00:23:00 
Jan 09 00:23:01 
Jan 09 00:23:01 ****开始【京东账号1】jd_632e000b42ec6****
Jan 09 00:23:01 
Jan 09 00:23:01 初始化摇钱树个人信息
Jan 09 00:23:01 其他情况::{"resultCode":3,"resultMsg":"请先登录您的京东账号","channelEncrypt":0}
Jan 09 00:23:01 
Jan 09 00:23:01 🔔京东摇钱树, 结束! 🕛 0.789 秒
Jan 09 00:23:01 
Jan 09 02:23:00 
Jan 09 02:23:00 🔔京东摇钱树, 开始!
Jan 09 02:23:00 
Jan 09 02:23:00 ====================共1个京东账号Cookie=========
Jan 09 02:23:00 
Jan 09 02:23:00 ==================脚本执行- 北京时间(UTC+8)：2022/1/9 上午2:23:00=====================
Jan 09 02:23:00 
Jan 09 02:23:01 
Jan 09 02:23:01 ****开始【京东账号1】jd_632e000b42ec6****
Jan 09 02:23:01 
Jan 09 02:23:01 初始化摇钱树个人信息
Jan 09 02:23:01 其他情况::{"resultCode":3,"resultMsg":"请先登录您的京东账号","channelEncrypt":0}
Jan 09 02:23:01 
Jan 09 02:23:01 🔔京东摇钱树, 结束! 🕛 0.694 秒
Jan 09 02:23:01 
Jan 09 04:23:00 
Jan 09 04:23:00 🔔京东摇钱树, 开始!
Jan 09 04:23:00 
Jan 09 04:23:00 ====================共1个京东账号Cookie=========
Jan 09 04:23:00 
Jan 09 04:23:01 ==================脚本执行- 北京时间(UTC+8)：2022/1/9 上午4:23:00=====================
Jan 09 04:23:01 
Jan 09 04:23:01 
Jan 09 04:23:01 ****开始【京东账号1】jd_632e000b42ec6****
Jan 09 04:23:01 
Jan 09 04:23:01 初始化摇钱树个人信息
Jan 09 04:23:01 其他情况::{"resultCode":3,"resultMsg":"请先登录您的京东账号","channelEncrypt":0}
Jan 09 04:23:01 
Jan 09 04:23:01 🔔京东摇钱树, 结束! 🕛 0.669 秒
Jan 09 04:23:01 
Jan 09 06:23:01 
Jan 09 06:23:01 🔔京东摇钱树, 开始!
Jan 09 06:23:01 
Jan 09 06:23:01 ====================共1个京东账号Cookie=========
Jan 09 06:23:01 
Jan 09 06:23:01 ==================脚本执行- 北京时间(UTC+8)：2022/1/9 上午6:23:01=====================
Jan 09 06:23:01 
Jan 09 06:23:01 
Jan 09 06:23:01 ****开始【京东账号1】jd_632e000b42ec6****
Jan 09 06:23:01 
Jan 09 06:23:01 初始化摇钱树个人信息
Jan 09 06:23:01 其他情况::{"resultCode":3,"resultMsg":"请先登录您的京东账号","channelEncrypt":0}
Jan 09 06:23:01 
Jan 09 06:23:01 🔔京东摇钱树, 结束! 🕛 0.547 秒
Jan 09 06:23:01 
Jan 09 08:23:00 
Jan 09 08:23:00 🔔京东摇钱树, 开始!
Jan 09 08:23:00 
Jan 09 08:23:00 ====================共1个京东账号Cookie=========
Jan 09 08:23:00 
Jan 09 08:23:00 ==================脚本执行- 北京时间(UTC+8)：2022/1/9 上午8:23:00=====================
Jan 09 08:23:00 
Jan 09 08:23:00 
Jan 09 08:23:00 ****开始【京东账号1】jd_632e000b42ec6****
Jan 09 08:23:00 
Jan 09 08:23:00 初始化摇钱树个人信息
Jan 09 08:23:04 其他情况::{"resultCode":3,"resultMsg":"请先登录您的京东账号","channelEncrypt":0}
Jan 09 08:23:04 
Jan 09 08:23:04 🔔京东摇钱树, 结束! 🕛 4.687 秒
Jan 09 08:23:04 
Jan 09 10:23:00 
Jan 09 10:23:00 🔔京东摇钱树, 开始!
Jan 09 10:23:00 
Jan 09 10:23:00 ====================共1个京东账号Cookie=========
Jan 09 10:23:00 
Jan 09 10:23:00 ==================脚本执行- 北京时间(UTC+8)：2022/1/9 上午10:23:00=====================
Jan 09 10:23:00 
Jan 09 10:23:00 
Jan 09 10:23:00 ****开始【京东账号1】jd_632e000b42ec6****
Jan 09 10:23:00 
Jan 09 10:23:00 初始化摇钱树个人信息
Jan 09 10:23:01 其他情况::{"resultCode":3,"resultMsg":"请先登录您的京东账号","channelEncrypt":0}
Jan 09 10:23:01 
Jan 09 10:23:01 🔔京东摇钱树, 结束! 🕛 0.686 秒
Jan 09 10:23:01 
Jan 09 12:23:00 
Jan 09 12:23:00 🔔京东摇钱树, 开始!
Jan 09 12:23:00 
Jan 09 12:23:00 ====================共1个京东账号Cookie=========
Jan 09 12:23:00 
Jan 09 12:23:00 ==================脚本执行- 北京时间(UTC+8)：2022/1/9 下午12:23:00=====================
Jan 09 12:23:00 
Jan 09 12:23:02 
Jan 09 12:23:02 ****开始【京东账号1】jd_632e000b42ec6****
Jan 09 12:23:02 
Jan 09 12:23:02 初始化摇钱树个人信息
Jan 09 12:23:05 其他情况::{"resultCode":3,"resultMsg":"请先登录您的京东账号","channelEncrypt":0}
Jan 09 12:23:05 
Jan 09 12:23:05 🔔京东摇钱树, 结束! 🕛 4.525 秒
Jan 09 12:23:05 
Jan 09 14:23:00 
Jan 09 14:23:00 🔔京东摇钱树, 开始!
Jan 09 14:23:00 
Jan 09 14:23:00 ====================共1个京东账号Cookie=========
Jan 09 14:23:00 
Jan 09 14:23:00 ==================脚本执行- 北京时间(UTC+8)：2022/1/9 下午2:23:00=====================
Jan 09 14:23:00 
Jan 09 14:23:01 
Jan 09 14:23:01 ****开始【京东账号1】jd_632e000b42ec6****
Jan 09 14:23:01 
Jan 09 14:23:01 初始化摇钱树个人信息
Jan 09 14:23:01 其他情况::{"resultCode":3,"resultMsg":"请先登录您的京东账号","channelEncrypt":0}
Jan 09 14:23:01 
Jan 09 14:23:01 🔔京东摇钱树, 结束! 🕛 0.676 秒
Jan 09 14:23:01 
Jan 09 16:23:00 
Jan 09 16:23:00 🔔京东摇钱树, 开始!
Jan 09 16:23:00 
Jan 09 16:23:00 ====================共1个京东账号Cookie=========
Jan 09 16:23:00 
Jan 09 16:23:00 ==================脚本执行- 北京时间(UTC+8)：2022/1/9 下午4:23:00=====================
Jan 09 16:23:00 
Jan 09 16:23:01 
Jan 09 16:23:01 ****开始【京东账号1】jd_632e000b42ec6****
Jan 09 16:23:01 
Jan 09 16:23:01 初始化摇钱树个人信息
Jan 09 16:23:01 其他情况::{"resultCode":3,"resultMsg":"请先登录您的京东账号","channelEncrypt":0}
Jan 09 16:23:01 
Jan 09 16:23:01 🔔京东摇钱树, 结束! 🕛 0.68 秒
Jan 09 16:23:01 
Jan 09 18:23:00 
Jan 09 18:23:00 🔔京东摇钱树, 开始!
Jan 09 18:23:00 
Jan 09 18:23:00 ====================共1个京东账号Cookie=========
Jan 09 18:23:00 
Jan 09 18:23:00 ==================脚本执行- 北京时间(UTC+8)：2022/1/9 下午6:23:00=====================
Jan 09 18:23:00 
Jan 09 18:23:01 
Jan 09 18:23:01 ****开始【京东账号1】jd_632e000b42ec6****
Jan 09 18:23:01 
Jan 09 18:23:01 初始化摇钱树个人信息
Jan 09 18:23:04 其他情况::{"resultCode":3,"resultMsg":"请先登录您的京东账号","channelEncrypt":0}
Jan 09 18:23:04 
Jan 09 18:23:04 🔔京东摇钱树, 结束! 🕛 3.678 秒
Jan 09 18:23:04 
Jan 09 20:23:01 
Jan 09 20:23:01 🔔京东摇钱树, 开始!
Jan 09 20:23:01 
Jan 09 20:23:01 ====================共1个京东账号Cookie=========
Jan 09 20:23:01 
Jan 09 20:23:01 ==================脚本执行- 北京时间(UTC+8)：2022/1/9 下午8:23:01=====================
Jan 09 20:23:01 
Jan 09 20:23:01 
Jan 09 20:23:01 ****开始【京东账号1】jd_632e000b42ec6****
Jan 09 20:23:01 
Jan 09 20:23:01 初始化摇钱树个人信息
Jan 09 20:23:01 其他情况::{"resultCode":3,"resultMsg":"请先登录您的京东账号","channelEncrypt":0}
Jan 09 20:23:01 
Jan 09 20:23:01 🔔京东摇钱树, 结束! 🕛 0.508 秒
Jan 09 20:23:01 
