Jan 07 00:00:02 
Jan 07 00:00:02 🔔5G超级盲盒, 开始!
Jan 07 00:00:02 
Jan 07 00:00:02 ====================共1个京东账号Cookie=========
Jan 07 00:00:02 
Jan 07 00:00:03 ==================脚本执行- 北京时间(UTC+8)：2022/1/7 上午12:00:02=====================
Jan 07 00:00:03 
Jan 07 00:00:03 5G超级盲盒，可抽奖获得京豆，建议在凌晨0点时运行脚本，白天抽奖基本没有京豆，3小时运行一次收集热力值
Jan 07 00:00:03 活动地址: https://blindbox5g.jd.com
Jan 07 00:00:03 活动时间：2021-8-2到2021-10-29
Jan 07 00:00:03 更新时间：2021-8-8 19:00
Jan 07 00:00:12 
Jan 07 00:00:12 ******开始【京东账号1】jd_632e000b42ec6*********
Jan 07 00:00:12 
Jan 07 00:00:12 未登录
Jan 07 00:00:12 
Jan 07 00:00:12 ==============📣系统通知📣==============
Jan 07 00:00:12 5G超级盲盒
Jan 07 00:00:12 领取失败
Jan 07 00:00:12 未登录
Jan 07 00:00:12 
Jan 07 00:00:12 🔔5G超级盲盒, 结束! 🕛 10.346 秒
Jan 07 00:00:12 
Jan 07 00:00:13 
Jan 07 00:00:13 
Jan 07 00:00:13 自己账号内部互助
Jan 07 00:00:13 
Jan 07 00:00:13 🔔5G超级盲盒, 结束! 🕛 10.936 秒
Jan 07 00:00:13 
Jan 07 00:00:17 刷新CDN异常 Response code 503 (Service Unavailable)
Jan 07 01:00:01 
Jan 07 01:00:01 🔔5G超级盲盒, 开始!
Jan 07 01:00:01 
Jan 07 01:00:01 ====================共1个京东账号Cookie=========
Jan 07 01:00:01 
Jan 07 01:00:01 ==================脚本执行- 北京时间(UTC+8)：2022/1/7 上午1:00:01=====================
Jan 07 01:00:01 
Jan 07 01:00:01 5G超级盲盒，可抽奖获得京豆，建议在凌晨0点时运行脚本，白天抽奖基本没有京豆，3小时运行一次收集热力值
Jan 07 01:00:01 活动地址: https://blindbox5g.jd.com
Jan 07 01:00:01 活动时间：2021-8-2到2021-10-29
Jan 07 01:00:01 更新时间：2021-8-8 19:00
Jan 07 01:00:04 
Jan 07 01:00:04 ******开始【京东账号1】jd_632e000b42ec6*********
Jan 07 01:00:04 
Jan 07 01:00:05 未登录
Jan 07 01:00:05 
Jan 07 01:00:05 ==============📣系统通知📣==============
Jan 07 01:00:05 5G超级盲盒
Jan 07 01:00:05 领取失败
Jan 07 01:00:05 未登录
Jan 07 01:00:05 
Jan 07 01:00:05 🔔5G超级盲盒, 结束! 🕛 3.862 秒
Jan 07 01:00:05 
Jan 07 01:00:05 
Jan 07 01:00:05 
Jan 07 01:00:05 自己账号内部互助
Jan 07 01:00:05 
Jan 07 01:00:05 🔔5G超级盲盒, 结束! 🕛 4.303 秒
Jan 07 01:00:05 
Jan 07 01:00:15 刷新CDN异常 Response code 503 (Service Unavailable)
Jan 07 04:00:01 
Jan 07 04:00:01 🔔5G超级盲盒, 开始!
Jan 07 04:00:01 
Jan 07 04:00:01 ====================共1个京东账号Cookie=========
Jan 07 04:00:01 
Jan 07 04:00:01 ==================脚本执行- 北京时间(UTC+8)：2022/1/7 上午4:00:01=====================
Jan 07 04:00:01 
Jan 07 04:00:01 5G超级盲盒，可抽奖获得京豆，建议在凌晨0点时运行脚本，白天抽奖基本没有京豆，3小时运行一次收集热力值
Jan 07 04:00:01 活动地址: https://blindbox5g.jd.com
Jan 07 04:00:01 活动时间：2021-8-2到2021-10-29
Jan 07 04:00:01 更新时间：2021-8-8 19:00
Jan 07 04:00:04 
Jan 07 04:00:04 ******开始【京东账号1】jd_632e000b42ec6*********
Jan 07 04:00:04 
Jan 07 04:00:04 未登录
Jan 07 04:00:04 
Jan 07 04:00:04 ==============📣系统通知📣==============
Jan 07 04:00:04 5G超级盲盒
Jan 07 04:00:04 领取失败
Jan 07 04:00:04 未登录
Jan 07 04:00:04 
Jan 07 04:00:04 🔔5G超级盲盒, 结束! 🕛 3.291 秒
Jan 07 04:00:04 
Jan 07 04:00:04 
Jan 07 04:00:04 
Jan 07 04:00:04 自己账号内部互助
Jan 07 04:00:04 
Jan 07 04:00:04 🔔5G超级盲盒, 结束! 🕛 3.734 秒
Jan 07 04:00:04 
Jan 07 07:00:00 
Jan 07 07:00:00 🔔5G超级盲盒, 开始!
Jan 07 07:00:00 
Jan 07 07:00:00 ====================共1个京东账号Cookie=========
Jan 07 07:00:00 
Jan 07 07:00:00 ==================脚本执行- 北京时间(UTC+8)：2022/1/7 上午7:00:00=====================
Jan 07 07:00:00 
Jan 07 07:00:00 5G超级盲盒，可抽奖获得京豆，建议在凌晨0点时运行脚本，白天抽奖基本没有京豆，3小时运行一次收集热力值
Jan 07 07:00:00 活动地址: https://blindbox5g.jd.com
Jan 07 07:00:00 活动时间：2021-8-2到2021-10-29
Jan 07 07:00:00 更新时间：2021-8-8 19:00
Jan 07 07:00:01 
Jan 07 07:00:01 ******开始【京东账号1】jd_632e000b42ec6*********
Jan 07 07:00:01 
Jan 07 07:00:02 未登录
Jan 07 07:00:02 
Jan 07 07:00:02 ==============📣系统通知📣==============
Jan 07 07:00:02 5G超级盲盒
Jan 07 07:00:02 领取失败
Jan 07 07:00:02 未登录
Jan 07 07:00:02 
Jan 07 07:00:02 🔔5G超级盲盒, 结束! 🕛 1.93 秒
Jan 07 07:00:02 
Jan 07 07:00:02 
Jan 07 07:00:02 
Jan 07 07:00:02 自己账号内部互助
Jan 07 07:00:02 账号 1 jd_632e000b42ec6 开始给 df04a996-17f3-495f-808e-f496ae39f359进行助力
Jan 07 07:00:02 助力失败：未登录
Jan 07 07:00:02 账号 1 jd_632e000b42ec6 开始给 9507dd3b-33d9-4cde-97f7-91090ed5c1c5进行助力
Jan 07 07:00:02 助力失败：未登录
Jan 07 07:00:02 账号 1 jd_632e000b42ec6 开始给 62693db1-f73d-4900-b6e5-714764abc10d进行助力
Jan 07 07:00:02 助力失败：未登录
Jan 07 07:00:02 账号 1 jd_632e000b42ec6 开始给 40719be1-1584-4dc0-81cb-200306428b5b进行助力
Jan 07 07:00:03 助力失败：未登录
Jan 07 07:00:03 账号 1 jd_632e000b42ec6 开始给 b8c68b47-7d4e-4386-b43b-b6af5ca2d824进行助力
Jan 07 07:00:03 助力失败：未登录
Jan 07 07:00:03 账号 1 jd_632e000b42ec6 开始给 24655f63-4345-460e-aa67-def3d8e4a194进行助力
Jan 07 07:00:03 助力失败：未登录
Jan 07 07:00:03 账号 1 jd_632e000b42ec6 开始给 f57132c2-b84f-4eea-912b-e9b0b0796eb2进行助力
Jan 07 07:00:03 助力失败：未登录
Jan 07 07:00:03 
Jan 07 07:00:03 🔔5G超级盲盒, 结束! 🕛 3.339 秒
Jan 07 07:00:03 
Jan 07 10:00:00 
Jan 07 10:00:00 🔔5G超级盲盒, 开始!
Jan 07 10:00:00 
Jan 07 10:00:00 ====================共1个京东账号Cookie=========
Jan 07 10:00:00 
Jan 07 10:00:00 ==================脚本执行- 北京时间(UTC+8)：2022/1/7 上午10:00:00=====================
Jan 07 10:00:00 
Jan 07 10:00:00 5G超级盲盒，可抽奖获得京豆，建议在凌晨0点时运行脚本，白天抽奖基本没有京豆，3小时运行一次收集热力值
Jan 07 10:00:00 活动地址: https://blindbox5g.jd.com
Jan 07 10:00:00 活动时间：2021-8-2到2021-10-29
Jan 07 10:00:00 更新时间：2021-8-8 19:00
Jan 07 10:00:03 
Jan 07 10:00:03 ******开始【京东账号1】jd_632e000b42ec6*********
Jan 07 10:00:03 
Jan 07 10:00:03 未登录
Jan 07 10:00:03 
Jan 07 10:00:03 ==============📣系统通知📣==============
Jan 07 10:00:03 5G超级盲盒
Jan 07 10:00:03 领取失败
Jan 07 10:00:03 未登录
Jan 07 10:00:03 
Jan 07 10:00:03 🔔5G超级盲盒, 结束! 🕛 3.125 秒
Jan 07 10:00:03 
Jan 07 10:00:03 
Jan 07 10:00:03 
Jan 07 10:00:03 自己账号内部互助
Jan 07 10:00:03 账号 1 jd_632e000b42ec6 开始给 df04a996-17f3-495f-808e-f496ae39f359进行助力
Jan 07 10:00:03 助力失败：未登录
Jan 07 10:00:03 账号 1 jd_632e000b42ec6 开始给 9507dd3b-33d9-4cde-97f7-91090ed5c1c5进行助力
Jan 07 10:00:04 助力失败：未登录
Jan 07 10:00:04 账号 1 jd_632e000b42ec6 开始给 62693db1-f73d-4900-b6e5-714764abc10d进行助力
Jan 07 10:00:04 助力失败：未登录
Jan 07 10:00:04 账号 1 jd_632e000b42ec6 开始给 40719be1-1584-4dc0-81cb-200306428b5b进行助力
Jan 07 10:00:04 助力失败：未登录
Jan 07 10:00:04 账号 1 jd_632e000b42ec6 开始给 b8c68b47-7d4e-4386-b43b-b6af5ca2d824进行助力
Jan 07 10:00:04 助力失败：未登录
Jan 07 10:00:04 账号 1 jd_632e000b42ec6 开始给 24655f63-4345-460e-aa67-def3d8e4a194进行助力
Jan 07 10:00:04 助力失败：未登录
Jan 07 10:00:04 账号 1 jd_632e000b42ec6 开始给 f57132c2-b84f-4eea-912b-e9b0b0796eb2进行助力
Jan 07 10:00:04 助力失败：未登录
Jan 07 10:00:04 
Jan 07 10:00:04 🔔5G超级盲盒, 结束! 🕛 4.58 秒
Jan 07 10:00:04 
Jan 07 13:00:00 
Jan 07 13:00:00 🔔5G超级盲盒, 开始!
Jan 07 13:00:00 
Jan 07 13:00:00 ====================共1个京东账号Cookie=========
Jan 07 13:00:00 
Jan 07 13:00:00 ==================脚本执行- 北京时间(UTC+8)：2022/1/7 下午1:00:00=====================
Jan 07 13:00:00 
Jan 07 13:00:00 5G超级盲盒，可抽奖获得京豆，建议在凌晨0点时运行脚本，白天抽奖基本没有京豆，3小时运行一次收集热力值
Jan 07 13:00:00 活动地址: https://blindbox5g.jd.com
Jan 07 13:00:00 活动时间：2021-8-2到2021-10-29
Jan 07 13:00:00 更新时间：2021-8-8 19:00
Jan 07 13:00:03 
Jan 07 13:00:03 ******开始【京东账号1】jd_632e000b42ec6*********
Jan 07 13:00:03 
Jan 07 13:00:03 未登录
Jan 07 13:00:03 
Jan 07 13:00:03 ==============📣系统通知📣==============
Jan 07 13:00:03 5G超级盲盒
Jan 07 13:00:03 领取失败
Jan 07 13:00:03 未登录
Jan 07 13:00:03 
Jan 07 13:00:03 🔔5G超级盲盒, 结束! 🕛 3.08 秒
Jan 07 13:00:03 
Jan 07 13:00:03 
Jan 07 13:00:03 
Jan 07 13:00:03 自己账号内部互助
Jan 07 13:00:03 
Jan 07 13:00:03 🔔5G超级盲盒, 结束! 🕛 3.5 秒
Jan 07 13:00:03 
Jan 07 16:00:00 
Jan 07 16:00:00 🔔5G超级盲盒, 开始!
Jan 07 16:00:00 
Jan 07 16:00:00 ====================共1个京东账号Cookie=========
Jan 07 16:00:00 
Jan 07 16:00:00 ==================脚本执行- 北京时间(UTC+8)：2022/1/7 下午4:00:00=====================
Jan 07 16:00:00 
Jan 07 16:00:00 5G超级盲盒，可抽奖获得京豆，建议在凌晨0点时运行脚本，白天抽奖基本没有京豆，3小时运行一次收集热力值
Jan 07 16:00:00 活动地址: https://blindbox5g.jd.com
Jan 07 16:00:00 活动时间：2021-8-2到2021-10-29
Jan 07 16:00:00 更新时间：2021-8-8 19:00
Jan 07 16:00:02 
Jan 07 16:00:02 ******开始【京东账号1】jd_632e000b42ec6*********
Jan 07 16:00:02 
Jan 07 16:00:02 未登录
Jan 07 16:00:02 
Jan 07 16:00:02 ==============📣系统通知📣==============
Jan 07 16:00:02 5G超级盲盒
Jan 07 16:00:02 领取失败
Jan 07 16:00:02 未登录
Jan 07 16:00:02 
Jan 07 16:00:02 🔔5G超级盲盒, 结束! 🕛 2.52 秒
Jan 07 16:00:02 
Jan 07 16:00:03 
Jan 07 16:00:03 
Jan 07 16:00:03 自己账号内部互助
Jan 07 16:00:03 
Jan 07 16:00:03 🔔5G超级盲盒, 结束! 🕛 2.959 秒
Jan 07 16:00:03 
Jan 07 19:00:00 
Jan 07 19:00:00 🔔5G超级盲盒, 开始!
Jan 07 19:00:00 
Jan 07 19:00:00 ====================共1个京东账号Cookie=========
Jan 07 19:00:00 
Jan 07 19:00:00 ==================脚本执行- 北京时间(UTC+8)：2022/1/7 下午7:00:00=====================
Jan 07 19:00:00 
Jan 07 19:00:00 5G超级盲盒，可抽奖获得京豆，建议在凌晨0点时运行脚本，白天抽奖基本没有京豆，3小时运行一次收集热力值
Jan 07 19:00:00 活动地址: https://blindbox5g.jd.com
Jan 07 19:00:00 活动时间：2021-8-2到2021-10-29
Jan 07 19:00:00 更新时间：2021-8-8 19:00
Jan 07 19:00:02 
Jan 07 19:00:02 ******开始【京东账号1】jd_632e000b42ec6*********
Jan 07 19:00:02 
Jan 07 19:00:02 未登录
Jan 07 19:00:02 
Jan 07 19:00:02 ==============📣系统通知📣==============
Jan 07 19:00:02 5G超级盲盒
Jan 07 19:00:02 领取失败
Jan 07 19:00:02 未登录
Jan 07 19:00:02 
Jan 07 19:00:02 🔔5G超级盲盒, 结束! 🕛 2.299 秒
Jan 07 19:00:02 
Jan 07 19:00:03 
Jan 07 19:00:03 
Jan 07 19:00:03 自己账号内部互助
Jan 07 19:00:03 
Jan 07 19:00:03 🔔5G超级盲盒, 结束! 🕛 2.755 秒
Jan 07 19:00:03 
Jan 07 19:00:12 刷新CDN异常 Response code 503 (Service Unavailable)
Jan 07 22:00:01 
Jan 07 22:00:01 🔔5G超级盲盒, 开始!
Jan 07 22:00:01 
Jan 07 22:00:01 ====================共1个京东账号Cookie=========
Jan 07 22:00:01 
Jan 07 22:00:01 ==================脚本执行- 北京时间(UTC+8)：2022/1/7 下午10:00:01=====================
Jan 07 22:00:01 
Jan 07 22:00:01 5G超级盲盒，可抽奖获得京豆，建议在凌晨0点时运行脚本，白天抽奖基本没有京豆，3小时运行一次收集热力值
Jan 07 22:00:01 活动地址: https://blindbox5g.jd.com
Jan 07 22:00:01 活动时间：2021-8-2到2021-10-29
Jan 07 22:00:01 更新时间：2021-8-8 19:00
Jan 07 22:00:07 
Jan 07 22:00:07 ******开始【京东账号1】jd_632e000b42ec6*********
Jan 07 22:00:07 
Jan 07 22:00:07 未登录
Jan 07 22:00:07 
Jan 07 22:00:07 ==============📣系统通知📣==============
Jan 07 22:00:07 5G超级盲盒
Jan 07 22:00:07 领取失败
Jan 07 22:00:07 未登录
Jan 07 22:00:07 
Jan 07 22:00:07 🔔5G超级盲盒, 结束! 🕛 6.15 秒
Jan 07 22:00:07 
Jan 07 22:00:07 
Jan 07 22:00:07 
Jan 07 22:00:07 自己账号内部互助
Jan 07 22:00:07 
Jan 07 22:00:07 🔔5G超级盲盒, 结束! 🕛 6.578 秒
Jan 07 22:00:07 
Jan 08 00:00:02 
Jan 08 00:00:02 🔔5G超级盲盒, 开始!
Jan 08 00:00:02 
Jan 08 00:00:02 ====================共1个京东账号Cookie=========
Jan 08 00:00:02 
Jan 08 00:00:02 ==================脚本执行- 北京时间(UTC+8)：2022/1/8 上午12:00:02=====================
Jan 08 00:00:02 
Jan 08 00:00:02 5G超级盲盒，可抽奖获得京豆，建议在凌晨0点时运行脚本，白天抽奖基本没有京豆，3小时运行一次收集热力值
Jan 08 00:00:02 活动地址: https://blindbox5g.jd.com
Jan 08 00:00:02 活动时间：2021-8-2到2021-10-29
Jan 08 00:00:02 更新时间：2021-8-8 19:00
Jan 08 00:00:07 
Jan 08 00:00:07 ******开始【京东账号1】jd_632e000b42ec6*********
Jan 08 00:00:07 
Jan 08 00:00:07 未登录
Jan 08 00:00:07 
Jan 08 00:00:07 ==============📣系统通知📣==============
Jan 08 00:00:07 5G超级盲盒
Jan 08 00:00:07 领取失败
Jan 08 00:00:07 未登录
Jan 08 00:00:07 
Jan 08 00:00:07 🔔5G超级盲盒, 结束! 🕛 5.068 秒
Jan 08 00:00:07 
Jan 08 00:00:07 
Jan 08 00:00:07 
Jan 08 00:00:07 自己账号内部互助
Jan 08 00:00:07 
Jan 08 00:00:07 🔔5G超级盲盒, 结束! 🕛 5.497 秒
Jan 08 00:00:07 
Jan 08 01:00:01 
Jan 08 01:00:01 🔔5G超级盲盒, 开始!
Jan 08 01:00:01 
Jan 08 01:00:01 ====================共1个京东账号Cookie=========
Jan 08 01:00:01 
Jan 08 01:00:01 ==================脚本执行- 北京时间(UTC+8)：2022/1/8 上午1:00:01=====================
Jan 08 01:00:01 
Jan 08 01:00:01 5G超级盲盒，可抽奖获得京豆，建议在凌晨0点时运行脚本，白天抽奖基本没有京豆，3小时运行一次收集热力值
Jan 08 01:00:01 活动地址: https://blindbox5g.jd.com
Jan 08 01:00:01 活动时间：2021-8-2到2021-10-29
Jan 08 01:00:01 更新时间：2021-8-8 19:00
Jan 08 01:00:04 
Jan 08 01:00:04 ******开始【京东账号1】jd_632e000b42ec6*********
Jan 08 01:00:04 
Jan 08 01:00:04 未登录
Jan 08 01:00:04 
Jan 08 01:00:04 ==============📣系统通知📣==============
Jan 08 01:00:04 5G超级盲盒
Jan 08 01:00:04 领取失败
Jan 08 01:00:04 未登录
Jan 08 01:00:04 
Jan 08 01:00:04 🔔5G超级盲盒, 结束! 🕛 2.992 秒
Jan 08 01:00:04 
Jan 08 01:00:04 
Jan 08 01:00:04 
Jan 08 01:00:04 自己账号内部互助
Jan 08 01:00:04 
Jan 08 01:00:04 🔔5G超级盲盒, 结束! 🕛 3.413 秒
Jan 08 01:00:04 
Jan 08 04:00:00 
Jan 08 04:00:00 🔔5G超级盲盒, 开始!
Jan 08 04:00:00 
Jan 08 04:00:00 ====================共1个京东账号Cookie=========
Jan 08 04:00:00 
Jan 08 04:00:00 ==================脚本执行- 北京时间(UTC+8)：2022/1/8 上午4:00:00=====================
Jan 08 04:00:00 
Jan 08 04:00:00 5G超级盲盒，可抽奖获得京豆，建议在凌晨0点时运行脚本，白天抽奖基本没有京豆，3小时运行一次收集热力值
Jan 08 04:00:00 活动地址: https://blindbox5g.jd.com
Jan 08 04:00:00 活动时间：2021-8-2到2021-10-29
Jan 08 04:00:00 更新时间：2021-8-8 19:00
Jan 08 04:00:01 
Jan 08 04:00:01 ******开始【京东账号1】jd_632e000b42ec6*********
Jan 08 04:00:01 
Jan 08 04:00:02 未登录
Jan 08 04:00:02 
Jan 08 04:00:02 ==============📣系统通知📣==============
Jan 08 04:00:02 5G超级盲盒
Jan 08 04:00:02 领取失败
Jan 08 04:00:02 未登录
Jan 08 04:00:02 
Jan 08 04:00:02 🔔5G超级盲盒, 结束! 🕛 2.069 秒
Jan 08 04:00:02 
Jan 08 04:00:02 
Jan 08 04:00:02 
Jan 08 04:00:02 自己账号内部互助
Jan 08 04:00:02 
Jan 08 04:00:02 🔔5G超级盲盒, 结束! 🕛 2.497 秒
Jan 08 04:00:02 
Jan 08 07:00:00 
Jan 08 07:00:00 🔔5G超级盲盒, 开始!
Jan 08 07:00:00 
Jan 08 07:00:00 ====================共1个京东账号Cookie=========
Jan 08 07:00:00 
Jan 08 07:00:00 ==================脚本执行- 北京时间(UTC+8)：2022/1/8 上午7:00:00=====================
Jan 08 07:00:00 
Jan 08 07:00:00 5G超级盲盒，可抽奖获得京豆，建议在凌晨0点时运行脚本，白天抽奖基本没有京豆，3小时运行一次收集热力值
Jan 08 07:00:00 活动地址: https://blindbox5g.jd.com
Jan 08 07:00:00 活动时间：2021-8-2到2021-10-29
Jan 08 07:00:00 更新时间：2021-8-8 19:00
Jan 08 07:00:02 
Jan 08 07:00:02 ******开始【京东账号1】jd_632e000b42ec6*********
Jan 08 07:00:02 
Jan 08 07:00:02 未登录
Jan 08 07:00:02 
Jan 08 07:00:02 ==============📣系统通知📣==============
Jan 08 07:00:02 5G超级盲盒
Jan 08 07:00:02 领取失败
Jan 08 07:00:02 未登录
Jan 08 07:00:02 
Jan 08 07:00:02 🔔5G超级盲盒, 结束! 🕛 2.039 秒
Jan 08 07:00:02 
Jan 08 07:00:02 
Jan 08 07:00:02 
Jan 08 07:00:02 自己账号内部互助
Jan 08 07:00:02 
Jan 08 07:00:02 🔔5G超级盲盒, 结束! 🕛 2.461 秒
Jan 08 07:00:02 
Jan 08 10:00:00 
Jan 08 10:00:00 🔔5G超级盲盒, 开始!
Jan 08 10:00:00 
Jan 08 10:00:00 ====================共1个京东账号Cookie=========
Jan 08 10:00:00 
Jan 08 10:00:00 ==================脚本执行- 北京时间(UTC+8)：2022/1/8 上午10:00:00=====================
Jan 08 10:00:00 
Jan 08 10:00:00 5G超级盲盒，可抽奖获得京豆，建议在凌晨0点时运行脚本，白天抽奖基本没有京豆，3小时运行一次收集热力值
Jan 08 10:00:00 活动地址: https://blindbox5g.jd.com
Jan 08 10:00:00 活动时间：2021-8-2到2021-10-29
Jan 08 10:00:00 更新时间：2021-8-8 19:00
Jan 08 10:00:03 
Jan 08 10:00:03 ******开始【京东账号1】jd_632e000b42ec6*********
Jan 08 10:00:03 
Jan 08 10:00:04 未登录
Jan 08 10:00:04 
Jan 08 10:00:04 ==============📣系统通知📣==============
Jan 08 10:00:04 5G超级盲盒
Jan 08 10:00:04 领取失败
Jan 08 10:00:04 未登录
Jan 08 10:00:04 
Jan 08 10:00:04 🔔5G超级盲盒, 结束! 🕛 3.373 秒
Jan 08 10:00:04 
Jan 08 10:00:04 
Jan 08 10:00:04 
Jan 08 10:00:04 自己账号内部互助
Jan 08 10:00:04 
Jan 08 10:00:04 🔔5G超级盲盒, 结束! 🕛 3.813 秒
Jan 08 10:00:04 
Jan 08 10:00:11 刷新CDN异常 Response code 503 (Service Unavailable)
Jan 08 13:00:00 
Jan 08 13:00:00 🔔5G超级盲盒, 开始!
Jan 08 13:00:00 
Jan 08 13:00:00 ====================共1个京东账号Cookie=========
Jan 08 13:00:00 
Jan 08 13:00:01 ==================脚本执行- 北京时间(UTC+8)：2022/1/8 下午1:00:00=====================
Jan 08 13:00:01 
Jan 08 13:00:01 5G超级盲盒，可抽奖获得京豆，建议在凌晨0点时运行脚本，白天抽奖基本没有京豆，3小时运行一次收集热力值
Jan 08 13:00:01 活动地址: https://blindbox5g.jd.com
Jan 08 13:00:01 活动时间：2021-8-2到2021-10-29
Jan 08 13:00:01 更新时间：2021-8-8 19:00
Jan 08 13:00:04 
Jan 08 13:00:04 ******开始【京东账号1】jd_632e000b42ec6*********
Jan 08 13:00:04 
Jan 08 13:00:04 未登录
Jan 08 13:00:04 
Jan 08 13:00:04 ==============📣系统通知📣==============
Jan 08 13:00:04 5G超级盲盒
Jan 08 13:00:04 领取失败
Jan 08 13:00:04 未登录
Jan 08 13:00:04 
Jan 08 13:00:04 🔔5G超级盲盒, 结束! 🕛 4.073 秒
Jan 08 13:00:04 
Jan 08 13:00:05 
Jan 08 13:00:05 
Jan 08 13:00:05 自己账号内部互助
Jan 08 13:00:05 
Jan 08 13:00:05 🔔5G超级盲盒, 结束! 🕛 4.493 秒
Jan 08 13:00:05 
Jan 08 13:00:15 刷新CDN异常 Response code 503 (Service Unavailable)
Jan 08 16:00:01 
Jan 08 16:00:01 🔔5G超级盲盒, 开始!
Jan 08 16:00:01 
Jan 08 16:00:01 ====================共1个京东账号Cookie=========
Jan 08 16:00:01 
Jan 08 16:00:01 ==================脚本执行- 北京时间(UTC+8)：2022/1/8 下午4:00:01=====================
Jan 08 16:00:01 
Jan 08 16:00:01 5G超级盲盒，可抽奖获得京豆，建议在凌晨0点时运行脚本，白天抽奖基本没有京豆，3小时运行一次收集热力值
Jan 08 16:00:01 活动地址: https://blindbox5g.jd.com
Jan 08 16:00:01 活动时间：2021-8-2到2021-10-29
Jan 08 16:00:01 更新时间：2021-8-8 19:00
Jan 08 16:00:03 
Jan 08 16:00:03 ******开始【京东账号1】jd_632e000b42ec6*********
Jan 08 16:00:03 
Jan 08 16:00:03 未登录
Jan 08 16:00:03 
Jan 08 16:00:03 ==============📣系统通知📣==============
Jan 08 16:00:03 5G超级盲盒
Jan 08 16:00:03 领取失败
Jan 08 16:00:03 未登录
Jan 08 16:00:03 
Jan 08 16:00:03 🔔5G超级盲盒, 结束! 🕛 2.676 秒
Jan 08 16:00:03 
Jan 08 16:00:04 
Jan 08 16:00:04 
Jan 08 16:00:04 自己账号内部互助
Jan 08 16:00:04 
Jan 08 16:00:04 🔔5G超级盲盒, 结束! 🕛 3.099 秒
Jan 08 16:00:04 
Jan 08 19:00:00 
Jan 08 19:00:00 🔔5G超级盲盒, 开始!
Jan 08 19:00:00 
Jan 08 19:00:00 ====================共1个京东账号Cookie=========
Jan 08 19:00:00 
Jan 08 19:00:00 ==================脚本执行- 北京时间(UTC+8)：2022/1/8 下午7:00:00=====================
Jan 08 19:00:00 
Jan 08 19:00:00 5G超级盲盒，可抽奖获得京豆，建议在凌晨0点时运行脚本，白天抽奖基本没有京豆，3小时运行一次收集热力值
Jan 08 19:00:00 活动地址: https://blindbox5g.jd.com
Jan 08 19:00:00 活动时间：2021-8-2到2021-10-29
Jan 08 19:00:00 更新时间：2021-8-8 19:00
Jan 08 19:00:04 
Jan 08 19:00:04 ******开始【京东账号1】jd_632e000b42ec6*********
Jan 08 19:00:04 
Jan 08 19:00:05 未登录
Jan 08 19:00:05 
Jan 08 19:00:05 ==============📣系统通知📣==============
Jan 08 19:00:05 5G超级盲盒
Jan 08 19:00:05 领取失败
Jan 08 19:00:05 未登录
Jan 08 19:00:05 
Jan 08 19:00:05 🔔5G超级盲盒, 结束! 🕛 4.897 秒
Jan 08 19:00:05 
Jan 08 19:00:05 
Jan 08 19:00:05 
Jan 08 19:00:05 自己账号内部互助
Jan 08 19:00:05 
Jan 08 19:00:05 🔔5G超级盲盒, 结束! 🕛 5.31 秒
Jan 08 19:00:05 
Jan 08 22:00:00 
Jan 08 22:00:00 🔔5G超级盲盒, 开始!
Jan 08 22:00:00 
Jan 08 22:00:00 ====================共1个京东账号Cookie=========
Jan 08 22:00:00 
Jan 08 22:00:00 ==================脚本执行- 北京时间(UTC+8)：2022/1/8 下午10:00:00=====================
Jan 08 22:00:00 
Jan 08 22:00:00 5G超级盲盒，可抽奖获得京豆，建议在凌晨0点时运行脚本，白天抽奖基本没有京豆，3小时运行一次收集热力值
Jan 08 22:00:00 活动地址: https://blindbox5g.jd.com
Jan 08 22:00:00 活动时间：2021-8-2到2021-10-29
Jan 08 22:00:00 更新时间：2021-8-8 19:00
Jan 08 22:00:03 
Jan 08 22:00:03 ******开始【京东账号1】jd_632e000b42ec6*********
Jan 08 22:00:03 
Jan 08 22:00:03 未登录
Jan 08 22:00:03 
Jan 08 22:00:03 ==============📣系统通知📣==============
Jan 08 22:00:03 5G超级盲盒
Jan 08 22:00:03 领取失败
Jan 08 22:00:03 未登录
Jan 08 22:00:03 
Jan 08 22:00:03 🔔5G超级盲盒, 结束! 🕛 3.113 秒
Jan 08 22:00:03 
Jan 08 22:00:04 
Jan 08 22:00:04 
Jan 08 22:00:04 自己账号内部互助
Jan 08 22:00:04 
Jan 08 22:00:04 🔔5G超级盲盒, 结束! 🕛 3.527 秒
Jan 08 22:00:04 
Jan 09 00:00:02 
Jan 09 00:00:02 🔔5G超级盲盒, 开始!
Jan 09 00:00:02 
Jan 09 00:00:02 ====================共1个京东账号Cookie=========
Jan 09 00:00:02 
Jan 09 00:00:02 ==================脚本执行- 北京时间(UTC+8)：2022/1/9 上午12:00:02=====================
Jan 09 00:00:02 
Jan 09 00:00:02 5G超级盲盒，可抽奖获得京豆，建议在凌晨0点时运行脚本，白天抽奖基本没有京豆，3小时运行一次收集热力值
Jan 09 00:00:02 活动地址: https://blindbox5g.jd.com
Jan 09 00:00:02 活动时间：2021-8-2到2021-10-29
Jan 09 00:00:02 更新时间：2021-8-8 19:00
Jan 09 00:00:09 
Jan 09 00:00:09 ******开始【京东账号1】jd_632e000b42ec6*********
Jan 09 00:00:09 
Jan 09 00:00:10 未登录
Jan 09 00:00:10 
Jan 09 00:00:10 ==============📣系统通知📣==============
Jan 09 00:00:10 5G超级盲盒
Jan 09 00:00:10 领取失败
Jan 09 00:00:10 未登录
Jan 09 00:00:10 
Jan 09 00:00:10 🔔5G超级盲盒, 结束! 🕛 8.129 秒
Jan 09 00:00:10 
Jan 09 00:00:10 
Jan 09 00:00:10 
Jan 09 00:00:10 自己账号内部互助
Jan 09 00:00:10 
Jan 09 00:00:10 🔔5G超级盲盒, 结束! 🕛 8.525 秒
Jan 09 00:00:10 
Jan 09 00:00:18 刷新CDN异常 Response code 503 (Service Unavailable)
Jan 09 01:00:01 
Jan 09 01:00:01 🔔5G超级盲盒, 开始!
Jan 09 01:00:01 
Jan 09 01:00:01 ====================共1个京东账号Cookie=========
Jan 09 01:00:01 
Jan 09 01:00:01 ==================脚本执行- 北京时间(UTC+8)：2022/1/9 上午1:00:01=====================
Jan 09 01:00:01 
Jan 09 01:00:01 5G超级盲盒，可抽奖获得京豆，建议在凌晨0点时运行脚本，白天抽奖基本没有京豆，3小时运行一次收集热力值
Jan 09 01:00:01 活动地址: https://blindbox5g.jd.com
Jan 09 01:00:01 活动时间：2021-8-2到2021-10-29
Jan 09 01:00:01 更新时间：2021-8-8 19:00
Jan 09 01:00:05 
Jan 09 01:00:05 ******开始【京东账号1】jd_632e000b42ec6*********
Jan 09 01:00:05 
Jan 09 01:00:06 未登录
Jan 09 01:00:06 
Jan 09 01:00:06 ==============📣系统通知📣==============
Jan 09 01:00:06 5G超级盲盒
Jan 09 01:00:06 领取失败
Jan 09 01:00:06 未登录
Jan 09 01:00:06 
Jan 09 01:00:06 🔔5G超级盲盒, 结束! 🕛 4.979 秒
Jan 09 01:00:06 
Jan 09 01:00:06 
Jan 09 01:00:06 
Jan 09 01:00:06 自己账号内部互助
Jan 09 01:00:06 
Jan 09 01:00:06 🔔5G超级盲盒, 结束! 🕛 5.381 秒
Jan 09 01:00:06 
Jan 09 04:00:01 
Jan 09 04:00:01 🔔5G超级盲盒, 开始!
Jan 09 04:00:01 
Jan 09 04:00:01 ====================共1个京东账号Cookie=========
Jan 09 04:00:01 
Jan 09 04:00:01 ==================脚本执行- 北京时间(UTC+8)：2022/1/9 上午4:00:01=====================
Jan 09 04:00:01 
Jan 09 04:00:01 5G超级盲盒，可抽奖获得京豆，建议在凌晨0点时运行脚本，白天抽奖基本没有京豆，3小时运行一次收集热力值
Jan 09 04:00:01 活动地址: https://blindbox5g.jd.com
Jan 09 04:00:01 活动时间：2021-8-2到2021-10-29
Jan 09 04:00:01 更新时间：2021-8-8 19:00
Jan 09 04:00:04 
Jan 09 04:00:04 ******开始【京东账号1】jd_632e000b42ec6*********
Jan 09 04:00:04 
Jan 09 04:00:04 未登录
Jan 09 04:00:04 
Jan 09 04:00:04 ==============📣系统通知📣==============
Jan 09 04:00:04 5G超级盲盒
Jan 09 04:00:04 领取失败
Jan 09 04:00:04 未登录
Jan 09 04:00:04 
Jan 09 04:00:04 🔔5G超级盲盒, 结束! 🕛 3.134 秒
Jan 09 04:00:04 
Jan 09 04:00:05 
Jan 09 04:00:05 
Jan 09 04:00:05 自己账号内部互助
Jan 09 04:00:05 
Jan 09 04:00:05 🔔5G超级盲盒, 结束! 🕛 3.552 秒
Jan 09 04:00:05 
Jan 09 07:00:01 
Jan 09 07:00:01 🔔5G超级盲盒, 开始!
Jan 09 07:00:01 
Jan 09 07:00:01 ====================共1个京东账号Cookie=========
Jan 09 07:00:01 
Jan 09 07:00:01 ==================脚本执行- 北京时间(UTC+8)：2022/1/9 上午7:00:01=====================
Jan 09 07:00:01 
Jan 09 07:00:01 5G超级盲盒，可抽奖获得京豆，建议在凌晨0点时运行脚本，白天抽奖基本没有京豆，3小时运行一次收集热力值
Jan 09 07:00:01 活动地址: https://blindbox5g.jd.com
Jan 09 07:00:01 活动时间：2021-8-2到2021-10-29
Jan 09 07:00:01 更新时间：2021-8-8 19:00
Jan 09 07:00:03 
Jan 09 07:00:03 ******开始【京东账号1】jd_632e000b42ec6*********
Jan 09 07:00:03 
Jan 09 07:00:04 未登录
Jan 09 07:00:04 
Jan 09 07:00:04 ==============📣系统通知📣==============
Jan 09 07:00:04 5G超级盲盒
Jan 09 07:00:04 领取失败
Jan 09 07:00:04 未登录
Jan 09 07:00:04 
Jan 09 07:00:04 🔔5G超级盲盒, 结束! 🕛 2.569 秒
Jan 09 07:00:04 
Jan 09 07:00:04 
Jan 09 07:00:04 
Jan 09 07:00:04 自己账号内部互助
Jan 09 07:00:04 账号 1 jd_632e000b42ec6 开始给 4e61ce9f-7e83-4c03-9b50-23103f0e402c进行助力
Jan 09 07:00:04 助力失败：未登录
Jan 09 07:00:04 账号 1 jd_632e000b42ec6 开始给 90b69931-2bfd-4ef2-a964-bc63ec1bda07进行助力
Jan 09 07:00:04 助力失败：未登录
Jan 09 07:00:04 账号 1 jd_632e000b42ec6 开始给 8fd80c84-6476-4839-813e-9b1a4f632d00进行助力
Jan 09 07:00:04 助力失败：未登录
Jan 09 07:00:04 账号 1 jd_632e000b42ec6 开始给 c12e5123-ef1c-4657-a283-0162edd32dd9进行助力
Jan 09 07:00:05 助力失败：未登录
Jan 09 07:00:05 账号 1 jd_632e000b42ec6 开始给 2c950b6e-1c6d-4c3c-9bb9-5c105050acee进行助力
Jan 09 07:00:05 助力失败：未登录
Jan 09 07:00:05 账号 1 jd_632e000b42ec6 开始给 3b91229c-438d-4753-bb22-6273f6d3ade4进行助力
Jan 09 07:00:05 助力失败：未登录
Jan 09 07:00:05 账号 1 jd_632e000b42ec6 开始给 8c212a54-1391-425c-99da-af8a7f802ece进行助力
Jan 09 07:00:05 助力失败：未登录
Jan 09 07:00:05 
Jan 09 07:00:05 🔔5G超级盲盒, 结束! 🕛 3.957 秒
Jan 09 07:00:05 
Jan 09 07:00:16 刷新CDN异常 Response code 503 (Service Unavailable)
Jan 09 10:00:00 
Jan 09 10:00:00 🔔5G超级盲盒, 开始!
Jan 09 10:00:00 
Jan 09 10:00:00 ====================共1个京东账号Cookie=========
Jan 09 10:00:00 
Jan 09 10:00:00 ==================脚本执行- 北京时间(UTC+8)：2022/1/9 上午10:00:00=====================
Jan 09 10:00:00 
Jan 09 10:00:00 5G超级盲盒，可抽奖获得京豆，建议在凌晨0点时运行脚本，白天抽奖基本没有京豆，3小时运行一次收集热力值
Jan 09 10:00:00 活动地址: https://blindbox5g.jd.com
Jan 09 10:00:00 活动时间：2021-8-2到2021-10-29
Jan 09 10:00:00 更新时间：2021-8-8 19:00
Jan 09 10:00:02 
Jan 09 10:00:02 ******开始【京东账号1】jd_632e000b42ec6*********
Jan 09 10:00:02 
Jan 09 10:00:02 未登录
Jan 09 10:00:02 
Jan 09 10:00:02 ==============📣系统通知📣==============
Jan 09 10:00:02 5G超级盲盒
Jan 09 10:00:02 领取失败
Jan 09 10:00:02 未登录
Jan 09 10:00:02 
Jan 09 10:00:02 🔔5G超级盲盒, 结束! 🕛 2.371 秒
Jan 09 10:00:02 
Jan 09 10:00:03 
Jan 09 10:00:03 
Jan 09 10:00:03 自己账号内部互助
Jan 09 10:00:03 账号 1 jd_632e000b42ec6 开始给 4e61ce9f-7e83-4c03-9b50-23103f0e402c进行助力
Jan 09 10:00:03 助力失败：未登录
Jan 09 10:00:03 账号 1 jd_632e000b42ec6 开始给 90b69931-2bfd-4ef2-a964-bc63ec1bda07进行助力
Jan 09 10:00:03 助力失败：未登录
Jan 09 10:00:03 账号 1 jd_632e000b42ec6 开始给 8fd80c84-6476-4839-813e-9b1a4f632d00进行助力
Jan 09 10:00:03 助力失败：未登录
Jan 09 10:00:03 账号 1 jd_632e000b42ec6 开始给 c12e5123-ef1c-4657-a283-0162edd32dd9进行助力
Jan 09 10:00:03 助力失败：未登录
Jan 09 10:00:03 账号 1 jd_632e000b42ec6 开始给 2c950b6e-1c6d-4c3c-9bb9-5c105050acee进行助力
Jan 09 10:00:03 助力失败：未登录
Jan 09 10:00:03 账号 1 jd_632e000b42ec6 开始给 3b91229c-438d-4753-bb22-6273f6d3ade4进行助力
Jan 09 10:00:04 助力失败：未登录
Jan 09 10:00:04 账号 1 jd_632e000b42ec6 开始给 8c212a54-1391-425c-99da-af8a7f802ece进行助力
Jan 09 10:00:04 助力失败：未登录
Jan 09 10:00:04 
Jan 09 10:00:04 🔔5G超级盲盒, 结束! 🕛 3.778 秒
Jan 09 10:00:04 
Jan 09 13:00:00 
Jan 09 13:00:00 🔔5G超级盲盒, 开始!
Jan 09 13:00:00 
Jan 09 13:00:00 ====================共1个京东账号Cookie=========
Jan 09 13:00:00 
Jan 09 13:00:01 ==================脚本执行- 北京时间(UTC+8)：2022/1/9 下午1:00:00=====================
Jan 09 13:00:01 
Jan 09 13:00:01 5G超级盲盒，可抽奖获得京豆，建议在凌晨0点时运行脚本，白天抽奖基本没有京豆，3小时运行一次收集热力值
Jan 09 13:00:01 活动地址: https://blindbox5g.jd.com
Jan 09 13:00:01 活动时间：2021-8-2到2021-10-29
Jan 09 13:00:01 更新时间：2021-8-8 19:00
Jan 09 13:00:03 
Jan 09 13:00:03 ******开始【京东账号1】jd_632e000b42ec6*********
Jan 09 13:00:03 
Jan 09 13:00:04 未登录
Jan 09 13:00:04 
Jan 09 13:00:04 ==============📣系统通知📣==============
Jan 09 13:00:04 5G超级盲盒
Jan 09 13:00:04 领取失败
Jan 09 13:00:04 未登录
Jan 09 13:00:04 
Jan 09 13:00:04 🔔5G超级盲盒, 结束! 🕛 3.18 秒
Jan 09 13:00:04 
Jan 09 13:00:04 
Jan 09 13:00:04 
Jan 09 13:00:04 自己账号内部互助
Jan 09 13:00:04 
Jan 09 13:00:04 🔔5G超级盲盒, 结束! 🕛 3.601 秒
Jan 09 13:00:04 
Jan 09 16:00:01 
Jan 09 16:00:01 🔔5G超级盲盒, 开始!
Jan 09 16:00:01 
Jan 09 16:00:01 ====================共1个京东账号Cookie=========
Jan 09 16:00:01 
Jan 09 16:00:01 ==================脚本执行- 北京时间(UTC+8)：2022/1/9 下午4:00:01=====================
Jan 09 16:00:01 
Jan 09 16:00:01 5G超级盲盒，可抽奖获得京豆，建议在凌晨0点时运行脚本，白天抽奖基本没有京豆，3小时运行一次收集热力值
Jan 09 16:00:01 活动地址: https://blindbox5g.jd.com
Jan 09 16:00:01 活动时间：2021-8-2到2021-10-29
Jan 09 16:00:01 更新时间：2021-8-8 19:00
Jan 09 16:00:04 
Jan 09 16:00:04 ******开始【京东账号1】jd_632e000b42ec6*********
Jan 09 16:00:04 
Jan 09 16:00:04 未登录
Jan 09 16:00:04 
Jan 09 16:00:04 ==============📣系统通知📣==============
Jan 09 16:00:04 5G超级盲盒
Jan 09 16:00:04 领取失败
Jan 09 16:00:04 未登录
Jan 09 16:00:04 
Jan 09 16:00:04 🔔5G超级盲盒, 结束! 🕛 3.725 秒
Jan 09 16:00:04 
Jan 09 16:00:05 
Jan 09 16:00:05 
Jan 09 16:00:05 自己账号内部互助
Jan 09 16:00:05 
Jan 09 16:00:05 🔔5G超级盲盒, 结束! 🕛 4.129 秒
Jan 09 16:00:05 
Jan 09 16:00:18 刷新CDN异常 Response code 503 (Service Unavailable)
Jan 09 19:00:01 
Jan 09 19:00:01 🔔5G超级盲盒, 开始!
Jan 09 19:00:01 
Jan 09 19:00:01 ====================共1个京东账号Cookie=========
Jan 09 19:00:01 
Jan 09 19:00:01 ==================脚本执行- 北京时间(UTC+8)：2022/1/9 下午7:00:01=====================
Jan 09 19:00:01 
Jan 09 19:00:01 5G超级盲盒，可抽奖获得京豆，建议在凌晨0点时运行脚本，白天抽奖基本没有京豆，3小时运行一次收集热力值
Jan 09 19:00:01 活动地址: https://blindbox5g.jd.com
Jan 09 19:00:01 活动时间：2021-8-2到2021-10-29
Jan 09 19:00:01 更新时间：2021-8-8 19:00
Jan 09 19:00:07 
Jan 09 19:00:07 ******开始【京东账号1】jd_632e000b42ec6*********
Jan 09 19:00:07 
Jan 09 19:00:08 未登录
Jan 09 19:00:08 
Jan 09 19:00:08 ==============📣系统通知📣==============
Jan 09 19:00:08 5G超级盲盒
Jan 09 19:00:08 领取失败
Jan 09 19:00:08 未登录
Jan 09 19:00:08 
Jan 09 19:00:08 🔔5G超级盲盒, 结束! 🕛 6.518 秒
Jan 09 19:00:08 
Jan 09 19:00:08 
Jan 09 19:00:08 
Jan 09 19:00:08 自己账号内部互助
Jan 09 19:00:08 
Jan 09 19:00:08 🔔5G超级盲盒, 结束! 🕛 7.002 秒
Jan 09 19:00:08 
