Jan 09 20:00:01 
Jan 09 20:00:01 🔔京享红包, 开始!
Jan 09 20:00:01 
Jan 09 20:00:01 ====================共1个京东账号Cookie=========
Jan 09 20:00:01 
Jan 09 20:00:01 ==================脚本执行- 北京时间(UTC+8)：2022/1/9 下午8:00:01=====================
Jan 09 20:00:01 
Jan 09 20:00:01 
Jan 09 20:00:01 ******开始【京东账号1】jd_632e000b42ec6*********
Jan 09 20:00:01 
Jan 09 20:00:03 $.actId:2UboZe4RXkJPrpkp6SkpJJgtRmod
Jan 09 20:00:03 异常：用户未登录
Jan 09 20:00:07 
Jan 09 20:00:07 🔔京享红包, 结束! 🕛 5.808 秒
Jan 09 20:00:07 
Jan 09 21:00:01 
Jan 09 21:00:01 🔔京享红包, 开始!
Jan 09 21:00:01 
Jan 09 21:00:01 ====================共1个京东账号Cookie=========
Jan 09 21:00:01 
Jan 09 21:00:01 ==================脚本执行- 北京时间(UTC+8)：2022/1/9 下午9:00:01=====================
Jan 09 21:00:01 
Jan 09 21:00:01 
Jan 09 21:00:01 ******开始【京东账号1】jd_632e000b42ec6*********
Jan 09 21:00:01 
Jan 09 21:00:04 $.actId:2UboZe4RXkJPrpkp6SkpJJgtRmod
Jan 09 21:00:04 异常：用户未登录
Jan 09 21:00:08 
Jan 09 21:00:08 🔔京享红包, 结束! 🕛 6.797 秒
Jan 09 21:00:08 
