Jan 07 00:31:00 
Jan 07 00:31:00 🔔东东超市, 开始!
Jan 07 00:31:01 
Jan 07 00:31:01 ====================共1个京东账号Cookie=========
Jan 07 00:31:01 
Jan 07 00:31:01 ==================脚本执行- 北京时间(UTC+8)：2022/1/7 上午12:31:01=====================
Jan 07 00:31:01 
Jan 07 00:31:01 共1个京东账号
Jan 07 00:31:01 
Jan 07 00:31:01 
Jan 07 00:31:01 开始【京东账号1】jd_632e000b42ec6
Jan 07 00:31:01 
Jan 07 00:31:01 收取蓝币失败：请求失败，登陆失败
Jan 07 00:31:02 
Jan 07 00:31:02 注意⚠:东东超市抽奖已改版,花费500蓝币抽奖一次,现在脚本默认已关闭抽奖功能
Jan 07 00:31:02 
Jan 07 00:31:02 设置的为不抽奖
Jan 07 00:31:02 
Jan 07 00:31:24 【京东账号1】
Jan 07 00:31:24 【收取小费】请求失败，登陆失败
Jan 07 00:31:24 【第undefined日签到】请求失败，登陆失败
Jan 07 00:31:24 
Jan 07 00:31:24 
Jan 07 00:31:24 🔔东东超市, 结束! 🕛 23.957 秒
Jan 07 00:31:24 
Jan 07 01:31:01 
Jan 07 01:31:01 🔔东东超市, 开始!
Jan 07 01:31:01 
Jan 07 01:31:01 ====================共1个京东账号Cookie=========
Jan 07 01:31:01 
Jan 07 01:31:01 ==================脚本执行- 北京时间(UTC+8)：2022/1/7 上午1:31:01=====================
Jan 07 01:31:01 
Jan 07 01:31:01 共1个京东账号
Jan 07 01:31:01 
Jan 07 01:31:01 
Jan 07 01:31:01 开始【京东账号1】jd_632e000b42ec6
Jan 07 01:31:01 
Jan 07 01:31:01 收取蓝币失败：请求失败，登陆失败
Jan 07 01:31:02 
Jan 07 01:31:02 注意⚠:东东超市抽奖已改版,花费500蓝币抽奖一次,现在脚本默认已关闭抽奖功能
Jan 07 01:31:02 
Jan 07 01:31:02 设置的为不抽奖
Jan 07 01:31:02 
Jan 07 01:31:15 【京东账号1】
Jan 07 01:31:15 【收取小费】请求失败，登陆失败
Jan 07 01:31:15 【第undefined日签到】请求失败，登陆失败
Jan 07 01:31:15 
Jan 07 01:31:15 
Jan 07 01:31:15 🔔东东超市, 结束! 🕛 14.75 秒
Jan 07 01:31:15 
Jan 07 03:31:01 
Jan 07 03:31:01 🔔东东超市, 开始!
Jan 07 03:31:01 
Jan 07 03:31:01 ====================共1个京东账号Cookie=========
Jan 07 03:31:01 
Jan 07 03:31:01 ==================脚本执行- 北京时间(UTC+8)：2022/1/7 上午3:31:01=====================
Jan 07 03:31:01 
Jan 07 03:31:01 共1个京东账号
Jan 07 03:31:01 
Jan 07 03:31:01 
Jan 07 03:31:01 开始【京东账号1】jd_632e000b42ec6
Jan 07 03:31:01 
Jan 07 03:31:01 收取蓝币失败：请求失败，登陆失败
Jan 07 03:31:02 
Jan 07 03:31:02 注意⚠:东东超市抽奖已改版,花费500蓝币抽奖一次,现在脚本默认已关闭抽奖功能
Jan 07 03:31:02 
Jan 07 03:31:02 设置的为不抽奖
Jan 07 03:31:02 
Jan 07 03:31:04 【京东账号1】
Jan 07 03:31:04 【收取小费】请求失败，登陆失败
Jan 07 03:31:04 【第undefined日签到】请求失败，登陆失败
Jan 07 03:31:04 
Jan 07 03:31:04 
Jan 07 03:31:04 🔔东东超市, 结束! 🕛 3.334 秒
Jan 07 03:31:04 
Jan 07 05:31:01 
Jan 07 05:31:01 🔔东东超市, 开始!
Jan 07 05:31:01 
Jan 07 05:31:01 ====================共1个京东账号Cookie=========
Jan 07 05:31:01 
Jan 07 05:31:01 ==================脚本执行- 北京时间(UTC+8)：2022/1/7 上午5:31:01=====================
Jan 07 05:31:01 
Jan 07 05:31:01 共1个京东账号
Jan 07 05:31:01 
Jan 07 05:31:01 
Jan 07 05:31:01 开始【京东账号1】jd_632e000b42ec6
Jan 07 05:31:01 
Jan 07 05:31:01 收取蓝币失败：请求失败，登陆失败
Jan 07 05:31:02 
Jan 07 05:31:02 注意⚠:东东超市抽奖已改版,花费500蓝币抽奖一次,现在脚本默认已关闭抽奖功能
Jan 07 05:31:02 
Jan 07 05:31:02 设置的为不抽奖
Jan 07 05:31:02 
Jan 07 05:31:25 【京东账号1】
Jan 07 05:31:25 【收取小费】请求失败，登陆失败
Jan 07 05:31:25 【第undefined日签到】请求失败，登陆失败
Jan 07 05:31:25 
Jan 07 05:31:25 
Jan 07 05:31:25 🔔东东超市, 结束! 🕛 24.403 秒
Jan 07 05:31:25 
Jan 07 07:31:00 
Jan 07 07:31:00 🔔东东超市, 开始!
Jan 07 07:31:00 
Jan 07 07:31:00 ====================共1个京东账号Cookie=========
Jan 07 07:31:00 
Jan 07 07:31:00 ==================脚本执行- 北京时间(UTC+8)：2022/1/7 上午7:31:00=====================
Jan 07 07:31:00 
Jan 07 07:31:00 共1个京东账号
Jan 07 07:31:00 
Jan 07 07:31:00 
Jan 07 07:31:00 开始【京东账号1】jd_632e000b42ec6
Jan 07 07:31:00 
Jan 07 07:31:01 收取蓝币失败：请求失败，登陆失败
Jan 07 07:31:01 
Jan 07 07:31:01 注意⚠:东东超市抽奖已改版,花费500蓝币抽奖一次,现在脚本默认已关闭抽奖功能
Jan 07 07:31:01 
Jan 07 07:31:01 设置的为不抽奖
Jan 07 07:31:01 
Jan 07 07:31:25 【京东账号1】
Jan 07 07:31:25 【收取小费】请求失败，登陆失败
Jan 07 07:31:25 【第undefined日签到】请求失败，登陆失败
Jan 07 07:31:25 
Jan 07 07:31:25 
Jan 07 07:31:25 🔔东东超市, 结束! 🕛 24.915 秒
Jan 07 07:31:25 
Jan 07 09:31:00 
Jan 07 09:31:00 🔔东东超市, 开始!
Jan 07 09:31:00 
Jan 07 09:31:00 ====================共1个京东账号Cookie=========
Jan 07 09:31:00 
Jan 07 09:31:00 ==================脚本执行- 北京时间(UTC+8)：2022/1/7 上午9:31:00=====================
Jan 07 09:31:00 
Jan 07 09:31:00 共1个京东账号
Jan 07 09:31:00 
Jan 07 09:31:00 
Jan 07 09:31:00 开始【京东账号1】jd_632e000b42ec6
Jan 07 09:31:00 
Jan 07 09:31:01 收取蓝币失败：请求失败，登陆失败
Jan 07 09:31:01 
Jan 07 09:31:01 注意⚠:东东超市抽奖已改版,花费500蓝币抽奖一次,现在脚本默认已关闭抽奖功能
Jan 07 09:31:01 
Jan 07 09:31:01 设置的为不抽奖
Jan 07 09:31:01 
Jan 07 09:31:17 【京东账号1】
Jan 07 09:31:17 【收取小费】请求失败，登陆失败
Jan 07 09:31:17 【第undefined日签到】请求失败，登陆失败
Jan 07 09:31:17 
Jan 07 09:31:17 
Jan 07 09:31:17 🔔东东超市, 结束! 🕛 16.994 秒
Jan 07 09:31:17 
Jan 07 11:31:00 
Jan 07 11:31:00 🔔东东超市, 开始!
Jan 07 11:31:00 
Jan 07 11:31:00 ====================共1个京东账号Cookie=========
Jan 07 11:31:00 
Jan 07 11:31:00 ==================脚本执行- 北京时间(UTC+8)：2022/1/7 上午11:31:00=====================
Jan 07 11:31:00 
Jan 07 11:31:00 共1个京东账号
Jan 07 11:31:00 
Jan 07 11:31:00 
Jan 07 11:31:00 开始【京东账号1】jd_632e000b42ec6
Jan 07 11:31:00 
Jan 07 11:31:01 收取蓝币失败：请求失败，登陆失败
Jan 07 11:31:01 
Jan 07 11:31:01 注意⚠:东东超市抽奖已改版,花费500蓝币抽奖一次,现在脚本默认已关闭抽奖功能
Jan 07 11:31:01 
Jan 07 11:31:01 设置的为不抽奖
Jan 07 11:31:01 
Jan 07 11:31:14 【京东账号1】
Jan 07 11:31:14 【收取小费】请求失败，登陆失败
Jan 07 11:31:14 【第undefined日签到】请求失败，登陆失败
Jan 07 11:31:14 
Jan 07 11:31:14 
Jan 07 11:31:14 🔔东东超市, 结束! 🕛 13.946 秒
Jan 07 11:31:14 
Jan 07 13:31:00 
Jan 07 13:31:00 🔔东东超市, 开始!
Jan 07 13:31:00 
Jan 07 13:31:00 ====================共1个京东账号Cookie=========
Jan 07 13:31:00 
Jan 07 13:31:00 ==================脚本执行- 北京时间(UTC+8)：2022/1/7 下午1:31:00=====================
Jan 07 13:31:00 
Jan 07 13:31:00 共1个京东账号
Jan 07 13:31:00 
Jan 07 13:31:00 
Jan 07 13:31:00 开始【京东账号1】jd_632e000b42ec6
Jan 07 13:31:00 
Jan 07 13:31:01 收取蓝币失败：请求失败，登陆失败
Jan 07 13:31:01 
Jan 07 13:31:01 注意⚠:东东超市抽奖已改版,花费500蓝币抽奖一次,现在脚本默认已关闭抽奖功能
Jan 07 13:31:01 
Jan 07 13:31:01 设置的为不抽奖
Jan 07 13:31:01 
Jan 07 13:31:15 【京东账号1】
Jan 07 13:31:15 【收取小费】请求失败，登陆失败
Jan 07 13:31:15 【第undefined日签到】请求失败，登陆失败
Jan 07 13:31:15 
Jan 07 13:31:15 
Jan 07 13:31:15 🔔东东超市, 结束! 🕛 15.383 秒
Jan 07 13:31:15 
Jan 07 15:31:00 
Jan 07 15:31:00 🔔东东超市, 开始!
Jan 07 15:31:00 
Jan 07 15:31:00 ====================共1个京东账号Cookie=========
Jan 07 15:31:00 
Jan 07 15:31:00 ==================脚本执行- 北京时间(UTC+8)：2022/1/7 下午3:31:00=====================
Jan 07 15:31:00 
Jan 07 15:31:00 共1个京东账号
Jan 07 15:31:00 
Jan 07 15:31:00 
Jan 07 15:31:00 开始【京东账号1】jd_632e000b42ec6
Jan 07 15:31:00 
Jan 07 15:31:01 收取蓝币失败：请求失败，登陆失败
Jan 07 15:31:01 
Jan 07 15:31:01 注意⚠:东东超市抽奖已改版,花费500蓝币抽奖一次,现在脚本默认已关闭抽奖功能
Jan 07 15:31:01 
Jan 07 15:31:01 设置的为不抽奖
Jan 07 15:31:01 
Jan 07 15:31:06 【京东账号1】
Jan 07 15:31:06 【收取小费】请求失败，登陆失败
Jan 07 15:31:06 【第undefined日签到】请求失败，登陆失败
Jan 07 15:31:06 
Jan 07 15:31:06 
Jan 07 15:31:06 🔔东东超市, 结束! 🕛 5.631 秒
Jan 07 15:31:06 
Jan 07 17:31:00 
Jan 07 17:31:00 🔔东东超市, 开始!
Jan 07 17:31:00 
Jan 07 17:31:00 ====================共1个京东账号Cookie=========
Jan 07 17:31:00 
Jan 07 17:31:00 ==================脚本执行- 北京时间(UTC+8)：2022/1/7 下午5:31:00=====================
Jan 07 17:31:00 
Jan 07 17:31:00 共1个京东账号
Jan 07 17:31:00 
Jan 07 17:31:00 
Jan 07 17:31:00 开始【京东账号1】jd_632e000b42ec6
Jan 07 17:31:00 
Jan 07 17:31:01 收取蓝币失败：请求失败，登陆失败
Jan 07 17:31:01 
Jan 07 17:31:01 注意⚠:东东超市抽奖已改版,花费500蓝币抽奖一次,现在脚本默认已关闭抽奖功能
Jan 07 17:31:01 
Jan 07 17:31:01 设置的为不抽奖
Jan 07 17:31:01 
Jan 07 17:31:15 【京东账号1】
Jan 07 17:31:15 【收取小费】请求失败，登陆失败
Jan 07 17:31:15 【第undefined日签到】请求失败，登陆失败
Jan 07 17:31:15 
Jan 07 17:31:15 
Jan 07 17:31:15 🔔东东超市, 结束! 🕛 15.18 秒
Jan 07 17:31:15 
Jan 07 19:31:00 
Jan 07 19:31:00 🔔东东超市, 开始!
Jan 07 19:31:00 
Jan 07 19:31:00 ====================共1个京东账号Cookie=========
Jan 07 19:31:00 
Jan 07 19:31:00 ==================脚本执行- 北京时间(UTC+8)：2022/1/7 下午7:31:00=====================
Jan 07 19:31:00 
Jan 07 19:31:00 共1个京东账号
Jan 07 19:31:00 
Jan 07 19:31:01 
Jan 07 19:31:01 开始【京东账号1】jd_632e000b42ec6
Jan 07 19:31:01 
Jan 07 19:31:01 收取蓝币失败：请求失败，登陆失败
Jan 07 19:31:02 
Jan 07 19:31:02 注意⚠:东东超市抽奖已改版,花费500蓝币抽奖一次,现在脚本默认已关闭抽奖功能
Jan 07 19:31:02 
Jan 07 19:31:02 设置的为不抽奖
Jan 07 19:31:02 
Jan 07 19:31:27 【京东账号1】
Jan 07 19:31:27 【收取小费】请求失败，登陆失败
Jan 07 19:31:27 【第undefined日签到】请求失败，登陆失败
Jan 07 19:31:27 
Jan 07 19:31:27 
Jan 07 19:31:27 🔔东东超市, 结束! 🕛 26.637 秒
Jan 07 19:31:27 
Jan 07 21:31:00 
Jan 07 21:31:00 🔔东东超市, 开始!
Jan 07 21:31:00 
Jan 07 21:31:00 ====================共1个京东账号Cookie=========
Jan 07 21:31:00 
Jan 07 21:31:01 ==================脚本执行- 北京时间(UTC+8)：2022/1/7 下午9:31:00=====================
Jan 07 21:31:01 
Jan 07 21:31:01 共1个京东账号
Jan 07 21:31:01 
Jan 07 21:31:01 
Jan 07 21:31:01 开始【京东账号1】jd_632e000b42ec6
Jan 07 21:31:01 
Jan 07 21:31:01 收取蓝币失败：请求失败，登陆失败
Jan 07 21:31:02 
Jan 07 21:31:02 注意⚠:东东超市抽奖已改版,花费500蓝币抽奖一次,现在脚本默认已关闭抽奖功能
Jan 07 21:31:02 
Jan 07 21:31:02 设置的为不抽奖
Jan 07 21:31:02 
Jan 07 21:31:17 【京东账号1】
Jan 07 21:31:17 【收取小费】请求失败，登陆失败
Jan 07 21:31:17 【第undefined日签到】请求失败，登陆失败
Jan 07 21:31:17 
Jan 07 21:31:17 
Jan 07 21:31:17 🔔东东超市, 结束! 🕛 16.912 秒
Jan 07 21:31:17 
Jan 07 23:31:00 
Jan 07 23:31:00 🔔东东超市, 开始!
Jan 07 23:31:00 
Jan 07 23:31:00 ====================共1个京东账号Cookie=========
Jan 07 23:31:00 
Jan 07 23:31:00 ==================脚本执行- 北京时间(UTC+8)：2022/1/7 下午11:31:00=====================
Jan 07 23:31:00 
Jan 07 23:31:00 共1个京东账号
Jan 07 23:31:00 
Jan 07 23:31:01 
Jan 07 23:31:01 开始【京东账号1】jd_632e000b42ec6
Jan 07 23:31:01 
Jan 07 23:31:01 收取蓝币失败：请求失败，登陆失败
Jan 07 23:31:02 
Jan 07 23:31:02 注意⚠:东东超市抽奖已改版,花费500蓝币抽奖一次,现在脚本默认已关闭抽奖功能
Jan 07 23:31:02 
Jan 07 23:31:02 设置的为不抽奖
Jan 07 23:31:02 
Jan 07 23:31:19 【京东账号1】
Jan 07 23:31:19 【收取小费】请求失败，登陆失败
Jan 07 23:31:19 【第undefined日签到】请求失败，登陆失败
Jan 07 23:31:19 
Jan 07 23:31:19 
Jan 07 23:31:19 🔔东东超市, 结束! 🕛 18.753 秒
Jan 07 23:31:19 
Jan 08 00:31:00 
Jan 08 00:31:00 🔔东东超市, 开始!
Jan 08 00:31:00 
Jan 08 00:31:00 ====================共1个京东账号Cookie=========
Jan 08 00:31:00 
Jan 08 00:31:01 ==================脚本执行- 北京时间(UTC+8)：2022/1/8 上午12:31:00=====================
Jan 08 00:31:01 
Jan 08 00:31:01 共1个京东账号
Jan 08 00:31:01 
Jan 08 00:31:01 
Jan 08 00:31:01 开始【京东账号1】jd_632e000b42ec6
Jan 08 00:31:01 
Jan 08 00:31:01 收取蓝币失败：请求失败，登陆失败
Jan 08 00:31:02 
Jan 08 00:31:02 注意⚠:东东超市抽奖已改版,花费500蓝币抽奖一次,现在脚本默认已关闭抽奖功能
Jan 08 00:31:02 
Jan 08 00:31:02 设置的为不抽奖
Jan 08 00:31:02 
Jan 08 00:31:15 【京东账号1】
Jan 08 00:31:15 【收取小费】请求失败，登陆失败
Jan 08 00:31:15 【第undefined日签到】请求失败，登陆失败
Jan 08 00:31:15 
Jan 08 00:31:15 
Jan 08 00:31:15 🔔东东超市, 结束! 🕛 14.936 秒
Jan 08 00:31:15 
Jan 08 01:31:01 
Jan 08 01:31:01 🔔东东超市, 开始!
Jan 08 01:31:01 
Jan 08 01:31:01 ====================共1个京东账号Cookie=========
Jan 08 01:31:01 
Jan 08 01:31:01 ==================脚本执行- 北京时间(UTC+8)：2022/1/8 上午1:31:01=====================
Jan 08 01:31:01 
Jan 08 01:31:01 共1个京东账号
Jan 08 01:31:01 
Jan 08 01:31:01 
Jan 08 01:31:01 开始【京东账号1】jd_632e000b42ec6
Jan 08 01:31:01 
Jan 08 01:31:01 收取蓝币失败：请求失败，登陆失败
Jan 08 01:31:02 
Jan 08 01:31:02 注意⚠:东东超市抽奖已改版,花费500蓝币抽奖一次,现在脚本默认已关闭抽奖功能
Jan 08 01:31:02 
Jan 08 01:31:02 设置的为不抽奖
Jan 08 01:31:02 
Jan 08 01:31:04 【京东账号1】
Jan 08 01:31:04 【收取小费】请求失败，登陆失败
Jan 08 01:31:04 【第undefined日签到】请求失败，登陆失败
Jan 08 01:31:04 
Jan 08 01:31:04 
Jan 08 01:31:04 🔔东东超市, 结束! 🕛 3.039 秒
Jan 08 01:31:04 
Jan 08 03:31:01 
Jan 08 03:31:01 🔔东东超市, 开始!
Jan 08 03:31:01 
Jan 08 03:31:01 ====================共1个京东账号Cookie=========
Jan 08 03:31:01 
Jan 08 03:31:01 ==================脚本执行- 北京时间(UTC+8)：2022/1/8 上午3:31:01=====================
Jan 08 03:31:01 
Jan 08 03:31:01 共1个京东账号
Jan 08 03:31:01 
Jan 08 03:31:01 
Jan 08 03:31:01 开始【京东账号1】jd_632e000b42ec6
Jan 08 03:31:01 
Jan 08 03:31:01 收取蓝币失败：请求失败，登陆失败
Jan 08 03:31:02 
Jan 08 03:31:02 注意⚠:东东超市抽奖已改版,花费500蓝币抽奖一次,现在脚本默认已关闭抽奖功能
Jan 08 03:31:02 
Jan 08 03:31:02 设置的为不抽奖
Jan 08 03:31:02 
Jan 08 03:31:03 【京东账号1】
Jan 08 03:31:03 【收取小费】请求失败，登陆失败
Jan 08 03:31:03 【第undefined日签到】请求失败，登陆失败
Jan 08 03:31:03 
Jan 08 03:31:03 
Jan 08 03:31:03 🔔东东超市, 结束! 🕛 2.746 秒
Jan 08 03:31:03 
Jan 08 05:31:00 
Jan 08 05:31:00 🔔东东超市, 开始!
Jan 08 05:31:00 
Jan 08 05:31:00 ====================共1个京东账号Cookie=========
Jan 08 05:31:00 
Jan 08 05:31:00 ==================脚本执行- 北京时间(UTC+8)：2022/1/8 上午5:31:00=====================
Jan 08 05:31:00 
Jan 08 05:31:00 共1个京东账号
Jan 08 05:31:00 
Jan 08 05:31:00 
Jan 08 05:31:00 开始【京东账号1】jd_632e000b42ec6
Jan 08 05:31:00 
Jan 08 05:31:01 收取蓝币失败：请求失败，登陆失败
Jan 08 05:31:01 
Jan 08 05:31:01 注意⚠:东东超市抽奖已改版,花费500蓝币抽奖一次,现在脚本默认已关闭抽奖功能
Jan 08 05:31:01 
Jan 08 05:31:01 设置的为不抽奖
Jan 08 05:31:01 
Jan 08 05:31:13 【京东账号1】
Jan 08 05:31:13 【收取小费】请求失败，登陆失败
Jan 08 05:31:13 【第undefined日签到】请求失败，登陆失败
Jan 08 05:31:13 
Jan 08 05:31:13 
Jan 08 05:31:13 🔔东东超市, 结束! 🕛 13.705 秒
Jan 08 05:31:13 
Jan 08 07:31:00 
Jan 08 07:31:00 🔔东东超市, 开始!
Jan 08 07:31:00 
Jan 08 07:31:00 ====================共1个京东账号Cookie=========
Jan 08 07:31:00 
Jan 08 07:31:00 ==================脚本执行- 北京时间(UTC+8)：2022/1/8 上午7:31:00=====================
Jan 08 07:31:00 
Jan 08 07:31:00 共1个京东账号
Jan 08 07:31:00 
Jan 08 07:31:00 
Jan 08 07:31:00 开始【京东账号1】jd_632e000b42ec6
Jan 08 07:31:00 
Jan 08 07:31:01 收取蓝币失败：请求失败，登陆失败
Jan 08 07:31:01 
Jan 08 07:31:01 注意⚠:东东超市抽奖已改版,花费500蓝币抽奖一次,现在脚本默认已关闭抽奖功能
Jan 08 07:31:01 
Jan 08 07:31:01 设置的为不抽奖
Jan 08 07:31:01 
Jan 08 07:31:03 【京东账号1】
Jan 08 07:31:03 【收取小费】请求失败，登陆失败
Jan 08 07:31:03 【第undefined日签到】请求失败，登陆失败
Jan 08 07:31:03 
Jan 08 07:31:03 
Jan 08 07:31:03 🔔东东超市, 结束! 🕛 2.805 秒
Jan 08 07:31:03 
Jan 08 09:31:00 
Jan 08 09:31:00 🔔东东超市, 开始!
Jan 08 09:31:00 
Jan 08 09:31:00 ====================共1个京东账号Cookie=========
Jan 08 09:31:00 
Jan 08 09:31:00 ==================脚本执行- 北京时间(UTC+8)：2022/1/8 上午9:31:00=====================
Jan 08 09:31:00 
Jan 08 09:31:00 共1个京东账号
Jan 08 09:31:00 
Jan 08 09:31:01 
Jan 08 09:31:01 开始【京东账号1】jd_632e000b42ec6
Jan 08 09:31:01 
Jan 08 09:31:01 收取蓝币失败：请求失败，登陆失败
Jan 08 09:31:02 
Jan 08 09:31:02 注意⚠:东东超市抽奖已改版,花费500蓝币抽奖一次,现在脚本默认已关闭抽奖功能
Jan 08 09:31:02 
Jan 08 09:31:02 设置的为不抽奖
Jan 08 09:31:02 
Jan 08 09:31:15 【京东账号1】
Jan 08 09:31:15 【收取小费】请求失败，登陆失败
Jan 08 09:31:15 【第undefined日签到】请求失败，登陆失败
Jan 08 09:31:15 
Jan 08 09:31:15 
Jan 08 09:31:15 🔔东东超市, 结束! 🕛 15.32 秒
Jan 08 09:31:15 
Jan 08 11:31:00 
Jan 08 11:31:00 🔔东东超市, 开始!
Jan 08 11:31:00 
Jan 08 11:31:00 ====================共1个京东账号Cookie=========
Jan 08 11:31:00 
Jan 08 11:31:00 ==================脚本执行- 北京时间(UTC+8)：2022/1/8 上午11:31:00=====================
Jan 08 11:31:00 
Jan 08 11:31:00 共1个京东账号
Jan 08 11:31:00 
Jan 08 11:31:01 
Jan 08 11:31:01 开始【京东账号1】jd_632e000b42ec6
Jan 08 11:31:01 
Jan 08 11:31:01 收取蓝币失败：请求失败，登陆失败
Jan 08 11:31:02 
Jan 08 11:31:02 注意⚠:东东超市抽奖已改版,花费500蓝币抽奖一次,现在脚本默认已关闭抽奖功能
Jan 08 11:31:02 
Jan 08 11:31:02 设置的为不抽奖
Jan 08 11:31:02 
Jan 08 11:31:16 【京东账号1】
Jan 08 11:31:16 【收取小费】请求失败，登陆失败
Jan 08 11:31:16 【第undefined日签到】请求失败，登陆失败
Jan 08 11:31:16 
Jan 08 11:31:16 
Jan 08 11:31:16 🔔东东超市, 结束! 🕛 15.613 秒
Jan 08 11:31:16 
Jan 08 13:31:00 
Jan 08 13:31:00 🔔东东超市, 开始!
Jan 08 13:31:00 
Jan 08 13:31:00 ====================共1个京东账号Cookie=========
Jan 08 13:31:00 
Jan 08 13:31:01 ==================脚本执行- 北京时间(UTC+8)：2022/1/8 下午1:31:00=====================
Jan 08 13:31:01 
Jan 08 13:31:01 共1个京东账号
Jan 08 13:31:01 
Jan 08 13:31:01 
Jan 08 13:31:01 开始【京东账号1】jd_632e000b42ec6
Jan 08 13:31:01 
Jan 08 13:31:01 收取蓝币失败：请求失败，登陆失败
Jan 08 13:31:02 
Jan 08 13:31:02 注意⚠:东东超市抽奖已改版,花费500蓝币抽奖一次,现在脚本默认已关闭抽奖功能
Jan 08 13:31:02 
Jan 08 13:31:02 设置的为不抽奖
Jan 08 13:31:02 
Jan 08 13:31:28 【京东账号1】
Jan 08 13:31:28 【收取小费】请求失败，登陆失败
Jan 08 13:31:28 【第undefined日签到】请求失败，登陆失败
Jan 08 13:31:28 
Jan 08 13:31:28 
Jan 08 13:31:28 🔔东东超市, 结束! 🕛 27.927 秒
Jan 08 13:31:28 
Jan 08 15:31:01 
Jan 08 15:31:01 🔔东东超市, 开始!
Jan 08 15:31:01 
Jan 08 15:31:01 ====================共1个京东账号Cookie=========
Jan 08 15:31:01 
Jan 08 15:31:01 ==================脚本执行- 北京时间(UTC+8)：2022/1/8 下午3:31:01=====================
Jan 08 15:31:01 
Jan 08 15:31:01 共1个京东账号
Jan 08 15:31:01 
Jan 08 15:31:01 
Jan 08 15:31:01 开始【京东账号1】jd_632e000b42ec6
Jan 08 15:31:01 
Jan 08 15:31:02 收取蓝币失败：请求失败，登陆失败
Jan 08 15:31:02 
Jan 08 15:31:02 注意⚠:东东超市抽奖已改版,花费500蓝币抽奖一次,现在脚本默认已关闭抽奖功能
Jan 08 15:31:02 
Jan 08 15:31:02 设置的为不抽奖
Jan 08 15:31:02 
Jan 08 15:31:17 【京东账号1】
Jan 08 15:31:17 【收取小费】请求失败，登陆失败
Jan 08 15:31:17 【第undefined日签到】请求失败，登陆失败
Jan 08 15:31:17 
Jan 08 15:31:17 
Jan 08 15:31:17 🔔东东超市, 结束! 🕛 16.154 秒
Jan 08 15:31:17 
Jan 08 17:31:01 
Jan 08 17:31:01 🔔东东超市, 开始!
Jan 08 17:31:01 
Jan 08 17:31:01 ====================共1个京东账号Cookie=========
Jan 08 17:31:01 
Jan 08 17:31:01 ==================脚本执行- 北京时间(UTC+8)：2022/1/8 下午5:31:01=====================
Jan 08 17:31:01 
Jan 08 17:31:01 共1个京东账号
Jan 08 17:31:01 
Jan 08 17:31:01 
Jan 08 17:31:01 开始【京东账号1】jd_632e000b42ec6
Jan 08 17:31:01 
Jan 08 17:31:01 收取蓝币失败：请求失败，登陆失败
Jan 08 17:31:02 
Jan 08 17:31:02 注意⚠:东东超市抽奖已改版,花费500蓝币抽奖一次,现在脚本默认已关闭抽奖功能
Jan 08 17:31:02 
Jan 08 17:31:02 设置的为不抽奖
Jan 08 17:31:02 
Jan 08 17:31:27 【京东账号1】
Jan 08 17:31:27 【收取小费】请求失败，登陆失败
Jan 08 17:31:27 【第undefined日签到】请求失败，登陆失败
Jan 08 17:31:27 
Jan 08 17:31:27 
Jan 08 17:31:27 🔔东东超市, 结束! 🕛 26.627 秒
Jan 08 17:31:27 
Jan 08 19:31:00 
Jan 08 19:31:00 🔔东东超市, 开始!
Jan 08 19:31:00 
Jan 08 19:31:00 ====================共1个京东账号Cookie=========
Jan 08 19:31:00 
Jan 08 19:31:00 ==================脚本执行- 北京时间(UTC+8)：2022/1/8 下午7:31:00=====================
Jan 08 19:31:00 
Jan 08 19:31:00 共1个京东账号
Jan 08 19:31:00 
Jan 08 19:31:00 
Jan 08 19:31:00 开始【京东账号1】jd_632e000b42ec6
Jan 08 19:31:00 
Jan 08 19:31:01 收取蓝币失败：请求失败，登陆失败
Jan 08 19:31:01 
Jan 08 19:31:01 注意⚠:东东超市抽奖已改版,花费500蓝币抽奖一次,现在脚本默认已关闭抽奖功能
Jan 08 19:31:01 
Jan 08 19:31:01 设置的为不抽奖
Jan 08 19:31:01 
Jan 08 19:31:35 【京东账号1】
Jan 08 19:31:35 【收取小费】请求失败，登陆失败
Jan 08 19:31:35 【第undefined日签到】请求失败，登陆失败
Jan 08 19:31:35 
Jan 08 19:31:35 
Jan 08 19:31:35 🔔东东超市, 结束! 🕛 35.684 秒
Jan 08 19:31:35 
Jan 08 21:31:00 
Jan 08 21:31:00 🔔东东超市, 开始!
Jan 08 21:31:00 
Jan 08 21:31:00 ====================共1个京东账号Cookie=========
Jan 08 21:31:00 
Jan 08 21:31:00 ==================脚本执行- 北京时间(UTC+8)：2022/1/8 下午9:31:00=====================
Jan 08 21:31:00 
Jan 08 21:31:00 共1个京东账号
Jan 08 21:31:00 
Jan 08 21:31:00 
Jan 08 21:31:00 开始【京东账号1】jd_632e000b42ec6
Jan 08 21:31:00 
Jan 08 21:31:01 收取蓝币失败：请求失败，登陆失败
Jan 08 21:31:01 
Jan 08 21:31:01 注意⚠:东东超市抽奖已改版,花费500蓝币抽奖一次,现在脚本默认已关闭抽奖功能
Jan 08 21:31:01 
Jan 08 21:31:01 设置的为不抽奖
Jan 08 21:31:01 
Jan 08 21:31:06 【京东账号1】
Jan 08 21:31:06 【收取小费】请求失败，登陆失败
Jan 08 21:31:06 【第undefined日签到】请求失败，登陆失败
Jan 08 21:31:06 
Jan 08 21:31:06 
Jan 08 21:31:06 🔔东东超市, 结束! 🕛 6.484 秒
Jan 08 21:31:06 
Jan 08 23:31:00 
Jan 08 23:31:00 🔔东东超市, 开始!
Jan 08 23:31:00 
Jan 08 23:31:00 ====================共1个京东账号Cookie=========
Jan 08 23:31:00 
Jan 08 23:31:00 ==================脚本执行- 北京时间(UTC+8)：2022/1/8 下午11:31:00=====================
Jan 08 23:31:00 
Jan 08 23:31:00 共1个京东账号
Jan 08 23:31:00 
Jan 08 23:31:00 
Jan 08 23:31:00 开始【京东账号1】jd_632e000b42ec6
Jan 08 23:31:00 
Jan 08 23:31:01 收取蓝币失败：请求失败，登陆失败
Jan 08 23:31:01 
Jan 08 23:31:01 注意⚠:东东超市抽奖已改版,花费500蓝币抽奖一次,现在脚本默认已关闭抽奖功能
Jan 08 23:31:01 
Jan 08 23:31:01 设置的为不抽奖
Jan 08 23:31:01 
Jan 08 23:31:25 【京东账号1】
Jan 08 23:31:25 【收取小费】请求失败，登陆失败
Jan 08 23:31:25 【第undefined日签到】请求失败，登陆失败
Jan 08 23:31:25 
Jan 08 23:31:25 
Jan 08 23:31:25 🔔东东超市, 结束! 🕛 25.42 秒
Jan 08 23:31:25 
Jan 09 00:31:00 
Jan 09 00:31:00 🔔东东超市, 开始!
Jan 09 00:31:00 
Jan 09 00:31:00 ====================共1个京东账号Cookie=========
Jan 09 00:31:00 
Jan 09 00:31:00 ==================脚本执行- 北京时间(UTC+8)：2022/1/9 上午12:31:00=====================
Jan 09 00:31:00 
Jan 09 00:31:00 共1个京东账号
Jan 09 00:31:00 
Jan 09 00:31:01 
Jan 09 00:31:01 开始【京东账号1】jd_632e000b42ec6
Jan 09 00:31:01 
Jan 09 00:31:01 收取蓝币失败：请求失败，登陆失败
Jan 09 00:31:02 
Jan 09 00:31:02 注意⚠:东东超市抽奖已改版,花费500蓝币抽奖一次,现在脚本默认已关闭抽奖功能
Jan 09 00:31:02 
Jan 09 00:31:02 设置的为不抽奖
Jan 09 00:31:02 
Jan 09 00:31:05 【京东账号1】
Jan 09 00:31:05 【收取小费】请求失败，登陆失败
Jan 09 00:31:05 【第undefined日签到】请求失败，登陆失败
Jan 09 00:31:05 
Jan 09 00:31:05 
Jan 09 00:31:05 🔔东东超市, 结束! 🕛 4.34 秒
Jan 09 00:31:05 
Jan 09 01:31:00 
Jan 09 01:31:00 🔔东东超市, 开始!
Jan 09 01:31:00 
Jan 09 01:31:00 ====================共1个京东账号Cookie=========
Jan 09 01:31:00 
Jan 09 01:31:00 ==================脚本执行- 北京时间(UTC+8)：2022/1/9 上午1:31:00=====================
Jan 09 01:31:00 
Jan 09 01:31:00 共1个京东账号
Jan 09 01:31:00 
Jan 09 01:31:01 
Jan 09 01:31:01 开始【京东账号1】jd_632e000b42ec6
Jan 09 01:31:01 
Jan 09 01:31:01 收取蓝币失败：请求失败，登陆失败
Jan 09 01:31:02 
Jan 09 01:31:02 注意⚠:东东超市抽奖已改版,花费500蓝币抽奖一次,现在脚本默认已关闭抽奖功能
Jan 09 01:31:02 
Jan 09 01:31:02 设置的为不抽奖
Jan 09 01:31:02 
Jan 09 01:31:25 【京东账号1】
Jan 09 01:31:25 【收取小费】请求失败，登陆失败
Jan 09 01:31:25 【第undefined日签到】请求失败，登陆失败
Jan 09 01:31:25 
Jan 09 01:31:25 
Jan 09 01:31:25 🔔东东超市, 结束! 🕛 25.048 秒
Jan 09 01:31:25 
Jan 09 03:31:00 
Jan 09 03:31:00 🔔东东超市, 开始!
Jan 09 03:31:01 
Jan 09 03:31:01 ====================共1个京东账号Cookie=========
Jan 09 03:31:01 
Jan 09 03:31:01 ==================脚本执行- 北京时间(UTC+8)：2022/1/9 上午3:31:01=====================
Jan 09 03:31:01 
Jan 09 03:31:01 共1个京东账号
Jan 09 03:31:01 
Jan 09 03:31:01 
Jan 09 03:31:01 开始【京东账号1】jd_632e000b42ec6
Jan 09 03:31:01 
Jan 09 03:31:01 收取蓝币失败：请求失败，登陆失败
Jan 09 03:31:02 
Jan 09 03:31:02 注意⚠:东东超市抽奖已改版,花费500蓝币抽奖一次,现在脚本默认已关闭抽奖功能
Jan 09 03:31:02 
Jan 09 03:31:02 设置的为不抽奖
Jan 09 03:31:02 
Jan 09 03:31:25 【京东账号1】
Jan 09 03:31:25 【收取小费】请求失败，登陆失败
Jan 09 03:31:25 【第undefined日签到】请求失败，登陆失败
Jan 09 03:31:25 
Jan 09 03:31:25 
Jan 09 03:31:25 🔔东东超市, 结束! 🕛 24.832 秒
Jan 09 03:31:25 
Jan 09 05:31:01 
Jan 09 05:31:01 🔔东东超市, 开始!
Jan 09 05:31:01 
Jan 09 05:31:01 ====================共1个京东账号Cookie=========
Jan 09 05:31:01 
Jan 09 05:31:01 ==================脚本执行- 北京时间(UTC+8)：2022/1/9 上午5:31:01=====================
Jan 09 05:31:01 
Jan 09 05:31:01 共1个京东账号
Jan 09 05:31:01 
Jan 09 05:31:02 
Jan 09 05:31:02 开始【京东账号1】jd_632e000b42ec6
Jan 09 05:31:02 
Jan 09 05:31:02 收取蓝币失败：请求失败，登陆失败
Jan 09 05:31:03 
Jan 09 05:31:03 注意⚠:东东超市抽奖已改版,花费500蓝币抽奖一次,现在脚本默认已关闭抽奖功能
Jan 09 05:31:03 
Jan 09 05:31:03 设置的为不抽奖
Jan 09 05:31:03 
Jan 09 05:31:15 【京东账号1】
Jan 09 05:31:15 【收取小费】请求失败，登陆失败
Jan 09 05:31:15 【第undefined日签到】请求失败，登陆失败
Jan 09 05:31:15 
Jan 09 05:31:15 
Jan 09 05:31:15 🔔东东超市, 结束! 🕛 14.447 秒
Jan 09 05:31:15 
Jan 09 07:31:00 
Jan 09 07:31:00 🔔东东超市, 开始!
Jan 09 07:31:00 
Jan 09 07:31:00 ====================共1个京东账号Cookie=========
Jan 09 07:31:00 
Jan 09 07:31:00 ==================脚本执行- 北京时间(UTC+8)：2022/1/9 上午7:31:00=====================
Jan 09 07:31:00 
Jan 09 07:31:00 共1个京东账号
Jan 09 07:31:00 
Jan 09 07:31:00 
Jan 09 07:31:00 开始【京东账号1】jd_632e000b42ec6
Jan 09 07:31:00 
Jan 09 07:31:00 收取蓝币失败：请求失败，登陆失败
Jan 09 07:31:01 
Jan 09 07:31:01 注意⚠:东东超市抽奖已改版,花费500蓝币抽奖一次,现在脚本默认已关闭抽奖功能
Jan 09 07:31:01 
Jan 09 07:31:01 设置的为不抽奖
Jan 09 07:31:01 
Jan 09 07:31:02 【京东账号1】
Jan 09 07:31:02 【收取小费】请求失败，登陆失败
Jan 09 07:31:02 【第undefined日签到】请求失败，登陆失败
Jan 09 07:31:02 
Jan 09 07:31:02 
Jan 09 07:31:02 🔔东东超市, 结束! 🕛 2.889 秒
Jan 09 07:31:02 
Jan 09 09:31:00 
Jan 09 09:31:00 🔔东东超市, 开始!
Jan 09 09:31:00 
Jan 09 09:31:00 ====================共1个京东账号Cookie=========
Jan 09 09:31:00 
Jan 09 09:31:00 ==================脚本执行- 北京时间(UTC+8)：2022/1/9 上午9:31:00=====================
Jan 09 09:31:00 
Jan 09 09:31:00 共1个京东账号
Jan 09 09:31:00 
Jan 09 09:31:00 
Jan 09 09:31:00 开始【京东账号1】jd_632e000b42ec6
Jan 09 09:31:00 
Jan 09 09:31:01 收取蓝币失败：请求失败，登陆失败
Jan 09 09:31:01 
Jan 09 09:31:01 注意⚠:东东超市抽奖已改版,花费500蓝币抽奖一次,现在脚本默认已关闭抽奖功能
Jan 09 09:31:01 
Jan 09 09:31:01 设置的为不抽奖
Jan 09 09:31:01 
Jan 09 09:31:26 【京东账号1】
Jan 09 09:31:26 【收取小费】请求失败，登陆失败
Jan 09 09:31:26 【第undefined日签到】请求失败，登陆失败
Jan 09 09:31:26 
Jan 09 09:31:26 
Jan 09 09:31:26 🔔东东超市, 结束! 🕛 25.911 秒
Jan 09 09:31:26 
Jan 09 11:31:00 
Jan 09 11:31:00 🔔东东超市, 开始!
Jan 09 11:31:00 
Jan 09 11:31:00 ====================共1个京东账号Cookie=========
Jan 09 11:31:00 
Jan 09 11:31:00 ==================脚本执行- 北京时间(UTC+8)：2022/1/9 上午11:31:00=====================
Jan 09 11:31:00 
Jan 09 11:31:00 共1个京东账号
Jan 09 11:31:00 
Jan 09 11:31:00 
Jan 09 11:31:00 开始【京东账号1】jd_632e000b42ec6
Jan 09 11:31:00 
Jan 09 11:31:01 收取蓝币失败：请求失败，登陆失败
Jan 09 11:31:01 
Jan 09 11:31:01 注意⚠:东东超市抽奖已改版,花费500蓝币抽奖一次,现在脚本默认已关闭抽奖功能
Jan 09 11:31:01 
Jan 09 11:31:01 设置的为不抽奖
Jan 09 11:31:01 
Jan 09 11:31:17 【京东账号1】
Jan 09 11:31:17 【收取小费】请求失败，登陆失败
Jan 09 11:31:17 【第undefined日签到】请求失败，登陆失败
Jan 09 11:31:17 
Jan 09 11:31:17 
Jan 09 11:31:17 🔔东东超市, 结束! 🕛 16.871 秒
Jan 09 11:31:17 
Jan 09 13:31:00 
Jan 09 13:31:00 🔔东东超市, 开始!
Jan 09 13:31:00 
Jan 09 13:31:00 ====================共1个京东账号Cookie=========
Jan 09 13:31:00 
Jan 09 13:31:00 ==================脚本执行- 北京时间(UTC+8)：2022/1/9 下午1:31:00=====================
Jan 09 13:31:00 
Jan 09 13:31:00 共1个京东账号
Jan 09 13:31:00 
Jan 09 13:31:01 
Jan 09 13:31:01 开始【京东账号1】jd_632e000b42ec6
Jan 09 13:31:01 
Jan 09 13:31:01 收取蓝币失败：请求失败，登陆失败
Jan 09 13:31:02 
Jan 09 13:31:02 注意⚠:东东超市抽奖已改版,花费500蓝币抽奖一次,现在脚本默认已关闭抽奖功能
Jan 09 13:31:02 
Jan 09 13:31:02 设置的为不抽奖
Jan 09 13:31:02 
Jan 09 13:31:27 【京东账号1】
Jan 09 13:31:27 【收取小费】请求失败，登陆失败
Jan 09 13:31:27 【第undefined日签到】请求失败，登陆失败
Jan 09 13:31:27 
Jan 09 13:31:27 
Jan 09 13:31:27 🔔东东超市, 结束! 🕛 26.665 秒
Jan 09 13:31:27 
Jan 09 15:31:00 
Jan 09 15:31:00 🔔东东超市, 开始!
Jan 09 15:31:00 
Jan 09 15:31:00 ====================共1个京东账号Cookie=========
Jan 09 15:31:00 
Jan 09 15:31:01 ==================脚本执行- 北京时间(UTC+8)：2022/1/9 下午3:31:00=====================
Jan 09 15:31:01 
Jan 09 15:31:01 共1个京东账号
Jan 09 15:31:01 
Jan 09 15:31:01 
Jan 09 15:31:01 开始【京东账号1】jd_632e000b42ec6
Jan 09 15:31:01 
Jan 09 15:31:01 收取蓝币失败：请求失败，登陆失败
Jan 09 15:31:02 
Jan 09 15:31:02 注意⚠:东东超市抽奖已改版,花费500蓝币抽奖一次,现在脚本默认已关闭抽奖功能
Jan 09 15:31:02 
Jan 09 15:31:02 设置的为不抽奖
Jan 09 15:31:02 
Jan 09 15:31:15 【京东账号1】
Jan 09 15:31:15 【收取小费】请求失败，登陆失败
Jan 09 15:31:15 【第undefined日签到】请求失败，登陆失败
Jan 09 15:31:15 
Jan 09 15:31:15 
Jan 09 15:31:15 🔔东东超市, 结束! 🕛 14.759 秒
Jan 09 15:31:15 
Jan 09 17:31:00 
Jan 09 17:31:00 🔔东东超市, 开始!
Jan 09 17:31:00 
Jan 09 17:31:00 ====================共1个京东账号Cookie=========
Jan 09 17:31:00 
Jan 09 17:31:00 ==================脚本执行- 北京时间(UTC+8)：2022/1/9 下午5:31:00=====================
Jan 09 17:31:00 
Jan 09 17:31:00 共1个京东账号
Jan 09 17:31:00 
Jan 09 17:31:01 
Jan 09 17:31:01 开始【京东账号1】jd_632e000b42ec6
Jan 09 17:31:01 
Jan 09 17:31:01 收取蓝币失败：请求失败，登陆失败
Jan 09 17:31:02 
Jan 09 17:31:02 注意⚠:东东超市抽奖已改版,花费500蓝币抽奖一次,现在脚本默认已关闭抽奖功能
Jan 09 17:31:02 
Jan 09 17:31:02 设置的为不抽奖
Jan 09 17:31:02 
Jan 09 17:31:15 【京东账号1】
Jan 09 17:31:15 【收取小费】请求失败，登陆失败
Jan 09 17:31:15 【第undefined日签到】请求失败，登陆失败
Jan 09 17:31:15 
Jan 09 17:31:15 
Jan 09 17:31:15 🔔东东超市, 结束! 🕛 14.707 秒
Jan 09 17:31:15 
Jan 09 19:31:01 
Jan 09 19:31:01 🔔东东超市, 开始!
Jan 09 19:31:01 
Jan 09 19:31:01 ====================共1个京东账号Cookie=========
Jan 09 19:31:01 
Jan 09 19:31:01 ==================脚本执行- 北京时间(UTC+8)：2022/1/9 下午7:31:01=====================
Jan 09 19:31:01 
Jan 09 19:31:01 共1个京东账号
Jan 09 19:31:01 
Jan 09 19:31:01 
Jan 09 19:31:01 开始【京东账号1】jd_632e000b42ec6
Jan 09 19:31:01 
Jan 09 19:31:01 收取蓝币失败：请求失败，登陆失败
Jan 09 19:31:02 
Jan 09 19:31:02 注意⚠:东东超市抽奖已改版,花费500蓝币抽奖一次,现在脚本默认已关闭抽奖功能
Jan 09 19:31:02 
Jan 09 19:31:02 设置的为不抽奖
Jan 09 19:31:02 
Jan 09 19:31:30 【京东账号1】
Jan 09 19:31:30 【收取小费】请求失败，登陆失败
Jan 09 19:31:30 【第undefined日签到】请求失败，登陆失败
Jan 09 19:31:30 
Jan 09 19:31:30 
Jan 09 19:31:30 🔔东东超市, 结束! 🕛 28.978 秒
Jan 09 19:31:30 
Jan 09 21:31:00 
Jan 09 21:31:00 🔔东东超市, 开始!
Jan 09 21:31:00 
Jan 09 21:31:00 ====================共1个京东账号Cookie=========
Jan 09 21:31:00 
Jan 09 21:31:00 ==================脚本执行- 北京时间(UTC+8)：2022/1/9 下午9:31:00=====================
Jan 09 21:31:00 
Jan 09 21:31:00 共1个京东账号
Jan 09 21:31:00 
Jan 09 21:31:00 
Jan 09 21:31:00 开始【京东账号1】jd_632e000b42ec6
Jan 09 21:31:00 
Jan 09 21:31:00 收取蓝币失败：请求失败，登陆失败
Jan 09 21:31:01 
Jan 09 21:31:01 注意⚠:东东超市抽奖已改版,花费500蓝币抽奖一次,现在脚本默认已关闭抽奖功能
Jan 09 21:31:01 
Jan 09 21:31:01 设置的为不抽奖
Jan 09 21:31:01 
Jan 09 21:31:03 【京东账号1】
Jan 09 21:31:03 【收取小费】请求失败，登陆失败
Jan 09 21:31:03 【第undefined日签到】请求失败，登陆失败
Jan 09 21:31:03 
Jan 09 21:31:03 
Jan 09 21:31:03 🔔东东超市, 结束! 🕛 3.526 秒
Jan 09 21:31:03 
