Jan 07 00:30:01 东东农场好友互助码：/scripts/logs/jd_fruit.log 文件不存在,不清理 /scripts/logs/sharecodeCollection.log 中的旧助力码
Jan 07 00:30:01 东东萌宠好友互助码：/scripts/logs/jd_pet.log 文件不存在,不清理 /scripts/logs/sharecodeCollection.log 中的旧助力码
Jan 07 00:30:01 京东种豆得豆好友互助码：/scripts/logs/jd_plantBean.log 文件不存在,不清理 /scripts/logs/sharecodeCollection.log 中的旧助力码
Jan 07 00:30:01 京喜工厂好友互助码：/scripts/logs/jd_dreamFactory.log 文件不存在,不清理 /scripts/logs/sharecodeCollection.log 中的旧助力码
Jan 07 00:30:01 东东工厂好友互助码：清理  中的旧助力码，收集新助力码
Jan 07 00:30:01 crazyJoy任务好友互助码：/scripts/logs/jd_crazy_joy.log 文件不存在,不清理 /scripts/logs/sharecodeCollection.log 中的旧助力码
Jan 07 00:30:01 京喜财富岛好友互助码：清理  中的旧助力码，收集新助力码
Jan 07 00:30:01 京喜农场好友互助码：/scripts/logs/jd_jxnc.log 文件不存在,不清理 /scripts/logs/sharecodeCollection.log 中的旧助力码
Jan 07 00:30:01 京东赚赚好友互助码：清理  中的旧助力码，收集新助力码
Jan 07 00:30:01 口袋书店好友互助码：/scripts/logs/jd_bookshop.log 文件不存在,不清理 /scripts/logs/sharecodeCollection.log 中的旧助力码
Jan 07 00:30:01 签到领现金好友互助码：清理  中的旧助力码，收集新助力码
Jan 07 00:30:01 闪购盲盒好友互助码：/scripts/logs/jd_sgmh.log 文件不存在,不清理 /scripts/logs/sharecodeCollection.log 中的旧助力码
Jan 07 00:30:01 东东健康社区好友互助码：清理  中的旧助力码，收集新助力码
Jan 07 01:30:00 东东农场好友互助码：/scripts/logs/jd_fruit.log 文件不存在,不清理 /scripts/logs/sharecodeCollection.log 中的旧助力码
Jan 07 01:30:00 东东萌宠好友互助码：/scripts/logs/jd_pet.log 文件不存在,不清理 /scripts/logs/sharecodeCollection.log 中的旧助力码
Jan 07 01:30:00 京东种豆得豆好友互助码：/scripts/logs/jd_plantBean.log 文件不存在,不清理 /scripts/logs/sharecodeCollection.log 中的旧助力码
Jan 07 01:30:00 京喜工厂好友互助码：清理  中的旧助力码，收集新助力码
Jan 07 01:30:00 东东工厂好友互助码：清理  中的旧助力码，收集新助力码
Jan 07 01:30:00 crazyJoy任务好友互助码：/scripts/logs/jd_crazy_joy.log 文件不存在,不清理 /scripts/logs/sharecodeCollection.log 中的旧助力码
Jan 07 01:30:00 京喜财富岛好友互助码：清理  中的旧助力码，收集新助力码
Jan 07 01:30:00 京喜农场好友互助码：/scripts/logs/jd_jxnc.log 文件不存在,不清理 /scripts/logs/sharecodeCollection.log 中的旧助力码
Jan 07 01:30:00 京东赚赚好友互助码：清理  中的旧助力码，收集新助力码
Jan 07 01:30:00 口袋书店好友互助码：/scripts/logs/jd_bookshop.log 文件不存在,不清理 /scripts/logs/sharecodeCollection.log 中的旧助力码
Jan 07 01:30:00 签到领现金好友互助码：清理  中的旧助力码，收集新助力码
Jan 07 01:30:00 闪购盲盒好友互助码：/scripts/logs/jd_sgmh.log 文件不存在,不清理 /scripts/logs/sharecodeCollection.log 中的旧助力码
Jan 07 01:30:00 东东健康社区好友互助码：清理  中的旧助力码，收集新助力码
Jan 07 02:30:00 东东农场好友互助码：/scripts/logs/jd_fruit.log 文件不存在,不清理 /scripts/logs/sharecodeCollection.log 中的旧助力码
Jan 07 02:30:00 东东萌宠好友互助码：/scripts/logs/jd_pet.log 文件不存在,不清理 /scripts/logs/sharecodeCollection.log 中的旧助力码
Jan 07 02:30:00 京东种豆得豆好友互助码：/scripts/logs/jd_plantBean.log 文件不存在,不清理 /scripts/logs/sharecodeCollection.log 中的旧助力码
Jan 07 02:30:00 京喜工厂好友互助码：清理  中的旧助力码，收集新助力码
Jan 07 02:30:00 东东工厂好友互助码：清理  中的旧助力码，收集新助力码
Jan 07 02:30:00 crazyJoy任务好友互助码：/scripts/logs/jd_crazy_joy.log 文件不存在,不清理 /scripts/logs/sharecodeCollection.log 中的旧助力码
Jan 07 02:30:00 京喜财富岛好友互助码：清理  中的旧助力码，收集新助力码
Jan 07 02:30:00 京喜农场好友互助码：/scripts/logs/jd_jxnc.log 文件不存在,不清理 /scripts/logs/sharecodeCollection.log 中的旧助力码
Jan 07 02:30:00 京东赚赚好友互助码：清理  中的旧助力码，收集新助力码
Jan 07 02:30:00 口袋书店好友互助码：/scripts/logs/jd_bookshop.log 文件不存在,不清理 /scripts/logs/sharecodeCollection.log 中的旧助力码
Jan 07 02:30:00 签到领现金好友互助码：清理  中的旧助力码，收集新助力码
Jan 07 02:30:00 闪购盲盒好友互助码：/scripts/logs/jd_sgmh.log 文件不存在,不清理 /scripts/logs/sharecodeCollection.log 中的旧助力码
Jan 07 02:30:00 东东健康社区好友互助码：清理  中的旧助力码，收集新助力码
Jan 07 03:30:00 东东农场好友互助码：/scripts/logs/jd_fruit.log 文件不存在,不清理 /scripts/logs/sharecodeCollection.log 中的旧助力码
Jan 07 03:30:00 东东萌宠好友互助码：/scripts/logs/jd_pet.log 文件不存在,不清理 /scripts/logs/sharecodeCollection.log 中的旧助力码
Jan 07 03:30:00 京东种豆得豆好友互助码：/scripts/logs/jd_plantBean.log 文件不存在,不清理 /scripts/logs/sharecodeCollection.log 中的旧助力码
Jan 07 03:30:00 京喜工厂好友互助码：清理  中的旧助力码，收集新助力码
Jan 07 03:30:00 东东工厂好友互助码：清理  中的旧助力码，收集新助力码
Jan 07 03:30:00 crazyJoy任务好友互助码：/scripts/logs/jd_crazy_joy.log 文件不存在,不清理 /scripts/logs/sharecodeCollection.log 中的旧助力码
Jan 07 03:30:00 京喜财富岛好友互助码：清理  中的旧助力码，收集新助力码
Jan 07 03:30:00 京喜农场好友互助码：/scripts/logs/jd_jxnc.log 文件不存在,不清理 /scripts/logs/sharecodeCollection.log 中的旧助力码
Jan 07 03:30:00 京东赚赚好友互助码：清理  中的旧助力码，收集新助力码
Jan 07 03:30:00 口袋书店好友互助码：/scripts/logs/jd_bookshop.log 文件不存在,不清理 /scripts/logs/sharecodeCollection.log 中的旧助力码
Jan 07 03:30:00 签到领现金好友互助码：清理  中的旧助力码，收集新助力码
Jan 07 03:30:00 闪购盲盒好友互助码：/scripts/logs/jd_sgmh.log 文件不存在,不清理 /scripts/logs/sharecodeCollection.log 中的旧助力码
Jan 07 03:30:00 东东健康社区好友互助码：清理  中的旧助力码，收集新助力码
Jan 07 04:30:00 东东农场好友互助码：/scripts/logs/jd_fruit.log 文件不存在,不清理 /scripts/logs/sharecodeCollection.log 中的旧助力码
Jan 07 04:30:00 东东萌宠好友互助码：/scripts/logs/jd_pet.log 文件不存在,不清理 /scripts/logs/sharecodeCollection.log 中的旧助力码
Jan 07 04:30:00 京东种豆得豆好友互助码：/scripts/logs/jd_plantBean.log 文件不存在,不清理 /scripts/logs/sharecodeCollection.log 中的旧助力码
Jan 07 04:30:00 京喜工厂好友互助码：清理  中的旧助力码，收集新助力码
Jan 07 04:30:00 东东工厂好友互助码：清理  中的旧助力码，收集新助力码
Jan 07 04:30:00 crazyJoy任务好友互助码：/scripts/logs/jd_crazy_joy.log 文件不存在,不清理 /scripts/logs/sharecodeCollection.log 中的旧助力码
Jan 07 04:30:00 京喜财富岛好友互助码：清理  中的旧助力码，收集新助力码
Jan 07 04:30:00 京喜农场好友互助码：/scripts/logs/jd_jxnc.log 文件不存在,不清理 /scripts/logs/sharecodeCollection.log 中的旧助力码
Jan 07 04:30:00 京东赚赚好友互助码：清理  中的旧助力码，收集新助力码
Jan 07 04:30:00 口袋书店好友互助码：/scripts/logs/jd_bookshop.log 文件不存在,不清理 /scripts/logs/sharecodeCollection.log 中的旧助力码
Jan 07 04:30:00 签到领现金好友互助码：清理  中的旧助力码，收集新助力码
Jan 07 04:30:00 闪购盲盒好友互助码：/scripts/logs/jd_sgmh.log 文件不存在,不清理 /scripts/logs/sharecodeCollection.log 中的旧助力码
Jan 07 04:30:00 东东健康社区好友互助码：清理  中的旧助力码，收集新助力码
Jan 07 05:30:00 东东农场好友互助码：/scripts/logs/jd_fruit.log 文件不存在,不清理 /scripts/logs/sharecodeCollection.log 中的旧助力码
Jan 07 05:30:00 东东萌宠好友互助码：/scripts/logs/jd_pet.log 文件不存在,不清理 /scripts/logs/sharecodeCollection.log 中的旧助力码
Jan 07 05:30:00 京东种豆得豆好友互助码：/scripts/logs/jd_plantBean.log 文件不存在,不清理 /scripts/logs/sharecodeCollection.log 中的旧助力码
Jan 07 05:30:00 京喜工厂好友互助码：清理  中的旧助力码，收集新助力码
Jan 07 05:30:00 东东工厂好友互助码：清理  中的旧助力码，收集新助力码
Jan 07 05:30:00 crazyJoy任务好友互助码：/scripts/logs/jd_crazy_joy.log 文件不存在,不清理 /scripts/logs/sharecodeCollection.log 中的旧助力码
Jan 07 05:30:00 京喜财富岛好友互助码：清理  中的旧助力码，收集新助力码
Jan 07 05:30:00 京喜农场好友互助码：/scripts/logs/jd_jxnc.log 文件不存在,不清理 /scripts/logs/sharecodeCollection.log 中的旧助力码
Jan 07 05:30:00 京东赚赚好友互助码：清理  中的旧助力码，收集新助力码
Jan 07 05:30:00 口袋书店好友互助码：/scripts/logs/jd_bookshop.log 文件不存在,不清理 /scripts/logs/sharecodeCollection.log 中的旧助力码
Jan 07 05:30:00 签到领现金好友互助码：清理  中的旧助力码，收集新助力码
Jan 07 05:30:00 闪购盲盒好友互助码：/scripts/logs/jd_sgmh.log 文件不存在,不清理 /scripts/logs/sharecodeCollection.log 中的旧助力码
Jan 07 05:30:00 东东健康社区好友互助码：清理  中的旧助力码，收集新助力码
Jan 07 06:30:01 东东农场好友互助码：清理  中的旧助力码，收集新助力码
Jan 07 06:30:01 东东萌宠好友互助码：/scripts/logs/jd_pet.log 文件不存在,不清理 /scripts/logs/sharecodeCollection.log 中的旧助力码
Jan 07 06:30:01 京东种豆得豆好友互助码：/scripts/logs/jd_plantBean.log 文件不存在,不清理 /scripts/logs/sharecodeCollection.log 中的旧助力码
Jan 07 06:30:01 京喜工厂好友互助码：清理  中的旧助力码，收集新助力码
Jan 07 06:30:01 东东工厂好友互助码：清理  中的旧助力码，收集新助力码
Jan 07 06:30:01 crazyJoy任务好友互助码：/scripts/logs/jd_crazy_joy.log 文件不存在,不清理 /scripts/logs/sharecodeCollection.log 中的旧助力码
Jan 07 06:30:01 京喜财富岛好友互助码：清理  中的旧助力码，收集新助力码
Jan 07 06:30:01 京喜农场好友互助码：/scripts/logs/jd_jxnc.log 文件不存在,不清理 /scripts/logs/sharecodeCollection.log 中的旧助力码
Jan 07 06:30:01 京东赚赚好友互助码：清理  中的旧助力码，收集新助力码
Jan 07 06:30:01 口袋书店好友互助码：/scripts/logs/jd_bookshop.log 文件不存在,不清理 /scripts/logs/sharecodeCollection.log 中的旧助力码
Jan 07 06:30:01 签到领现金好友互助码：清理  中的旧助力码，收集新助力码
Jan 07 06:30:01 闪购盲盒好友互助码：/scripts/logs/jd_sgmh.log 文件不存在,不清理 /scripts/logs/sharecodeCollection.log 中的旧助力码
Jan 07 06:30:01 东东健康社区好友互助码：清理  中的旧助力码，收集新助力码
Jan 07 07:30:01 东东农场好友互助码：清理  中的旧助力码，收集新助力码
Jan 07 07:30:01 东东萌宠好友互助码：清理  中的旧助力码，收集新助力码
Jan 07 07:30:01 京东种豆得豆好友互助码：清理  中的旧助力码，收集新助力码
Jan 07 07:30:01 京喜工厂好友互助码：清理  中的旧助力码，收集新助力码
Jan 07 07:30:01 东东工厂好友互助码：清理  中的旧助力码，收集新助力码
Jan 07 07:30:01 crazyJoy任务好友互助码：/scripts/logs/jd_crazy_joy.log 文件不存在,不清理 /scripts/logs/sharecodeCollection.log 中的旧助力码
Jan 07 07:30:01 京喜财富岛好友互助码：清理  中的旧助力码，收集新助力码
Jan 07 07:30:01 京喜农场好友互助码：/scripts/logs/jd_jxnc.log 文件不存在,不清理 /scripts/logs/sharecodeCollection.log 中的旧助力码
Jan 07 07:30:01 京东赚赚好友互助码：清理  中的旧助力码，收集新助力码
Jan 07 07:30:01 口袋书店好友互助码：/scripts/logs/jd_bookshop.log 文件不存在,不清理 /scripts/logs/sharecodeCollection.log 中的旧助力码
Jan 07 07:30:01 签到领现金好友互助码：清理  中的旧助力码，收集新助力码
Jan 07 07:30:01 闪购盲盒好友互助码：/scripts/logs/jd_sgmh.log 文件不存在,不清理 /scripts/logs/sharecodeCollection.log 中的旧助力码
Jan 07 07:30:01 东东健康社区好友互助码：清理  中的旧助力码，收集新助力码
Jan 07 08:30:01 东东农场好友互助码：清理  中的旧助力码，收集新助力码
Jan 07 08:30:01 东东萌宠好友互助码：清理  中的旧助力码，收集新助力码
Jan 07 08:30:01 京东种豆得豆好友互助码：清理  中的旧助力码，收集新助力码
Jan 07 08:30:01 京喜工厂好友互助码：清理  中的旧助力码，收集新助力码
Jan 07 08:30:01 东东工厂好友互助码：清理  中的旧助力码，收集新助力码
Jan 07 08:30:01 crazyJoy任务好友互助码：/scripts/logs/jd_crazy_joy.log 文件不存在,不清理 /scripts/logs/sharecodeCollection.log 中的旧助力码
Jan 07 08:30:01 京喜财富岛好友互助码：清理  中的旧助力码，收集新助力码
Jan 07 08:30:01 京喜农场好友互助码：/scripts/logs/jd_jxnc.log 文件不存在,不清理 /scripts/logs/sharecodeCollection.log 中的旧助力码
Jan 07 08:30:01 京东赚赚好友互助码：清理  中的旧助力码，收集新助力码
Jan 07 08:30:01 口袋书店好友互助码：/scripts/logs/jd_bookshop.log 文件不存在,不清理 /scripts/logs/sharecodeCollection.log 中的旧助力码
Jan 07 08:30:01 签到领现金好友互助码：清理  中的旧助力码，收集新助力码
Jan 07 08:30:01 闪购盲盒好友互助码：/scripts/logs/jd_sgmh.log 文件不存在,不清理 /scripts/logs/sharecodeCollection.log 中的旧助力码
Jan 07 08:30:01 东东健康社区好友互助码：清理  中的旧助力码，收集新助力码
Jan 07 09:30:01 东东农场好友互助码：清理  中的旧助力码，收集新助力码
Jan 07 09:30:01 东东萌宠好友互助码：清理  中的旧助力码，收集新助力码
Jan 07 09:30:01 京东种豆得豆好友互助码：清理  中的旧助力码，收集新助力码
Jan 07 09:30:01 京喜工厂好友互助码：清理  中的旧助力码，收集新助力码
Jan 07 09:30:01 东东工厂好友互助码：清理  中的旧助力码，收集新助力码
Jan 07 09:30:01 crazyJoy任务好友互助码：/scripts/logs/jd_crazy_joy.log 文件不存在,不清理 /scripts/logs/sharecodeCollection.log 中的旧助力码
Jan 07 09:30:01 京喜财富岛好友互助码：清理  中的旧助力码，收集新助力码
Jan 07 09:30:01 京喜农场好友互助码：/scripts/logs/jd_jxnc.log 文件不存在,不清理 /scripts/logs/sharecodeCollection.log 中的旧助力码
Jan 07 09:30:01 京东赚赚好友互助码：清理  中的旧助力码，收集新助力码
Jan 07 09:30:01 口袋书店好友互助码：/scripts/logs/jd_bookshop.log 文件不存在,不清理 /scripts/logs/sharecodeCollection.log 中的旧助力码
Jan 07 09:30:01 签到领现金好友互助码：清理  中的旧助力码，收集新助力码
Jan 07 09:30:01 闪购盲盒好友互助码：清理  中的旧助力码，收集新助力码
Jan 07 09:30:01 东东健康社区好友互助码：清理  中的旧助力码，收集新助力码
Jan 07 10:30:01 东东农场好友互助码：清理  中的旧助力码，收集新助力码
Jan 07 10:30:01 东东萌宠好友互助码：清理  中的旧助力码，收集新助力码
Jan 07 10:30:01 京东种豆得豆好友互助码：清理  中的旧助力码，收集新助力码
Jan 07 10:30:01 京喜工厂好友互助码：清理  中的旧助力码，收集新助力码
Jan 07 10:30:01 东东工厂好友互助码：清理  中的旧助力码，收集新助力码
Jan 07 10:30:01 crazyJoy任务好友互助码：/scripts/logs/jd_crazy_joy.log 文件不存在,不清理 /scripts/logs/sharecodeCollection.log 中的旧助力码
Jan 07 10:30:01 京喜财富岛好友互助码：清理  中的旧助力码，收集新助力码
Jan 07 10:30:01 京喜农场好友互助码：/scripts/logs/jd_jxnc.log 文件不存在,不清理 /scripts/logs/sharecodeCollection.log 中的旧助力码
Jan 07 10:30:01 京东赚赚好友互助码：清理  中的旧助力码，收集新助力码
Jan 07 10:30:01 口袋书店好友互助码：/scripts/logs/jd_bookshop.log 文件不存在,不清理 /scripts/logs/sharecodeCollection.log 中的旧助力码
Jan 07 10:30:01 签到领现金好友互助码：清理  中的旧助力码，收集新助力码
Jan 07 10:30:01 闪购盲盒好友互助码：清理  中的旧助力码，收集新助力码
Jan 07 10:30:01 东东健康社区好友互助码：清理  中的旧助力码，收集新助力码
Jan 07 11:30:01 东东农场好友互助码：清理  中的旧助力码，收集新助力码
Jan 07 11:30:01 东东萌宠好友互助码：清理  中的旧助力码，收集新助力码
Jan 07 11:30:01 京东种豆得豆好友互助码：清理  中的旧助力码，收集新助力码
Jan 07 11:30:01 京喜工厂好友互助码：清理  中的旧助力码，收集新助力码
Jan 07 11:30:01 东东工厂好友互助码：清理  中的旧助力码，收集新助力码
Jan 07 11:30:01 crazyJoy任务好友互助码：/scripts/logs/jd_crazy_joy.log 文件不存在,不清理 /scripts/logs/sharecodeCollection.log 中的旧助力码
Jan 07 11:30:01 京喜财富岛好友互助码：清理  中的旧助力码，收集新助力码
Jan 07 11:30:01 京喜农场好友互助码：/scripts/logs/jd_jxnc.log 文件不存在,不清理 /scripts/logs/sharecodeCollection.log 中的旧助力码
Jan 07 11:30:01 京东赚赚好友互助码：清理  中的旧助力码，收集新助力码
Jan 07 11:30:01 口袋书店好友互助码：/scripts/logs/jd_bookshop.log 文件不存在,不清理 /scripts/logs/sharecodeCollection.log 中的旧助力码
Jan 07 11:30:01 签到领现金好友互助码：清理  中的旧助力码，收集新助力码
Jan 07 11:30:01 闪购盲盒好友互助码：清理  中的旧助力码，收集新助力码
Jan 07 11:30:01 东东健康社区好友互助码：清理  中的旧助力码，收集新助力码
Jan 07 12:30:02 东东农场好友互助码：清理  中的旧助力码，收集新助力码
Jan 07 12:30:02 东东萌宠好友互助码：清理  中的旧助力码，收集新助力码
Jan 07 12:30:02 京东种豆得豆好友互助码：清理  中的旧助力码，收集新助力码
Jan 07 12:30:02 京喜工厂好友互助码：清理  中的旧助力码，收集新助力码
Jan 07 12:30:02 东东工厂好友互助码：清理  中的旧助力码，收集新助力码
Jan 07 12:30:02 crazyJoy任务好友互助码：/scripts/logs/jd_crazy_joy.log 文件不存在,不清理 /scripts/logs/sharecodeCollection.log 中的旧助力码
Jan 07 12:30:02 京喜财富岛好友互助码：清理  中的旧助力码，收集新助力码
Jan 07 12:30:02 京喜农场好友互助码：/scripts/logs/jd_jxnc.log 文件不存在,不清理 /scripts/logs/sharecodeCollection.log 中的旧助力码
Jan 07 12:30:02 京东赚赚好友互助码：清理  中的旧助力码，收集新助力码
Jan 07 12:30:02 口袋书店好友互助码：/scripts/logs/jd_bookshop.log 文件不存在,不清理 /scripts/logs/sharecodeCollection.log 中的旧助力码
Jan 07 12:30:02 签到领现金好友互助码：清理  中的旧助力码，收集新助力码
Jan 07 12:30:02 闪购盲盒好友互助码：清理  中的旧助力码，收集新助力码
Jan 07 12:30:02 东东健康社区好友互助码：清理  中的旧助力码，收集新助力码
Jan 07 13:30:02 东东农场好友互助码：清理  中的旧助力码，收集新助力码
Jan 07 13:30:02 东东萌宠好友互助码：清理  中的旧助力码，收集新助力码
Jan 07 13:30:02 京东种豆得豆好友互助码：清理  中的旧助力码，收集新助力码
Jan 07 13:30:02 京喜工厂好友互助码：清理  中的旧助力码，收集新助力码
Jan 07 13:30:02 东东工厂好友互助码：清理  中的旧助力码，收集新助力码
Jan 07 13:30:02 crazyJoy任务好友互助码：/scripts/logs/jd_crazy_joy.log 文件不存在,不清理 /scripts/logs/sharecodeCollection.log 中的旧助力码
Jan 07 13:30:02 京喜财富岛好友互助码：清理  中的旧助力码，收集新助力码
Jan 07 13:30:02 京喜农场好友互助码：/scripts/logs/jd_jxnc.log 文件不存在,不清理 /scripts/logs/sharecodeCollection.log 中的旧助力码
Jan 07 13:30:02 京东赚赚好友互助码：清理  中的旧助力码，收集新助力码
Jan 07 13:30:02 口袋书店好友互助码：/scripts/logs/jd_bookshop.log 文件不存在,不清理 /scripts/logs/sharecodeCollection.log 中的旧助力码
Jan 07 13:30:02 签到领现金好友互助码：清理  中的旧助力码，收集新助力码
Jan 07 13:30:02 闪购盲盒好友互助码：清理  中的旧助力码，收集新助力码
Jan 07 13:30:02 东东健康社区好友互助码：清理  中的旧助力码，收集新助力码
Jan 07 14:30:01 东东农场好友互助码：清理  中的旧助力码，收集新助力码
Jan 07 14:30:01 东东萌宠好友互助码：清理  中的旧助力码，收集新助力码
Jan 07 14:30:01 京东种豆得豆好友互助码：清理  中的旧助力码，收集新助力码
Jan 07 14:30:01 京喜工厂好友互助码：清理  中的旧助力码，收集新助力码
Jan 07 14:30:01 东东工厂好友互助码：清理  中的旧助力码，收集新助力码
Jan 07 14:30:01 crazyJoy任务好友互助码：/scripts/logs/jd_crazy_joy.log 文件不存在,不清理 /scripts/logs/sharecodeCollection.log 中的旧助力码
Jan 07 14:30:01 京喜财富岛好友互助码：清理  中的旧助力码，收集新助力码
Jan 07 14:30:01 京喜农场好友互助码：/scripts/logs/jd_jxnc.log 文件不存在,不清理 /scripts/logs/sharecodeCollection.log 中的旧助力码
Jan 07 14:30:01 京东赚赚好友互助码：清理  中的旧助力码，收集新助力码
Jan 07 14:30:01 口袋书店好友互助码：/scripts/logs/jd_bookshop.log 文件不存在,不清理 /scripts/logs/sharecodeCollection.log 中的旧助力码
Jan 07 14:30:01 签到领现金好友互助码：清理  中的旧助力码，收集新助力码
Jan 07 14:30:01 闪购盲盒好友互助码：清理  中的旧助力码，收集新助力码
Jan 07 14:30:01 东东健康社区好友互助码：清理  中的旧助力码，收集新助力码
Jan 07 15:30:00 东东农场好友互助码：清理  中的旧助力码，收集新助力码
Jan 07 15:30:00 东东萌宠好友互助码：清理  中的旧助力码，收集新助力码
Jan 07 15:30:00 京东种豆得豆好友互助码：清理  中的旧助力码，收集新助力码
Jan 07 15:30:00 京喜工厂好友互助码：清理  中的旧助力码，收集新助力码
Jan 07 15:30:00 东东工厂好友互助码：清理  中的旧助力码，收集新助力码
Jan 07 15:30:00 crazyJoy任务好友互助码：/scripts/logs/jd_crazy_joy.log 文件不存在,不清理 /scripts/logs/sharecodeCollection.log 中的旧助力码
Jan 07 15:30:00 京喜财富岛好友互助码：清理  中的旧助力码，收集新助力码
Jan 07 15:30:00 京喜农场好友互助码：/scripts/logs/jd_jxnc.log 文件不存在,不清理 /scripts/logs/sharecodeCollection.log 中的旧助力码
Jan 07 15:30:00 京东赚赚好友互助码：清理  中的旧助力码，收集新助力码
Jan 07 15:30:00 口袋书店好友互助码：/scripts/logs/jd_bookshop.log 文件不存在,不清理 /scripts/logs/sharecodeCollection.log 中的旧助力码
Jan 07 15:30:00 签到领现金好友互助码：清理  中的旧助力码，收集新助力码
Jan 07 15:30:00 闪购盲盒好友互助码：清理  中的旧助力码，收集新助力码
Jan 07 15:30:00 东东健康社区好友互助码：清理  中的旧助力码，收集新助力码
Jan 07 16:30:00 东东农场好友互助码：清理  中的旧助力码，收集新助力码
Jan 07 16:30:00 东东萌宠好友互助码：清理  中的旧助力码，收集新助力码
Jan 07 16:30:00 京东种豆得豆好友互助码：清理  中的旧助力码，收集新助力码
Jan 07 16:30:00 京喜工厂好友互助码：清理  中的旧助力码，收集新助力码
Jan 07 16:30:00 东东工厂好友互助码：清理  中的旧助力码，收集新助力码
Jan 07 16:30:00 crazyJoy任务好友互助码：/scripts/logs/jd_crazy_joy.log 文件不存在,不清理 /scripts/logs/sharecodeCollection.log 中的旧助力码
Jan 07 16:30:00 京喜财富岛好友互助码：清理  中的旧助力码，收集新助力码
Jan 07 16:30:00 京喜农场好友互助码：/scripts/logs/jd_jxnc.log 文件不存在,不清理 /scripts/logs/sharecodeCollection.log 中的旧助力码
Jan 07 16:30:00 京东赚赚好友互助码：清理  中的旧助力码，收集新助力码
Jan 07 16:30:00 口袋书店好友互助码：/scripts/logs/jd_bookshop.log 文件不存在,不清理 /scripts/logs/sharecodeCollection.log 中的旧助力码
Jan 07 16:30:00 签到领现金好友互助码：清理  中的旧助力码，收集新助力码
Jan 07 16:30:00 闪购盲盒好友互助码：清理  中的旧助力码，收集新助力码
Jan 07 16:30:00 东东健康社区好友互助码：清理  中的旧助力码，收集新助力码
Jan 07 17:30:00 东东农场好友互助码：清理  中的旧助力码，收集新助力码
Jan 07 17:30:00 东东萌宠好友互助码：清理  中的旧助力码，收集新助力码
Jan 07 17:30:00 京东种豆得豆好友互助码：清理  中的旧助力码，收集新助力码
Jan 07 17:30:00 京喜工厂好友互助码：清理  中的旧助力码，收集新助力码
Jan 07 17:30:00 东东工厂好友互助码：清理  中的旧助力码，收集新助力码
Jan 07 17:30:00 crazyJoy任务好友互助码：/scripts/logs/jd_crazy_joy.log 文件不存在,不清理 /scripts/logs/sharecodeCollection.log 中的旧助力码
Jan 07 17:30:00 京喜财富岛好友互助码：清理  中的旧助力码，收集新助力码
Jan 07 17:30:00 京喜农场好友互助码：/scripts/logs/jd_jxnc.log 文件不存在,不清理 /scripts/logs/sharecodeCollection.log 中的旧助力码
Jan 07 17:30:00 京东赚赚好友互助码：清理  中的旧助力码，收集新助力码
Jan 07 17:30:00 口袋书店好友互助码：/scripts/logs/jd_bookshop.log 文件不存在,不清理 /scripts/logs/sharecodeCollection.log 中的旧助力码
Jan 07 17:30:00 签到领现金好友互助码：清理  中的旧助力码，收集新助力码
Jan 07 17:30:00 闪购盲盒好友互助码：清理  中的旧助力码，收集新助力码
Jan 07 17:30:00 东东健康社区好友互助码：清理  中的旧助力码，收集新助力码
Jan 07 18:30:00 东东农场好友互助码：清理  中的旧助力码，收集新助力码
Jan 07 18:30:00 东东萌宠好友互助码：清理  中的旧助力码，收集新助力码
Jan 07 18:30:00 京东种豆得豆好友互助码：清理  中的旧助力码，收集新助力码
Jan 07 18:30:00 京喜工厂好友互助码：清理  中的旧助力码，收集新助力码
Jan 07 18:30:00 东东工厂好友互助码：清理  中的旧助力码，收集新助力码
Jan 07 18:30:00 crazyJoy任务好友互助码：/scripts/logs/jd_crazy_joy.log 文件不存在,不清理 /scripts/logs/sharecodeCollection.log 中的旧助力码
Jan 07 18:30:00 京喜财富岛好友互助码：清理  中的旧助力码，收集新助力码
Jan 07 18:30:00 京喜农场好友互助码：/scripts/logs/jd_jxnc.log 文件不存在,不清理 /scripts/logs/sharecodeCollection.log 中的旧助力码
Jan 07 18:30:00 京东赚赚好友互助码：清理  中的旧助力码，收集新助力码
Jan 07 18:30:00 口袋书店好友互助码：/scripts/logs/jd_bookshop.log 文件不存在,不清理 /scripts/logs/sharecodeCollection.log 中的旧助力码
Jan 07 18:30:00 签到领现金好友互助码：清理  中的旧助力码，收集新助力码
Jan 07 18:30:00 闪购盲盒好友互助码：清理  中的旧助力码，收集新助力码
Jan 07 18:30:00 东东健康社区好友互助码：清理  中的旧助力码，收集新助力码
Jan 07 19:30:00 东东农场好友互助码：清理  中的旧助力码，收集新助力码
Jan 07 19:30:00 东东萌宠好友互助码：清理  中的旧助力码，收集新助力码
Jan 07 19:30:00 京东种豆得豆好友互助码：清理  中的旧助力码，收集新助力码
Jan 07 19:30:00 京喜工厂好友互助码：清理  中的旧助力码，收集新助力码
Jan 07 19:30:00 东东工厂好友互助码：清理  中的旧助力码，收集新助力码
Jan 07 19:30:00 crazyJoy任务好友互助码：/scripts/logs/jd_crazy_joy.log 文件不存在,不清理 /scripts/logs/sharecodeCollection.log 中的旧助力码
Jan 07 19:30:00 京喜财富岛好友互助码：清理  中的旧助力码，收集新助力码
Jan 07 19:30:00 京喜农场好友互助码：/scripts/logs/jd_jxnc.log 文件不存在,不清理 /scripts/logs/sharecodeCollection.log 中的旧助力码
Jan 07 19:30:00 京东赚赚好友互助码：清理  中的旧助力码，收集新助力码
Jan 07 19:30:00 口袋书店好友互助码：/scripts/logs/jd_bookshop.log 文件不存在,不清理 /scripts/logs/sharecodeCollection.log 中的旧助力码
Jan 07 19:30:00 签到领现金好友互助码：清理  中的旧助力码，收集新助力码
Jan 07 19:30:00 闪购盲盒好友互助码：清理  中的旧助力码，收集新助力码
Jan 07 19:30:00 东东健康社区好友互助码：清理  中的旧助力码，收集新助力码
Jan 07 20:30:01 东东农场好友互助码：清理  中的旧助力码，收集新助力码
Jan 07 20:30:01 东东萌宠好友互助码：清理  中的旧助力码，收集新助力码
Jan 07 20:30:01 京东种豆得豆好友互助码：清理  中的旧助力码，收集新助力码
Jan 07 20:30:01 京喜工厂好友互助码：清理  中的旧助力码，收集新助力码
Jan 07 20:30:01 东东工厂好友互助码：清理  中的旧助力码，收集新助力码
Jan 07 20:30:01 crazyJoy任务好友互助码：/scripts/logs/jd_crazy_joy.log 文件不存在,不清理 /scripts/logs/sharecodeCollection.log 中的旧助力码
Jan 07 20:30:01 京喜财富岛好友互助码：清理  中的旧助力码，收集新助力码
Jan 07 20:30:01 京喜农场好友互助码：/scripts/logs/jd_jxnc.log 文件不存在,不清理 /scripts/logs/sharecodeCollection.log 中的旧助力码
Jan 07 20:30:01 京东赚赚好友互助码：清理  中的旧助力码，收集新助力码
Jan 07 20:30:01 口袋书店好友互助码：/scripts/logs/jd_bookshop.log 文件不存在,不清理 /scripts/logs/sharecodeCollection.log 中的旧助力码
Jan 07 20:30:01 签到领现金好友互助码：清理  中的旧助力码，收集新助力码
Jan 07 20:30:01 闪购盲盒好友互助码：清理  中的旧助力码，收集新助力码
Jan 07 20:30:01 东东健康社区好友互助码：清理  中的旧助力码，收集新助力码
Jan 07 21:30:01 东东农场好友互助码：清理  中的旧助力码，收集新助力码
Jan 07 21:30:01 东东萌宠好友互助码：清理  中的旧助力码，收集新助力码
Jan 07 21:30:01 京东种豆得豆好友互助码：清理  中的旧助力码，收集新助力码
Jan 07 21:30:01 京喜工厂好友互助码：清理  中的旧助力码，收集新助力码
Jan 07 21:30:01 东东工厂好友互助码：清理  中的旧助力码，收集新助力码
Jan 07 21:30:01 crazyJoy任务好友互助码：/scripts/logs/jd_crazy_joy.log 文件不存在,不清理 /scripts/logs/sharecodeCollection.log 中的旧助力码
Jan 07 21:30:01 京喜财富岛好友互助码：清理  中的旧助力码，收集新助力码
Jan 07 21:30:01 京喜农场好友互助码：/scripts/logs/jd_jxnc.log 文件不存在,不清理 /scripts/logs/sharecodeCollection.log 中的旧助力码
Jan 07 21:30:01 京东赚赚好友互助码：清理  中的旧助力码，收集新助力码
Jan 07 21:30:01 口袋书店好友互助码：/scripts/logs/jd_bookshop.log 文件不存在,不清理 /scripts/logs/sharecodeCollection.log 中的旧助力码
Jan 07 21:30:01 签到领现金好友互助码：清理  中的旧助力码，收集新助力码
Jan 07 21:30:01 闪购盲盒好友互助码：清理  中的旧助力码，收集新助力码
Jan 07 21:30:01 东东健康社区好友互助码：清理  中的旧助力码，收集新助力码
Jan 07 22:30:01 东东农场好友互助码：清理  中的旧助力码，收集新助力码
Jan 07 22:30:01 东东萌宠好友互助码：清理  中的旧助力码，收集新助力码
Jan 07 22:30:01 京东种豆得豆好友互助码：清理  中的旧助力码，收集新助力码
Jan 07 22:30:01 京喜工厂好友互助码：清理  中的旧助力码，收集新助力码
Jan 07 22:30:01 东东工厂好友互助码：清理  中的旧助力码，收集新助力码
Jan 07 22:30:01 crazyJoy任务好友互助码：/scripts/logs/jd_crazy_joy.log 文件不存在,不清理 /scripts/logs/sharecodeCollection.log 中的旧助力码
Jan 07 22:30:01 京喜财富岛好友互助码：清理  中的旧助力码，收集新助力码
Jan 07 22:30:01 京喜农场好友互助码：/scripts/logs/jd_jxnc.log 文件不存在,不清理 /scripts/logs/sharecodeCollection.log 中的旧助力码
Jan 07 22:30:01 京东赚赚好友互助码：清理  中的旧助力码，收集新助力码
Jan 07 22:30:01 口袋书店好友互助码：/scripts/logs/jd_bookshop.log 文件不存在,不清理 /scripts/logs/sharecodeCollection.log 中的旧助力码
Jan 07 22:30:01 签到领现金好友互助码：清理  中的旧助力码，收集新助力码
Jan 07 22:30:01 闪购盲盒好友互助码：清理  中的旧助力码，收集新助力码
Jan 07 22:30:01 东东健康社区好友互助码：清理  中的旧助力码，收集新助力码
Jan 07 23:30:01 东东农场好友互助码：清理  中的旧助力码，收集新助力码
Jan 07 23:30:01 东东萌宠好友互助码：清理  中的旧助力码，收集新助力码
Jan 07 23:30:01 京东种豆得豆好友互助码：清理  中的旧助力码，收集新助力码
Jan 07 23:30:01 京喜工厂好友互助码：清理  中的旧助力码，收集新助力码
Jan 07 23:30:01 东东工厂好友互助码：清理  中的旧助力码，收集新助力码
Jan 07 23:30:01 crazyJoy任务好友互助码：/scripts/logs/jd_crazy_joy.log 文件不存在,不清理 /scripts/logs/sharecodeCollection.log 中的旧助力码
Jan 07 23:30:01 京喜财富岛好友互助码：清理  中的旧助力码，收集新助力码
Jan 07 23:30:01 京喜农场好友互助码：/scripts/logs/jd_jxnc.log 文件不存在,不清理 /scripts/logs/sharecodeCollection.log 中的旧助力码
Jan 07 23:30:01 京东赚赚好友互助码：清理  中的旧助力码，收集新助力码
Jan 07 23:30:01 口袋书店好友互助码：/scripts/logs/jd_bookshop.log 文件不存在,不清理 /scripts/logs/sharecodeCollection.log 中的旧助力码
Jan 07 23:30:01 签到领现金好友互助码：清理  中的旧助力码，收集新助力码
Jan 07 23:30:01 闪购盲盒好友互助码：清理  中的旧助力码，收集新助力码
Jan 07 23:30:01 东东健康社区好友互助码：清理  中的旧助力码，收集新助力码
Jan 08 00:30:01 东东农场好友互助码：清理  中的旧助力码，收集新助力码
Jan 08 00:30:01 东东萌宠好友互助码：清理  中的旧助力码，收集新助力码
Jan 08 00:30:01 京东种豆得豆好友互助码：清理  中的旧助力码，收集新助力码
Jan 08 00:30:01 京喜工厂好友互助码：清理  中的旧助力码，收集新助力码
Jan 08 00:30:01 东东工厂好友互助码：清理  中的旧助力码，收集新助力码
Jan 08 00:30:01 crazyJoy任务好友互助码：/scripts/logs/jd_crazy_joy.log 文件不存在,不清理 /scripts/logs/sharecodeCollection.log 中的旧助力码
Jan 08 00:30:01 京喜财富岛好友互助码：清理  中的旧助力码，收集新助力码
Jan 08 00:30:01 京喜农场好友互助码：/scripts/logs/jd_jxnc.log 文件不存在,不清理 /scripts/logs/sharecodeCollection.log 中的旧助力码
Jan 08 00:30:01 京东赚赚好友互助码：清理  中的旧助力码，收集新助力码
Jan 08 00:30:01 口袋书店好友互助码：/scripts/logs/jd_bookshop.log 文件不存在,不清理 /scripts/logs/sharecodeCollection.log 中的旧助力码
Jan 08 00:30:01 签到领现金好友互助码：清理  中的旧助力码，收集新助力码
Jan 08 00:30:01 闪购盲盒好友互助码：清理  中的旧助力码，收集新助力码
Jan 08 00:30:01 东东健康社区好友互助码：清理  中的旧助力码，收集新助力码
Jan 08 01:30:01 东东农场好友互助码：清理  中的旧助力码，收集新助力码
Jan 08 01:30:01 东东萌宠好友互助码：清理  中的旧助力码，收集新助力码
Jan 08 01:30:01 京东种豆得豆好友互助码：清理  中的旧助力码，收集新助力码
Jan 08 01:30:01 京喜工厂好友互助码：清理  中的旧助力码，收集新助力码
Jan 08 01:30:01 东东工厂好友互助码：清理  中的旧助力码，收集新助力码
Jan 08 01:30:01 crazyJoy任务好友互助码：/scripts/logs/jd_crazy_joy.log 文件不存在,不清理 /scripts/logs/sharecodeCollection.log 中的旧助力码
Jan 08 01:30:01 京喜财富岛好友互助码：清理  中的旧助力码，收集新助力码
Jan 08 01:30:01 京喜农场好友互助码：/scripts/logs/jd_jxnc.log 文件不存在,不清理 /scripts/logs/sharecodeCollection.log 中的旧助力码
Jan 08 01:30:01 京东赚赚好友互助码：清理  中的旧助力码，收集新助力码
Jan 08 01:30:01 口袋书店好友互助码：/scripts/logs/jd_bookshop.log 文件不存在,不清理 /scripts/logs/sharecodeCollection.log 中的旧助力码
Jan 08 01:30:01 签到领现金好友互助码：清理  中的旧助力码，收集新助力码
Jan 08 01:30:01 闪购盲盒好友互助码：清理  中的旧助力码，收集新助力码
Jan 08 01:30:01 东东健康社区好友互助码：清理  中的旧助力码，收集新助力码
Jan 08 02:30:01 东东农场好友互助码：清理  中的旧助力码，收集新助力码
Jan 08 02:30:01 东东萌宠好友互助码：清理  中的旧助力码，收集新助力码
Jan 08 02:30:01 京东种豆得豆好友互助码：清理  中的旧助力码，收集新助力码
Jan 08 02:30:01 京喜工厂好友互助码：清理  中的旧助力码，收集新助力码
Jan 08 02:30:01 东东工厂好友互助码：清理  中的旧助力码，收集新助力码
Jan 08 02:30:01 crazyJoy任务好友互助码：/scripts/logs/jd_crazy_joy.log 文件不存在,不清理 /scripts/logs/sharecodeCollection.log 中的旧助力码
Jan 08 02:30:01 京喜财富岛好友互助码：清理  中的旧助力码，收集新助力码
Jan 08 02:30:01 京喜农场好友互助码：/scripts/logs/jd_jxnc.log 文件不存在,不清理 /scripts/logs/sharecodeCollection.log 中的旧助力码
Jan 08 02:30:01 京东赚赚好友互助码：清理  中的旧助力码，收集新助力码
Jan 08 02:30:01 口袋书店好友互助码：/scripts/logs/jd_bookshop.log 文件不存在,不清理 /scripts/logs/sharecodeCollection.log 中的旧助力码
Jan 08 02:30:01 签到领现金好友互助码：清理  中的旧助力码，收集新助力码
Jan 08 02:30:01 闪购盲盒好友互助码：清理  中的旧助力码，收集新助力码
Jan 08 02:30:01 东东健康社区好友互助码：清理  中的旧助力码，收集新助力码
Jan 08 03:30:01 东东农场好友互助码：清理  中的旧助力码，收集新助力码
Jan 08 03:30:01 东东萌宠好友互助码：清理  中的旧助力码，收集新助力码
Jan 08 03:30:01 京东种豆得豆好友互助码：清理  中的旧助力码，收集新助力码
Jan 08 03:30:01 京喜工厂好友互助码：清理  中的旧助力码，收集新助力码
Jan 08 03:30:01 东东工厂好友互助码：清理  中的旧助力码，收集新助力码
Jan 08 03:30:01 crazyJoy任务好友互助码：/scripts/logs/jd_crazy_joy.log 文件不存在,不清理 /scripts/logs/sharecodeCollection.log 中的旧助力码
Jan 08 03:30:01 京喜财富岛好友互助码：清理  中的旧助力码，收集新助力码
Jan 08 03:30:01 京喜农场好友互助码：/scripts/logs/jd_jxnc.log 文件不存在,不清理 /scripts/logs/sharecodeCollection.log 中的旧助力码
Jan 08 03:30:01 京东赚赚好友互助码：清理  中的旧助力码，收集新助力码
Jan 08 03:30:01 口袋书店好友互助码：/scripts/logs/jd_bookshop.log 文件不存在,不清理 /scripts/logs/sharecodeCollection.log 中的旧助力码
Jan 08 03:30:01 签到领现金好友互助码：清理  中的旧助力码，收集新助力码
Jan 08 03:30:01 闪购盲盒好友互助码：清理  中的旧助力码，收集新助力码
Jan 08 03:30:02 东东健康社区好友互助码：清理  中的旧助力码，收集新助力码
Jan 08 04:30:00 东东农场好友互助码：清理  中的旧助力码，收集新助力码
Jan 08 04:30:00 东东萌宠好友互助码：清理  中的旧助力码，收集新助力码
Jan 08 04:30:00 京东种豆得豆好友互助码：清理  中的旧助力码，收集新助力码
Jan 08 04:30:00 京喜工厂好友互助码：清理  中的旧助力码，收集新助力码
Jan 08 04:30:00 东东工厂好友互助码：清理  中的旧助力码，收集新助力码
Jan 08 04:30:00 crazyJoy任务好友互助码：/scripts/logs/jd_crazy_joy.log 文件不存在,不清理 /scripts/logs/sharecodeCollection.log 中的旧助力码
Jan 08 04:30:00 京喜财富岛好友互助码：清理  中的旧助力码，收集新助力码
Jan 08 04:30:00 京喜农场好友互助码：/scripts/logs/jd_jxnc.log 文件不存在,不清理 /scripts/logs/sharecodeCollection.log 中的旧助力码
Jan 08 04:30:00 京东赚赚好友互助码：清理  中的旧助力码，收集新助力码
Jan 08 04:30:00 口袋书店好友互助码：/scripts/logs/jd_bookshop.log 文件不存在,不清理 /scripts/logs/sharecodeCollection.log 中的旧助力码
Jan 08 04:30:00 签到领现金好友互助码：清理  中的旧助力码，收集新助力码
Jan 08 04:30:00 闪购盲盒好友互助码：清理  中的旧助力码，收集新助力码
Jan 08 04:30:00 东东健康社区好友互助码：清理  中的旧助力码，收集新助力码
Jan 08 05:30:00 东东农场好友互助码：清理  中的旧助力码，收集新助力码
Jan 08 05:30:00 东东萌宠好友互助码：清理  中的旧助力码，收集新助力码
Jan 08 05:30:00 京东种豆得豆好友互助码：清理  中的旧助力码，收集新助力码
Jan 08 05:30:00 京喜工厂好友互助码：清理  中的旧助力码，收集新助力码
Jan 08 05:30:00 东东工厂好友互助码：清理  中的旧助力码，收集新助力码
Jan 08 05:30:00 crazyJoy任务好友互助码：/scripts/logs/jd_crazy_joy.log 文件不存在,不清理 /scripts/logs/sharecodeCollection.log 中的旧助力码
Jan 08 05:30:00 京喜财富岛好友互助码：清理  中的旧助力码，收集新助力码
Jan 08 05:30:00 京喜农场好友互助码：/scripts/logs/jd_jxnc.log 文件不存在,不清理 /scripts/logs/sharecodeCollection.log 中的旧助力码
Jan 08 05:30:00 京东赚赚好友互助码：清理  中的旧助力码，收集新助力码
Jan 08 05:30:00 口袋书店好友互助码：/scripts/logs/jd_bookshop.log 文件不存在,不清理 /scripts/logs/sharecodeCollection.log 中的旧助力码
Jan 08 05:30:00 签到领现金好友互助码：清理  中的旧助力码，收集新助力码
Jan 08 05:30:00 闪购盲盒好友互助码：清理  中的旧助力码，收集新助力码
Jan 08 05:30:00 东东健康社区好友互助码：清理  中的旧助力码，收集新助力码
Jan 08 06:30:00 东东农场好友互助码：清理  中的旧助力码，收集新助力码
Jan 08 06:30:00 东东萌宠好友互助码：清理  中的旧助力码，收集新助力码
Jan 08 06:30:00 京东种豆得豆好友互助码：清理  中的旧助力码，收集新助力码
Jan 08 06:30:00 京喜工厂好友互助码：清理  中的旧助力码，收集新助力码
Jan 08 06:30:00 东东工厂好友互助码：清理  中的旧助力码，收集新助力码
Jan 08 06:30:00 crazyJoy任务好友互助码：/scripts/logs/jd_crazy_joy.log 文件不存在,不清理 /scripts/logs/sharecodeCollection.log 中的旧助力码
Jan 08 06:30:00 京喜财富岛好友互助码：清理  中的旧助力码，收集新助力码
Jan 08 06:30:00 京喜农场好友互助码：/scripts/logs/jd_jxnc.log 文件不存在,不清理 /scripts/logs/sharecodeCollection.log 中的旧助力码
Jan 08 06:30:00 京东赚赚好友互助码：清理  中的旧助力码，收集新助力码
Jan 08 06:30:00 口袋书店好友互助码：/scripts/logs/jd_bookshop.log 文件不存在,不清理 /scripts/logs/sharecodeCollection.log 中的旧助力码
Jan 08 06:30:00 签到领现金好友互助码：清理  中的旧助力码，收集新助力码
Jan 08 06:30:00 闪购盲盒好友互助码：清理  中的旧助力码，收集新助力码
Jan 08 06:30:00 东东健康社区好友互助码：清理  中的旧助力码，收集新助力码
Jan 08 07:30:00 东东农场好友互助码：清理  中的旧助力码，收集新助力码
Jan 08 07:30:00 东东萌宠好友互助码：清理  中的旧助力码，收集新助力码
Jan 08 07:30:00 京东种豆得豆好友互助码：清理  中的旧助力码，收集新助力码
Jan 08 07:30:00 京喜工厂好友互助码：清理  中的旧助力码，收集新助力码
Jan 08 07:30:00 东东工厂好友互助码：清理  中的旧助力码，收集新助力码
Jan 08 07:30:00 crazyJoy任务好友互助码：/scripts/logs/jd_crazy_joy.log 文件不存在,不清理 /scripts/logs/sharecodeCollection.log 中的旧助力码
Jan 08 07:30:00 京喜财富岛好友互助码：清理  中的旧助力码，收集新助力码
Jan 08 07:30:00 京喜农场好友互助码：/scripts/logs/jd_jxnc.log 文件不存在,不清理 /scripts/logs/sharecodeCollection.log 中的旧助力码
Jan 08 07:30:00 京东赚赚好友互助码：清理  中的旧助力码，收集新助力码
Jan 08 07:30:00 口袋书店好友互助码：/scripts/logs/jd_bookshop.log 文件不存在,不清理 /scripts/logs/sharecodeCollection.log 中的旧助力码
Jan 08 07:30:00 签到领现金好友互助码：清理  中的旧助力码，收集新助力码
Jan 08 07:30:00 闪购盲盒好友互助码：清理  中的旧助力码，收集新助力码
Jan 08 07:30:00 东东健康社区好友互助码：清理  中的旧助力码，收集新助力码
Jan 08 08:30:01 东东农场好友互助码：清理  中的旧助力码，收集新助力码
Jan 08 08:30:01 东东萌宠好友互助码：清理  中的旧助力码，收集新助力码
Jan 08 08:30:01 京东种豆得豆好友互助码：清理  中的旧助力码，收集新助力码
Jan 08 08:30:01 京喜工厂好友互助码：清理  中的旧助力码，收集新助力码
Jan 08 08:30:01 东东工厂好友互助码：清理  中的旧助力码，收集新助力码
Jan 08 08:30:01 crazyJoy任务好友互助码：/scripts/logs/jd_crazy_joy.log 文件不存在,不清理 /scripts/logs/sharecodeCollection.log 中的旧助力码
Jan 08 08:30:01 京喜财富岛好友互助码：清理  中的旧助力码，收集新助力码
Jan 08 08:30:01 京喜农场好友互助码：/scripts/logs/jd_jxnc.log 文件不存在,不清理 /scripts/logs/sharecodeCollection.log 中的旧助力码
Jan 08 08:30:01 京东赚赚好友互助码：清理  中的旧助力码，收集新助力码
Jan 08 08:30:01 口袋书店好友互助码：/scripts/logs/jd_bookshop.log 文件不存在,不清理 /scripts/logs/sharecodeCollection.log 中的旧助力码
Jan 08 08:30:01 签到领现金好友互助码：清理  中的旧助力码，收集新助力码
Jan 08 08:30:01 闪购盲盒好友互助码：清理  中的旧助力码，收集新助力码
Jan 08 08:30:01 东东健康社区好友互助码：清理  中的旧助力码，收集新助力码
Jan 08 09:30:00 东东农场好友互助码：清理  中的旧助力码，收集新助力码
Jan 08 09:30:00 东东萌宠好友互助码：清理  中的旧助力码，收集新助力码
Jan 08 09:30:00 京东种豆得豆好友互助码：清理  中的旧助力码，收集新助力码
Jan 08 09:30:00 京喜工厂好友互助码：清理  中的旧助力码，收集新助力码
Jan 08 09:30:00 东东工厂好友互助码：清理  中的旧助力码，收集新助力码
Jan 08 09:30:00 crazyJoy任务好友互助码：/scripts/logs/jd_crazy_joy.log 文件不存在,不清理 /scripts/logs/sharecodeCollection.log 中的旧助力码
Jan 08 09:30:00 京喜财富岛好友互助码：清理  中的旧助力码，收集新助力码
Jan 08 09:30:00 京喜农场好友互助码：/scripts/logs/jd_jxnc.log 文件不存在,不清理 /scripts/logs/sharecodeCollection.log 中的旧助力码
Jan 08 09:30:00 京东赚赚好友互助码：清理  中的旧助力码，收集新助力码
Jan 08 09:30:00 口袋书店好友互助码：/scripts/logs/jd_bookshop.log 文件不存在,不清理 /scripts/logs/sharecodeCollection.log 中的旧助力码
Jan 08 09:30:00 签到领现金好友互助码：清理  中的旧助力码，收集新助力码
Jan 08 09:30:01 闪购盲盒好友互助码：清理  中的旧助力码，收集新助力码
Jan 08 09:30:01 东东健康社区好友互助码：清理  中的旧助力码，收集新助力码
Jan 08 10:30:01 东东农场好友互助码：清理  中的旧助力码，收集新助力码
Jan 08 10:30:01 东东萌宠好友互助码：清理  中的旧助力码，收集新助力码
Jan 08 10:30:01 京东种豆得豆好友互助码：清理  中的旧助力码，收集新助力码
Jan 08 10:30:01 京喜工厂好友互助码：清理  中的旧助力码，收集新助力码
Jan 08 10:30:01 东东工厂好友互助码：清理  中的旧助力码，收集新助力码
Jan 08 10:30:01 crazyJoy任务好友互助码：/scripts/logs/jd_crazy_joy.log 文件不存在,不清理 /scripts/logs/sharecodeCollection.log 中的旧助力码
Jan 08 10:30:01 京喜财富岛好友互助码：清理  中的旧助力码，收集新助力码
Jan 08 10:30:01 京喜农场好友互助码：/scripts/logs/jd_jxnc.log 文件不存在,不清理 /scripts/logs/sharecodeCollection.log 中的旧助力码
Jan 08 10:30:01 京东赚赚好友互助码：清理  中的旧助力码，收集新助力码
Jan 08 10:30:01 口袋书店好友互助码：/scripts/logs/jd_bookshop.log 文件不存在,不清理 /scripts/logs/sharecodeCollection.log 中的旧助力码
Jan 08 10:30:01 签到领现金好友互助码：清理  中的旧助力码，收集新助力码
Jan 08 10:30:01 闪购盲盒好友互助码：清理  中的旧助力码，收集新助力码
Jan 08 10:30:01 东东健康社区好友互助码：清理  中的旧助力码，收集新助力码
Jan 08 11:30:01 东东农场好友互助码：清理  中的旧助力码，收集新助力码
Jan 08 11:30:01 东东萌宠好友互助码：清理  中的旧助力码，收集新助力码
Jan 08 11:30:01 京东种豆得豆好友互助码：清理  中的旧助力码，收集新助力码
Jan 08 11:30:01 京喜工厂好友互助码：清理  中的旧助力码，收集新助力码
Jan 08 11:30:01 东东工厂好友互助码：清理  中的旧助力码，收集新助力码
Jan 08 11:30:01 crazyJoy任务好友互助码：/scripts/logs/jd_crazy_joy.log 文件不存在,不清理 /scripts/logs/sharecodeCollection.log 中的旧助力码
Jan 08 11:30:01 京喜财富岛好友互助码：清理  中的旧助力码，收集新助力码
Jan 08 11:30:01 京喜农场好友互助码：/scripts/logs/jd_jxnc.log 文件不存在,不清理 /scripts/logs/sharecodeCollection.log 中的旧助力码
Jan 08 11:30:01 京东赚赚好友互助码：清理  中的旧助力码，收集新助力码
Jan 08 11:30:01 口袋书店好友互助码：/scripts/logs/jd_bookshop.log 文件不存在,不清理 /scripts/logs/sharecodeCollection.log 中的旧助力码
Jan 08 11:30:01 签到领现金好友互助码：清理  中的旧助力码，收集新助力码
Jan 08 11:30:01 闪购盲盒好友互助码：清理  中的旧助力码，收集新助力码
Jan 08 11:30:01 东东健康社区好友互助码：清理  中的旧助力码，收集新助力码
Jan 08 12:30:02 东东农场好友互助码：清理  中的旧助力码，收集新助力码
Jan 08 12:30:02 东东萌宠好友互助码：清理  中的旧助力码，收集新助力码
Jan 08 12:30:02 京东种豆得豆好友互助码：清理  中的旧助力码，收集新助力码
Jan 08 12:30:02 京喜工厂好友互助码：清理  中的旧助力码，收集新助力码
Jan 08 12:30:02 东东工厂好友互助码：清理  中的旧助力码，收集新助力码
Jan 08 12:30:02 crazyJoy任务好友互助码：/scripts/logs/jd_crazy_joy.log 文件不存在,不清理 /scripts/logs/sharecodeCollection.log 中的旧助力码
Jan 08 12:30:02 京喜财富岛好友互助码：清理  中的旧助力码，收集新助力码
Jan 08 12:30:02 京喜农场好友互助码：/scripts/logs/jd_jxnc.log 文件不存在,不清理 /scripts/logs/sharecodeCollection.log 中的旧助力码
Jan 08 12:30:02 京东赚赚好友互助码：清理  中的旧助力码，收集新助力码
Jan 08 12:30:02 口袋书店好友互助码：/scripts/logs/jd_bookshop.log 文件不存在,不清理 /scripts/logs/sharecodeCollection.log 中的旧助力码
Jan 08 12:30:02 签到领现金好友互助码：清理  中的旧助力码，收集新助力码
Jan 08 12:30:02 闪购盲盒好友互助码：清理  中的旧助力码，收集新助力码
Jan 08 12:30:02 东东健康社区好友互助码：清理  中的旧助力码，收集新助力码
Jan 08 13:30:01 东东农场好友互助码：清理  中的旧助力码，收集新助力码
Jan 08 13:30:01 东东萌宠好友互助码：清理  中的旧助力码，收集新助力码
Jan 08 13:30:01 京东种豆得豆好友互助码：清理  中的旧助力码，收集新助力码
Jan 08 13:30:01 京喜工厂好友互助码：清理  中的旧助力码，收集新助力码
Jan 08 13:30:01 东东工厂好友互助码：清理  中的旧助力码，收集新助力码
Jan 08 13:30:01 crazyJoy任务好友互助码：/scripts/logs/jd_crazy_joy.log 文件不存在,不清理 /scripts/logs/sharecodeCollection.log 中的旧助力码
Jan 08 13:30:01 京喜财富岛好友互助码：清理  中的旧助力码，收集新助力码
Jan 08 13:30:01 京喜农场好友互助码：/scripts/logs/jd_jxnc.log 文件不存在,不清理 /scripts/logs/sharecodeCollection.log 中的旧助力码
Jan 08 13:30:01 京东赚赚好友互助码：清理  中的旧助力码，收集新助力码
Jan 08 13:30:01 口袋书店好友互助码：/scripts/logs/jd_bookshop.log 文件不存在,不清理 /scripts/logs/sharecodeCollection.log 中的旧助力码
Jan 08 13:30:01 签到领现金好友互助码：清理  中的旧助力码，收集新助力码
Jan 08 13:30:01 闪购盲盒好友互助码：清理  中的旧助力码，收集新助力码
Jan 08 13:30:02 东东健康社区好友互助码：清理  中的旧助力码，收集新助力码
Jan 08 14:30:01 东东农场好友互助码：清理  中的旧助力码，收集新助力码
Jan 08 14:30:01 东东萌宠好友互助码：清理  中的旧助力码，收集新助力码
Jan 08 14:30:01 京东种豆得豆好友互助码：清理  中的旧助力码，收集新助力码
Jan 08 14:30:01 京喜工厂好友互助码：清理  中的旧助力码，收集新助力码
Jan 08 14:30:01 东东工厂好友互助码：清理  中的旧助力码，收集新助力码
Jan 08 14:30:01 crazyJoy任务好友互助码：/scripts/logs/jd_crazy_joy.log 文件不存在,不清理 /scripts/logs/sharecodeCollection.log 中的旧助力码
Jan 08 14:30:01 京喜财富岛好友互助码：清理  中的旧助力码，收集新助力码
Jan 08 14:30:01 京喜农场好友互助码：/scripts/logs/jd_jxnc.log 文件不存在,不清理 /scripts/logs/sharecodeCollection.log 中的旧助力码
Jan 08 14:30:01 京东赚赚好友互助码：清理  中的旧助力码，收集新助力码
Jan 08 14:30:01 口袋书店好友互助码：/scripts/logs/jd_bookshop.log 文件不存在,不清理 /scripts/logs/sharecodeCollection.log 中的旧助力码
Jan 08 14:30:01 签到领现金好友互助码：清理  中的旧助力码，收集新助力码
Jan 08 14:30:01 闪购盲盒好友互助码：清理  中的旧助力码，收集新助力码
Jan 08 14:30:01 东东健康社区好友互助码：清理  中的旧助力码，收集新助力码
Jan 08 15:30:01 东东农场好友互助码：清理  中的旧助力码，收集新助力码
Jan 08 15:30:01 东东萌宠好友互助码：清理  中的旧助力码，收集新助力码
Jan 08 15:30:01 京东种豆得豆好友互助码：清理  中的旧助力码，收集新助力码
Jan 08 15:30:01 京喜工厂好友互助码：清理  中的旧助力码，收集新助力码
Jan 08 15:30:01 东东工厂好友互助码：清理  中的旧助力码，收集新助力码
Jan 08 15:30:01 crazyJoy任务好友互助码：/scripts/logs/jd_crazy_joy.log 文件不存在,不清理 /scripts/logs/sharecodeCollection.log 中的旧助力码
Jan 08 15:30:01 京喜财富岛好友互助码：清理  中的旧助力码，收集新助力码
Jan 08 15:30:01 京喜农场好友互助码：/scripts/logs/jd_jxnc.log 文件不存在,不清理 /scripts/logs/sharecodeCollection.log 中的旧助力码
Jan 08 15:30:01 京东赚赚好友互助码：清理  中的旧助力码，收集新助力码
Jan 08 15:30:01 口袋书店好友互助码：/scripts/logs/jd_bookshop.log 文件不存在,不清理 /scripts/logs/sharecodeCollection.log 中的旧助力码
Jan 08 15:30:01 签到领现金好友互助码：清理  中的旧助力码，收集新助力码
Jan 08 15:30:01 闪购盲盒好友互助码：清理  中的旧助力码，收集新助力码
Jan 08 15:30:01 东东健康社区好友互助码：清理  中的旧助力码，收集新助力码
Jan 08 16:30:01 东东农场好友互助码：清理  中的旧助力码，收集新助力码
Jan 08 16:30:01 东东萌宠好友互助码：清理  中的旧助力码，收集新助力码
Jan 08 16:30:01 京东种豆得豆好友互助码：清理  中的旧助力码，收集新助力码
Jan 08 16:30:01 京喜工厂好友互助码：清理  中的旧助力码，收集新助力码
Jan 08 16:30:01 东东工厂好友互助码：清理  中的旧助力码，收集新助力码
Jan 08 16:30:01 crazyJoy任务好友互助码：/scripts/logs/jd_crazy_joy.log 文件不存在,不清理 /scripts/logs/sharecodeCollection.log 中的旧助力码
Jan 08 16:30:01 京喜财富岛好友互助码：清理  中的旧助力码，收集新助力码
Jan 08 16:30:01 京喜农场好友互助码：/scripts/logs/jd_jxnc.log 文件不存在,不清理 /scripts/logs/sharecodeCollection.log 中的旧助力码
Jan 08 16:30:01 京东赚赚好友互助码：清理  中的旧助力码，收集新助力码
Jan 08 16:30:01 口袋书店好友互助码：/scripts/logs/jd_bookshop.log 文件不存在,不清理 /scripts/logs/sharecodeCollection.log 中的旧助力码
Jan 08 16:30:01 签到领现金好友互助码：清理  中的旧助力码，收集新助力码
Jan 08 16:30:01 闪购盲盒好友互助码：清理  中的旧助力码，收集新助力码
Jan 08 16:30:01 东东健康社区好友互助码：清理  中的旧助力码，收集新助力码
Jan 08 17:30:00 东东农场好友互助码：清理  中的旧助力码，收集新助力码
Jan 08 17:30:00 东东萌宠好友互助码：清理  中的旧助力码，收集新助力码
Jan 08 17:30:00 京东种豆得豆好友互助码：清理  中的旧助力码，收集新助力码
Jan 08 17:30:00 京喜工厂好友互助码：清理  中的旧助力码，收集新助力码
Jan 08 17:30:00 东东工厂好友互助码：清理  中的旧助力码，收集新助力码
Jan 08 17:30:00 crazyJoy任务好友互助码：/scripts/logs/jd_crazy_joy.log 文件不存在,不清理 /scripts/logs/sharecodeCollection.log 中的旧助力码
Jan 08 17:30:00 京喜财富岛好友互助码：清理  中的旧助力码，收集新助力码
Jan 08 17:30:00 京喜农场好友互助码：/scripts/logs/jd_jxnc.log 文件不存在,不清理 /scripts/logs/sharecodeCollection.log 中的旧助力码
Jan 08 17:30:00 京东赚赚好友互助码：清理  中的旧助力码，收集新助力码
Jan 08 17:30:00 口袋书店好友互助码：/scripts/logs/jd_bookshop.log 文件不存在,不清理 /scripts/logs/sharecodeCollection.log 中的旧助力码
Jan 08 17:30:00 签到领现金好友互助码：清理  中的旧助力码，收集新助力码
Jan 08 17:30:00 闪购盲盒好友互助码：清理  中的旧助力码，收集新助力码
Jan 08 17:30:00 东东健康社区好友互助码：清理  中的旧助力码，收集新助力码
Jan 08 18:30:00 东东农场好友互助码：清理  中的旧助力码，收集新助力码
Jan 08 18:30:00 东东萌宠好友互助码：清理  中的旧助力码，收集新助力码
Jan 08 18:30:00 京东种豆得豆好友互助码：清理  中的旧助力码，收集新助力码
Jan 08 18:30:00 京喜工厂好友互助码：清理  中的旧助力码，收集新助力码
Jan 08 18:30:00 东东工厂好友互助码：清理  中的旧助力码，收集新助力码
Jan 08 18:30:00 crazyJoy任务好友互助码：/scripts/logs/jd_crazy_joy.log 文件不存在,不清理 /scripts/logs/sharecodeCollection.log 中的旧助力码
Jan 08 18:30:00 京喜财富岛好友互助码：清理  中的旧助力码，收集新助力码
Jan 08 18:30:00 京喜农场好友互助码：/scripts/logs/jd_jxnc.log 文件不存在,不清理 /scripts/logs/sharecodeCollection.log 中的旧助力码
Jan 08 18:30:00 京东赚赚好友互助码：清理  中的旧助力码，收集新助力码
Jan 08 18:30:00 口袋书店好友互助码：/scripts/logs/jd_bookshop.log 文件不存在,不清理 /scripts/logs/sharecodeCollection.log 中的旧助力码
Jan 08 18:30:00 签到领现金好友互助码：清理  中的旧助力码，收集新助力码
Jan 08 18:30:00 闪购盲盒好友互助码：清理  中的旧助力码，收集新助力码
Jan 08 18:30:00 东东健康社区好友互助码：清理  中的旧助力码，收集新助力码
Jan 08 19:30:00 东东农场好友互助码：清理  中的旧助力码，收集新助力码
Jan 08 19:30:00 东东萌宠好友互助码：清理  中的旧助力码，收集新助力码
Jan 08 19:30:00 京东种豆得豆好友互助码：清理  中的旧助力码，收集新助力码
Jan 08 19:30:00 京喜工厂好友互助码：清理  中的旧助力码，收集新助力码
Jan 08 19:30:00 东东工厂好友互助码：清理  中的旧助力码，收集新助力码
Jan 08 19:30:00 crazyJoy任务好友互助码：/scripts/logs/jd_crazy_joy.log 文件不存在,不清理 /scripts/logs/sharecodeCollection.log 中的旧助力码
Jan 08 19:30:00 京喜财富岛好友互助码：清理  中的旧助力码，收集新助力码
Jan 08 19:30:00 京喜农场好友互助码：/scripts/logs/jd_jxnc.log 文件不存在,不清理 /scripts/logs/sharecodeCollection.log 中的旧助力码
Jan 08 19:30:00 京东赚赚好友互助码：清理  中的旧助力码，收集新助力码
Jan 08 19:30:00 口袋书店好友互助码：/scripts/logs/jd_bookshop.log 文件不存在,不清理 /scripts/logs/sharecodeCollection.log 中的旧助力码
Jan 08 19:30:00 签到领现金好友互助码：清理  中的旧助力码，收集新助力码
Jan 08 19:30:00 闪购盲盒好友互助码：清理  中的旧助力码，收集新助力码
Jan 08 19:30:00 东东健康社区好友互助码：清理  中的旧助力码，收集新助力码
Jan 08 20:30:00 东东农场好友互助码：清理  中的旧助力码，收集新助力码
Jan 08 20:30:00 东东萌宠好友互助码：清理  中的旧助力码，收集新助力码
Jan 08 20:30:00 京东种豆得豆好友互助码：清理  中的旧助力码，收集新助力码
Jan 08 20:30:00 京喜工厂好友互助码：清理  中的旧助力码，收集新助力码
Jan 08 20:30:00 东东工厂好友互助码：清理  中的旧助力码，收集新助力码
Jan 08 20:30:00 crazyJoy任务好友互助码：/scripts/logs/jd_crazy_joy.log 文件不存在,不清理 /scripts/logs/sharecodeCollection.log 中的旧助力码
Jan 08 20:30:00 京喜财富岛好友互助码：清理  中的旧助力码，收集新助力码
Jan 08 20:30:00 京喜农场好友互助码：/scripts/logs/jd_jxnc.log 文件不存在,不清理 /scripts/logs/sharecodeCollection.log 中的旧助力码
Jan 08 20:30:00 京东赚赚好友互助码：清理  中的旧助力码，收集新助力码
Jan 08 20:30:00 口袋书店好友互助码：/scripts/logs/jd_bookshop.log 文件不存在,不清理 /scripts/logs/sharecodeCollection.log 中的旧助力码
Jan 08 20:30:00 签到领现金好友互助码：清理  中的旧助力码，收集新助力码
Jan 08 20:30:00 闪购盲盒好友互助码：清理  中的旧助力码，收集新助力码
Jan 08 20:30:01 东东健康社区好友互助码：清理  中的旧助力码，收集新助力码
Jan 08 21:30:00 东东农场好友互助码：清理  中的旧助力码，收集新助力码
Jan 08 21:30:00 东东萌宠好友互助码：清理  中的旧助力码，收集新助力码
Jan 08 21:30:00 京东种豆得豆好友互助码：清理  中的旧助力码，收集新助力码
Jan 08 21:30:00 京喜工厂好友互助码：清理  中的旧助力码，收集新助力码
Jan 08 21:30:00 东东工厂好友互助码：清理  中的旧助力码，收集新助力码
Jan 08 21:30:00 crazyJoy任务好友互助码：/scripts/logs/jd_crazy_joy.log 文件不存在,不清理 /scripts/logs/sharecodeCollection.log 中的旧助力码
Jan 08 21:30:00 京喜财富岛好友互助码：清理  中的旧助力码，收集新助力码
Jan 08 21:30:00 京喜农场好友互助码：/scripts/logs/jd_jxnc.log 文件不存在,不清理 /scripts/logs/sharecodeCollection.log 中的旧助力码
Jan 08 21:30:00 京东赚赚好友互助码：清理  中的旧助力码，收集新助力码
Jan 08 21:30:00 口袋书店好友互助码：/scripts/logs/jd_bookshop.log 文件不存在,不清理 /scripts/logs/sharecodeCollection.log 中的旧助力码
Jan 08 21:30:00 签到领现金好友互助码：清理  中的旧助力码，收集新助力码
Jan 08 21:30:00 闪购盲盒好友互助码：清理  中的旧助力码，收集新助力码
Jan 08 21:30:00 东东健康社区好友互助码：清理  中的旧助力码，收集新助力码
Jan 08 22:30:01 东东农场好友互助码：清理  中的旧助力码，收集新助力码
Jan 08 22:30:01 东东萌宠好友互助码：清理  中的旧助力码，收集新助力码
Jan 08 22:30:01 京东种豆得豆好友互助码：清理  中的旧助力码，收集新助力码
Jan 08 22:30:01 京喜工厂好友互助码：清理  中的旧助力码，收集新助力码
Jan 08 22:30:01 东东工厂好友互助码：清理  中的旧助力码，收集新助力码
Jan 08 22:30:01 crazyJoy任务好友互助码：/scripts/logs/jd_crazy_joy.log 文件不存在,不清理 /scripts/logs/sharecodeCollection.log 中的旧助力码
Jan 08 22:30:01 京喜财富岛好友互助码：清理  中的旧助力码，收集新助力码
Jan 08 22:30:01 京喜农场好友互助码：/scripts/logs/jd_jxnc.log 文件不存在,不清理 /scripts/logs/sharecodeCollection.log 中的旧助力码
Jan 08 22:30:01 京东赚赚好友互助码：清理  中的旧助力码，收集新助力码
Jan 08 22:30:01 口袋书店好友互助码：/scripts/logs/jd_bookshop.log 文件不存在,不清理 /scripts/logs/sharecodeCollection.log 中的旧助力码
Jan 08 22:30:01 签到领现金好友互助码：清理  中的旧助力码，收集新助力码
Jan 08 22:30:01 闪购盲盒好友互助码：清理  中的旧助力码，收集新助力码
Jan 08 22:30:01 东东健康社区好友互助码：清理  中的旧助力码，收集新助力码
Jan 08 23:30:01 东东农场好友互助码：清理  中的旧助力码，收集新助力码
Jan 08 23:30:01 东东萌宠好友互助码：清理  中的旧助力码，收集新助力码
Jan 08 23:30:01 京东种豆得豆好友互助码：清理  中的旧助力码，收集新助力码
Jan 08 23:30:01 京喜工厂好友互助码：清理  中的旧助力码，收集新助力码
Jan 08 23:30:01 东东工厂好友互助码：清理  中的旧助力码，收集新助力码
Jan 08 23:30:01 crazyJoy任务好友互助码：/scripts/logs/jd_crazy_joy.log 文件不存在,不清理 /scripts/logs/sharecodeCollection.log 中的旧助力码
Jan 08 23:30:01 京喜财富岛好友互助码：清理  中的旧助力码，收集新助力码
Jan 08 23:30:01 京喜农场好友互助码：/scripts/logs/jd_jxnc.log 文件不存在,不清理 /scripts/logs/sharecodeCollection.log 中的旧助力码
Jan 08 23:30:01 京东赚赚好友互助码：清理  中的旧助力码，收集新助力码
Jan 08 23:30:01 口袋书店好友互助码：/scripts/logs/jd_bookshop.log 文件不存在,不清理 /scripts/logs/sharecodeCollection.log 中的旧助力码
Jan 08 23:30:01 签到领现金好友互助码：清理  中的旧助力码，收集新助力码
Jan 08 23:30:01 闪购盲盒好友互助码：清理  中的旧助力码，收集新助力码
Jan 08 23:30:01 东东健康社区好友互助码：清理  中的旧助力码，收集新助力码
Jan 09 00:30:01 东东农场好友互助码：清理  中的旧助力码，收集新助力码
Jan 09 00:30:01 东东萌宠好友互助码：清理  中的旧助力码，收集新助力码
Jan 09 00:30:01 京东种豆得豆好友互助码：清理  中的旧助力码，收集新助力码
Jan 09 00:30:01 京喜工厂好友互助码：清理  中的旧助力码，收集新助力码
Jan 09 00:30:01 东东工厂好友互助码：清理  中的旧助力码，收集新助力码
Jan 09 00:30:01 crazyJoy任务好友互助码：/scripts/logs/jd_crazy_joy.log 文件不存在,不清理 /scripts/logs/sharecodeCollection.log 中的旧助力码
Jan 09 00:30:01 京喜财富岛好友互助码：清理  中的旧助力码，收集新助力码
Jan 09 00:30:01 京喜农场好友互助码：/scripts/logs/jd_jxnc.log 文件不存在,不清理 /scripts/logs/sharecodeCollection.log 中的旧助力码
Jan 09 00:30:01 京东赚赚好友互助码：清理  中的旧助力码，收集新助力码
Jan 09 00:30:01 口袋书店好友互助码：/scripts/logs/jd_bookshop.log 文件不存在,不清理 /scripts/logs/sharecodeCollection.log 中的旧助力码
Jan 09 00:30:01 签到领现金好友互助码：清理  中的旧助力码，收集新助力码
Jan 09 00:30:01 闪购盲盒好友互助码：清理  中的旧助力码，收集新助力码
Jan 09 00:30:01 东东健康社区好友互助码：清理  中的旧助力码，收集新助力码
Jan 09 01:30:01 东东农场好友互助码：清理  中的旧助力码，收集新助力码
Jan 09 01:30:01 东东萌宠好友互助码：清理  中的旧助力码，收集新助力码
Jan 09 01:30:01 京东种豆得豆好友互助码：清理  中的旧助力码，收集新助力码
Jan 09 01:30:01 京喜工厂好友互助码：清理  中的旧助力码，收集新助力码
Jan 09 01:30:01 东东工厂好友互助码：清理  中的旧助力码，收集新助力码
Jan 09 01:30:01 crazyJoy任务好友互助码：/scripts/logs/jd_crazy_joy.log 文件不存在,不清理 /scripts/logs/sharecodeCollection.log 中的旧助力码
Jan 09 01:30:01 京喜财富岛好友互助码：清理  中的旧助力码，收集新助力码
Jan 09 01:30:01 京喜农场好友互助码：/scripts/logs/jd_jxnc.log 文件不存在,不清理 /scripts/logs/sharecodeCollection.log 中的旧助力码
Jan 09 01:30:01 京东赚赚好友互助码：清理  中的旧助力码，收集新助力码
Jan 09 01:30:02 口袋书店好友互助码：/scripts/logs/jd_bookshop.log 文件不存在,不清理 /scripts/logs/sharecodeCollection.log 中的旧助力码
Jan 09 01:30:02 签到领现金好友互助码：清理  中的旧助力码，收集新助力码
Jan 09 01:30:02 闪购盲盒好友互助码：清理  中的旧助力码，收集新助力码
Jan 09 01:30:02 东东健康社区好友互助码：清理  中的旧助力码，收集新助力码
Jan 09 02:30:01 东东农场好友互助码：清理  中的旧助力码，收集新助力码
Jan 09 02:30:01 东东萌宠好友互助码：清理  中的旧助力码，收集新助力码
Jan 09 02:30:01 京东种豆得豆好友互助码：清理  中的旧助力码，收集新助力码
Jan 09 02:30:01 京喜工厂好友互助码：清理  中的旧助力码，收集新助力码
Jan 09 02:30:01 东东工厂好友互助码：清理  中的旧助力码，收集新助力码
Jan 09 02:30:01 crazyJoy任务好友互助码：/scripts/logs/jd_crazy_joy.log 文件不存在,不清理 /scripts/logs/sharecodeCollection.log 中的旧助力码
Jan 09 02:30:01 京喜财富岛好友互助码：清理  中的旧助力码，收集新助力码
Jan 09 02:30:01 京喜农场好友互助码：/scripts/logs/jd_jxnc.log 文件不存在,不清理 /scripts/logs/sharecodeCollection.log 中的旧助力码
Jan 09 02:30:01 京东赚赚好友互助码：清理  中的旧助力码，收集新助力码
Jan 09 02:30:01 口袋书店好友互助码：/scripts/logs/jd_bookshop.log 文件不存在,不清理 /scripts/logs/sharecodeCollection.log 中的旧助力码
Jan 09 02:30:01 签到领现金好友互助码：清理  中的旧助力码，收集新助力码
Jan 09 02:30:01 闪购盲盒好友互助码：清理  中的旧助力码，收集新助力码
Jan 09 02:30:01 东东健康社区好友互助码：清理  中的旧助力码，收集新助力码
Jan 09 03:30:01 东东农场好友互助码：清理  中的旧助力码，收集新助力码
Jan 09 03:30:01 东东萌宠好友互助码：清理  中的旧助力码，收集新助力码
Jan 09 03:30:01 京东种豆得豆好友互助码：清理  中的旧助力码，收集新助力码
Jan 09 03:30:01 京喜工厂好友互助码：清理  中的旧助力码，收集新助力码
Jan 09 03:30:01 东东工厂好友互助码：清理  中的旧助力码，收集新助力码
Jan 09 03:30:01 crazyJoy任务好友互助码：/scripts/logs/jd_crazy_joy.log 文件不存在,不清理 /scripts/logs/sharecodeCollection.log 中的旧助力码
Jan 09 03:30:01 京喜财富岛好友互助码：清理  中的旧助力码，收集新助力码
Jan 09 03:30:01 京喜农场好友互助码：/scripts/logs/jd_jxnc.log 文件不存在,不清理 /scripts/logs/sharecodeCollection.log 中的旧助力码
Jan 09 03:30:01 京东赚赚好友互助码：清理  中的旧助力码，收集新助力码
Jan 09 03:30:01 口袋书店好友互助码：/scripts/logs/jd_bookshop.log 文件不存在,不清理 /scripts/logs/sharecodeCollection.log 中的旧助力码
Jan 09 03:30:01 签到领现金好友互助码：清理  中的旧助力码，收集新助力码
Jan 09 03:30:01 闪购盲盒好友互助码：清理  中的旧助力码，收集新助力码
Jan 09 03:30:02 东东健康社区好友互助码：清理  中的旧助力码，收集新助力码
Jan 09 04:30:01 东东农场好友互助码：清理  中的旧助力码，收集新助力码
Jan 09 04:30:01 东东萌宠好友互助码：清理  中的旧助力码，收集新助力码
Jan 09 04:30:01 京东种豆得豆好友互助码：清理  中的旧助力码，收集新助力码
Jan 09 04:30:01 京喜工厂好友互助码：清理  中的旧助力码，收集新助力码
Jan 09 04:30:01 东东工厂好友互助码：清理  中的旧助力码，收集新助力码
Jan 09 04:30:01 crazyJoy任务好友互助码：/scripts/logs/jd_crazy_joy.log 文件不存在,不清理 /scripts/logs/sharecodeCollection.log 中的旧助力码
Jan 09 04:30:01 京喜财富岛好友互助码：清理  中的旧助力码，收集新助力码
Jan 09 04:30:01 京喜农场好友互助码：/scripts/logs/jd_jxnc.log 文件不存在,不清理 /scripts/logs/sharecodeCollection.log 中的旧助力码
Jan 09 04:30:01 京东赚赚好友互助码：清理  中的旧助力码，收集新助力码
Jan 09 04:30:01 口袋书店好友互助码：/scripts/logs/jd_bookshop.log 文件不存在,不清理 /scripts/logs/sharecodeCollection.log 中的旧助力码
Jan 09 04:30:01 签到领现金好友互助码：清理  中的旧助力码，收集新助力码
Jan 09 04:30:01 闪购盲盒好友互助码：清理  中的旧助力码，收集新助力码
Jan 09 04:30:01 东东健康社区好友互助码：清理  中的旧助力码，收集新助力码
Jan 09 05:30:01 东东农场好友互助码：清理  中的旧助力码，收集新助力码
Jan 09 05:30:01 东东萌宠好友互助码：清理  中的旧助力码，收集新助力码
Jan 09 05:30:01 京东种豆得豆好友互助码：清理  中的旧助力码，收集新助力码
Jan 09 05:30:01 京喜工厂好友互助码：清理  中的旧助力码，收集新助力码
Jan 09 05:30:01 东东工厂好友互助码：清理  中的旧助力码，收集新助力码
Jan 09 05:30:01 crazyJoy任务好友互助码：/scripts/logs/jd_crazy_joy.log 文件不存在,不清理 /scripts/logs/sharecodeCollection.log 中的旧助力码
Jan 09 05:30:01 京喜财富岛好友互助码：清理  中的旧助力码，收集新助力码
Jan 09 05:30:01 京喜农场好友互助码：/scripts/logs/jd_jxnc.log 文件不存在,不清理 /scripts/logs/sharecodeCollection.log 中的旧助力码
Jan 09 05:30:01 京东赚赚好友互助码：清理  中的旧助力码，收集新助力码
Jan 09 05:30:01 口袋书店好友互助码：/scripts/logs/jd_bookshop.log 文件不存在,不清理 /scripts/logs/sharecodeCollection.log 中的旧助力码
Jan 09 05:30:01 签到领现金好友互助码：清理  中的旧助力码，收集新助力码
Jan 09 05:30:01 闪购盲盒好友互助码：清理  中的旧助力码，收集新助力码
Jan 09 05:30:01 东东健康社区好友互助码：清理  中的旧助力码，收集新助力码
Jan 09 06:30:00 东东农场好友互助码：清理  中的旧助力码，收集新助力码
Jan 09 06:30:00 东东萌宠好友互助码：清理  中的旧助力码，收集新助力码
Jan 09 06:30:00 京东种豆得豆好友互助码：清理  中的旧助力码，收集新助力码
Jan 09 06:30:00 京喜工厂好友互助码：清理  中的旧助力码，收集新助力码
Jan 09 06:30:00 东东工厂好友互助码：清理  中的旧助力码，收集新助力码
Jan 09 06:30:00 crazyJoy任务好友互助码：/scripts/logs/jd_crazy_joy.log 文件不存在,不清理 /scripts/logs/sharecodeCollection.log 中的旧助力码
Jan 09 06:30:00 京喜财富岛好友互助码：清理  中的旧助力码，收集新助力码
Jan 09 06:30:00 京喜农场好友互助码：/scripts/logs/jd_jxnc.log 文件不存在,不清理 /scripts/logs/sharecodeCollection.log 中的旧助力码
Jan 09 06:30:00 京东赚赚好友互助码：清理  中的旧助力码，收集新助力码
Jan 09 06:30:00 口袋书店好友互助码：/scripts/logs/jd_bookshop.log 文件不存在,不清理 /scripts/logs/sharecodeCollection.log 中的旧助力码
Jan 09 06:30:00 签到领现金好友互助码：清理  中的旧助力码，收集新助力码
Jan 09 06:30:00 闪购盲盒好友互助码：清理  中的旧助力码，收集新助力码
Jan 09 06:30:00 东东健康社区好友互助码：清理  中的旧助力码，收集新助力码
Jan 09 07:30:00 东东农场好友互助码：清理  中的旧助力码，收集新助力码
Jan 09 07:30:00 东东萌宠好友互助码：清理  中的旧助力码，收集新助力码
Jan 09 07:30:00 京东种豆得豆好友互助码：清理  中的旧助力码，收集新助力码
Jan 09 07:30:00 京喜工厂好友互助码：清理  中的旧助力码，收集新助力码
Jan 09 07:30:00 东东工厂好友互助码：清理  中的旧助力码，收集新助力码
Jan 09 07:30:00 crazyJoy任务好友互助码：/scripts/logs/jd_crazy_joy.log 文件不存在,不清理 /scripts/logs/sharecodeCollection.log 中的旧助力码
Jan 09 07:30:00 京喜财富岛好友互助码：清理  中的旧助力码，收集新助力码
Jan 09 07:30:00 京喜农场好友互助码：/scripts/logs/jd_jxnc.log 文件不存在,不清理 /scripts/logs/sharecodeCollection.log 中的旧助力码
Jan 09 07:30:00 京东赚赚好友互助码：清理  中的旧助力码，收集新助力码
Jan 09 07:30:00 口袋书店好友互助码：/scripts/logs/jd_bookshop.log 文件不存在,不清理 /scripts/logs/sharecodeCollection.log 中的旧助力码
Jan 09 07:30:00 签到领现金好友互助码：清理  中的旧助力码，收集新助力码
Jan 09 07:30:00 闪购盲盒好友互助码：清理  中的旧助力码，收集新助力码
Jan 09 07:30:00 东东健康社区好友互助码：清理  中的旧助力码，收集新助力码
Jan 09 08:30:00 东东农场好友互助码：清理  中的旧助力码，收集新助力码
Jan 09 08:30:00 东东萌宠好友互助码：清理  中的旧助力码，收集新助力码
Jan 09 08:30:00 京东种豆得豆好友互助码：清理  中的旧助力码，收集新助力码
Jan 09 08:30:00 京喜工厂好友互助码：清理  中的旧助力码，收集新助力码
Jan 09 08:30:00 东东工厂好友互助码：清理  中的旧助力码，收集新助力码
Jan 09 08:30:00 crazyJoy任务好友互助码：/scripts/logs/jd_crazy_joy.log 文件不存在,不清理 /scripts/logs/sharecodeCollection.log 中的旧助力码
Jan 09 08:30:00 京喜财富岛好友互助码：清理  中的旧助力码，收集新助力码
Jan 09 08:30:00 京喜农场好友互助码：/scripts/logs/jd_jxnc.log 文件不存在,不清理 /scripts/logs/sharecodeCollection.log 中的旧助力码
Jan 09 08:30:00 京东赚赚好友互助码：清理  中的旧助力码，收集新助力码
Jan 09 08:30:00 口袋书店好友互助码：/scripts/logs/jd_bookshop.log 文件不存在,不清理 /scripts/logs/sharecodeCollection.log 中的旧助力码
Jan 09 08:30:00 签到领现金好友互助码：清理  中的旧助力码，收集新助力码
Jan 09 08:30:00 闪购盲盒好友互助码：清理  中的旧助力码，收集新助力码
Jan 09 08:30:00 东东健康社区好友互助码：清理  中的旧助力码，收集新助力码
Jan 09 09:30:00 东东农场好友互助码：清理  中的旧助力码，收集新助力码
Jan 09 09:30:00 东东萌宠好友互助码：清理  中的旧助力码，收集新助力码
Jan 09 09:30:00 京东种豆得豆好友互助码：清理  中的旧助力码，收集新助力码
Jan 09 09:30:00 京喜工厂好友互助码：清理  中的旧助力码，收集新助力码
Jan 09 09:30:00 东东工厂好友互助码：清理  中的旧助力码，收集新助力码
Jan 09 09:30:00 crazyJoy任务好友互助码：/scripts/logs/jd_crazy_joy.log 文件不存在,不清理 /scripts/logs/sharecodeCollection.log 中的旧助力码
Jan 09 09:30:00 京喜财富岛好友互助码：清理  中的旧助力码，收集新助力码
Jan 09 09:30:00 京喜农场好友互助码：/scripts/logs/jd_jxnc.log 文件不存在,不清理 /scripts/logs/sharecodeCollection.log 中的旧助力码
Jan 09 09:30:00 京东赚赚好友互助码：清理  中的旧助力码，收集新助力码
Jan 09 09:30:00 口袋书店好友互助码：/scripts/logs/jd_bookshop.log 文件不存在,不清理 /scripts/logs/sharecodeCollection.log 中的旧助力码
Jan 09 09:30:00 签到领现金好友互助码：清理  中的旧助力码，收集新助力码
Jan 09 09:30:00 闪购盲盒好友互助码：清理  中的旧助力码，收集新助力码
Jan 09 09:30:00 东东健康社区好友互助码：清理  中的旧助力码，收集新助力码
Jan 09 10:30:00 东东农场好友互助码：清理  中的旧助力码，收集新助力码
Jan 09 10:30:00 东东萌宠好友互助码：清理  中的旧助力码，收集新助力码
Jan 09 10:30:00 京东种豆得豆好友互助码：清理  中的旧助力码，收集新助力码
Jan 09 10:30:00 京喜工厂好友互助码：清理  中的旧助力码，收集新助力码
Jan 09 10:30:00 东东工厂好友互助码：清理  中的旧助力码，收集新助力码
Jan 09 10:30:00 crazyJoy任务好友互助码：/scripts/logs/jd_crazy_joy.log 文件不存在,不清理 /scripts/logs/sharecodeCollection.log 中的旧助力码
Jan 09 10:30:00 京喜财富岛好友互助码：清理  中的旧助力码，收集新助力码
Jan 09 10:30:00 京喜农场好友互助码：/scripts/logs/jd_jxnc.log 文件不存在,不清理 /scripts/logs/sharecodeCollection.log 中的旧助力码
Jan 09 10:30:00 京东赚赚好友互助码：清理  中的旧助力码，收集新助力码
Jan 09 10:30:00 口袋书店好友互助码：/scripts/logs/jd_bookshop.log 文件不存在,不清理 /scripts/logs/sharecodeCollection.log 中的旧助力码
Jan 09 10:30:00 签到领现金好友互助码：清理  中的旧助力码，收集新助力码
Jan 09 10:30:00 闪购盲盒好友互助码：清理  中的旧助力码，收集新助力码
Jan 09 10:30:00 东东健康社区好友互助码：清理  中的旧助力码，收集新助力码
Jan 09 11:30:00 东东农场好友互助码：清理  中的旧助力码，收集新助力码
Jan 09 11:30:00 东东萌宠好友互助码：清理  中的旧助力码，收集新助力码
Jan 09 11:30:00 京东种豆得豆好友互助码：清理  中的旧助力码，收集新助力码
Jan 09 11:30:00 京喜工厂好友互助码：清理  中的旧助力码，收集新助力码
Jan 09 11:30:00 东东工厂好友互助码：清理  中的旧助力码，收集新助力码
Jan 09 11:30:00 crazyJoy任务好友互助码：/scripts/logs/jd_crazy_joy.log 文件不存在,不清理 /scripts/logs/sharecodeCollection.log 中的旧助力码
Jan 09 11:30:00 京喜财富岛好友互助码：清理  中的旧助力码，收集新助力码
Jan 09 11:30:01 京喜农场好友互助码：/scripts/logs/jd_jxnc.log 文件不存在,不清理 /scripts/logs/sharecodeCollection.log 中的旧助力码
Jan 09 11:30:01 京东赚赚好友互助码：清理  中的旧助力码，收集新助力码
Jan 09 11:30:01 口袋书店好友互助码：/scripts/logs/jd_bookshop.log 文件不存在,不清理 /scripts/logs/sharecodeCollection.log 中的旧助力码
Jan 09 11:30:01 签到领现金好友互助码：清理  中的旧助力码，收集新助力码
Jan 09 11:30:01 闪购盲盒好友互助码：清理  中的旧助力码，收集新助力码
Jan 09 11:30:01 东东健康社区好友互助码：清理  中的旧助力码，收集新助力码
Jan 09 12:30:01 东东农场好友互助码：清理  中的旧助力码，收集新助力码
Jan 09 12:30:01 东东萌宠好友互助码：清理  中的旧助力码，收集新助力码
Jan 09 12:30:01 京东种豆得豆好友互助码：清理  中的旧助力码，收集新助力码
Jan 09 12:30:01 京喜工厂好友互助码：清理  中的旧助力码，收集新助力码
Jan 09 12:30:01 东东工厂好友互助码：清理  中的旧助力码，收集新助力码
Jan 09 12:30:01 crazyJoy任务好友互助码：/scripts/logs/jd_crazy_joy.log 文件不存在,不清理 /scripts/logs/sharecodeCollection.log 中的旧助力码
Jan 09 12:30:01 京喜财富岛好友互助码：清理  中的旧助力码，收集新助力码
Jan 09 12:30:01 京喜农场好友互助码：/scripts/logs/jd_jxnc.log 文件不存在,不清理 /scripts/logs/sharecodeCollection.log 中的旧助力码
Jan 09 12:30:01 京东赚赚好友互助码：清理  中的旧助力码，收集新助力码
Jan 09 12:30:01 口袋书店好友互助码：/scripts/logs/jd_bookshop.log 文件不存在,不清理 /scripts/logs/sharecodeCollection.log 中的旧助力码
Jan 09 12:30:01 签到领现金好友互助码：清理  中的旧助力码，收集新助力码
Jan 09 12:30:01 闪购盲盒好友互助码：清理  中的旧助力码，收集新助力码
Jan 09 12:30:01 东东健康社区好友互助码：清理  中的旧助力码，收集新助力码
Jan 09 13:30:01 东东农场好友互助码：清理  中的旧助力码，收集新助力码
Jan 09 13:30:01 东东萌宠好友互助码：清理  中的旧助力码，收集新助力码
Jan 09 13:30:01 京东种豆得豆好友互助码：清理  中的旧助力码，收集新助力码
Jan 09 13:30:01 京喜工厂好友互助码：清理  中的旧助力码，收集新助力码
Jan 09 13:30:01 东东工厂好友互助码：清理  中的旧助力码，收集新助力码
Jan 09 13:30:01 crazyJoy任务好友互助码：/scripts/logs/jd_crazy_joy.log 文件不存在,不清理 /scripts/logs/sharecodeCollection.log 中的旧助力码
Jan 09 13:30:01 京喜财富岛好友互助码：清理  中的旧助力码，收集新助力码
Jan 09 13:30:01 京喜农场好友互助码：/scripts/logs/jd_jxnc.log 文件不存在,不清理 /scripts/logs/sharecodeCollection.log 中的旧助力码
Jan 09 13:30:01 京东赚赚好友互助码：清理  中的旧助力码，收集新助力码
Jan 09 13:30:01 口袋书店好友互助码：/scripts/logs/jd_bookshop.log 文件不存在,不清理 /scripts/logs/sharecodeCollection.log 中的旧助力码
Jan 09 13:30:01 签到领现金好友互助码：清理  中的旧助力码，收集新助力码
Jan 09 13:30:01 闪购盲盒好友互助码：清理  中的旧助力码，收集新助力码
Jan 09 13:30:01 东东健康社区好友互助码：清理  中的旧助力码，收集新助力码
Jan 09 14:30:01 东东农场好友互助码：清理  中的旧助力码，收集新助力码
Jan 09 14:30:01 东东萌宠好友互助码：清理  中的旧助力码，收集新助力码
Jan 09 14:30:01 京东种豆得豆好友互助码：清理  中的旧助力码，收集新助力码
Jan 09 14:30:01 京喜工厂好友互助码：清理  中的旧助力码，收集新助力码
Jan 09 14:30:01 东东工厂好友互助码：清理  中的旧助力码，收集新助力码
Jan 09 14:30:01 crazyJoy任务好友互助码：/scripts/logs/jd_crazy_joy.log 文件不存在,不清理 /scripts/logs/sharecodeCollection.log 中的旧助力码
Jan 09 14:30:01 京喜财富岛好友互助码：清理  中的旧助力码，收集新助力码
Jan 09 14:30:01 京喜农场好友互助码：/scripts/logs/jd_jxnc.log 文件不存在,不清理 /scripts/logs/sharecodeCollection.log 中的旧助力码
Jan 09 14:30:01 京东赚赚好友互助码：清理  中的旧助力码，收集新助力码
Jan 09 14:30:01 口袋书店好友互助码：/scripts/logs/jd_bookshop.log 文件不存在,不清理 /scripts/logs/sharecodeCollection.log 中的旧助力码
Jan 09 14:30:01 签到领现金好友互助码：清理  中的旧助力码，收集新助力码
Jan 09 14:30:01 闪购盲盒好友互助码：清理  中的旧助力码，收集新助力码
Jan 09 14:30:01 东东健康社区好友互助码：清理  中的旧助力码，收集新助力码
Jan 09 15:30:01 东东农场好友互助码：清理  中的旧助力码，收集新助力码
Jan 09 15:30:01 东东萌宠好友互助码：清理  中的旧助力码，收集新助力码
Jan 09 15:30:01 京东种豆得豆好友互助码：清理  中的旧助力码，收集新助力码
Jan 09 15:30:01 京喜工厂好友互助码：清理  中的旧助力码，收集新助力码
Jan 09 15:30:01 东东工厂好友互助码：清理  中的旧助力码，收集新助力码
Jan 09 15:30:01 crazyJoy任务好友互助码：/scripts/logs/jd_crazy_joy.log 文件不存在,不清理 /scripts/logs/sharecodeCollection.log 中的旧助力码
Jan 09 15:30:01 京喜财富岛好友互助码：清理  中的旧助力码，收集新助力码
Jan 09 15:30:01 京喜农场好友互助码：/scripts/logs/jd_jxnc.log 文件不存在,不清理 /scripts/logs/sharecodeCollection.log 中的旧助力码
Jan 09 15:30:01 京东赚赚好友互助码：清理  中的旧助力码，收集新助力码
Jan 09 15:30:01 口袋书店好友互助码：/scripts/logs/jd_bookshop.log 文件不存在,不清理 /scripts/logs/sharecodeCollection.log 中的旧助力码
Jan 09 15:30:01 签到领现金好友互助码：清理  中的旧助力码，收集新助力码
Jan 09 15:30:01 闪购盲盒好友互助码：清理  中的旧助力码，收集新助力码
Jan 09 15:30:01 东东健康社区好友互助码：清理  中的旧助力码，收集新助力码
Jan 09 16:30:01 东东农场好友互助码：清理  中的旧助力码，收集新助力码
Jan 09 16:30:01 东东萌宠好友互助码：清理  中的旧助力码，收集新助力码
Jan 09 16:30:01 京东种豆得豆好友互助码：清理  中的旧助力码，收集新助力码
Jan 09 16:30:01 京喜工厂好友互助码：清理  中的旧助力码，收集新助力码
Jan 09 16:30:01 东东工厂好友互助码：清理  中的旧助力码，收集新助力码
Jan 09 16:30:01 crazyJoy任务好友互助码：/scripts/logs/jd_crazy_joy.log 文件不存在,不清理 /scripts/logs/sharecodeCollection.log 中的旧助力码
Jan 09 16:30:01 京喜财富岛好友互助码：清理  中的旧助力码，收集新助力码
Jan 09 16:30:01 京喜农场好友互助码：/scripts/logs/jd_jxnc.log 文件不存在,不清理 /scripts/logs/sharecodeCollection.log 中的旧助力码
Jan 09 16:30:01 京东赚赚好友互助码：清理  中的旧助力码，收集新助力码
Jan 09 16:30:01 口袋书店好友互助码：/scripts/logs/jd_bookshop.log 文件不存在,不清理 /scripts/logs/sharecodeCollection.log 中的旧助力码
Jan 09 16:30:01 签到领现金好友互助码：清理  中的旧助力码，收集新助力码
Jan 09 16:30:01 闪购盲盒好友互助码：清理  中的旧助力码，收集新助力码
Jan 09 16:30:01 东东健康社区好友互助码：清理  中的旧助力码，收集新助力码
Jan 09 17:30:01 东东农场好友互助码：清理  中的旧助力码，收集新助力码
Jan 09 17:30:01 东东萌宠好友互助码：清理  中的旧助力码，收集新助力码
Jan 09 17:30:01 京东种豆得豆好友互助码：清理  中的旧助力码，收集新助力码
Jan 09 17:30:01 京喜工厂好友互助码：清理  中的旧助力码，收集新助力码
Jan 09 17:30:01 东东工厂好友互助码：清理  中的旧助力码，收集新助力码
Jan 09 17:30:01 crazyJoy任务好友互助码：/scripts/logs/jd_crazy_joy.log 文件不存在,不清理 /scripts/logs/sharecodeCollection.log 中的旧助力码
Jan 09 17:30:01 京喜财富岛好友互助码：清理  中的旧助力码，收集新助力码
Jan 09 17:30:01 京喜农场好友互助码：/scripts/logs/jd_jxnc.log 文件不存在,不清理 /scripts/logs/sharecodeCollection.log 中的旧助力码
Jan 09 17:30:01 京东赚赚好友互助码：清理  中的旧助力码，收集新助力码
Jan 09 17:30:01 口袋书店好友互助码：/scripts/logs/jd_bookshop.log 文件不存在,不清理 /scripts/logs/sharecodeCollection.log 中的旧助力码
Jan 09 17:30:01 签到领现金好友互助码：清理  中的旧助力码，收集新助力码
Jan 09 17:30:01 闪购盲盒好友互助码：清理  中的旧助力码，收集新助力码
Jan 09 17:30:01 东东健康社区好友互助码：清理  中的旧助力码，收集新助力码
Jan 09 18:30:01 东东农场好友互助码：清理  中的旧助力码，收集新助力码
Jan 09 18:30:01 东东萌宠好友互助码：清理  中的旧助力码，收集新助力码
Jan 09 18:30:01 京东种豆得豆好友互助码：清理  中的旧助力码，收集新助力码
Jan 09 18:30:01 京喜工厂好友互助码：清理  中的旧助力码，收集新助力码
Jan 09 18:30:01 东东工厂好友互助码：清理  中的旧助力码，收集新助力码
Jan 09 18:30:01 crazyJoy任务好友互助码：/scripts/logs/jd_crazy_joy.log 文件不存在,不清理 /scripts/logs/sharecodeCollection.log 中的旧助力码
Jan 09 18:30:01 京喜财富岛好友互助码：清理  中的旧助力码，收集新助力码
Jan 09 18:30:01 京喜农场好友互助码：/scripts/logs/jd_jxnc.log 文件不存在,不清理 /scripts/logs/sharecodeCollection.log 中的旧助力码
Jan 09 18:30:01 京东赚赚好友互助码：清理  中的旧助力码，收集新助力码
Jan 09 18:30:01 口袋书店好友互助码：/scripts/logs/jd_bookshop.log 文件不存在,不清理 /scripts/logs/sharecodeCollection.log 中的旧助力码
Jan 09 18:30:01 签到领现金好友互助码：清理  中的旧助力码，收集新助力码
Jan 09 18:30:01 闪购盲盒好友互助码：清理  中的旧助力码，收集新助力码
Jan 09 18:30:01 东东健康社区好友互助码：清理  中的旧助力码，收集新助力码
Jan 09 19:30:01 东东农场好友互助码：清理  中的旧助力码，收集新助力码
Jan 09 19:30:01 东东萌宠好友互助码：清理  中的旧助力码，收集新助力码
Jan 09 19:30:01 京东种豆得豆好友互助码：清理  中的旧助力码，收集新助力码
Jan 09 19:30:01 京喜工厂好友互助码：清理  中的旧助力码，收集新助力码
Jan 09 19:30:01 东东工厂好友互助码：清理  中的旧助力码，收集新助力码
Jan 09 19:30:01 crazyJoy任务好友互助码：/scripts/logs/jd_crazy_joy.log 文件不存在,不清理 /scripts/logs/sharecodeCollection.log 中的旧助力码
Jan 09 19:30:01 京喜财富岛好友互助码：清理  中的旧助力码，收集新助力码
Jan 09 19:30:01 京喜农场好友互助码：/scripts/logs/jd_jxnc.log 文件不存在,不清理 /scripts/logs/sharecodeCollection.log 中的旧助力码
Jan 09 19:30:01 京东赚赚好友互助码：清理  中的旧助力码，收集新助力码
Jan 09 19:30:01 口袋书店好友互助码：/scripts/logs/jd_bookshop.log 文件不存在,不清理 /scripts/logs/sharecodeCollection.log 中的旧助力码
Jan 09 19:30:01 签到领现金好友互助码：清理  中的旧助力码，收集新助力码
Jan 09 19:30:01 闪购盲盒好友互助码：清理  中的旧助力码，收集新助力码
Jan 09 19:30:01 东东健康社区好友互助码：清理  中的旧助力码，收集新助力码
Jan 09 20:30:00 东东农场好友互助码：清理  中的旧助力码，收集新助力码
Jan 09 20:30:00 东东萌宠好友互助码：清理  中的旧助力码，收集新助力码
Jan 09 20:30:00 京东种豆得豆好友互助码：清理  中的旧助力码，收集新助力码
Jan 09 20:30:00 京喜工厂好友互助码：清理  中的旧助力码，收集新助力码
Jan 09 20:30:00 东东工厂好友互助码：清理  中的旧助力码，收集新助力码
Jan 09 20:30:00 crazyJoy任务好友互助码：/scripts/logs/jd_crazy_joy.log 文件不存在,不清理 /scripts/logs/sharecodeCollection.log 中的旧助力码
Jan 09 20:30:00 京喜财富岛好友互助码：清理  中的旧助力码，收集新助力码
Jan 09 20:30:00 京喜农场好友互助码：/scripts/logs/jd_jxnc.log 文件不存在,不清理 /scripts/logs/sharecodeCollection.log 中的旧助力码
Jan 09 20:30:00 京东赚赚好友互助码：清理  中的旧助力码，收集新助力码
Jan 09 20:30:00 口袋书店好友互助码：/scripts/logs/jd_bookshop.log 文件不存在,不清理 /scripts/logs/sharecodeCollection.log 中的旧助力码
Jan 09 20:30:00 签到领现金好友互助码：清理  中的旧助力码，收集新助力码
Jan 09 20:30:00 闪购盲盒好友互助码：清理  中的旧助力码，收集新助力码
Jan 09 20:30:00 东东健康社区好友互助码：清理  中的旧助力码，收集新助力码
Jan 09 21:30:00 东东农场好友互助码：清理  中的旧助力码，收集新助力码
Jan 09 21:30:00 东东萌宠好友互助码：清理  中的旧助力码，收集新助力码
Jan 09 21:30:00 京东种豆得豆好友互助码：清理  中的旧助力码，收集新助力码
Jan 09 21:30:00 京喜工厂好友互助码：清理  中的旧助力码，收集新助力码
Jan 09 21:30:00 东东工厂好友互助码：清理  中的旧助力码，收集新助力码
Jan 09 21:30:00 crazyJoy任务好友互助码：/scripts/logs/jd_crazy_joy.log 文件不存在,不清理 /scripts/logs/sharecodeCollection.log 中的旧助力码
Jan 09 21:30:00 京喜财富岛好友互助码：清理  中的旧助力码，收集新助力码
Jan 09 21:30:00 京喜农场好友互助码：/scripts/logs/jd_jxnc.log 文件不存在,不清理 /scripts/logs/sharecodeCollection.log 中的旧助力码
Jan 09 21:30:00 京东赚赚好友互助码：清理  中的旧助力码，收集新助力码
Jan 09 21:30:00 口袋书店好友互助码：/scripts/logs/jd_bookshop.log 文件不存在,不清理 /scripts/logs/sharecodeCollection.log 中的旧助力码
Jan 09 21:30:00 签到领现金好友互助码：清理  中的旧助力码，收集新助力码
Jan 09 21:30:00 闪购盲盒好友互助码：清理  中的旧助力码，收集新助力码
Jan 09 21:30:00 东东健康社区好友互助码：清理  中的旧助力码，收集新助力码
