Jan 07 00:20:02 
Jan 07 00:20:02 🔔省钱大赢家之翻翻乐, 开始!
Jan 07 00:20:02 
Jan 07 00:20:02 ====================共1个京东账号Cookie=========
Jan 07 00:20:02 
Jan 07 00:20:02 ==================脚本执行- 北京时间(UTC+8)：2022/1/7 上午12:20:02=====================
Jan 07 00:20:02 
Jan 07 00:20:02 
Jan 07 00:20:02 ******开始【京东账号1】jd_GyKLGOwyLAnM*********
Jan 07 00:20:02 
Jan 07 00:20:04 查询下次翻翻乐剩余时间失败：{"success":false,"code":1001,"errMsg":"限流","data":null}
Jan 07 00:20:04 
Jan 07 00:20:04 
Jan 07 00:20:04 🔔省钱大赢家之翻翻乐, 结束! 🕛 2.281 秒
Jan 07 00:20:04 
Jan 07 01:20:00 
Jan 07 01:20:00 🔔省钱大赢家之翻翻乐, 开始!
Jan 07 01:20:00 
Jan 07 01:20:00 ====================共1个京东账号Cookie=========
Jan 07 01:20:00 
Jan 07 01:20:00 ==================脚本执行- 北京时间(UTC+8)：2022/1/7 上午1:20:00=====================
Jan 07 01:20:00 
Jan 07 01:20:00 
Jan 07 01:20:00 ******开始【京东账号1】jd_GyKLGOwyLAnM*********
Jan 07 01:20:00 
Jan 07 01:20:00 查询下次翻翻乐剩余时间失败：{"msg":"data does not exist","code":12,"success":false}
Jan 07 01:20:00 
Jan 07 01:20:00 
Jan 07 01:20:00 🔔省钱大赢家之翻翻乐, 结束! 🕛 0.293 秒
Jan 07 01:20:00 
Jan 07 02:20:00 
Jan 07 02:20:00 🔔省钱大赢家之翻翻乐, 开始!
Jan 07 02:20:00 
Jan 07 02:20:00 ====================共1个京东账号Cookie=========
Jan 07 02:20:00 
Jan 07 02:20:00 ==================脚本执行- 北京时间(UTC+8)：2022/1/7 上午2:20:00=====================
Jan 07 02:20:00 
Jan 07 02:20:00 
Jan 07 02:20:00 ******开始【京东账号1】jd_GyKLGOwyLAnM*********
Jan 07 02:20:00 
Jan 07 02:20:00 查询下次翻翻乐剩余时间失败：{"success":false,"code":1001,"errMsg":"限流","data":null}
Jan 07 02:20:00 
Jan 07 02:20:00 
Jan 07 02:20:00 🔔省钱大赢家之翻翻乐, 结束! 🕛 0.515 秒
Jan 07 02:20:00 
Jan 07 03:20:00 
Jan 07 03:20:00 🔔省钱大赢家之翻翻乐, 开始!
Jan 07 03:20:00 
Jan 07 03:20:00 ====================共1个京东账号Cookie=========
Jan 07 03:20:00 
Jan 07 03:20:00 ==================脚本执行- 北京时间(UTC+8)：2022/1/7 上午3:20:00=====================
Jan 07 03:20:00 
Jan 07 03:20:00 
Jan 07 03:20:00 ******开始【京东账号1】jd_GyKLGOwyLAnM*********
Jan 07 03:20:00 
Jan 07 03:20:00 查询下次翻翻乐剩余时间失败：{"msg":"data does not exist","code":12,"success":false}
Jan 07 03:20:00 
Jan 07 03:20:00 
Jan 07 03:20:00 🔔省钱大赢家之翻翻乐, 结束! 🕛 0.304 秒
Jan 07 03:20:00 
Jan 07 04:20:00 
Jan 07 04:20:00 🔔省钱大赢家之翻翻乐, 开始!
Jan 07 04:20:00 
Jan 07 04:20:00 ====================共1个京东账号Cookie=========
Jan 07 04:20:00 
Jan 07 04:20:00 ==================脚本执行- 北京时间(UTC+8)：2022/1/7 上午4:20:00=====================
Jan 07 04:20:00 
Jan 07 04:20:00 
Jan 07 04:20:00 ******开始【京东账号1】jd_GyKLGOwyLAnM*********
Jan 07 04:20:00 
Jan 07 04:20:00 查询下次翻翻乐剩余时间失败：{"msg":"data does not exist","code":12,"success":false}
Jan 07 04:20:00 
Jan 07 04:20:00 
Jan 07 04:20:00 🔔省钱大赢家之翻翻乐, 结束! 🕛 0.303 秒
Jan 07 04:20:00 
Jan 07 05:20:00 
Jan 07 05:20:00 🔔省钱大赢家之翻翻乐, 开始!
Jan 07 05:20:00 
Jan 07 05:20:00 ====================共1个京东账号Cookie=========
Jan 07 05:20:00 
Jan 07 05:20:00 ==================脚本执行- 北京时间(UTC+8)：2022/1/7 上午5:20:00=====================
Jan 07 05:20:00 
Jan 07 05:20:00 
Jan 07 05:20:00 ******开始【京东账号1】jd_GyKLGOwyLAnM*********
Jan 07 05:20:00 
Jan 07 05:20:00 查询下次翻翻乐剩余时间失败：{"msg":"data does not exist","code":12,"success":false}
Jan 07 05:20:00 
Jan 07 05:20:00 
Jan 07 05:20:00 🔔省钱大赢家之翻翻乐, 结束! 🕛 0.312 秒
Jan 07 05:20:00 
Jan 07 06:20:00 
Jan 07 06:20:00 🔔省钱大赢家之翻翻乐, 开始!
Jan 07 06:20:00 
Jan 07 06:20:00 ====================共1个京东账号Cookie=========
Jan 07 06:20:00 
Jan 07 06:20:00 ==================脚本执行- 北京时间(UTC+8)：2022/1/7 上午6:20:00=====================
Jan 07 06:20:00 
Jan 07 06:20:00 
Jan 07 06:20:00 ******开始【京东账号1】jd_GyKLGOwyLAnM*********
Jan 07 06:20:00 
Jan 07 06:20:01 查询下次翻翻乐剩余时间失败：{"success":false,"code":1001,"errMsg":"限流","data":null}
Jan 07 06:20:01 
Jan 07 06:20:01 
Jan 07 06:20:01 🔔省钱大赢家之翻翻乐, 结束! 🕛 1.135 秒
Jan 07 06:20:01 
Jan 07 07:20:00 
Jan 07 07:20:00 🔔省钱大赢家之翻翻乐, 开始!
Jan 07 07:20:00 
Jan 07 07:20:00 ====================共1个京东账号Cookie=========
Jan 07 07:20:00 
Jan 07 07:20:00 ==================脚本执行- 北京时间(UTC+8)：2022/1/7 上午7:20:00=====================
Jan 07 07:20:00 
Jan 07 07:20:00 
Jan 07 07:20:00 ******开始【京东账号1】jd_GyKLGOwyLAnM*********
Jan 07 07:20:00 
Jan 07 07:20:00 查询下次翻翻乐剩余时间失败：{"success":false,"code":1001,"errMsg":"限流","data":null}
Jan 07 07:20:00 
Jan 07 07:20:00 
Jan 07 07:20:00 🔔省钱大赢家之翻翻乐, 结束! 🕛 0.322 秒
Jan 07 07:20:00 
Jan 07 08:20:00 
Jan 07 08:20:00 🔔省钱大赢家之翻翻乐, 开始!
Jan 07 08:20:00 
Jan 07 08:20:00 ====================共1个京东账号Cookie=========
Jan 07 08:20:00 
Jan 07 08:20:00 ==================脚本执行- 北京时间(UTC+8)：2022/1/7 上午8:20:00=====================
Jan 07 08:20:00 
Jan 07 08:20:00 
Jan 07 08:20:00 ******开始【京东账号1】jd_GyKLGOwyLAnM*********
Jan 07 08:20:00 
Jan 07 08:20:01 查询下次翻翻乐剩余时间失败：{"success":false,"code":1001,"errMsg":"限流","data":null}
Jan 07 08:20:01 
Jan 07 08:20:01 
Jan 07 08:20:01 🔔省钱大赢家之翻翻乐, 结束! 🕛 0.409 秒
Jan 07 08:20:01 
Jan 07 09:20:00 
Jan 07 09:20:00 🔔省钱大赢家之翻翻乐, 开始!
Jan 07 09:20:00 
Jan 07 09:20:00 ====================共1个京东账号Cookie=========
Jan 07 09:20:00 
Jan 07 09:20:00 ==================脚本执行- 北京时间(UTC+8)：2022/1/7 上午9:20:00=====================
Jan 07 09:20:00 
Jan 07 09:20:01 
Jan 07 09:20:01 ******开始【京东账号1】jd_GyKLGOwyLAnM*********
Jan 07 09:20:01 
Jan 07 09:20:01 查询下次翻翻乐剩余时间失败：{"success":false,"code":1001,"errMsg":"限流","data":null}
Jan 07 09:20:01 
Jan 07 09:20:01 
Jan 07 09:20:01 🔔省钱大赢家之翻翻乐, 结束! 🕛 0.511 秒
Jan 07 09:20:01 
Jan 07 10:20:01 
Jan 07 10:20:01 🔔省钱大赢家之翻翻乐, 开始!
Jan 07 10:20:01 
Jan 07 10:20:01 ====================共1个京东账号Cookie=========
Jan 07 10:20:01 
Jan 07 10:20:01 ==================脚本执行- 北京时间(UTC+8)：2022/1/7 上午10:20:01=====================
Jan 07 10:20:01 
Jan 07 10:20:01 
Jan 07 10:20:01 ******开始【京东账号1】jd_GyKLGOwyLAnM*********
Jan 07 10:20:01 
Jan 07 10:20:03 查询下次翻翻乐剩余时间失败：{"success":false,"code":1001,"errMsg":"限流","data":null}
Jan 07 10:20:03 
Jan 07 10:20:03 
Jan 07 10:20:03 🔔省钱大赢家之翻翻乐, 结束! 🕛 1.867 秒
Jan 07 10:20:03 
Jan 07 11:20:00 
Jan 07 11:20:00 🔔省钱大赢家之翻翻乐, 开始!
Jan 07 11:20:01 
Jan 07 11:20:01 ====================共1个京东账号Cookie=========
Jan 07 11:20:01 
Jan 07 11:20:01 ==================脚本执行- 北京时间(UTC+8)：2022/1/7 上午11:20:01=====================
Jan 07 11:20:01 
Jan 07 11:20:01 
Jan 07 11:20:01 ******开始【京东账号1】jd_GyKLGOwyLAnM*********
Jan 07 11:20:01 
Jan 07 11:20:01 查询下次翻翻乐剩余时间失败：{"success":false,"code":1001,"errMsg":"限流","data":null}
Jan 07 11:20:01 
Jan 07 11:20:01 
Jan 07 11:20:01 🔔省钱大赢家之翻翻乐, 结束! 🕛 0.408 秒
Jan 07 11:20:01 
Jan 07 12:20:01 
Jan 07 12:20:01 🔔省钱大赢家之翻翻乐, 开始!
Jan 07 12:20:01 
Jan 07 12:20:01 ====================共1个京东账号Cookie=========
Jan 07 12:20:01 
Jan 07 12:20:01 ==================脚本执行- 北京时间(UTC+8)：2022/1/7 下午12:20:01=====================
Jan 07 12:20:01 
Jan 07 12:20:01 
Jan 07 12:20:01 ******开始【京东账号1】jd_GyKLGOwyLAnM*********
Jan 07 12:20:01 
Jan 07 12:20:01 查询下次翻翻乐剩余时间失败：{"success":false,"code":1001,"errMsg":"限流","data":null}
Jan 07 12:20:01 
Jan 07 12:20:01 
Jan 07 12:20:01 🔔省钱大赢家之翻翻乐, 结束! 🕛 0.462 秒
Jan 07 12:20:01 
Jan 07 13:20:01 
Jan 07 13:20:01 🔔省钱大赢家之翻翻乐, 开始!
Jan 07 13:20:01 
Jan 07 13:20:01 ====================共1个京东账号Cookie=========
Jan 07 13:20:01 
Jan 07 13:20:01 ==================脚本执行- 北京时间(UTC+8)：2022/1/7 下午1:20:01=====================
Jan 07 13:20:01 
Jan 07 13:20:01 
Jan 07 13:20:01 ******开始【京东账号1】jd_GyKLGOwyLAnM*********
Jan 07 13:20:01 
Jan 07 13:20:01 查询下次翻翻乐剩余时间失败：{"success":false,"code":1001,"errMsg":"限流","data":null}
Jan 07 13:20:01 
Jan 07 13:20:01 
Jan 07 13:20:01 🔔省钱大赢家之翻翻乐, 结束! 🕛 0.316 秒
Jan 07 13:20:01 
Jan 07 14:20:01 
Jan 07 14:20:01 🔔省钱大赢家之翻翻乐, 开始!
Jan 07 14:20:01 
Jan 07 14:20:01 ====================共1个京东账号Cookie=========
Jan 07 14:20:01 
Jan 07 14:20:01 ==================脚本执行- 北京时间(UTC+8)：2022/1/7 下午2:20:01=====================
Jan 07 14:20:01 
Jan 07 14:20:01 
Jan 07 14:20:01 ******开始【京东账号1】jd_GyKLGOwyLAnM*********
Jan 07 14:20:01 
Jan 07 14:20:01 查询下次翻翻乐剩余时间失败：{"success":false,"code":1001,"errMsg":"限流","data":null}
Jan 07 14:20:01 
Jan 07 14:20:01 
Jan 07 14:20:01 🔔省钱大赢家之翻翻乐, 结束! 🕛 0.342 秒
Jan 07 14:20:01 
Jan 07 15:20:00 
Jan 07 15:20:00 🔔省钱大赢家之翻翻乐, 开始!
Jan 07 15:20:00 
Jan 07 15:20:00 ====================共1个京东账号Cookie=========
Jan 07 15:20:00 
Jan 07 15:20:00 ==================脚本执行- 北京时间(UTC+8)：2022/1/7 下午3:20:00=====================
Jan 07 15:20:00 
Jan 07 15:20:00 
Jan 07 15:20:00 ******开始【京东账号1】jd_GyKLGOwyLAnM*********
Jan 07 15:20:00 
Jan 07 15:20:00 查询下次翻翻乐剩余时间失败：{"msg":"data does not exist","code":12,"success":false}
Jan 07 15:20:00 
Jan 07 15:20:00 
Jan 07 15:20:00 🔔省钱大赢家之翻翻乐, 结束! 🕛 0.309 秒
Jan 07 15:20:00 
Jan 07 16:20:00 
Jan 07 16:20:00 🔔省钱大赢家之翻翻乐, 开始!
Jan 07 16:20:00 
Jan 07 16:20:00 ====================共1个京东账号Cookie=========
Jan 07 16:20:00 
Jan 07 16:20:00 ==================脚本执行- 北京时间(UTC+8)：2022/1/7 下午4:20:00=====================
Jan 07 16:20:00 
Jan 07 16:20:00 
Jan 07 16:20:00 ******开始【京东账号1】jd_GyKLGOwyLAnM*********
Jan 07 16:20:00 
Jan 07 16:20:00 查询下次翻翻乐剩余时间失败：{"msg":"data does not exist","code":12,"success":false}
Jan 07 16:20:00 
Jan 07 16:20:00 
Jan 07 16:20:00 🔔省钱大赢家之翻翻乐, 结束! 🕛 0.394 秒
Jan 07 16:20:00 
Jan 07 17:20:00 
Jan 07 17:20:00 🔔省钱大赢家之翻翻乐, 开始!
Jan 07 17:20:00 
Jan 07 17:20:00 ====================共1个京东账号Cookie=========
Jan 07 17:20:00 
Jan 07 17:20:00 ==================脚本执行- 北京时间(UTC+8)：2022/1/7 下午5:20:00=====================
Jan 07 17:20:00 
Jan 07 17:20:00 
Jan 07 17:20:00 ******开始【京东账号1】jd_GyKLGOwyLAnM*********
Jan 07 17:20:00 
Jan 07 17:20:00 查询下次翻翻乐剩余时间失败：{"msg":"data does not exist","code":12,"success":false}
Jan 07 17:20:00 
Jan 07 17:20:00 
Jan 07 17:20:00 🔔省钱大赢家之翻翻乐, 结束! 🕛 0.313 秒
Jan 07 17:20:00 
Jan 07 18:20:00 
Jan 07 18:20:00 🔔省钱大赢家之翻翻乐, 开始!
Jan 07 18:20:00 
Jan 07 18:20:00 ====================共1个京东账号Cookie=========
Jan 07 18:20:00 
Jan 07 18:20:00 ==================脚本执行- 北京时间(UTC+8)：2022/1/7 下午6:20:00=====================
Jan 07 18:20:00 
Jan 07 18:20:00 
Jan 07 18:20:00 ******开始【京东账号1】jd_GyKLGOwyLAnM*********
Jan 07 18:20:00 
Jan 07 18:20:00 查询下次翻翻乐剩余时间失败：{"msg":"data does not exist","code":12,"success":false}
Jan 07 18:20:00 
Jan 07 18:20:00 
Jan 07 18:20:00 🔔省钱大赢家之翻翻乐, 结束! 🕛 0.343 秒
Jan 07 18:20:00 
Jan 07 19:20:00 
Jan 07 19:20:00 🔔省钱大赢家之翻翻乐, 开始!
Jan 07 19:20:00 
Jan 07 19:20:00 ====================共1个京东账号Cookie=========
Jan 07 19:20:00 
Jan 07 19:20:00 ==================脚本执行- 北京时间(UTC+8)：2022/1/7 下午7:20:00=====================
Jan 07 19:20:00 
Jan 07 19:20:00 
Jan 07 19:20:00 ******开始【京东账号1】jd_GyKLGOwyLAnM*********
Jan 07 19:20:00 
Jan 07 19:20:01 查询下次翻翻乐剩余时间失败：{"msg":"data does not exist","code":12,"success":false}
Jan 07 19:20:01 
Jan 07 19:20:01 
Jan 07 19:20:01 🔔省钱大赢家之翻翻乐, 结束! 🕛 0.842 秒
Jan 07 19:20:01 
Jan 07 20:20:00 
Jan 07 20:20:00 🔔省钱大赢家之翻翻乐, 开始!
Jan 07 20:20:00 
Jan 07 20:20:00 ====================共1个京东账号Cookie=========
Jan 07 20:20:00 
Jan 07 20:20:00 ==================脚本执行- 北京时间(UTC+8)：2022/1/7 下午8:20:00=====================
Jan 07 20:20:00 
Jan 07 20:20:00 
Jan 07 20:20:00 ******开始【京东账号1】jd_GyKLGOwyLAnM*********
Jan 07 20:20:00 
Jan 07 20:20:00 查询下次翻翻乐剩余时间失败：{"msg":"data does not exist","code":12,"success":false}
Jan 07 20:20:00 
Jan 07 20:20:00 
Jan 07 20:20:00 🔔省钱大赢家之翻翻乐, 结束! 🕛 0.426 秒
Jan 07 20:20:00 
Jan 07 21:20:00 
Jan 07 21:20:00 🔔省钱大赢家之翻翻乐, 开始!
Jan 07 21:20:00 
Jan 07 21:20:00 ====================共1个京东账号Cookie=========
Jan 07 21:20:00 
Jan 07 21:20:00 ==================脚本执行- 北京时间(UTC+8)：2022/1/7 下午9:20:00=====================
Jan 07 21:20:00 
Jan 07 21:20:00 
Jan 07 21:20:00 ******开始【京东账号1】jd_GyKLGOwyLAnM*********
Jan 07 21:20:00 
Jan 07 21:20:01 查询下次翻翻乐剩余时间失败：{"msg":"data does not exist","code":12,"success":false}
Jan 07 21:20:01 
Jan 07 21:20:01 
Jan 07 21:20:01 🔔省钱大赢家之翻翻乐, 结束! 🕛 0.492 秒
Jan 07 21:20:01 
Jan 07 22:20:01 
Jan 07 22:20:01 🔔省钱大赢家之翻翻乐, 开始!
Jan 07 22:20:01 
Jan 07 22:20:01 ====================共1个京东账号Cookie=========
Jan 07 22:20:01 
Jan 07 22:20:01 ==================脚本执行- 北京时间(UTC+8)：2022/1/7 下午10:20:01=====================
Jan 07 22:20:01 
Jan 07 22:20:01 
Jan 07 22:20:01 ******开始【京东账号1】jd_GyKLGOwyLAnM*********
Jan 07 22:20:01 
Jan 07 22:20:02 查询下次翻翻乐剩余时间失败：{"success":false,"code":1001,"errMsg":"限流","data":null}
Jan 07 22:20:02 
Jan 07 22:20:02 
Jan 07 22:20:02 🔔省钱大赢家之翻翻乐, 结束! 🕛 1.679 秒
Jan 07 22:20:02 
Jan 07 23:20:00 
Jan 07 23:20:00 🔔省钱大赢家之翻翻乐, 开始!
Jan 07 23:20:00 
Jan 07 23:20:00 ====================共1个京东账号Cookie=========
Jan 07 23:20:00 
Jan 07 23:20:00 ==================脚本执行- 北京时间(UTC+8)：2022/1/7 下午11:20:00=====================
Jan 07 23:20:00 
Jan 07 23:20:00 
Jan 07 23:20:00 ******开始【京东账号1】jd_GyKLGOwyLAnM*********
Jan 07 23:20:00 
Jan 07 23:20:01 查询下次翻翻乐剩余时间失败：{"success":false,"code":1001,"errMsg":"限流","data":null}
Jan 07 23:20:01 
Jan 07 23:20:01 
Jan 07 23:20:01 🔔省钱大赢家之翻翻乐, 结束! 🕛 0.522 秒
Jan 07 23:20:01 
Jan 08 00:20:01 
Jan 08 00:20:01 🔔省钱大赢家之翻翻乐, 开始!
Jan 08 00:20:01 
Jan 08 00:20:01 ====================共1个京东账号Cookie=========
Jan 08 00:20:01 
Jan 08 00:20:02 ==================脚本执行- 北京时间(UTC+8)：2022/1/8 上午12:20:01=====================
Jan 08 00:20:02 
Jan 08 00:20:02 
Jan 08 00:20:02 ******开始【京东账号1】jd_GyKLGOwyLAnM*********
Jan 08 00:20:02 
Jan 08 00:20:04 查询下次翻翻乐剩余时间失败：{"success":false,"code":1001,"errMsg":"限流","data":null}
Jan 08 00:20:04 
Jan 08 00:20:04 
Jan 08 00:20:04 🔔省钱大赢家之翻翻乐, 结束! 🕛 2.527 秒
Jan 08 00:20:04 
Jan 08 01:20:01 
Jan 08 01:20:01 🔔省钱大赢家之翻翻乐, 开始!
Jan 08 01:20:01 
Jan 08 01:20:01 ====================共1个京东账号Cookie=========
Jan 08 01:20:01 
Jan 08 01:20:01 ==================脚本执行- 北京时间(UTC+8)：2022/1/8 上午1:20:01=====================
Jan 08 01:20:01 
Jan 08 01:20:01 
Jan 08 01:20:01 ******开始【京东账号1】jd_GyKLGOwyLAnM*********
Jan 08 01:20:01 
Jan 08 01:20:01 查询下次翻翻乐剩余时间失败：{"success":false,"code":1001,"errMsg":"限流","data":null}
Jan 08 01:20:01 
Jan 08 01:20:01 
Jan 08 01:20:01 🔔省钱大赢家之翻翻乐, 结束! 🕛 0.529 秒
Jan 08 01:20:01 
Jan 08 02:20:01 
Jan 08 02:20:01 🔔省钱大赢家之翻翻乐, 开始!
Jan 08 02:20:01 
Jan 08 02:20:01 ====================共1个京东账号Cookie=========
Jan 08 02:20:01 
Jan 08 02:20:01 ==================脚本执行- 北京时间(UTC+8)：2022/1/8 上午2:20:01=====================
Jan 08 02:20:01 
Jan 08 02:20:01 
Jan 08 02:20:01 ******开始【京东账号1】jd_GyKLGOwyLAnM*********
Jan 08 02:20:01 
Jan 08 02:20:02 查询下次翻翻乐剩余时间失败：{"success":false,"code":1001,"errMsg":"限流","data":null}
Jan 08 02:20:02 
Jan 08 02:20:02 
Jan 08 02:20:02 🔔省钱大赢家之翻翻乐, 结束! 🕛 1.161 秒
Jan 08 02:20:02 
Jan 08 03:20:01 
Jan 08 03:20:01 🔔省钱大赢家之翻翻乐, 开始!
Jan 08 03:20:01 
Jan 08 03:20:01 ====================共1个京东账号Cookie=========
Jan 08 03:20:01 
Jan 08 03:20:01 ==================脚本执行- 北京时间(UTC+8)：2022/1/8 上午3:20:01=====================
Jan 08 03:20:01 
Jan 08 03:20:01 
Jan 08 03:20:01 ******开始【京东账号1】jd_GyKLGOwyLAnM*********
Jan 08 03:20:01 
Jan 08 03:20:01 查询下次翻翻乐剩余时间失败：{"success":false,"code":1001,"errMsg":"限流","data":null}
Jan 08 03:20:01 
Jan 08 03:20:01 
Jan 08 03:20:01 🔔省钱大赢家之翻翻乐, 结束! 🕛 0.502 秒
Jan 08 03:20:01 
Jan 08 04:20:00 
Jan 08 04:20:00 🔔省钱大赢家之翻翻乐, 开始!
Jan 08 04:20:00 
Jan 08 04:20:00 ====================共1个京东账号Cookie=========
Jan 08 04:20:00 
Jan 08 04:20:00 ==================脚本执行- 北京时间(UTC+8)：2022/1/8 上午4:20:00=====================
Jan 08 04:20:00 
Jan 08 04:20:00 
Jan 08 04:20:00 ******开始【京东账号1】jd_GyKLGOwyLAnM*********
Jan 08 04:20:00 
Jan 08 04:20:00 查询下次翻翻乐剩余时间失败：{"msg":"data does not exist","code":12,"success":false}
Jan 08 04:20:00 
Jan 08 04:20:00 
Jan 08 04:20:00 🔔省钱大赢家之翻翻乐, 结束! 🕛 0.479 秒
Jan 08 04:20:00 
Jan 08 05:20:00 
Jan 08 05:20:00 🔔省钱大赢家之翻翻乐, 开始!
Jan 08 05:20:00 
Jan 08 05:20:00 ====================共1个京东账号Cookie=========
Jan 08 05:20:00 
Jan 08 05:20:00 ==================脚本执行- 北京时间(UTC+8)：2022/1/8 上午5:20:00=====================
Jan 08 05:20:00 
Jan 08 05:20:00 
Jan 08 05:20:00 ******开始【京东账号1】jd_GyKLGOwyLAnM*********
Jan 08 05:20:00 
Jan 08 05:20:00 查询下次翻翻乐剩余时间失败：{"msg":"data does not exist","code":12,"success":false}
Jan 08 05:20:00 
Jan 08 05:20:00 
Jan 08 05:20:00 🔔省钱大赢家之翻翻乐, 结束! 🕛 0.464 秒
Jan 08 05:20:00 
Jan 08 06:20:00 
Jan 08 06:20:00 🔔省钱大赢家之翻翻乐, 开始!
Jan 08 06:20:00 
Jan 08 06:20:00 ====================共1个京东账号Cookie=========
Jan 08 06:20:00 
Jan 08 06:20:00 ==================脚本执行- 北京时间(UTC+8)：2022/1/8 上午6:20:00=====================
Jan 08 06:20:00 
Jan 08 06:20:00 
Jan 08 06:20:00 ******开始【京东账号1】jd_GyKLGOwyLAnM*********
Jan 08 06:20:00 
Jan 08 06:20:01 查询下次翻翻乐剩余时间失败：{"success":false,"code":1001,"errMsg":"限流","data":null}
Jan 08 06:20:01 
Jan 08 06:20:01 
Jan 08 06:20:01 🔔省钱大赢家之翻翻乐, 结束! 🕛 1.294 秒
Jan 08 06:20:01 
Jan 08 07:20:00 
Jan 08 07:20:00 🔔省钱大赢家之翻翻乐, 开始!
Jan 08 07:20:00 
Jan 08 07:20:00 ====================共1个京东账号Cookie=========
Jan 08 07:20:00 
Jan 08 07:20:00 ==================脚本执行- 北京时间(UTC+8)：2022/1/8 上午7:20:00=====================
Jan 08 07:20:00 
Jan 08 07:20:00 
Jan 08 07:20:00 ******开始【京东账号1】jd_GyKLGOwyLAnM*********
Jan 08 07:20:00 
Jan 08 07:20:00 查询下次翻翻乐剩余时间失败：{"msg":"data does not exist","code":12,"success":false}
Jan 08 07:20:00 
Jan 08 07:20:00 
Jan 08 07:20:00 🔔省钱大赢家之翻翻乐, 结束! 🕛 0.444 秒
Jan 08 07:20:00 
Jan 08 08:20:00 
Jan 08 08:20:00 🔔省钱大赢家之翻翻乐, 开始!
Jan 08 08:20:00 
Jan 08 08:20:00 ====================共1个京东账号Cookie=========
Jan 08 08:20:00 
Jan 08 08:20:00 ==================脚本执行- 北京时间(UTC+8)：2022/1/8 上午8:20:00=====================
Jan 08 08:20:00 
Jan 08 08:20:00 
Jan 08 08:20:00 ******开始【京东账号1】jd_GyKLGOwyLAnM*********
Jan 08 08:20:00 
Jan 08 08:20:00 查询下次翻翻乐剩余时间失败：{"msg":"data does not exist","code":12,"success":false}
Jan 08 08:20:00 
Jan 08 08:20:00 
Jan 08 08:20:00 🔔省钱大赢家之翻翻乐, 结束! 🕛 0.426 秒
Jan 08 08:20:00 
Jan 08 09:20:00 
Jan 08 09:20:00 🔔省钱大赢家之翻翻乐, 开始!
Jan 08 09:20:00 
Jan 08 09:20:00 ====================共1个京东账号Cookie=========
Jan 08 09:20:00 
Jan 08 09:20:00 ==================脚本执行- 北京时间(UTC+8)：2022/1/8 上午9:20:00=====================
Jan 08 09:20:00 
Jan 08 09:20:00 
Jan 08 09:20:00 ******开始【京东账号1】jd_GyKLGOwyLAnM*********
Jan 08 09:20:00 
Jan 08 09:20:00 查询下次翻翻乐剩余时间失败：{"msg":"data does not exist","code":12,"success":false}
Jan 08 09:20:00 
Jan 08 09:20:00 
Jan 08 09:20:00 🔔省钱大赢家之翻翻乐, 结束! 🕛 0.406 秒
Jan 08 09:20:00 
Jan 08 10:20:01 
Jan 08 10:20:01 🔔省钱大赢家之翻翻乐, 开始!
Jan 08 10:20:01 
Jan 08 10:20:01 ====================共1个京东账号Cookie=========
Jan 08 10:20:01 
Jan 08 10:20:01 ==================脚本执行- 北京时间(UTC+8)：2022/1/8 上午10:20:01=====================
Jan 08 10:20:01 
Jan 08 10:20:01 
Jan 08 10:20:01 ******开始【京东账号1】jd_GyKLGOwyLAnM*********
Jan 08 10:20:01 
Jan 08 10:20:02 查询下次翻翻乐剩余时间失败：{"msg":"data does not exist","code":12,"success":false}
Jan 08 10:20:02 
Jan 08 10:20:02 
Jan 08 10:20:02 🔔省钱大赢家之翻翻乐, 结束! 🕛 1.256 秒
Jan 08 10:20:02 
Jan 08 11:20:00 
Jan 08 11:20:00 🔔省钱大赢家之翻翻乐, 开始!
Jan 08 11:20:00 
Jan 08 11:20:00 ====================共1个京东账号Cookie=========
Jan 08 11:20:00 
Jan 08 11:20:00 ==================脚本执行- 北京时间(UTC+8)：2022/1/8 上午11:20:00=====================
Jan 08 11:20:00 
Jan 08 11:20:00 
Jan 08 11:20:00 ******开始【京东账号1】jd_GyKLGOwyLAnM*********
Jan 08 11:20:00 
Jan 08 11:20:01 查询下次翻翻乐剩余时间失败：{"success":false,"code":1001,"errMsg":"限流","data":null}
Jan 08 11:20:01 
Jan 08 11:20:01 
Jan 08 11:20:01 🔔省钱大赢家之翻翻乐, 结束! 🕛 0.518 秒
Jan 08 11:20:01 
Jan 08 12:20:00 
Jan 08 12:20:00 🔔省钱大赢家之翻翻乐, 开始!
Jan 08 12:20:00 
Jan 08 12:20:00 ====================共1个京东账号Cookie=========
Jan 08 12:20:00 
Jan 08 12:20:00 ==================脚本执行- 北京时间(UTC+8)：2022/1/8 下午12:20:00=====================
Jan 08 12:20:00 
Jan 08 12:20:00 
Jan 08 12:20:00 ******开始【京东账号1】jd_GyKLGOwyLAnM*********
Jan 08 12:20:00 
Jan 08 12:20:01 查询下次翻翻乐剩余时间失败：{"success":false,"code":1001,"errMsg":"限流","data":null}
Jan 08 12:20:01 
Jan 08 12:20:01 
Jan 08 12:20:01 🔔省钱大赢家之翻翻乐, 结束! 🕛 0.532 秒
Jan 08 12:20:01 
Jan 08 13:20:00 
Jan 08 13:20:00 🔔省钱大赢家之翻翻乐, 开始!
Jan 08 13:20:00 
Jan 08 13:20:00 ====================共1个京东账号Cookie=========
Jan 08 13:20:00 
Jan 08 13:20:01 ==================脚本执行- 北京时间(UTC+8)：2022/1/8 下午1:20:00=====================
Jan 08 13:20:01 
Jan 08 13:20:01 
Jan 08 13:20:01 ******开始【京东账号1】jd_GyKLGOwyLAnM*********
Jan 08 13:20:01 
Jan 08 13:20:01 查询下次翻翻乐剩余时间失败：{"success":false,"code":1001,"errMsg":"限流","data":null}
Jan 08 13:20:01 
Jan 08 13:20:01 
Jan 08 13:20:01 🔔省钱大赢家之翻翻乐, 结束! 🕛 0.529 秒
Jan 08 13:20:01 
Jan 08 14:20:00 
Jan 08 14:20:00 🔔省钱大赢家之翻翻乐, 开始!
Jan 08 14:20:01 
Jan 08 14:20:01 ====================共1个京东账号Cookie=========
Jan 08 14:20:01 
Jan 08 14:20:01 ==================脚本执行- 北京时间(UTC+8)：2022/1/8 下午2:20:01=====================
Jan 08 14:20:01 
Jan 08 14:20:01 
Jan 08 14:20:01 ******开始【京东账号1】jd_GyKLGOwyLAnM*********
Jan 08 14:20:01 
Jan 08 14:20:01 查询下次翻翻乐剩余时间失败：{"success":false,"code":1001,"errMsg":"限流","data":null}
Jan 08 14:20:01 
Jan 08 14:20:01 
Jan 08 14:20:01 🔔省钱大赢家之翻翻乐, 结束! 🕛 0.489 秒
Jan 08 14:20:01 
Jan 08 15:20:01 
Jan 08 15:20:01 🔔省钱大赢家之翻翻乐, 开始!
Jan 08 15:20:01 
Jan 08 15:20:01 ====================共1个京东账号Cookie=========
Jan 08 15:20:01 
Jan 08 15:20:01 ==================脚本执行- 北京时间(UTC+8)：2022/1/8 下午3:20:01=====================
Jan 08 15:20:01 
Jan 08 15:20:01 
Jan 08 15:20:01 ******开始【京东账号1】jd_GyKLGOwyLAnM*********
Jan 08 15:20:01 
Jan 08 15:20:01 查询下次翻翻乐剩余时间失败：{"success":false,"code":1001,"errMsg":"限流","data":null}
Jan 08 15:20:01 
Jan 08 15:20:01 
Jan 08 15:20:01 🔔省钱大赢家之翻翻乐, 结束! 🕛 0.438 秒
Jan 08 15:20:01 
Jan 08 16:20:01 
Jan 08 16:20:01 🔔省钱大赢家之翻翻乐, 开始!
Jan 08 16:20:01 
Jan 08 16:20:01 ====================共1个京东账号Cookie=========
Jan 08 16:20:01 
Jan 08 16:20:01 ==================脚本执行- 北京时间(UTC+8)：2022/1/8 下午4:20:01=====================
Jan 08 16:20:01 
Jan 08 16:20:01 
Jan 08 16:20:01 ******开始【京东账号1】jd_GyKLGOwyLAnM*********
Jan 08 16:20:01 
Jan 08 16:20:01 查询下次翻翻乐剩余时间失败：{"success":false,"code":1001,"errMsg":"限流","data":null}
Jan 08 16:20:01 
Jan 08 16:20:01 
Jan 08 16:20:01 🔔省钱大赢家之翻翻乐, 结束! 🕛 0.518 秒
Jan 08 16:20:01 
Jan 08 17:20:01 
Jan 08 17:20:01 🔔省钱大赢家之翻翻乐, 开始!
Jan 08 17:20:01 
Jan 08 17:20:01 ====================共1个京东账号Cookie=========
Jan 08 17:20:01 
Jan 08 17:20:01 ==================脚本执行- 北京时间(UTC+8)：2022/1/8 下午5:20:01=====================
Jan 08 17:20:01 
Jan 08 17:20:01 
Jan 08 17:20:01 ******开始【京东账号1】jd_GyKLGOwyLAnM*********
Jan 08 17:20:01 
Jan 08 17:20:01 查询下次翻翻乐剩余时间失败：{"success":false,"code":1001,"errMsg":"限流","data":null}
Jan 08 17:20:01 
Jan 08 17:20:01 
Jan 08 17:20:01 🔔省钱大赢家之翻翻乐, 结束! 🕛 0.409 秒
Jan 08 17:20:01 
Jan 08 18:20:00 
Jan 08 18:20:00 🔔省钱大赢家之翻翻乐, 开始!
Jan 08 18:20:00 
Jan 08 18:20:00 ====================共1个京东账号Cookie=========
Jan 08 18:20:00 
Jan 08 18:20:00 ==================脚本执行- 北京时间(UTC+8)：2022/1/8 下午6:20:00=====================
Jan 08 18:20:00 
Jan 08 18:20:00 
Jan 08 18:20:00 ******开始【京东账号1】jd_GyKLGOwyLAnM*********
Jan 08 18:20:00 
Jan 08 18:20:00 查询下次翻翻乐剩余时间失败：{"msg":"data does not exist","code":12,"success":false}
Jan 08 18:20:00 
Jan 08 18:20:00 
Jan 08 18:20:00 🔔省钱大赢家之翻翻乐, 结束! 🕛 0.436 秒
Jan 08 18:20:00 
Jan 08 19:20:00 
Jan 08 19:20:00 🔔省钱大赢家之翻翻乐, 开始!
Jan 08 19:20:00 
Jan 08 19:20:00 ====================共1个京东账号Cookie=========
Jan 08 19:20:00 
Jan 08 19:20:00 ==================脚本执行- 北京时间(UTC+8)：2022/1/8 下午7:20:00=====================
Jan 08 19:20:00 
Jan 08 19:20:00 
Jan 08 19:20:00 ******开始【京东账号1】jd_GyKLGOwyLAnM*********
Jan 08 19:20:00 
Jan 08 19:20:00 查询下次翻翻乐剩余时间失败：{"msg":"data does not exist","code":12,"success":false}
Jan 08 19:20:00 
Jan 08 19:20:00 
Jan 08 19:20:00 🔔省钱大赢家之翻翻乐, 结束! 🕛 0.459 秒
Jan 08 19:20:00 
Jan 08 20:20:00 
Jan 08 20:20:00 🔔省钱大赢家之翻翻乐, 开始!
Jan 08 20:20:00 
Jan 08 20:20:00 ====================共1个京东账号Cookie=========
Jan 08 20:20:00 
Jan 08 20:20:00 ==================脚本执行- 北京时间(UTC+8)：2022/1/8 下午8:20:00=====================
Jan 08 20:20:00 
Jan 08 20:20:00 
Jan 08 20:20:00 ******开始【京东账号1】jd_GyKLGOwyLAnM*********
Jan 08 20:20:00 
Jan 08 20:20:00 查询下次翻翻乐剩余时间失败：{"msg":"data does not exist","code":12,"success":false}
Jan 08 20:20:00 
Jan 08 20:20:00 
Jan 08 20:20:00 🔔省钱大赢家之翻翻乐, 结束! 🕛 0.411 秒
Jan 08 20:20:00 
Jan 08 21:20:00 
Jan 08 21:20:00 🔔省钱大赢家之翻翻乐, 开始!
Jan 08 21:20:00 
Jan 08 21:20:00 ====================共1个京东账号Cookie=========
Jan 08 21:20:00 
Jan 08 21:20:00 ==================脚本执行- 北京时间(UTC+8)：2022/1/8 下午9:20:00=====================
Jan 08 21:20:00 
Jan 08 21:20:00 
Jan 08 21:20:00 ******开始【京东账号1】jd_GyKLGOwyLAnM*********
Jan 08 21:20:00 
Jan 08 21:20:00 查询下次翻翻乐剩余时间失败：{"msg":"data does not exist","code":12,"success":false}
Jan 08 21:20:00 
Jan 08 21:20:00 
Jan 08 21:20:00 🔔省钱大赢家之翻翻乐, 结束! 🕛 0.402 秒
Jan 08 21:20:00 
Jan 08 22:20:01 
Jan 08 22:20:01 🔔省钱大赢家之翻翻乐, 开始!
Jan 08 22:20:01 
Jan 08 22:20:01 ====================共1个京东账号Cookie=========
Jan 08 22:20:01 
Jan 08 22:20:01 ==================脚本执行- 北京时间(UTC+8)：2022/1/8 下午10:20:01=====================
Jan 08 22:20:01 
Jan 08 22:20:01 
Jan 08 22:20:01 ******开始【京东账号1】jd_GyKLGOwyLAnM*********
Jan 08 22:20:01 
Jan 08 22:20:02 查询下次翻翻乐剩余时间失败：{"success":false,"code":1001,"errMsg":"限流","data":null}
Jan 08 22:20:02 
Jan 08 22:20:02 
Jan 08 22:20:02 🔔省钱大赢家之翻翻乐, 结束! 🕛 1.533 秒
Jan 08 22:20:02 
Jan 08 23:20:00 
Jan 08 23:20:00 🔔省钱大赢家之翻翻乐, 开始!
Jan 08 23:20:00 
Jan 08 23:20:00 ====================共1个京东账号Cookie=========
Jan 08 23:20:00 
Jan 08 23:20:00 ==================脚本执行- 北京时间(UTC+8)：2022/1/8 下午11:20:00=====================
Jan 08 23:20:00 
Jan 08 23:20:00 
Jan 08 23:20:00 ******开始【京东账号1】jd_GyKLGOwyLAnM*********
Jan 08 23:20:00 
Jan 08 23:20:01 查询下次翻翻乐剩余时间失败：{"msg":"data does not exist","code":12,"success":false}
Jan 08 23:20:01 
Jan 08 23:20:01 
Jan 08 23:20:01 🔔省钱大赢家之翻翻乐, 结束! 🕛 0.369 秒
Jan 08 23:20:01 
Jan 09 00:20:01 
Jan 09 00:20:01 🔔省钱大赢家之翻翻乐, 开始!
Jan 09 00:20:01 
Jan 09 00:20:01 ====================共1个京东账号Cookie=========
Jan 09 00:20:01 
Jan 09 00:20:02 ==================脚本执行- 北京时间(UTC+8)：2022/1/9 上午12:20:01=====================
Jan 09 00:20:02 
Jan 09 00:20:02 
Jan 09 00:20:02 ******开始【京东账号1】jd_GyKLGOwyLAnM*********
Jan 09 00:20:02 
Jan 09 00:20:03 查询下次翻翻乐剩余时间失败：{"success":false,"code":1001,"errMsg":"限流","data":null}
Jan 09 00:20:03 
Jan 09 00:20:03 
Jan 09 00:20:03 🔔省钱大赢家之翻翻乐, 结束! 🕛 2.206 秒
Jan 09 00:20:03 
Jan 09 01:20:00 
Jan 09 01:20:00 🔔省钱大赢家之翻翻乐, 开始!
Jan 09 01:20:00 
Jan 09 01:20:00 ====================共1个京东账号Cookie=========
Jan 09 01:20:00 
Jan 09 01:20:00 ==================脚本执行- 北京时间(UTC+8)：2022/1/9 上午1:20:00=====================
Jan 09 01:20:00 
Jan 09 01:20:00 
Jan 09 01:20:00 ******开始【京东账号1】jd_GyKLGOwyLAnM*********
Jan 09 01:20:00 
Jan 09 01:20:01 查询下次翻翻乐剩余时间失败：{"success":false,"code":1001,"errMsg":"限流","data":null}
Jan 09 01:20:01 
Jan 09 01:20:01 
Jan 09 01:20:01 🔔省钱大赢家之翻翻乐, 结束! 🕛 0.43 秒
Jan 09 01:20:01 
Jan 09 02:20:01 
Jan 09 02:20:01 🔔省钱大赢家之翻翻乐, 开始!
Jan 09 02:20:01 
Jan 09 02:20:01 ====================共1个京东账号Cookie=========
Jan 09 02:20:01 
Jan 09 02:20:01 ==================脚本执行- 北京时间(UTC+8)：2022/1/9 上午2:20:01=====================
Jan 09 02:20:01 
Jan 09 02:20:01 
Jan 09 02:20:01 ******开始【京东账号1】jd_GyKLGOwyLAnM*********
Jan 09 02:20:01 
Jan 09 02:20:02 查询下次翻翻乐剩余时间失败：{"success":false,"code":1001,"errMsg":"限流","data":null}
Jan 09 02:20:02 
Jan 09 02:20:02 
Jan 09 02:20:02 🔔省钱大赢家之翻翻乐, 结束! 🕛 1.073 秒
Jan 09 02:20:02 
Jan 09 03:20:00 
Jan 09 03:20:00 🔔省钱大赢家之翻翻乐, 开始!
Jan 09 03:20:01 
Jan 09 03:20:01 ====================共1个京东账号Cookie=========
Jan 09 03:20:01 
Jan 09 03:20:01 ==================脚本执行- 北京时间(UTC+8)：2022/1/9 上午3:20:01=====================
Jan 09 03:20:01 
Jan 09 03:20:01 
Jan 09 03:20:01 ******开始【京东账号1】jd_GyKLGOwyLAnM*********
Jan 09 03:20:01 
Jan 09 03:20:01 查询下次翻翻乐剩余时间失败：{"success":false,"code":1001,"errMsg":"限流","data":null}
Jan 09 03:20:01 
Jan 09 03:20:01 
Jan 09 03:20:01 🔔省钱大赢家之翻翻乐, 结束! 🕛 0.46 秒
Jan 09 03:20:01 
Jan 09 04:20:01 
Jan 09 04:20:01 🔔省钱大赢家之翻翻乐, 开始!
Jan 09 04:20:01 
Jan 09 04:20:01 ====================共1个京东账号Cookie=========
Jan 09 04:20:01 
Jan 09 04:20:01 ==================脚本执行- 北京时间(UTC+8)：2022/1/9 上午4:20:01=====================
Jan 09 04:20:01 
Jan 09 04:20:01 
Jan 09 04:20:01 ******开始【京东账号1】jd_GyKLGOwyLAnM*********
Jan 09 04:20:01 
Jan 09 04:20:01 查询下次翻翻乐剩余时间失败：{"success":false,"code":1001,"errMsg":"限流","data":null}
Jan 09 04:20:01 
Jan 09 04:20:01 
Jan 09 04:20:01 🔔省钱大赢家之翻翻乐, 结束! 🕛 0.466 秒
Jan 09 04:20:01 
Jan 09 05:20:01 
Jan 09 05:20:01 🔔省钱大赢家之翻翻乐, 开始!
Jan 09 05:20:01 
Jan 09 05:20:01 ====================共1个京东账号Cookie=========
Jan 09 05:20:01 
Jan 09 05:20:01 ==================脚本执行- 北京时间(UTC+8)：2022/1/9 上午5:20:01=====================
Jan 09 05:20:01 
Jan 09 05:20:01 
Jan 09 05:20:01 ******开始【京东账号1】jd_GyKLGOwyLAnM*********
Jan 09 05:20:01 
Jan 09 05:20:01 查询下次翻翻乐剩余时间失败：{"success":false,"code":1001,"errMsg":"限流","data":null}
Jan 09 05:20:01 
Jan 09 05:20:01 
Jan 09 05:20:01 🔔省钱大赢家之翻翻乐, 结束! 🕛 0.398 秒
Jan 09 05:20:01 
Jan 09 06:20:00 
Jan 09 06:20:00 🔔省钱大赢家之翻翻乐, 开始!
Jan 09 06:20:00 
Jan 09 06:20:00 ====================共1个京东账号Cookie=========
Jan 09 06:20:00 
Jan 09 06:20:00 ==================脚本执行- 北京时间(UTC+8)：2022/1/9 上午6:20:00=====================
Jan 09 06:20:00 
Jan 09 06:20:00 
Jan 09 06:20:00 ******开始【京东账号1】jd_GyKLGOwyLAnM*********
Jan 09 06:20:00 
Jan 09 06:20:00 查询下次翻翻乐剩余时间失败：{"msg":"data does not exist","code":12,"success":false}
Jan 09 06:20:00 
Jan 09 06:20:00 
Jan 09 06:20:00 🔔省钱大赢家之翻翻乐, 结束! 🕛 0.463 秒
Jan 09 06:20:00 
Jan 09 07:20:00 
Jan 09 07:20:00 🔔省钱大赢家之翻翻乐, 开始!
Jan 09 07:20:00 
Jan 09 07:20:00 ====================共1个京东账号Cookie=========
Jan 09 07:20:00 
Jan 09 07:20:00 ==================脚本执行- 北京时间(UTC+8)：2022/1/9 上午7:20:00=====================
Jan 09 07:20:00 
Jan 09 07:20:00 
Jan 09 07:20:00 ******开始【京东账号1】jd_GyKLGOwyLAnM*********
Jan 09 07:20:00 
Jan 09 07:20:00 查询下次翻翻乐剩余时间失败：{"msg":"data does not exist","code":12,"success":false}
Jan 09 07:20:00 
Jan 09 07:20:00 
Jan 09 07:20:00 🔔省钱大赢家之翻翻乐, 结束! 🕛 0.405 秒
Jan 09 07:20:00 
Jan 09 08:20:00 
Jan 09 08:20:00 🔔省钱大赢家之翻翻乐, 开始!
Jan 09 08:20:00 
Jan 09 08:20:00 ====================共1个京东账号Cookie=========
Jan 09 08:20:00 
Jan 09 08:20:00 ==================脚本执行- 北京时间(UTC+8)：2022/1/9 上午8:20:00=====================
Jan 09 08:20:00 
Jan 09 08:20:00 
Jan 09 08:20:00 ******开始【京东账号1】jd_GyKLGOwyLAnM*********
Jan 09 08:20:00 
Jan 09 08:20:00 查询下次翻翻乐剩余时间失败：{"msg":"data does not exist","code":12,"success":false}
Jan 09 08:20:00 
Jan 09 08:20:00 
Jan 09 08:20:00 🔔省钱大赢家之翻翻乐, 结束! 🕛 0.395 秒
Jan 09 08:20:00 
Jan 09 09:20:00 
Jan 09 09:20:00 🔔省钱大赢家之翻翻乐, 开始!
Jan 09 09:20:00 
Jan 09 09:20:00 ====================共1个京东账号Cookie=========
Jan 09 09:20:00 
Jan 09 09:20:00 ==================脚本执行- 北京时间(UTC+8)：2022/1/9 上午9:20:00=====================
Jan 09 09:20:00 
Jan 09 09:20:00 
Jan 09 09:20:00 ******开始【京东账号1】jd_GyKLGOwyLAnM*********
Jan 09 09:20:00 
Jan 09 09:20:00 查询下次翻翻乐剩余时间失败：{"msg":"data does not exist","code":12,"success":false}
Jan 09 09:20:00 
Jan 09 09:20:00 
Jan 09 09:20:00 🔔省钱大赢家之翻翻乐, 结束! 🕛 0.384 秒
Jan 09 09:20:00 
Jan 09 10:20:00 
Jan 09 10:20:00 🔔省钱大赢家之翻翻乐, 开始!
Jan 09 10:20:00 
Jan 09 10:20:00 ====================共1个京东账号Cookie=========
Jan 09 10:20:00 
Jan 09 10:20:01 ==================脚本执行- 北京时间(UTC+8)：2022/1/9 上午10:20:00=====================
Jan 09 10:20:01 
Jan 09 10:20:01 
Jan 09 10:20:01 ******开始【京东账号1】jd_GyKLGOwyLAnM*********
Jan 09 10:20:01 
Jan 09 10:20:02 查询下次翻翻乐剩余时间失败：{"success":false,"code":1001,"errMsg":"限流","data":null}
Jan 09 10:20:02 
Jan 09 10:20:02 
Jan 09 10:20:02 🔔省钱大赢家之翻翻乐, 结束! 🕛 1.309 秒
Jan 09 10:20:02 
Jan 09 11:20:00 
Jan 09 11:20:00 🔔省钱大赢家之翻翻乐, 开始!
Jan 09 11:20:00 
Jan 09 11:20:00 ====================共1个京东账号Cookie=========
Jan 09 11:20:00 
Jan 09 11:20:00 ==================脚本执行- 北京时间(UTC+8)：2022/1/9 上午11:20:00=====================
Jan 09 11:20:00 
Jan 09 11:20:00 
Jan 09 11:20:00 ******开始【京东账号1】jd_GyKLGOwyLAnM*********
Jan 09 11:20:00 
Jan 09 11:20:00 查询下次翻翻乐剩余时间失败：{"msg":"data does not exist","code":12,"success":false}
Jan 09 11:20:00 
Jan 09 11:20:00 
Jan 09 11:20:00 🔔省钱大赢家之翻翻乐, 结束! 🕛 0.408 秒
Jan 09 11:20:00 
Jan 09 12:20:00 
Jan 09 12:20:00 🔔省钱大赢家之翻翻乐, 开始!
Jan 09 12:20:00 
Jan 09 12:20:00 ====================共1个京东账号Cookie=========
Jan 09 12:20:00 
Jan 09 12:20:00 ==================脚本执行- 北京时间(UTC+8)：2022/1/9 下午12:20:00=====================
Jan 09 12:20:00 
Jan 09 12:20:00 
Jan 09 12:20:00 ******开始【京东账号1】jd_GyKLGOwyLAnM*********
Jan 09 12:20:00 
Jan 09 12:20:01 查询下次翻翻乐剩余时间失败：{"msg":"data does not exist","code":12,"success":false}
Jan 09 12:20:01 
Jan 09 12:20:01 
Jan 09 12:20:01 🔔省钱大赢家之翻翻乐, 结束! 🕛 0.409 秒
Jan 09 12:20:01 
Jan 09 13:20:00 
Jan 09 13:20:00 🔔省钱大赢家之翻翻乐, 开始!
Jan 09 13:20:00 
Jan 09 13:20:00 ====================共1个京东账号Cookie=========
Jan 09 13:20:00 
Jan 09 13:20:00 ==================脚本执行- 北京时间(UTC+8)：2022/1/9 下午1:20:00=====================
Jan 09 13:20:00 
Jan 09 13:20:00 
Jan 09 13:20:00 ******开始【京东账号1】jd_GyKLGOwyLAnM*********
Jan 09 13:20:00 
Jan 09 13:20:01 查询下次翻翻乐剩余时间失败：{"success":false,"code":1001,"errMsg":"限流","data":null}
Jan 09 13:20:01 
Jan 09 13:20:01 
Jan 09 13:20:01 🔔省钱大赢家之翻翻乐, 结束! 🕛 0.486 秒
Jan 09 13:20:01 
Jan 09 14:20:00 
Jan 09 14:20:00 🔔省钱大赢家之翻翻乐, 开始!
Jan 09 14:20:00 
Jan 09 14:20:00 ====================共1个京东账号Cookie=========
Jan 09 14:20:00 
Jan 09 14:20:00 ==================脚本执行- 北京时间(UTC+8)：2022/1/9 下午2:20:00=====================
Jan 09 14:20:00 
Jan 09 14:20:00 
Jan 09 14:20:00 ******开始【京东账号1】jd_GyKLGOwyLAnM*********
Jan 09 14:20:00 
Jan 09 14:20:01 查询下次翻翻乐剩余时间失败：{"success":false,"code":1001,"errMsg":"限流","data":null}
Jan 09 14:20:01 
Jan 09 14:20:01 
Jan 09 14:20:01 🔔省钱大赢家之翻翻乐, 结束! 🕛 0.467 秒
Jan 09 14:20:01 
Jan 09 15:20:00 
Jan 09 15:20:00 🔔省钱大赢家之翻翻乐, 开始!
Jan 09 15:20:00 
Jan 09 15:20:00 ====================共1个京东账号Cookie=========
Jan 09 15:20:00 
Jan 09 15:20:00 ==================脚本执行- 北京时间(UTC+8)：2022/1/9 下午3:20:00=====================
Jan 09 15:20:00 
Jan 09 15:20:00 
Jan 09 15:20:00 ******开始【京东账号1】jd_GyKLGOwyLAnM*********
Jan 09 15:20:00 
Jan 09 15:20:01 查询下次翻翻乐剩余时间失败：{"success":false,"code":1001,"errMsg":"限流","data":null}
Jan 09 15:20:01 
Jan 09 15:20:01 
Jan 09 15:20:01 🔔省钱大赢家之翻翻乐, 结束! 🕛 0.42 秒
Jan 09 15:20:01 
Jan 09 16:20:00 
Jan 09 16:20:00 🔔省钱大赢家之翻翻乐, 开始!
Jan 09 16:20:00 
Jan 09 16:20:00 ====================共1个京东账号Cookie=========
Jan 09 16:20:00 
Jan 09 16:20:01 ==================脚本执行- 北京时间(UTC+8)：2022/1/9 下午4:20:00=====================
Jan 09 16:20:01 
Jan 09 16:20:01 
Jan 09 16:20:01 ******开始【京东账号1】jd_GyKLGOwyLAnM*********
Jan 09 16:20:01 
Jan 09 16:20:01 查询下次翻翻乐剩余时间失败：{"success":false,"code":1001,"errMsg":"限流","data":null}
Jan 09 16:20:01 
Jan 09 16:20:01 
Jan 09 16:20:01 🔔省钱大赢家之翻翻乐, 结束! 🕛 0.498 秒
Jan 09 16:20:01 
Jan 09 17:20:01 
Jan 09 17:20:01 🔔省钱大赢家之翻翻乐, 开始!
Jan 09 17:20:01 
Jan 09 17:20:01 ====================共1个京东账号Cookie=========
Jan 09 17:20:01 
Jan 09 17:20:01 ==================脚本执行- 北京时间(UTC+8)：2022/1/9 下午5:20:01=====================
Jan 09 17:20:01 
Jan 09 17:20:01 
Jan 09 17:20:01 ******开始【京东账号1】jd_GyKLGOwyLAnM*********
Jan 09 17:20:01 
Jan 09 17:20:01 查询下次翻翻乐剩余时间失败：{"msg":"data does not exist","code":12,"success":false}
Jan 09 17:20:01 
Jan 09 17:20:01 
Jan 09 17:20:01 🔔省钱大赢家之翻翻乐, 结束! 🕛 0.379 秒
Jan 09 17:20:01 
Jan 09 18:20:01 
Jan 09 18:20:01 🔔省钱大赢家之翻翻乐, 开始!
Jan 09 18:20:01 
Jan 09 18:20:01 ====================共1个京东账号Cookie=========
Jan 09 18:20:01 
Jan 09 18:20:01 ==================脚本执行- 北京时间(UTC+8)：2022/1/9 下午6:20:01=====================
Jan 09 18:20:01 
Jan 09 18:20:01 
Jan 09 18:20:01 ******开始【京东账号1】jd_GyKLGOwyLAnM*********
Jan 09 18:20:01 
Jan 09 18:20:01 查询下次翻翻乐剩余时间失败：{"success":false,"code":1001,"errMsg":"限流","data":null}
Jan 09 18:20:01 
Jan 09 18:20:01 
Jan 09 18:20:01 🔔省钱大赢家之翻翻乐, 结束! 🕛 0.375 秒
Jan 09 18:20:01 
Jan 09 19:20:01 
Jan 09 19:20:01 🔔省钱大赢家之翻翻乐, 开始!
Jan 09 19:20:01 
Jan 09 19:20:01 ====================共1个京东账号Cookie=========
Jan 09 19:20:01 
Jan 09 19:20:01 ==================脚本执行- 北京时间(UTC+8)：2022/1/9 下午7:20:01=====================
Jan 09 19:20:01 
Jan 09 19:20:01 
Jan 09 19:20:01 ******开始【京东账号1】jd_GyKLGOwyLAnM*********
Jan 09 19:20:01 
Jan 09 19:20:01 查询下次翻翻乐剩余时间失败：{"msg":"data does not exist","code":12,"success":false}
Jan 09 19:20:01 
Jan 09 19:20:01 
Jan 09 19:20:01 🔔省钱大赢家之翻翻乐, 结束! 🕛 0.419 秒
Jan 09 19:20:01 
Jan 09 20:20:00 
Jan 09 20:20:00 🔔省钱大赢家之翻翻乐, 开始!
Jan 09 20:20:00 
Jan 09 20:20:00 ====================共1个京东账号Cookie=========
Jan 09 20:20:00 
Jan 09 20:20:00 ==================脚本执行- 北京时间(UTC+8)：2022/1/9 下午8:20:00=====================
Jan 09 20:20:00 
Jan 09 20:20:00 
Jan 09 20:20:00 ******开始【京东账号1】jd_GyKLGOwyLAnM*********
Jan 09 20:20:00 
Jan 09 20:20:00 查询下次翻翻乐剩余时间失败：{"msg":"data does not exist","code":12,"success":false}
Jan 09 20:20:00 
Jan 09 20:20:00 
Jan 09 20:20:00 🔔省钱大赢家之翻翻乐, 结束! 🕛 0.304 秒
Jan 09 20:20:00 
Jan 09 21:20:00 
Jan 09 21:20:00 🔔省钱大赢家之翻翻乐, 开始!
Jan 09 21:20:00 
Jan 09 21:20:00 ====================共1个京东账号Cookie=========
Jan 09 21:20:00 
Jan 09 21:20:00 ==================脚本执行- 北京时间(UTC+8)：2022/1/9 下午9:20:00=====================
Jan 09 21:20:00 
Jan 09 21:20:00 
Jan 09 21:20:00 ******开始【京东账号1】jd_GyKLGOwyLAnM*********
Jan 09 21:20:00 
Jan 09 21:20:00 查询下次翻翻乐剩余时间失败：{"msg":"data does not exist","code":12,"success":false}
Jan 09 21:20:00 
Jan 09 21:20:00 
Jan 09 21:20:00 🔔省钱大赢家之翻翻乐, 结束! 🕛 0.361 秒
Jan 09 21:20:00 
