Jan 07 00:11:01 
Jan 07 00:11:01 🔔领券中心签到, 开始!
Jan 07 00:11:01 
Jan 07 00:11:01 ====================共1个京东账号Cookie=========
Jan 07 00:11:01 
Jan 07 00:11:01 ==================脚本执行- 北京时间(UTC+8)：2022/1/7 上午12:11:01=====================
Jan 07 00:11:01 
Jan 07 00:11:01 
Jan 07 00:11:01 ******开始【京东账号1】jd_GyKLGOwyLAnM*********
Jan 07 00:11:01 
Jan 07 00:11:14 签到失败：用户未登录
Jan 07 00:11:16 
Jan 07 00:11:16 🔔领券中心签到, 结束! 🕛 15.641 秒
Jan 07 00:11:16 
Jan 08 00:11:01 
Jan 08 00:11:01 🔔领券中心签到, 开始!
Jan 08 00:11:01 
Jan 08 00:11:01 ====================共1个京东账号Cookie=========
Jan 08 00:11:01 
Jan 08 00:11:01 ==================脚本执行- 北京时间(UTC+8)：2022/1/8 上午12:11:01=====================
Jan 08 00:11:01 
Jan 08 00:11:01 
Jan 08 00:11:01 ******开始【京东账号1】jd_GyKLGOwyLAnM*********
Jan 08 00:11:01 
Jan 08 00:11:05 签到失败：用户未登录
Jan 08 00:11:07 
Jan 08 00:11:07 🔔领券中心签到, 结束! 🕛 6.731 秒
Jan 08 00:11:07 
Jan 09 00:11:00 
Jan 09 00:11:00 🔔领券中心签到, 开始!
Jan 09 00:11:00 
Jan 09 00:11:00 ====================共1个京东账号Cookie=========
Jan 09 00:11:00 
Jan 09 00:11:00 ==================脚本执行- 北京时间(UTC+8)：2022/1/9 上午12:11:00=====================
Jan 09 00:11:00 
Jan 09 00:11:01 
Jan 09 00:11:01 ******开始【京东账号1】jd_GyKLGOwyLAnM*********
Jan 09 00:11:01 
Jan 09 00:11:20 签到失败：用户未登录
Jan 09 00:11:22 
Jan 09 00:11:22 🔔领券中心签到, 结束! 🕛 21.305 秒
Jan 09 00:11:22 
