Jan 07 00:00:02 
Jan 07 00:00:02 🔔京东汽车, 开始!
Jan 07 00:00:03 
Jan 07 00:00:03 ====================共1个京东账号Cookie=========
Jan 07 00:00:03 
Jan 07 00:00:03 ==================脚本执行- 北京时间(UTC+8)：2022/1/7 上午12:00:03=====================
Jan 07 00:00:03 
Jan 07 00:00:07 
Jan 07 00:00:07 ******开始【京东账号1】jd_GyKLGOwyLAnM*********
Jan 07 00:00:07 
Jan 07 00:00:20 未登录
Jan 07 00:00:38 未登录
Jan 07 00:01:05 "Response code 400 (Bad Request)"
Jan 07 00:01:05 京东汽车 API请求失败，请检查网路重试
Jan 07 00:01:34 未登录
Jan 07 00:01:34 
Jan 07 00:01:34 ==============📣系统通知📣==============
Jan 07 00:01:34 京东汽车
Jan 07 00:01:34 【京东账号1】jd_GyKLGOwyLAnM
Jan 07 00:01:34 签到失败，未登录
Jan 07 00:01:34 签到失败，未登录
Jan 07 00:01:34 
Jan 07 00:01:34 
Jan 07 00:01:34 🔔京东汽车, 结束! 🕛 91.922 秒
Jan 07 00:01:34 
Jan 08 00:00:02 
Jan 08 00:00:02 🔔京东汽车, 开始!
Jan 08 00:00:02 
Jan 08 00:00:02 ====================共1个京东账号Cookie=========
Jan 08 00:00:02 
Jan 08 00:00:02 ==================脚本执行- 北京时间(UTC+8)：2022/1/8 上午12:00:02=====================
Jan 08 00:00:02 
Jan 08 00:00:06 
Jan 08 00:00:06 ******开始【京东账号1】jd_GyKLGOwyLAnM*********
Jan 08 00:00:06 
Jan 08 00:00:19 未登录
Jan 08 00:00:42 未登录
Jan 08 00:00:58 "Response code 400 (Bad Request)"
Jan 08 00:00:58 京东汽车 API请求失败，请检查网路重试
Jan 08 00:01:19 未登录
Jan 08 00:01:19 
Jan 08 00:01:19 ==============📣系统通知📣==============
Jan 08 00:01:19 京东汽车
Jan 08 00:01:19 【京东账号1】jd_GyKLGOwyLAnM
Jan 08 00:01:19 签到失败，未登录
Jan 08 00:01:19 签到失败，未登录
Jan 08 00:01:19 
Jan 08 00:01:19 
Jan 08 00:01:19 🔔京东汽车, 结束! 🕛 76.726 秒
Jan 08 00:01:19 
Jan 09 00:00:02 
Jan 09 00:00:02 🔔京东汽车, 开始!
Jan 09 00:00:02 
Jan 09 00:00:02 ====================共1个京东账号Cookie=========
Jan 09 00:00:02 
Jan 09 00:00:02 ==================脚本执行- 北京时间(UTC+8)：2022/1/9 上午12:00:02=====================
Jan 09 00:00:02 
Jan 09 00:00:06 
Jan 09 00:00:06 ******开始【京东账号1】jd_GyKLGOwyLAnM*********
Jan 09 00:00:06 
Jan 09 00:00:16 未登录
Jan 09 00:00:32 未登录
Jan 09 00:00:51 "Response code 400 (Bad Request)"
Jan 09 00:00:51 京东汽车 API请求失败，请检查网路重试
Jan 09 00:01:16 未登录
Jan 09 00:01:16 
Jan 09 00:01:16 ==============📣系统通知📣==============
Jan 09 00:01:16 京东汽车
Jan 09 00:01:16 【京东账号1】jd_GyKLGOwyLAnM
Jan 09 00:01:16 签到失败，未登录
Jan 09 00:01:16 签到失败，未登录
Jan 09 00:01:16 
Jan 09 00:01:16 
Jan 09 00:01:16 🔔京东汽车, 结束! 🕛 74.291 秒
Jan 09 00:01:16 
