Jan 07 00:00:02 
Jan 07 00:00:02 🔔东东世界兑换, 开始!
Jan 07 00:00:02 
Jan 07 00:00:02 ====================共1个京东账号Cookie=========
Jan 07 00:00:02 
Jan 07 00:00:03 ==================脚本执行- 北京时间(UTC+8)：2022/1/7 上午12:00:02=====================
Jan 07 00:00:03 
Jan 07 00:00:07 
Jan 07 00:00:07 ******开始【京东账号1】jd_GyKLGOwyLAnM*********
Jan 07 00:00:07 
Jan 07 00:00:07 获取Token失败
Jan 07 00:00:07 
Jan 07 00:00:07 🔔东东世界兑换, 结束! 🕛 4.845 秒
Jan 07 00:00:07 
Jan 08 00:00:02 
Jan 08 00:00:02 🔔东东世界兑换, 开始!
Jan 08 00:00:02 
Jan 08 00:00:02 ====================共1个京东账号Cookie=========
Jan 08 00:00:02 
Jan 08 00:00:02 ==================脚本执行- 北京时间(UTC+8)：2022/1/8 上午12:00:02=====================
Jan 08 00:00:02 
Jan 08 00:00:06 
Jan 08 00:00:06 ******开始【京东账号1】jd_GyKLGOwyLAnM*********
Jan 08 00:00:06 
Jan 08 00:00:06 获取Token失败
Jan 08 00:00:06 
Jan 08 00:00:06 🔔东东世界兑换, 结束! 🕛 3.967 秒
Jan 08 00:00:06 
Jan 09 00:00:02 
Jan 09 00:00:02 🔔东东世界兑换, 开始!
Jan 09 00:00:02 
Jan 09 00:00:02 ====================共1个京东账号Cookie=========
Jan 09 00:00:02 
Jan 09 00:00:02 ==================脚本执行- 北京时间(UTC+8)：2022/1/9 上午12:00:02=====================
Jan 09 00:00:02 
Jan 09 00:00:06 
Jan 09 00:00:06 ******开始【京东账号1】jd_GyKLGOwyLAnM*********
Jan 09 00:00:06 
Jan 09 00:00:06 获取Token失败
Jan 09 00:00:06 
Jan 09 00:00:06 🔔东东世界兑换, 结束! 🕛 4.312 秒
Jan 09 00:00:06 
