Jan 07 01:30:00 
Jan 07 01:30:00 🔔小鸽有礼-每日抽奖, 开始!
Jan 07 01:30:00 
Jan 07 01:30:00 ====================共1个京东账号Cookie=========
Jan 07 01:30:00 
Jan 07 01:30:00 ==================脚本执行- 北京时间(UTC+8)：2022/1/7 上午1:30:00=====================
Jan 07 01:30:00 
Jan 07 01:30:02 
Jan 07 01:30:02 *****开始【京东账号1】jd_GyKLGOwyLAnM*****
Jan 07 01:30:02 
Jan 07 01:30:02 =============小哥有礼=============
Jan 07 01:30:02 初始化
Jan 07 01:30:02 jd_GyKLGOwyLAnM数据异常，执行失败
Jan 07 01:30:02 =============每日转盘=============
Jan 07 01:30:02 初始化
Jan 07 01:30:02 jd_GyKLGOwyLAnM数据异常，执行失败
Jan 07 01:30:02 
Jan 07 01:30:02 🔔小鸽有礼-每日抽奖, 结束! 🕛 2.323 秒
Jan 07 01:30:02 
Jan 07 22:30:02 
Jan 07 22:30:02 🔔小鸽有礼-每日抽奖, 开始!
Jan 07 22:30:02 
Jan 07 22:30:02 ====================共1个京东账号Cookie=========
Jan 07 22:30:02 
Jan 07 22:30:02 ==================脚本执行- 北京时间(UTC+8)：2022/1/7 下午10:30:02=====================
Jan 07 22:30:02 
Jan 07 22:30:04 
Jan 07 22:30:04 *****开始【京东账号1】jd_GyKLGOwyLAnM*****
Jan 07 22:30:04 
Jan 07 22:30:04 =============小哥有礼=============
Jan 07 22:30:04 初始化
Jan 07 22:30:04 jd_GyKLGOwyLAnM数据异常，执行失败
Jan 07 22:30:04 =============每日转盘=============
Jan 07 22:30:04 初始化
Jan 07 22:30:04 jd_GyKLGOwyLAnM数据异常，执行失败
Jan 07 22:30:04 
Jan 07 22:30:04 🔔小鸽有礼-每日抽奖, 结束! 🕛 2.859 秒
Jan 07 22:30:04 
Jan 07 23:30:01 
Jan 07 23:30:01 🔔小鸽有礼-每日抽奖, 开始!
Jan 07 23:30:01 
Jan 07 23:30:01 ====================共1个京东账号Cookie=========
Jan 07 23:30:01 
Jan 07 23:30:01 ==================脚本执行- 北京时间(UTC+8)：2022/1/7 下午11:30:01=====================
Jan 07 23:30:01 
Jan 07 23:30:02 
Jan 07 23:30:02 *****开始【京东账号1】jd_GyKLGOwyLAnM*****
Jan 07 23:30:02 
Jan 07 23:30:02 =============小哥有礼=============
Jan 07 23:30:03 初始化
Jan 07 23:30:03 jd_GyKLGOwyLAnM数据异常，执行失败
Jan 07 23:30:03 =============每日转盘=============
Jan 07 23:30:03 初始化
Jan 07 23:30:03 jd_GyKLGOwyLAnM数据异常，执行失败
Jan 07 23:30:03 
Jan 07 23:30:03 🔔小鸽有礼-每日抽奖, 结束! 🕛 1.768 秒
Jan 07 23:30:03 
Jan 08 01:30:01 
Jan 08 01:30:01 🔔小鸽有礼-每日抽奖, 开始!
Jan 08 01:30:02 
Jan 08 01:30:02 ====================共1个京东账号Cookie=========
Jan 08 01:30:02 
Jan 08 01:30:02 ==================脚本执行- 北京时间(UTC+8)：2022/1/8 上午1:30:02=====================
Jan 08 01:30:02 
Jan 08 01:30:03 
Jan 08 01:30:03 *****开始【京东账号1】jd_GyKLGOwyLAnM*****
Jan 08 01:30:03 
Jan 08 01:30:03 =============小哥有礼=============
Jan 08 01:30:03 初始化
Jan 08 01:30:03 jd_GyKLGOwyLAnM数据异常，执行失败
Jan 08 01:30:03 =============每日转盘=============
Jan 08 01:30:03 初始化
Jan 08 01:30:03 jd_GyKLGOwyLAnM数据异常，执行失败
Jan 08 01:30:03 
Jan 08 01:30:03 🔔小鸽有礼-每日抽奖, 结束! 🕛 1.89 秒
Jan 08 01:30:03 
Jan 08 22:30:01 
Jan 08 22:30:01 🔔小鸽有礼-每日抽奖, 开始!
Jan 08 22:30:01 
Jan 08 22:30:01 ====================共1个京东账号Cookie=========
Jan 08 22:30:01 
Jan 08 22:30:02 ==================脚本执行- 北京时间(UTC+8)：2022/1/8 下午10:30:01=====================
Jan 08 22:30:02 
Jan 08 22:30:04 
Jan 08 22:30:04 *****开始【京东账号1】jd_GyKLGOwyLAnM*****
Jan 08 22:30:04 
Jan 08 22:30:04 =============小哥有礼=============
Jan 08 22:30:04 初始化
Jan 08 22:30:04 jd_GyKLGOwyLAnM数据异常，执行失败
Jan 08 22:30:04 =============每日转盘=============
Jan 08 22:30:04 初始化
Jan 08 22:30:04 jd_GyKLGOwyLAnM数据异常，执行失败
Jan 08 22:30:04 
Jan 08 22:30:04 🔔小鸽有礼-每日抽奖, 结束! 🕛 3.104 秒
Jan 08 22:30:04 
Jan 08 23:30:01 
Jan 08 23:30:01 🔔小鸽有礼-每日抽奖, 开始!
Jan 08 23:30:01 
Jan 08 23:30:01 ====================共1个京东账号Cookie=========
Jan 08 23:30:01 
Jan 08 23:30:01 ==================脚本执行- 北京时间(UTC+8)：2022/1/8 下午11:30:01=====================
Jan 08 23:30:01 
Jan 08 23:30:03 
Jan 08 23:30:03 *****开始【京东账号1】jd_GyKLGOwyLAnM*****
Jan 08 23:30:03 
Jan 08 23:30:03 =============小哥有礼=============
Jan 08 23:30:03 初始化
Jan 08 23:30:03 jd_GyKLGOwyLAnM数据异常，执行失败
Jan 08 23:30:03 =============每日转盘=============
Jan 08 23:30:03 初始化
Jan 08 23:30:03 jd_GyKLGOwyLAnM数据异常，执行失败
Jan 08 23:30:03 
Jan 08 23:30:03 🔔小鸽有礼-每日抽奖, 结束! 🕛 2.092 秒
Jan 08 23:30:03 
Jan 09 01:30:02 
Jan 09 01:30:02 🔔小鸽有礼-每日抽奖, 开始!
Jan 09 01:30:02 
Jan 09 01:30:02 ====================共1个京东账号Cookie=========
Jan 09 01:30:02 
Jan 09 01:30:02 ==================脚本执行- 北京时间(UTC+8)：2022/1/9 上午1:30:02=====================
Jan 09 01:30:02 
Jan 09 01:30:03 
Jan 09 01:30:03 *****开始【京东账号1】jd_GyKLGOwyLAnM*****
Jan 09 01:30:03 
Jan 09 01:30:03 =============小哥有礼=============
Jan 09 01:30:04 初始化
Jan 09 01:30:04 jd_GyKLGOwyLAnM数据异常，执行失败
Jan 09 01:30:04 =============每日转盘=============
Jan 09 01:30:04 初始化
Jan 09 01:30:04 jd_GyKLGOwyLAnM数据异常，执行失败
Jan 09 01:30:04 
Jan 09 01:30:04 🔔小鸽有礼-每日抽奖, 结束! 🕛 2.231 秒
Jan 09 01:30:04 
