Jan 07 03:30:00 
Jan 07 03:30:00 🔔东东电竞经理, 开始!
Jan 07 03:30:00 
Jan 07 03:30:00 ====================共1个京东账号Cookie=========
Jan 07 03:30:00 
Jan 07 03:30:00 ==================脚本执行- 北京时间(UTC+8)：2022/1/7 上午3:30:00=====================
Jan 07 03:30:00 
Jan 07 03:30:01 
Jan 07 03:30:01 *****开始【京东账号1】jd_GyKLGOwyLAnM*****
Jan 07 03:30:01 
Jan 07 03:30:02 获取Token失败
Jan 07 03:30:02 
Jan 07 03:30:02 🔔东东电竞经理, 结束! 🕛 1.907 秒
Jan 07 03:30:02 
Jan 07 12:30:02 
Jan 07 12:30:02 🔔东东电竞经理, 开始!
Jan 07 12:30:02 
Jan 07 12:30:02 ====================共1个京东账号Cookie=========
Jan 07 12:30:02 
Jan 07 12:30:02 ==================脚本执行- 北京时间(UTC+8)：2022/1/7 下午12:30:02=====================
Jan 07 12:30:02 
Jan 07 12:30:04 
Jan 07 12:30:04 *****开始【京东账号1】jd_GyKLGOwyLAnM*****
Jan 07 12:30:04 
Jan 07 12:30:05 获取Token失败
Jan 07 12:30:05 
Jan 07 12:30:05 🔔东东电竞经理, 结束! 🕛 3.615 秒
Jan 07 12:30:05 
Jan 07 22:30:02 
Jan 07 22:30:02 🔔东东电竞经理, 开始!
Jan 07 22:30:02 
Jan 07 22:30:02 ====================共1个京东账号Cookie=========
Jan 07 22:30:02 
Jan 07 22:30:02 ==================脚本执行- 北京时间(UTC+8)：2022/1/7 下午10:30:02=====================
Jan 07 22:30:02 
Jan 07 22:30:04 
Jan 07 22:30:04 *****开始【京东账号1】jd_GyKLGOwyLAnM*****
Jan 07 22:30:04 
Jan 07 22:30:05 获取Token失败
Jan 07 22:30:05 
Jan 07 22:30:05 🔔东东电竞经理, 结束! 🕛 3.727 秒
Jan 07 22:30:05 
Jan 08 03:30:02 
Jan 08 03:30:02 🔔东东电竞经理, 开始!
Jan 08 03:30:02 
Jan 08 03:30:02 ====================共1个京东账号Cookie=========
Jan 08 03:30:02 
Jan 08 03:30:02 ==================脚本执行- 北京时间(UTC+8)：2022/1/8 上午3:30:02=====================
Jan 08 03:30:02 
Jan 08 03:30:03 
Jan 08 03:30:03 *****开始【京东账号1】jd_GyKLGOwyLAnM*****
Jan 08 03:30:03 
Jan 08 03:30:04 获取Token失败
Jan 08 03:30:04 
Jan 08 03:30:04 🔔东东电竞经理, 结束! 🕛 2.677 秒
Jan 08 03:30:04 
Jan 08 12:30:02 
Jan 08 12:30:02 🔔东东电竞经理, 开始!
Jan 08 12:30:02 
Jan 08 12:30:02 ====================共1个京东账号Cookie=========
Jan 08 12:30:02 
Jan 08 12:30:02 ==================脚本执行- 北京时间(UTC+8)：2022/1/8 下午12:30:02=====================
Jan 08 12:30:02 
Jan 08 12:30:04 
Jan 08 12:30:04 *****开始【京东账号1】jd_GyKLGOwyLAnM*****
Jan 08 12:30:04 
Jan 08 12:30:05 获取Token失败
Jan 08 12:30:05 
Jan 08 12:30:05 🔔东东电竞经理, 结束! 🕛 3.649 秒
Jan 08 12:30:05 
Jan 08 22:30:01 
Jan 08 22:30:01 🔔东东电竞经理, 开始!
Jan 08 22:30:01 
Jan 08 22:30:01 ====================共1个京东账号Cookie=========
Jan 08 22:30:01 
Jan 08 22:30:02 ==================脚本执行- 北京时间(UTC+8)：2022/1/8 下午10:30:01=====================
Jan 08 22:30:02 
Jan 08 22:30:04 
Jan 08 22:30:04 *****开始【京东账号1】jd_GyKLGOwyLAnM*****
Jan 08 22:30:04 
Jan 08 22:30:05 获取Token失败
Jan 08 22:30:05 
Jan 08 22:30:05 🔔东东电竞经理, 结束! 🕛 3.853 秒
Jan 08 22:30:05 
Jan 09 03:30:02 
Jan 09 03:30:02 🔔东东电竞经理, 开始!
Jan 09 03:30:02 
Jan 09 03:30:02 ====================共1个京东账号Cookie=========
Jan 09 03:30:02 
Jan 09 03:30:02 ==================脚本执行- 北京时间(UTC+8)：2022/1/9 上午3:30:02=====================
Jan 09 03:30:02 
Jan 09 03:30:03 
Jan 09 03:30:03 *****开始【京东账号1】jd_GyKLGOwyLAnM*****
Jan 09 03:30:03 
Jan 09 03:30:04 获取Token失败
Jan 09 03:30:04 
Jan 09 03:30:04 🔔东东电竞经理, 结束! 🕛 2.68 秒
Jan 09 03:30:04 
Jan 09 12:30:01 
Jan 09 12:30:01 🔔东东电竞经理, 开始!
Jan 09 12:30:01 
Jan 09 12:30:01 ====================共1个京东账号Cookie=========
Jan 09 12:30:01 
Jan 09 12:30:02 ==================脚本执行- 北京时间(UTC+8)：2022/1/9 下午12:30:01=====================
Jan 09 12:30:02 
Jan 09 12:30:04 
Jan 09 12:30:04 *****开始【京东账号1】jd_GyKLGOwyLAnM*****
Jan 09 12:30:04 
Jan 09 12:30:05 获取Token失败
Jan 09 12:30:05 
Jan 09 12:30:05 🔔东东电竞经理, 结束! 🕛 3.513 秒
Jan 09 12:30:05 
