Jan 07 00:05:02 
Jan 07 00:05:02 🔔东东健康社区收集能量收集, 开始!
Jan 07 00:05:02 
Jan 07 00:05:02 ====================共1个京东账号Cookie=========
Jan 07 00:05:02 
Jan 07 00:05:02 ==================脚本执行- 北京时间(UTC+8)：2022/1/7 上午12:05:02=====================
Jan 07 00:05:02 
Jan 07 00:05:02 
Jan 07 00:05:02 ******开始【京东账号1】jd_GyKLGOwyLAnM*********
Jan 07 00:05:02 
Jan 07 00:05:04 任务完成失败：{"code":-30001,"msg":"登陆失败"}
Jan 07 00:05:04 
Jan 07 00:05:04 🔔东东健康社区收集能量收集, 结束! 🕛 2.578 秒
Jan 07 00:05:04 
Jan 07 00:25:01 
Jan 07 00:25:01 🔔东东健康社区收集能量收集, 开始!
Jan 07 00:25:01 
Jan 07 00:25:01 ====================共1个京东账号Cookie=========
Jan 07 00:25:01 
Jan 07 00:25:01 ==================脚本执行- 北京时间(UTC+8)：2022/1/7 上午12:25:01=====================
Jan 07 00:25:01 
Jan 07 00:25:01 
Jan 07 00:25:01 ******开始【京东账号1】jd_GyKLGOwyLAnM*********
Jan 07 00:25:01 
Jan 07 00:25:01 任务完成失败：{"code":-30001,"msg":"登陆失败"}
Jan 07 00:25:01 
Jan 07 00:25:01 🔔东东健康社区收集能量收集, 结束! 🕛 0.393 秒
Jan 07 00:25:01 
Jan 07 00:45:02 
Jan 07 00:45:02 🔔东东健康社区收集能量收集, 开始!
Jan 07 00:45:02 
Jan 07 00:45:02 ====================共1个京东账号Cookie=========
Jan 07 00:45:02 
Jan 07 00:45:02 ==================脚本执行- 北京时间(UTC+8)：2022/1/7 上午12:45:02=====================
Jan 07 00:45:02 
Jan 07 00:45:02 
Jan 07 00:45:02 ******开始【京东账号1】jd_GyKLGOwyLAnM*********
Jan 07 00:45:02 
Jan 07 00:45:04 任务完成失败：{"code":-30001,"msg":"登陆失败"}
Jan 07 00:45:04 
Jan 07 00:45:04 🔔东东健康社区收集能量收集, 结束! 🕛 2.024 秒
Jan 07 00:45:04 
Jan 07 01:05:00 
Jan 07 01:05:00 🔔东东健康社区收集能量收集, 开始!
Jan 07 01:05:00 
Jan 07 01:05:00 ====================共1个京东账号Cookie=========
Jan 07 01:05:00 
Jan 07 01:05:00 ==================脚本执行- 北京时间(UTC+8)：2022/1/7 上午1:05:00=====================
Jan 07 01:05:00 
Jan 07 01:05:00 
Jan 07 01:05:00 ******开始【京东账号1】jd_GyKLGOwyLAnM*********
Jan 07 01:05:00 
Jan 07 01:05:01 任务完成失败：{"code":-30001,"msg":"登陆失败"}
Jan 07 01:05:01 
Jan 07 01:05:01 🔔东东健康社区收集能量收集, 结束! 🕛 1.554 秒
Jan 07 01:05:01 
Jan 07 01:25:00 
Jan 07 01:25:00 🔔东东健康社区收集能量收集, 开始!
Jan 07 01:25:00 
Jan 07 01:25:00 ====================共1个京东账号Cookie=========
Jan 07 01:25:00 
Jan 07 01:25:00 ==================脚本执行- 北京时间(UTC+8)：2022/1/7 上午1:25:00=====================
Jan 07 01:25:00 
Jan 07 01:25:00 
Jan 07 01:25:00 ******开始【京东账号1】jd_GyKLGOwyLAnM*********
Jan 07 01:25:00 
Jan 07 01:25:00 任务完成失败：{"code":-30001,"msg":"登陆失败"}
Jan 07 01:25:00 
Jan 07 01:25:00 🔔东东健康社区收集能量收集, 结束! 🕛 0.297 秒
Jan 07 01:25:00 
Jan 07 01:45:00 
Jan 07 01:45:00 🔔东东健康社区收集能量收集, 开始!
Jan 07 01:45:00 
Jan 07 01:45:00 ====================共1个京东账号Cookie=========
Jan 07 01:45:00 
Jan 07 01:45:00 ==================脚本执行- 北京时间(UTC+8)：2022/1/7 上午1:45:00=====================
Jan 07 01:45:00 
Jan 07 01:45:00 
Jan 07 01:45:00 ******开始【京东账号1】jd_GyKLGOwyLAnM*********
Jan 07 01:45:00 
Jan 07 01:45:00 任务完成失败：{"code":-30001,"msg":"登陆失败"}
Jan 07 01:45:00 
Jan 07 01:45:00 🔔东东健康社区收集能量收集, 结束! 🕛 0.297 秒
Jan 07 01:45:00 
Jan 07 02:05:00 
Jan 07 02:05:00 🔔东东健康社区收集能量收集, 开始!
Jan 07 02:05:00 
Jan 07 02:05:00 ====================共1个京东账号Cookie=========
Jan 07 02:05:00 
Jan 07 02:05:00 ==================脚本执行- 北京时间(UTC+8)：2022/1/7 上午2:05:00=====================
Jan 07 02:05:00 
Jan 07 02:05:00 
Jan 07 02:05:00 ******开始【京东账号1】jd_GyKLGOwyLAnM*********
Jan 07 02:05:00 
Jan 07 02:05:00 任务完成失败：{"code":-30001,"msg":"登陆失败"}
Jan 07 02:05:00 
Jan 07 02:05:00 🔔东东健康社区收集能量收集, 结束! 🕛 0.535 秒
Jan 07 02:05:00 
Jan 07 02:25:00 
Jan 07 02:25:00 🔔东东健康社区收集能量收集, 开始!
Jan 07 02:25:00 
Jan 07 02:25:00 ====================共1个京东账号Cookie=========
Jan 07 02:25:00 
Jan 07 02:25:00 ==================脚本执行- 北京时间(UTC+8)：2022/1/7 上午2:25:00=====================
Jan 07 02:25:00 
Jan 07 02:25:00 
Jan 07 02:25:00 ******开始【京东账号1】jd_GyKLGOwyLAnM*********
Jan 07 02:25:00 
Jan 07 02:25:00 任务完成失败：{"code":-30001,"msg":"登陆失败"}
Jan 07 02:25:00 
Jan 07 02:25:00 🔔东东健康社区收集能量收集, 结束! 🕛 0.3 秒
Jan 07 02:25:00 
Jan 07 02:45:00 
Jan 07 02:45:00 🔔东东健康社区收集能量收集, 开始!
Jan 07 02:45:00 
Jan 07 02:45:00 ====================共1个京东账号Cookie=========
Jan 07 02:45:00 
Jan 07 02:45:00 ==================脚本执行- 北京时间(UTC+8)：2022/1/7 上午2:45:00=====================
Jan 07 02:45:00 
Jan 07 02:45:00 
Jan 07 02:45:00 ******开始【京东账号1】jd_GyKLGOwyLAnM*********
Jan 07 02:45:00 
Jan 07 02:45:00 任务完成失败：{"code":-30001,"msg":"登陆失败"}
Jan 07 02:45:00 
Jan 07 02:45:00 🔔东东健康社区收集能量收集, 结束! 🕛 0.3 秒
Jan 07 02:45:00 
Jan 07 03:05:00 
Jan 07 03:05:00 🔔东东健康社区收集能量收集, 开始!
Jan 07 03:05:00 
Jan 07 03:05:00 ====================共1个京东账号Cookie=========
Jan 07 03:05:00 
Jan 07 03:05:00 ==================脚本执行- 北京时间(UTC+8)：2022/1/7 上午3:05:00=====================
Jan 07 03:05:00 
Jan 07 03:05:00 
Jan 07 03:05:00 ******开始【京东账号1】jd_GyKLGOwyLAnM*********
Jan 07 03:05:00 
Jan 07 03:05:00 任务完成失败：{"code":-30001,"msg":"登陆失败"}
Jan 07 03:05:00 
Jan 07 03:05:00 🔔东东健康社区收集能量收集, 结束! 🕛 0.475 秒
Jan 07 03:05:00 
Jan 07 03:25:00 
Jan 07 03:25:00 🔔东东健康社区收集能量收集, 开始!
Jan 07 03:25:00 
Jan 07 03:25:00 ====================共1个京东账号Cookie=========
Jan 07 03:25:00 
Jan 07 03:25:00 ==================脚本执行- 北京时间(UTC+8)：2022/1/7 上午3:25:00=====================
Jan 07 03:25:00 
Jan 07 03:25:00 
Jan 07 03:25:00 ******开始【京东账号1】jd_GyKLGOwyLAnM*********
Jan 07 03:25:00 
Jan 07 03:25:00 任务完成失败：{"code":-30001,"msg":"登陆失败"}
Jan 07 03:25:00 
Jan 07 03:25:00 🔔东东健康社区收集能量收集, 结束! 🕛 0.289 秒
Jan 07 03:25:00 
Jan 07 03:45:00 
Jan 07 03:45:00 🔔东东健康社区收集能量收集, 开始!
Jan 07 03:45:00 
Jan 07 03:45:00 ====================共1个京东账号Cookie=========
Jan 07 03:45:00 
Jan 07 03:45:00 ==================脚本执行- 北京时间(UTC+8)：2022/1/7 上午3:45:00=====================
Jan 07 03:45:00 
Jan 07 03:45:00 
Jan 07 03:45:00 ******开始【京东账号1】jd_GyKLGOwyLAnM*********
Jan 07 03:45:00 
Jan 07 03:45:00 任务完成失败：{"code":-30001,"msg":"登陆失败"}
Jan 07 03:45:00 
Jan 07 03:45:00 🔔东东健康社区收集能量收集, 结束! 🕛 0.289 秒
Jan 07 03:45:00 
Jan 07 04:05:00 
Jan 07 04:05:00 🔔东东健康社区收集能量收集, 开始!
Jan 07 04:05:00 
Jan 07 04:05:00 ====================共1个京东账号Cookie=========
Jan 07 04:05:00 
Jan 07 04:05:00 ==================脚本执行- 北京时间(UTC+8)：2022/1/7 上午4:05:00=====================
Jan 07 04:05:00 
Jan 07 04:05:00 
Jan 07 04:05:00 ******开始【京东账号1】jd_GyKLGOwyLAnM*********
Jan 07 04:05:00 
Jan 07 04:05:00 任务完成失败：{"code":-30001,"msg":"登陆失败"}
Jan 07 04:05:00 
Jan 07 04:05:00 🔔东东健康社区收集能量收集, 结束! 🕛 0.503 秒
Jan 07 04:05:00 
Jan 07 04:25:00 
Jan 07 04:25:00 🔔东东健康社区收集能量收集, 开始!
Jan 07 04:25:00 
Jan 07 04:25:00 ====================共1个京东账号Cookie=========
Jan 07 04:25:00 
Jan 07 04:25:00 ==================脚本执行- 北京时间(UTC+8)：2022/1/7 上午4:25:00=====================
Jan 07 04:25:00 
Jan 07 04:25:00 
Jan 07 04:25:00 ******开始【京东账号1】jd_GyKLGOwyLAnM*********
Jan 07 04:25:00 
Jan 07 04:25:00 任务完成失败：{"code":-30001,"msg":"登陆失败"}
Jan 07 04:25:00 
Jan 07 04:25:00 🔔东东健康社区收集能量收集, 结束! 🕛 0.283 秒
Jan 07 04:25:00 
Jan 07 04:45:00 
Jan 07 04:45:00 🔔东东健康社区收集能量收集, 开始!
Jan 07 04:45:00 
Jan 07 04:45:00 ====================共1个京东账号Cookie=========
Jan 07 04:45:00 
Jan 07 04:45:00 ==================脚本执行- 北京时间(UTC+8)：2022/1/7 上午4:45:00=====================
Jan 07 04:45:00 
Jan 07 04:45:00 
Jan 07 04:45:00 ******开始【京东账号1】jd_GyKLGOwyLAnM*********
Jan 07 04:45:00 
Jan 07 04:45:00 任务完成失败：{"code":-30001,"msg":"登陆失败"}
Jan 07 04:45:00 
Jan 07 04:45:00 🔔东东健康社区收集能量收集, 结束! 🕛 0.289 秒
Jan 07 04:45:00 
Jan 07 05:05:00 
Jan 07 05:05:00 🔔东东健康社区收集能量收集, 开始!
Jan 07 05:05:00 
Jan 07 05:05:00 ====================共1个京东账号Cookie=========
Jan 07 05:05:00 
Jan 07 05:05:00 ==================脚本执行- 北京时间(UTC+8)：2022/1/7 上午5:05:00=====================
Jan 07 05:05:00 
Jan 07 05:05:00 
Jan 07 05:05:00 ******开始【京东账号1】jd_GyKLGOwyLAnM*********
Jan 07 05:05:00 
Jan 07 05:05:01 任务完成失败：{"code":-30001,"msg":"登陆失败"}
Jan 07 05:05:01 
Jan 07 05:05:01 🔔东东健康社区收集能量收集, 结束! 🕛 1.067 秒
Jan 07 05:05:01 
Jan 07 05:25:00 
Jan 07 05:25:00 🔔东东健康社区收集能量收集, 开始!
Jan 07 05:25:00 
Jan 07 05:25:00 ====================共1个京东账号Cookie=========
Jan 07 05:25:00 
Jan 07 05:25:00 ==================脚本执行- 北京时间(UTC+8)：2022/1/7 上午5:25:00=====================
Jan 07 05:25:00 
Jan 07 05:25:00 
Jan 07 05:25:00 ******开始【京东账号1】jd_GyKLGOwyLAnM*********
Jan 07 05:25:00 
Jan 07 05:25:00 任务完成失败：{"code":-30001,"msg":"登陆失败"}
Jan 07 05:25:00 
Jan 07 05:25:00 🔔东东健康社区收集能量收集, 结束! 🕛 0.319 秒
Jan 07 05:25:00 
Jan 07 05:45:00 
Jan 07 05:45:00 🔔东东健康社区收集能量收集, 开始!
Jan 07 05:45:00 
Jan 07 05:45:00 ====================共1个京东账号Cookie=========
Jan 07 05:45:00 
Jan 07 05:45:00 ==================脚本执行- 北京时间(UTC+8)：2022/1/7 上午5:45:00=====================
Jan 07 05:45:00 
Jan 07 05:45:00 
Jan 07 05:45:00 ******开始【京东账号1】jd_GyKLGOwyLAnM*********
Jan 07 05:45:00 
Jan 07 05:45:00 任务完成失败：{"code":-30001,"msg":"登陆失败"}
Jan 07 05:45:00 
Jan 07 05:45:00 🔔东东健康社区收集能量收集, 结束! 🕛 0.304 秒
Jan 07 05:45:00 
Jan 07 06:05:00 
Jan 07 06:05:00 🔔东东健康社区收集能量收集, 开始!
Jan 07 06:05:00 
Jan 07 06:05:00 ====================共1个京东账号Cookie=========
Jan 07 06:05:00 
Jan 07 06:05:00 ==================脚本执行- 北京时间(UTC+8)：2022/1/7 上午6:05:00=====================
Jan 07 06:05:00 
Jan 07 06:05:00 
Jan 07 06:05:00 ******开始【京东账号1】jd_GyKLGOwyLAnM*********
Jan 07 06:05:00 
Jan 07 06:05:01 任务完成失败：{"code":-30001,"msg":"登陆失败"}
Jan 07 06:05:01 
Jan 07 06:05:01 🔔东东健康社区收集能量收集, 结束! 🕛 1.248 秒
Jan 07 06:05:01 
Jan 07 06:25:00 
Jan 07 06:25:00 🔔东东健康社区收集能量收集, 开始!
Jan 07 06:25:00 
Jan 07 06:25:00 ====================共1个京东账号Cookie=========
Jan 07 06:25:00 
Jan 07 06:25:00 ==================脚本执行- 北京时间(UTC+8)：2022/1/7 上午6:25:00=====================
Jan 07 06:25:00 
Jan 07 06:25:00 
Jan 07 06:25:00 ******开始【京东账号1】jd_GyKLGOwyLAnM*********
Jan 07 06:25:00 
Jan 07 06:25:00 任务完成失败：{"code":-30001,"msg":"登陆失败"}
Jan 07 06:25:00 
Jan 07 06:25:00 🔔东东健康社区收集能量收集, 结束! 🕛 0.327 秒
Jan 07 06:25:00 
Jan 07 06:45:00 
Jan 07 06:45:00 🔔东东健康社区收集能量收集, 开始!
Jan 07 06:45:00 
Jan 07 06:45:00 ====================共1个京东账号Cookie=========
Jan 07 06:45:00 
Jan 07 06:45:01 ==================脚本执行- 北京时间(UTC+8)：2022/1/7 上午6:45:00=====================
Jan 07 06:45:01 
Jan 07 06:45:01 
Jan 07 06:45:01 ******开始【京东账号1】jd_GyKLGOwyLAnM*********
Jan 07 06:45:01 
Jan 07 06:45:02 任务完成失败：{"code":-30001,"msg":"登陆失败"}
Jan 07 06:45:02 
Jan 07 06:45:02 🔔东东健康社区收集能量收集, 结束! 🕛 1.183 秒
Jan 07 06:45:02 
Jan 07 07:05:00 
Jan 07 07:05:00 🔔东东健康社区收集能量收集, 开始!
Jan 07 07:05:00 
Jan 07 07:05:00 ====================共1个京东账号Cookie=========
Jan 07 07:05:00 
Jan 07 07:05:01 ==================脚本执行- 北京时间(UTC+8)：2022/1/7 上午7:05:00=====================
Jan 07 07:05:01 
Jan 07 07:05:01 
Jan 07 07:05:01 ******开始【京东账号1】jd_GyKLGOwyLAnM*********
Jan 07 07:05:01 
Jan 07 07:05:02 任务完成失败：{"code":-30001,"msg":"登陆失败"}
Jan 07 07:05:02 
Jan 07 07:05:02 🔔东东健康社区收集能量收集, 结束! 🕛 1.345 秒
Jan 07 07:05:02 
Jan 07 07:25:00 
Jan 07 07:25:00 🔔东东健康社区收集能量收集, 开始!
Jan 07 07:25:00 
Jan 07 07:25:00 ====================共1个京东账号Cookie=========
Jan 07 07:25:00 
Jan 07 07:25:00 ==================脚本执行- 北京时间(UTC+8)：2022/1/7 上午7:25:00=====================
Jan 07 07:25:00 
Jan 07 07:25:00 
Jan 07 07:25:00 ******开始【京东账号1】jd_GyKLGOwyLAnM*********
Jan 07 07:25:00 
Jan 07 07:25:00 任务完成失败：{"code":-30001,"msg":"登陆失败"}
Jan 07 07:25:00 
Jan 07 07:25:00 🔔东东健康社区收集能量收集, 结束! 🕛 0.331 秒
Jan 07 07:25:00 
Jan 07 07:45:00 
Jan 07 07:45:00 🔔东东健康社区收集能量收集, 开始!
Jan 07 07:45:00 
Jan 07 07:45:00 ====================共1个京东账号Cookie=========
Jan 07 07:45:00 
Jan 07 07:45:00 ==================脚本执行- 北京时间(UTC+8)：2022/1/7 上午7:45:00=====================
Jan 07 07:45:00 
Jan 07 07:45:00 
Jan 07 07:45:00 ******开始【京东账号1】jd_GyKLGOwyLAnM*********
Jan 07 07:45:00 
Jan 07 07:45:01 任务完成失败：{"code":-30001,"msg":"登陆失败"}
Jan 07 07:45:01 
Jan 07 07:45:01 🔔东东健康社区收集能量收集, 结束! 🕛 0.414 秒
Jan 07 07:45:01 
Jan 07 08:05:01 
Jan 07 08:05:01 🔔东东健康社区收集能量收集, 开始!
Jan 07 08:05:01 
Jan 07 08:05:01 ====================共1个京东账号Cookie=========
Jan 07 08:05:01 
Jan 07 08:05:01 ==================脚本执行- 北京时间(UTC+8)：2022/1/7 上午8:05:01=====================
Jan 07 08:05:01 
Jan 07 08:05:01 
Jan 07 08:05:01 ******开始【京东账号1】jd_GyKLGOwyLAnM*********
Jan 07 08:05:01 
Jan 07 08:05:04 任务完成失败：{"code":-30001,"msg":"登陆失败"}
Jan 07 08:05:04 
Jan 07 08:05:04 🔔东东健康社区收集能量收集, 结束! 🕛 2.542 秒
Jan 07 08:05:04 
Jan 07 08:25:00 
Jan 07 08:25:00 🔔东东健康社区收集能量收集, 开始!
Jan 07 08:25:00 
Jan 07 08:25:00 ====================共1个京东账号Cookie=========
Jan 07 08:25:00 
Jan 07 08:25:00 ==================脚本执行- 北京时间(UTC+8)：2022/1/7 上午8:25:00=====================
Jan 07 08:25:00 
Jan 07 08:25:00 
Jan 07 08:25:00 ******开始【京东账号1】jd_GyKLGOwyLAnM*********
Jan 07 08:25:00 
Jan 07 08:25:01 任务完成失败：{"code":-30001,"msg":"登陆失败"}
Jan 07 08:25:01 
Jan 07 08:25:01 🔔东东健康社区收集能量收集, 结束! 🕛 0.443 秒
Jan 07 08:25:01 
Jan 07 08:45:00 
Jan 07 08:45:00 🔔东东健康社区收集能量收集, 开始!
Jan 07 08:45:00 
Jan 07 08:45:00 ====================共1个京东账号Cookie=========
Jan 07 08:45:00 
Jan 07 08:45:00 ==================脚本执行- 北京时间(UTC+8)：2022/1/7 上午8:45:00=====================
Jan 07 08:45:00 
Jan 07 08:45:00 
Jan 07 08:45:00 ******开始【京东账号1】jd_GyKLGOwyLAnM*********
Jan 07 08:45:00 
Jan 07 08:45:01 任务完成失败：{"code":-30001,"msg":"登陆失败"}
Jan 07 08:45:01 
Jan 07 08:45:01 🔔东东健康社区收集能量收集, 结束! 🕛 0.402 秒
Jan 07 08:45:01 
Jan 07 09:05:01 
Jan 07 09:05:01 🔔东东健康社区收集能量收集, 开始!
Jan 07 09:05:01 
Jan 07 09:05:01 ====================共1个京东账号Cookie=========
Jan 07 09:05:01 
Jan 07 09:05:01 ==================脚本执行- 北京时间(UTC+8)：2022/1/7 上午9:05:01=====================
Jan 07 09:05:01 
Jan 07 09:05:01 
Jan 07 09:05:01 ******开始【京东账号1】jd_GyKLGOwyLAnM*********
Jan 07 09:05:01 
Jan 07 09:05:02 任务完成失败：{"code":-30001,"msg":"登陆失败"}
Jan 07 09:05:02 
Jan 07 09:05:02 🔔东东健康社区收集能量收集, 结束! 🕛 1.531 秒
Jan 07 09:05:02 
Jan 07 09:25:00 
Jan 07 09:25:00 🔔东东健康社区收集能量收集, 开始!
Jan 07 09:25:00 
Jan 07 09:25:00 ====================共1个京东账号Cookie=========
Jan 07 09:25:00 
Jan 07 09:25:00 ==================脚本执行- 北京时间(UTC+8)：2022/1/7 上午9:25:00=====================
Jan 07 09:25:00 
Jan 07 09:25:00 
Jan 07 09:25:00 ******开始【京东账号1】jd_GyKLGOwyLAnM*********
Jan 07 09:25:00 
Jan 07 09:25:01 任务完成失败：{"code":-30001,"msg":"登陆失败"}
Jan 07 09:25:01 
Jan 07 09:25:01 🔔东东健康社区收集能量收集, 结束! 🕛 0.446 秒
Jan 07 09:25:01 
Jan 07 09:45:00 
Jan 07 09:45:00 🔔东东健康社区收集能量收集, 开始!
Jan 07 09:45:00 
Jan 07 09:45:00 ====================共1个京东账号Cookie=========
Jan 07 09:45:00 
Jan 07 09:45:00 ==================脚本执行- 北京时间(UTC+8)：2022/1/7 上午9:45:00=====================
Jan 07 09:45:00 
Jan 07 09:45:00 
Jan 07 09:45:00 ******开始【京东账号1】jd_GyKLGOwyLAnM*********
Jan 07 09:45:00 
Jan 07 09:45:01 任务完成失败：{"code":-30001,"msg":"登陆失败"}
Jan 07 09:45:01 
Jan 07 09:45:01 🔔东东健康社区收集能量收集, 结束! 🕛 0.395 秒
Jan 07 09:45:01 
Jan 07 10:05:01 
Jan 07 10:05:01 🔔东东健康社区收集能量收集, 开始!
Jan 07 10:05:01 
Jan 07 10:05:01 ====================共1个京东账号Cookie=========
Jan 07 10:05:01 
Jan 07 10:05:01 ==================脚本执行- 北京时间(UTC+8)：2022/1/7 上午10:05:01=====================
Jan 07 10:05:01 
Jan 07 10:05:01 
Jan 07 10:05:01 ******开始【京东账号1】jd_GyKLGOwyLAnM*********
Jan 07 10:05:01 
Jan 07 10:05:02 任务完成失败：{"code":-30001,"msg":"登陆失败"}
Jan 07 10:05:02 
Jan 07 10:05:02 🔔东东健康社区收集能量收集, 结束! 🕛 1.398 秒
Jan 07 10:05:02 
Jan 07 10:25:00 
Jan 07 10:25:00 🔔东东健康社区收集能量收集, 开始!
Jan 07 10:25:00 
Jan 07 10:25:00 ====================共1个京东账号Cookie=========
Jan 07 10:25:00 
Jan 07 10:25:00 ==================脚本执行- 北京时间(UTC+8)：2022/1/7 上午10:25:00=====================
Jan 07 10:25:00 
Jan 07 10:25:00 
Jan 07 10:25:00 ******开始【京东账号1】jd_GyKLGOwyLAnM*********
Jan 07 10:25:00 
Jan 07 10:25:01 任务完成失败：{"code":-30001,"msg":"登陆失败"}
Jan 07 10:25:01 
Jan 07 10:25:01 🔔东东健康社区收集能量收集, 结束! 🕛 0.4 秒
Jan 07 10:25:01 
Jan 07 10:45:00 
Jan 07 10:45:00 🔔东东健康社区收集能量收集, 开始!
Jan 07 10:45:00 
Jan 07 10:45:00 ====================共1个京东账号Cookie=========
Jan 07 10:45:00 
Jan 07 10:45:01 ==================脚本执行- 北京时间(UTC+8)：2022/1/7 上午10:45:00=====================
Jan 07 10:45:01 
Jan 07 10:45:01 
Jan 07 10:45:01 ******开始【京东账号1】jd_GyKLGOwyLAnM*********
Jan 07 10:45:01 
Jan 07 10:45:01 任务完成失败：{"code":-30001,"msg":"登陆失败"}
Jan 07 10:45:01 
Jan 07 10:45:01 🔔东东健康社区收集能量收集, 结束! 🕛 0.46 秒
Jan 07 10:45:01 
Jan 07 11:05:01 
Jan 07 11:05:01 🔔东东健康社区收集能量收集, 开始!
Jan 07 11:05:01 
Jan 07 11:05:01 ====================共1个京东账号Cookie=========
Jan 07 11:05:01 
Jan 07 11:05:01 ==================脚本执行- 北京时间(UTC+8)：2022/1/7 上午11:05:01=====================
Jan 07 11:05:01 
Jan 07 11:05:01 
Jan 07 11:05:01 ******开始【京东账号1】jd_GyKLGOwyLAnM*********
Jan 07 11:05:01 
Jan 07 11:05:02 任务完成失败：{"code":-30001,"msg":"登陆失败"}
Jan 07 11:05:02 
Jan 07 11:05:02 🔔东东健康社区收集能量收集, 结束! 🕛 1.47 秒
Jan 07 11:05:02 
Jan 07 11:25:00 
Jan 07 11:25:00 🔔东东健康社区收集能量收集, 开始!
Jan 07 11:25:00 
Jan 07 11:25:00 ====================共1个京东账号Cookie=========
Jan 07 11:25:00 
Jan 07 11:25:00 ==================脚本执行- 北京时间(UTC+8)：2022/1/7 上午11:25:00=====================
Jan 07 11:25:00 
Jan 07 11:25:00 
Jan 07 11:25:00 ******开始【京东账号1】jd_GyKLGOwyLAnM*********
Jan 07 11:25:00 
Jan 07 11:25:01 任务完成失败：{"code":-30001,"msg":"登陆失败"}
Jan 07 11:25:01 
Jan 07 11:25:01 🔔东东健康社区收集能量收集, 结束! 🕛 0.361 秒
Jan 07 11:25:01 
Jan 07 11:45:00 
Jan 07 11:45:00 🔔东东健康社区收集能量收集, 开始!
Jan 07 11:45:00 
Jan 07 11:45:00 ====================共1个京东账号Cookie=========
Jan 07 11:45:00 
Jan 07 11:45:01 ==================脚本执行- 北京时间(UTC+8)：2022/1/7 上午11:45:00=====================
Jan 07 11:45:01 
Jan 07 11:45:01 
Jan 07 11:45:01 ******开始【京东账号1】jd_GyKLGOwyLAnM*********
Jan 07 11:45:01 
Jan 07 11:45:01 任务完成失败：{"code":-30001,"msg":"登陆失败"}
Jan 07 11:45:01 
Jan 07 11:45:01 🔔东东健康社区收集能量收集, 结束! 🕛 0.389 秒
Jan 07 11:45:01 
Jan 07 12:05:01 
Jan 07 12:05:01 🔔东东健康社区收集能量收集, 开始!
Jan 07 12:05:01 
Jan 07 12:05:01 ====================共1个京东账号Cookie=========
Jan 07 12:05:01 
Jan 07 12:05:01 ==================脚本执行- 北京时间(UTC+8)：2022/1/7 下午12:05:01=====================
Jan 07 12:05:01 
Jan 07 12:05:01 
Jan 07 12:05:01 ******开始【京东账号1】jd_GyKLGOwyLAnM*********
Jan 07 12:05:01 
Jan 07 12:05:02 任务完成失败：{"code":-30001,"msg":"登陆失败"}
Jan 07 12:05:02 
Jan 07 12:05:02 🔔东东健康社区收集能量收集, 结束! 🕛 1.26 秒
Jan 07 12:05:02 
Jan 07 12:25:01 
Jan 07 12:25:01 🔔东东健康社区收集能量收集, 开始!
Jan 07 12:25:01 
Jan 07 12:25:01 ====================共1个京东账号Cookie=========
Jan 07 12:25:01 
Jan 07 12:25:01 ==================脚本执行- 北京时间(UTC+8)：2022/1/7 下午12:25:01=====================
Jan 07 12:25:01 
Jan 07 12:25:01 
Jan 07 12:25:01 ******开始【京东账号1】jd_GyKLGOwyLAnM*********
Jan 07 12:25:01 
Jan 07 12:25:01 任务完成失败：{"code":-30001,"msg":"登陆失败"}
Jan 07 12:25:01 
Jan 07 12:25:01 🔔东东健康社区收集能量收集, 结束! 🕛 0.372 秒
Jan 07 12:25:01 
Jan 07 12:45:01 
Jan 07 12:45:01 🔔东东健康社区收集能量收集, 开始!
Jan 07 12:45:01 
Jan 07 12:45:01 ====================共1个京东账号Cookie=========
Jan 07 12:45:01 
Jan 07 12:45:01 ==================脚本执行- 北京时间(UTC+8)：2022/1/7 下午12:45:01=====================
Jan 07 12:45:01 
Jan 07 12:45:01 
Jan 07 12:45:01 ******开始【京东账号1】jd_GyKLGOwyLAnM*********
Jan 07 12:45:01 
Jan 07 12:45:02 任务完成失败：{"code":-30001,"msg":"登陆失败"}
Jan 07 12:45:02 
Jan 07 12:45:02 🔔东东健康社区收集能量收集, 结束! 🕛 1.067 秒
Jan 07 12:45:02 
Jan 07 13:05:01 
Jan 07 13:05:01 🔔东东健康社区收集能量收集, 开始!
Jan 07 13:05:01 
Jan 07 13:05:01 ====================共1个京东账号Cookie=========
Jan 07 13:05:01 
Jan 07 13:05:01 ==================脚本执行- 北京时间(UTC+8)：2022/1/7 下午1:05:01=====================
Jan 07 13:05:01 
Jan 07 13:05:01 
Jan 07 13:05:01 ******开始【京东账号1】jd_GyKLGOwyLAnM*********
Jan 07 13:05:01 
Jan 07 13:05:02 任务完成失败：{"code":-30001,"msg":"登陆失败"}
Jan 07 13:05:02 
Jan 07 13:05:02 🔔东东健康社区收集能量收集, 结束! 🕛 1.114 秒
Jan 07 13:05:02 
Jan 07 13:25:01 
Jan 07 13:25:01 🔔东东健康社区收集能量收集, 开始!
Jan 07 13:25:01 
Jan 07 13:25:01 ====================共1个京东账号Cookie=========
Jan 07 13:25:01 
Jan 07 13:25:01 ==================脚本执行- 北京时间(UTC+8)：2022/1/7 下午1:25:01=====================
Jan 07 13:25:01 
Jan 07 13:25:01 
Jan 07 13:25:01 ******开始【京东账号1】jd_GyKLGOwyLAnM*********
Jan 07 13:25:01 
Jan 07 13:25:01 任务完成失败：{"code":-30001,"msg":"登陆失败"}
Jan 07 13:25:01 
Jan 07 13:25:01 🔔东东健康社区收集能量收集, 结束! 🕛 0.331 秒
Jan 07 13:25:01 
Jan 07 13:45:01 
Jan 07 13:45:01 🔔东东健康社区收集能量收集, 开始!
Jan 07 13:45:01 
Jan 07 13:45:01 ====================共1个京东账号Cookie=========
Jan 07 13:45:01 
Jan 07 13:45:01 ==================脚本执行- 北京时间(UTC+8)：2022/1/7 下午1:45:01=====================
Jan 07 13:45:01 
Jan 07 13:45:01 
Jan 07 13:45:01 ******开始【京东账号1】jd_GyKLGOwyLAnM*********
Jan 07 13:45:01 
Jan 07 13:45:01 任务完成失败：{"code":-30001,"msg":"登陆失败"}
Jan 07 13:45:01 
Jan 07 13:45:01 🔔东东健康社区收集能量收集, 结束! 🕛 0.313 秒
Jan 07 13:45:01 
Jan 07 14:05:01 
Jan 07 14:05:01 🔔东东健康社区收集能量收集, 开始!
Jan 07 14:05:01 
Jan 07 14:05:01 ====================共1个京东账号Cookie=========
Jan 07 14:05:01 
Jan 07 14:05:01 ==================脚本执行- 北京时间(UTC+8)：2022/1/7 下午2:05:01=====================
Jan 07 14:05:01 
Jan 07 14:05:01 
Jan 07 14:05:01 ******开始【京东账号1】jd_GyKLGOwyLAnM*********
Jan 07 14:05:01 
Jan 07 14:05:02 任务完成失败：{"code":-30001,"msg":"登陆失败"}
Jan 07 14:05:02 
Jan 07 14:05:02 🔔东东健康社区收集能量收集, 结束! 🕛 1.158 秒
Jan 07 14:05:02 
Jan 07 14:25:01 
Jan 07 14:25:01 🔔东东健康社区收集能量收集, 开始!
Jan 07 14:25:01 
Jan 07 14:25:01 ====================共1个京东账号Cookie=========
Jan 07 14:25:01 
Jan 07 14:25:01 ==================脚本执行- 北京时间(UTC+8)：2022/1/7 下午2:25:01=====================
Jan 07 14:25:01 
Jan 07 14:25:01 
Jan 07 14:25:01 ******开始【京东账号1】jd_GyKLGOwyLAnM*********
Jan 07 14:25:01 
Jan 07 14:25:01 任务完成失败：{"code":-30001,"msg":"登陆失败"}
Jan 07 14:25:01 
Jan 07 14:25:01 🔔东东健康社区收集能量收集, 结束! 🕛 0.315 秒
Jan 07 14:25:01 
Jan 07 14:45:00 
Jan 07 14:45:00 🔔东东健康社区收集能量收集, 开始!
Jan 07 14:45:00 
Jan 07 14:45:00 ====================共1个京东账号Cookie=========
Jan 07 14:45:00 
Jan 07 14:45:00 ==================脚本执行- 北京时间(UTC+8)：2022/1/7 下午2:45:00=====================
Jan 07 14:45:00 
Jan 07 14:45:00 
Jan 07 14:45:00 ******开始【京东账号1】jd_GyKLGOwyLAnM*********
Jan 07 14:45:00 
Jan 07 14:45:00 任务完成失败：{"code":-30001,"msg":"登陆失败"}
Jan 07 14:45:00 
Jan 07 14:45:00 🔔东东健康社区收集能量收集, 结束! 🕛 0.306 秒
Jan 07 14:45:00 
Jan 07 15:05:00 
Jan 07 15:05:00 🔔东东健康社区收集能量收集, 开始!
Jan 07 15:05:00 
Jan 07 15:05:00 ====================共1个京东账号Cookie=========
Jan 07 15:05:00 
Jan 07 15:05:00 ==================脚本执行- 北京时间(UTC+8)：2022/1/7 下午3:05:00=====================
Jan 07 15:05:00 
Jan 07 15:05:00 
Jan 07 15:05:00 ******开始【京东账号1】jd_GyKLGOwyLAnM*********
Jan 07 15:05:00 
Jan 07 15:05:00 任务完成失败：{"code":-30001,"msg":"登陆失败"}
Jan 07 15:05:00 
Jan 07 15:05:00 🔔东东健康社区收集能量收集, 结束! 🕛 0.785 秒
Jan 07 15:05:00 
Jan 07 15:25:00 
Jan 07 15:25:00 🔔东东健康社区收集能量收集, 开始!
Jan 07 15:25:00 
Jan 07 15:25:00 ====================共1个京东账号Cookie=========
Jan 07 15:25:00 
Jan 07 15:25:00 ==================脚本执行- 北京时间(UTC+8)：2022/1/7 下午3:25:00=====================
Jan 07 15:25:00 
Jan 07 15:25:00 
Jan 07 15:25:00 ******开始【京东账号1】jd_GyKLGOwyLAnM*********
Jan 07 15:25:00 
Jan 07 15:25:00 任务完成失败：{"code":-30001,"msg":"登陆失败"}
Jan 07 15:25:00 
Jan 07 15:25:00 🔔东东健康社区收集能量收集, 结束! 🕛 0.343 秒
Jan 07 15:25:00 
Jan 07 15:45:00 
Jan 07 15:45:00 🔔东东健康社区收集能量收集, 开始!
Jan 07 15:45:00 
Jan 07 15:45:00 ====================共1个京东账号Cookie=========
Jan 07 15:45:00 
Jan 07 15:45:00 ==================脚本执行- 北京时间(UTC+8)：2022/1/7 下午3:45:00=====================
Jan 07 15:45:00 
Jan 07 15:45:00 
Jan 07 15:45:00 ******开始【京东账号1】jd_GyKLGOwyLAnM*********
Jan 07 15:45:00 
Jan 07 15:45:00 任务完成失败：{"code":-30001,"msg":"登陆失败"}
Jan 07 15:45:00 
Jan 07 15:45:00 🔔东东健康社区收集能量收集, 结束! 🕛 0.302 秒
Jan 07 15:45:00 
Jan 07 16:05:00 
Jan 07 16:05:00 🔔东东健康社区收集能量收集, 开始!
Jan 07 16:05:00 
Jan 07 16:05:00 ====================共1个京东账号Cookie=========
Jan 07 16:05:00 
Jan 07 16:05:00 ==================脚本执行- 北京时间(UTC+8)：2022/1/7 下午4:05:00=====================
Jan 07 16:05:00 
Jan 07 16:05:00 
Jan 07 16:05:00 ******开始【京东账号1】jd_GyKLGOwyLAnM*********
Jan 07 16:05:00 
Jan 07 16:05:01 任务完成失败：{"code":-30001,"msg":"登陆失败"}
Jan 07 16:05:01 
Jan 07 16:05:01 🔔东东健康社区收集能量收集, 结束! 🕛 1.005 秒
Jan 07 16:05:01 
Jan 07 16:25:00 
Jan 07 16:25:00 🔔东东健康社区收集能量收集, 开始!
Jan 07 16:25:00 
Jan 07 16:25:00 ====================共1个京东账号Cookie=========
Jan 07 16:25:00 
Jan 07 16:25:00 ==================脚本执行- 北京时间(UTC+8)：2022/1/7 下午4:25:00=====================
Jan 07 16:25:00 
Jan 07 16:25:00 
Jan 07 16:25:00 ******开始【京东账号1】jd_GyKLGOwyLAnM*********
Jan 07 16:25:00 
Jan 07 16:25:00 任务完成失败：{"code":-30001,"msg":"登陆失败"}
Jan 07 16:25:00 
Jan 07 16:25:00 🔔东东健康社区收集能量收集, 结束! 🕛 0.298 秒
Jan 07 16:25:00 
Jan 07 16:45:00 
Jan 07 16:45:00 🔔东东健康社区收集能量收集, 开始!
Jan 07 16:45:00 
Jan 07 16:45:00 ====================共1个京东账号Cookie=========
Jan 07 16:45:00 
Jan 07 16:45:00 ==================脚本执行- 北京时间(UTC+8)：2022/1/7 下午4:45:00=====================
Jan 07 16:45:00 
Jan 07 16:45:00 
Jan 07 16:45:00 ******开始【京东账号1】jd_GyKLGOwyLAnM*********
Jan 07 16:45:00 
Jan 07 16:45:00 任务完成失败：{"code":-30001,"msg":"登陆失败"}
Jan 07 16:45:00 
Jan 07 16:45:00 🔔东东健康社区收集能量收集, 结束! 🕛 0.307 秒
Jan 07 16:45:00 
Jan 07 17:05:00 
Jan 07 17:05:00 🔔东东健康社区收集能量收集, 开始!
Jan 07 17:05:00 
Jan 07 17:05:00 ====================共1个京东账号Cookie=========
Jan 07 17:05:00 
Jan 07 17:05:00 ==================脚本执行- 北京时间(UTC+8)：2022/1/7 下午5:05:00=====================
Jan 07 17:05:00 
Jan 07 17:05:00 
Jan 07 17:05:00 ******开始【京东账号1】jd_GyKLGOwyLAnM*********
Jan 07 17:05:00 
Jan 07 17:05:01 任务完成失败：{"code":-30001,"msg":"登陆失败"}
Jan 07 17:05:01 
Jan 07 17:05:01 🔔东东健康社区收集能量收集, 结束! 🕛 0.872 秒
Jan 07 17:05:01 
Jan 07 17:25:00 
Jan 07 17:25:00 🔔东东健康社区收集能量收集, 开始!
Jan 07 17:25:00 
Jan 07 17:25:00 ====================共1个京东账号Cookie=========
Jan 07 17:25:00 
Jan 07 17:25:00 ==================脚本执行- 北京时间(UTC+8)：2022/1/7 下午5:25:00=====================
Jan 07 17:25:00 
Jan 07 17:25:00 
Jan 07 17:25:00 ******开始【京东账号1】jd_GyKLGOwyLAnM*********
Jan 07 17:25:00 
Jan 07 17:25:00 任务完成失败：{"code":-30001,"msg":"登陆失败"}
Jan 07 17:25:00 
Jan 07 17:25:00 🔔东东健康社区收集能量收集, 结束! 🕛 0.32 秒
Jan 07 17:25:00 
Jan 07 17:45:00 
Jan 07 17:45:00 🔔东东健康社区收集能量收集, 开始!
Jan 07 17:45:00 
Jan 07 17:45:00 ====================共1个京东账号Cookie=========
Jan 07 17:45:00 
Jan 07 17:45:00 ==================脚本执行- 北京时间(UTC+8)：2022/1/7 下午5:45:00=====================
Jan 07 17:45:00 
Jan 07 17:45:00 
Jan 07 17:45:00 ******开始【京东账号1】jd_GyKLGOwyLAnM*********
Jan 07 17:45:00 
Jan 07 17:45:00 任务完成失败：{"code":-30001,"msg":"登陆失败"}
Jan 07 17:45:00 
Jan 07 17:45:00 🔔东东健康社区收集能量收集, 结束! 🕛 0.316 秒
Jan 07 17:45:00 
Jan 07 18:05:00 
Jan 07 18:05:00 🔔东东健康社区收集能量收集, 开始!
Jan 07 18:05:00 
Jan 07 18:05:00 ====================共1个京东账号Cookie=========
Jan 07 18:05:00 
Jan 07 18:05:00 ==================脚本执行- 北京时间(UTC+8)：2022/1/7 下午6:05:00=====================
Jan 07 18:05:00 
Jan 07 18:05:00 
Jan 07 18:05:00 ******开始【京东账号1】jd_GyKLGOwyLAnM*********
Jan 07 18:05:00 
Jan 07 18:05:01 任务完成失败：{"code":-30001,"msg":"登陆失败"}
Jan 07 18:05:01 
Jan 07 18:05:01 🔔东东健康社区收集能量收集, 结束! 🕛 1.217 秒
Jan 07 18:05:01 
Jan 07 18:25:00 
Jan 07 18:25:00 🔔东东健康社区收集能量收集, 开始!
Jan 07 18:25:00 
Jan 07 18:25:00 ====================共1个京东账号Cookie=========
Jan 07 18:25:00 
Jan 07 18:25:00 ==================脚本执行- 北京时间(UTC+8)：2022/1/7 下午6:25:00=====================
Jan 07 18:25:00 
Jan 07 18:25:00 
Jan 07 18:25:00 ******开始【京东账号1】jd_GyKLGOwyLAnM*********
Jan 07 18:25:00 
Jan 07 18:25:00 任务完成失败：{"code":-30001,"msg":"登陆失败"}
Jan 07 18:25:00 
Jan 07 18:25:00 🔔东东健康社区收集能量收集, 结束! 🕛 0.364 秒
Jan 07 18:25:00 
Jan 07 18:45:00 
Jan 07 18:45:00 🔔东东健康社区收集能量收集, 开始!
Jan 07 18:45:00 
Jan 07 18:45:00 ====================共1个京东账号Cookie=========
Jan 07 18:45:00 
Jan 07 18:45:00 ==================脚本执行- 北京时间(UTC+8)：2022/1/7 下午6:45:00=====================
Jan 07 18:45:00 
Jan 07 18:45:00 
Jan 07 18:45:00 ******开始【京东账号1】jd_GyKLGOwyLAnM*********
Jan 07 18:45:00 
Jan 07 18:45:01 任务完成失败：{"code":-30001,"msg":"登陆失败"}
Jan 07 18:45:01 
Jan 07 18:45:01 🔔东东健康社区收集能量收集, 结束! 🕛 1.144 秒
Jan 07 18:45:01 
Jan 07 19:05:00 
Jan 07 19:05:00 🔔东东健康社区收集能量收集, 开始!
Jan 07 19:05:00 
Jan 07 19:05:00 ====================共1个京东账号Cookie=========
Jan 07 19:05:00 
Jan 07 19:05:00 ==================脚本执行- 北京时间(UTC+8)：2022/1/7 下午7:05:00=====================
Jan 07 19:05:00 
Jan 07 19:05:00 
Jan 07 19:05:00 ******开始【京东账号1】jd_GyKLGOwyLAnM*********
Jan 07 19:05:00 
Jan 07 19:05:02 任务完成失败：{"code":-30001,"msg":"登陆失败"}
Jan 07 19:05:02 
Jan 07 19:05:02 🔔东东健康社区收集能量收集, 结束! 🕛 1.525 秒
Jan 07 19:05:02 
Jan 07 19:25:00 
Jan 07 19:25:00 🔔东东健康社区收集能量收集, 开始!
Jan 07 19:25:00 
Jan 07 19:25:00 ====================共1个京东账号Cookie=========
Jan 07 19:25:00 
Jan 07 19:25:00 ==================脚本执行- 北京时间(UTC+8)：2022/1/7 下午7:25:00=====================
Jan 07 19:25:00 
Jan 07 19:25:00 
Jan 07 19:25:00 ******开始【京东账号1】jd_GyKLGOwyLAnM*********
Jan 07 19:25:00 
Jan 07 19:25:00 任务完成失败：{"code":-30001,"msg":"登陆失败"}
Jan 07 19:25:00 
Jan 07 19:25:00 🔔东东健康社区收集能量收集, 结束! 🕛 0.546 秒
Jan 07 19:25:00 
Jan 07 19:45:00 
Jan 07 19:45:00 🔔东东健康社区收集能量收集, 开始!
Jan 07 19:45:00 
Jan 07 19:45:00 ====================共1个京东账号Cookie=========
Jan 07 19:45:00 
Jan 07 19:45:00 ==================脚本执行- 北京时间(UTC+8)：2022/1/7 下午7:45:00=====================
Jan 07 19:45:00 
Jan 07 19:45:00 
Jan 07 19:45:00 ******开始【京东账号1】jd_GyKLGOwyLAnM*********
Jan 07 19:45:00 
Jan 07 19:45:00 任务完成失败：{"code":-30001,"msg":"登陆失败"}
Jan 07 19:45:00 
Jan 07 19:45:00 🔔东东健康社区收集能量收集, 结束! 🕛 0.537 秒
Jan 07 19:45:00 
Jan 07 20:05:00 
Jan 07 20:05:00 🔔东东健康社区收集能量收集, 开始!
Jan 07 20:05:00 
Jan 07 20:05:00 ====================共1个京东账号Cookie=========
Jan 07 20:05:00 
Jan 07 20:05:00 ==================脚本执行- 北京时间(UTC+8)：2022/1/7 下午8:05:00=====================
Jan 07 20:05:00 
Jan 07 20:05:00 
Jan 07 20:05:00 ******开始【京东账号1】jd_GyKLGOwyLAnM*********
Jan 07 20:05:00 
Jan 07 20:05:02 任务完成失败：{"code":-30001,"msg":"登陆失败"}
Jan 07 20:05:02 
Jan 07 20:05:02 🔔东东健康社区收集能量收集, 结束! 🕛 1.482 秒
Jan 07 20:05:02 
Jan 07 20:25:00 
Jan 07 20:25:00 🔔东东健康社区收集能量收集, 开始!
Jan 07 20:25:00 
Jan 07 20:25:00 ====================共1个京东账号Cookie=========
Jan 07 20:25:00 
Jan 07 20:25:00 ==================脚本执行- 北京时间(UTC+8)：2022/1/7 下午8:25:00=====================
Jan 07 20:25:00 
Jan 07 20:25:00 
Jan 07 20:25:00 ******开始【京东账号1】jd_GyKLGOwyLAnM*********
Jan 07 20:25:00 
Jan 07 20:25:00 任务完成失败：{"code":-30001,"msg":"登陆失败"}
Jan 07 20:25:00 
Jan 07 20:25:00 🔔东东健康社区收集能量收集, 结束! 🕛 0.44 秒
Jan 07 20:25:00 
Jan 07 20:45:00 
Jan 07 20:45:00 🔔东东健康社区收集能量收集, 开始!
Jan 07 20:45:00 
Jan 07 20:45:00 ====================共1个京东账号Cookie=========
Jan 07 20:45:00 
Jan 07 20:45:00 ==================脚本执行- 北京时间(UTC+8)：2022/1/7 下午8:45:00=====================
Jan 07 20:45:00 
Jan 07 20:45:00 
Jan 07 20:45:00 ******开始【京东账号1】jd_GyKLGOwyLAnM*********
Jan 07 20:45:00 
Jan 07 20:45:01 任务完成失败：{"code":-30001,"msg":"登陆失败"}
Jan 07 20:45:01 
Jan 07 20:45:01 🔔东东健康社区收集能量收集, 结束! 🕛 0.476 秒
Jan 07 20:45:01 
Jan 07 21:05:01 
Jan 07 21:05:01 🔔东东健康社区收集能量收集, 开始!
Jan 07 21:05:01 
Jan 07 21:05:01 ====================共1个京东账号Cookie=========
Jan 07 21:05:01 
Jan 07 21:05:01 ==================脚本执行- 北京时间(UTC+8)：2022/1/7 下午9:05:01=====================
Jan 07 21:05:01 
Jan 07 21:05:01 
Jan 07 21:05:01 ******开始【京东账号1】jd_GyKLGOwyLAnM*********
Jan 07 21:05:01 
Jan 07 21:05:02 任务完成失败：{"code":-30001,"msg":"登陆失败"}
Jan 07 21:05:02 
Jan 07 21:05:02 🔔东东健康社区收集能量收集, 结束! 🕛 1.47 秒
Jan 07 21:05:02 
Jan 07 21:25:00 
Jan 07 21:25:00 🔔东东健康社区收集能量收集, 开始!
Jan 07 21:25:00 
Jan 07 21:25:00 ====================共1个京东账号Cookie=========
Jan 07 21:25:00 
Jan 07 21:25:00 ==================脚本执行- 北京时间(UTC+8)：2022/1/7 下午9:25:00=====================
Jan 07 21:25:00 
Jan 07 21:25:00 
Jan 07 21:25:00 ******开始【京东账号1】jd_GyKLGOwyLAnM*********
Jan 07 21:25:00 
Jan 07 21:25:01 任务完成失败：{"code":-30001,"msg":"登陆失败"}
Jan 07 21:25:01 
Jan 07 21:25:01 🔔东东健康社区收集能量收集, 结束! 🕛 0.473 秒
Jan 07 21:25:01 
Jan 07 21:45:00 
Jan 07 21:45:00 🔔东东健康社区收集能量收集, 开始!
Jan 07 21:45:00 
Jan 07 21:45:00 ====================共1个京东账号Cookie=========
Jan 07 21:45:00 
Jan 07 21:45:00 ==================脚本执行- 北京时间(UTC+8)：2022/1/7 下午9:45:00=====================
Jan 07 21:45:00 
Jan 07 21:45:00 
Jan 07 21:45:00 ******开始【京东账号1】jd_GyKLGOwyLAnM*********
Jan 07 21:45:00 
Jan 07 21:45:01 任务完成失败：{"code":-30001,"msg":"登陆失败"}
Jan 07 21:45:01 
Jan 07 21:45:01 🔔东东健康社区收集能量收集, 结束! 🕛 0.48 秒
Jan 07 21:45:01 
Jan 07 22:05:01 
Jan 07 22:05:01 🔔东东健康社区收集能量收集, 开始!
Jan 07 22:05:01 
Jan 07 22:05:01 ====================共1个京东账号Cookie=========
Jan 07 22:05:01 
Jan 07 22:05:01 ==================脚本执行- 北京时间(UTC+8)：2022/1/7 下午10:05:01=====================
Jan 07 22:05:01 
Jan 07 22:05:01 
Jan 07 22:05:01 ******开始【京东账号1】jd_GyKLGOwyLAnM*********
Jan 07 22:05:01 
Jan 07 22:05:02 任务完成失败：{"code":-30001,"msg":"登陆失败"}
Jan 07 22:05:02 
Jan 07 22:05:02 🔔东东健康社区收集能量收集, 结束! 🕛 1.444 秒
Jan 07 22:05:02 
Jan 07 22:25:00 
Jan 07 22:25:00 🔔东东健康社区收集能量收集, 开始!
Jan 07 22:25:00 
Jan 07 22:25:00 ====================共1个京东账号Cookie=========
Jan 07 22:25:00 
Jan 07 22:25:00 ==================脚本执行- 北京时间(UTC+8)：2022/1/7 下午10:25:00=====================
Jan 07 22:25:00 
Jan 07 22:25:00 
Jan 07 22:25:00 ******开始【京东账号1】jd_GyKLGOwyLAnM*********
Jan 07 22:25:00 
Jan 07 22:25:01 任务完成失败：{"code":-30001,"msg":"登陆失败"}
Jan 07 22:25:01 
Jan 07 22:25:01 🔔东东健康社区收集能量收集, 结束! 🕛 0.494 秒
Jan 07 22:25:01 
Jan 07 22:45:00 
Jan 07 22:45:00 🔔东东健康社区收集能量收集, 开始!
Jan 07 22:45:00 
Jan 07 22:45:00 ====================共1个京东账号Cookie=========
Jan 07 22:45:00 
Jan 07 22:45:00 ==================脚本执行- 北京时间(UTC+8)：2022/1/7 下午10:45:00=====================
Jan 07 22:45:00 
Jan 07 22:45:00 
Jan 07 22:45:00 ******开始【京东账号1】jd_GyKLGOwyLAnM*********
Jan 07 22:45:00 
Jan 07 22:45:01 任务完成失败：{"code":-30001,"msg":"登陆失败"}
Jan 07 22:45:01 
Jan 07 22:45:01 🔔东东健康社区收集能量收集, 结束! 🕛 0.535 秒
Jan 07 22:45:01 
Jan 07 23:05:01 
Jan 07 23:05:01 🔔东东健康社区收集能量收集, 开始!
Jan 07 23:05:01 
Jan 07 23:05:01 ====================共1个京东账号Cookie=========
Jan 07 23:05:01 
Jan 07 23:05:01 ==================脚本执行- 北京时间(UTC+8)：2022/1/7 下午11:05:01=====================
Jan 07 23:05:01 
Jan 07 23:05:01 
Jan 07 23:05:01 ******开始【京东账号1】jd_GyKLGOwyLAnM*********
Jan 07 23:05:01 
Jan 07 23:05:02 任务完成失败：{"code":-30001,"msg":"登陆失败"}
Jan 07 23:05:02 
Jan 07 23:05:02 🔔东东健康社区收集能量收集, 结束! 🕛 1.565 秒
Jan 07 23:05:02 
Jan 07 23:25:00 
Jan 07 23:25:00 🔔东东健康社区收集能量收集, 开始!
Jan 07 23:25:00 
Jan 07 23:25:00 ====================共1个京东账号Cookie=========
Jan 07 23:25:00 
Jan 07 23:25:00 ==================脚本执行- 北京时间(UTC+8)：2022/1/7 下午11:25:00=====================
Jan 07 23:25:00 
Jan 07 23:25:00 
Jan 07 23:25:00 ******开始【京东账号1】jd_GyKLGOwyLAnM*********
Jan 07 23:25:00 
Jan 07 23:25:01 任务完成失败：{"code":-30001,"msg":"登陆失败"}
Jan 07 23:25:01 
Jan 07 23:25:01 🔔东东健康社区收集能量收集, 结束! 🕛 0.526 秒
Jan 07 23:25:01 
Jan 07 23:45:01 
Jan 07 23:45:01 🔔东东健康社区收集能量收集, 开始!
Jan 07 23:45:01 
Jan 07 23:45:01 ====================共1个京东账号Cookie=========
Jan 07 23:45:01 
Jan 07 23:45:01 ==================脚本执行- 北京时间(UTC+8)：2022/1/7 下午11:45:01=====================
Jan 07 23:45:01 
Jan 07 23:45:01 
Jan 07 23:45:01 ******开始【京东账号1】jd_GyKLGOwyLAnM*********
Jan 07 23:45:01 
Jan 07 23:45:02 任务完成失败：{"code":-30001,"msg":"登陆失败"}
Jan 07 23:45:02 
Jan 07 23:45:02 🔔东东健康社区收集能量收集, 结束! 🕛 1.254 秒
Jan 07 23:45:02 
Jan 08 00:05:01 
Jan 08 00:05:01 🔔东东健康社区收集能量收集, 开始!
Jan 08 00:05:01 
Jan 08 00:05:01 ====================共1个京东账号Cookie=========
Jan 08 00:05:01 
Jan 08 00:05:02 ==================脚本执行- 北京时间(UTC+8)：2022/1/8 上午12:05:01=====================
Jan 08 00:05:02 
Jan 08 00:05:02 
Jan 08 00:05:02 ******开始【京东账号1】jd_GyKLGOwyLAnM*********
Jan 08 00:05:02 
Jan 08 00:05:03 任务完成失败：{"code":-30001,"msg":"登陆失败"}
Jan 08 00:05:03 
Jan 08 00:05:03 🔔东东健康社区收集能量收集, 结束! 🕛 2.175 秒
Jan 08 00:05:03 
Jan 08 00:25:00 
Jan 08 00:25:00 🔔东东健康社区收集能量收集, 开始!
Jan 08 00:25:00 
Jan 08 00:25:00 ====================共1个京东账号Cookie=========
Jan 08 00:25:00 
Jan 08 00:25:00 ==================脚本执行- 北京时间(UTC+8)：2022/1/8 上午12:25:00=====================
Jan 08 00:25:00 
Jan 08 00:25:00 
Jan 08 00:25:00 ******开始【京东账号1】jd_GyKLGOwyLAnM*********
Jan 08 00:25:00 
Jan 08 00:25:01 任务完成失败：{"code":-30001,"msg":"登陆失败"}
Jan 08 00:25:01 
Jan 08 00:25:01 🔔东东健康社区收集能量收集, 结束! 🕛 0.485 秒
Jan 08 00:25:01 
Jan 08 00:45:01 
Jan 08 00:45:01 🔔东东健康社区收集能量收集, 开始!
Jan 08 00:45:01 
Jan 08 00:45:01 ====================共1个京东账号Cookie=========
Jan 08 00:45:01 
Jan 08 00:45:02 ==================脚本执行- 北京时间(UTC+8)：2022/1/8 上午12:45:01=====================
Jan 08 00:45:02 
Jan 08 00:45:02 
Jan 08 00:45:02 ******开始【京东账号1】jd_GyKLGOwyLAnM*********
Jan 08 00:45:02 
Jan 08 00:45:03 任务完成失败：{"code":-30001,"msg":"登陆失败"}
Jan 08 00:45:03 
Jan 08 00:45:03 🔔东东健康社区收集能量收集, 结束! 🕛 2.049 秒
Jan 08 00:45:03 
Jan 08 01:05:02 
Jan 08 01:05:02 🔔东东健康社区收集能量收集, 开始!
Jan 08 01:05:02 
Jan 08 01:05:02 ====================共1个京东账号Cookie=========
Jan 08 01:05:02 
Jan 08 01:05:02 ==================脚本执行- 北京时间(UTC+8)：2022/1/8 上午1:05:02=====================
Jan 08 01:05:02 
Jan 08 01:05:02 
Jan 08 01:05:02 ******开始【京东账号1】jd_GyKLGOwyLAnM*********
Jan 08 01:05:02 
Jan 08 01:05:04 任务完成失败：{"code":-30001,"msg":"登陆失败"}
Jan 08 01:05:04 
Jan 08 01:05:04 🔔东东健康社区收集能量收集, 结束! 🕛 2.941 秒
Jan 08 01:05:04 
Jan 08 01:25:01 
Jan 08 01:25:01 🔔东东健康社区收集能量收集, 开始!
Jan 08 01:25:01 
Jan 08 01:25:01 ====================共1个京东账号Cookie=========
Jan 08 01:25:01 
Jan 08 01:25:01 ==================脚本执行- 北京时间(UTC+8)：2022/1/8 上午1:25:01=====================
Jan 08 01:25:01 
Jan 08 01:25:01 
Jan 08 01:25:01 ******开始【京东账号1】jd_GyKLGOwyLAnM*********
Jan 08 01:25:01 
Jan 08 01:25:01 任务完成失败：{"code":-30001,"msg":"登陆失败"}
Jan 08 01:25:01 
Jan 08 01:25:01 🔔东东健康社区收集能量收集, 结束! 🕛 0.501 秒
Jan 08 01:25:01 
Jan 08 01:45:01 
Jan 08 01:45:01 🔔东东健康社区收集能量收集, 开始!
Jan 08 01:45:01 
Jan 08 01:45:01 ====================共1个京东账号Cookie=========
Jan 08 01:45:01 
Jan 08 01:45:01 ==================脚本执行- 北京时间(UTC+8)：2022/1/8 上午1:45:01=====================
Jan 08 01:45:01 
Jan 08 01:45:01 
Jan 08 01:45:01 ******开始【京东账号1】jd_GyKLGOwyLAnM*********
Jan 08 01:45:01 
Jan 08 01:45:01 任务完成失败：{"code":-30001,"msg":"登陆失败"}
Jan 08 01:45:01 
Jan 08 01:45:01 🔔东东健康社区收集能量收集, 结束! 🕛 0.516 秒
Jan 08 01:45:01 
Jan 08 02:05:01 
Jan 08 02:05:01 🔔东东健康社区收集能量收集, 开始!
Jan 08 02:05:01 
Jan 08 02:05:01 ====================共1个京东账号Cookie=========
Jan 08 02:05:01 
Jan 08 02:05:01 ==================脚本执行- 北京时间(UTC+8)：2022/1/8 上午2:05:01=====================
Jan 08 02:05:01 
Jan 08 02:05:01 
Jan 08 02:05:01 ******开始【京东账号1】jd_GyKLGOwyLAnM*********
Jan 08 02:05:01 
Jan 08 02:05:02 任务完成失败：{"code":-30001,"msg":"登陆失败"}
Jan 08 02:05:02 
Jan 08 02:05:02 🔔东东健康社区收集能量收集, 结束! 🕛 1.449 秒
Jan 08 02:05:02 
Jan 08 02:25:01 
Jan 08 02:25:01 🔔东东健康社区收集能量收集, 开始!
Jan 08 02:25:01 
Jan 08 02:25:01 ====================共1个京东账号Cookie=========
Jan 08 02:25:01 
Jan 08 02:25:01 ==================脚本执行- 北京时间(UTC+8)：2022/1/8 上午2:25:01=====================
Jan 08 02:25:01 
Jan 08 02:25:01 
Jan 08 02:25:01 ******开始【京东账号1】jd_GyKLGOwyLAnM*********
Jan 08 02:25:01 
Jan 08 02:25:01 任务完成失败：{"code":-30001,"msg":"登陆失败"}
Jan 08 02:25:01 
Jan 08 02:25:01 🔔东东健康社区收集能量收集, 结束! 🕛 0.481 秒
Jan 08 02:25:01 
Jan 08 02:45:01 
Jan 08 02:45:01 🔔东东健康社区收集能量收集, 开始!
Jan 08 02:45:01 
Jan 08 02:45:01 ====================共1个京东账号Cookie=========
Jan 08 02:45:01 
Jan 08 02:45:01 ==================脚本执行- 北京时间(UTC+8)：2022/1/8 上午2:45:01=====================
Jan 08 02:45:01 
Jan 08 02:45:01 
Jan 08 02:45:01 ******开始【京东账号1】jd_GyKLGOwyLAnM*********
Jan 08 02:45:01 
Jan 08 02:45:01 任务完成失败：{"code":-30001,"msg":"登陆失败"}
Jan 08 02:45:01 
Jan 08 02:45:01 🔔东东健康社区收集能量收集, 结束! 🕛 0.478 秒
Jan 08 02:45:01 
Jan 08 03:05:01 
Jan 08 03:05:01 🔔东东健康社区收集能量收集, 开始!
Jan 08 03:05:01 
Jan 08 03:05:01 ====================共1个京东账号Cookie=========
Jan 08 03:05:01 
Jan 08 03:05:01 ==================脚本执行- 北京时间(UTC+8)：2022/1/8 上午3:05:01=====================
Jan 08 03:05:01 
Jan 08 03:05:01 
Jan 08 03:05:01 ******开始【京东账号1】jd_GyKLGOwyLAnM*********
Jan 08 03:05:01 
Jan 08 03:05:02 任务完成失败：{"code":-30001,"msg":"登陆失败"}
Jan 08 03:05:02 
Jan 08 03:05:02 🔔东东健康社区收集能量收集, 结束! 🕛 1.284 秒
Jan 08 03:05:02 
Jan 08 03:25:01 
Jan 08 03:25:01 🔔东东健康社区收集能量收集, 开始!
Jan 08 03:25:01 
Jan 08 03:25:01 ====================共1个京东账号Cookie=========
Jan 08 03:25:01 
Jan 08 03:25:01 ==================脚本执行- 北京时间(UTC+8)：2022/1/8 上午3:25:01=====================
Jan 08 03:25:01 
Jan 08 03:25:01 
Jan 08 03:25:01 ******开始【京东账号1】jd_GyKLGOwyLAnM*********
Jan 08 03:25:01 
Jan 08 03:25:01 任务完成失败：{"code":-30001,"msg":"登陆失败"}
Jan 08 03:25:01 
Jan 08 03:25:01 🔔东东健康社区收集能量收集, 结束! 🕛 0.505 秒
Jan 08 03:25:01 
Jan 08 03:45:00 
Jan 08 03:45:00 🔔东东健康社区收集能量收集, 开始!
Jan 08 03:45:00 
Jan 08 03:45:00 ====================共1个京东账号Cookie=========
Jan 08 03:45:00 
Jan 08 03:45:00 ==================脚本执行- 北京时间(UTC+8)：2022/1/8 上午3:45:00=====================
Jan 08 03:45:00 
Jan 08 03:45:00 
Jan 08 03:45:00 ******开始【京东账号1】jd_GyKLGOwyLAnM*********
Jan 08 03:45:00 
Jan 08 03:45:00 任务完成失败：{"code":-30001,"msg":"登陆失败"}
Jan 08 03:45:00 
Jan 08 03:45:00 🔔东东健康社区收集能量收集, 结束! 🕛 0.475 秒
Jan 08 03:45:00 
Jan 08 04:05:00 
Jan 08 04:05:00 🔔东东健康社区收集能量收集, 开始!
Jan 08 04:05:00 
Jan 08 04:05:00 ====================共1个京东账号Cookie=========
Jan 08 04:05:00 
Jan 08 04:05:00 ==================脚本执行- 北京时间(UTC+8)：2022/1/8 上午4:05:00=====================
Jan 08 04:05:00 
Jan 08 04:05:00 
Jan 08 04:05:00 ******开始【京东账号1】jd_GyKLGOwyLAnM*********
Jan 08 04:05:00 
Jan 08 04:05:01 任务完成失败：{"code":-30001,"msg":"登陆失败"}
Jan 08 04:05:01 
Jan 08 04:05:01 🔔东东健康社区收集能量收集, 结束! 🕛 1.395 秒
Jan 08 04:05:01 
Jan 08 04:25:00 
Jan 08 04:25:00 🔔东东健康社区收集能量收集, 开始!
Jan 08 04:25:00 
Jan 08 04:25:00 ====================共1个京东账号Cookie=========
Jan 08 04:25:00 
Jan 08 04:25:00 ==================脚本执行- 北京时间(UTC+8)：2022/1/8 上午4:25:00=====================
Jan 08 04:25:00 
Jan 08 04:25:00 
Jan 08 04:25:00 ******开始【京东账号1】jd_GyKLGOwyLAnM*********
Jan 08 04:25:00 
Jan 08 04:25:00 任务完成失败：{"code":-30001,"msg":"登陆失败"}
Jan 08 04:25:00 
Jan 08 04:25:00 🔔东东健康社区收集能量收集, 结束! 🕛 0.472 秒
Jan 08 04:25:00 
Jan 08 04:45:00 
Jan 08 04:45:00 🔔东东健康社区收集能量收集, 开始!
Jan 08 04:45:00 
Jan 08 04:45:00 ====================共1个京东账号Cookie=========
Jan 08 04:45:00 
Jan 08 04:45:00 ==================脚本执行- 北京时间(UTC+8)：2022/1/8 上午4:45:00=====================
Jan 08 04:45:00 
Jan 08 04:45:00 
Jan 08 04:45:00 ******开始【京东账号1】jd_GyKLGOwyLAnM*********
Jan 08 04:45:00 
Jan 08 04:45:00 任务完成失败：{"code":-30001,"msg":"登陆失败"}
Jan 08 04:45:00 
Jan 08 04:45:00 🔔东东健康社区收集能量收集, 结束! 🕛 0.468 秒
Jan 08 04:45:00 
Jan 08 05:05:00 
Jan 08 05:05:00 🔔东东健康社区收集能量收集, 开始!
Jan 08 05:05:00 
Jan 08 05:05:00 ====================共1个京东账号Cookie=========
Jan 08 05:05:00 
Jan 08 05:05:00 ==================脚本执行- 北京时间(UTC+8)：2022/1/8 上午5:05:00=====================
Jan 08 05:05:00 
Jan 08 05:05:00 
Jan 08 05:05:00 ******开始【京东账号1】jd_GyKLGOwyLAnM*********
Jan 08 05:05:00 
Jan 08 05:05:01 任务完成失败：{"code":-30001,"msg":"登陆失败"}
Jan 08 05:05:01 
Jan 08 05:05:01 🔔东东健康社区收集能量收集, 结束! 🕛 1.243 秒
Jan 08 05:05:01 
Jan 08 05:25:00 
Jan 08 05:25:00 🔔东东健康社区收集能量收集, 开始!
Jan 08 05:25:00 
Jan 08 05:25:00 ====================共1个京东账号Cookie=========
Jan 08 05:25:00 
Jan 08 05:25:00 ==================脚本执行- 北京时间(UTC+8)：2022/1/8 上午5:25:00=====================
Jan 08 05:25:00 
Jan 08 05:25:00 
Jan 08 05:25:00 ******开始【京东账号1】jd_GyKLGOwyLAnM*********
Jan 08 05:25:00 
Jan 08 05:25:00 任务完成失败：{"code":-30001,"msg":"登陆失败"}
Jan 08 05:25:00 
Jan 08 05:25:00 🔔东东健康社区收集能量收集, 结束! 🕛 0.438 秒
Jan 08 05:25:00 
Jan 08 05:45:00 
Jan 08 05:45:00 🔔东东健康社区收集能量收集, 开始!
Jan 08 05:45:00 
Jan 08 05:45:00 ====================共1个京东账号Cookie=========
Jan 08 05:45:00 
Jan 08 05:45:00 ==================脚本执行- 北京时间(UTC+8)：2022/1/8 上午5:45:00=====================
Jan 08 05:45:00 
Jan 08 05:45:00 
Jan 08 05:45:00 ******开始【京东账号1】jd_GyKLGOwyLAnM*********
Jan 08 05:45:00 
Jan 08 05:45:00 任务完成失败：{"code":-30001,"msg":"登陆失败"}
Jan 08 05:45:00 
Jan 08 05:45:00 🔔东东健康社区收集能量收集, 结束! 🕛 0.463 秒
Jan 08 05:45:00 
Jan 08 06:05:00 
Jan 08 06:05:00 🔔东东健康社区收集能量收集, 开始!
Jan 08 06:05:00 
Jan 08 06:05:00 ====================共1个京东账号Cookie=========
Jan 08 06:05:00 
Jan 08 06:05:00 ==================脚本执行- 北京时间(UTC+8)：2022/1/8 上午6:05:00=====================
Jan 08 06:05:00 
Jan 08 06:05:00 
Jan 08 06:05:00 ******开始【京东账号1】jd_GyKLGOwyLAnM*********
Jan 08 06:05:00 
Jan 08 06:05:01 任务完成失败：{"code":-30001,"msg":"登陆失败"}
Jan 08 06:05:01 
Jan 08 06:05:01 🔔东东健康社区收集能量收集, 结束! 🕛 1.305 秒
Jan 08 06:05:01 
Jan 08 06:25:00 
Jan 08 06:25:00 🔔东东健康社区收集能量收集, 开始!
Jan 08 06:25:00 
Jan 08 06:25:00 ====================共1个京东账号Cookie=========
Jan 08 06:25:00 
Jan 08 06:25:00 ==================脚本执行- 北京时间(UTC+8)：2022/1/8 上午6:25:00=====================
Jan 08 06:25:00 
Jan 08 06:25:00 
Jan 08 06:25:00 ******开始【京东账号1】jd_GyKLGOwyLAnM*********
Jan 08 06:25:00 
Jan 08 06:25:00 任务完成失败：{"code":-30001,"msg":"登陆失败"}
Jan 08 06:25:00 
Jan 08 06:25:00 🔔东东健康社区收集能量收集, 结束! 🕛 0.451 秒
Jan 08 06:25:00 
Jan 08 06:45:00 
Jan 08 06:45:00 🔔东东健康社区收集能量收集, 开始!
Jan 08 06:45:00 
Jan 08 06:45:00 ====================共1个京东账号Cookie=========
Jan 08 06:45:00 
Jan 08 06:45:00 ==================脚本执行- 北京时间(UTC+8)：2022/1/8 上午6:45:00=====================
Jan 08 06:45:00 
Jan 08 06:45:00 
Jan 08 06:45:00 ******开始【京东账号1】jd_GyKLGOwyLAnM*********
Jan 08 06:45:00 
Jan 08 06:45:01 任务完成失败：{"code":-30001,"msg":"登陆失败"}
Jan 08 06:45:01 
Jan 08 06:45:01 🔔东东健康社区收集能量收集, 结束! 🕛 1.297 秒
Jan 08 06:45:01 
Jan 08 07:05:00 
Jan 08 07:05:00 🔔东东健康社区收集能量收集, 开始!
Jan 08 07:05:00 
Jan 08 07:05:00 ====================共1个京东账号Cookie=========
Jan 08 07:05:00 
Jan 08 07:05:00 ==================脚本执行- 北京时间(UTC+8)：2022/1/8 上午7:05:00=====================
Jan 08 07:05:00 
Jan 08 07:05:00 
Jan 08 07:05:00 ******开始【京东账号1】jd_GyKLGOwyLAnM*********
Jan 08 07:05:00 
Jan 08 07:05:02 任务完成失败：{"code":-30001,"msg":"登陆失败"}
Jan 08 07:05:02 
Jan 08 07:05:02 🔔东东健康社区收集能量收集, 结束! 🕛 1.519 秒
Jan 08 07:05:02 
Jan 08 07:25:00 
Jan 08 07:25:00 🔔东东健康社区收集能量收集, 开始!
Jan 08 07:25:00 
Jan 08 07:25:00 ====================共1个京东账号Cookie=========
Jan 08 07:25:00 
Jan 08 07:25:00 ==================脚本执行- 北京时间(UTC+8)：2022/1/8 上午7:25:00=====================
Jan 08 07:25:00 
Jan 08 07:25:00 
Jan 08 07:25:00 ******开始【京东账号1】jd_GyKLGOwyLAnM*********
Jan 08 07:25:00 
Jan 08 07:25:00 任务完成失败：{"code":-30001,"msg":"登陆失败"}
Jan 08 07:25:00 
Jan 08 07:25:00 🔔东东健康社区收集能量收集, 结束! 🕛 0.422 秒
Jan 08 07:25:00 
Jan 08 07:45:00 
Jan 08 07:45:00 🔔东东健康社区收集能量收集, 开始!
Jan 08 07:45:00 
Jan 08 07:45:00 ====================共1个京东账号Cookie=========
Jan 08 07:45:00 
Jan 08 07:45:00 ==================脚本执行- 北京时间(UTC+8)：2022/1/8 上午7:45:00=====================
Jan 08 07:45:00 
Jan 08 07:45:00 
Jan 08 07:45:00 ******开始【京东账号1】jd_GyKLGOwyLAnM*********
Jan 08 07:45:00 
Jan 08 07:45:00 任务完成失败：{"code":-30001,"msg":"登陆失败"}
Jan 08 07:45:00 
Jan 08 07:45:00 🔔东东健康社区收集能量收集, 结束! 🕛 0.426 秒
Jan 08 07:45:00 
Jan 08 08:05:01 
Jan 08 08:05:01 🔔东东健康社区收集能量收集, 开始!
Jan 08 08:05:01 
Jan 08 08:05:01 ====================共1个京东账号Cookie=========
Jan 08 08:05:01 
Jan 08 08:05:01 ==================脚本执行- 北京时间(UTC+8)：2022/1/8 上午8:05:01=====================
Jan 08 08:05:01 
Jan 08 08:05:01 
Jan 08 08:05:01 ******开始【京东账号1】jd_GyKLGOwyLAnM*********
Jan 08 08:05:01 
Jan 08 08:05:03 任务完成失败：{"code":-30001,"msg":"登陆失败"}
Jan 08 08:05:03 
Jan 08 08:05:03 🔔东东健康社区收集能量收集, 结束! 🕛 2.411 秒
Jan 08 08:05:03 
Jan 08 08:25:00 
Jan 08 08:25:00 🔔东东健康社区收集能量收集, 开始!
Jan 08 08:25:00 
Jan 08 08:25:00 ====================共1个京东账号Cookie=========
Jan 08 08:25:00 
Jan 08 08:25:00 ==================脚本执行- 北京时间(UTC+8)：2022/1/8 上午8:25:00=====================
Jan 08 08:25:00 
Jan 08 08:25:00 
Jan 08 08:25:00 ******开始【京东账号1】jd_GyKLGOwyLAnM*********
Jan 08 08:25:00 
Jan 08 08:25:00 任务完成失败：{"code":-30001,"msg":"登陆失败"}
Jan 08 08:25:00 
Jan 08 08:25:00 🔔东东健康社区收集能量收集, 结束! 🕛 0.405 秒
Jan 08 08:25:00 
Jan 08 08:45:00 
Jan 08 08:45:00 🔔东东健康社区收集能量收集, 开始!
Jan 08 08:45:00 
Jan 08 08:45:00 ====================共1个京东账号Cookie=========
Jan 08 08:45:00 
Jan 08 08:45:00 ==================脚本执行- 北京时间(UTC+8)：2022/1/8 上午8:45:00=====================
Jan 08 08:45:00 
Jan 08 08:45:00 
Jan 08 08:45:00 ******开始【京东账号1】jd_GyKLGOwyLAnM*********
Jan 08 08:45:00 
Jan 08 08:45:00 任务完成失败：{"code":-30001,"msg":"登陆失败"}
Jan 08 08:45:00 
Jan 08 08:45:00 🔔东东健康社区收集能量收集, 结束! 🕛 0.396 秒
Jan 08 08:45:00 
Jan 08 09:05:00 
Jan 08 09:05:00 🔔东东健康社区收集能量收集, 开始!
Jan 08 09:05:00 
Jan 08 09:05:00 ====================共1个京东账号Cookie=========
Jan 08 09:05:00 
Jan 08 09:05:01 ==================脚本执行- 北京时间(UTC+8)：2022/1/8 上午9:05:00=====================
Jan 08 09:05:01 
Jan 08 09:05:01 
Jan 08 09:05:01 ******开始【京东账号1】jd_GyKLGOwyLAnM*********
Jan 08 09:05:01 
Jan 08 09:05:02 任务完成失败：{"code":-30001,"msg":"登陆失败"}
Jan 08 09:05:02 
Jan 08 09:05:02 🔔东东健康社区收集能量收集, 结束! 🕛 1.458 秒
Jan 08 09:05:02 
Jan 08 09:25:00 
Jan 08 09:25:00 🔔东东健康社区收集能量收集, 开始!
Jan 08 09:25:00 
Jan 08 09:25:00 ====================共1个京东账号Cookie=========
Jan 08 09:25:00 
Jan 08 09:25:00 ==================脚本执行- 北京时间(UTC+8)：2022/1/8 上午9:25:00=====================
Jan 08 09:25:00 
Jan 08 09:25:00 
Jan 08 09:25:00 ******开始【京东账号1】jd_GyKLGOwyLAnM*********
Jan 08 09:25:00 
Jan 08 09:25:01 任务完成失败：{"code":-30001,"msg":"登陆失败"}
Jan 08 09:25:01 
Jan 08 09:25:01 🔔东东健康社区收集能量收集, 结束! 🕛 0.437 秒
Jan 08 09:25:01 
Jan 08 09:45:00 
Jan 08 09:45:00 🔔东东健康社区收集能量收集, 开始!
Jan 08 09:45:00 
Jan 08 09:45:00 ====================共1个京东账号Cookie=========
Jan 08 09:45:00 
Jan 08 09:45:00 ==================脚本执行- 北京时间(UTC+8)：2022/1/8 上午9:45:00=====================
Jan 08 09:45:00 
Jan 08 09:45:00 
Jan 08 09:45:00 ******开始【京东账号1】jd_GyKLGOwyLAnM*********
Jan 08 09:45:00 
Jan 08 09:45:01 任务完成失败：{"code":-30001,"msg":"登陆失败"}
Jan 08 09:45:01 
Jan 08 09:45:01 🔔东东健康社区收集能量收集, 结束! 🕛 0.428 秒
Jan 08 09:45:01 
Jan 08 10:05:01 
Jan 08 10:05:01 🔔东东健康社区收集能量收集, 开始!
Jan 08 10:05:01 
Jan 08 10:05:01 ====================共1个京东账号Cookie=========
Jan 08 10:05:01 
Jan 08 10:05:01 ==================脚本执行- 北京时间(UTC+8)：2022/1/8 上午10:05:01=====================
Jan 08 10:05:01 
Jan 08 10:05:01 
Jan 08 10:05:01 ******开始【京东账号1】jd_GyKLGOwyLAnM*********
Jan 08 10:05:01 
Jan 08 10:05:02 任务完成失败：{"code":-30001,"msg":"登陆失败"}
Jan 08 10:05:02 
Jan 08 10:05:02 🔔东东健康社区收集能量收集, 结束! 🕛 1.597 秒
Jan 08 10:05:02 
Jan 08 10:25:00 
Jan 08 10:25:00 🔔东东健康社区收集能量收集, 开始!
Jan 08 10:25:00 
Jan 08 10:25:00 ====================共1个京东账号Cookie=========
Jan 08 10:25:00 
Jan 08 10:25:00 ==================脚本执行- 北京时间(UTC+8)：2022/1/8 上午10:25:00=====================
Jan 08 10:25:00 
Jan 08 10:25:00 
Jan 08 10:25:00 ******开始【京东账号1】jd_GyKLGOwyLAnM*********
Jan 08 10:25:00 
Jan 08 10:25:01 任务完成失败：{"code":-30001,"msg":"登陆失败"}
Jan 08 10:25:01 
Jan 08 10:25:01 🔔东东健康社区收集能量收集, 结束! 🕛 0.456 秒
Jan 08 10:25:01 
Jan 08 10:45:00 
Jan 08 10:45:00 🔔东东健康社区收集能量收集, 开始!
Jan 08 10:45:00 
Jan 08 10:45:00 ====================共1个京东账号Cookie=========
Jan 08 10:45:00 
Jan 08 10:45:00 ==================脚本执行- 北京时间(UTC+8)：2022/1/8 上午10:45:00=====================
Jan 08 10:45:00 
Jan 08 10:45:00 
Jan 08 10:45:00 ******开始【京东账号1】jd_GyKLGOwyLAnM*********
Jan 08 10:45:00 
Jan 08 10:45:01 任务完成失败：{"code":-30001,"msg":"登陆失败"}
Jan 08 10:45:01 
Jan 08 10:45:01 🔔东东健康社区收集能量收集, 结束! 🕛 0.469 秒
Jan 08 10:45:01 
Jan 08 11:05:01 
Jan 08 11:05:01 🔔东东健康社区收集能量收集, 开始!
Jan 08 11:05:01 
Jan 08 11:05:01 ====================共1个京东账号Cookie=========
Jan 08 11:05:01 
Jan 08 11:05:01 ==================脚本执行- 北京时间(UTC+8)：2022/1/8 上午11:05:01=====================
Jan 08 11:05:01 
Jan 08 11:05:01 
Jan 08 11:05:01 ******开始【京东账号1】jd_GyKLGOwyLAnM*********
Jan 08 11:05:01 
Jan 08 11:05:02 任务完成失败：{"code":-30001,"msg":"登陆失败"}
Jan 08 11:05:02 
Jan 08 11:05:02 🔔东东健康社区收集能量收集, 结束! 🕛 1.552 秒
Jan 08 11:05:02 
Jan 08 11:25:00 
Jan 08 11:25:00 🔔东东健康社区收集能量收集, 开始!
Jan 08 11:25:00 
Jan 08 11:25:00 ====================共1个京东账号Cookie=========
Jan 08 11:25:00 
Jan 08 11:25:00 ==================脚本执行- 北京时间(UTC+8)：2022/1/8 上午11:25:00=====================
Jan 08 11:25:00 
Jan 08 11:25:00 
Jan 08 11:25:00 ******开始【京东账号1】jd_GyKLGOwyLAnM*********
Jan 08 11:25:00 
Jan 08 11:25:01 任务完成失败：{"code":-30001,"msg":"登陆失败"}
Jan 08 11:25:01 
Jan 08 11:25:01 🔔东东健康社区收集能量收集, 结束! 🕛 0.484 秒
Jan 08 11:25:01 
Jan 08 11:45:00 
Jan 08 11:45:00 🔔东东健康社区收集能量收集, 开始!
Jan 08 11:45:00 
Jan 08 11:45:00 ====================共1个京东账号Cookie=========
Jan 08 11:45:00 
Jan 08 11:45:00 ==================脚本执行- 北京时间(UTC+8)：2022/1/8 上午11:45:00=====================
Jan 08 11:45:00 
Jan 08 11:45:00 
Jan 08 11:45:00 ******开始【京东账号1】jd_GyKLGOwyLAnM*********
Jan 08 11:45:00 
Jan 08 11:45:01 任务完成失败：{"code":-30001,"msg":"登陆失败"}
Jan 08 11:45:01 
Jan 08 11:45:01 🔔东东健康社区收集能量收集, 结束! 🕛 0.444 秒
Jan 08 11:45:01 
Jan 08 12:05:01 
Jan 08 12:05:01 🔔东东健康社区收集能量收集, 开始!
Jan 08 12:05:01 
Jan 08 12:05:01 ====================共1个京东账号Cookie=========
Jan 08 12:05:01 
Jan 08 12:05:01 ==================脚本执行- 北京时间(UTC+8)：2022/1/8 下午12:05:01=====================
Jan 08 12:05:01 
Jan 08 12:05:01 
Jan 08 12:05:01 ******开始【京东账号1】jd_GyKLGOwyLAnM*********
Jan 08 12:05:01 
Jan 08 12:05:02 任务完成失败：{"code":-30001,"msg":"登陆失败"}
Jan 08 12:05:02 
Jan 08 12:05:02 🔔东东健康社区收集能量收集, 结束! 🕛 1.512 秒
Jan 08 12:05:02 
Jan 08 12:25:00 
Jan 08 12:25:00 🔔东东健康社区收集能量收集, 开始!
Jan 08 12:25:00 
Jan 08 12:25:00 ====================共1个京东账号Cookie=========
Jan 08 12:25:00 
Jan 08 12:25:00 ==================脚本执行- 北京时间(UTC+8)：2022/1/8 下午12:25:00=====================
Jan 08 12:25:00 
Jan 08 12:25:00 
Jan 08 12:25:00 ******开始【京东账号1】jd_GyKLGOwyLAnM*********
Jan 08 12:25:00 
Jan 08 12:25:01 任务完成失败：{"code":-30001,"msg":"登陆失败"}
Jan 08 12:25:01 
Jan 08 12:25:01 🔔东东健康社区收集能量收集, 结束! 🕛 0.4 秒
Jan 08 12:25:01 
Jan 08 12:45:01 
Jan 08 12:45:01 🔔东东健康社区收集能量收集, 开始!
Jan 08 12:45:01 
Jan 08 12:45:01 ====================共1个京东账号Cookie=========
Jan 08 12:45:01 
Jan 08 12:45:01 ==================脚本执行- 北京时间(UTC+8)：2022/1/8 下午12:45:01=====================
Jan 08 12:45:01 
Jan 08 12:45:01 
Jan 08 12:45:01 ******开始【京东账号1】jd_GyKLGOwyLAnM*********
Jan 08 12:45:01 
Jan 08 12:45:02 任务完成失败：{"code":-30001,"msg":"登陆失败"}
Jan 08 12:45:02 
Jan 08 12:45:02 🔔东东健康社区收集能量收集, 结束! 🕛 1.312 秒
Jan 08 12:45:02 
Jan 08 13:05:01 
Jan 08 13:05:01 🔔东东健康社区收集能量收集, 开始!
Jan 08 13:05:01 
Jan 08 13:05:01 ====================共1个京东账号Cookie=========
Jan 08 13:05:01 
Jan 08 13:05:01 ==================脚本执行- 北京时间(UTC+8)：2022/1/8 下午1:05:01=====================
Jan 08 13:05:01 
Jan 08 13:05:01 
Jan 08 13:05:01 ******开始【京东账号1】jd_GyKLGOwyLAnM*********
Jan 08 13:05:01 
Jan 08 13:05:02 任务完成失败：{"code":-30001,"msg":"登陆失败"}
Jan 08 13:05:02 
Jan 08 13:05:02 🔔东东健康社区收集能量收集, 结束! 🕛 1.416 秒
Jan 08 13:05:02 
Jan 08 13:25:00 
Jan 08 13:25:00 🔔东东健康社区收集能量收集, 开始!
Jan 08 13:25:00 
Jan 08 13:25:00 ====================共1个京东账号Cookie=========
Jan 08 13:25:00 
Jan 08 13:25:00 ==================脚本执行- 北京时间(UTC+8)：2022/1/8 下午1:25:00=====================
Jan 08 13:25:00 
Jan 08 13:25:00 
Jan 08 13:25:00 ******开始【京东账号1】jd_GyKLGOwyLAnM*********
Jan 08 13:25:00 
Jan 08 13:25:01 任务完成失败：{"code":-30001,"msg":"登陆失败"}
Jan 08 13:25:01 
Jan 08 13:25:01 🔔东东健康社区收集能量收集, 结束! 🕛 0.485 秒
Jan 08 13:25:01 
Jan 08 13:45:00 
Jan 08 13:45:00 🔔东东健康社区收集能量收集, 开始!
Jan 08 13:45:00 
Jan 08 13:45:00 ====================共1个京东账号Cookie=========
Jan 08 13:45:00 
Jan 08 13:45:00 ==================脚本执行- 北京时间(UTC+8)：2022/1/8 下午1:45:00=====================
Jan 08 13:45:00 
Jan 08 13:45:00 
Jan 08 13:45:00 ******开始【京东账号1】jd_GyKLGOwyLAnM*********
Jan 08 13:45:00 
Jan 08 13:45:01 任务完成失败：{"code":-30001,"msg":"登陆失败"}
Jan 08 13:45:01 
Jan 08 13:45:01 🔔东东健康社区收集能量收集, 结束! 🕛 0.439 秒
Jan 08 13:45:01 
Jan 08 14:05:01 
Jan 08 14:05:01 🔔东东健康社区收集能量收集, 开始!
Jan 08 14:05:01 
Jan 08 14:05:01 ====================共1个京东账号Cookie=========
Jan 08 14:05:01 
Jan 08 14:05:01 ==================脚本执行- 北京时间(UTC+8)：2022/1/8 下午2:05:01=====================
Jan 08 14:05:01 
Jan 08 14:05:01 
Jan 08 14:05:01 ******开始【京东账号1】jd_GyKLGOwyLAnM*********
Jan 08 14:05:01 
Jan 08 14:05:02 任务完成失败：{"code":-30001,"msg":"登陆失败"}
Jan 08 14:05:02 
Jan 08 14:05:02 🔔东东健康社区收集能量收集, 结束! 🕛 1.533 秒
Jan 08 14:05:02 
Jan 08 14:25:01 
Jan 08 14:25:01 🔔东东健康社区收集能量收集, 开始!
Jan 08 14:25:01 
Jan 08 14:25:01 ====================共1个京东账号Cookie=========
Jan 08 14:25:01 
Jan 08 14:25:01 ==================脚本执行- 北京时间(UTC+8)：2022/1/8 下午2:25:01=====================
Jan 08 14:25:01 
Jan 08 14:25:01 
Jan 08 14:25:01 ******开始【京东账号1】jd_GyKLGOwyLAnM*********
Jan 08 14:25:01 
Jan 08 14:25:01 任务完成失败：{"code":-30001,"msg":"登陆失败"}
Jan 08 14:25:01 
Jan 08 14:25:01 🔔东东健康社区收集能量收集, 结束! 🕛 0.541 秒
Jan 08 14:25:01 
Jan 08 14:45:01 
Jan 08 14:45:01 🔔东东健康社区收集能量收集, 开始!
Jan 08 14:45:01 
Jan 08 14:45:01 ====================共1个京东账号Cookie=========
Jan 08 14:45:01 
Jan 08 14:45:01 ==================脚本执行- 北京时间(UTC+8)：2022/1/8 下午2:45:01=====================
Jan 08 14:45:01 
Jan 08 14:45:01 
Jan 08 14:45:01 ******开始【京东账号1】jd_GyKLGOwyLAnM*********
Jan 08 14:45:01 
Jan 08 14:45:01 任务完成失败：{"code":-30001,"msg":"登陆失败"}
Jan 08 14:45:01 
Jan 08 14:45:01 🔔东东健康社区收集能量收集, 结束! 🕛 0.472 秒
Jan 08 14:45:01 
Jan 08 15:05:01 
Jan 08 15:05:01 🔔东东健康社区收集能量收集, 开始!
Jan 08 15:05:01 
Jan 08 15:05:01 ====================共1个京东账号Cookie=========
Jan 08 15:05:01 
Jan 08 15:05:01 ==================脚本执行- 北京时间(UTC+8)：2022/1/8 下午3:05:01=====================
Jan 08 15:05:01 
Jan 08 15:05:01 
Jan 08 15:05:01 ******开始【京东账号1】jd_GyKLGOwyLAnM*********
Jan 08 15:05:01 
Jan 08 15:05:02 任务完成失败：{"code":-30001,"msg":"登陆失败"}
Jan 08 15:05:02 
Jan 08 15:05:02 🔔东东健康社区收集能量收集, 结束! 🕛 1.467 秒
Jan 08 15:05:02 
Jan 08 15:25:01 
Jan 08 15:25:01 🔔东东健康社区收集能量收集, 开始!
Jan 08 15:25:01 
Jan 08 15:25:01 ====================共1个京东账号Cookie=========
Jan 08 15:25:01 
Jan 08 15:25:01 ==================脚本执行- 北京时间(UTC+8)：2022/1/8 下午3:25:01=====================
Jan 08 15:25:01 
Jan 08 15:25:01 
Jan 08 15:25:01 ******开始【京东账号1】jd_GyKLGOwyLAnM*********
Jan 08 15:25:01 
Jan 08 15:25:01 任务完成失败：{"code":-30001,"msg":"登陆失败"}
Jan 08 15:25:01 
Jan 08 15:25:01 🔔东东健康社区收集能量收集, 结束! 🕛 0.474 秒
Jan 08 15:25:01 
Jan 08 15:45:01 
Jan 08 15:45:01 🔔东东健康社区收集能量收集, 开始!
Jan 08 15:45:01 
Jan 08 15:45:01 ====================共1个京东账号Cookie=========
Jan 08 15:45:01 
Jan 08 15:45:01 ==================脚本执行- 北京时间(UTC+8)：2022/1/8 下午3:45:01=====================
Jan 08 15:45:01 
Jan 08 15:45:01 
Jan 08 15:45:01 ******开始【京东账号1】jd_GyKLGOwyLAnM*********
Jan 08 15:45:01 
Jan 08 15:45:01 任务完成失败：{"code":-30001,"msg":"登陆失败"}
Jan 08 15:45:01 
Jan 08 15:45:01 🔔东东健康社区收集能量收集, 结束! 🕛 0.496 秒
Jan 08 15:45:01 
Jan 08 16:05:01 
Jan 08 16:05:01 🔔东东健康社区收集能量收集, 开始!
Jan 08 16:05:01 
Jan 08 16:05:01 ====================共1个京东账号Cookie=========
Jan 08 16:05:01 
Jan 08 16:05:01 ==================脚本执行- 北京时间(UTC+8)：2022/1/8 下午4:05:01=====================
Jan 08 16:05:01 
Jan 08 16:05:01 
Jan 08 16:05:01 ******开始【京东账号1】jd_GyKLGOwyLAnM*********
Jan 08 16:05:01 
Jan 08 16:05:03 任务完成失败：{"code":-30001,"msg":"登陆失败"}
Jan 08 16:05:03 
Jan 08 16:05:03 🔔东东健康社区收集能量收集, 结束! 🕛 1.516 秒
Jan 08 16:05:03 
Jan 08 16:25:01 
Jan 08 16:25:01 🔔东东健康社区收集能量收集, 开始!
Jan 08 16:25:01 
Jan 08 16:25:01 ====================共1个京东账号Cookie=========
Jan 08 16:25:01 
Jan 08 16:25:01 ==================脚本执行- 北京时间(UTC+8)：2022/1/8 下午4:25:01=====================
Jan 08 16:25:01 
Jan 08 16:25:01 
Jan 08 16:25:01 ******开始【京东账号1】jd_GyKLGOwyLAnM*********
Jan 08 16:25:01 
Jan 08 16:25:01 任务完成失败：{"code":-30001,"msg":"登陆失败"}
Jan 08 16:25:01 
Jan 08 16:25:01 🔔东东健康社区收集能量收集, 结束! 🕛 0.466 秒
Jan 08 16:25:01 
Jan 08 16:45:01 
Jan 08 16:45:01 🔔东东健康社区收集能量收集, 开始!
Jan 08 16:45:01 
Jan 08 16:45:01 ====================共1个京东账号Cookie=========
Jan 08 16:45:01 
Jan 08 16:45:01 ==================脚本执行- 北京时间(UTC+8)：2022/1/8 下午4:45:01=====================
Jan 08 16:45:01 
Jan 08 16:45:01 
Jan 08 16:45:01 ******开始【京东账号1】jd_GyKLGOwyLAnM*********
Jan 08 16:45:01 
Jan 08 16:45:01 任务完成失败：{"code":-30001,"msg":"登陆失败"}
Jan 08 16:45:01 
Jan 08 16:45:01 🔔东东健康社区收集能量收集, 结束! 🕛 0.476 秒
Jan 08 16:45:01 
Jan 08 17:05:01 
Jan 08 17:05:01 🔔东东健康社区收集能量收集, 开始!
Jan 08 17:05:01 
Jan 08 17:05:01 ====================共1个京东账号Cookie=========
Jan 08 17:05:01 
Jan 08 17:05:01 ==================脚本执行- 北京时间(UTC+8)：2022/1/8 下午5:05:01=====================
Jan 08 17:05:01 
Jan 08 17:05:01 
Jan 08 17:05:01 ******开始【京东账号1】jd_GyKLGOwyLAnM*********
Jan 08 17:05:01 
Jan 08 17:05:03 任务完成失败：{"code":-30001,"msg":"登陆失败"}
Jan 08 17:05:03 
Jan 08 17:05:03 🔔东东健康社区收集能量收集, 结束! 🕛 1.419 秒
Jan 08 17:05:03 
Jan 08 17:25:01 
Jan 08 17:25:01 🔔东东健康社区收集能量收集, 开始!
Jan 08 17:25:01 
Jan 08 17:25:01 ====================共1个京东账号Cookie=========
Jan 08 17:25:01 
Jan 08 17:25:01 ==================脚本执行- 北京时间(UTC+8)：2022/1/8 下午5:25:01=====================
Jan 08 17:25:01 
Jan 08 17:25:01 
Jan 08 17:25:01 ******开始【京东账号1】jd_GyKLGOwyLAnM*********
Jan 08 17:25:01 
Jan 08 17:25:01 任务完成失败：{"code":-30001,"msg":"登陆失败"}
Jan 08 17:25:01 
Jan 08 17:25:01 🔔东东健康社区收集能量收集, 结束! 🕛 0.419 秒
Jan 08 17:25:01 
Jan 08 17:45:00 
Jan 08 17:45:00 🔔东东健康社区收集能量收集, 开始!
Jan 08 17:45:00 
Jan 08 17:45:00 ====================共1个京东账号Cookie=========
Jan 08 17:45:00 
Jan 08 17:45:00 ==================脚本执行- 北京时间(UTC+8)：2022/1/8 下午5:45:00=====================
Jan 08 17:45:00 
Jan 08 17:45:00 
Jan 08 17:45:00 ******开始【京东账号1】jd_GyKLGOwyLAnM*********
Jan 08 17:45:00 
Jan 08 17:45:00 任务完成失败：{"code":-30001,"msg":"登陆失败"}
Jan 08 17:45:00 
Jan 08 17:45:00 🔔东东健康社区收集能量收集, 结束! 🕛 0.292 秒
Jan 08 17:45:00 
Jan 08 18:05:00 
Jan 08 18:05:00 🔔东东健康社区收集能量收集, 开始!
Jan 08 18:05:00 
Jan 08 18:05:00 ====================共1个京东账号Cookie=========
Jan 08 18:05:00 
Jan 08 18:05:00 ==================脚本执行- 北京时间(UTC+8)：2022/1/8 下午6:05:00=====================
Jan 08 18:05:00 
Jan 08 18:05:00 
Jan 08 18:05:00 ******开始【京东账号1】jd_GyKLGOwyLAnM*********
Jan 08 18:05:00 
Jan 08 18:05:01 任务完成失败：{"code":-30001,"msg":"登陆失败"}
Jan 08 18:05:01 
Jan 08 18:05:01 🔔东东健康社区收集能量收集, 结束! 🕛 1.507 秒
Jan 08 18:05:01 
Jan 08 18:25:00 
Jan 08 18:25:00 🔔东东健康社区收集能量收集, 开始!
Jan 08 18:25:00 
Jan 08 18:25:00 ====================共1个京东账号Cookie=========
Jan 08 18:25:00 
Jan 08 18:25:00 ==================脚本执行- 北京时间(UTC+8)：2022/1/8 下午6:25:00=====================
Jan 08 18:25:00 
Jan 08 18:25:00 
Jan 08 18:25:00 ******开始【京东账号1】jd_GyKLGOwyLAnM*********
Jan 08 18:25:00 
Jan 08 18:25:00 任务完成失败：{"code":-30001,"msg":"登陆失败"}
Jan 08 18:25:00 
Jan 08 18:25:00 🔔东东健康社区收集能量收集, 结束! 🕛 0.425 秒
Jan 08 18:25:00 
Jan 08 18:45:00 
Jan 08 18:45:00 🔔东东健康社区收集能量收集, 开始!
Jan 08 18:45:00 
Jan 08 18:45:00 ====================共1个京东账号Cookie=========
Jan 08 18:45:00 
Jan 08 18:45:00 ==================脚本执行- 北京时间(UTC+8)：2022/1/8 下午6:45:00=====================
Jan 08 18:45:00 
Jan 08 18:45:00 
Jan 08 18:45:00 ******开始【京东账号1】jd_GyKLGOwyLAnM*********
Jan 08 18:45:00 
Jan 08 18:45:01 任务完成失败：{"code":-30001,"msg":"登陆失败"}
Jan 08 18:45:01 
Jan 08 18:45:01 🔔东东健康社区收集能量收集, 结束! 🕛 1.336 秒
Jan 08 18:45:01 
Jan 08 19:05:00 
Jan 08 19:05:00 🔔东东健康社区收集能量收集, 开始!
Jan 08 19:05:00 
Jan 08 19:05:00 ====================共1个京东账号Cookie=========
Jan 08 19:05:00 
Jan 08 19:05:00 ==================脚本执行- 北京时间(UTC+8)：2022/1/8 下午7:05:00=====================
Jan 08 19:05:00 
Jan 08 19:05:00 
Jan 08 19:05:00 ******开始【京东账号1】jd_GyKLGOwyLAnM*********
Jan 08 19:05:00 
Jan 08 19:05:01 任务完成失败：{"code":-30001,"msg":"登陆失败"}
Jan 08 19:05:01 
Jan 08 19:05:01 🔔东东健康社区收集能量收集, 结束! 🕛 1.33 秒
Jan 08 19:05:01 
Jan 08 19:25:00 
Jan 08 19:25:00 🔔东东健康社区收集能量收集, 开始!
Jan 08 19:25:00 
Jan 08 19:25:00 ====================共1个京东账号Cookie=========
Jan 08 19:25:00 
Jan 08 19:25:00 ==================脚本执行- 北京时间(UTC+8)：2022/1/8 下午7:25:00=====================
Jan 08 19:25:00 
Jan 08 19:25:00 
Jan 08 19:25:00 ******开始【京东账号1】jd_GyKLGOwyLAnM*********
Jan 08 19:25:00 
Jan 08 19:25:00 任务完成失败：{"code":-30001,"msg":"登陆失败"}
Jan 08 19:25:00 
Jan 08 19:25:00 🔔东东健康社区收集能量收集, 结束! 🕛 0.45 秒
Jan 08 19:25:00 
Jan 08 19:45:00 
Jan 08 19:45:00 🔔东东健康社区收集能量收集, 开始!
Jan 08 19:45:00 
Jan 08 19:45:00 ====================共1个京东账号Cookie=========
Jan 08 19:45:00 
Jan 08 19:45:00 ==================脚本执行- 北京时间(UTC+8)：2022/1/8 下午7:45:00=====================
Jan 08 19:45:00 
Jan 08 19:45:00 
Jan 08 19:45:00 ******开始【京东账号1】jd_GyKLGOwyLAnM*********
Jan 08 19:45:00 
Jan 08 19:45:00 任务完成失败：{"code":-30001,"msg":"登陆失败"}
Jan 08 19:45:00 
Jan 08 19:45:00 🔔东东健康社区收集能量收集, 结束! 🕛 0.436 秒
Jan 08 19:45:00 
Jan 08 20:05:00 
Jan 08 20:05:00 🔔东东健康社区收集能量收集, 开始!
Jan 08 20:05:00 
Jan 08 20:05:00 ====================共1个京东账号Cookie=========
Jan 08 20:05:00 
Jan 08 20:05:00 ==================脚本执行- 北京时间(UTC+8)：2022/1/8 下午8:05:00=====================
Jan 08 20:05:00 
Jan 08 20:05:00 
Jan 08 20:05:00 ******开始【京东账号1】jd_GyKLGOwyLAnM*********
Jan 08 20:05:00 
Jan 08 20:05:01 任务完成失败：{"code":-30001,"msg":"登陆失败"}
Jan 08 20:05:01 
Jan 08 20:05:01 🔔东东健康社区收集能量收集, 结束! 🕛 1.173 秒
Jan 08 20:05:01 
Jan 08 20:25:00 
Jan 08 20:25:00 🔔东东健康社区收集能量收集, 开始!
Jan 08 20:25:00 
Jan 08 20:25:00 ====================共1个京东账号Cookie=========
Jan 08 20:25:00 
Jan 08 20:25:00 ==================脚本执行- 北京时间(UTC+8)：2022/1/8 下午8:25:00=====================
Jan 08 20:25:00 
Jan 08 20:25:00 
Jan 08 20:25:00 ******开始【京东账号1】jd_GyKLGOwyLAnM*********
Jan 08 20:25:00 
Jan 08 20:25:00 任务完成失败：{"code":-30001,"msg":"登陆失败"}
Jan 08 20:25:00 
Jan 08 20:25:00 🔔东东健康社区收集能量收集, 结束! 🕛 0.441 秒
Jan 08 20:25:00 
Jan 08 20:45:00 
Jan 08 20:45:00 🔔东东健康社区收集能量收集, 开始!
Jan 08 20:45:00 
Jan 08 20:45:00 ====================共1个京东账号Cookie=========
Jan 08 20:45:00 
Jan 08 20:45:00 ==================脚本执行- 北京时间(UTC+8)：2022/1/8 下午8:45:00=====================
Jan 08 20:45:00 
Jan 08 20:45:00 
Jan 08 20:45:00 ******开始【京东账号1】jd_GyKLGOwyLAnM*********
Jan 08 20:45:00 
Jan 08 20:45:00 任务完成失败：{"code":-30001,"msg":"登陆失败"}
Jan 08 20:45:00 
Jan 08 20:45:00 🔔东东健康社区收集能量收集, 结束! 🕛 0.386 秒
Jan 08 20:45:00 
Jan 08 21:05:00 
Jan 08 21:05:00 🔔东东健康社区收集能量收集, 开始!
Jan 08 21:05:00 
Jan 08 21:05:00 ====================共1个京东账号Cookie=========
Jan 08 21:05:00 
Jan 08 21:05:00 ==================脚本执行- 北京时间(UTC+8)：2022/1/8 下午9:05:00=====================
Jan 08 21:05:00 
Jan 08 21:05:00 
Jan 08 21:05:00 ******开始【京东账号1】jd_GyKLGOwyLAnM*********
Jan 08 21:05:00 
Jan 08 21:05:01 任务完成失败：{"code":-30001,"msg":"登陆失败"}
Jan 08 21:05:01 
Jan 08 21:05:01 🔔东东健康社区收集能量收集, 结束! 🕛 1.351 秒
Jan 08 21:05:01 
Jan 08 21:25:00 
Jan 08 21:25:00 🔔东东健康社区收集能量收集, 开始!
Jan 08 21:25:00 
Jan 08 21:25:00 ====================共1个京东账号Cookie=========
Jan 08 21:25:00 
Jan 08 21:25:00 ==================脚本执行- 北京时间(UTC+8)：2022/1/8 下午9:25:00=====================
Jan 08 21:25:00 
Jan 08 21:25:00 
Jan 08 21:25:00 ******开始【京东账号1】jd_GyKLGOwyLAnM*********
Jan 08 21:25:00 
Jan 08 21:25:00 任务完成失败：{"code":-30001,"msg":"登陆失败"}
Jan 08 21:25:00 
Jan 08 21:25:00 🔔东东健康社区收集能量收集, 结束! 🕛 0.385 秒
Jan 08 21:25:00 
Jan 08 21:45:00 
Jan 08 21:45:00 🔔东东健康社区收集能量收集, 开始!
Jan 08 21:45:00 
Jan 08 21:45:00 ====================共1个京东账号Cookie=========
Jan 08 21:45:00 
Jan 08 21:45:00 ==================脚本执行- 北京时间(UTC+8)：2022/1/8 下午9:45:00=====================
Jan 08 21:45:00 
Jan 08 21:45:00 
Jan 08 21:45:00 ******开始【京东账号1】jd_GyKLGOwyLAnM*********
Jan 08 21:45:00 
Jan 08 21:45:00 任务完成失败：{"code":-30001,"msg":"登陆失败"}
Jan 08 21:45:00 
Jan 08 21:45:00 🔔东东健康社区收集能量收集, 结束! 🕛 0.351 秒
Jan 08 21:45:00 
Jan 08 22:05:00 
Jan 08 22:05:00 🔔东东健康社区收集能量收集, 开始!
Jan 08 22:05:00 
Jan 08 22:05:00 ====================共1个京东账号Cookie=========
Jan 08 22:05:00 
Jan 08 22:05:01 ==================脚本执行- 北京时间(UTC+8)：2022/1/8 下午10:05:00=====================
Jan 08 22:05:01 
Jan 08 22:05:01 
Jan 08 22:05:01 ******开始【京东账号1】jd_GyKLGOwyLAnM*********
Jan 08 22:05:01 
Jan 08 22:05:02 任务完成失败：{"code":-30001,"msg":"登陆失败"}
Jan 08 22:05:02 
Jan 08 22:05:02 🔔东东健康社区收集能量收集, 结束! 🕛 1.853 秒
Jan 08 22:05:02 
Jan 08 22:25:00 
Jan 08 22:25:00 🔔东东健康社区收集能量收集, 开始!
Jan 08 22:25:00 
Jan 08 22:25:00 ====================共1个京东账号Cookie=========
Jan 08 22:25:00 
Jan 08 22:25:00 ==================脚本执行- 北京时间(UTC+8)：2022/1/8 下午10:25:00=====================
Jan 08 22:25:00 
Jan 08 22:25:00 
Jan 08 22:25:00 ******开始【京东账号1】jd_GyKLGOwyLAnM*********
Jan 08 22:25:00 
Jan 08 22:25:00 任务完成失败：{"code":-30001,"msg":"登陆失败"}
Jan 08 22:25:00 
Jan 08 22:25:00 🔔东东健康社区收集能量收集, 结束! 🕛 0.42 秒
Jan 08 22:25:00 
Jan 08 22:45:00 
Jan 08 22:45:00 🔔东东健康社区收集能量收集, 开始!
Jan 08 22:45:00 
Jan 08 22:45:00 ====================共1个京东账号Cookie=========
Jan 08 22:45:00 
Jan 08 22:45:00 ==================脚本执行- 北京时间(UTC+8)：2022/1/8 下午10:45:00=====================
Jan 08 22:45:00 
Jan 08 22:45:00 
Jan 08 22:45:00 ******开始【京东账号1】jd_GyKLGOwyLAnM*********
Jan 08 22:45:00 
Jan 08 22:45:01 任务完成失败：{"code":-30001,"msg":"登陆失败"}
Jan 08 22:45:01 
Jan 08 22:45:01 🔔东东健康社区收集能量收集, 结束! 🕛 0.483 秒
Jan 08 22:45:01 
Jan 08 23:05:01 
Jan 08 23:05:01 🔔东东健康社区收集能量收集, 开始!
Jan 08 23:05:01 
Jan 08 23:05:01 ====================共1个京东账号Cookie=========
Jan 08 23:05:01 
Jan 08 23:05:01 ==================脚本执行- 北京时间(UTC+8)：2022/1/8 下午11:05:01=====================
Jan 08 23:05:01 
Jan 08 23:05:01 
Jan 08 23:05:01 ******开始【京东账号1】jd_GyKLGOwyLAnM*********
Jan 08 23:05:01 
Jan 08 23:05:02 任务完成失败：{"code":-30001,"msg":"登陆失败"}
Jan 08 23:05:02 
Jan 08 23:05:02 🔔东东健康社区收集能量收集, 结束! 🕛 1.747 秒
Jan 08 23:05:02 
Jan 08 23:25:00 
Jan 08 23:25:00 🔔东东健康社区收集能量收集, 开始!
Jan 08 23:25:00 
Jan 08 23:25:00 ====================共1个京东账号Cookie=========
Jan 08 23:25:00 
Jan 08 23:25:00 ==================脚本执行- 北京时间(UTC+8)：2022/1/8 下午11:25:00=====================
Jan 08 23:25:00 
Jan 08 23:25:00 
Jan 08 23:25:00 ******开始【京东账号1】jd_GyKLGOwyLAnM*********
Jan 08 23:25:00 
Jan 08 23:25:01 任务完成失败：{"code":-30001,"msg":"登陆失败"}
Jan 08 23:25:01 
Jan 08 23:25:01 🔔东东健康社区收集能量收集, 结束! 🕛 0.464 秒
Jan 08 23:25:01 
Jan 08 23:45:01 
Jan 08 23:45:01 🔔东东健康社区收集能量收集, 开始!
Jan 08 23:45:01 
Jan 08 23:45:01 ====================共1个京东账号Cookie=========
Jan 08 23:45:01 
Jan 08 23:45:01 ==================脚本执行- 北京时间(UTC+8)：2022/1/8 下午11:45:01=====================
Jan 08 23:45:01 
Jan 08 23:45:01 
Jan 08 23:45:01 ******开始【京东账号1】jd_GyKLGOwyLAnM*********
Jan 08 23:45:01 
Jan 08 23:45:02 任务完成失败：{"code":-30001,"msg":"登陆失败"}
Jan 08 23:45:02 
Jan 08 23:45:02 🔔东东健康社区收集能量收集, 结束! 🕛 1.379 秒
Jan 08 23:45:02 
Jan 09 00:05:01 
Jan 09 00:05:01 🔔东东健康社区收集能量收集, 开始!
Jan 09 00:05:01 
Jan 09 00:05:01 ====================共1个京东账号Cookie=========
Jan 09 00:05:01 
Jan 09 00:05:01 ==================脚本执行- 北京时间(UTC+8)：2022/1/9 上午12:05:01=====================
Jan 09 00:05:01 
Jan 09 00:05:01 
Jan 09 00:05:01 ******开始【京东账号1】jd_GyKLGOwyLAnM*********
Jan 09 00:05:01 
Jan 09 00:05:03 任务完成失败：{"code":-30001,"msg":"登陆失败"}
Jan 09 00:05:03 
Jan 09 00:05:03 🔔东东健康社区收集能量收集, 结束! 🕛 2.286 秒
Jan 09 00:05:03 
Jan 09 00:25:00 
Jan 09 00:25:00 🔔东东健康社区收集能量收集, 开始!
Jan 09 00:25:00 
Jan 09 00:25:00 ====================共1个京东账号Cookie=========
Jan 09 00:25:00 
Jan 09 00:25:00 ==================脚本执行- 北京时间(UTC+8)：2022/1/9 上午12:25:00=====================
Jan 09 00:25:00 
Jan 09 00:25:00 
Jan 09 00:25:00 ******开始【京东账号1】jd_GyKLGOwyLAnM*********
Jan 09 00:25:00 
Jan 09 00:25:01 任务完成失败：{"code":-30001,"msg":"登陆失败"}
Jan 09 00:25:01 
Jan 09 00:25:01 🔔东东健康社区收集能量收集, 结束! 🕛 0.365 秒
Jan 09 00:25:01 
Jan 09 00:45:01 
Jan 09 00:45:01 🔔东东健康社区收集能量收集, 开始!
Jan 09 00:45:01 
Jan 09 00:45:01 ====================共1个京东账号Cookie=========
Jan 09 00:45:01 
Jan 09 00:45:01 ==================脚本执行- 北京时间(UTC+8)：2022/1/9 上午12:45:01=====================
Jan 09 00:45:01 
Jan 09 00:45:01 
Jan 09 00:45:01 ******开始【京东账号1】jd_GyKLGOwyLAnM*********
Jan 09 00:45:01 
Jan 09 00:45:03 任务完成失败：{"code":-30001,"msg":"登陆失败"}
Jan 09 00:45:03 
Jan 09 00:45:03 🔔东东健康社区收集能量收集, 结束! 🕛 2.025 秒
Jan 09 00:45:03 
Jan 09 01:05:01 
Jan 09 01:05:01 🔔东东健康社区收集能量收集, 开始!
Jan 09 01:05:01 
Jan 09 01:05:01 ====================共1个京东账号Cookie=========
Jan 09 01:05:01 
Jan 09 01:05:02 ==================脚本执行- 北京时间(UTC+8)：2022/1/9 上午1:05:01=====================
Jan 09 01:05:02 
Jan 09 01:05:02 
Jan 09 01:05:02 ******开始【京东账号1】jd_GyKLGOwyLAnM*********
Jan 09 01:05:02 
Jan 09 01:05:04 任务完成失败：{"code":-30001,"msg":"登陆失败"}
Jan 09 01:05:04 
Jan 09 01:05:04 🔔东东健康社区收集能量收集, 结束! 🕛 2.574 秒
Jan 09 01:05:04 
Jan 09 01:25:00 
Jan 09 01:25:00 🔔东东健康社区收集能量收集, 开始!
Jan 09 01:25:00 
Jan 09 01:25:00 ====================共1个京东账号Cookie=========
Jan 09 01:25:00 
Jan 09 01:25:00 ==================脚本执行- 北京时间(UTC+8)：2022/1/9 上午1:25:00=====================
Jan 09 01:25:00 
Jan 09 01:25:00 
Jan 09 01:25:00 ******开始【京东账号1】jd_GyKLGOwyLAnM*********
Jan 09 01:25:00 
Jan 09 01:25:01 任务完成失败：{"code":-30001,"msg":"登陆失败"}
Jan 09 01:25:01 
Jan 09 01:25:01 🔔东东健康社区收集能量收集, 结束! 🕛 0.452 秒
Jan 09 01:25:01 
Jan 09 01:45:00 
Jan 09 01:45:00 🔔东东健康社区收集能量收集, 开始!
Jan 09 01:45:00 
Jan 09 01:45:00 ====================共1个京东账号Cookie=========
Jan 09 01:45:00 
Jan 09 01:45:00 ==================脚本执行- 北京时间(UTC+8)：2022/1/9 上午1:45:00=====================
Jan 09 01:45:00 
Jan 09 01:45:00 
Jan 09 01:45:00 ******开始【京东账号1】jd_GyKLGOwyLAnM*********
Jan 09 01:45:00 
Jan 09 01:45:01 任务完成失败：{"code":-30001,"msg":"登陆失败"}
Jan 09 01:45:01 
Jan 09 01:45:01 🔔东东健康社区收集能量收集, 结束! 🕛 0.452 秒
Jan 09 01:45:01 
Jan 09 02:05:01 
Jan 09 02:05:01 🔔东东健康社区收集能量收集, 开始!
Jan 09 02:05:01 
Jan 09 02:05:01 ====================共1个京东账号Cookie=========
Jan 09 02:05:01 
Jan 09 02:05:01 ==================脚本执行- 北京时间(UTC+8)：2022/1/9 上午2:05:01=====================
Jan 09 02:05:01 
Jan 09 02:05:01 
Jan 09 02:05:01 ******开始【京东账号1】jd_GyKLGOwyLAnM*********
Jan 09 02:05:01 
Jan 09 02:05:02 任务完成失败：{"code":-30001,"msg":"登陆失败"}
Jan 09 02:05:02 
Jan 09 02:05:02 🔔东东健康社区收集能量收集, 结束! 🕛 1.501 秒
Jan 09 02:05:02 
Jan 09 02:25:00 
Jan 09 02:25:00 🔔东东健康社区收集能量收集, 开始!
Jan 09 02:25:00 
Jan 09 02:25:00 ====================共1个京东账号Cookie=========
Jan 09 02:25:00 
Jan 09 02:25:01 ==================脚本执行- 北京时间(UTC+8)：2022/1/9 上午2:25:00=====================
Jan 09 02:25:01 
Jan 09 02:25:01 
Jan 09 02:25:01 ******开始【京东账号1】jd_GyKLGOwyLAnM*********
Jan 09 02:25:01 
Jan 09 02:25:01 任务完成失败：{"code":-30001,"msg":"登陆失败"}
Jan 09 02:25:01 
Jan 09 02:25:01 🔔东东健康社区收集能量收集, 结束! 🕛 0.435 秒
Jan 09 02:25:01 
Jan 09 02:45:00 
Jan 09 02:45:00 🔔东东健康社区收集能量收集, 开始!
Jan 09 02:45:00 
Jan 09 02:45:00 ====================共1个京东账号Cookie=========
Jan 09 02:45:00 
Jan 09 02:45:00 ==================脚本执行- 北京时间(UTC+8)：2022/1/9 上午2:45:00=====================
Jan 09 02:45:00 
Jan 09 02:45:00 
Jan 09 02:45:00 ******开始【京东账号1】jd_GyKLGOwyLAnM*********
Jan 09 02:45:00 
Jan 09 02:45:01 任务完成失败：{"code":-30001,"msg":"登陆失败"}
Jan 09 02:45:01 
Jan 09 02:45:01 🔔东东健康社区收集能量收集, 结束! 🕛 0.396 秒
Jan 09 02:45:01 
Jan 09 03:05:01 
Jan 09 03:05:01 🔔东东健康社区收集能量收集, 开始!
Jan 09 03:05:01 
Jan 09 03:05:01 ====================共1个京东账号Cookie=========
Jan 09 03:05:01 
Jan 09 03:05:01 ==================脚本执行- 北京时间(UTC+8)：2022/1/9 上午3:05:01=====================
Jan 09 03:05:01 
Jan 09 03:05:01 
Jan 09 03:05:01 ******开始【京东账号1】jd_GyKLGOwyLAnM*********
Jan 09 03:05:01 
Jan 09 03:05:02 任务完成失败：{"code":-30001,"msg":"登陆失败"}
Jan 09 03:05:02 
Jan 09 03:05:02 🔔东东健康社区收集能量收集, 结束! 🕛 1.366 秒
Jan 09 03:05:02 
Jan 09 03:25:00 
Jan 09 03:25:00 🔔东东健康社区收集能量收集, 开始!
Jan 09 03:25:00 
Jan 09 03:25:00 ====================共1个京东账号Cookie=========
Jan 09 03:25:00 
Jan 09 03:25:01 ==================脚本执行- 北京时间(UTC+8)：2022/1/9 上午3:25:00=====================
Jan 09 03:25:01 
Jan 09 03:25:01 
Jan 09 03:25:01 ******开始【京东账号1】jd_GyKLGOwyLAnM*********
Jan 09 03:25:01 
Jan 09 03:25:01 任务完成失败：{"code":-30001,"msg":"登陆失败"}
Jan 09 03:25:01 
Jan 09 03:25:01 🔔东东健康社区收集能量收集, 结束! 🕛 0.372 秒
Jan 09 03:25:01 
Jan 09 03:45:01 
Jan 09 03:45:01 🔔东东健康社区收集能量收集, 开始!
Jan 09 03:45:01 
Jan 09 03:45:01 ====================共1个京东账号Cookie=========
Jan 09 03:45:01 
Jan 09 03:45:01 ==================脚本执行- 北京时间(UTC+8)：2022/1/9 上午3:45:01=====================
Jan 09 03:45:01 
Jan 09 03:45:01 
Jan 09 03:45:01 ******开始【京东账号1】jd_GyKLGOwyLAnM*********
Jan 09 03:45:01 
Jan 09 03:45:01 任务完成失败：{"code":-30001,"msg":"登陆失败"}
Jan 09 03:45:01 
Jan 09 03:45:01 🔔东东健康社区收集能量收集, 结束! 🕛 0.425 秒
Jan 09 03:45:01 
Jan 09 04:05:01 
Jan 09 04:05:01 🔔东东健康社区收集能量收集, 开始!
Jan 09 04:05:01 
Jan 09 04:05:01 ====================共1个京东账号Cookie=========
Jan 09 04:05:01 
Jan 09 04:05:01 ==================脚本执行- 北京时间(UTC+8)：2022/1/9 上午4:05:01=====================
Jan 09 04:05:01 
Jan 09 04:05:01 
Jan 09 04:05:01 ******开始【京东账号1】jd_GyKLGOwyLAnM*********
Jan 09 04:05:01 
Jan 09 04:05:03 任务完成失败：{"code":-30001,"msg":"登陆失败"}
Jan 09 04:05:03 
Jan 09 04:05:03 🔔东东健康社区收集能量收集, 结束! 🕛 1.468 秒
Jan 09 04:05:03 
Jan 09 04:25:01 
Jan 09 04:25:01 🔔东东健康社区收集能量收集, 开始!
Jan 09 04:25:01 
Jan 09 04:25:01 ====================共1个京东账号Cookie=========
Jan 09 04:25:01 
Jan 09 04:25:01 ==================脚本执行- 北京时间(UTC+8)：2022/1/9 上午4:25:01=====================
Jan 09 04:25:01 
Jan 09 04:25:01 
Jan 09 04:25:01 ******开始【京东账号1】jd_GyKLGOwyLAnM*********
Jan 09 04:25:01 
Jan 09 04:25:01 任务完成失败：{"code":-30001,"msg":"登陆失败"}
Jan 09 04:25:01 
Jan 09 04:25:01 🔔东东健康社区收集能量收集, 结束! 🕛 0.424 秒
Jan 09 04:25:01 
Jan 09 04:45:01 
Jan 09 04:45:01 🔔东东健康社区收集能量收集, 开始!
Jan 09 04:45:01 
Jan 09 04:45:01 ====================共1个京东账号Cookie=========
Jan 09 04:45:01 
Jan 09 04:45:01 ==================脚本执行- 北京时间(UTC+8)：2022/1/9 上午4:45:01=====================
Jan 09 04:45:01 
Jan 09 04:45:01 
Jan 09 04:45:01 ******开始【京东账号1】jd_GyKLGOwyLAnM*********
Jan 09 04:45:01 
Jan 09 04:45:01 任务完成失败：{"code":-30001,"msg":"登陆失败"}
Jan 09 04:45:01 
Jan 09 04:45:01 🔔东东健康社区收集能量收集, 结束! 🕛 0.443 秒
Jan 09 04:45:01 
Jan 09 05:05:01 
Jan 09 05:05:01 🔔东东健康社区收集能量收集, 开始!
Jan 09 05:05:01 
Jan 09 05:05:01 ====================共1个京东账号Cookie=========
Jan 09 05:05:01 
Jan 09 05:05:01 ==================脚本执行- 北京时间(UTC+8)：2022/1/9 上午5:05:01=====================
Jan 09 05:05:01 
Jan 09 05:05:01 
Jan 09 05:05:01 ******开始【京东账号1】jd_GyKLGOwyLAnM*********
Jan 09 05:05:01 
Jan 09 05:05:02 任务完成失败：{"code":-30001,"msg":"登陆失败"}
Jan 09 05:05:02 
Jan 09 05:05:02 🔔东东健康社区收集能量收集, 结束! 🕛 1.297 秒
Jan 09 05:05:02 
Jan 09 05:25:01 
Jan 09 05:25:01 🔔东东健康社区收集能量收集, 开始!
Jan 09 05:25:01 
Jan 09 05:25:01 ====================共1个京东账号Cookie=========
Jan 09 05:25:01 
Jan 09 05:25:01 ==================脚本执行- 北京时间(UTC+8)：2022/1/9 上午5:25:01=====================
Jan 09 05:25:01 
Jan 09 05:25:01 
Jan 09 05:25:01 ******开始【京东账号1】jd_GyKLGOwyLAnM*********
Jan 09 05:25:01 
Jan 09 05:25:01 任务完成失败：{"code":-30001,"msg":"登陆失败"}
Jan 09 05:25:01 
Jan 09 05:25:01 🔔东东健康社区收集能量收集, 结束! 🕛 0.411 秒
Jan 09 05:25:01 
Jan 09 05:45:01 
Jan 09 05:45:01 🔔东东健康社区收集能量收集, 开始!
Jan 09 05:45:01 
Jan 09 05:45:01 ====================共1个京东账号Cookie=========
Jan 09 05:45:01 
Jan 09 05:45:01 ==================脚本执行- 北京时间(UTC+8)：2022/1/9 上午5:45:01=====================
Jan 09 05:45:01 
Jan 09 05:45:01 
Jan 09 05:45:01 ******开始【京东账号1】jd_GyKLGOwyLAnM*********
Jan 09 05:45:01 
Jan 09 05:45:01 任务完成失败：{"code":-30001,"msg":"登陆失败"}
Jan 09 05:45:01 
Jan 09 05:45:01 🔔东东健康社区收集能量收集, 结束! 🕛 0.39 秒
Jan 09 05:45:01 
Jan 09 06:05:01 
Jan 09 06:05:01 🔔东东健康社区收集能量收集, 开始!
Jan 09 06:05:01 
Jan 09 06:05:01 ====================共1个京东账号Cookie=========
Jan 09 06:05:01 
Jan 09 06:05:01 ==================脚本执行- 北京时间(UTC+8)：2022/1/9 上午6:05:01=====================
Jan 09 06:05:01 
Jan 09 06:05:01 
Jan 09 06:05:01 ******开始【京东账号1】jd_GyKLGOwyLAnM*********
Jan 09 06:05:01 
Jan 09 06:05:02 任务完成失败：{"code":-30001,"msg":"登陆失败"}
Jan 09 06:05:02 
Jan 09 06:05:02 🔔东东健康社区收集能量收集, 结束! 🕛 1.301 秒
Jan 09 06:05:02 
Jan 09 06:25:00 
Jan 09 06:25:00 🔔东东健康社区收集能量收集, 开始!
Jan 09 06:25:00 
Jan 09 06:25:00 ====================共1个京东账号Cookie=========
Jan 09 06:25:00 
Jan 09 06:25:00 ==================脚本执行- 北京时间(UTC+8)：2022/1/9 上午6:25:00=====================
Jan 09 06:25:00 
Jan 09 06:25:00 
Jan 09 06:25:00 ******开始【京东账号1】jd_GyKLGOwyLAnM*********
Jan 09 06:25:00 
Jan 09 06:25:00 任务完成失败：{"code":-30001,"msg":"登陆失败"}
Jan 09 06:25:00 
Jan 09 06:25:00 🔔东东健康社区收集能量收集, 结束! 🕛 0.291 秒
Jan 09 06:25:00 
Jan 09 06:45:00 
Jan 09 06:45:00 🔔东东健康社区收集能量收集, 开始!
Jan 09 06:45:00 
Jan 09 06:45:00 ====================共1个京东账号Cookie=========
Jan 09 06:45:00 
Jan 09 06:45:00 ==================脚本执行- 北京时间(UTC+8)：2022/1/9 上午6:45:00=====================
Jan 09 06:45:00 
Jan 09 06:45:00 
Jan 09 06:45:00 ******开始【京东账号1】jd_GyKLGOwyLAnM*********
Jan 09 06:45:00 
Jan 09 06:45:00 任务完成失败：{"code":-30001,"msg":"登陆失败"}
Jan 09 06:45:00 
Jan 09 06:45:00 🔔东东健康社区收集能量收集, 结束! 🕛 0.515 秒
Jan 09 06:45:00 
Jan 09 07:05:00 
Jan 09 07:05:00 🔔东东健康社区收集能量收集, 开始!
Jan 09 07:05:00 
Jan 09 07:05:00 ====================共1个京东账号Cookie=========
Jan 09 07:05:00 
Jan 09 07:05:00 ==================脚本执行- 北京时间(UTC+8)：2022/1/9 上午7:05:00=====================
Jan 09 07:05:00 
Jan 09 07:05:00 
Jan 09 07:05:00 ******开始【京东账号1】jd_GyKLGOwyLAnM*********
Jan 09 07:05:00 
Jan 09 07:05:00 任务完成失败：{"code":-30001,"msg":"登陆失败"}
Jan 09 07:05:00 
Jan 09 07:05:00 🔔东东健康社区收集能量收集, 结束! 🕛 0.538 秒
Jan 09 07:05:00 
Jan 09 07:25:00 
Jan 09 07:25:00 🔔东东健康社区收集能量收集, 开始!
Jan 09 07:25:00 
Jan 09 07:25:00 ====================共1个京东账号Cookie=========
Jan 09 07:25:00 
Jan 09 07:25:00 ==================脚本执行- 北京时间(UTC+8)：2022/1/9 上午7:25:00=====================
Jan 09 07:25:00 
Jan 09 07:25:00 
Jan 09 07:25:00 ******开始【京东账号1】jd_GyKLGOwyLAnM*********
Jan 09 07:25:00 
Jan 09 07:25:00 任务完成失败：{"code":-30001,"msg":"登陆失败"}
Jan 09 07:25:00 
Jan 09 07:25:00 🔔东东健康社区收集能量收集, 结束! 🕛 0.376 秒
Jan 09 07:25:00 
Jan 09 07:45:00 
Jan 09 07:45:00 🔔东东健康社区收集能量收集, 开始!
Jan 09 07:45:00 
Jan 09 07:45:00 ====================共1个京东账号Cookie=========
Jan 09 07:45:00 
Jan 09 07:45:00 ==================脚本执行- 北京时间(UTC+8)：2022/1/9 上午7:45:00=====================
Jan 09 07:45:00 
Jan 09 07:45:00 
Jan 09 07:45:00 ******开始【京东账号1】jd_GyKLGOwyLAnM*********
Jan 09 07:45:00 
Jan 09 07:45:00 任务完成失败：{"code":-30001,"msg":"登陆失败"}
Jan 09 07:45:00 
Jan 09 07:45:00 🔔东东健康社区收集能量收集, 结束! 🕛 0.355 秒
Jan 09 07:45:00 
Jan 09 08:05:00 
Jan 09 08:05:00 🔔东东健康社区收集能量收集, 开始!
Jan 09 08:05:00 
Jan 09 08:05:00 ====================共1个京东账号Cookie=========
Jan 09 08:05:00 
Jan 09 08:05:01 ==================脚本执行- 北京时间(UTC+8)：2022/1/9 上午8:05:00=====================
Jan 09 08:05:01 
Jan 09 08:05:01 
Jan 09 08:05:01 ******开始【京东账号1】jd_GyKLGOwyLAnM*********
Jan 09 08:05:01 
Jan 09 08:05:03 任务完成失败：{"code":-30001,"msg":"登陆失败"}
Jan 09 08:05:03 
Jan 09 08:05:03 🔔东东健康社区收集能量收集, 结束! 🕛 2.573 秒
Jan 09 08:05:03 
Jan 09 08:25:00 
Jan 09 08:25:00 🔔东东健康社区收集能量收集, 开始!
Jan 09 08:25:00 
Jan 09 08:25:00 ====================共1个京东账号Cookie=========
Jan 09 08:25:00 
Jan 09 08:25:00 ==================脚本执行- 北京时间(UTC+8)：2022/1/9 上午8:25:00=====================
Jan 09 08:25:00 
Jan 09 08:25:00 
Jan 09 08:25:00 ******开始【京东账号1】jd_GyKLGOwyLAnM*********
Jan 09 08:25:00 
Jan 09 08:25:00 任务完成失败：{"code":-30001,"msg":"登陆失败"}
Jan 09 08:25:00 
Jan 09 08:25:00 🔔东东健康社区收集能量收集, 结束! 🕛 0.403 秒
Jan 09 08:25:00 
Jan 09 08:45:00 
Jan 09 08:45:00 🔔东东健康社区收集能量收集, 开始!
Jan 09 08:45:00 
Jan 09 08:45:00 ====================共1个京东账号Cookie=========
Jan 09 08:45:00 
Jan 09 08:45:00 ==================脚本执行- 北京时间(UTC+8)：2022/1/9 上午8:45:00=====================
Jan 09 08:45:00 
Jan 09 08:45:00 
Jan 09 08:45:00 ******开始【京东账号1】jd_GyKLGOwyLAnM*********
Jan 09 08:45:00 
Jan 09 08:45:00 任务完成失败：{"code":-30001,"msg":"登陆失败"}
Jan 09 08:45:00 
Jan 09 08:45:00 🔔东东健康社区收集能量收集, 结束! 🕛 0.364 秒
Jan 09 08:45:00 
Jan 09 09:05:00 
Jan 09 09:05:00 🔔东东健康社区收集能量收集, 开始!
Jan 09 09:05:00 
Jan 09 09:05:00 ====================共1个京东账号Cookie=========
Jan 09 09:05:00 
Jan 09 09:05:00 ==================脚本执行- 北京时间(UTC+8)：2022/1/9 上午9:05:00=====================
Jan 09 09:05:00 
Jan 09 09:05:00 
Jan 09 09:05:00 ******开始【京东账号1】jd_GyKLGOwyLAnM*********
Jan 09 09:05:00 
Jan 09 09:05:02 任务完成失败：{"code":-30001,"msg":"登陆失败"}
Jan 09 09:05:02 
Jan 09 09:05:02 🔔东东健康社区收集能量收集, 结束! 🕛 1.461 秒
Jan 09 09:05:02 
Jan 09 09:25:00 
Jan 09 09:25:00 🔔东东健康社区收集能量收集, 开始!
Jan 09 09:25:00 
Jan 09 09:25:00 ====================共1个京东账号Cookie=========
Jan 09 09:25:00 
Jan 09 09:25:00 ==================脚本执行- 北京时间(UTC+8)：2022/1/9 上午9:25:00=====================
Jan 09 09:25:00 
Jan 09 09:25:00 
Jan 09 09:25:00 ******开始【京东账号1】jd_GyKLGOwyLAnM*********
Jan 09 09:25:00 
Jan 09 09:25:00 任务完成失败：{"code":-30001,"msg":"登陆失败"}
Jan 09 09:25:00 
Jan 09 09:25:00 🔔东东健康社区收集能量收集, 结束! 🕛 0.356 秒
Jan 09 09:25:00 
Jan 09 09:45:00 
Jan 09 09:45:00 🔔东东健康社区收集能量收集, 开始!
Jan 09 09:45:00 
Jan 09 09:45:00 ====================共1个京东账号Cookie=========
Jan 09 09:45:00 
Jan 09 09:45:00 ==================脚本执行- 北京时间(UTC+8)：2022/1/9 上午9:45:00=====================
Jan 09 09:45:00 
Jan 09 09:45:00 
Jan 09 09:45:00 ******开始【京东账号1】jd_GyKLGOwyLAnM*********
Jan 09 09:45:00 
Jan 09 09:45:00 任务完成失败：{"code":-30001,"msg":"登陆失败"}
Jan 09 09:45:00 
Jan 09 09:45:00 🔔东东健康社区收集能量收集, 结束! 🕛 0.438 秒
Jan 09 09:45:00 
Jan 09 10:05:00 
Jan 09 10:05:00 🔔东东健康社区收集能量收集, 开始!
Jan 09 10:05:00 
Jan 09 10:05:00 ====================共1个京东账号Cookie=========
Jan 09 10:05:00 
Jan 09 10:05:00 ==================脚本执行- 北京时间(UTC+8)：2022/1/9 上午10:05:00=====================
Jan 09 10:05:00 
Jan 09 10:05:00 
Jan 09 10:05:00 ******开始【京东账号1】jd_GyKLGOwyLAnM*********
Jan 09 10:05:00 
Jan 09 10:05:02 任务完成失败：{"code":-30001,"msg":"登陆失败"}
Jan 09 10:05:02 
Jan 09 10:05:02 🔔东东健康社区收集能量收集, 结束! 🕛 1.514 秒
Jan 09 10:05:02 
Jan 09 10:25:00 
Jan 09 10:25:00 🔔东东健康社区收集能量收集, 开始!
Jan 09 10:25:00 
Jan 09 10:25:00 ====================共1个京东账号Cookie=========
Jan 09 10:25:00 
Jan 09 10:25:00 ==================脚本执行- 北京时间(UTC+8)：2022/1/9 上午10:25:00=====================
Jan 09 10:25:00 
Jan 09 10:25:00 
Jan 09 10:25:00 ******开始【京东账号1】jd_GyKLGOwyLAnM*********
Jan 09 10:25:00 
Jan 09 10:25:00 任务完成失败：{"code":-30001,"msg":"登陆失败"}
Jan 09 10:25:00 
Jan 09 10:25:00 🔔东东健康社区收集能量收集, 结束! 🕛 0.372 秒
Jan 09 10:25:00 
Jan 09 10:45:00 
Jan 09 10:45:00 🔔东东健康社区收集能量收集, 开始!
Jan 09 10:45:00 
Jan 09 10:45:00 ====================共1个京东账号Cookie=========
Jan 09 10:45:00 
Jan 09 10:45:00 ==================脚本执行- 北京时间(UTC+8)：2022/1/9 上午10:45:00=====================
Jan 09 10:45:00 
Jan 09 10:45:00 
Jan 09 10:45:00 ******开始【京东账号1】jd_GyKLGOwyLAnM*********
Jan 09 10:45:00 
Jan 09 10:45:00 任务完成失败：{"code":-30001,"msg":"登陆失败"}
Jan 09 10:45:00 
Jan 09 10:45:00 🔔东东健康社区收集能量收集, 结束! 🕛 0.399 秒
Jan 09 10:45:00 
Jan 09 11:05:00 
Jan 09 11:05:00 🔔东东健康社区收集能量收集, 开始!
Jan 09 11:05:00 
Jan 09 11:05:00 ====================共1个京东账号Cookie=========
Jan 09 11:05:00 
Jan 09 11:05:01 ==================脚本执行- 北京时间(UTC+8)：2022/1/9 上午11:05:00=====================
Jan 09 11:05:01 
Jan 09 11:05:01 
Jan 09 11:05:01 ******开始【京东账号1】jd_GyKLGOwyLAnM*********
Jan 09 11:05:01 
Jan 09 11:05:02 任务完成失败：{"code":-30001,"msg":"登陆失败"}
Jan 09 11:05:02 
Jan 09 11:05:02 🔔东东健康社区收集能量收集, 结束! 🕛 1.55 秒
Jan 09 11:05:02 
Jan 09 11:25:00 
Jan 09 11:25:00 🔔东东健康社区收集能量收集, 开始!
Jan 09 11:25:00 
Jan 09 11:25:00 ====================共1个京东账号Cookie=========
Jan 09 11:25:00 
Jan 09 11:25:00 ==================脚本执行- 北京时间(UTC+8)：2022/1/9 上午11:25:00=====================
Jan 09 11:25:00 
Jan 09 11:25:00 
Jan 09 11:25:00 ******开始【京东账号1】jd_GyKLGOwyLAnM*********
Jan 09 11:25:00 
Jan 09 11:25:00 任务完成失败：{"code":-30001,"msg":"登陆失败"}
Jan 09 11:25:00 
Jan 09 11:25:00 🔔东东健康社区收集能量收集, 结束! 🕛 0.408 秒
Jan 09 11:25:00 
Jan 09 11:45:00 
Jan 09 11:45:00 🔔东东健康社区收集能量收集, 开始!
Jan 09 11:45:00 
Jan 09 11:45:00 ====================共1个京东账号Cookie=========
Jan 09 11:45:00 
Jan 09 11:45:00 ==================脚本执行- 北京时间(UTC+8)：2022/1/9 上午11:45:00=====================
Jan 09 11:45:00 
Jan 09 11:45:00 
Jan 09 11:45:00 ******开始【京东账号1】jd_GyKLGOwyLAnM*********
Jan 09 11:45:00 
Jan 09 11:45:00 任务完成失败：{"code":-30001,"msg":"登陆失败"}
Jan 09 11:45:00 
Jan 09 11:45:00 🔔东东健康社区收集能量收集, 结束! 🕛 0.372 秒
Jan 09 11:45:00 
Jan 09 12:05:01 
Jan 09 12:05:01 🔔东东健康社区收集能量收集, 开始!
Jan 09 12:05:01 
Jan 09 12:05:01 ====================共1个京东账号Cookie=========
Jan 09 12:05:01 
Jan 09 12:05:01 ==================脚本执行- 北京时间(UTC+8)：2022/1/9 下午12:05:01=====================
Jan 09 12:05:01 
Jan 09 12:05:01 
Jan 09 12:05:01 ******开始【京东账号1】jd_GyKLGOwyLAnM*********
Jan 09 12:05:01 
Jan 09 12:05:02 任务完成失败：{"code":-30001,"msg":"登陆失败"}
Jan 09 12:05:02 
Jan 09 12:05:02 🔔东东健康社区收集能量收集, 结束! 🕛 1.652 秒
Jan 09 12:05:02 
Jan 09 12:25:00 
Jan 09 12:25:00 🔔东东健康社区收集能量收集, 开始!
Jan 09 12:25:00 
Jan 09 12:25:00 ====================共1个京东账号Cookie=========
Jan 09 12:25:00 
Jan 09 12:25:00 ==================脚本执行- 北京时间(UTC+8)：2022/1/9 下午12:25:00=====================
Jan 09 12:25:00 
Jan 09 12:25:00 
Jan 09 12:25:00 ******开始【京东账号1】jd_GyKLGOwyLAnM*********
Jan 09 12:25:00 
Jan 09 12:25:00 任务完成失败：{"code":-30001,"msg":"登陆失败"}
Jan 09 12:25:00 
Jan 09 12:25:00 🔔东东健康社区收集能量收集, 结束! 🕛 0.359 秒
Jan 09 12:25:00 
Jan 09 12:45:01 
Jan 09 12:45:01 🔔东东健康社区收集能量收集, 开始!
Jan 09 12:45:01 
Jan 09 12:45:01 ====================共1个京东账号Cookie=========
Jan 09 12:45:01 
Jan 09 12:45:01 ==================脚本执行- 北京时间(UTC+8)：2022/1/9 下午12:45:01=====================
Jan 09 12:45:01 
Jan 09 12:45:01 
Jan 09 12:45:01 ******开始【京东账号1】jd_GyKLGOwyLAnM*********
Jan 09 12:45:01 
Jan 09 12:45:02 任务完成失败：{"code":-30001,"msg":"登陆失败"}
Jan 09 12:45:02 
Jan 09 12:45:02 🔔东东健康社区收集能量收集, 结束! 🕛 1.295 秒
Jan 09 12:45:02 
Jan 09 13:05:01 
Jan 09 13:05:01 🔔东东健康社区收集能量收集, 开始!
Jan 09 13:05:01 
Jan 09 13:05:01 ====================共1个京东账号Cookie=========
Jan 09 13:05:01 
Jan 09 13:05:01 ==================脚本执行- 北京时间(UTC+8)：2022/1/9 下午1:05:01=====================
Jan 09 13:05:01 
Jan 09 13:05:01 
Jan 09 13:05:01 ******开始【京东账号1】jd_GyKLGOwyLAnM*********
Jan 09 13:05:01 
Jan 09 13:05:02 任务完成失败：{"code":-30001,"msg":"登陆失败"}
Jan 09 13:05:02 
Jan 09 13:05:02 🔔东东健康社区收集能量收集, 结束! 🕛 1.454 秒
Jan 09 13:05:02 
Jan 09 13:25:00 
Jan 09 13:25:00 🔔东东健康社区收集能量收集, 开始!
Jan 09 13:25:00 
Jan 09 13:25:00 ====================共1个京东账号Cookie=========
Jan 09 13:25:00 
Jan 09 13:25:00 ==================脚本执行- 北京时间(UTC+8)：2022/1/9 下午1:25:00=====================
Jan 09 13:25:00 
Jan 09 13:25:00 
Jan 09 13:25:00 ******开始【京东账号1】jd_GyKLGOwyLAnM*********
Jan 09 13:25:00 
Jan 09 13:25:01 任务完成失败：{"code":-30001,"msg":"登陆失败"}
Jan 09 13:25:01 
Jan 09 13:25:01 🔔东东健康社区收集能量收集, 结束! 🕛 0.506 秒
Jan 09 13:25:01 
Jan 09 13:45:00 
Jan 09 13:45:00 🔔东东健康社区收集能量收集, 开始!
Jan 09 13:45:00 
Jan 09 13:45:00 ====================共1个京东账号Cookie=========
Jan 09 13:45:00 
Jan 09 13:45:00 ==================脚本执行- 北京时间(UTC+8)：2022/1/9 下午1:45:00=====================
Jan 09 13:45:00 
Jan 09 13:45:00 
Jan 09 13:45:00 ******开始【京东账号1】jd_GyKLGOwyLAnM*********
Jan 09 13:45:00 
Jan 09 13:45:01 任务完成失败：{"code":-30001,"msg":"登陆失败"}
Jan 09 13:45:01 
Jan 09 13:45:01 🔔东东健康社区收集能量收集, 结束! 🕛 0.449 秒
Jan 09 13:45:01 
Jan 09 14:05:01 
Jan 09 14:05:01 🔔东东健康社区收集能量收集, 开始!
Jan 09 14:05:01 
Jan 09 14:05:01 ====================共1个京东账号Cookie=========
Jan 09 14:05:01 
Jan 09 14:05:01 ==================脚本执行- 北京时间(UTC+8)：2022/1/9 下午2:05:01=====================
Jan 09 14:05:01 
Jan 09 14:05:01 
Jan 09 14:05:01 ******开始【京东账号1】jd_GyKLGOwyLAnM*********
Jan 09 14:05:01 
Jan 09 14:05:02 任务完成失败：{"code":-30001,"msg":"登陆失败"}
Jan 09 14:05:02 
Jan 09 14:05:02 🔔东东健康社区收集能量收集, 结束! 🕛 1.284 秒
Jan 09 14:05:02 
Jan 09 14:25:00 
Jan 09 14:25:00 🔔东东健康社区收集能量收集, 开始!
Jan 09 14:25:00 
Jan 09 14:25:00 ====================共1个京东账号Cookie=========
Jan 09 14:25:00 
Jan 09 14:25:00 ==================脚本执行- 北京时间(UTC+8)：2022/1/9 下午2:25:00=====================
Jan 09 14:25:00 
Jan 09 14:25:00 
Jan 09 14:25:00 ******开始【京东账号1】jd_GyKLGOwyLAnM*********
Jan 09 14:25:00 
Jan 09 14:25:01 任务完成失败：{"code":-30001,"msg":"登陆失败"}
Jan 09 14:25:01 
Jan 09 14:25:01 🔔东东健康社区收集能量收集, 结束! 🕛 0.439 秒
Jan 09 14:25:01 
Jan 09 14:45:01 
Jan 09 14:45:01 🔔东东健康社区收集能量收集, 开始!
Jan 09 14:45:01 
Jan 09 14:45:01 ====================共1个京东账号Cookie=========
Jan 09 14:45:01 
Jan 09 14:45:01 ==================脚本执行- 北京时间(UTC+8)：2022/1/9 下午2:45:01=====================
Jan 09 14:45:01 
Jan 09 14:45:01 
Jan 09 14:45:01 ******开始【京东账号1】jd_GyKLGOwyLAnM*********
Jan 09 14:45:01 
Jan 09 14:45:01 任务完成失败：{"code":-30001,"msg":"登陆失败"}
Jan 09 14:45:01 
Jan 09 14:45:01 🔔东东健康社区收集能量收集, 结束! 🕛 0.551 秒
Jan 09 14:45:01 
Jan 09 15:05:01 
Jan 09 15:05:01 🔔东东健康社区收集能量收集, 开始!
Jan 09 15:05:01 
Jan 09 15:05:01 ====================共1个京东账号Cookie=========
Jan 09 15:05:01 
Jan 09 15:05:01 ==================脚本执行- 北京时间(UTC+8)：2022/1/9 下午3:05:01=====================
Jan 09 15:05:01 
Jan 09 15:05:01 
Jan 09 15:05:01 ******开始【京东账号1】jd_GyKLGOwyLAnM*********
Jan 09 15:05:01 
Jan 09 15:05:02 任务完成失败：{"code":-30001,"msg":"登陆失败"}
Jan 09 15:05:02 
Jan 09 15:05:02 🔔东东健康社区收集能量收集, 结束! 🕛 1.377 秒
Jan 09 15:05:02 
Jan 09 15:25:00 
Jan 09 15:25:00 🔔东东健康社区收集能量收集, 开始!
Jan 09 15:25:00 
Jan 09 15:25:00 ====================共1个京东账号Cookie=========
Jan 09 15:25:00 
Jan 09 15:25:00 ==================脚本执行- 北京时间(UTC+8)：2022/1/9 下午3:25:00=====================
Jan 09 15:25:00 
Jan 09 15:25:00 
Jan 09 15:25:00 ******开始【京东账号1】jd_GyKLGOwyLAnM*********
Jan 09 15:25:00 
Jan 09 15:25:01 任务完成失败：{"code":-30001,"msg":"登陆失败"}
Jan 09 15:25:01 
Jan 09 15:25:01 🔔东东健康社区收集能量收集, 结束! 🕛 0.413 秒
Jan 09 15:25:01 
Jan 09 15:45:00 
Jan 09 15:45:00 🔔东东健康社区收集能量收集, 开始!
Jan 09 15:45:00 
Jan 09 15:45:00 ====================共1个京东账号Cookie=========
Jan 09 15:45:00 
Jan 09 15:45:00 ==================脚本执行- 北京时间(UTC+8)：2022/1/9 下午3:45:00=====================
Jan 09 15:45:00 
Jan 09 15:45:00 
Jan 09 15:45:00 ******开始【京东账号1】jd_GyKLGOwyLAnM*********
Jan 09 15:45:00 
Jan 09 15:45:01 任务完成失败：{"code":-30001,"msg":"登陆失败"}
Jan 09 15:45:01 
Jan 09 15:45:01 🔔东东健康社区收集能量收集, 结束! 🕛 0.348 秒
Jan 09 15:45:01 
Jan 09 16:05:01 
Jan 09 16:05:01 🔔东东健康社区收集能量收集, 开始!
Jan 09 16:05:01 
Jan 09 16:05:01 ====================共1个京东账号Cookie=========
Jan 09 16:05:01 
Jan 09 16:05:01 ==================脚本执行- 北京时间(UTC+8)：2022/1/9 下午4:05:01=====================
Jan 09 16:05:01 
Jan 09 16:05:01 
Jan 09 16:05:01 ******开始【京东账号1】jd_GyKLGOwyLAnM*********
Jan 09 16:05:01 
Jan 09 16:05:02 任务完成失败：{"code":-30001,"msg":"登陆失败"}
Jan 09 16:05:02 
Jan 09 16:05:02 🔔东东健康社区收集能量收集, 结束! 🕛 1.363 秒
Jan 09 16:05:02 
Jan 09 16:25:00 
Jan 09 16:25:00 🔔东东健康社区收集能量收集, 开始!
Jan 09 16:25:00 
Jan 09 16:25:00 ====================共1个京东账号Cookie=========
Jan 09 16:25:00 
Jan 09 16:25:01 ==================脚本执行- 北京时间(UTC+8)：2022/1/9 下午4:25:00=====================
Jan 09 16:25:01 
Jan 09 16:25:01 
Jan 09 16:25:01 ******开始【京东账号1】jd_GyKLGOwyLAnM*********
Jan 09 16:25:01 
Jan 09 16:25:01 任务完成失败：{"code":-30001,"msg":"登陆失败"}
Jan 09 16:25:01 
Jan 09 16:25:01 🔔东东健康社区收集能量收集, 结束! 🕛 0.435 秒
Jan 09 16:25:01 
Jan 09 16:45:00 
Jan 09 16:45:00 🔔东东健康社区收集能量收集, 开始!
Jan 09 16:45:00 
Jan 09 16:45:00 ====================共1个京东账号Cookie=========
Jan 09 16:45:00 
Jan 09 16:45:01 ==================脚本执行- 北京时间(UTC+8)：2022/1/9 下午4:45:00=====================
Jan 09 16:45:01 
Jan 09 16:45:01 
Jan 09 16:45:01 ******开始【京东账号1】jd_GyKLGOwyLAnM*********
Jan 09 16:45:01 
Jan 09 16:45:01 任务完成失败：{"code":-30001,"msg":"登陆失败"}
Jan 09 16:45:01 
Jan 09 16:45:01 🔔东东健康社区收集能量收集, 结束! 🕛 0.382 秒
Jan 09 16:45:01 
Jan 09 17:05:01 
Jan 09 17:05:01 🔔东东健康社区收集能量收集, 开始!
Jan 09 17:05:01 
Jan 09 17:05:01 ====================共1个京东账号Cookie=========
Jan 09 17:05:01 
Jan 09 17:05:01 ==================脚本执行- 北京时间(UTC+8)：2022/1/9 下午5:05:01=====================
Jan 09 17:05:01 
Jan 09 17:05:01 
Jan 09 17:05:01 ******开始【京东账号1】jd_GyKLGOwyLAnM*********
Jan 09 17:05:01 
Jan 09 17:05:02 任务完成失败：{"code":-30001,"msg":"登陆失败"}
Jan 09 17:05:02 
Jan 09 17:05:02 🔔东东健康社区收集能量收集, 结束! 🕛 1.43 秒
Jan 09 17:05:02 
Jan 09 17:25:01 
Jan 09 17:25:01 🔔东东健康社区收集能量收集, 开始!
Jan 09 17:25:01 
Jan 09 17:25:01 ====================共1个京东账号Cookie=========
Jan 09 17:25:01 
Jan 09 17:25:01 ==================脚本执行- 北京时间(UTC+8)：2022/1/9 下午5:25:01=====================
Jan 09 17:25:01 
Jan 09 17:25:01 
Jan 09 17:25:01 ******开始【京东账号1】jd_GyKLGOwyLAnM*********
Jan 09 17:25:01 
Jan 09 17:25:01 任务完成失败：{"code":-30001,"msg":"登陆失败"}
Jan 09 17:25:01 
Jan 09 17:25:01 🔔东东健康社区收集能量收集, 结束! 🕛 0.555 秒
Jan 09 17:25:01 
Jan 09 17:45:01 
Jan 09 17:45:01 🔔东东健康社区收集能量收集, 开始!
Jan 09 17:45:01 
Jan 09 17:45:01 ====================共1个京东账号Cookie=========
Jan 09 17:45:01 
Jan 09 17:45:01 ==================脚本执行- 北京时间(UTC+8)：2022/1/9 下午5:45:01=====================
Jan 09 17:45:01 
Jan 09 17:45:01 
Jan 09 17:45:01 ******开始【京东账号1】jd_GyKLGOwyLAnM*********
Jan 09 17:45:01 
Jan 09 17:45:01 任务完成失败：{"code":-30001,"msg":"登陆失败"}
Jan 09 17:45:01 
Jan 09 17:45:01 🔔东东健康社区收集能量收集, 结束! 🕛 0.401 秒
Jan 09 17:45:01 
Jan 09 18:05:01 
Jan 09 18:05:01 🔔东东健康社区收集能量收集, 开始!
Jan 09 18:05:01 
Jan 09 18:05:01 ====================共1个京东账号Cookie=========
Jan 09 18:05:01 
Jan 09 18:05:01 ==================脚本执行- 北京时间(UTC+8)：2022/1/9 下午6:05:01=====================
Jan 09 18:05:01 
Jan 09 18:05:01 
Jan 09 18:05:01 ******开始【京东账号1】jd_GyKLGOwyLAnM*********
Jan 09 18:05:01 
Jan 09 18:05:02 任务完成失败：{"code":-30001,"msg":"登陆失败"}
Jan 09 18:05:02 
Jan 09 18:05:02 🔔东东健康社区收集能量收集, 结束! 🕛 1.387 秒
Jan 09 18:05:02 
Jan 09 18:25:01 
Jan 09 18:25:01 🔔东东健康社区收集能量收集, 开始!
Jan 09 18:25:01 
Jan 09 18:25:01 ====================共1个京东账号Cookie=========
Jan 09 18:25:01 
Jan 09 18:25:01 ==================脚本执行- 北京时间(UTC+8)：2022/1/9 下午6:25:01=====================
Jan 09 18:25:01 
Jan 09 18:25:01 
Jan 09 18:25:01 ******开始【京东账号1】jd_GyKLGOwyLAnM*********
Jan 09 18:25:01 
Jan 09 18:25:01 任务完成失败：{"code":-30001,"msg":"登陆失败"}
Jan 09 18:25:01 
Jan 09 18:25:01 🔔东东健康社区收集能量收集, 结束! 🕛 0.36 秒
Jan 09 18:25:01 
Jan 09 18:45:01 
Jan 09 18:45:01 🔔东东健康社区收集能量收集, 开始!
Jan 09 18:45:01 
Jan 09 18:45:01 ====================共1个京东账号Cookie=========
Jan 09 18:45:01 
Jan 09 18:45:01 ==================脚本执行- 北京时间(UTC+8)：2022/1/9 下午6:45:01=====================
Jan 09 18:45:01 
Jan 09 18:45:01 
Jan 09 18:45:01 ******开始【京东账号1】jd_GyKLGOwyLAnM*********
Jan 09 18:45:01 
Jan 09 18:45:02 任务完成失败：{"code":-30001,"msg":"登陆失败"}
Jan 09 18:45:02 
Jan 09 18:45:02 🔔东东健康社区收集能量收集, 结束! 🕛 1.132 秒
Jan 09 18:45:02 
Jan 09 19:05:01 
Jan 09 19:05:01 🔔东东健康社区收集能量收集, 开始!
Jan 09 19:05:01 
Jan 09 19:05:01 ====================共1个京东账号Cookie=========
Jan 09 19:05:01 
Jan 09 19:05:01 ==================脚本执行- 北京时间(UTC+8)：2022/1/9 下午7:05:01=====================
Jan 09 19:05:01 
Jan 09 19:05:01 
Jan 09 19:05:01 ******开始【京东账号1】jd_GyKLGOwyLAnM*********
Jan 09 19:05:01 
Jan 09 19:05:02 任务完成失败：{"code":-30001,"msg":"登陆失败"}
Jan 09 19:05:02 
Jan 09 19:05:02 🔔东东健康社区收集能量收集, 结束! 🕛 1.224 秒
Jan 09 19:05:02 
Jan 09 19:25:01 
Jan 09 19:25:01 🔔东东健康社区收集能量收集, 开始!
Jan 09 19:25:01 
Jan 09 19:25:01 ====================共1个京东账号Cookie=========
Jan 09 19:25:01 
Jan 09 19:25:01 ==================脚本执行- 北京时间(UTC+8)：2022/1/9 下午7:25:01=====================
Jan 09 19:25:01 
Jan 09 19:25:01 
Jan 09 19:25:01 ******开始【京东账号1】jd_GyKLGOwyLAnM*********
Jan 09 19:25:01 
Jan 09 19:25:01 任务完成失败：{"code":-30001,"msg":"登陆失败"}
Jan 09 19:25:01 
Jan 09 19:25:01 🔔东东健康社区收集能量收集, 结束! 🕛 0.404 秒
Jan 09 19:25:01 
Jan 09 19:45:01 
Jan 09 19:45:01 🔔东东健康社区收集能量收集, 开始!
Jan 09 19:45:01 
Jan 09 19:45:01 ====================共1个京东账号Cookie=========
Jan 09 19:45:01 
Jan 09 19:45:01 ==================脚本执行- 北京时间(UTC+8)：2022/1/9 下午7:45:01=====================
Jan 09 19:45:01 
Jan 09 19:45:01 
Jan 09 19:45:01 ******开始【京东账号1】jd_GyKLGOwyLAnM*********
Jan 09 19:45:01 
Jan 09 19:45:01 任务完成失败：{"code":-30001,"msg":"登陆失败"}
Jan 09 19:45:01 
Jan 09 19:45:01 🔔东东健康社区收集能量收集, 结束! 🕛 0.397 秒
Jan 09 19:45:01 
Jan 09 20:05:00 
Jan 09 20:05:00 🔔东东健康社区收集能量收集, 开始!
Jan 09 20:05:00 
Jan 09 20:05:00 ====================共1个京东账号Cookie=========
Jan 09 20:05:00 
Jan 09 20:05:00 ==================脚本执行- 北京时间(UTC+8)：2022/1/9 下午8:05:00=====================
Jan 09 20:05:00 
Jan 09 20:05:00 
Jan 09 20:05:00 ******开始【京东账号1】jd_GyKLGOwyLAnM*********
Jan 09 20:05:00 
Jan 09 20:05:00 任务完成失败：{"code":-30001,"msg":"登陆失败"}
Jan 09 20:05:00 
Jan 09 20:05:00 🔔东东健康社区收集能量收集, 结束! 🕛 0.53 秒
Jan 09 20:05:00 
Jan 09 20:25:00 
Jan 09 20:25:00 🔔东东健康社区收集能量收集, 开始!
Jan 09 20:25:00 
Jan 09 20:25:00 ====================共1个京东账号Cookie=========
Jan 09 20:25:00 
Jan 09 20:25:00 ==================脚本执行- 北京时间(UTC+8)：2022/1/9 下午8:25:00=====================
Jan 09 20:25:00 
Jan 09 20:25:00 
Jan 09 20:25:00 ******开始【京东账号1】jd_GyKLGOwyLAnM*********
Jan 09 20:25:00 
Jan 09 20:25:00 任务完成失败：{"code":-30001,"msg":"登陆失败"}
Jan 09 20:25:00 
Jan 09 20:25:00 🔔东东健康社区收集能量收集, 结束! 🕛 0.29 秒
Jan 09 20:25:00 
Jan 09 20:45:00 
Jan 09 20:45:00 🔔东东健康社区收集能量收集, 开始!
Jan 09 20:45:00 
Jan 09 20:45:00 ====================共1个京东账号Cookie=========
Jan 09 20:45:00 
Jan 09 20:45:00 ==================脚本执行- 北京时间(UTC+8)：2022/1/9 下午8:45:00=====================
Jan 09 20:45:00 
Jan 09 20:45:00 
Jan 09 20:45:00 ******开始【京东账号1】jd_GyKLGOwyLAnM*********
Jan 09 20:45:00 
Jan 09 20:45:00 任务完成失败：{"code":-30001,"msg":"登陆失败"}
Jan 09 20:45:00 
Jan 09 20:45:00 🔔东东健康社区收集能量收集, 结束! 🕛 0.307 秒
Jan 09 20:45:00 
Jan 09 21:05:00 
Jan 09 21:05:00 🔔东东健康社区收集能量收集, 开始!
Jan 09 21:05:00 
Jan 09 21:05:00 ====================共1个京东账号Cookie=========
Jan 09 21:05:00 
Jan 09 21:05:00 ==================脚本执行- 北京时间(UTC+8)：2022/1/9 下午9:05:00=====================
Jan 09 21:05:00 
Jan 09 21:05:00 
Jan 09 21:05:00 ******开始【京东账号1】jd_GyKLGOwyLAnM*********
Jan 09 21:05:00 
Jan 09 21:05:00 任务完成失败：{"code":-30001,"msg":"登陆失败"}
Jan 09 21:05:00 
Jan 09 21:05:00 🔔东东健康社区收集能量收集, 结束! 🕛 0.515 秒
Jan 09 21:05:00 
Jan 09 21:25:00 
Jan 09 21:25:00 🔔东东健康社区收集能量收集, 开始!
Jan 09 21:25:00 
Jan 09 21:25:00 ====================共1个京东账号Cookie=========
Jan 09 21:25:00 
Jan 09 21:25:00 ==================脚本执行- 北京时间(UTC+8)：2022/1/9 下午9:25:00=====================
Jan 09 21:25:00 
Jan 09 21:25:00 
Jan 09 21:25:00 ******开始【京东账号1】jd_GyKLGOwyLAnM*********
Jan 09 21:25:00 
Jan 09 21:25:00 任务完成失败：{"code":-30001,"msg":"登陆失败"}
Jan 09 21:25:00 
Jan 09 21:25:00 🔔东东健康社区收集能量收集, 结束! 🕛 0.39 秒
Jan 09 21:25:00 
Jan 09 21:45:00 
Jan 09 21:45:00 🔔东东健康社区收集能量收集, 开始!
Jan 09 21:45:00 
Jan 09 21:45:00 ====================共1个京东账号Cookie=========
Jan 09 21:45:00 
Jan 09 21:45:00 ==================脚本执行- 北京时间(UTC+8)：2022/1/9 下午9:45:00=====================
Jan 09 21:45:00 
Jan 09 21:45:00 
Jan 09 21:45:00 ******开始【京东账号1】jd_GyKLGOwyLAnM*********
Jan 09 21:45:00 
Jan 09 21:45:00 任务完成失败：{"code":-30001,"msg":"登陆失败"}
Jan 09 21:45:00 
Jan 09 21:45:00 🔔东东健康社区收集能量收集, 结束! 🕛 0.357 秒
Jan 09 21:45:00 
