Jan 07 00:01:01 
Jan 07 00:01:01 🔔跳跳乐瓜分京豆, 开始!
Jan 07 00:01:01 
Jan 07 00:01:01 ====================共1个京东账号Cookie=========
Jan 07 00:01:01 
Jan 07 00:01:01 ==================脚本执行- 北京时间(UTC+8)：2022/1/7 上午12:01:01=====================
Jan 07 00:01:01 
Jan 07 00:01:01 注：脚本好像还是会加商品到购物车，慎使用。
Jan 07 00:01:01 
Jan 07 00:01:03 
Jan 07 00:01:03 *****开始【京东账号1】jd_GyKLGOwyLAnM*****
Jan 07 00:01:03 
Jan 07 00:01:03 获取活动列表失败，请等待下一期活动
Jan 07 00:01:03 
Jan 07 00:01:03 
Jan 07 00:01:03 🔔跳跳乐瓜分京豆, 结束! 🕛 1.837 秒
Jan 07 00:01:03 
Jan 07 11:01:01 
Jan 07 11:01:01 🔔跳跳乐瓜分京豆, 开始!
Jan 07 11:01:01 
Jan 07 11:01:01 ====================共1个京东账号Cookie=========
Jan 07 11:01:01 
Jan 07 11:01:01 ==================脚本执行- 北京时间(UTC+8)：2022/1/7 上午11:01:01=====================
Jan 07 11:01:01 
Jan 07 11:01:01 注：脚本好像还是会加商品到购物车，慎使用。
Jan 07 11:01:01 
Jan 07 11:01:02 
Jan 07 11:01:02 *****开始【京东账号1】jd_GyKLGOwyLAnM*****
Jan 07 11:01:02 
Jan 07 11:01:02 获取活动列表失败，请等待下一期活动
Jan 07 11:01:02 
Jan 07 11:01:02 
Jan 07 11:01:02 🔔跳跳乐瓜分京豆, 结束! 🕛 1.567 秒
Jan 07 11:01:02 
Jan 07 21:01:01 
Jan 07 21:01:01 🔔跳跳乐瓜分京豆, 开始!
Jan 07 21:01:01 
Jan 07 21:01:01 ====================共1个京东账号Cookie=========
Jan 07 21:01:01 
Jan 07 21:01:01 ==================脚本执行- 北京时间(UTC+8)：2022/1/7 下午9:01:01=====================
Jan 07 21:01:01 
Jan 07 21:01:01 注：脚本好像还是会加商品到购物车，慎使用。
Jan 07 21:01:01 
Jan 07 21:01:02 
Jan 07 21:01:02 *****开始【京东账号1】jd_GyKLGOwyLAnM*****
Jan 07 21:01:02 
Jan 07 21:01:02 获取活动列表失败，请等待下一期活动
Jan 07 21:01:02 
Jan 07 21:01:02 
Jan 07 21:01:02 🔔跳跳乐瓜分京豆, 结束! 🕛 1.709 秒
Jan 07 21:01:02 
Jan 08 00:01:01 
Jan 08 00:01:01 🔔跳跳乐瓜分京豆, 开始!
Jan 08 00:01:01 
Jan 08 00:01:01 ====================共1个京东账号Cookie=========
Jan 08 00:01:01 
Jan 08 00:01:01 ==================脚本执行- 北京时间(UTC+8)：2022/1/8 上午12:01:01=====================
Jan 08 00:01:01 
Jan 08 00:01:01 注：脚本好像还是会加商品到购物车，慎使用。
Jan 08 00:01:01 
Jan 08 00:01:02 
Jan 08 00:01:02 *****开始【京东账号1】jd_GyKLGOwyLAnM*****
Jan 08 00:01:02 
Jan 08 00:01:03 获取活动列表失败，请等待下一期活动
Jan 08 00:01:03 
Jan 08 00:01:03 
Jan 08 00:01:03 🔔跳跳乐瓜分京豆, 结束! 🕛 1.738 秒
Jan 08 00:01:03 
Jan 08 11:01:01 
Jan 08 11:01:01 🔔跳跳乐瓜分京豆, 开始!
Jan 08 11:01:01 
Jan 08 11:01:01 ====================共1个京东账号Cookie=========
Jan 08 11:01:01 
Jan 08 11:01:01 ==================脚本执行- 北京时间(UTC+8)：2022/1/8 上午11:01:01=====================
Jan 08 11:01:01 
Jan 08 11:01:01 注：脚本好像还是会加商品到购物车，慎使用。
Jan 08 11:01:01 
Jan 08 11:01:02 
Jan 08 11:01:02 *****开始【京东账号1】jd_GyKLGOwyLAnM*****
Jan 08 11:01:02 
Jan 08 11:01:02 获取活动列表失败，请等待下一期活动
Jan 08 11:01:02 
Jan 08 11:01:02 
Jan 08 11:01:02 🔔跳跳乐瓜分京豆, 结束! 🕛 1.622 秒
Jan 08 11:01:02 
Jan 08 21:01:00 
Jan 08 21:01:00 🔔跳跳乐瓜分京豆, 开始!
Jan 08 21:01:00 
Jan 08 21:01:00 ====================共1个京东账号Cookie=========
Jan 08 21:01:00 
Jan 08 21:01:00 ==================脚本执行- 北京时间(UTC+8)：2022/1/8 下午9:01:00=====================
Jan 08 21:01:00 
Jan 08 21:01:00 注：脚本好像还是会加商品到购物车，慎使用。
Jan 08 21:01:00 
Jan 08 21:01:01 
Jan 08 21:01:01 *****开始【京东账号1】jd_GyKLGOwyLAnM*****
Jan 08 21:01:01 
Jan 08 21:01:02 获取活动列表失败，请等待下一期活动
Jan 08 21:01:02 
Jan 08 21:01:02 
Jan 08 21:01:02 🔔跳跳乐瓜分京豆, 结束! 🕛 1.61 秒
Jan 08 21:01:02 
Jan 09 00:01:01 
Jan 09 00:01:01 🔔跳跳乐瓜分京豆, 开始!
Jan 09 00:01:01 
Jan 09 00:01:01 ====================共1个京东账号Cookie=========
Jan 09 00:01:01 
Jan 09 00:01:01 ==================脚本执行- 北京时间(UTC+8)：2022/1/9 上午12:01:01=====================
Jan 09 00:01:01 
Jan 09 00:01:01 注：脚本好像还是会加商品到购物车，慎使用。
Jan 09 00:01:01 
Jan 09 00:01:02 
Jan 09 00:01:02 *****开始【京东账号1】jd_GyKLGOwyLAnM*****
Jan 09 00:01:02 
Jan 09 00:01:03 获取活动列表失败，请等待下一期活动
Jan 09 00:01:03 
Jan 09 00:01:03 
Jan 09 00:01:03 🔔跳跳乐瓜分京豆, 结束! 🕛 1.794 秒
Jan 09 00:01:03 
Jan 09 11:01:00 
Jan 09 11:01:00 🔔跳跳乐瓜分京豆, 开始!
Jan 09 11:01:00 
Jan 09 11:01:00 ====================共1个京东账号Cookie=========
Jan 09 11:01:00 
Jan 09 11:01:01 ==================脚本执行- 北京时间(UTC+8)：2022/1/9 上午11:01:00=====================
Jan 09 11:01:01 
Jan 09 11:01:01 注：脚本好像还是会加商品到购物车，慎使用。
Jan 09 11:01:01 
Jan 09 11:01:02 
Jan 09 11:01:02 *****开始【京东账号1】jd_GyKLGOwyLAnM*****
Jan 09 11:01:02 
Jan 09 11:01:02 获取活动列表失败，请等待下一期活动
Jan 09 11:01:02 
Jan 09 11:01:02 
Jan 09 11:01:02 🔔跳跳乐瓜分京豆, 结束! 🕛 1.802 秒
Jan 09 11:01:02 
Jan 09 21:01:00 
Jan 09 21:01:00 🔔跳跳乐瓜分京豆, 开始!
Jan 09 21:01:00 
Jan 09 21:01:00 ====================共1个京东账号Cookie=========
Jan 09 21:01:00 
Jan 09 21:01:00 ==================脚本执行- 北京时间(UTC+8)：2022/1/9 下午9:01:00=====================
Jan 09 21:01:00 
Jan 09 21:01:00 注：脚本好像还是会加商品到购物车，慎使用。
Jan 09 21:01:00 
Jan 09 21:01:00 
Jan 09 21:01:00 *****开始【京东账号1】jd_GyKLGOwyLAnM*****
Jan 09 21:01:00 
Jan 09 21:01:01 获取活动列表失败，请等待下一期活动
Jan 09 21:01:01 
Jan 09 21:01:01 
Jan 09 21:01:01 🔔跳跳乐瓜分京豆, 结束! 🕛 0.804 秒
Jan 09 21:01:01 
