Jan 07 10:10:01 
Jan 07 10:10:01 🔔幸运大转盘, 开始!
Jan 07 10:10:01 
Jan 07 10:10:01 ====================共1个京东账号Cookie=========
Jan 07 10:10:01 
Jan 07 10:10:01 ==================脚本执行- 北京时间(UTC+8)：2022/1/7 上午10:10:01=====================
Jan 07 10:10:01 
Jan 07 10:10:01 如果出现提示 ?.data. 错误，请升级nodejs版本(进入容器后，apk add nodejs-current)
Jan 07 10:10:01 
Jan 07 10:10:01 ******开始【京东账号1】jd_GyKLGOwyLAnM*********
Jan 07 10:10:01 
Jan 07 10:10:02 
Jan 07 10:10:02 🔔幸运大转盘, 结束! 🕛 1.471 秒
Jan 07 10:10:02 
Jan 07 23:10:00 
Jan 07 23:10:00 🔔幸运大转盘, 开始!
Jan 07 23:10:00 
Jan 07 23:10:00 ====================共1个京东账号Cookie=========
Jan 07 23:10:00 
Jan 07 23:10:00 ==================脚本执行- 北京时间(UTC+8)：2022/1/7 下午11:10:00=====================
Jan 07 23:10:00 
Jan 07 23:10:00 如果出现提示 ?.data. 错误，请升级nodejs版本(进入容器后，apk add nodejs-current)
Jan 07 23:10:00 
Jan 07 23:10:00 ******开始【京东账号1】jd_GyKLGOwyLAnM*********
Jan 07 23:10:00 
Jan 07 23:10:01 
Jan 07 23:10:01 🔔幸运大转盘, 结束! 🕛 0.791 秒
Jan 07 23:10:01 
Jan 08 10:10:01 
Jan 08 10:10:01 🔔幸运大转盘, 开始!
Jan 08 10:10:01 
Jan 08 10:10:01 ====================共1个京东账号Cookie=========
Jan 08 10:10:01 
Jan 08 10:10:01 ==================脚本执行- 北京时间(UTC+8)：2022/1/8 上午10:10:01=====================
Jan 08 10:10:01 
Jan 08 10:10:01 如果出现提示 ?.data. 错误，请升级nodejs版本(进入容器后，apk add nodejs-current)
Jan 08 10:10:01 
Jan 08 10:10:01 ******开始【京东账号1】jd_GyKLGOwyLAnM*********
Jan 08 10:10:01 
Jan 08 10:10:02 
Jan 08 10:10:02 🔔幸运大转盘, 结束! 🕛 1.655 秒
Jan 08 10:10:02 
Jan 08 23:10:00 
Jan 08 23:10:00 🔔幸运大转盘, 开始!
Jan 08 23:10:00 
Jan 08 23:10:00 ====================共1个京东账号Cookie=========
Jan 08 23:10:00 
Jan 08 23:10:00 ==================脚本执行- 北京时间(UTC+8)：2022/1/8 下午11:10:00=====================
Jan 08 23:10:00 
Jan 08 23:10:00 如果出现提示 ?.data. 错误，请升级nodejs版本(进入容器后，apk add nodejs-current)
Jan 08 23:10:00 
Jan 08 23:10:00 ******开始【京东账号1】jd_GyKLGOwyLAnM*********
Jan 08 23:10:00 
Jan 08 23:10:01 
Jan 08 23:10:01 🔔幸运大转盘, 结束! 🕛 0.836 秒
Jan 08 23:10:01 
Jan 09 10:10:00 
Jan 09 10:10:00 🔔幸运大转盘, 开始!
Jan 09 10:10:00 
Jan 09 10:10:00 ====================共1个京东账号Cookie=========
Jan 09 10:10:00 
Jan 09 10:10:00 ==================脚本执行- 北京时间(UTC+8)：2022/1/9 上午10:10:00=====================
Jan 09 10:10:00 
Jan 09 10:10:00 如果出现提示 ?.data. 错误，请升级nodejs版本(进入容器后，apk add nodejs-current)
Jan 09 10:10:00 
Jan 09 10:10:00 ******开始【京东账号1】jd_GyKLGOwyLAnM*********
Jan 09 10:10:00 
Jan 09 10:10:02 
Jan 09 10:10:02 🔔幸运大转盘, 结束! 🕛 1.566 秒
Jan 09 10:10:02 
