Jan 07 00:00:02 
Jan 07 00:00:02 🔔5G超级盲盒, 开始!
Jan 07 00:00:03 
Jan 07 00:00:03 ====================共1个京东账号Cookie=========
Jan 07 00:00:03 
Jan 07 00:00:03 ==================脚本执行- 北京时间(UTC+8)：2022/1/7 上午12:00:03=====================
Jan 07 00:00:03 
Jan 07 00:00:03 5G超级盲盒，可抽奖获得京豆，建议在凌晨0点时运行脚本，白天抽奖基本没有京豆，3小时运行一次收集热力值
Jan 07 00:00:03 活动地址: https://blindbox5g.jd.com
Jan 07 00:00:03 活动时间：2021-8-2到2021-10-29
Jan 07 00:00:03 更新时间：2021-8-8 19:00
Jan 07 00:00:09 
Jan 07 00:00:09 ******开始【京东账号1】jd_GyKLGOwyLAnM*********
Jan 07 00:00:09 
Jan 07 00:00:10 未登录
Jan 07 00:00:10 
Jan 07 00:00:10 ==============📣系统通知📣==============
Jan 07 00:00:10 5G超级盲盒
Jan 07 00:00:10 领取失败
Jan 07 00:00:10 未登录
Jan 07 00:00:10 
Jan 07 00:00:10 🔔5G超级盲盒, 结束! 🕛 7.491 秒
Jan 07 00:00:10 
Jan 07 00:00:10 
Jan 07 00:00:10 
Jan 07 00:00:10 自己账号内部互助
Jan 07 00:00:10 
Jan 07 00:00:10 🔔5G超级盲盒, 结束! 🕛 7.907 秒
Jan 07 00:00:10 
Jan 07 01:00:00 
Jan 07 01:00:00 🔔5G超级盲盒, 开始!
Jan 07 01:00:00 
Jan 07 01:00:00 ====================共1个京东账号Cookie=========
Jan 07 01:00:00 
Jan 07 01:00:00 ==================脚本执行- 北京时间(UTC+8)：2022/1/7 上午1:00:00=====================
Jan 07 01:00:00 
Jan 07 01:00:00 5G超级盲盒，可抽奖获得京豆，建议在凌晨0点时运行脚本，白天抽奖基本没有京豆，3小时运行一次收集热力值
Jan 07 01:00:00 活动地址: https://blindbox5g.jd.com
Jan 07 01:00:00 活动时间：2021-8-2到2021-10-29
Jan 07 01:00:00 更新时间：2021-8-8 19:00
Jan 07 01:00:03 
Jan 07 01:00:03 ******开始【京东账号1】jd_GyKLGOwyLAnM*********
Jan 07 01:00:03 
Jan 07 01:00:03 未登录
Jan 07 01:00:03 
Jan 07 01:00:03 ==============📣系统通知📣==============
Jan 07 01:00:03 5G超级盲盒
Jan 07 01:00:03 领取失败
Jan 07 01:00:03 未登录
Jan 07 01:00:03 
Jan 07 01:00:03 🔔5G超级盲盒, 结束! 🕛 3.372 秒
Jan 07 01:00:03 
Jan 07 01:00:03 
Jan 07 01:00:03 
Jan 07 01:00:03 自己账号内部互助
Jan 07 01:00:03 
Jan 07 01:00:03 🔔5G超级盲盒, 结束! 🕛 3.801 秒
Jan 07 01:00:03 
Jan 07 04:00:00 
Jan 07 04:00:00 🔔5G超级盲盒, 开始!
Jan 07 04:00:00 
Jan 07 04:00:00 ====================共1个京东账号Cookie=========
Jan 07 04:00:00 
Jan 07 04:00:00 ==================脚本执行- 北京时间(UTC+8)：2022/1/7 上午4:00:00=====================
Jan 07 04:00:00 
Jan 07 04:00:00 5G超级盲盒，可抽奖获得京豆，建议在凌晨0点时运行脚本，白天抽奖基本没有京豆，3小时运行一次收集热力值
Jan 07 04:00:00 活动地址: https://blindbox5g.jd.com
Jan 07 04:00:00 活动时间：2021-8-2到2021-10-29
Jan 07 04:00:00 更新时间：2021-8-8 19:00
Jan 07 04:00:02 
Jan 07 04:00:02 ******开始【京东账号1】jd_GyKLGOwyLAnM*********
Jan 07 04:00:02 
Jan 07 04:00:02 未登录
Jan 07 04:00:02 
Jan 07 04:00:02 ==============📣系统通知📣==============
Jan 07 04:00:02 5G超级盲盒
Jan 07 04:00:02 领取失败
Jan 07 04:00:02 未登录
Jan 07 04:00:02 
Jan 07 04:00:02 🔔5G超级盲盒, 结束! 🕛 2.446 秒
Jan 07 04:00:02 
Jan 07 04:00:03 
Jan 07 04:00:03 
Jan 07 04:00:03 自己账号内部互助
Jan 07 04:00:03 
Jan 07 04:00:03 🔔5G超级盲盒, 结束! 🕛 2.855 秒
Jan 07 04:00:03 
Jan 07 07:00:00 
Jan 07 07:00:00 🔔5G超级盲盒, 开始!
Jan 07 07:00:00 
Jan 07 07:00:00 ====================共1个京东账号Cookie=========
Jan 07 07:00:00 
Jan 07 07:00:00 ==================脚本执行- 北京时间(UTC+8)：2022/1/7 上午7:00:00=====================
Jan 07 07:00:00 
Jan 07 07:00:00 5G超级盲盒，可抽奖获得京豆，建议在凌晨0点时运行脚本，白天抽奖基本没有京豆，3小时运行一次收集热力值
Jan 07 07:00:00 活动地址: https://blindbox5g.jd.com
Jan 07 07:00:00 活动时间：2021-8-2到2021-10-29
Jan 07 07:00:00 更新时间：2021-8-8 19:00
Jan 07 07:00:02 
Jan 07 07:00:02 ******开始【京东账号1】jd_GyKLGOwyLAnM*********
Jan 07 07:00:02 
Jan 07 07:00:02 未登录
Jan 07 07:00:02 
Jan 07 07:00:02 ==============📣系统通知📣==============
Jan 07 07:00:02 5G超级盲盒
Jan 07 07:00:02 领取失败
Jan 07 07:00:02 未登录
Jan 07 07:00:02 
Jan 07 07:00:02 🔔5G超级盲盒, 结束! 🕛 1.911 秒
Jan 07 07:00:02 
Jan 07 07:00:02 
Jan 07 07:00:02 
Jan 07 07:00:02 自己账号内部互助
Jan 07 07:00:02 账号 1 jd_GyKLGOwyLAnM 开始给 df04a996-17f3-495f-808e-f496ae39f359进行助力
Jan 07 07:00:03 助力失败：未登录
Jan 07 07:00:03 账号 1 jd_GyKLGOwyLAnM 开始给 9507dd3b-33d9-4cde-97f7-91090ed5c1c5进行助力
Jan 07 07:00:03 助力失败：未登录
Jan 07 07:00:03 账号 1 jd_GyKLGOwyLAnM 开始给 62693db1-f73d-4900-b6e5-714764abc10d进行助力
Jan 07 07:00:03 助力失败：未登录
Jan 07 07:00:03 账号 1 jd_GyKLGOwyLAnM 开始给 40719be1-1584-4dc0-81cb-200306428b5b进行助力
Jan 07 07:00:03 助力失败：未登录
Jan 07 07:00:03 账号 1 jd_GyKLGOwyLAnM 开始给 b8c68b47-7d4e-4386-b43b-b6af5ca2d824进行助力
Jan 07 07:00:03 助力失败：未登录
Jan 07 07:00:03 账号 1 jd_GyKLGOwyLAnM 开始给 24655f63-4345-460e-aa67-def3d8e4a194进行助力
Jan 07 07:00:03 助力失败：未登录
Jan 07 07:00:03 账号 1 jd_GyKLGOwyLAnM 开始给 f57132c2-b84f-4eea-912b-e9b0b0796eb2进行助力
Jan 07 07:00:03 助力失败：未登录
Jan 07 07:00:03 
Jan 07 07:00:03 🔔5G超级盲盒, 结束! 🕛 3.359 秒
Jan 07 07:00:03 
Jan 07 10:00:00 
Jan 07 10:00:00 🔔5G超级盲盒, 开始!
Jan 07 10:00:00 
Jan 07 10:00:00 ====================共1个京东账号Cookie=========
Jan 07 10:00:00 
Jan 07 10:00:01 ==================脚本执行- 北京时间(UTC+8)：2022/1/7 上午10:00:00=====================
Jan 07 10:00:01 
Jan 07 10:00:01 5G超级盲盒，可抽奖获得京豆，建议在凌晨0点时运行脚本，白天抽奖基本没有京豆，3小时运行一次收集热力值
Jan 07 10:00:01 活动地址: https://blindbox5g.jd.com
Jan 07 10:00:01 活动时间：2021-8-2到2021-10-29
Jan 07 10:00:01 更新时间：2021-8-8 19:00
Jan 07 10:00:04 
Jan 07 10:00:04 ******开始【京东账号1】jd_GyKLGOwyLAnM*********
Jan 07 10:00:04 
Jan 07 10:00:04 未登录
Jan 07 10:00:04 
Jan 07 10:00:04 ==============📣系统通知📣==============
Jan 07 10:00:04 5G超级盲盒
Jan 07 10:00:04 领取失败
Jan 07 10:00:04 未登录
Jan 07 10:00:04 
Jan 07 10:00:04 🔔5G超级盲盒, 结束! 🕛 3.392 秒
Jan 07 10:00:04 
Jan 07 10:00:04 
Jan 07 10:00:04 
Jan 07 10:00:04 自己账号内部互助
Jan 07 10:00:04 账号 1 jd_GyKLGOwyLAnM 开始给 df04a996-17f3-495f-808e-f496ae39f359进行助力
Jan 07 10:00:04 助力失败：未登录
Jan 07 10:00:04 账号 1 jd_GyKLGOwyLAnM 开始给 9507dd3b-33d9-4cde-97f7-91090ed5c1c5进行助力
Jan 07 10:00:05 助力失败：未登录
Jan 07 10:00:05 账号 1 jd_GyKLGOwyLAnM 开始给 62693db1-f73d-4900-b6e5-714764abc10d进行助力
Jan 07 10:00:05 助力失败：未登录
Jan 07 10:00:05 账号 1 jd_GyKLGOwyLAnM 开始给 40719be1-1584-4dc0-81cb-200306428b5b进行助力
Jan 07 10:00:05 助力失败：未登录
Jan 07 10:00:05 账号 1 jd_GyKLGOwyLAnM 开始给 b8c68b47-7d4e-4386-b43b-b6af5ca2d824进行助力
Jan 07 10:00:05 助力失败：未登录
Jan 07 10:00:05 账号 1 jd_GyKLGOwyLAnM 开始给 24655f63-4345-460e-aa67-def3d8e4a194进行助力
Jan 07 10:00:05 助力失败：未登录
Jan 07 10:00:05 账号 1 jd_GyKLGOwyLAnM 开始给 f57132c2-b84f-4eea-912b-e9b0b0796eb2进行助力
Jan 07 10:00:05 助力失败：未登录
Jan 07 10:00:05 
Jan 07 10:00:05 🔔5G超级盲盒, 结束! 🕛 4.844 秒
Jan 07 10:00:05 
Jan 07 10:00:13 刷新CDN异常 Response code 503 (Service Unavailable)
Jan 07 13:00:01 
Jan 07 13:00:01 🔔5G超级盲盒, 开始!
Jan 07 13:00:01 
Jan 07 13:00:01 ====================共1个京东账号Cookie=========
Jan 07 13:00:01 
Jan 07 13:00:01 ==================脚本执行- 北京时间(UTC+8)：2022/1/7 下午1:00:01=====================
Jan 07 13:00:01 
Jan 07 13:00:01 5G超级盲盒，可抽奖获得京豆，建议在凌晨0点时运行脚本，白天抽奖基本没有京豆，3小时运行一次收集热力值
Jan 07 13:00:01 活动地址: https://blindbox5g.jd.com
Jan 07 13:00:01 活动时间：2021-8-2到2021-10-29
Jan 07 13:00:01 更新时间：2021-8-8 19:00
Jan 07 13:00:03 
Jan 07 13:00:03 ******开始【京东账号1】jd_GyKLGOwyLAnM*********
Jan 07 13:00:03 
Jan 07 13:00:03 未登录
Jan 07 13:00:03 
Jan 07 13:00:03 ==============📣系统通知📣==============
Jan 07 13:00:03 5G超级盲盒
Jan 07 13:00:03 领取失败
Jan 07 13:00:03 未登录
Jan 07 13:00:03 
Jan 07 13:00:03 🔔5G超级盲盒, 结束! 🕛 2.36 秒
Jan 07 13:00:03 
Jan 07 13:00:03 
Jan 07 13:00:03 
Jan 07 13:00:03 自己账号内部互助
Jan 07 13:00:03 
Jan 07 13:00:03 🔔5G超级盲盒, 结束! 🕛 2.789 秒
Jan 07 13:00:03 
Jan 07 16:00:00 
Jan 07 16:00:00 🔔5G超级盲盒, 开始!
Jan 07 16:00:00 
Jan 07 16:00:00 ====================共1个京东账号Cookie=========
Jan 07 16:00:00 
Jan 07 16:00:00 ==================脚本执行- 北京时间(UTC+8)：2022/1/7 下午4:00:00=====================
Jan 07 16:00:00 
Jan 07 16:00:00 5G超级盲盒，可抽奖获得京豆，建议在凌晨0点时运行脚本，白天抽奖基本没有京豆，3小时运行一次收集热力值
Jan 07 16:00:00 活动地址: https://blindbox5g.jd.com
Jan 07 16:00:00 活动时间：2021-8-2到2021-10-29
Jan 07 16:00:00 更新时间：2021-8-8 19:00
Jan 07 16:00:02 
Jan 07 16:00:02 ******开始【京东账号1】jd_GyKLGOwyLAnM*********
Jan 07 16:00:02 
Jan 07 16:00:02 未登录
Jan 07 16:00:02 
Jan 07 16:00:02 ==============📣系统通知📣==============
Jan 07 16:00:02 5G超级盲盒
Jan 07 16:00:02 领取失败
Jan 07 16:00:02 未登录
Jan 07 16:00:02 
Jan 07 16:00:02 🔔5G超级盲盒, 结束! 🕛 2.481 秒
Jan 07 16:00:02 
Jan 07 16:00:03 
Jan 07 16:00:03 
Jan 07 16:00:03 自己账号内部互助
Jan 07 16:00:03 
Jan 07 16:00:03 🔔5G超级盲盒, 结束! 🕛 2.907 秒
Jan 07 16:00:03 
Jan 07 19:00:00 
Jan 07 19:00:00 🔔5G超级盲盒, 开始!
Jan 07 19:00:00 
Jan 07 19:00:00 ====================共1个京东账号Cookie=========
Jan 07 19:00:00 
Jan 07 19:00:00 ==================脚本执行- 北京时间(UTC+8)：2022/1/7 下午7:00:00=====================
Jan 07 19:00:00 
Jan 07 19:00:00 5G超级盲盒，可抽奖获得京豆，建议在凌晨0点时运行脚本，白天抽奖基本没有京豆，3小时运行一次收集热力值
Jan 07 19:00:00 活动地址: https://blindbox5g.jd.com
Jan 07 19:00:00 活动时间：2021-8-2到2021-10-29
Jan 07 19:00:00 更新时间：2021-8-8 19:00
Jan 07 19:00:04 
Jan 07 19:00:04 ******开始【京东账号1】jd_GyKLGOwyLAnM*********
Jan 07 19:00:04 
Jan 07 19:00:04 未登录
Jan 07 19:00:04 
Jan 07 19:00:04 ==============📣系统通知📣==============
Jan 07 19:00:04 5G超级盲盒
Jan 07 19:00:04 领取失败
Jan 07 19:00:04 未登录
Jan 07 19:00:04 
Jan 07 19:00:04 🔔5G超级盲盒, 结束! 🕛 4.461 秒
Jan 07 19:00:04 
Jan 07 19:00:05 
Jan 07 19:00:05 
Jan 07 19:00:05 自己账号内部互助
Jan 07 19:00:05 
Jan 07 19:00:05 🔔5G超级盲盒, 结束! 🕛 4.878 秒
Jan 07 19:00:05 
Jan 07 22:00:01 
Jan 07 22:00:01 🔔5G超级盲盒, 开始!
Jan 07 22:00:01 
Jan 07 22:00:01 ====================共1个京东账号Cookie=========
Jan 07 22:00:01 
Jan 07 22:00:01 ==================脚本执行- 北京时间(UTC+8)：2022/1/7 下午10:00:01=====================
Jan 07 22:00:01 
Jan 07 22:00:01 5G超级盲盒，可抽奖获得京豆，建议在凌晨0点时运行脚本，白天抽奖基本没有京豆，3小时运行一次收集热力值
Jan 07 22:00:01 活动地址: https://blindbox5g.jd.com
Jan 07 22:00:01 活动时间：2021-8-2到2021-10-29
Jan 07 22:00:01 更新时间：2021-8-8 19:00
Jan 07 22:00:07 
Jan 07 22:00:07 ******开始【京东账号1】jd_GyKLGOwyLAnM*********
Jan 07 22:00:07 
Jan 07 22:00:07 未登录
Jan 07 22:00:07 
Jan 07 22:00:07 ==============📣系统通知📣==============
Jan 07 22:00:07 5G超级盲盒
Jan 07 22:00:07 领取失败
Jan 07 22:00:07 未登录
Jan 07 22:00:07 
Jan 07 22:00:07 🔔5G超级盲盒, 结束! 🕛 6.646 秒
Jan 07 22:00:07 
Jan 07 22:00:08 
Jan 07 22:00:08 
Jan 07 22:00:08 自己账号内部互助
Jan 07 22:00:08 
Jan 07 22:00:08 🔔5G超级盲盒, 结束! 🕛 7.089 秒
Jan 07 22:00:08 
Jan 07 22:00:17 刷新CDN异常 Response code 503 (Service Unavailable)
Jan 08 00:00:02 
Jan 08 00:00:02 🔔5G超级盲盒, 开始!
Jan 08 00:00:02 
Jan 08 00:00:02 ====================共1个京东账号Cookie=========
Jan 08 00:00:02 
Jan 08 00:00:02 ==================脚本执行- 北京时间(UTC+8)：2022/1/8 上午12:00:02=====================
Jan 08 00:00:02 
Jan 08 00:00:02 5G超级盲盒，可抽奖获得京豆，建议在凌晨0点时运行脚本，白天抽奖基本没有京豆，3小时运行一次收集热力值
Jan 08 00:00:02 活动地址: https://blindbox5g.jd.com
Jan 08 00:00:02 活动时间：2021-8-2到2021-10-29
Jan 08 00:00:02 更新时间：2021-8-8 19:00
Jan 08 00:00:07 
Jan 08 00:00:07 ******开始【京东账号1】jd_GyKLGOwyLAnM*********
Jan 08 00:00:07 
Jan 08 00:00:07 未登录
Jan 08 00:00:07 
Jan 08 00:00:07 ==============📣系统通知📣==============
Jan 08 00:00:07 5G超级盲盒
Jan 08 00:00:07 领取失败
Jan 08 00:00:07 未登录
Jan 08 00:00:07 
Jan 08 00:00:07 🔔5G超级盲盒, 结束! 🕛 5.381 秒
Jan 08 00:00:07 
Jan 08 00:00:08 
Jan 08 00:00:08 
Jan 08 00:00:08 自己账号内部互助
Jan 08 00:00:08 
Jan 08 00:00:08 🔔5G超级盲盒, 结束! 🕛 5.788 秒
Jan 08 00:00:08 
Jan 08 01:00:01 
Jan 08 01:00:01 🔔5G超级盲盒, 开始!
Jan 08 01:00:01 
Jan 08 01:00:01 ====================共1个京东账号Cookie=========
Jan 08 01:00:01 
Jan 08 01:00:01 ==================脚本执行- 北京时间(UTC+8)：2022/1/8 上午1:00:01=====================
Jan 08 01:00:01 
Jan 08 01:00:01 5G超级盲盒，可抽奖获得京豆，建议在凌晨0点时运行脚本，白天抽奖基本没有京豆，3小时运行一次收集热力值
Jan 08 01:00:01 活动地址: https://blindbox5g.jd.com
Jan 08 01:00:01 活动时间：2021-8-2到2021-10-29
Jan 08 01:00:01 更新时间：2021-8-8 19:00
Jan 08 01:00:04 
Jan 08 01:00:04 ******开始【京东账号1】jd_GyKLGOwyLAnM*********
Jan 08 01:00:04 
Jan 08 01:00:04 未登录
Jan 08 01:00:04 
Jan 08 01:00:04 ==============📣系统通知📣==============
Jan 08 01:00:04 5G超级盲盒
Jan 08 01:00:04 领取失败
Jan 08 01:00:04 未登录
Jan 08 01:00:04 
Jan 08 01:00:04 🔔5G超级盲盒, 结束! 🕛 3.564 秒
Jan 08 01:00:04 
Jan 08 01:00:05 
Jan 08 01:00:05 
Jan 08 01:00:05 自己账号内部互助
Jan 08 01:00:05 
Jan 08 01:00:05 🔔5G超级盲盒, 结束! 🕛 3.977 秒
Jan 08 01:00:05 
Jan 08 04:00:00 
Jan 08 04:00:00 🔔5G超级盲盒, 开始!
Jan 08 04:00:00 
Jan 08 04:00:00 ====================共1个京东账号Cookie=========
Jan 08 04:00:00 
Jan 08 04:00:00 ==================脚本执行- 北京时间(UTC+8)：2022/1/8 上午4:00:00=====================
Jan 08 04:00:00 
Jan 08 04:00:00 5G超级盲盒，可抽奖获得京豆，建议在凌晨0点时运行脚本，白天抽奖基本没有京豆，3小时运行一次收集热力值
Jan 08 04:00:00 活动地址: https://blindbox5g.jd.com
Jan 08 04:00:00 活动时间：2021-8-2到2021-10-29
Jan 08 04:00:00 更新时间：2021-8-8 19:00
Jan 08 04:00:01 
Jan 08 04:00:01 ******开始【京东账号1】jd_GyKLGOwyLAnM*********
Jan 08 04:00:01 
Jan 08 04:00:02 未登录
Jan 08 04:00:02 
Jan 08 04:00:02 ==============📣系统通知📣==============
Jan 08 04:00:02 5G超级盲盒
Jan 08 04:00:02 领取失败
Jan 08 04:00:02 未登录
Jan 08 04:00:02 
Jan 08 04:00:02 🔔5G超级盲盒, 结束! 🕛 2.066 秒
Jan 08 04:00:02 
Jan 08 04:00:02 
Jan 08 04:00:02 
Jan 08 04:00:02 自己账号内部互助
Jan 08 04:00:02 
Jan 08 04:00:02 🔔5G超级盲盒, 结束! 🕛 2.594 秒
Jan 08 04:00:02 
Jan 08 07:00:00 
Jan 08 07:00:00 🔔5G超级盲盒, 开始!
Jan 08 07:00:00 
Jan 08 07:00:00 ====================共1个京东账号Cookie=========
Jan 08 07:00:00 
Jan 08 07:00:00 ==================脚本执行- 北京时间(UTC+8)：2022/1/8 上午7:00:00=====================
Jan 08 07:00:00 
Jan 08 07:00:00 5G超级盲盒，可抽奖获得京豆，建议在凌晨0点时运行脚本，白天抽奖基本没有京豆，3小时运行一次收集热力值
Jan 08 07:00:00 活动地址: https://blindbox5g.jd.com
Jan 08 07:00:00 活动时间：2021-8-2到2021-10-29
Jan 08 07:00:00 更新时间：2021-8-8 19:00
Jan 08 07:00:02 
Jan 08 07:00:02 ******开始【京东账号1】jd_GyKLGOwyLAnM*********
Jan 08 07:00:02 
Jan 08 07:00:02 未登录
Jan 08 07:00:02 
Jan 08 07:00:02 ==============📣系统通知📣==============
Jan 08 07:00:02 5G超级盲盒
Jan 08 07:00:02 领取失败
Jan 08 07:00:02 未登录
Jan 08 07:00:02 
Jan 08 07:00:02 🔔5G超级盲盒, 结束! 🕛 2.163 秒
Jan 08 07:00:02 
Jan 08 07:00:03 
Jan 08 07:00:03 
Jan 08 07:00:03 自己账号内部互助
Jan 08 07:00:03 
Jan 08 07:00:03 🔔5G超级盲盒, 结束! 🕛 2.624 秒
Jan 08 07:00:03 
Jan 08 10:00:00 
Jan 08 10:00:00 🔔5G超级盲盒, 开始!
Jan 08 10:00:00 
Jan 08 10:00:00 ====================共1个京东账号Cookie=========
Jan 08 10:00:00 
Jan 08 10:00:00 ==================脚本执行- 北京时间(UTC+8)：2022/1/8 上午10:00:00=====================
Jan 08 10:00:00 
Jan 08 10:00:00 5G超级盲盒，可抽奖获得京豆，建议在凌晨0点时运行脚本，白天抽奖基本没有京豆，3小时运行一次收集热力值
Jan 08 10:00:00 活动地址: https://blindbox5g.jd.com
Jan 08 10:00:00 活动时间：2021-8-2到2021-10-29
Jan 08 10:00:00 更新时间：2021-8-8 19:00
Jan 08 10:00:02 
Jan 08 10:00:02 ******开始【京东账号1】jd_GyKLGOwyLAnM*********
Jan 08 10:00:02 
Jan 08 10:00:02 未登录
Jan 08 10:00:02 
Jan 08 10:00:02 ==============📣系统通知📣==============
Jan 08 10:00:02 5G超级盲盒
Jan 08 10:00:02 领取失败
Jan 08 10:00:02 未登录
Jan 08 10:00:02 
Jan 08 10:00:02 🔔5G超级盲盒, 结束! 🕛 2.136 秒
Jan 08 10:00:02 
Jan 08 10:00:03 
Jan 08 10:00:03 
Jan 08 10:00:03 自己账号内部互助
Jan 08 10:00:03 
Jan 08 10:00:03 🔔5G超级盲盒, 结束! 🕛 2.548 秒
Jan 08 10:00:03 
Jan 08 13:00:00 
Jan 08 13:00:00 🔔5G超级盲盒, 开始!
Jan 08 13:00:01 
Jan 08 13:00:01 ====================共1个京东账号Cookie=========
Jan 08 13:00:01 
Jan 08 13:00:01 ==================脚本执行- 北京时间(UTC+8)：2022/1/8 下午1:00:01=====================
Jan 08 13:00:01 
Jan 08 13:00:01 5G超级盲盒，可抽奖获得京豆，建议在凌晨0点时运行脚本，白天抽奖基本没有京豆，3小时运行一次收集热力值
Jan 08 13:00:01 活动地址: https://blindbox5g.jd.com
Jan 08 13:00:01 活动时间：2021-8-2到2021-10-29
Jan 08 13:00:01 更新时间：2021-8-8 19:00
Jan 08 13:00:04 
Jan 08 13:00:04 ******开始【京东账号1】jd_GyKLGOwyLAnM*********
Jan 08 13:00:04 
Jan 08 13:00:04 未登录
Jan 08 13:00:04 
Jan 08 13:00:04 ==============📣系统通知📣==============
Jan 08 13:00:04 5G超级盲盒
Jan 08 13:00:04 领取失败
Jan 08 13:00:04 未登录
Jan 08 13:00:04 
Jan 08 13:00:04 🔔5G超级盲盒, 结束! 🕛 3.33 秒
Jan 08 13:00:04 
Jan 08 13:00:04 
Jan 08 13:00:04 
Jan 08 13:00:04 自己账号内部互助
Jan 08 13:00:04 
Jan 08 13:00:04 🔔5G超级盲盒, 结束! 🕛 3.745 秒
Jan 08 13:00:04 
Jan 08 13:00:17 刷新CDN异常 Response code 503 (Service Unavailable)
Jan 08 16:00:01 
Jan 08 16:00:01 🔔5G超级盲盒, 开始!
Jan 08 16:00:01 
Jan 08 16:00:01 ====================共1个京东账号Cookie=========
Jan 08 16:00:01 
Jan 08 16:00:01 ==================脚本执行- 北京时间(UTC+8)：2022/1/8 下午4:00:01=====================
Jan 08 16:00:01 
Jan 08 16:00:01 5G超级盲盒，可抽奖获得京豆，建议在凌晨0点时运行脚本，白天抽奖基本没有京豆，3小时运行一次收集热力值
Jan 08 16:00:01 活动地址: https://blindbox5g.jd.com
Jan 08 16:00:01 活动时间：2021-8-2到2021-10-29
Jan 08 16:00:01 更新时间：2021-8-8 19:00
Jan 08 16:00:03 
Jan 08 16:00:03 ******开始【京东账号1】jd_GyKLGOwyLAnM*********
Jan 08 16:00:03 
Jan 08 16:00:03 未登录
Jan 08 16:00:03 
Jan 08 16:00:03 ==============📣系统通知📣==============
Jan 08 16:00:03 5G超级盲盒
Jan 08 16:00:03 领取失败
Jan 08 16:00:03 未登录
Jan 08 16:00:03 
Jan 08 16:00:03 🔔5G超级盲盒, 结束! 🕛 2.673 秒
Jan 08 16:00:03 
Jan 08 16:00:04 
Jan 08 16:00:04 
Jan 08 16:00:04 自己账号内部互助
Jan 08 16:00:04 
Jan 08 16:00:04 🔔5G超级盲盒, 结束! 🕛 3.084 秒
Jan 08 16:00:04 
Jan 08 19:00:00 
Jan 08 19:00:00 🔔5G超级盲盒, 开始!
Jan 08 19:00:00 
Jan 08 19:00:00 ====================共1个京东账号Cookie=========
Jan 08 19:00:00 
Jan 08 19:00:00 ==================脚本执行- 北京时间(UTC+8)：2022/1/8 下午7:00:00=====================
Jan 08 19:00:00 
Jan 08 19:00:00 5G超级盲盒，可抽奖获得京豆，建议在凌晨0点时运行脚本，白天抽奖基本没有京豆，3小时运行一次收集热力值
Jan 08 19:00:00 活动地址: https://blindbox5g.jd.com
Jan 08 19:00:00 活动时间：2021-8-2到2021-10-29
Jan 08 19:00:00 更新时间：2021-8-8 19:00
Jan 08 19:00:03 
Jan 08 19:00:03 ******开始【京东账号1】jd_GyKLGOwyLAnM*********
Jan 08 19:00:03 
Jan 08 19:00:03 未登录
Jan 08 19:00:03 
Jan 08 19:00:03 ==============📣系统通知📣==============
Jan 08 19:00:03 5G超级盲盒
Jan 08 19:00:03 领取失败
Jan 08 19:00:03 未登录
Jan 08 19:00:03 
Jan 08 19:00:03 🔔5G超级盲盒, 结束! 🕛 3.252 秒
Jan 08 19:00:03 
Jan 08 19:00:03 
Jan 08 19:00:03 
Jan 08 19:00:03 自己账号内部互助
Jan 08 19:00:03 
Jan 08 19:00:03 🔔5G超级盲盒, 结束! 🕛 3.688 秒
Jan 08 19:00:03 
Jan 08 22:00:00 
Jan 08 22:00:00 🔔5G超级盲盒, 开始!
Jan 08 22:00:00 
Jan 08 22:00:00 ====================共1个京东账号Cookie=========
Jan 08 22:00:00 
Jan 08 22:00:01 ==================脚本执行- 北京时间(UTC+8)：2022/1/8 下午10:00:00=====================
Jan 08 22:00:01 
Jan 08 22:00:01 5G超级盲盒，可抽奖获得京豆，建议在凌晨0点时运行脚本，白天抽奖基本没有京豆，3小时运行一次收集热力值
Jan 08 22:00:01 活动地址: https://blindbox5g.jd.com
Jan 08 22:00:01 活动时间：2021-8-2到2021-10-29
Jan 08 22:00:01 更新时间：2021-8-8 19:00
Jan 08 22:00:03 
Jan 08 22:00:03 ******开始【京东账号1】jd_GyKLGOwyLAnM*********
Jan 08 22:00:03 
Jan 08 22:00:04 未登录
Jan 08 22:00:04 
Jan 08 22:00:04 ==============📣系统通知📣==============
Jan 08 22:00:04 5G超级盲盒
Jan 08 22:00:04 领取失败
Jan 08 22:00:04 未登录
Jan 08 22:00:04 
Jan 08 22:00:04 🔔5G超级盲盒, 结束! 🕛 3.439 秒
Jan 08 22:00:04 
Jan 08 22:00:04 
Jan 08 22:00:04 
Jan 08 22:00:04 自己账号内部互助
Jan 08 22:00:04 
Jan 08 22:00:04 🔔5G超级盲盒, 结束! 🕛 3.848 秒
Jan 08 22:00:04 
Jan 08 22:00:14 刷新CDN异常 Response code 503 (Service Unavailable)
Jan 09 00:00:02 
Jan 09 00:00:02 🔔5G超级盲盒, 开始!
Jan 09 00:00:02 
Jan 09 00:00:02 ====================共1个京东账号Cookie=========
Jan 09 00:00:02 
Jan 09 00:00:02 ==================脚本执行- 北京时间(UTC+8)：2022/1/9 上午12:00:02=====================
Jan 09 00:00:02 
Jan 09 00:00:02 5G超级盲盒，可抽奖获得京豆，建议在凌晨0点时运行脚本，白天抽奖基本没有京豆，3小时运行一次收集热力值
Jan 09 00:00:02 活动地址: https://blindbox5g.jd.com
Jan 09 00:00:02 活动时间：2021-8-2到2021-10-29
Jan 09 00:00:02 更新时间：2021-8-8 19:00
Jan 09 00:00:08 
Jan 09 00:00:08 ******开始【京东账号1】jd_GyKLGOwyLAnM*********
Jan 09 00:00:08 
Jan 09 00:00:08 未登录
Jan 09 00:00:08 
Jan 09 00:00:08 ==============📣系统通知📣==============
Jan 09 00:00:08 5G超级盲盒
Jan 09 00:00:08 领取失败
Jan 09 00:00:08 未登录
Jan 09 00:00:08 
Jan 09 00:00:08 🔔5G超级盲盒, 结束! 🕛 6.756 秒
Jan 09 00:00:08 
Jan 09 00:00:09 
Jan 09 00:00:09 
Jan 09 00:00:09 自己账号内部互助
Jan 09 00:00:09 
Jan 09 00:00:09 🔔5G超级盲盒, 结束! 🕛 7.155 秒
Jan 09 00:00:09 
Jan 09 00:00:19 刷新CDN异常 Response code 503 (Service Unavailable)
Jan 09 01:00:01 
Jan 09 01:00:01 🔔5G超级盲盒, 开始!
Jan 09 01:00:01 
Jan 09 01:00:01 ====================共1个京东账号Cookie=========
Jan 09 01:00:01 
Jan 09 01:00:01 ==================脚本执行- 北京时间(UTC+8)：2022/1/9 上午1:00:01=====================
Jan 09 01:00:01 
Jan 09 01:00:01 5G超级盲盒，可抽奖获得京豆，建议在凌晨0点时运行脚本，白天抽奖基本没有京豆，3小时运行一次收集热力值
Jan 09 01:00:01 活动地址: https://blindbox5g.jd.com
Jan 09 01:00:01 活动时间：2021-8-2到2021-10-29
Jan 09 01:00:01 更新时间：2021-8-8 19:00
Jan 09 01:00:03 
Jan 09 01:00:03 ******开始【京东账号1】jd_GyKLGOwyLAnM*********
Jan 09 01:00:03 
Jan 09 01:00:04 未登录
Jan 09 01:00:04 
Jan 09 01:00:04 ==============📣系统通知📣==============
Jan 09 01:00:04 5G超级盲盒
Jan 09 01:00:04 领取失败
Jan 09 01:00:04 未登录
Jan 09 01:00:04 
Jan 09 01:00:04 🔔5G超级盲盒, 结束! 🕛 2.889 秒
Jan 09 01:00:04 
Jan 09 01:00:04 
Jan 09 01:00:04 
Jan 09 01:00:04 自己账号内部互助
Jan 09 01:00:04 
Jan 09 01:00:04 🔔5G超级盲盒, 结束! 🕛 3.296 秒
Jan 09 01:00:04 
Jan 09 04:00:01 
Jan 09 04:00:01 🔔5G超级盲盒, 开始!
Jan 09 04:00:01 
Jan 09 04:00:01 ====================共1个京东账号Cookie=========
Jan 09 04:00:01 
Jan 09 04:00:02 ==================脚本执行- 北京时间(UTC+8)：2022/1/9 上午4:00:01=====================
Jan 09 04:00:02 
Jan 09 04:00:02 5G超级盲盒，可抽奖获得京豆，建议在凌晨0点时运行脚本，白天抽奖基本没有京豆，3小时运行一次收集热力值
Jan 09 04:00:02 活动地址: https://blindbox5g.jd.com
Jan 09 04:00:02 活动时间：2021-8-2到2021-10-29
Jan 09 04:00:02 更新时间：2021-8-8 19:00
Jan 09 04:00:04 
Jan 09 04:00:04 ******开始【京东账号1】jd_GyKLGOwyLAnM*********
Jan 09 04:00:04 
Jan 09 04:00:08 未登录
Jan 09 04:00:08 
Jan 09 04:00:08 ==============📣系统通知📣==============
Jan 09 04:00:08 5G超级盲盒
Jan 09 04:00:08 领取失败
Jan 09 04:00:08 未登录
Jan 09 04:00:08 
Jan 09 04:00:08 🔔5G超级盲盒, 结束! 🕛 6.534 秒
Jan 09 04:00:08 
Jan 09 04:00:08 
Jan 09 04:00:08 
Jan 09 04:00:08 自己账号内部互助
Jan 09 04:00:08 
Jan 09 04:00:08 🔔5G超级盲盒, 结束! 🕛 6.952 秒
Jan 09 04:00:08 
Jan 09 07:00:00 
Jan 09 07:00:00 🔔5G超级盲盒, 开始!
Jan 09 07:00:00 
Jan 09 07:00:00 ====================共1个京东账号Cookie=========
Jan 09 07:00:00 
Jan 09 07:00:00 ==================脚本执行- 北京时间(UTC+8)：2022/1/9 上午7:00:00=====================
Jan 09 07:00:00 
Jan 09 07:00:00 5G超级盲盒，可抽奖获得京豆，建议在凌晨0点时运行脚本，白天抽奖基本没有京豆，3小时运行一次收集热力值
Jan 09 07:00:00 活动地址: https://blindbox5g.jd.com
Jan 09 07:00:00 活动时间：2021-8-2到2021-10-29
Jan 09 07:00:00 更新时间：2021-8-8 19:00
Jan 09 07:00:02 
Jan 09 07:00:02 ******开始【京东账号1】jd_GyKLGOwyLAnM*********
Jan 09 07:00:02 
Jan 09 07:00:02 未登录
Jan 09 07:00:02 
Jan 09 07:00:02 ==============📣系统通知📣==============
Jan 09 07:00:02 5G超级盲盒
Jan 09 07:00:02 领取失败
Jan 09 07:00:02 未登录
Jan 09 07:00:02 
Jan 09 07:00:02 🔔5G超级盲盒, 结束! 🕛 2.102 秒
Jan 09 07:00:02 
Jan 09 07:00:02 
Jan 09 07:00:02 
Jan 09 07:00:02 自己账号内部互助
Jan 09 07:00:02 账号 1 jd_GyKLGOwyLAnM 开始给 4e61ce9f-7e83-4c03-9b50-23103f0e402c进行助力
Jan 09 07:00:02 助力失败：未登录
Jan 09 07:00:02 账号 1 jd_GyKLGOwyLAnM 开始给 90b69931-2bfd-4ef2-a964-bc63ec1bda07进行助力
Jan 09 07:00:03 助力失败：未登录
Jan 09 07:00:03 账号 1 jd_GyKLGOwyLAnM 开始给 8fd80c84-6476-4839-813e-9b1a4f632d00进行助力
Jan 09 07:00:03 助力失败：未登录
Jan 09 07:00:03 账号 1 jd_GyKLGOwyLAnM 开始给 c12e5123-ef1c-4657-a283-0162edd32dd9进行助力
Jan 09 07:00:03 助力失败：未登录
Jan 09 07:00:03 账号 1 jd_GyKLGOwyLAnM 开始给 2c950b6e-1c6d-4c3c-9bb9-5c105050acee进行助力
Jan 09 07:00:03 助力失败：未登录
Jan 09 07:00:03 账号 1 jd_GyKLGOwyLAnM 开始给 3b91229c-438d-4753-bb22-6273f6d3ade4进行助力
Jan 09 07:00:03 助力失败：未登录
Jan 09 07:00:03 账号 1 jd_GyKLGOwyLAnM 开始给 8c212a54-1391-425c-99da-af8a7f802ece进行助力
Jan 09 07:00:03 助力失败：未登录
Jan 09 07:00:03 
Jan 09 07:00:03 🔔5G超级盲盒, 结束! 🕛 3.552 秒
Jan 09 07:00:03 
Jan 09 07:00:32 刷新CDN异常 Response code 520 (Origin Error)
Jan 09 10:00:00 
Jan 09 10:00:00 🔔5G超级盲盒, 开始!
Jan 09 10:00:00 
Jan 09 10:00:00 ====================共1个京东账号Cookie=========
Jan 09 10:00:00 
Jan 09 10:00:00 ==================脚本执行- 北京时间(UTC+8)：2022/1/9 上午10:00:00=====================
Jan 09 10:00:00 
Jan 09 10:00:00 5G超级盲盒，可抽奖获得京豆，建议在凌晨0点时运行脚本，白天抽奖基本没有京豆，3小时运行一次收集热力值
Jan 09 10:00:00 活动地址: https://blindbox5g.jd.com
Jan 09 10:00:00 活动时间：2021-8-2到2021-10-29
Jan 09 10:00:00 更新时间：2021-8-8 19:00
Jan 09 10:00:03 
Jan 09 10:00:03 ******开始【京东账号1】jd_GyKLGOwyLAnM*********
Jan 09 10:00:03 
Jan 09 10:00:03 未登录
Jan 09 10:00:03 
Jan 09 10:00:03 ==============📣系统通知📣==============
Jan 09 10:00:03 5G超级盲盒
Jan 09 10:00:03 领取失败
Jan 09 10:00:03 未登录
Jan 09 10:00:03 
Jan 09 10:00:03 🔔5G超级盲盒, 结束! 🕛 2.844 秒
Jan 09 10:00:03 
Jan 09 10:00:03 
Jan 09 10:00:03 
Jan 09 10:00:03 自己账号内部互助
Jan 09 10:00:03 账号 1 jd_GyKLGOwyLAnM 开始给 4e61ce9f-7e83-4c03-9b50-23103f0e402c进行助力
Jan 09 10:00:04 助力失败：未登录
Jan 09 10:00:04 账号 1 jd_GyKLGOwyLAnM 开始给 90b69931-2bfd-4ef2-a964-bc63ec1bda07进行助力
Jan 09 10:00:04 助力失败：未登录
Jan 09 10:00:04 账号 1 jd_GyKLGOwyLAnM 开始给 8fd80c84-6476-4839-813e-9b1a4f632d00进行助力
Jan 09 10:00:04 助力失败：未登录
Jan 09 10:00:04 账号 1 jd_GyKLGOwyLAnM 开始给 c12e5123-ef1c-4657-a283-0162edd32dd9进行助力
Jan 09 10:00:04 助力失败：未登录
Jan 09 10:00:04 账号 1 jd_GyKLGOwyLAnM 开始给 2c950b6e-1c6d-4c3c-9bb9-5c105050acee进行助力
Jan 09 10:00:04 助力失败：未登录
Jan 09 10:00:04 账号 1 jd_GyKLGOwyLAnM 开始给 3b91229c-438d-4753-bb22-6273f6d3ade4进行助力
Jan 09 10:00:04 助力失败：未登录
Jan 09 10:00:04 账号 1 jd_GyKLGOwyLAnM 开始给 8c212a54-1391-425c-99da-af8a7f802ece进行助力
Jan 09 10:00:04 助力失败：未登录
Jan 09 10:00:04 
Jan 09 10:00:04 🔔5G超级盲盒, 结束! 🕛 4.295 秒
Jan 09 10:00:04 
Jan 09 13:00:01 
Jan 09 13:00:01 🔔5G超级盲盒, 开始!
Jan 09 13:00:01 
Jan 09 13:00:01 ====================共1个京东账号Cookie=========
Jan 09 13:00:01 
Jan 09 13:00:01 ==================脚本执行- 北京时间(UTC+8)：2022/1/9 下午1:00:01=====================
Jan 09 13:00:01 
Jan 09 13:00:01 5G超级盲盒，可抽奖获得京豆，建议在凌晨0点时运行脚本，白天抽奖基本没有京豆，3小时运行一次收集热力值
Jan 09 13:00:01 活动地址: https://blindbox5g.jd.com
Jan 09 13:00:01 活动时间：2021-8-2到2021-10-29
Jan 09 13:00:01 更新时间：2021-8-8 19:00
Jan 09 13:00:05 
Jan 09 13:00:05 ******开始【京东账号1】jd_GyKLGOwyLAnM*********
Jan 09 13:00:05 
Jan 09 13:00:05 未登录
Jan 09 13:00:05 
Jan 09 13:00:05 ==============📣系统通知📣==============
Jan 09 13:00:05 5G超级盲盒
Jan 09 13:00:05 领取失败
Jan 09 13:00:05 未登录
Jan 09 13:00:05 
Jan 09 13:00:05 🔔5G超级盲盒, 结束! 🕛 4.381 秒
Jan 09 13:00:05 
Jan 09 13:00:05 
Jan 09 13:00:05 
Jan 09 13:00:05 自己账号内部互助
Jan 09 13:00:05 
Jan 09 13:00:05 🔔5G超级盲盒, 结束! 🕛 4.799 秒
Jan 09 13:00:05 
Jan 09 13:00:19 刷新CDN异常 Response code 503 (Service Unavailable)
Jan 09 16:00:01 
Jan 09 16:00:01 🔔5G超级盲盒, 开始!
Jan 09 16:00:01 
Jan 09 16:00:01 ====================共1个京东账号Cookie=========
Jan 09 16:00:01 
Jan 09 16:00:01 ==================脚本执行- 北京时间(UTC+8)：2022/1/9 下午4:00:01=====================
Jan 09 16:00:01 
Jan 09 16:00:01 5G超级盲盒，可抽奖获得京豆，建议在凌晨0点时运行脚本，白天抽奖基本没有京豆，3小时运行一次收集热力值
Jan 09 16:00:01 活动地址: https://blindbox5g.jd.com
Jan 09 16:00:01 活动时间：2021-8-2到2021-10-29
Jan 09 16:00:01 更新时间：2021-8-8 19:00
Jan 09 16:00:05 
Jan 09 16:00:05 ******开始【京东账号1】jd_GyKLGOwyLAnM*********
Jan 09 16:00:05 
Jan 09 16:00:05 未登录
Jan 09 16:00:05 
Jan 09 16:00:05 ==============📣系统通知📣==============
Jan 09 16:00:05 5G超级盲盒
Jan 09 16:00:05 领取失败
Jan 09 16:00:05 未登录
Jan 09 16:00:05 
Jan 09 16:00:05 🔔5G超级盲盒, 结束! 🕛 3.931 秒
Jan 09 16:00:05 
Jan 09 16:00:05 
Jan 09 16:00:05 
Jan 09 16:00:05 自己账号内部互助
Jan 09 16:00:05 
Jan 09 16:00:05 🔔5G超级盲盒, 结束! 🕛 4.366 秒
Jan 09 16:00:05 
Jan 09 16:00:23 刷新CDN异常 Response code 503 (Service Unavailable)
Jan 09 19:00:01 
Jan 09 19:00:01 🔔5G超级盲盒, 开始!
Jan 09 19:00:01 
Jan 09 19:00:01 ====================共1个京东账号Cookie=========
Jan 09 19:00:01 
Jan 09 19:00:01 ==================脚本执行- 北京时间(UTC+8)：2022/1/9 下午7:00:01=====================
Jan 09 19:00:01 
Jan 09 19:00:01 5G超级盲盒，可抽奖获得京豆，建议在凌晨0点时运行脚本，白天抽奖基本没有京豆，3小时运行一次收集热力值
Jan 09 19:00:01 活动地址: https://blindbox5g.jd.com
Jan 09 19:00:01 活动时间：2021-8-2到2021-10-29
Jan 09 19:00:01 更新时间：2021-8-8 19:00
Jan 09 19:00:04 
Jan 09 19:00:04 ******开始【京东账号1】jd_GyKLGOwyLAnM*********
Jan 09 19:00:04 
Jan 09 19:00:04 未登录
Jan 09 19:00:04 
Jan 09 19:00:04 ==============📣系统通知📣==============
Jan 09 19:00:04 5G超级盲盒
Jan 09 19:00:04 领取失败
Jan 09 19:00:04 未登录
Jan 09 19:00:04 
Jan 09 19:00:04 🔔5G超级盲盒, 结束! 🕛 3.008 秒
Jan 09 19:00:04 
Jan 09 19:00:05 
Jan 09 19:00:05 
Jan 09 19:00:05 自己账号内部互助
Jan 09 19:00:05 
Jan 09 19:00:05 🔔5G超级盲盒, 结束! 🕛 3.42 秒
Jan 09 19:00:05 
