Jan 07 00:00:03 
Jan 07 00:00:03 🔔逛京东会场, 开始!
Jan 07 00:00:03 
Jan 07 00:00:03 ====================共1个京东账号Cookie=========
Jan 07 00:00:03 
Jan 07 00:00:03 ==================脚本执行- 北京时间(UTC+8)：2022/1/7 上午12:00:03=====================
Jan 07 00:00:03 
Jan 07 00:00:11 请正确配置自定义环境变量 ACT_URL 为json地址，格式参考默认
Jan 07 00:00:11 
Jan 07 00:00:11 🔔逛京东会场, 结束! 🕛 8.744 秒
Jan 07 00:00:11 
Jan 08 00:00:02 
Jan 08 00:00:02 🔔逛京东会场, 开始!
Jan 08 00:00:02 
Jan 08 00:00:02 ====================共1个京东账号Cookie=========
Jan 08 00:00:02 
Jan 08 00:00:02 ==================脚本执行- 北京时间(UTC+8)：2022/1/8 上午12:00:02=====================
Jan 08 00:00:02 
Jan 08 00:00:10 请正确配置自定义环境变量 ACT_URL 为json地址，格式参考默认
Jan 08 00:00:10 
Jan 08 00:00:10 🔔逛京东会场, 结束! 🕛 7.784 秒
Jan 08 00:00:10 
Jan 09 00:00:02 
Jan 09 00:00:02 🔔逛京东会场, 开始!
Jan 09 00:00:02 
Jan 09 00:00:02 ====================共1个京东账号Cookie=========
Jan 09 00:00:02 
Jan 09 00:00:02 ==================脚本执行- 北京时间(UTC+8)：2022/1/9 上午12:00:02=====================
Jan 09 00:00:02 
Jan 09 00:00:10 请正确配置自定义环境变量 ACT_URL 为json地址，格式参考默认
Jan 09 00:00:10 
Jan 09 00:00:10 🔔逛京东会场, 结束! 🕛 8.392 秒
Jan 09 00:00:10 
