Jan 07 00:23:01 
Jan 07 00:23:01 🔔京东摇钱树, 开始!
Jan 07 00:23:01 
Jan 07 00:23:01 ====================共1个京东账号Cookie=========
Jan 07 00:23:01 
Jan 07 00:23:01 ==================脚本执行- 北京时间(UTC+8)：2022/1/7 上午12:23:01=====================
Jan 07 00:23:01 
Jan 07 00:23:01 
Jan 07 00:23:01 ****开始【京东账号1】jd_GyKLGOwyLAnM****
Jan 07 00:23:01 
Jan 07 00:23:01 初始化摇钱树个人信息
Jan 07 00:23:01 其他情况::{"resultCode":3,"resultMsg":"请先登录您的京东账号","channelEncrypt":0}
Jan 07 00:23:01 
Jan 07 00:23:01 🔔京东摇钱树, 结束! 🕛 0.578 秒
Jan 07 00:23:01 
Jan 07 02:23:00 
Jan 07 02:23:00 🔔京东摇钱树, 开始!
Jan 07 02:23:00 
Jan 07 02:23:00 ====================共1个京东账号Cookie=========
Jan 07 02:23:00 
Jan 07 02:23:00 ==================脚本执行- 北京时间(UTC+8)：2022/1/7 上午2:23:00=====================
Jan 07 02:23:00 
Jan 07 02:23:00 
Jan 07 02:23:00 ****开始【京东账号1】jd_GyKLGOwyLAnM****
Jan 07 02:23:00 
Jan 07 02:23:00 初始化摇钱树个人信息
Jan 07 02:23:03 其他情况::{"resultCode":3,"resultMsg":"请先登录您的京东账号","channelEncrypt":0}
Jan 07 02:23:03 
Jan 07 02:23:03 🔔京东摇钱树, 结束! 🕛 3.007 秒
Jan 07 02:23:03 
Jan 07 04:23:00 
Jan 07 04:23:00 🔔京东摇钱树, 开始!
Jan 07 04:23:00 
Jan 07 04:23:00 ====================共1个京东账号Cookie=========
Jan 07 04:23:00 
Jan 07 04:23:00 ==================脚本执行- 北京时间(UTC+8)：2022/1/7 上午4:23:00=====================
Jan 07 04:23:00 
Jan 07 04:23:00 
Jan 07 04:23:00 ****开始【京东账号1】jd_GyKLGOwyLAnM****
Jan 07 04:23:00 
Jan 07 04:23:00 初始化摇钱树个人信息
Jan 07 04:23:00 其他情况::{"resultCode":3,"resultMsg":"请先登录您的京东账号","channelEncrypt":0}
Jan 07 04:23:00 
Jan 07 04:23:00 🔔京东摇钱树, 结束! 🕛 0.471 秒
Jan 07 04:23:00 
Jan 07 06:23:00 
Jan 07 06:23:00 🔔京东摇钱树, 开始!
Jan 07 06:23:00 
Jan 07 06:23:00 ====================共1个京东账号Cookie=========
Jan 07 06:23:00 
Jan 07 06:23:00 ==================脚本执行- 北京时间(UTC+8)：2022/1/7 上午6:23:00=====================
Jan 07 06:23:00 
Jan 07 06:23:00 
Jan 07 06:23:00 ****开始【京东账号1】jd_GyKLGOwyLAnM****
Jan 07 06:23:00 
Jan 07 06:23:00 初始化摇钱树个人信息
Jan 07 06:23:00 其他情况::{"resultCode":3,"resultMsg":"请先登录您的京东账号","channelEncrypt":0}
Jan 07 06:23:00 
Jan 07 06:23:00 🔔京东摇钱树, 结束! 🕛 0.495 秒
Jan 07 06:23:00 
Jan 07 08:23:00 
Jan 07 08:23:00 🔔京东摇钱树, 开始!
Jan 07 08:23:00 
Jan 07 08:23:00 ====================共1个京东账号Cookie=========
Jan 07 08:23:00 
Jan 07 08:23:00 ==================脚本执行- 北京时间(UTC+8)：2022/1/7 上午8:23:00=====================
Jan 07 08:23:00 
Jan 07 08:23:01 
Jan 07 08:23:01 ****开始【京东账号1】jd_GyKLGOwyLAnM****
Jan 07 08:23:01 
Jan 07 08:23:01 初始化摇钱树个人信息
Jan 07 08:23:01 其他情况::{"resultCode":3,"resultMsg":"请先登录您的京东账号","channelEncrypt":0}
Jan 07 08:23:01 
Jan 07 08:23:01 🔔京东摇钱树, 结束! 🕛 0.628 秒
Jan 07 08:23:01 
Jan 07 10:23:00 
Jan 07 10:23:00 🔔京东摇钱树, 开始!
Jan 07 10:23:00 
Jan 07 10:23:00 ====================共1个京东账号Cookie=========
Jan 07 10:23:00 
Jan 07 10:23:00 ==================脚本执行- 北京时间(UTC+8)：2022/1/7 上午10:23:00=====================
Jan 07 10:23:00 
Jan 07 10:23:01 
Jan 07 10:23:01 ****开始【京东账号1】jd_GyKLGOwyLAnM****
Jan 07 10:23:01 
Jan 07 10:23:01 初始化摇钱树个人信息
Jan 07 10:23:01 其他情况::{"resultCode":3,"resultMsg":"请先登录您的京东账号","channelEncrypt":0}
Jan 07 10:23:01 
Jan 07 10:23:01 🔔京东摇钱树, 结束! 🕛 0.604 秒
Jan 07 10:23:01 
Jan 07 12:23:01 
Jan 07 12:23:01 🔔京东摇钱树, 开始!
Jan 07 12:23:01 
Jan 07 12:23:01 ====================共1个京东账号Cookie=========
Jan 07 12:23:01 
Jan 07 12:23:01 ==================脚本执行- 北京时间(UTC+8)：2022/1/7 下午12:23:01=====================
Jan 07 12:23:01 
Jan 07 12:23:02 
Jan 07 12:23:02 ****开始【京东账号1】jd_GyKLGOwyLAnM****
Jan 07 12:23:02 
Jan 07 12:23:02 初始化摇钱树个人信息
Jan 07 12:23:02 其他情况::{"resultCode":3,"resultMsg":"请先登录您的京东账号","channelEncrypt":0}
Jan 07 12:23:02 
Jan 07 12:23:02 🔔京东摇钱树, 结束! 🕛 1.199 秒
Jan 07 12:23:02 
Jan 07 14:23:01 
Jan 07 14:23:01 🔔京东摇钱树, 开始!
Jan 07 14:23:01 
Jan 07 14:23:01 ====================共1个京东账号Cookie=========
Jan 07 14:23:01 
Jan 07 14:23:01 ==================脚本执行- 北京时间(UTC+8)：2022/1/7 下午2:23:01=====================
Jan 07 14:23:01 
Jan 07 14:23:01 
Jan 07 14:23:01 ****开始【京东账号1】jd_GyKLGOwyLAnM****
Jan 07 14:23:01 
Jan 07 14:23:01 初始化摇钱树个人信息
Jan 07 14:23:01 其他情况::{"resultCode":3,"resultMsg":"请先登录您的京东账号","channelEncrypt":0}
Jan 07 14:23:01 
Jan 07 14:23:01 🔔京东摇钱树, 结束! 🕛 0.533 秒
Jan 07 14:23:01 
Jan 07 16:23:00 
Jan 07 16:23:00 🔔京东摇钱树, 开始!
Jan 07 16:23:00 
Jan 07 16:23:00 ====================共1个京东账号Cookie=========
Jan 07 16:23:00 
Jan 07 16:23:00 ==================脚本执行- 北京时间(UTC+8)：2022/1/7 下午4:23:00=====================
Jan 07 16:23:00 
Jan 07 16:23:00 
Jan 07 16:23:00 ****开始【京东账号1】jd_GyKLGOwyLAnM****
Jan 07 16:23:00 
Jan 07 16:23:00 初始化摇钱树个人信息
Jan 07 16:23:00 其他情况::{"resultCode":3,"resultMsg":"请先登录您的京东账号","channelEncrypt":0}
Jan 07 16:23:00 
Jan 07 16:23:00 🔔京东摇钱树, 结束! 🕛 0.51 秒
Jan 07 16:23:00 
Jan 07 18:23:00 
Jan 07 18:23:00 🔔京东摇钱树, 开始!
Jan 07 18:23:00 
Jan 07 18:23:00 ====================共1个京东账号Cookie=========
Jan 07 18:23:00 
Jan 07 18:23:00 ==================脚本执行- 北京时间(UTC+8)：2022/1/7 下午6:23:00=====================
Jan 07 18:23:00 
Jan 07 18:23:00 
Jan 07 18:23:00 ****开始【京东账号1】jd_GyKLGOwyLAnM****
Jan 07 18:23:00 
Jan 07 18:23:00 初始化摇钱树个人信息
Jan 07 18:23:00 其他情况::{"resultCode":3,"resultMsg":"请先登录您的京东账号","channelEncrypt":0}
Jan 07 18:23:00 
Jan 07 18:23:00 🔔京东摇钱树, 结束! 🕛 0.545 秒
Jan 07 18:23:00 
Jan 07 20:23:00 
Jan 07 20:23:00 🔔京东摇钱树, 开始!
Jan 07 20:23:00 
Jan 07 20:23:00 ====================共1个京东账号Cookie=========
Jan 07 20:23:00 
Jan 07 20:23:00 ==================脚本执行- 北京时间(UTC+8)：2022/1/7 下午8:23:00=====================
Jan 07 20:23:00 
Jan 07 20:23:00 
Jan 07 20:23:00 ****开始【京东账号1】jd_GyKLGOwyLAnM****
Jan 07 20:23:00 
Jan 07 20:23:00 初始化摇钱树个人信息
Jan 07 20:23:02 其他情况::{"resultCode":3,"resultMsg":"请先登录您的京东账号","channelEncrypt":0}
Jan 07 20:23:02 
Jan 07 20:23:02 🔔京东摇钱树, 结束! 🕛 2.467 秒
Jan 07 20:23:02 
Jan 07 22:23:01 
Jan 07 22:23:01 🔔京东摇钱树, 开始!
Jan 07 22:23:01 
Jan 07 22:23:01 ====================共1个京东账号Cookie=========
Jan 07 22:23:01 
Jan 07 22:23:01 ==================脚本执行- 北京时间(UTC+8)：2022/1/7 下午10:23:01=====================
Jan 07 22:23:01 
Jan 07 22:23:02 
Jan 07 22:23:02 ****开始【京东账号1】jd_GyKLGOwyLAnM****
Jan 07 22:23:02 
Jan 07 22:23:02 初始化摇钱树个人信息
Jan 07 22:23:02 其他情况::{"resultCode":3,"resultMsg":"请先登录您的京东账号","channelEncrypt":0}
Jan 07 22:23:02 
Jan 07 22:23:02 🔔京东摇钱树, 结束! 🕛 1.462 秒
Jan 07 22:23:02 
Jan 08 00:23:00 
Jan 08 00:23:00 🔔京东摇钱树, 开始!
Jan 08 00:23:00 
Jan 08 00:23:00 ====================共1个京东账号Cookie=========
Jan 08 00:23:00 
Jan 08 00:23:00 ==================脚本执行- 北京时间(UTC+8)：2022/1/8 上午12:23:00=====================
Jan 08 00:23:00 
Jan 08 00:23:01 
Jan 08 00:23:01 ****开始【京东账号1】jd_GyKLGOwyLAnM****
Jan 08 00:23:01 
Jan 08 00:23:01 初始化摇钱树个人信息
Jan 08 00:23:01 其他情况::{"resultCode":3,"resultMsg":"请先登录您的京东账号","channelEncrypt":0}
Jan 08 00:23:01 
Jan 08 00:23:01 🔔京东摇钱树, 结束! 🕛 0.681 秒
Jan 08 00:23:01 
Jan 08 02:23:01 
Jan 08 02:23:01 🔔京东摇钱树, 开始!
Jan 08 02:23:01 
Jan 08 02:23:01 ====================共1个京东账号Cookie=========
Jan 08 02:23:01 
Jan 08 02:23:01 ==================脚本执行- 北京时间(UTC+8)：2022/1/8 上午2:23:01=====================
Jan 08 02:23:01 
Jan 08 02:23:01 
Jan 08 02:23:01 ****开始【京东账号1】jd_GyKLGOwyLAnM****
Jan 08 02:23:01 
Jan 08 02:23:01 初始化摇钱树个人信息
Jan 08 02:23:08 其他情况::{"resultCode":3,"resultMsg":"请先登录您的京东账号","channelEncrypt":0}
Jan 08 02:23:08 
Jan 08 02:23:08 🔔京东摇钱树, 结束! 🕛 7.724 秒
Jan 08 02:23:08 
Jan 08 04:23:00 
Jan 08 04:23:00 🔔京东摇钱树, 开始!
Jan 08 04:23:00 
Jan 08 04:23:00 ====================共1个京东账号Cookie=========
Jan 08 04:23:00 
Jan 08 04:23:00 ==================脚本执行- 北京时间(UTC+8)：2022/1/8 上午4:23:00=====================
Jan 08 04:23:00 
Jan 08 04:23:00 
Jan 08 04:23:00 ****开始【京东账号1】jd_GyKLGOwyLAnM****
Jan 08 04:23:00 
Jan 08 04:23:00 初始化摇钱树个人信息
Jan 08 04:23:02 其他情况::{"resultCode":3,"resultMsg":"请先登录您的京东账号","channelEncrypt":0}
Jan 08 04:23:02 
Jan 08 04:23:02 🔔京东摇钱树, 结束! 🕛 2.241 秒
Jan 08 04:23:02 
Jan 08 06:23:00 
Jan 08 06:23:00 🔔京东摇钱树, 开始!
Jan 08 06:23:00 
Jan 08 06:23:00 ====================共1个京东账号Cookie=========
Jan 08 06:23:00 
Jan 08 06:23:00 ==================脚本执行- 北京时间(UTC+8)：2022/1/8 上午6:23:00=====================
Jan 08 06:23:00 
Jan 08 06:23:00 
Jan 08 06:23:00 ****开始【京东账号1】jd_GyKLGOwyLAnM****
Jan 08 06:23:00 
Jan 08 06:23:00 初始化摇钱树个人信息
Jan 08 06:23:00 其他情况::{"resultCode":3,"resultMsg":"请先登录您的京东账号","channelEncrypt":0}
Jan 08 06:23:00 
Jan 08 06:23:00 🔔京东摇钱树, 结束! 🕛 0.636 秒
Jan 08 06:23:00 
Jan 08 08:23:00 
Jan 08 08:23:00 🔔京东摇钱树, 开始!
Jan 08 08:23:00 
Jan 08 08:23:00 ====================共1个京东账号Cookie=========
Jan 08 08:23:00 
Jan 08 08:23:00 ==================脚本执行- 北京时间(UTC+8)：2022/1/8 上午8:23:00=====================
Jan 08 08:23:00 
Jan 08 08:23:01 
Jan 08 08:23:01 ****开始【京东账号1】jd_GyKLGOwyLAnM****
Jan 08 08:23:01 
Jan 08 08:23:01 初始化摇钱树个人信息
Jan 08 08:23:01 其他情况::{"resultCode":3,"resultMsg":"请先登录您的京东账号","channelEncrypt":0}
Jan 08 08:23:01 
Jan 08 08:23:01 🔔京东摇钱树, 结束! 🕛 0.658 秒
Jan 08 08:23:01 
Jan 08 10:23:00 
Jan 08 10:23:00 🔔京东摇钱树, 开始!
Jan 08 10:23:00 
Jan 08 10:23:00 ====================共1个京东账号Cookie=========
Jan 08 10:23:00 
Jan 08 10:23:00 ==================脚本执行- 北京时间(UTC+8)：2022/1/8 上午10:23:00=====================
Jan 08 10:23:00 
Jan 08 10:23:01 
Jan 08 10:23:01 ****开始【京东账号1】jd_GyKLGOwyLAnM****
Jan 08 10:23:01 
Jan 08 10:23:01 初始化摇钱树个人信息
Jan 08 10:23:01 其他情况::{"resultCode":3,"resultMsg":"请先登录您的京东账号","channelEncrypt":0}
Jan 08 10:23:01 
Jan 08 10:23:01 🔔京东摇钱树, 结束! 🕛 0.682 秒
Jan 08 10:23:01 
Jan 08 12:23:01 
Jan 08 12:23:01 🔔京东摇钱树, 开始!
Jan 08 12:23:01 
Jan 08 12:23:01 ====================共1个京东账号Cookie=========
Jan 08 12:23:01 
Jan 08 12:23:01 ==================脚本执行- 北京时间(UTC+8)：2022/1/8 下午12:23:01=====================
Jan 08 12:23:01 
Jan 08 12:23:02 
Jan 08 12:23:02 ****开始【京东账号1】jd_GyKLGOwyLAnM****
Jan 08 12:23:02 
Jan 08 12:23:02 初始化摇钱树个人信息
Jan 08 12:23:03 其他情况::{"resultCode":3,"resultMsg":"请先登录您的京东账号","channelEncrypt":0}
Jan 08 12:23:03 
Jan 08 12:23:03 🔔京东摇钱树, 结束! 🕛 2.296 秒
Jan 08 12:23:03 
Jan 08 14:23:01 
Jan 08 14:23:01 🔔京东摇钱树, 开始!
Jan 08 14:23:01 
Jan 08 14:23:01 ====================共1个京东账号Cookie=========
Jan 08 14:23:01 
Jan 08 14:23:01 ==================脚本执行- 北京时间(UTC+8)：2022/1/8 下午2:23:01=====================
Jan 08 14:23:01 
Jan 08 14:23:01 
Jan 08 14:23:01 ****开始【京东账号1】jd_GyKLGOwyLAnM****
Jan 08 14:23:01 
Jan 08 14:23:01 初始化摇钱树个人信息
Jan 08 14:23:01 其他情况::{"resultCode":3,"resultMsg":"请先登录您的京东账号","channelEncrypt":0}
Jan 08 14:23:01 
Jan 08 14:23:01 🔔京东摇钱树, 结束! 🕛 0.695 秒
Jan 08 14:23:01 
Jan 08 16:23:01 
Jan 08 16:23:01 🔔京东摇钱树, 开始!
Jan 08 16:23:01 
Jan 08 16:23:01 ====================共1个京东账号Cookie=========
Jan 08 16:23:01 
Jan 08 16:23:01 ==================脚本执行- 北京时间(UTC+8)：2022/1/8 下午4:23:01=====================
Jan 08 16:23:01 
Jan 08 16:23:01 
Jan 08 16:23:01 ****开始【京东账号1】jd_GyKLGOwyLAnM****
Jan 08 16:23:01 
Jan 08 16:23:01 初始化摇钱树个人信息
Jan 08 16:23:04 其他情况::{"resultCode":3,"resultMsg":"请先登录您的京东账号","channelEncrypt":0}
Jan 08 16:23:04 
Jan 08 16:23:04 🔔京东摇钱树, 结束! 🕛 3.666 秒
Jan 08 16:23:04 
Jan 08 18:23:00 
Jan 08 18:23:00 🔔京东摇钱树, 开始!
Jan 08 18:23:00 
Jan 08 18:23:00 ====================共1个京东账号Cookie=========
Jan 08 18:23:00 
Jan 08 18:23:00 ==================脚本执行- 北京时间(UTC+8)：2022/1/8 下午6:23:00=====================
Jan 08 18:23:00 
Jan 08 18:23:00 
Jan 08 18:23:00 ****开始【京东账号1】jd_GyKLGOwyLAnM****
Jan 08 18:23:00 
Jan 08 18:23:00 初始化摇钱树个人信息
Jan 08 18:23:03 其他情况::{"resultCode":3,"resultMsg":"请先登录您的京东账号","channelEncrypt":0}
Jan 08 18:23:03 
Jan 08 18:23:03 🔔京东摇钱树, 结束! 🕛 3.73 秒
Jan 08 18:23:03 
Jan 08 20:23:00 
Jan 08 20:23:00 🔔京东摇钱树, 开始!
Jan 08 20:23:00 
Jan 08 20:23:00 ====================共1个京东账号Cookie=========
Jan 08 20:23:00 
Jan 08 20:23:00 ==================脚本执行- 北京时间(UTC+8)：2022/1/8 下午8:23:00=====================
Jan 08 20:23:00 
Jan 08 20:23:00 
Jan 08 20:23:00 ****开始【京东账号1】jd_GyKLGOwyLAnM****
Jan 08 20:23:00 
Jan 08 20:23:00 初始化摇钱树个人信息
Jan 08 20:23:06 其他情况::{"resultCode":3,"resultMsg":"请先登录您的京东账号","channelEncrypt":0}
Jan 08 20:23:06 
Jan 08 20:23:06 🔔京东摇钱树, 结束! 🕛 6.323 秒
Jan 08 20:23:06 
Jan 08 22:23:00 
Jan 08 22:23:00 🔔京东摇钱树, 开始!
Jan 08 22:23:00 
Jan 08 22:23:00 ====================共1个京东账号Cookie=========
Jan 08 22:23:00 
Jan 08 22:23:01 ==================脚本执行- 北京时间(UTC+8)：2022/1/8 下午10:23:00=====================
Jan 08 22:23:01 
Jan 08 22:23:02 
Jan 08 22:23:02 ****开始【京东账号1】jd_GyKLGOwyLAnM****
Jan 08 22:23:02 
Jan 08 22:23:02 初始化摇钱树个人信息
Jan 08 22:23:02 其他情况::{"resultCode":3,"resultMsg":"请先登录您的京东账号","channelEncrypt":0}
Jan 08 22:23:02 
Jan 08 22:23:02 🔔京东摇钱树, 结束! 🕛 1.573 秒
Jan 08 22:23:02 
Jan 09 00:23:00 
Jan 09 00:23:00 🔔京东摇钱树, 开始!
Jan 09 00:23:00 
Jan 09 00:23:00 ====================共1个京东账号Cookie=========
Jan 09 00:23:00 
Jan 09 00:23:00 ==================脚本执行- 北京时间(UTC+8)：2022/1/9 上午12:23:00=====================
Jan 09 00:23:00 
Jan 09 00:23:01 
Jan 09 00:23:01 ****开始【京东账号1】jd_GyKLGOwyLAnM****
Jan 09 00:23:01 
Jan 09 00:23:01 初始化摇钱树个人信息
Jan 09 00:23:01 其他情况::{"resultCode":3,"resultMsg":"请先登录您的京东账号","channelEncrypt":0}
Jan 09 00:23:01 
Jan 09 00:23:01 🔔京东摇钱树, 结束! 🕛 0.679 秒
Jan 09 00:23:01 
Jan 09 02:23:00 
Jan 09 02:23:00 🔔京东摇钱树, 开始!
Jan 09 02:23:00 
Jan 09 02:23:00 ====================共1个京东账号Cookie=========
Jan 09 02:23:00 
Jan 09 02:23:01 ==================脚本执行- 北京时间(UTC+8)：2022/1/9 上午2:23:00=====================
Jan 09 02:23:01 
Jan 09 02:23:01 
Jan 09 02:23:01 ****开始【京东账号1】jd_GyKLGOwyLAnM****
Jan 09 02:23:01 
Jan 09 02:23:01 初始化摇钱树个人信息
Jan 09 02:23:01 其他情况::{"resultCode":3,"resultMsg":"请先登录您的京东账号","channelEncrypt":0}
Jan 09 02:23:01 
Jan 09 02:23:01 🔔京东摇钱树, 结束! 🕛 0.648 秒
Jan 09 02:23:01 
Jan 09 04:23:01 
Jan 09 04:23:01 🔔京东摇钱树, 开始!
Jan 09 04:23:01 
Jan 09 04:23:01 ====================共1个京东账号Cookie=========
Jan 09 04:23:01 
Jan 09 04:23:01 ==================脚本执行- 北京时间(UTC+8)：2022/1/9 上午4:23:01=====================
Jan 09 04:23:01 
Jan 09 04:23:01 
Jan 09 04:23:01 ****开始【京东账号1】jd_GyKLGOwyLAnM****
Jan 09 04:23:01 
Jan 09 04:23:01 初始化摇钱树个人信息
Jan 09 04:23:01 其他情况::{"resultCode":3,"resultMsg":"请先登录您的京东账号","channelEncrypt":0}
Jan 09 04:23:01 
Jan 09 04:23:01 🔔京东摇钱树, 结束! 🕛 0.606 秒
Jan 09 04:23:01 
Jan 09 06:23:00 
Jan 09 06:23:00 🔔京东摇钱树, 开始!
Jan 09 06:23:00 
Jan 09 06:23:00 ====================共1个京东账号Cookie=========
Jan 09 06:23:00 
Jan 09 06:23:00 ==================脚本执行- 北京时间(UTC+8)：2022/1/9 上午6:23:00=====================
Jan 09 06:23:00 
Jan 09 06:23:00 
Jan 09 06:23:00 ****开始【京东账号1】jd_GyKLGOwyLAnM****
Jan 09 06:23:00 
Jan 09 06:23:00 初始化摇钱树个人信息
Jan 09 06:23:07 其他情况::{"resultCode":3,"resultMsg":"请先登录您的京东账号","channelEncrypt":0}
Jan 09 06:23:07 
Jan 09 06:23:07 🔔京东摇钱树, 结束! 🕛 7.463 秒
Jan 09 06:23:07 
Jan 09 08:23:00 
Jan 09 08:23:00 🔔京东摇钱树, 开始!
Jan 09 08:23:00 
Jan 09 08:23:00 ====================共1个京东账号Cookie=========
Jan 09 08:23:00 
Jan 09 08:23:00 ==================脚本执行- 北京时间(UTC+8)：2022/1/9 上午8:23:00=====================
Jan 09 08:23:00 
Jan 09 08:23:00 
Jan 09 08:23:00 ****开始【京东账号1】jd_GyKLGOwyLAnM****
Jan 09 08:23:00 
Jan 09 08:23:00 初始化摇钱树个人信息
Jan 09 08:23:00 其他情况::{"resultCode":3,"resultMsg":"请先登录您的京东账号","channelEncrypt":0}
Jan 09 08:23:00 
Jan 09 08:23:00 🔔京东摇钱树, 结束! 🕛 0.612 秒
Jan 09 08:23:00 
Jan 09 10:23:00 
Jan 09 10:23:00 🔔京东摇钱树, 开始!
Jan 09 10:23:00 
Jan 09 10:23:00 ====================共1个京东账号Cookie=========
Jan 09 10:23:00 
Jan 09 10:23:00 ==================脚本执行- 北京时间(UTC+8)：2022/1/9 上午10:23:00=====================
Jan 09 10:23:00 
Jan 09 10:23:00 
Jan 09 10:23:00 ****开始【京东账号1】jd_GyKLGOwyLAnM****
Jan 09 10:23:00 
Jan 09 10:23:00 初始化摇钱树个人信息
Jan 09 10:23:01 其他情况::{"resultCode":3,"resultMsg":"请先登录您的京东账号","channelEncrypt":0}
Jan 09 10:23:01 
Jan 09 10:23:01 🔔京东摇钱树, 结束! 🕛 0.596 秒
Jan 09 10:23:01 
Jan 09 12:23:00 
Jan 09 12:23:00 🔔京东摇钱树, 开始!
Jan 09 12:23:00 
Jan 09 12:23:00 ====================共1个京东账号Cookie=========
Jan 09 12:23:00 
Jan 09 12:23:01 ==================脚本执行- 北京时间(UTC+8)：2022/1/9 下午12:23:00=====================
Jan 09 12:23:01 
Jan 09 12:23:02 
Jan 09 12:23:02 ****开始【京东账号1】jd_GyKLGOwyLAnM****
Jan 09 12:23:02 
Jan 09 12:23:02 初始化摇钱树个人信息
Jan 09 12:23:02 其他情况::{"resultCode":3,"resultMsg":"请先登录您的京东账号","channelEncrypt":0}
Jan 09 12:23:02 
Jan 09 12:23:02 🔔京东摇钱树, 结束! 🕛 1.503 秒
Jan 09 12:23:02 
Jan 09 14:23:00 
Jan 09 14:23:00 🔔京东摇钱树, 开始!
Jan 09 14:23:00 
Jan 09 14:23:00 ====================共1个京东账号Cookie=========
Jan 09 14:23:00 
Jan 09 14:23:00 ==================脚本执行- 北京时间(UTC+8)：2022/1/9 下午2:23:00=====================
Jan 09 14:23:00 
Jan 09 14:23:01 
Jan 09 14:23:01 ****开始【京东账号1】jd_GyKLGOwyLAnM****
Jan 09 14:23:01 
Jan 09 14:23:01 初始化摇钱树个人信息
Jan 09 14:23:04 其他情况::{"resultCode":3,"resultMsg":"请先登录您的京东账号","channelEncrypt":0}
Jan 09 14:23:04 
Jan 09 14:23:04 🔔京东摇钱树, 结束! 🕛 3.614 秒
Jan 09 14:23:04 
Jan 09 16:23:00 
Jan 09 16:23:00 🔔京东摇钱树, 开始!
Jan 09 16:23:00 
Jan 09 16:23:00 ====================共1个京东账号Cookie=========
Jan 09 16:23:00 
Jan 09 16:23:00 ==================脚本执行- 北京时间(UTC+8)：2022/1/9 下午4:23:00=====================
Jan 09 16:23:00 
Jan 09 16:23:01 
Jan 09 16:23:01 ****开始【京东账号1】jd_GyKLGOwyLAnM****
Jan 09 16:23:01 
Jan 09 16:23:01 初始化摇钱树个人信息
Jan 09 16:23:01 其他情况::{"resultCode":3,"resultMsg":"请先登录您的京东账号","channelEncrypt":0}
Jan 09 16:23:01 
Jan 09 16:23:01 🔔京东摇钱树, 结束! 🕛 0.599 秒
Jan 09 16:23:01 
Jan 09 18:23:01 
Jan 09 18:23:01 🔔京东摇钱树, 开始!
Jan 09 18:23:01 
Jan 09 18:23:01 ====================共1个京东账号Cookie=========
Jan 09 18:23:01 
Jan 09 18:23:01 ==================脚本执行- 北京时间(UTC+8)：2022/1/9 下午6:23:01=====================
Jan 09 18:23:01 
Jan 09 18:23:01 
Jan 09 18:23:01 ****开始【京东账号1】jd_GyKLGOwyLAnM****
Jan 09 18:23:01 
Jan 09 18:23:01 初始化摇钱树个人信息
Jan 09 18:23:01 其他情况::{"resultCode":3,"resultMsg":"请先登录您的京东账号","channelEncrypt":0}
Jan 09 18:23:01 
Jan 09 18:23:01 🔔京东摇钱树, 结束! 🕛 0.593 秒
Jan 09 18:23:01 
Jan 09 20:23:00 
Jan 09 20:23:00 🔔京东摇钱树, 开始!
Jan 09 20:23:00 
Jan 09 20:23:00 ====================共1个京东账号Cookie=========
Jan 09 20:23:00 
Jan 09 20:23:00 ==================脚本执行- 北京时间(UTC+8)：2022/1/9 下午8:23:00=====================
Jan 09 20:23:00 
Jan 09 20:23:00 
Jan 09 20:23:00 ****开始【京东账号1】jd_GyKLGOwyLAnM****
Jan 09 20:23:00 
Jan 09 20:23:00 初始化摇钱树个人信息
Jan 09 20:23:03 其他情况::{"resultCode":3,"resultMsg":"请先登录您的京东账号","channelEncrypt":0}
Jan 09 20:23:03 
Jan 09 20:23:03 🔔京东摇钱树, 结束! 🕛 3.232 秒
Jan 09 20:23:03 
