Jan 09 20:00:00 
Jan 09 20:00:00 🔔京享红包, 开始!
Jan 09 20:00:00 
Jan 09 20:00:00 ====================共1个京东账号Cookie=========
Jan 09 20:00:00 
Jan 09 20:00:00 ==================脚本执行- 北京时间(UTC+8)：2022/1/9 下午8:00:00=====================
Jan 09 20:00:00 
Jan 09 20:00:00 
Jan 09 20:00:00 ******开始【京东账号1】jd_GyKLGOwyLAnM*********
Jan 09 20:00:00 
Jan 09 20:00:01 $.actId:2UboZe4RXkJPrpkp6SkpJJgtRmod
Jan 09 20:00:01 异常：用户未登录
Jan 09 20:00:05 
Jan 09 20:00:05 🔔京享红包, 结束! 🕛 5.453 秒
Jan 09 20:00:05 
Jan 09 21:00:00 
Jan 09 21:00:00 🔔京享红包, 开始!
Jan 09 21:00:00 
Jan 09 21:00:00 ====================共1个京东账号Cookie=========
Jan 09 21:00:00 
Jan 09 21:00:00 ==================脚本执行- 北京时间(UTC+8)：2022/1/9 下午9:00:00=====================
Jan 09 21:00:00 
Jan 09 21:00:00 
Jan 09 21:00:00 ******开始【京东账号1】jd_GyKLGOwyLAnM*********
Jan 09 21:00:00 
Jan 09 21:00:01 $.actId:2UboZe4RXkJPrpkp6SkpJJgtRmod
Jan 09 21:00:01 异常：用户未登录
Jan 09 21:00:05 
Jan 09 21:00:05 🔔京享红包, 结束! 🕛 5.341 秒
Jan 09 21:00:05 
