Jan 07 00:24:01 
Jan 07 00:24:01 🔔送豆得豆, 开始!
Jan 07 00:24:01 
Jan 07 00:24:01 ====================共1个京东账号Cookie=========
Jan 07 00:24:01 
Jan 07 00:24:01 ==================脚本执行- 北京时间(UTC+8)：2022/1/7 上午12:24:01=====================
Jan 07 00:24:01 
Jan 07 00:24:01 开始获取活动信息
Jan 07 00:24:05 获取活动详情成功
Jan 07 00:24:05 获取到的活动ID：85,需要邀请4人瓜分
Jan 07 00:24:05 
Jan 07 00:24:05 共有1个账号，前0个账号可以开团
Jan 07 00:24:05 
Jan 07 00:24:05 前0个账号开始开团
Jan 07 00:24:05 
Jan 07 00:24:05 
Jan 07 00:24:05 开团信息
Jan 07 00:24:05 []
Jan 07 00:24:05 
Jan 07 00:24:05 开始互助
Jan 07 00:24:05 
Jan 07 00:24:05 
Jan 07 00:24:05 开始领取奖励
Jan 07 00:24:05 
Jan 07 00:24:05 
Jan 07 00:24:05 *****开始【京东账号1】jd_GyKLGOwyLAnM*****
Jan 07 00:24:05 
Jan 07 00:24:05 {"errorCode":"B0001","errorMessage":"请先登录京东账号","currentTime":1641486245368,"datas":null,"page":null,"success":false}
Jan 07 00:24:05 
Jan 07 00:24:05 🔔送豆得豆, 结束! 🕛 4.173 秒
Jan 07 00:24:05 
Jan 07 12:24:01 
Jan 07 12:24:01 🔔送豆得豆, 开始!
Jan 07 12:24:01 
Jan 07 12:24:01 ====================共1个京东账号Cookie=========
Jan 07 12:24:01 
Jan 07 12:24:01 ==================脚本执行- 北京时间(UTC+8)：2022/1/7 下午12:24:01=====================
Jan 07 12:24:01 
Jan 07 12:24:01 开始获取活动信息
Jan 07 12:24:04 获取活动详情成功
Jan 07 12:24:04 获取到的活动ID：85,需要邀请4人瓜分
Jan 07 12:24:04 
Jan 07 12:24:04 共有1个账号，前0个账号可以开团
Jan 07 12:24:04 
Jan 07 12:24:04 前0个账号开始开团
Jan 07 12:24:04 
Jan 07 12:24:04 
Jan 07 12:24:04 开团信息
Jan 07 12:24:04 []
Jan 07 12:24:04 
Jan 07 12:24:04 开始互助
Jan 07 12:24:04 
Jan 07 12:24:04 
Jan 07 12:24:04 开始领取奖励
Jan 07 12:24:04 
Jan 07 12:24:04 
Jan 07 12:24:04 *****开始【京东账号1】jd_GyKLGOwyLAnM*****
Jan 07 12:24:04 
Jan 07 12:24:04 {"errorCode":"B0001","errorMessage":"请先登录京东账号","currentTime":1641529444945,"datas":null,"page":null,"success":false}
Jan 07 12:24:04 
Jan 07 12:24:04 🔔送豆得豆, 结束! 🕛 3.957 秒
Jan 07 12:24:04 
Jan 08 00:24:01 
Jan 08 00:24:01 🔔送豆得豆, 开始!
Jan 08 00:24:01 
Jan 08 00:24:01 ====================共1个京东账号Cookie=========
Jan 08 00:24:01 
Jan 08 00:24:01 ==================脚本执行- 北京时间(UTC+8)：2022/1/8 上午12:24:01=====================
Jan 08 00:24:01 
Jan 08 00:24:01 开始获取活动信息
Jan 08 00:24:05 获取活动详情成功
Jan 08 00:24:05 获取到的活动ID：85,需要邀请4人瓜分
Jan 08 00:24:05 
Jan 08 00:24:05 共有1个账号，前0个账号可以开团
Jan 08 00:24:05 
Jan 08 00:24:05 前0个账号开始开团
Jan 08 00:24:05 
Jan 08 00:24:05 
Jan 08 00:24:05 开团信息
Jan 08 00:24:05 []
Jan 08 00:24:05 
Jan 08 00:24:05 开始互助
Jan 08 00:24:05 
Jan 08 00:24:05 
Jan 08 00:24:05 开始领取奖励
Jan 08 00:24:05 
Jan 08 00:24:05 
Jan 08 00:24:05 *****开始【京东账号1】jd_GyKLGOwyLAnM*****
Jan 08 00:24:05 
Jan 08 00:24:05 {"errorCode":"B0001","errorMessage":"请先登录京东账号","currentTime":1641572645385,"datas":null,"page":null,"success":false}
Jan 08 00:24:05 
Jan 08 00:24:05 🔔送豆得豆, 结束! 🕛 4.337 秒
Jan 08 00:24:05 
Jan 08 12:24:00 
Jan 08 12:24:00 🔔送豆得豆, 开始!
Jan 08 12:24:00 
Jan 08 12:24:00 ====================共1个京东账号Cookie=========
Jan 08 12:24:00 
Jan 08 12:24:00 ==================脚本执行- 北京时间(UTC+8)：2022/1/8 下午12:24:00=====================
Jan 08 12:24:00 
Jan 08 12:24:00 开始获取活动信息
Jan 08 12:24:04 获取活动详情成功
Jan 08 12:24:04 获取到的活动ID：85,需要邀请4人瓜分
Jan 08 12:24:04 
Jan 08 12:24:04 共有1个账号，前0个账号可以开团
Jan 08 12:24:04 
Jan 08 12:24:04 前0个账号开始开团
Jan 08 12:24:04 
Jan 08 12:24:04 
Jan 08 12:24:04 开团信息
Jan 08 12:24:04 []
Jan 08 12:24:04 
Jan 08 12:24:04 开始互助
Jan 08 12:24:04 
Jan 08 12:24:04 
Jan 08 12:24:04 开始领取奖励
Jan 08 12:24:04 
Jan 08 12:24:04 
Jan 08 12:24:04 *****开始【京东账号1】jd_GyKLGOwyLAnM*****
Jan 08 12:24:04 
Jan 08 12:24:05 {"errorCode":"B0001","errorMessage":"请先登录京东账号","currentTime":1641615845131,"datas":null,"page":null,"success":false}
Jan 08 12:24:05 
Jan 08 12:24:05 🔔送豆得豆, 结束! 🕛 4.26 秒
Jan 08 12:24:05 
Jan 09 00:24:00 
Jan 09 00:24:00 🔔送豆得豆, 开始!
Jan 09 00:24:00 
Jan 09 00:24:00 ====================共1个京东账号Cookie=========
Jan 09 00:24:00 
Jan 09 00:24:00 ==================脚本执行- 北京时间(UTC+8)：2022/1/9 上午12:24:00=====================
Jan 09 00:24:00 
Jan 09 00:24:00 开始获取活动信息
Jan 09 00:24:04 获取活动详情成功
Jan 09 00:24:04 获取到的活动ID：85,需要邀请4人瓜分
Jan 09 00:24:04 
Jan 09 00:24:04 共有1个账号，前0个账号可以开团
Jan 09 00:24:04 
Jan 09 00:24:04 前0个账号开始开团
Jan 09 00:24:04 
Jan 09 00:24:04 
Jan 09 00:24:04 开团信息
Jan 09 00:24:04 []
Jan 09 00:24:04 
Jan 09 00:24:04 开始互助
Jan 09 00:24:04 
Jan 09 00:24:04 
Jan 09 00:24:04 开始领取奖励
Jan 09 00:24:04 
Jan 09 00:24:04 
Jan 09 00:24:04 *****开始【京东账号1】jd_GyKLGOwyLAnM*****
Jan 09 00:24:04 
Jan 09 00:24:04 {"errorCode":"B0001","errorMessage":"请先登录京东账号","currentTime":1641659044888,"datas":null,"page":null,"success":false}
Jan 09 00:24:04 
Jan 09 00:24:04 🔔送豆得豆, 结束! 🕛 4.126 秒
Jan 09 00:24:04 
Jan 09 12:24:00 
Jan 09 12:24:00 🔔送豆得豆, 开始!
Jan 09 12:24:00 
Jan 09 12:24:00 ====================共1个京东账号Cookie=========
Jan 09 12:24:00 
Jan 09 12:24:00 ==================脚本执行- 北京时间(UTC+8)：2022/1/9 下午12:24:00=====================
Jan 09 12:24:00 
Jan 09 12:24:00 开始获取活动信息
Jan 09 12:24:04 获取活动详情成功
Jan 09 12:24:04 获取到的活动ID：85,需要邀请4人瓜分
Jan 09 12:24:04 
Jan 09 12:24:04 共有1个账号，前0个账号可以开团
Jan 09 12:24:04 
Jan 09 12:24:04 前0个账号开始开团
Jan 09 12:24:04 
Jan 09 12:24:04 
Jan 09 12:24:04 开团信息
Jan 09 12:24:04 []
Jan 09 12:24:04 
Jan 09 12:24:04 开始互助
Jan 09 12:24:04 
Jan 09 12:24:04 
Jan 09 12:24:04 开始领取奖励
Jan 09 12:24:04 
Jan 09 12:24:04 
Jan 09 12:24:04 *****开始【京东账号1】jd_GyKLGOwyLAnM*****
Jan 09 12:24:04 
Jan 09 12:24:04 {"errorCode":"B0001","errorMessage":"请先登录京东账号","currentTime":1641702244692,"datas":null,"page":null,"success":false}
Jan 09 12:24:04 
Jan 09 12:24:04 🔔送豆得豆, 结束! 🕛 4.055 秒
Jan 09 12:24:04 
