Jan 07 00:31:01 
Jan 07 00:31:01 🔔东东超市, 开始!
Jan 07 00:31:01 
Jan 07 00:31:01 ====================共1个京东账号Cookie=========
Jan 07 00:31:01 
Jan 07 00:31:01 ==================脚本执行- 北京时间(UTC+8)：2022/1/7 上午12:31:01=====================
Jan 07 00:31:01 
Jan 07 00:31:01 共1个京东账号
Jan 07 00:31:01 
Jan 07 00:31:01 
Jan 07 00:31:01 开始【京东账号1】jd_GyKLGOwyLAnM
Jan 07 00:31:01 
Jan 07 00:31:02 收取蓝币失败：请求失败，登陆失败
Jan 07 00:31:02 
Jan 07 00:31:02 注意⚠:东东超市抽奖已改版,花费500蓝币抽奖一次,现在脚本默认已关闭抽奖功能
Jan 07 00:31:02 
Jan 07 00:31:02 设置的为不抽奖
Jan 07 00:31:02 
Jan 07 00:31:07 【京东账号1】
Jan 07 00:31:07 【收取小费】请求失败，登陆失败
Jan 07 00:31:07 【第undefined日签到】请求失败，登陆失败
Jan 07 00:31:07 
Jan 07 00:31:07 
Jan 07 00:31:07 🔔东东超市, 结束! 🕛 6.528 秒
Jan 07 00:31:07 
Jan 07 01:31:00 
Jan 07 01:31:00 🔔东东超市, 开始!
Jan 07 01:31:00 
Jan 07 01:31:00 ====================共1个京东账号Cookie=========
Jan 07 01:31:00 
Jan 07 01:31:00 ==================脚本执行- 北京时间(UTC+8)：2022/1/7 上午1:31:00=====================
Jan 07 01:31:00 
Jan 07 01:31:00 共1个京东账号
Jan 07 01:31:00 
Jan 07 01:31:00 
Jan 07 01:31:00 开始【京东账号1】jd_GyKLGOwyLAnM
Jan 07 01:31:00 
Jan 07 01:31:00 收取蓝币失败：请求失败，登陆失败
Jan 07 01:31:01 
Jan 07 01:31:01 注意⚠:东东超市抽奖已改版,花费500蓝币抽奖一次,现在脚本默认已关闭抽奖功能
Jan 07 01:31:01 
Jan 07 01:31:01 设置的为不抽奖
Jan 07 01:31:01 
Jan 07 01:31:14 【京东账号1】
Jan 07 01:31:14 【收取小费】请求失败，登陆失败
Jan 07 01:31:14 【第undefined日签到】请求失败，登陆失败
Jan 07 01:31:14 
Jan 07 01:31:14 
Jan 07 01:31:14 🔔东东超市, 结束! 🕛 14.4 秒
Jan 07 01:31:14 
Jan 07 03:31:00 
Jan 07 03:31:00 🔔东东超市, 开始!
Jan 07 03:31:00 
Jan 07 03:31:00 ====================共1个京东账号Cookie=========
Jan 07 03:31:00 
Jan 07 03:31:00 ==================脚本执行- 北京时间(UTC+8)：2022/1/7 上午3:31:00=====================
Jan 07 03:31:00 
Jan 07 03:31:00 共1个京东账号
Jan 07 03:31:00 
Jan 07 03:31:00 
Jan 07 03:31:00 开始【京东账号1】jd_GyKLGOwyLAnM
Jan 07 03:31:00 
Jan 07 03:31:00 收取蓝币失败：请求失败，登陆失败
Jan 07 03:31:01 
Jan 07 03:31:01 注意⚠:东东超市抽奖已改版,花费500蓝币抽奖一次,现在脚本默认已关闭抽奖功能
Jan 07 03:31:01 
Jan 07 03:31:01 设置的为不抽奖
Jan 07 03:31:01 
Jan 07 03:31:25 【京东账号1】
Jan 07 03:31:25 【收取小费】请求失败，登陆失败
Jan 07 03:31:25 【第undefined日签到】请求失败，登陆失败
Jan 07 03:31:25 
Jan 07 03:31:25 
Jan 07 03:31:25 🔔东东超市, 结束! 🕛 25.47 秒
Jan 07 03:31:25 
Jan 07 05:31:00 
Jan 07 05:31:00 🔔东东超市, 开始!
Jan 07 05:31:00 
Jan 07 05:31:00 ====================共1个京东账号Cookie=========
Jan 07 05:31:00 
Jan 07 05:31:00 ==================脚本执行- 北京时间(UTC+8)：2022/1/7 上午5:31:00=====================
Jan 07 05:31:00 
Jan 07 05:31:00 共1个京东账号
Jan 07 05:31:00 
Jan 07 05:31:00 
Jan 07 05:31:00 开始【京东账号1】jd_GyKLGOwyLAnM
Jan 07 05:31:00 
Jan 07 05:31:01 收取蓝币失败：请求失败，登陆失败
Jan 07 05:31:01 
Jan 07 05:31:01 注意⚠:东东超市抽奖已改版,花费500蓝币抽奖一次,现在脚本默认已关闭抽奖功能
Jan 07 05:31:01 
Jan 07 05:31:01 设置的为不抽奖
Jan 07 05:31:01 
Jan 07 05:31:24 【京东账号1】
Jan 07 05:31:24 【收取小费】请求失败，登陆失败
Jan 07 05:31:24 【第undefined日签到】请求失败，登陆失败
Jan 07 05:31:24 
Jan 07 05:31:24 
Jan 07 05:31:24 🔔东东超市, 结束! 🕛 24.359 秒
Jan 07 05:31:24 
Jan 07 07:31:00 
Jan 07 07:31:00 🔔东东超市, 开始!
Jan 07 07:31:00 
Jan 07 07:31:00 ====================共1个京东账号Cookie=========
Jan 07 07:31:00 
Jan 07 07:31:00 ==================脚本执行- 北京时间(UTC+8)：2022/1/7 上午7:31:00=====================
Jan 07 07:31:00 
Jan 07 07:31:00 共1个京东账号
Jan 07 07:31:00 
Jan 07 07:31:01 
Jan 07 07:31:01 开始【京东账号1】jd_GyKLGOwyLAnM
Jan 07 07:31:01 
Jan 07 07:31:01 收取蓝币失败：请求失败，登陆失败
Jan 07 07:31:02 
Jan 07 07:31:02 注意⚠:东东超市抽奖已改版,花费500蓝币抽奖一次,现在脚本默认已关闭抽奖功能
Jan 07 07:31:02 
Jan 07 07:31:02 设置的为不抽奖
Jan 07 07:31:02 
Jan 07 07:31:25 【京东账号1】
Jan 07 07:31:25 【收取小费】请求失败，登陆失败
Jan 07 07:31:25 【第undefined日签到】请求失败，登陆失败
Jan 07 07:31:25 
Jan 07 07:31:25 
Jan 07 07:31:25 🔔东东超市, 结束! 🕛 24.677 秒
Jan 07 07:31:25 
Jan 07 09:31:00 
Jan 07 09:31:00 🔔东东超市, 开始!
Jan 07 09:31:00 
Jan 07 09:31:00 ====================共1个京东账号Cookie=========
Jan 07 09:31:00 
Jan 07 09:31:00 ==================脚本执行- 北京时间(UTC+8)：2022/1/7 上午9:31:00=====================
Jan 07 09:31:00 
Jan 07 09:31:00 共1个京东账号
Jan 07 09:31:00 
Jan 07 09:31:01 
Jan 07 09:31:01 开始【京东账号1】jd_GyKLGOwyLAnM
Jan 07 09:31:01 
Jan 07 09:31:01 收取蓝币失败：请求失败，登陆失败
Jan 07 09:31:02 
Jan 07 09:31:02 注意⚠:东东超市抽奖已改版,花费500蓝币抽奖一次,现在脚本默认已关闭抽奖功能
Jan 07 09:31:02 
Jan 07 09:31:02 设置的为不抽奖
Jan 07 09:31:02 
Jan 07 09:31:04 【京东账号1】
Jan 07 09:31:04 【收取小费】请求失败，登陆失败
Jan 07 09:31:04 【第undefined日签到】请求失败，登陆失败
Jan 07 09:31:04 
Jan 07 09:31:04 
Jan 07 09:31:04 🔔东东超市, 结束! 🕛 3.882 秒
Jan 07 09:31:04 
Jan 07 11:31:00 
Jan 07 11:31:00 🔔东东超市, 开始!
Jan 07 11:31:00 
Jan 07 11:31:00 ====================共1个京东账号Cookie=========
Jan 07 11:31:00 
Jan 07 11:31:01 ==================脚本执行- 北京时间(UTC+8)：2022/1/7 上午11:31:00=====================
Jan 07 11:31:01 
Jan 07 11:31:01 共1个京东账号
Jan 07 11:31:01 
Jan 07 11:31:01 
Jan 07 11:31:01 开始【京东账号1】jd_GyKLGOwyLAnM
Jan 07 11:31:01 
Jan 07 11:31:01 收取蓝币失败：请求失败，登陆失败
Jan 07 11:31:02 
Jan 07 11:31:02 注意⚠:东东超市抽奖已改版,花费500蓝币抽奖一次,现在脚本默认已关闭抽奖功能
Jan 07 11:31:02 
Jan 07 11:31:02 设置的为不抽奖
Jan 07 11:31:02 
Jan 07 11:31:16 【京东账号1】
Jan 07 11:31:16 【收取小费】请求失败，登陆失败
Jan 07 11:31:16 【第undefined日签到】请求失败，登陆失败
Jan 07 11:31:16 
Jan 07 11:31:16 
Jan 07 11:31:16 🔔东东超市, 结束! 🕛 15.894 秒
Jan 07 11:31:16 
Jan 07 13:31:01 
Jan 07 13:31:01 🔔东东超市, 开始!
Jan 07 13:31:01 
Jan 07 13:31:01 ====================共1个京东账号Cookie=========
Jan 07 13:31:01 
Jan 07 13:31:01 ==================脚本执行- 北京时间(UTC+8)：2022/1/7 下午1:31:01=====================
Jan 07 13:31:01 
Jan 07 13:31:01 共1个京东账号
Jan 07 13:31:01 
Jan 07 13:31:01 
Jan 07 13:31:01 开始【京东账号1】jd_GyKLGOwyLAnM
Jan 07 13:31:01 
Jan 07 13:31:01 收取蓝币失败：请求失败，登陆失败
Jan 07 13:31:02 
Jan 07 13:31:02 注意⚠:东东超市抽奖已改版,花费500蓝币抽奖一次,现在脚本默认已关闭抽奖功能
Jan 07 13:31:02 
Jan 07 13:31:02 设置的为不抽奖
Jan 07 13:31:02 
Jan 07 13:31:17 【京东账号1】
Jan 07 13:31:17 【收取小费】请求失败，登陆失败
Jan 07 13:31:17 【第undefined日签到】请求失败，登陆失败
Jan 07 13:31:17 
Jan 07 13:31:17 
Jan 07 13:31:17 🔔东东超市, 结束! 🕛 16.444 秒
Jan 07 13:31:17 
Jan 07 15:31:00 
Jan 07 15:31:00 🔔东东超市, 开始!
Jan 07 15:31:00 
Jan 07 15:31:00 ====================共1个京东账号Cookie=========
Jan 07 15:31:00 
Jan 07 15:31:00 ==================脚本执行- 北京时间(UTC+8)：2022/1/7 下午3:31:00=====================
Jan 07 15:31:00 
Jan 07 15:31:00 共1个京东账号
Jan 07 15:31:00 
Jan 07 15:31:00 
Jan 07 15:31:00 开始【京东账号1】jd_GyKLGOwyLAnM
Jan 07 15:31:00 
Jan 07 15:31:00 收取蓝币失败：请求失败，登陆失败
Jan 07 15:31:01 
Jan 07 15:31:01 注意⚠:东东超市抽奖已改版,花费500蓝币抽奖一次,现在脚本默认已关闭抽奖功能
Jan 07 15:31:01 
Jan 07 15:31:01 设置的为不抽奖
Jan 07 15:31:01 
Jan 07 15:31:04 【京东账号1】
Jan 07 15:31:04 【收取小费】请求失败，登陆失败
Jan 07 15:31:04 【第undefined日签到】请求失败，登陆失败
Jan 07 15:31:04 
Jan 07 15:31:04 
Jan 07 15:31:04 🔔东东超市, 结束! 🕛 4.248 秒
Jan 07 15:31:04 
Jan 07 17:31:00 
Jan 07 17:31:00 🔔东东超市, 开始!
Jan 07 17:31:00 
Jan 07 17:31:00 ====================共1个京东账号Cookie=========
Jan 07 17:31:00 
Jan 07 17:31:00 ==================脚本执行- 北京时间(UTC+8)：2022/1/7 下午5:31:00=====================
Jan 07 17:31:00 
Jan 07 17:31:00 共1个京东账号
Jan 07 17:31:00 
Jan 07 17:31:00 
Jan 07 17:31:00 开始【京东账号1】jd_GyKLGOwyLAnM
Jan 07 17:31:00 
Jan 07 17:31:00 收取蓝币失败：请求失败，登陆失败
Jan 07 17:31:01 
Jan 07 17:31:01 注意⚠:东东超市抽奖已改版,花费500蓝币抽奖一次,现在脚本默认已关闭抽奖功能
Jan 07 17:31:01 
Jan 07 17:31:01 设置的为不抽奖
Jan 07 17:31:01 
Jan 07 17:31:26 【京东账号1】
Jan 07 17:31:26 【收取小费】请求失败，登陆失败
Jan 07 17:31:26 【第undefined日签到】请求失败，登陆失败
Jan 07 17:31:26 
Jan 07 17:31:26 
Jan 07 17:31:26 🔔东东超市, 结束! 🕛 26.018 秒
Jan 07 17:31:26 
Jan 07 19:31:00 
Jan 07 19:31:00 🔔东东超市, 开始!
Jan 07 19:31:00 
Jan 07 19:31:00 ====================共1个京东账号Cookie=========
Jan 07 19:31:00 
Jan 07 19:31:00 ==================脚本执行- 北京时间(UTC+8)：2022/1/7 下午7:31:00=====================
Jan 07 19:31:00 
Jan 07 19:31:00 共1个京东账号
Jan 07 19:31:00 
Jan 07 19:31:00 
Jan 07 19:31:00 开始【京东账号1】jd_GyKLGOwyLAnM
Jan 07 19:31:00 
Jan 07 19:31:01 收取蓝币失败：请求失败，登陆失败
Jan 07 19:31:01 
Jan 07 19:31:01 注意⚠:东东超市抽奖已改版,花费500蓝币抽奖一次,现在脚本默认已关闭抽奖功能
Jan 07 19:31:01 
Jan 07 19:31:01 设置的为不抽奖
Jan 07 19:31:01 
Jan 07 19:31:03 【京东账号1】
Jan 07 19:31:03 【收取小费】请求失败，登陆失败
Jan 07 19:31:03 【第undefined日签到】请求失败，登陆失败
Jan 07 19:31:03 
Jan 07 19:31:03 
Jan 07 19:31:03 🔔东东超市, 结束! 🕛 3.432 秒
Jan 07 19:31:03 
Jan 07 21:31:00 
Jan 07 21:31:00 🔔东东超市, 开始!
Jan 07 21:31:00 
Jan 07 21:31:00 ====================共1个京东账号Cookie=========
Jan 07 21:31:00 
Jan 07 21:31:00 ==================脚本执行- 北京时间(UTC+8)：2022/1/7 下午9:31:00=====================
Jan 07 21:31:00 
Jan 07 21:31:00 共1个京东账号
Jan 07 21:31:00 
Jan 07 21:31:01 
Jan 07 21:31:01 开始【京东账号1】jd_GyKLGOwyLAnM
Jan 07 21:31:01 
Jan 07 21:31:01 收取蓝币失败：请求失败，登陆失败
Jan 07 21:31:02 
Jan 07 21:31:02 注意⚠:东东超市抽奖已改版,花费500蓝币抽奖一次,现在脚本默认已关闭抽奖功能
Jan 07 21:31:02 
Jan 07 21:31:02 设置的为不抽奖
Jan 07 21:31:02 
Jan 07 21:31:17 【京东账号1】
Jan 07 21:31:17 【收取小费】请求失败，登陆失败
Jan 07 21:31:17 【第undefined日签到】请求失败，登陆失败
Jan 07 21:31:17 
Jan 07 21:31:17 
Jan 07 21:31:17 🔔东东超市, 结束! 🕛 16.636 秒
Jan 07 21:31:17 
Jan 07 23:31:00 
Jan 07 23:31:00 🔔东东超市, 开始!
Jan 07 23:31:00 
Jan 07 23:31:00 ====================共1个京东账号Cookie=========
Jan 07 23:31:00 
Jan 07 23:31:00 ==================脚本执行- 北京时间(UTC+8)：2022/1/7 下午11:31:00=====================
Jan 07 23:31:00 
Jan 07 23:31:00 共1个京东账号
Jan 07 23:31:00 
Jan 07 23:31:01 
Jan 07 23:31:01 开始【京东账号1】jd_GyKLGOwyLAnM
Jan 07 23:31:01 
Jan 07 23:31:01 收取蓝币失败：请求失败，登陆失败
Jan 07 23:31:02 
Jan 07 23:31:02 注意⚠:东东超市抽奖已改版,花费500蓝币抽奖一次,现在脚本默认已关闭抽奖功能
Jan 07 23:31:02 
Jan 07 23:31:02 设置的为不抽奖
Jan 07 23:31:02 
Jan 07 23:31:05 【京东账号1】
Jan 07 23:31:05 【收取小费】请求失败，登陆失败
Jan 07 23:31:05 【第undefined日签到】请求失败，登陆失败
Jan 07 23:31:05 
Jan 07 23:31:05 
Jan 07 23:31:05 🔔东东超市, 结束! 🕛 4.134 秒
Jan 07 23:31:05 
Jan 08 00:31:00 
Jan 08 00:31:00 🔔东东超市, 开始!
Jan 08 00:31:00 
Jan 08 00:31:00 ====================共1个京东账号Cookie=========
Jan 08 00:31:00 
Jan 08 00:31:01 ==================脚本执行- 北京时间(UTC+8)：2022/1/8 上午12:31:00=====================
Jan 08 00:31:01 
Jan 08 00:31:01 共1个京东账号
Jan 08 00:31:01 
Jan 08 00:31:01 
Jan 08 00:31:01 开始【京东账号1】jd_GyKLGOwyLAnM
Jan 08 00:31:01 
Jan 08 00:31:01 收取蓝币失败：请求失败，登陆失败
Jan 08 00:31:02 
Jan 08 00:31:02 注意⚠:东东超市抽奖已改版,花费500蓝币抽奖一次,现在脚本默认已关闭抽奖功能
Jan 08 00:31:02 
Jan 08 00:31:02 设置的为不抽奖
Jan 08 00:31:02 
Jan 08 00:31:05 【京东账号1】
Jan 08 00:31:05 【收取小费】请求失败，登陆失败
Jan 08 00:31:05 【第undefined日签到】请求失败，登陆失败
Jan 08 00:31:05 
Jan 08 00:31:05 
Jan 08 00:31:05 🔔东东超市, 结束! 🕛 4.561 秒
Jan 08 00:31:05 
Jan 08 01:31:01 
Jan 08 01:31:01 🔔东东超市, 开始!
Jan 08 01:31:01 
Jan 08 01:31:01 ====================共1个京东账号Cookie=========
Jan 08 01:31:01 
Jan 08 01:31:01 ==================脚本执行- 北京时间(UTC+8)：2022/1/8 上午1:31:01=====================
Jan 08 01:31:01 
Jan 08 01:31:01 共1个京东账号
Jan 08 01:31:01 
Jan 08 01:31:01 
Jan 08 01:31:01 开始【京东账号1】jd_GyKLGOwyLAnM
Jan 08 01:31:01 
Jan 08 01:31:01 收取蓝币失败：请求失败，登陆失败
Jan 08 01:31:02 
Jan 08 01:31:02 注意⚠:东东超市抽奖已改版,花费500蓝币抽奖一次,现在脚本默认已关闭抽奖功能
Jan 08 01:31:02 
Jan 08 01:31:02 设置的为不抽奖
Jan 08 01:31:02 
Jan 08 01:31:15 【京东账号1】
Jan 08 01:31:15 【收取小费】请求失败，登陆失败
Jan 08 01:31:15 【第undefined日签到】请求失败，登陆失败
Jan 08 01:31:15 
Jan 08 01:31:15 
Jan 08 01:31:15 🔔东东超市, 结束! 🕛 14.03 秒
Jan 08 01:31:15 
Jan 08 03:31:00 
Jan 08 03:31:00 🔔东东超市, 开始!
Jan 08 03:31:00 
Jan 08 03:31:00 ====================共1个京东账号Cookie=========
Jan 08 03:31:00 
Jan 08 03:31:00 ==================脚本执行- 北京时间(UTC+8)：2022/1/8 上午3:31:00=====================
Jan 08 03:31:00 
Jan 08 03:31:00 共1个京东账号
Jan 08 03:31:00 
Jan 08 03:31:00 
Jan 08 03:31:00 开始【京东账号1】jd_GyKLGOwyLAnM
Jan 08 03:31:00 
Jan 08 03:31:00 收取蓝币失败：请求失败，登陆失败
Jan 08 03:31:01 
Jan 08 03:31:01 注意⚠:东东超市抽奖已改版,花费500蓝币抽奖一次,现在脚本默认已关闭抽奖功能
Jan 08 03:31:01 
Jan 08 03:31:01 设置的为不抽奖
Jan 08 03:31:01 
Jan 08 03:31:13 【京东账号1】
Jan 08 03:31:13 【收取小费】请求失败，登陆失败
Jan 08 03:31:13 【第undefined日签到】请求失败，登陆失败
Jan 08 03:31:13 
Jan 08 03:31:13 
Jan 08 03:31:13 🔔东东超市, 结束! 🕛 13.589 秒
Jan 08 03:31:13 
Jan 08 05:31:00 
Jan 08 05:31:00 🔔东东超市, 开始!
Jan 08 05:31:00 
Jan 08 05:31:00 ====================共1个京东账号Cookie=========
Jan 08 05:31:00 
Jan 08 05:31:00 ==================脚本执行- 北京时间(UTC+8)：2022/1/8 上午5:31:00=====================
Jan 08 05:31:00 
Jan 08 05:31:00 共1个京东账号
Jan 08 05:31:00 
Jan 08 05:31:00 
Jan 08 05:31:00 开始【京东账号1】jd_GyKLGOwyLAnM
Jan 08 05:31:00 
Jan 08 05:31:01 收取蓝币失败：请求失败，登陆失败
Jan 08 05:31:01 
Jan 08 05:31:01 注意⚠:东东超市抽奖已改版,花费500蓝币抽奖一次,现在脚本默认已关闭抽奖功能
Jan 08 05:31:01 
Jan 08 05:31:01 设置的为不抽奖
Jan 08 05:31:01 
Jan 08 05:31:24 【京东账号1】
Jan 08 05:31:24 【收取小费】请求失败，登陆失败
Jan 08 05:31:24 【第undefined日签到】请求失败，登陆失败
Jan 08 05:31:24 
Jan 08 05:31:24 
Jan 08 05:31:24 🔔东东超市, 结束! 🕛 24.692 秒
Jan 08 05:31:24 
Jan 08 07:31:00 
Jan 08 07:31:00 🔔东东超市, 开始!
Jan 08 07:31:00 
Jan 08 07:31:00 ====================共1个京东账号Cookie=========
Jan 08 07:31:00 
Jan 08 07:31:00 ==================脚本执行- 北京时间(UTC+8)：2022/1/8 上午7:31:00=====================
Jan 08 07:31:00 
Jan 08 07:31:00 共1个京东账号
Jan 08 07:31:00 
Jan 08 07:31:00 
Jan 08 07:31:00 开始【京东账号1】jd_GyKLGOwyLAnM
Jan 08 07:31:00 
Jan 08 07:31:01 收取蓝币失败：请求失败，登陆失败
Jan 08 07:31:01 
Jan 08 07:31:01 注意⚠:东东超市抽奖已改版,花费500蓝币抽奖一次,现在脚本默认已关闭抽奖功能
Jan 08 07:31:01 
Jan 08 07:31:01 设置的为不抽奖
Jan 08 07:31:01 
Jan 08 07:31:14 【京东账号1】
Jan 08 07:31:14 【收取小费】请求失败，登陆失败
Jan 08 07:31:14 【第undefined日签到】请求失败，登陆失败
Jan 08 07:31:14 
Jan 08 07:31:14 
Jan 08 07:31:14 🔔东东超市, 结束! 🕛 14.145 秒
Jan 08 07:31:14 
Jan 08 09:31:00 
Jan 08 09:31:00 🔔东东超市, 开始!
Jan 08 09:31:00 
Jan 08 09:31:00 ====================共1个京东账号Cookie=========
Jan 08 09:31:00 
Jan 08 09:31:00 ==================脚本执行- 北京时间(UTC+8)：2022/1/8 上午9:31:00=====================
Jan 08 09:31:00 
Jan 08 09:31:00 共1个京东账号
Jan 08 09:31:00 
Jan 08 09:31:01 
Jan 08 09:31:01 开始【京东账号1】jd_GyKLGOwyLAnM
Jan 08 09:31:01 
Jan 08 09:31:01 收取蓝币失败：请求失败，登陆失败
Jan 08 09:31:02 
Jan 08 09:31:02 注意⚠:东东超市抽奖已改版,花费500蓝币抽奖一次,现在脚本默认已关闭抽奖功能
Jan 08 09:31:02 
Jan 08 09:31:02 设置的为不抽奖
Jan 08 09:31:02 
Jan 08 09:31:25 【京东账号1】
Jan 08 09:31:25 【收取小费】请求失败，登陆失败
Jan 08 09:31:25 【第undefined日签到】请求失败，登陆失败
Jan 08 09:31:25 
Jan 08 09:31:25 
Jan 08 09:31:25 🔔东东超市, 结束! 🕛 24.69 秒
Jan 08 09:31:25 
Jan 08 11:31:00 
Jan 08 11:31:00 🔔东东超市, 开始!
Jan 08 11:31:00 
Jan 08 11:31:00 ====================共1个京东账号Cookie=========
Jan 08 11:31:00 
Jan 08 11:31:00 ==================脚本执行- 北京时间(UTC+8)：2022/1/8 上午11:31:00=====================
Jan 08 11:31:00 
Jan 08 11:31:00 共1个京东账号
Jan 08 11:31:00 
Jan 08 11:31:01 
Jan 08 11:31:01 开始【京东账号1】jd_GyKLGOwyLAnM
Jan 08 11:31:01 
Jan 08 11:31:01 收取蓝币失败：请求失败，登陆失败
Jan 08 11:31:02 
Jan 08 11:31:02 注意⚠:东东超市抽奖已改版,花费500蓝币抽奖一次,现在脚本默认已关闭抽奖功能
Jan 08 11:31:02 
Jan 08 11:31:02 设置的为不抽奖
Jan 08 11:31:02 
Jan 08 11:31:28 【京东账号1】
Jan 08 11:31:28 【收取小费】请求失败，登陆失败
Jan 08 11:31:28 【第undefined日签到】请求失败，登陆失败
Jan 08 11:31:28 
Jan 08 11:31:28 
Jan 08 11:31:28 🔔东东超市, 结束! 🕛 27.575 秒
Jan 08 11:31:28 
Jan 08 13:31:00 
Jan 08 13:31:00 🔔东东超市, 开始!
Jan 08 13:31:00 
Jan 08 13:31:00 ====================共1个京东账号Cookie=========
Jan 08 13:31:00 
Jan 08 13:31:01 ==================脚本执行- 北京时间(UTC+8)：2022/1/8 下午1:31:00=====================
Jan 08 13:31:01 
Jan 08 13:31:01 共1个京东账号
Jan 08 13:31:01 
Jan 08 13:31:01 
Jan 08 13:31:01 开始【京东账号1】jd_GyKLGOwyLAnM
Jan 08 13:31:01 
Jan 08 13:31:01 收取蓝币失败：请求失败，登陆失败
Jan 08 13:31:02 
Jan 08 13:31:02 注意⚠:东东超市抽奖已改版,花费500蓝币抽奖一次,现在脚本默认已关闭抽奖功能
Jan 08 13:31:02 
Jan 08 13:31:02 设置的为不抽奖
Jan 08 13:31:02 
Jan 08 13:31:04 【京东账号1】
Jan 08 13:31:04 【收取小费】请求失败，登陆失败
Jan 08 13:31:04 【第undefined日签到】请求失败，登陆失败
Jan 08 13:31:04 
Jan 08 13:31:04 
Jan 08 13:31:04 🔔东东超市, 结束! 🕛 3.975 秒
Jan 08 13:31:04 
Jan 08 15:31:01 
Jan 08 15:31:01 🔔东东超市, 开始!
Jan 08 15:31:01 
Jan 08 15:31:01 ====================共1个京东账号Cookie=========
Jan 08 15:31:01 
Jan 08 15:31:01 ==================脚本执行- 北京时间(UTC+8)：2022/1/8 下午3:31:01=====================
Jan 08 15:31:01 
Jan 08 15:31:01 共1个京东账号
Jan 08 15:31:01 
Jan 08 15:31:01 
Jan 08 15:31:01 开始【京东账号1】jd_GyKLGOwyLAnM
Jan 08 15:31:01 
Jan 08 15:31:02 收取蓝币失败：请求失败，登陆失败
Jan 08 15:31:02 
Jan 08 15:31:02 注意⚠:东东超市抽奖已改版,花费500蓝币抽奖一次,现在脚本默认已关闭抽奖功能
Jan 08 15:31:02 
Jan 08 15:31:02 设置的为不抽奖
Jan 08 15:31:02 
Jan 08 15:31:28 【京东账号1】
Jan 08 15:31:28 【收取小费】请求失败，登陆失败
Jan 08 15:31:28 【第undefined日签到】请求失败，登陆失败
Jan 08 15:31:28 
Jan 08 15:31:28 
Jan 08 15:31:28 🔔东东超市, 结束! 🕛 27.572 秒
Jan 08 15:31:28 
Jan 08 17:31:00 
Jan 08 17:31:00 🔔东东超市, 开始!
Jan 08 17:31:00 
Jan 08 17:31:00 ====================共1个京东账号Cookie=========
Jan 08 17:31:00 
Jan 08 17:31:00 ==================脚本执行- 北京时间(UTC+8)：2022/1/8 下午5:31:00=====================
Jan 08 17:31:00 
Jan 08 17:31:00 共1个京东账号
Jan 08 17:31:00 
Jan 08 17:31:00 
Jan 08 17:31:00 开始【京东账号1】jd_GyKLGOwyLAnM
Jan 08 17:31:00 
Jan 08 17:31:00 收取蓝币失败：请求失败，登陆失败
Jan 08 17:31:01 
Jan 08 17:31:01 注意⚠:东东超市抽奖已改版,花费500蓝币抽奖一次,现在脚本默认已关闭抽奖功能
Jan 08 17:31:01 
Jan 08 17:31:01 设置的为不抽奖
Jan 08 17:31:01 
Jan 08 17:31:26 【京东账号1】
Jan 08 17:31:26 【收取小费】请求失败，登陆失败
Jan 08 17:31:26 【第undefined日签到】请求失败，登陆失败
Jan 08 17:31:26 
Jan 08 17:31:26 
Jan 08 17:31:26 🔔东东超市, 结束! 🕛 26.149 秒
Jan 08 17:31:26 
Jan 08 19:31:00 
Jan 08 19:31:00 🔔东东超市, 开始!
Jan 08 19:31:00 
Jan 08 19:31:00 ====================共1个京东账号Cookie=========
Jan 08 19:31:00 
Jan 08 19:31:00 ==================脚本执行- 北京时间(UTC+8)：2022/1/8 下午7:31:00=====================
Jan 08 19:31:00 
Jan 08 19:31:00 共1个京东账号
Jan 08 19:31:00 
Jan 08 19:31:00 
Jan 08 19:31:00 开始【京东账号1】jd_GyKLGOwyLAnM
Jan 08 19:31:00 
Jan 08 19:31:01 收取蓝币失败：请求失败，登陆失败
Jan 08 19:31:01 
Jan 08 19:31:01 注意⚠:东东超市抽奖已改版,花费500蓝币抽奖一次,现在脚本默认已关闭抽奖功能
Jan 08 19:31:01 
Jan 08 19:31:01 设置的为不抽奖
Jan 08 19:31:01 
Jan 08 19:31:20 【京东账号1】
Jan 08 19:31:20 【收取小费】请求失败，登陆失败
Jan 08 19:31:20 【第undefined日签到】请求失败，登陆失败
Jan 08 19:31:20 
Jan 08 19:31:20 
Jan 08 19:31:20 🔔东东超市, 结束! 🕛 20.45 秒
Jan 08 19:31:20 
Jan 08 21:31:00 
Jan 08 21:31:00 🔔东东超市, 开始!
Jan 08 21:31:00 
Jan 08 21:31:00 ====================共1个京东账号Cookie=========
Jan 08 21:31:00 
Jan 08 21:31:00 ==================脚本执行- 北京时间(UTC+8)：2022/1/8 下午9:31:00=====================
Jan 08 21:31:00 
Jan 08 21:31:00 共1个京东账号
Jan 08 21:31:00 
Jan 08 21:31:00 
Jan 08 21:31:00 开始【京东账号1】jd_GyKLGOwyLAnM
Jan 08 21:31:00 
Jan 08 21:31:01 收取蓝币失败：请求失败，登陆失败
Jan 08 21:31:01 
Jan 08 21:31:01 注意⚠:东东超市抽奖已改版,花费500蓝币抽奖一次,现在脚本默认已关闭抽奖功能
Jan 08 21:31:01 
Jan 08 21:31:01 设置的为不抽奖
Jan 08 21:31:01 
Jan 08 21:31:17 【京东账号1】
Jan 08 21:31:17 【收取小费】请求失败，登陆失败
Jan 08 21:31:17 【第undefined日签到】请求失败，登陆失败
Jan 08 21:31:17 
Jan 08 21:31:17 
Jan 08 21:31:17 🔔东东超市, 结束! 🕛 16.818 秒
Jan 08 21:31:17 
Jan 08 23:31:00 
Jan 08 23:31:00 🔔东东超市, 开始!
Jan 08 23:31:00 
Jan 08 23:31:00 ====================共1个京东账号Cookie=========
Jan 08 23:31:00 
Jan 08 23:31:00 ==================脚本执行- 北京时间(UTC+8)：2022/1/8 下午11:31:00=====================
Jan 08 23:31:00 
Jan 08 23:31:00 共1个京东账号
Jan 08 23:31:00 
Jan 08 23:31:01 
Jan 08 23:31:01 开始【京东账号1】jd_GyKLGOwyLAnM
Jan 08 23:31:01 
Jan 08 23:31:01 收取蓝币失败：请求失败，登陆失败
Jan 08 23:31:02 
Jan 08 23:31:02 注意⚠:东东超市抽奖已改版,花费500蓝币抽奖一次,现在脚本默认已关闭抽奖功能
Jan 08 23:31:02 
Jan 08 23:31:02 设置的为不抽奖
Jan 08 23:31:02 
Jan 08 23:31:24 【京东账号1】
Jan 08 23:31:24 【收取小费】请求失败，登陆失败
Jan 08 23:31:24 【第undefined日签到】请求失败，登陆失败
Jan 08 23:31:24 
Jan 08 23:31:24 
Jan 08 23:31:24 🔔东东超市, 结束! 🕛 23.466 秒
Jan 08 23:31:24 
Jan 09 00:31:00 
Jan 09 00:31:00 🔔东东超市, 开始!
Jan 09 00:31:00 
Jan 09 00:31:00 ====================共1个京东账号Cookie=========
Jan 09 00:31:00 
Jan 09 00:31:00 ==================脚本执行- 北京时间(UTC+8)：2022/1/9 上午12:31:00=====================
Jan 09 00:31:00 
Jan 09 00:31:00 共1个京东账号
Jan 09 00:31:00 
Jan 09 00:31:01 
Jan 09 00:31:01 开始【京东账号1】jd_GyKLGOwyLAnM
Jan 09 00:31:01 
Jan 09 00:31:01 收取蓝币失败：请求失败，登陆失败
Jan 09 00:31:02 
Jan 09 00:31:02 注意⚠:东东超市抽奖已改版,花费500蓝币抽奖一次,现在脚本默认已关闭抽奖功能
Jan 09 00:31:02 
Jan 09 00:31:02 设置的为不抽奖
Jan 09 00:31:02 
Jan 09 00:31:05 【京东账号1】
Jan 09 00:31:05 【收取小费】请求失败，登陆失败
Jan 09 00:31:05 【第undefined日签到】请求失败，登陆失败
Jan 09 00:31:05 
Jan 09 00:31:05 
Jan 09 00:31:05 🔔东东超市, 结束! 🕛 5.177 秒
Jan 09 00:31:05 
Jan 09 01:31:00 
Jan 09 01:31:00 🔔东东超市, 开始!
Jan 09 01:31:00 
Jan 09 01:31:00 ====================共1个京东账号Cookie=========
Jan 09 01:31:00 
Jan 09 01:31:00 ==================脚本执行- 北京时间(UTC+8)：2022/1/9 上午1:31:00=====================
Jan 09 01:31:00 
Jan 09 01:31:00 共1个京东账号
Jan 09 01:31:00 
Jan 09 01:31:01 
Jan 09 01:31:01 开始【京东账号1】jd_GyKLGOwyLAnM
Jan 09 01:31:01 
Jan 09 01:31:01 收取蓝币失败：请求失败，登陆失败
Jan 09 01:31:02 
Jan 09 01:31:02 注意⚠:东东超市抽奖已改版,花费500蓝币抽奖一次,现在脚本默认已关闭抽奖功能
Jan 09 01:31:02 
Jan 09 01:31:02 设置的为不抽奖
Jan 09 01:31:02 
Jan 09 01:31:26 【京东账号1】
Jan 09 01:31:26 【收取小费】请求失败，登陆失败
Jan 09 01:31:26 【第undefined日签到】请求失败，登陆失败
Jan 09 01:31:26 
Jan 09 01:31:26 
Jan 09 01:31:26 🔔东东超市, 结束! 🕛 25.281 秒
Jan 09 01:31:26 
Jan 09 03:31:01 
Jan 09 03:31:01 🔔东东超市, 开始!
Jan 09 03:31:01 
Jan 09 03:31:01 ====================共1个京东账号Cookie=========
Jan 09 03:31:01 
Jan 09 03:31:01 ==================脚本执行- 北京时间(UTC+8)：2022/1/9 上午3:31:01=====================
Jan 09 03:31:01 
Jan 09 03:31:01 共1个京东账号
Jan 09 03:31:01 
Jan 09 03:31:01 
Jan 09 03:31:01 开始【京东账号1】jd_GyKLGOwyLAnM
Jan 09 03:31:01 
Jan 09 03:31:01 收取蓝币失败：请求失败，登陆失败
Jan 09 03:31:02 
Jan 09 03:31:02 注意⚠:东东超市抽奖已改版,花费500蓝币抽奖一次,现在脚本默认已关闭抽奖功能
Jan 09 03:31:02 
Jan 09 03:31:02 设置的为不抽奖
Jan 09 03:31:02 
Jan 09 03:31:04 【京东账号1】
Jan 09 03:31:04 【收取小费】请求失败，登陆失败
Jan 09 03:31:04 【第undefined日签到】请求失败，登陆失败
Jan 09 03:31:04 
Jan 09 03:31:04 
Jan 09 03:31:04 🔔东东超市, 结束! 🕛 3.239 秒
Jan 09 03:31:04 
Jan 09 05:31:01 
Jan 09 05:31:01 🔔东东超市, 开始!
Jan 09 05:31:01 
Jan 09 05:31:01 ====================共1个京东账号Cookie=========
Jan 09 05:31:01 
Jan 09 05:31:01 ==================脚本执行- 北京时间(UTC+8)：2022/1/9 上午5:31:01=====================
Jan 09 05:31:01 
Jan 09 05:31:01 共1个京东账号
Jan 09 05:31:01 
Jan 09 05:31:02 
Jan 09 05:31:02 开始【京东账号1】jd_GyKLGOwyLAnM
Jan 09 05:31:02 
Jan 09 05:31:02 收取蓝币失败：请求失败，登陆失败
Jan 09 05:31:03 
Jan 09 05:31:03 注意⚠:东东超市抽奖已改版,花费500蓝币抽奖一次,现在脚本默认已关闭抽奖功能
Jan 09 05:31:03 
Jan 09 05:31:03 设置的为不抽奖
Jan 09 05:31:03 
Jan 09 05:31:04 【京东账号1】
Jan 09 05:31:04 【收取小费】请求失败，登陆失败
Jan 09 05:31:04 【第undefined日签到】请求失败，登陆失败
Jan 09 05:31:04 
Jan 09 05:31:04 
Jan 09 05:31:04 🔔东东超市, 结束! 🕛 3.206 秒
Jan 09 05:31:04 
Jan 09 07:31:00 
Jan 09 07:31:00 🔔东东超市, 开始!
Jan 09 07:31:00 
Jan 09 07:31:00 ====================共1个京东账号Cookie=========
Jan 09 07:31:00 
Jan 09 07:31:00 ==================脚本执行- 北京时间(UTC+8)：2022/1/9 上午7:31:00=====================
Jan 09 07:31:00 
Jan 09 07:31:00 共1个京东账号
Jan 09 07:31:00 
Jan 09 07:31:00 
Jan 09 07:31:00 开始【京东账号1】jd_GyKLGOwyLAnM
Jan 09 07:31:00 
Jan 09 07:31:00 收取蓝币失败：请求失败，登陆失败
Jan 09 07:31:01 
Jan 09 07:31:01 注意⚠:东东超市抽奖已改版,花费500蓝币抽奖一次,现在脚本默认已关闭抽奖功能
Jan 09 07:31:01 
Jan 09 07:31:01 设置的为不抽奖
Jan 09 07:31:01 
Jan 09 07:31:14 【京东账号1】
Jan 09 07:31:14 【收取小费】请求失败，登陆失败
Jan 09 07:31:14 【第undefined日签到】请求失败，登陆失败
Jan 09 07:31:14 
Jan 09 07:31:14 
Jan 09 07:31:14 🔔东东超市, 结束! 🕛 14.134 秒
Jan 09 07:31:14 
Jan 09 09:31:00 
Jan 09 09:31:00 🔔东东超市, 开始!
Jan 09 09:31:00 
Jan 09 09:31:00 ====================共1个京东账号Cookie=========
Jan 09 09:31:00 
Jan 09 09:31:00 ==================脚本执行- 北京时间(UTC+8)：2022/1/9 上午9:31:00=====================
Jan 09 09:31:00 
Jan 09 09:31:00 共1个京东账号
Jan 09 09:31:00 
Jan 09 09:31:00 
Jan 09 09:31:00 开始【京东账号1】jd_GyKLGOwyLAnM
Jan 09 09:31:00 
Jan 09 09:31:01 收取蓝币失败：请求失败，登陆失败
Jan 09 09:31:01 
Jan 09 09:31:01 注意⚠:东东超市抽奖已改版,花费500蓝币抽奖一次,现在脚本默认已关闭抽奖功能
Jan 09 09:31:01 
Jan 09 09:31:01 设置的为不抽奖
Jan 09 09:31:01 
Jan 09 09:31:14 【京东账号1】
Jan 09 09:31:14 【收取小费】请求失败，登陆失败
Jan 09 09:31:14 【第undefined日签到】请求失败，登陆失败
Jan 09 09:31:14 
Jan 09 09:31:14 
Jan 09 09:31:14 🔔东东超市, 结束! 🕛 13.72 秒
Jan 09 09:31:14 
Jan 09 11:31:00 
Jan 09 11:31:00 🔔东东超市, 开始!
Jan 09 11:31:00 
Jan 09 11:31:00 ====================共1个京东账号Cookie=========
Jan 09 11:31:00 
Jan 09 11:31:00 ==================脚本执行- 北京时间(UTC+8)：2022/1/9 上午11:31:00=====================
Jan 09 11:31:00 
Jan 09 11:31:00 共1个京东账号
Jan 09 11:31:00 
Jan 09 11:31:00 
Jan 09 11:31:00 开始【京东账号1】jd_GyKLGOwyLAnM
Jan 09 11:31:00 
Jan 09 11:31:01 收取蓝币失败：请求失败，登陆失败
Jan 09 11:31:01 
Jan 09 11:31:01 注意⚠:东东超市抽奖已改版,花费500蓝币抽奖一次,现在脚本默认已关闭抽奖功能
Jan 09 11:31:01 
Jan 09 11:31:01 设置的为不抽奖
Jan 09 11:31:01 
Jan 09 11:31:14 【京东账号1】
Jan 09 11:31:14 【收取小费】请求失败，登陆失败
Jan 09 11:31:14 【第undefined日签到】请求失败，登陆失败
Jan 09 11:31:14 
Jan 09 11:31:14 
Jan 09 11:31:14 🔔东东超市, 结束! 🕛 13.875 秒
Jan 09 11:31:14 
Jan 09 13:31:00 
Jan 09 13:31:00 🔔东东超市, 开始!
Jan 09 13:31:00 
Jan 09 13:31:00 ====================共1个京东账号Cookie=========
Jan 09 13:31:00 
Jan 09 13:31:00 ==================脚本执行- 北京时间(UTC+8)：2022/1/9 下午1:31:00=====================
Jan 09 13:31:00 
Jan 09 13:31:00 共1个京东账号
Jan 09 13:31:00 
Jan 09 13:31:01 
Jan 09 13:31:01 开始【京东账号1】jd_GyKLGOwyLAnM
Jan 09 13:31:01 
Jan 09 13:31:01 收取蓝币失败：请求失败，登陆失败
Jan 09 13:31:02 
Jan 09 13:31:02 注意⚠:东东超市抽奖已改版,花费500蓝币抽奖一次,现在脚本默认已关闭抽奖功能
Jan 09 13:31:02 
Jan 09 13:31:02 设置的为不抽奖
Jan 09 13:31:02 
Jan 09 13:31:28 【京东账号1】
Jan 09 13:31:28 【收取小费】请求失败，登陆失败
Jan 09 13:31:28 【第undefined日签到】请求失败，登陆失败
Jan 09 13:31:28 
Jan 09 13:31:28 
Jan 09 13:31:28 🔔东东超市, 结束! 🕛 27.586 秒
Jan 09 13:31:28 
Jan 09 15:31:01 
Jan 09 15:31:01 🔔东东超市, 开始!
Jan 09 15:31:01 
Jan 09 15:31:01 ====================共1个京东账号Cookie=========
Jan 09 15:31:01 
Jan 09 15:31:01 ==================脚本执行- 北京时间(UTC+8)：2022/1/9 下午3:31:01=====================
Jan 09 15:31:01 
Jan 09 15:31:01 共1个京东账号
Jan 09 15:31:01 
Jan 09 15:31:01 
Jan 09 15:31:01 开始【京东账号1】jd_GyKLGOwyLAnM
Jan 09 15:31:01 
Jan 09 15:31:01 收取蓝币失败：请求失败，登陆失败
Jan 09 15:31:02 
Jan 09 15:31:02 注意⚠:东东超市抽奖已改版,花费500蓝币抽奖一次,现在脚本默认已关闭抽奖功能
Jan 09 15:31:02 
Jan 09 15:31:02 设置的为不抽奖
Jan 09 15:31:02 
Jan 09 15:31:07 【京东账号1】
Jan 09 15:31:07 【收取小费】请求失败，登陆失败
Jan 09 15:31:07 【第undefined日签到】请求失败，登陆失败
Jan 09 15:31:07 
Jan 09 15:31:07 
Jan 09 15:31:07 🔔东东超市, 结束! 🕛 5.999 秒
Jan 09 15:31:07 
Jan 09 17:31:01 
Jan 09 17:31:01 🔔东东超市, 开始!
Jan 09 17:31:01 
Jan 09 17:31:01 ====================共1个京东账号Cookie=========
Jan 09 17:31:01 
Jan 09 17:31:01 ==================脚本执行- 北京时间(UTC+8)：2022/1/9 下午5:31:01=====================
Jan 09 17:31:01 
Jan 09 17:31:01 共1个京东账号
Jan 09 17:31:01 
Jan 09 17:31:01 
Jan 09 17:31:01 开始【京东账号1】jd_GyKLGOwyLAnM
Jan 09 17:31:01 
Jan 09 17:31:01 收取蓝币失败：请求失败，登陆失败
Jan 09 17:31:02 
Jan 09 17:31:02 注意⚠:东东超市抽奖已改版,花费500蓝币抽奖一次,现在脚本默认已关闭抽奖功能
Jan 09 17:31:02 
Jan 09 17:31:02 设置的为不抽奖
Jan 09 17:31:02 
Jan 09 17:31:04 【京东账号1】
Jan 09 17:31:04 【收取小费】请求失败，登陆失败
Jan 09 17:31:04 【第undefined日签到】请求失败，登陆失败
Jan 09 17:31:04 
Jan 09 17:31:04 
Jan 09 17:31:04 🔔东东超市, 结束! 🕛 3.484 秒
Jan 09 17:31:04 
Jan 09 19:31:01 
Jan 09 19:31:01 🔔东东超市, 开始!
Jan 09 19:31:01 
Jan 09 19:31:01 ====================共1个京东账号Cookie=========
Jan 09 19:31:01 
Jan 09 19:31:01 ==================脚本执行- 北京时间(UTC+8)：2022/1/9 下午7:31:01=====================
Jan 09 19:31:01 
Jan 09 19:31:01 共1个京东账号
Jan 09 19:31:01 
Jan 09 19:31:01 
Jan 09 19:31:01 开始【京东账号1】jd_GyKLGOwyLAnM
Jan 09 19:31:01 
Jan 09 19:31:02 收取蓝币失败：请求失败，登陆失败
Jan 09 19:31:02 
Jan 09 19:31:02 注意⚠:东东超市抽奖已改版,花费500蓝币抽奖一次,现在脚本默认已关闭抽奖功能
Jan 09 19:31:02 
Jan 09 19:31:02 设置的为不抽奖
Jan 09 19:31:02 
Jan 09 19:31:06 【京东账号1】
Jan 09 19:31:06 【收取小费】请求失败，登陆失败
Jan 09 19:31:06 【第undefined日签到】请求失败，登陆失败
Jan 09 19:31:06 
Jan 09 19:31:06 
Jan 09 19:31:06 🔔东东超市, 结束! 🕛 5.245 秒
Jan 09 19:31:06 
Jan 09 21:31:00 
Jan 09 21:31:00 🔔东东超市, 开始!
Jan 09 21:31:00 
Jan 09 21:31:00 ====================共1个京东账号Cookie=========
Jan 09 21:31:00 
Jan 09 21:31:00 ==================脚本执行- 北京时间(UTC+8)：2022/1/9 下午9:31:00=====================
Jan 09 21:31:00 
Jan 09 21:31:00 共1个京东账号
Jan 09 21:31:00 
Jan 09 21:31:00 
Jan 09 21:31:00 开始【京东账号1】jd_GyKLGOwyLAnM
Jan 09 21:31:00 
Jan 09 21:31:00 收取蓝币失败：请求失败，登陆失败
Jan 09 21:31:01 
Jan 09 21:31:01 注意⚠:东东超市抽奖已改版,花费500蓝币抽奖一次,现在脚本默认已关闭抽奖功能
Jan 09 21:31:01 
Jan 09 21:31:01 设置的为不抽奖
Jan 09 21:31:01 
Jan 09 21:31:25 【京东账号1】
Jan 09 21:31:25 【收取小费】请求失败，登陆失败
Jan 09 21:31:25 【第undefined日签到】请求失败，登陆失败
Jan 09 21:31:25 
Jan 09 21:31:25 
Jan 09 21:31:25 🔔东东超市, 结束! 🕛 25.676 秒
Jan 09 21:31:25 
