Jan 06 23:59:00 
Jan 06 23:59:00 🔔东东超市兑换奖品, 开始!
Jan 06 23:59:00 
Jan 06 23:59:00 ====================共1个京东账号Cookie=========
Jan 06 23:59:00 
Jan 06 23:59:00 ==================脚本执行- 北京时间(UTC+8)：2022/1/6 下午11:59:00=====================
Jan 06 23:59:00 
Jan 06 23:59:01 
Jan 06 23:59:01 ****开始【京东账号1】jd_187425zqg****
Jan 06 23:59:01 
Jan 06 23:59:01 查询到您设置的是不兑换京豆选项，现在为您跳过兑换京豆。如需兑换，请去BoxJs设置或者修改脚本coinToBeans或设置环境变量MARKET_COIN_TO_BEANS
Jan 06 23:59:01 
Jan 06 23:59:01 
Jan 06 23:59:01 【京东账号1】jd_187425zqg
Jan 06 23:59:01 您设置的是不兑换奖品
Jan 06 23:59:01 
Jan 06 23:59:01 
Jan 06 23:59:01 🔔东东超市兑换奖品, 结束! 🕛 0.605 秒
Jan 06 23:59:01 
Jan 07 23:59:00 
Jan 07 23:59:00 🔔东东超市兑换奖品, 开始!
Jan 07 23:59:00 
Jan 07 23:59:00 ====================共1个京东账号Cookie=========
Jan 07 23:59:00 
Jan 07 23:59:00 ==================脚本执行- 北京时间(UTC+8)：2022/1/7 下午11:59:00=====================
Jan 07 23:59:00 
Jan 07 23:59:00 
Jan 07 23:59:00 ****开始【京东账号1】jd_187425zqg****
Jan 07 23:59:00 
Jan 07 23:59:00 查询到您设置的是不兑换京豆选项，现在为您跳过兑换京豆。如需兑换，请去BoxJs设置或者修改脚本coinToBeans或设置环境变量MARKET_COIN_TO_BEANS
Jan 07 23:59:00 
Jan 07 23:59:00 
Jan 07 23:59:00 【京东账号1】jd_187425zqg
Jan 07 23:59:00 您设置的是不兑换奖品
Jan 07 23:59:00 
Jan 07 23:59:00 
Jan 07 23:59:00 🔔东东超市兑换奖品, 结束! 🕛 0.447 秒
Jan 07 23:59:00 
Jan 08 23:59:00 
Jan 08 23:59:00 🔔东东超市兑换奖品, 开始!
Jan 08 23:59:00 
Jan 08 23:59:00 ====================共1个京东账号Cookie=========
Jan 08 23:59:00 
Jan 08 23:59:00 ==================脚本执行- 北京时间(UTC+8)：2022/1/8 下午11:59:00=====================
Jan 08 23:59:00 
Jan 08 23:59:00 
Jan 08 23:59:00 ****开始【京东账号1】jd_187425zqg****
Jan 08 23:59:00 
Jan 08 23:59:00 查询到您设置的是不兑换京豆选项，现在为您跳过兑换京豆。如需兑换，请去BoxJs设置或者修改脚本coinToBeans或设置环境变量MARKET_COIN_TO_BEANS
Jan 08 23:59:00 
Jan 08 23:59:00 
Jan 08 23:59:00 【京东账号1】jd_187425zqg
Jan 08 23:59:00 您设置的是不兑换奖品
Jan 08 23:59:00 
Jan 08 23:59:00 
Jan 08 23:59:00 🔔东东超市兑换奖品, 结束! 🕛 0.358 秒
Jan 08 23:59:00 
