Jan 07 00:20:01 
Jan 07 00:20:01 🔔省钱大赢家之翻翻乐, 开始!
Jan 07 00:20:01 
Jan 07 00:20:01 ====================共1个京东账号Cookie=========
Jan 07 00:20:01 
Jan 07 00:20:02 ==================脚本执行- 北京时间(UTC+8)：2022/1/7 上午12:20:01=====================
Jan 07 00:20:02 
Jan 07 00:20:02 
Jan 07 00:20:02 ******开始【京东账号1】jd_739d55b768da0*********
Jan 07 00:20:02 
Jan 07 00:20:04 查询下次翻翻乐剩余时间失败：{"success":false,"code":1001,"errMsg":"限流","data":null}
Jan 07 00:20:04 
Jan 07 00:20:04 
Jan 07 00:20:04 🔔省钱大赢家之翻翻乐, 结束! 🕛 2.461 秒
Jan 07 00:20:04 
Jan 07 01:20:01 
Jan 07 01:20:01 🔔省钱大赢家之翻翻乐, 开始!
Jan 07 01:20:01 
Jan 07 01:20:01 ====================共1个京东账号Cookie=========
Jan 07 01:20:01 
Jan 07 01:20:01 ==================脚本执行- 北京时间(UTC+8)：2022/1/7 上午1:20:01=====================
Jan 07 01:20:01 
Jan 07 01:20:01 
Jan 07 01:20:01 ******开始【京东账号1】jd_739d55b768da0*********
Jan 07 01:20:01 
Jan 07 01:20:01 查询下次翻翻乐剩余时间失败：{"success":false,"code":1001,"errMsg":"限流","data":null}
Jan 07 01:20:01 
Jan 07 01:20:01 
Jan 07 01:20:01 🔔省钱大赢家之翻翻乐, 结束! 🕛 0.549 秒
Jan 07 01:20:01 
Jan 07 02:20:01 
Jan 07 02:20:01 🔔省钱大赢家之翻翻乐, 开始!
Jan 07 02:20:01 
Jan 07 02:20:01 ====================共1个京东账号Cookie=========
Jan 07 02:20:01 
Jan 07 02:20:01 ==================脚本执行- 北京时间(UTC+8)：2022/1/7 上午2:20:01=====================
Jan 07 02:20:01 
Jan 07 02:20:01 
Jan 07 02:20:01 ******开始【京东账号1】jd_739d55b768da0*********
Jan 07 02:20:01 
Jan 07 02:20:02 查询下次翻翻乐剩余时间失败：{"success":false,"code":1001,"errMsg":"限流","data":null}
Jan 07 02:20:02 
Jan 07 02:20:02 
Jan 07 02:20:02 🔔省钱大赢家之翻翻乐, 结束! 🕛 1.174 秒
Jan 07 02:20:02 
Jan 07 03:20:01 
Jan 07 03:20:01 🔔省钱大赢家之翻翻乐, 开始!
Jan 07 03:20:01 
Jan 07 03:20:01 ====================共1个京东账号Cookie=========
Jan 07 03:20:01 
Jan 07 03:20:01 ==================脚本执行- 北京时间(UTC+8)：2022/1/7 上午3:20:01=====================
Jan 07 03:20:01 
Jan 07 03:20:01 
Jan 07 03:20:01 ******开始【京东账号1】jd_739d55b768da0*********
Jan 07 03:20:01 
Jan 07 03:20:01 查询下次翻翻乐剩余时间失败：{"success":false,"code":1001,"errMsg":"限流","data":null}
Jan 07 03:20:01 
Jan 07 03:20:01 
Jan 07 03:20:01 🔔省钱大赢家之翻翻乐, 结束! 🕛 0.49 秒
Jan 07 03:20:01 
Jan 07 04:20:01 
Jan 07 04:20:01 🔔省钱大赢家之翻翻乐, 开始!
Jan 07 04:20:01 
Jan 07 04:20:01 ====================共1个京东账号Cookie=========
Jan 07 04:20:01 
Jan 07 04:20:01 ==================脚本执行- 北京时间(UTC+8)：2022/1/7 上午4:20:01=====================
Jan 07 04:20:01 
Jan 07 04:20:01 
Jan 07 04:20:01 ******开始【京东账号1】jd_739d55b768da0*********
Jan 07 04:20:01 
Jan 07 04:20:01 查询下次翻翻乐剩余时间失败：{"success":false,"code":1001,"errMsg":"限流","data":null}
Jan 07 04:20:01 
Jan 07 04:20:01 
Jan 07 04:20:01 🔔省钱大赢家之翻翻乐, 结束! 🕛 0.498 秒
Jan 07 04:20:01 
Jan 07 05:20:00 
Jan 07 05:20:00 🔔省钱大赢家之翻翻乐, 开始!
Jan 07 05:20:00 
Jan 07 05:20:00 ====================共1个京东账号Cookie=========
Jan 07 05:20:00 
Jan 07 05:20:00 ==================脚本执行- 北京时间(UTC+8)：2022/1/7 上午5:20:00=====================
Jan 07 05:20:00 
Jan 07 05:20:00 
Jan 07 05:20:00 ******开始【京东账号1】jd_739d55b768da0*********
Jan 07 05:20:00 
Jan 07 05:20:00 查询下次翻翻乐剩余时间失败：{"msg":"data does not exist","code":12,"success":false}
Jan 07 05:20:00 
Jan 07 05:20:00 
Jan 07 05:20:00 🔔省钱大赢家之翻翻乐, 结束! 🕛 0.303 秒
Jan 07 05:20:00 
Jan 07 06:20:00 
Jan 07 06:20:00 🔔省钱大赢家之翻翻乐, 开始!
Jan 07 06:20:00 
Jan 07 06:20:00 ====================共1个京东账号Cookie=========
Jan 07 06:20:00 
Jan 07 06:20:00 ==================脚本执行- 北京时间(UTC+8)：2022/1/7 上午6:20:00=====================
Jan 07 06:20:00 
Jan 07 06:20:00 
Jan 07 06:20:00 ******开始【京东账号1】jd_739d55b768da0*********
Jan 07 06:20:00 
Jan 07 06:20:00 查询下次翻翻乐剩余时间失败：{"success":false,"code":1001,"errMsg":"限流","data":null}
Jan 07 06:20:00 
Jan 07 06:20:00 
Jan 07 06:20:00 🔔省钱大赢家之翻翻乐, 结束! 🕛 0.724 秒
Jan 07 06:20:00 
Jan 07 07:20:00 
Jan 07 07:20:00 🔔省钱大赢家之翻翻乐, 开始!
Jan 07 07:20:00 
Jan 07 07:20:00 ====================共1个京东账号Cookie=========
Jan 07 07:20:00 
Jan 07 07:20:00 ==================脚本执行- 北京时间(UTC+8)：2022/1/7 上午7:20:00=====================
Jan 07 07:20:00 
Jan 07 07:20:00 
Jan 07 07:20:00 ******开始【京东账号1】jd_739d55b768da0*********
Jan 07 07:20:00 
Jan 07 07:20:00 查询下次翻翻乐剩余时间失败：{"success":false,"code":1001,"errMsg":"限流","data":null}
Jan 07 07:20:00 
Jan 07 07:20:00 
Jan 07 07:20:00 🔔省钱大赢家之翻翻乐, 结束! 🕛 0.467 秒
Jan 07 07:20:00 
Jan 07 08:20:00 
Jan 07 08:20:00 🔔省钱大赢家之翻翻乐, 开始!
Jan 07 08:20:00 
Jan 07 08:20:00 ====================共1个京东账号Cookie=========
Jan 07 08:20:00 
Jan 07 08:20:00 ==================脚本执行- 北京时间(UTC+8)：2022/1/7 上午8:20:00=====================
Jan 07 08:20:00 
Jan 07 08:20:00 
Jan 07 08:20:00 ******开始【京东账号1】jd_739d55b768da0*********
Jan 07 08:20:00 
Jan 07 08:20:01 查询下次翻翻乐剩余时间失败：{"success":false,"code":1001,"errMsg":"限流","data":null}
Jan 07 08:20:01 
Jan 07 08:20:01 
Jan 07 08:20:01 🔔省钱大赢家之翻翻乐, 结束! 🕛 0.626 秒
Jan 07 08:20:01 
Jan 07 09:20:00 
Jan 07 09:20:00 🔔省钱大赢家之翻翻乐, 开始!
Jan 07 09:20:00 
Jan 07 09:20:00 ====================共1个京东账号Cookie=========
Jan 07 09:20:00 
Jan 07 09:20:00 ==================脚本执行- 北京时间(UTC+8)：2022/1/7 上午9:20:00=====================
Jan 07 09:20:00 
Jan 07 09:20:00 
Jan 07 09:20:00 ******开始【京东账号1】jd_739d55b768da0*********
Jan 07 09:20:00 
Jan 07 09:20:01 查询下次翻翻乐剩余时间失败：{"success":false,"code":1001,"errMsg":"限流","data":null}
Jan 07 09:20:01 
Jan 07 09:20:01 
Jan 07 09:20:01 🔔省钱大赢家之翻翻乐, 结束! 🕛 0.708 秒
Jan 07 09:20:01 
Jan 07 10:20:00 
Jan 07 10:20:00 🔔省钱大赢家之翻翻乐, 开始!
Jan 07 10:20:01 
Jan 07 10:20:01 ====================共1个京东账号Cookie=========
Jan 07 10:20:01 
Jan 07 10:20:01 ==================脚本执行- 北京时间(UTC+8)：2022/1/7 上午10:20:01=====================
Jan 07 10:20:01 
Jan 07 10:20:01 
Jan 07 10:20:01 ******开始【京东账号1】jd_739d55b768da0*********
Jan 07 10:20:01 
Jan 07 10:20:03 查询下次翻翻乐剩余时间失败：{"success":false,"code":1001,"errMsg":"限流","data":null}
Jan 07 10:20:03 
Jan 07 10:20:03 
Jan 07 10:20:03 🔔省钱大赢家之翻翻乐, 结束! 🕛 2.072 秒
Jan 07 10:20:03 
Jan 07 11:20:00 
Jan 07 11:20:00 🔔省钱大赢家之翻翻乐, 开始!
Jan 07 11:20:00 
Jan 07 11:20:00 ====================共1个京东账号Cookie=========
Jan 07 11:20:00 
Jan 07 11:20:00 ==================脚本执行- 北京时间(UTC+8)：2022/1/7 上午11:20:00=====================
Jan 07 11:20:00 
Jan 07 11:20:00 
Jan 07 11:20:00 ******开始【京东账号1】jd_739d55b768da0*********
Jan 07 11:20:00 
Jan 07 11:20:01 查询下次翻翻乐剩余时间失败：{"success":false,"code":1001,"errMsg":"限流","data":null}
Jan 07 11:20:01 
Jan 07 11:20:01 
Jan 07 11:20:01 🔔省钱大赢家之翻翻乐, 结束! 🕛 0.61 秒
Jan 07 11:20:01 
Jan 07 12:20:00 
Jan 07 12:20:00 🔔省钱大赢家之翻翻乐, 开始!
Jan 07 12:20:00 
Jan 07 12:20:00 ====================共1个京东账号Cookie=========
Jan 07 12:20:00 
Jan 07 12:20:01 ==================脚本执行- 北京时间(UTC+8)：2022/1/7 下午12:20:00=====================
Jan 07 12:20:01 
Jan 07 12:20:01 
Jan 07 12:20:01 ******开始【京东账号1】jd_739d55b768da0*********
Jan 07 12:20:01 
Jan 07 12:20:01 查询下次翻翻乐剩余时间失败：{"msg":"data does not exist","code":12,"success":false}
Jan 07 12:20:01 
Jan 07 12:20:01 
Jan 07 12:20:01 🔔省钱大赢家之翻翻乐, 结束! 🕛 0.628 秒
Jan 07 12:20:01 
Jan 07 13:20:00 
Jan 07 13:20:00 🔔省钱大赢家之翻翻乐, 开始!
Jan 07 13:20:00 
Jan 07 13:20:00 ====================共1个京东账号Cookie=========
Jan 07 13:20:00 
Jan 07 13:20:00 ==================脚本执行- 北京时间(UTC+8)：2022/1/7 下午1:20:00=====================
Jan 07 13:20:00 
Jan 07 13:20:00 
Jan 07 13:20:00 ******开始【京东账号1】jd_739d55b768da0*********
Jan 07 13:20:00 
Jan 07 13:20:01 查询下次翻翻乐剩余时间失败：{"success":false,"code":1001,"errMsg":"限流","data":null}
Jan 07 13:20:01 
Jan 07 13:20:01 
Jan 07 13:20:01 🔔省钱大赢家之翻翻乐, 结束! 🕛 0.42 秒
Jan 07 13:20:01 
Jan 07 14:20:00 
Jan 07 14:20:00 🔔省钱大赢家之翻翻乐, 开始!
Jan 07 14:20:00 
Jan 07 14:20:00 ====================共1个京东账号Cookie=========
Jan 07 14:20:00 
Jan 07 14:20:00 ==================脚本执行- 北京时间(UTC+8)：2022/1/7 下午2:20:00=====================
Jan 07 14:20:00 
Jan 07 14:20:00 
Jan 07 14:20:00 ******开始【京东账号1】jd_739d55b768da0*********
Jan 07 14:20:00 
Jan 07 14:20:01 查询下次翻翻乐剩余时间失败：{"success":false,"code":1001,"errMsg":"限流","data":null}
Jan 07 14:20:01 
Jan 07 14:20:01 
Jan 07 14:20:01 🔔省钱大赢家之翻翻乐, 结束! 🕛 0.4 秒
Jan 07 14:20:01 
Jan 07 15:20:00 
Jan 07 15:20:00 🔔省钱大赢家之翻翻乐, 开始!
Jan 07 15:20:00 
Jan 07 15:20:00 ====================共1个京东账号Cookie=========
Jan 07 15:20:00 
Jan 07 15:20:00 ==================脚本执行- 北京时间(UTC+8)：2022/1/7 下午3:20:00=====================
Jan 07 15:20:00 
Jan 07 15:20:00 
Jan 07 15:20:00 ******开始【京东账号1】jd_739d55b768da0*********
Jan 07 15:20:00 
Jan 07 15:20:01 查询下次翻翻乐剩余时间失败：{"success":false,"code":1001,"errMsg":"限流","data":null}
Jan 07 15:20:01 
Jan 07 15:20:01 
Jan 07 15:20:01 🔔省钱大赢家之翻翻乐, 结束! 🕛 0.336 秒
Jan 07 15:20:01 
Jan 07 16:20:01 
Jan 07 16:20:01 🔔省钱大赢家之翻翻乐, 开始!
Jan 07 16:20:01 
Jan 07 16:20:01 ====================共1个京东账号Cookie=========
Jan 07 16:20:01 
Jan 07 16:20:01 ==================脚本执行- 北京时间(UTC+8)：2022/1/7 下午4:20:01=====================
Jan 07 16:20:01 
Jan 07 16:20:01 
Jan 07 16:20:01 ******开始【京东账号1】jd_739d55b768da0*********
Jan 07 16:20:01 
Jan 07 16:20:01 查询下次翻翻乐剩余时间失败：{"success":false,"code":1001,"errMsg":"限流","data":null}
Jan 07 16:20:01 
Jan 07 16:20:01 
Jan 07 16:20:01 🔔省钱大赢家之翻翻乐, 结束! 🕛 0.396 秒
Jan 07 16:20:01 
Jan 07 17:20:01 
Jan 07 17:20:01 🔔省钱大赢家之翻翻乐, 开始!
Jan 07 17:20:01 
Jan 07 17:20:01 ====================共1个京东账号Cookie=========
Jan 07 17:20:01 
Jan 07 17:20:01 ==================脚本执行- 北京时间(UTC+8)：2022/1/7 下午5:20:01=====================
Jan 07 17:20:01 
Jan 07 17:20:01 
Jan 07 17:20:01 ******开始【京东账号1】jd_739d55b768da0*********
Jan 07 17:20:01 
Jan 07 17:20:01 查询下次翻翻乐剩余时间失败：{"success":false,"code":1001,"errMsg":"限流","data":null}
Jan 07 17:20:01 
Jan 07 17:20:01 
Jan 07 17:20:01 🔔省钱大赢家之翻翻乐, 结束! 🕛 0.333 秒
Jan 07 17:20:01 
Jan 07 18:20:01 
Jan 07 18:20:01 🔔省钱大赢家之翻翻乐, 开始!
Jan 07 18:20:01 
Jan 07 18:20:01 ====================共1个京东账号Cookie=========
Jan 07 18:20:01 
Jan 07 18:20:01 ==================脚本执行- 北京时间(UTC+8)：2022/1/7 下午6:20:01=====================
Jan 07 18:20:01 
Jan 07 18:20:01 
Jan 07 18:20:01 ******开始【京东账号1】jd_739d55b768da0*********
Jan 07 18:20:01 
Jan 07 18:20:01 查询下次翻翻乐剩余时间失败：{"success":false,"code":1001,"errMsg":"限流","data":null}
Jan 07 18:20:01 
Jan 07 18:20:01 
Jan 07 18:20:01 🔔省钱大赢家之翻翻乐, 结束! 🕛 0.312 秒
Jan 07 18:20:01 
Jan 07 19:20:00 
Jan 07 19:20:00 🔔省钱大赢家之翻翻乐, 开始!
Jan 07 19:20:00 
Jan 07 19:20:00 ====================共1个京东账号Cookie=========
Jan 07 19:20:00 
Jan 07 19:20:00 ==================脚本执行- 北京时间(UTC+8)：2022/1/7 下午7:20:00=====================
Jan 07 19:20:00 
Jan 07 19:20:00 
Jan 07 19:20:00 ******开始【京东账号1】jd_739d55b768da0*********
Jan 07 19:20:00 
Jan 07 19:20:00 查询下次翻翻乐剩余时间失败：{"msg":"data does not exist","code":12,"success":false}
Jan 07 19:20:00 
Jan 07 19:20:00 
Jan 07 19:20:00 🔔省钱大赢家之翻翻乐, 结束! 🕛 0.575 秒
Jan 07 19:20:00 
Jan 07 20:20:00 
Jan 07 20:20:00 🔔省钱大赢家之翻翻乐, 开始!
Jan 07 20:20:00 
Jan 07 20:20:00 ====================共1个京东账号Cookie=========
Jan 07 20:20:00 
Jan 07 20:20:00 ==================脚本执行- 北京时间(UTC+8)：2022/1/7 下午8:20:00=====================
Jan 07 20:20:00 
Jan 07 20:20:00 
Jan 07 20:20:00 ******开始【京东账号1】jd_739d55b768da0*********
Jan 07 20:20:00 
Jan 07 20:20:00 查询下次翻翻乐剩余时间失败：{"msg":"data does not exist","code":12,"success":false}
Jan 07 20:20:00 
Jan 07 20:20:00 
Jan 07 20:20:00 🔔省钱大赢家之翻翻乐, 结束! 🕛 0.339 秒
Jan 07 20:20:00 
Jan 07 21:20:00 
Jan 07 21:20:00 🔔省钱大赢家之翻翻乐, 开始!
Jan 07 21:20:00 
Jan 07 21:20:00 ====================共1个京东账号Cookie=========
Jan 07 21:20:00 
Jan 07 21:20:00 ==================脚本执行- 北京时间(UTC+8)：2022/1/7 下午9:20:00=====================
Jan 07 21:20:00 
Jan 07 21:20:00 
Jan 07 21:20:00 ******开始【京东账号1】jd_739d55b768da0*********
Jan 07 21:20:00 
Jan 07 21:20:00 查询下次翻翻乐剩余时间失败：{"msg":"data does not exist","code":12,"success":false}
Jan 07 21:20:00 
Jan 07 21:20:00 
Jan 07 21:20:00 🔔省钱大赢家之翻翻乐, 结束! 🕛 0.5 秒
Jan 07 21:20:00 
Jan 07 22:20:00 
Jan 07 22:20:00 🔔省钱大赢家之翻翻乐, 开始!
Jan 07 22:20:00 
Jan 07 22:20:00 ====================共1个京东账号Cookie=========
Jan 07 22:20:00 
Jan 07 22:20:00 ==================脚本执行- 北京时间(UTC+8)：2022/1/7 下午10:20:00=====================
Jan 07 22:20:00 
Jan 07 22:20:00 
Jan 07 22:20:00 ******开始【京东账号1】jd_739d55b768da0*********
Jan 07 22:20:00 
Jan 07 22:20:02 查询下次翻翻乐剩余时间失败：{"success":false,"code":1001,"errMsg":"限流","data":null}
Jan 07 22:20:02 
Jan 07 22:20:02 
Jan 07 22:20:02 🔔省钱大赢家之翻翻乐, 结束! 🕛 1.88 秒
Jan 07 22:20:02 
Jan 07 23:20:00 
Jan 07 23:20:00 🔔省钱大赢家之翻翻乐, 开始!
Jan 07 23:20:00 
Jan 07 23:20:00 ====================共1个京东账号Cookie=========
Jan 07 23:20:00 
Jan 07 23:20:00 ==================脚本执行- 北京时间(UTC+8)：2022/1/7 下午11:20:00=====================
Jan 07 23:20:00 
Jan 07 23:20:00 
Jan 07 23:20:00 ******开始【京东账号1】jd_739d55b768da0*********
Jan 07 23:20:00 
Jan 07 23:20:00 查询下次翻翻乐剩余时间失败：{"msg":"data does not exist","code":12,"success":false}
Jan 07 23:20:00 
Jan 07 23:20:00 
Jan 07 23:20:00 🔔省钱大赢家之翻翻乐, 结束! 🕛 0.482 秒
Jan 07 23:20:00 
Jan 08 00:20:01 
Jan 08 00:20:01 🔔省钱大赢家之翻翻乐, 开始!
Jan 08 00:20:01 
Jan 08 00:20:01 ====================共1个京东账号Cookie=========
Jan 08 00:20:01 
Jan 08 00:20:01 ==================脚本执行- 北京时间(UTC+8)：2022/1/8 上午12:20:01=====================
Jan 08 00:20:01 
Jan 08 00:20:01 
Jan 08 00:20:01 ******开始【京东账号1】jd_739d55b768da0*********
Jan 08 00:20:01 
Jan 08 00:20:03 查询下次翻翻乐剩余时间失败：{"success":false,"code":1001,"errMsg":"限流","data":null}
Jan 08 00:20:03 
Jan 08 00:20:03 
Jan 08 00:20:03 🔔省钱大赢家之翻翻乐, 结束! 🕛 2.742 秒
Jan 08 00:20:03 
Jan 08 01:20:00 
Jan 08 01:20:00 🔔省钱大赢家之翻翻乐, 开始!
Jan 08 01:20:00 
Jan 08 01:20:00 ====================共1个京东账号Cookie=========
Jan 08 01:20:00 
Jan 08 01:20:00 ==================脚本执行- 北京时间(UTC+8)：2022/1/8 上午1:20:00=====================
Jan 08 01:20:00 
Jan 08 01:20:00 
Jan 08 01:20:00 ******开始【京东账号1】jd_739d55b768da0*********
Jan 08 01:20:00 
Jan 08 01:20:01 查询下次翻翻乐剩余时间失败：{"success":false,"code":1001,"errMsg":"限流","data":null}
Jan 08 01:20:01 
Jan 08 01:20:01 
Jan 08 01:20:01 🔔省钱大赢家之翻翻乐, 结束! 🕛 0.557 秒
Jan 08 01:20:01 
Jan 08 02:20:00 
Jan 08 02:20:00 🔔省钱大赢家之翻翻乐, 开始!
Jan 08 02:20:01 
Jan 08 02:20:01 ====================共1个京东账号Cookie=========
Jan 08 02:20:01 
Jan 08 02:20:01 ==================脚本执行- 北京时间(UTC+8)：2022/1/8 上午2:20:01=====================
Jan 08 02:20:01 
Jan 08 02:20:01 
Jan 08 02:20:01 ******开始【京东账号1】jd_739d55b768da0*********
Jan 08 02:20:01 
Jan 08 02:20:02 查询下次翻翻乐剩余时间失败：{"success":false,"code":1001,"errMsg":"限流","data":null}
Jan 08 02:20:02 
Jan 08 02:20:02 
Jan 08 02:20:02 🔔省钱大赢家之翻翻乐, 结束! 🕛 1.38 秒
Jan 08 02:20:02 
Jan 08 03:20:00 
Jan 08 03:20:00 🔔省钱大赢家之翻翻乐, 开始!
Jan 08 03:20:00 
Jan 08 03:20:00 ====================共1个京东账号Cookie=========
Jan 08 03:20:00 
Jan 08 03:20:00 ==================脚本执行- 北京时间(UTC+8)：2022/1/8 上午3:20:00=====================
Jan 08 03:20:00 
Jan 08 03:20:00 
Jan 08 03:20:00 ******开始【京东账号1】jd_739d55b768da0*********
Jan 08 03:20:00 
Jan 08 03:20:01 查询下次翻翻乐剩余时间失败：{"success":false,"code":1001,"errMsg":"限流","data":null}
Jan 08 03:20:01 
Jan 08 03:20:01 
Jan 08 03:20:01 🔔省钱大赢家之翻翻乐, 结束! 🕛 0.422 秒
Jan 08 03:20:01 
Jan 08 04:20:00 
Jan 08 04:20:00 🔔省钱大赢家之翻翻乐, 开始!
Jan 08 04:20:00 
Jan 08 04:20:00 ====================共1个京东账号Cookie=========
Jan 08 04:20:00 
Jan 08 04:20:00 ==================脚本执行- 北京时间(UTC+8)：2022/1/8 上午4:20:00=====================
Jan 08 04:20:00 
Jan 08 04:20:00 
Jan 08 04:20:00 ******开始【京东账号1】jd_739d55b768da0*********
Jan 08 04:20:00 
Jan 08 04:20:01 查询下次翻翻乐剩余时间失败：{"success":false,"code":1001,"errMsg":"限流","data":null}
Jan 08 04:20:01 
Jan 08 04:20:01 
Jan 08 04:20:01 🔔省钱大赢家之翻翻乐, 结束! 🕛 0.321 秒
Jan 08 04:20:01 
Jan 08 05:20:01 
Jan 08 05:20:01 🔔省钱大赢家之翻翻乐, 开始!
Jan 08 05:20:01 
Jan 08 05:20:01 ====================共1个京东账号Cookie=========
Jan 08 05:20:01 
Jan 08 05:20:01 ==================脚本执行- 北京时间(UTC+8)：2022/1/8 上午5:20:01=====================
Jan 08 05:20:01 
Jan 08 05:20:01 
Jan 08 05:20:01 ******开始【京东账号1】jd_739d55b768da0*********
Jan 08 05:20:01 
Jan 08 05:20:01 查询下次翻翻乐剩余时间失败：{"success":false,"code":1001,"errMsg":"限流","data":null}
Jan 08 05:20:01 
Jan 08 05:20:01 
Jan 08 05:20:01 🔔省钱大赢家之翻翻乐, 结束! 🕛 0.363 秒
Jan 08 05:20:01 
Jan 08 06:20:01 
Jan 08 06:20:01 🔔省钱大赢家之翻翻乐, 开始!
Jan 08 06:20:01 
Jan 08 06:20:01 ====================共1个京东账号Cookie=========
Jan 08 06:20:01 
Jan 08 06:20:01 ==================脚本执行- 北京时间(UTC+8)：2022/1/8 上午6:20:01=====================
Jan 08 06:20:01 
Jan 08 06:20:01 
Jan 08 06:20:01 ******开始【京东账号1】jd_739d55b768da0*********
Jan 08 06:20:01 
Jan 08 06:20:02 查询下次翻翻乐剩余时间失败：{"success":false,"code":1001,"errMsg":"限流","data":null}
Jan 08 06:20:02 
Jan 08 06:20:02 
Jan 08 06:20:02 🔔省钱大赢家之翻翻乐, 结束! 🕛 1.011 秒
Jan 08 06:20:02 
Jan 08 07:20:01 
Jan 08 07:20:01 🔔省钱大赢家之翻翻乐, 开始!
Jan 08 07:20:01 
Jan 08 07:20:01 ====================共1个京东账号Cookie=========
Jan 08 07:20:01 
Jan 08 07:20:01 ==================脚本执行- 北京时间(UTC+8)：2022/1/8 上午7:20:01=====================
Jan 08 07:20:01 
Jan 08 07:20:01 
Jan 08 07:20:01 ******开始【京东账号1】jd_739d55b768da0*********
Jan 08 07:20:01 
Jan 08 07:20:01 查询下次翻翻乐剩余时间失败：{"success":false,"code":1001,"errMsg":"限流","data":null}
Jan 08 07:20:01 
Jan 08 07:20:01 
Jan 08 07:20:01 🔔省钱大赢家之翻翻乐, 结束! 🕛 0.44 秒
Jan 08 07:20:01 
Jan 08 08:20:00 
Jan 08 08:20:00 🔔省钱大赢家之翻翻乐, 开始!
Jan 08 08:20:00 
Jan 08 08:20:00 ====================共1个京东账号Cookie=========
Jan 08 08:20:00 
Jan 08 08:20:00 ==================脚本执行- 北京时间(UTC+8)：2022/1/8 上午8:20:00=====================
Jan 08 08:20:00 
Jan 08 08:20:00 
Jan 08 08:20:00 ******开始【京东账号1】jd_739d55b768da0*********
Jan 08 08:20:00 
Jan 08 08:20:00 查询下次翻翻乐剩余时间失败：{"msg":"data does not exist","code":12,"success":false}
Jan 08 08:20:00 
Jan 08 08:20:00 
Jan 08 08:20:00 🔔省钱大赢家之翻翻乐, 结束! 🕛 0.321 秒
Jan 08 08:20:00 
Jan 08 09:20:00 
Jan 08 09:20:00 🔔省钱大赢家之翻翻乐, 开始!
Jan 08 09:20:00 
Jan 08 09:20:00 ====================共1个京东账号Cookie=========
Jan 08 09:20:00 
Jan 08 09:20:00 ==================脚本执行- 北京时间(UTC+8)：2022/1/8 上午9:20:00=====================
Jan 08 09:20:00 
Jan 08 09:20:00 
Jan 08 09:20:00 ******开始【京东账号1】jd_739d55b768da0*********
Jan 08 09:20:00 
Jan 08 09:20:00 查询下次翻翻乐剩余时间失败：{"msg":"data does not exist","code":12,"success":false}
Jan 08 09:20:00 
Jan 08 09:20:00 
Jan 08 09:20:00 🔔省钱大赢家之翻翻乐, 结束! 🕛 0.322 秒
Jan 08 09:20:00 
Jan 08 10:20:00 
Jan 08 10:20:00 🔔省钱大赢家之翻翻乐, 开始!
Jan 08 10:20:00 
Jan 08 10:20:00 ====================共1个京东账号Cookie=========
Jan 08 10:20:00 
Jan 08 10:20:00 ==================脚本执行- 北京时间(UTC+8)：2022/1/8 上午10:20:00=====================
Jan 08 10:20:00 
Jan 08 10:20:00 
Jan 08 10:20:00 ******开始【京东账号1】jd_739d55b768da0*********
Jan 08 10:20:00 
Jan 08 10:20:02 查询下次翻翻乐剩余时间失败：{"msg":"data does not exist","code":12,"success":false}
Jan 08 10:20:02 
Jan 08 10:20:02 
Jan 08 10:20:02 🔔省钱大赢家之翻翻乐, 结束! 🕛 1.487 秒
Jan 08 10:20:02 
Jan 08 11:20:00 
Jan 08 11:20:00 🔔省钱大赢家之翻翻乐, 开始!
Jan 08 11:20:00 
Jan 08 11:20:00 ====================共1个京东账号Cookie=========
Jan 08 11:20:00 
Jan 08 11:20:00 ==================脚本执行- 北京时间(UTC+8)：2022/1/8 上午11:20:00=====================
Jan 08 11:20:00 
Jan 08 11:20:00 
Jan 08 11:20:00 ******开始【京东账号1】jd_739d55b768da0*********
Jan 08 11:20:00 
Jan 08 11:20:00 查询下次翻翻乐剩余时间失败：{"msg":"data does not exist","code":12,"success":false}
Jan 08 11:20:00 
Jan 08 11:20:00 
Jan 08 11:20:00 🔔省钱大赢家之翻翻乐, 结束! 🕛 0.508 秒
Jan 08 11:20:00 
Jan 08 12:20:00 
Jan 08 12:20:00 🔔省钱大赢家之翻翻乐, 开始!
Jan 08 12:20:00 
Jan 08 12:20:00 ====================共1个京东账号Cookie=========
Jan 08 12:20:00 
Jan 08 12:20:00 ==================脚本执行- 北京时间(UTC+8)：2022/1/8 下午12:20:00=====================
Jan 08 12:20:00 
Jan 08 12:20:00 
Jan 08 12:20:00 ******开始【京东账号1】jd_739d55b768da0*********
Jan 08 12:20:00 
Jan 08 12:20:01 查询下次翻翻乐剩余时间失败：{"msg":"data does not exist","code":12,"success":false}
Jan 08 12:20:01 
Jan 08 12:20:01 
Jan 08 12:20:01 🔔省钱大赢家之翻翻乐, 结束! 🕛 0.592 秒
Jan 08 12:20:01 
Jan 08 13:20:00 
Jan 08 13:20:00 🔔省钱大赢家之翻翻乐, 开始!
Jan 08 13:20:00 
Jan 08 13:20:00 ====================共1个京东账号Cookie=========
Jan 08 13:20:00 
Jan 08 13:20:00 ==================脚本执行- 北京时间(UTC+8)：2022/1/8 下午1:20:00=====================
Jan 08 13:20:00 
Jan 08 13:20:00 
Jan 08 13:20:00 ******开始【京东账号1】jd_739d55b768da0*********
Jan 08 13:20:00 
Jan 08 13:20:01 查询下次翻翻乐剩余时间失败：{"msg":"data does not exist","code":12,"success":false}
Jan 08 13:20:01 
Jan 08 13:20:01 
Jan 08 13:20:01 🔔省钱大赢家之翻翻乐, 结束! 🕛 0.568 秒
Jan 08 13:20:01 
Jan 08 14:20:00 
Jan 08 14:20:00 🔔省钱大赢家之翻翻乐, 开始!
Jan 08 14:20:00 
Jan 08 14:20:00 ====================共1个京东账号Cookie=========
Jan 08 14:20:00 
Jan 08 14:20:00 ==================脚本执行- 北京时间(UTC+8)：2022/1/8 下午2:20:00=====================
Jan 08 14:20:00 
Jan 08 14:20:00 
Jan 08 14:20:00 ******开始【京东账号1】jd_739d55b768da0*********
Jan 08 14:20:00 
Jan 08 14:20:01 查询下次翻翻乐剩余时间失败：{"success":false,"code":1001,"errMsg":"限流","data":null}
Jan 08 14:20:01 
Jan 08 14:20:01 
Jan 08 14:20:01 🔔省钱大赢家之翻翻乐, 结束! 🕛 0.477 秒
Jan 08 14:20:01 
Jan 08 15:20:00 
Jan 08 15:20:00 🔔省钱大赢家之翻翻乐, 开始!
Jan 08 15:20:00 
Jan 08 15:20:00 ====================共1个京东账号Cookie=========
Jan 08 15:20:00 
Jan 08 15:20:00 ==================脚本执行- 北京时间(UTC+8)：2022/1/8 下午3:20:00=====================
Jan 08 15:20:00 
Jan 08 15:20:00 
Jan 08 15:20:00 ******开始【京东账号1】jd_739d55b768da0*********
Jan 08 15:20:00 
Jan 08 15:20:01 查询下次翻翻乐剩余时间失败：{"msg":"data does not exist","code":12,"success":false}
Jan 08 15:20:01 
Jan 08 15:20:01 
Jan 08 15:20:01 🔔省钱大赢家之翻翻乐, 结束! 🕛 0.356 秒
Jan 08 15:20:01 
Jan 08 16:20:00 
Jan 08 16:20:00 🔔省钱大赢家之翻翻乐, 开始!
Jan 08 16:20:00 
Jan 08 16:20:00 ====================共1个京东账号Cookie=========
Jan 08 16:20:00 
Jan 08 16:20:00 ==================脚本执行- 北京时间(UTC+8)：2022/1/8 下午4:20:00=====================
Jan 08 16:20:00 
Jan 08 16:20:00 
Jan 08 16:20:00 ******开始【京东账号1】jd_739d55b768da0*********
Jan 08 16:20:00 
Jan 08 16:20:01 查询下次翻翻乐剩余时间失败：{"success":false,"code":1001,"errMsg":"限流","data":null}
Jan 08 16:20:01 
Jan 08 16:20:01 
Jan 08 16:20:01 🔔省钱大赢家之翻翻乐, 结束! 🕛 0.455 秒
Jan 08 16:20:01 
Jan 08 17:20:00 
Jan 08 17:20:00 🔔省钱大赢家之翻翻乐, 开始!
Jan 08 17:20:00 
Jan 08 17:20:00 ====================共1个京东账号Cookie=========
Jan 08 17:20:00 
Jan 08 17:20:00 ==================脚本执行- 北京时间(UTC+8)：2022/1/8 下午5:20:00=====================
Jan 08 17:20:00 
Jan 08 17:20:00 
Jan 08 17:20:00 ******开始【京东账号1】jd_739d55b768da0*********
Jan 08 17:20:00 
Jan 08 17:20:01 查询下次翻翻乐剩余时间失败：{"success":false,"code":1001,"errMsg":"限流","data":null}
Jan 08 17:20:01 
Jan 08 17:20:01 
Jan 08 17:20:01 🔔省钱大赢家之翻翻乐, 结束! 🕛 0.349 秒
Jan 08 17:20:01 
Jan 08 18:20:00 
Jan 08 18:20:00 🔔省钱大赢家之翻翻乐, 开始!
Jan 08 18:20:00 
Jan 08 18:20:00 ====================共1个京东账号Cookie=========
Jan 08 18:20:00 
Jan 08 18:20:00 ==================脚本执行- 北京时间(UTC+8)：2022/1/8 下午6:20:00=====================
Jan 08 18:20:00 
Jan 08 18:20:00 
Jan 08 18:20:00 ******开始【京东账号1】jd_739d55b768da0*********
Jan 08 18:20:00 
Jan 08 18:20:01 查询下次翻翻乐剩余时间失败：{"success":false,"code":1001,"errMsg":"限流","data":null}
Jan 08 18:20:01 
Jan 08 18:20:01 
Jan 08 18:20:01 🔔省钱大赢家之翻翻乐, 结束! 🕛 0.335 秒
Jan 08 18:20:01 
Jan 08 19:20:01 
Jan 08 19:20:01 🔔省钱大赢家之翻翻乐, 开始!
Jan 08 19:20:01 
Jan 08 19:20:01 ====================共1个京东账号Cookie=========
Jan 08 19:20:01 
Jan 08 19:20:01 ==================脚本执行- 北京时间(UTC+8)：2022/1/8 下午7:20:01=====================
Jan 08 19:20:01 
Jan 08 19:20:01 
Jan 08 19:20:01 ******开始【京东账号1】jd_739d55b768da0*********
Jan 08 19:20:01 
Jan 08 19:20:01 查询下次翻翻乐剩余时间失败：{"success":false,"code":1001,"errMsg":"限流","data":null}
Jan 08 19:20:01 
Jan 08 19:20:01 
Jan 08 19:20:01 🔔省钱大赢家之翻翻乐, 结束! 🕛 0.347 秒
Jan 08 19:20:01 
Jan 08 20:20:01 
Jan 08 20:20:01 🔔省钱大赢家之翻翻乐, 开始!
Jan 08 20:20:01 
Jan 08 20:20:01 ====================共1个京东账号Cookie=========
Jan 08 20:20:01 
Jan 08 20:20:01 ==================脚本执行- 北京时间(UTC+8)：2022/1/8 下午8:20:01=====================
Jan 08 20:20:01 
Jan 08 20:20:01 
Jan 08 20:20:01 ******开始【京东账号1】jd_739d55b768da0*********
Jan 08 20:20:01 
Jan 08 20:20:01 查询下次翻翻乐剩余时间失败：{"msg":"data does not exist","code":12,"success":false}
Jan 08 20:20:01 
Jan 08 20:20:01 
Jan 08 20:20:01 🔔省钱大赢家之翻翻乐, 结束! 🕛 0.327 秒
Jan 08 20:20:01 
Jan 08 21:20:01 
Jan 08 21:20:01 🔔省钱大赢家之翻翻乐, 开始!
Jan 08 21:20:01 
Jan 08 21:20:01 ====================共1个京东账号Cookie=========
Jan 08 21:20:01 
Jan 08 21:20:01 ==================脚本执行- 北京时间(UTC+8)：2022/1/8 下午9:20:01=====================
Jan 08 21:20:01 
Jan 08 21:20:01 
Jan 08 21:20:01 ******开始【京东账号1】jd_739d55b768da0*********
Jan 08 21:20:01 
Jan 08 21:20:01 查询下次翻翻乐剩余时间失败：{"success":false,"code":1001,"errMsg":"限流","data":null}
Jan 08 21:20:01 
Jan 08 21:20:01 
Jan 08 21:20:01 🔔省钱大赢家之翻翻乐, 结束! 🕛 0.355 秒
Jan 08 21:20:01 
Jan 08 22:20:00 
Jan 08 22:20:00 🔔省钱大赢家之翻翻乐, 开始!
Jan 08 22:20:00 
Jan 08 22:20:00 ====================共1个京东账号Cookie=========
Jan 08 22:20:00 
Jan 08 22:20:00 ==================脚本执行- 北京时间(UTC+8)：2022/1/8 下午10:20:00=====================
Jan 08 22:20:00 
Jan 08 22:20:00 
Jan 08 22:20:00 ******开始【京东账号1】jd_739d55b768da0*********
Jan 08 22:20:00 
Jan 08 22:20:01 查询下次翻翻乐剩余时间失败：{"success":false,"code":1001,"errMsg":"限流","data":null}
Jan 08 22:20:01 
Jan 08 22:20:01 
Jan 08 22:20:01 🔔省钱大赢家之翻翻乐, 结束! 🕛 1.547 秒
Jan 08 22:20:01 
Jan 08 23:20:00 
Jan 08 23:20:00 🔔省钱大赢家之翻翻乐, 开始!
Jan 08 23:20:00 
Jan 08 23:20:00 ====================共1个京东账号Cookie=========
Jan 08 23:20:00 
Jan 08 23:20:00 ==================脚本执行- 北京时间(UTC+8)：2022/1/8 下午11:20:00=====================
Jan 08 23:20:00 
Jan 08 23:20:00 
Jan 08 23:20:00 ******开始【京东账号1】jd_739d55b768da0*********
Jan 08 23:20:00 
Jan 08 23:20:00 查询下次翻翻乐剩余时间失败：{"msg":"data does not exist","code":12,"success":false}
Jan 08 23:20:00 
Jan 08 23:20:00 
Jan 08 23:20:00 🔔省钱大赢家之翻翻乐, 结束! 🕛 0.316 秒
Jan 08 23:20:00 
Jan 09 00:20:01 
Jan 09 00:20:01 🔔省钱大赢家之翻翻乐, 开始!
Jan 09 00:20:01 
Jan 09 00:20:01 ====================共1个京东账号Cookie=========
Jan 09 00:20:01 
Jan 09 00:20:01 ==================脚本执行- 北京时间(UTC+8)：2022/1/9 上午12:20:01=====================
Jan 09 00:20:01 
Jan 09 00:20:01 
Jan 09 00:20:01 ******开始【京东账号1】jd_739d55b768da0*********
Jan 09 00:20:01 
Jan 09 00:20:03 查询下次翻翻乐剩余时间失败：{"msg":"data does not exist","code":12,"success":false}
Jan 09 00:20:03 
Jan 09 00:20:03 
Jan 09 00:20:03 🔔省钱大赢家之翻翻乐, 结束! 🕛 2.412 秒
Jan 09 00:20:03 
Jan 09 01:20:00 
Jan 09 01:20:00 🔔省钱大赢家之翻翻乐, 开始!
Jan 09 01:20:00 
Jan 09 01:20:00 ====================共1个京东账号Cookie=========
Jan 09 01:20:00 
Jan 09 01:20:00 ==================脚本执行- 北京时间(UTC+8)：2022/1/9 上午1:20:00=====================
Jan 09 01:20:00 
Jan 09 01:20:00 
Jan 09 01:20:00 ******开始【京东账号1】jd_739d55b768da0*********
Jan 09 01:20:00 
Jan 09 01:20:00 查询下次翻翻乐剩余时间失败：{"msg":"data does not exist","code":12,"success":false}
Jan 09 01:20:00 
Jan 09 01:20:00 
Jan 09 01:20:00 🔔省钱大赢家之翻翻乐, 结束! 🕛 0.454 秒
Jan 09 01:20:00 
Jan 09 02:20:00 
Jan 09 02:20:00 🔔省钱大赢家之翻翻乐, 开始!
Jan 09 02:20:00 
Jan 09 02:20:00 ====================共1个京东账号Cookie=========
Jan 09 02:20:00 
Jan 09 02:20:01 ==================脚本执行- 北京时间(UTC+8)：2022/1/9 上午2:20:00=====================
Jan 09 02:20:01 
Jan 09 02:20:01 
Jan 09 02:20:01 ******开始【京东账号1】jd_739d55b768da0*********
Jan 09 02:20:01 
Jan 09 02:20:02 查询下次翻翻乐剩余时间失败：{"success":false,"code":1001,"errMsg":"限流","data":null}
Jan 09 02:20:02 
Jan 09 02:20:02 
Jan 09 02:20:02 🔔省钱大赢家之翻翻乐, 结束! 🕛 1.379 秒
Jan 09 02:20:02 
Jan 09 03:20:00 
Jan 09 03:20:00 🔔省钱大赢家之翻翻乐, 开始!
Jan 09 03:20:00 
Jan 09 03:20:00 ====================共1个京东账号Cookie=========
Jan 09 03:20:00 
Jan 09 03:20:00 ==================脚本执行- 北京时间(UTC+8)：2022/1/9 上午3:20:00=====================
Jan 09 03:20:00 
Jan 09 03:20:00 
Jan 09 03:20:00 ******开始【京东账号1】jd_739d55b768da0*********
Jan 09 03:20:00 
Jan 09 03:20:01 查询下次翻翻乐剩余时间失败：{"msg":"data does not exist","code":12,"success":false}
Jan 09 03:20:01 
Jan 09 03:20:01 
Jan 09 03:20:01 🔔省钱大赢家之翻翻乐, 结束! 🕛 0.424 秒
Jan 09 03:20:01 
Jan 09 04:20:00 
Jan 09 04:20:00 🔔省钱大赢家之翻翻乐, 开始!
Jan 09 04:20:00 
Jan 09 04:20:00 ====================共1个京东账号Cookie=========
Jan 09 04:20:00 
Jan 09 04:20:00 ==================脚本执行- 北京时间(UTC+8)：2022/1/9 上午4:20:00=====================
Jan 09 04:20:00 
Jan 09 04:20:00 
Jan 09 04:20:00 ******开始【京东账号1】jd_739d55b768da0*********
Jan 09 04:20:00 
Jan 09 04:20:01 查询下次翻翻乐剩余时间失败：{"success":false,"code":1001,"errMsg":"限流","data":null}
Jan 09 04:20:01 
Jan 09 04:20:01 
Jan 09 04:20:01 🔔省钱大赢家之翻翻乐, 结束! 🕛 0.607 秒
Jan 09 04:20:01 
Jan 09 05:20:00 
Jan 09 05:20:00 🔔省钱大赢家之翻翻乐, 开始!
Jan 09 05:20:00 
Jan 09 05:20:00 ====================共1个京东账号Cookie=========
Jan 09 05:20:00 
Jan 09 05:20:00 ==================脚本执行- 北京时间(UTC+8)：2022/1/9 上午5:20:00=====================
Jan 09 05:20:00 
Jan 09 05:20:00 
Jan 09 05:20:00 ******开始【京东账号1】jd_739d55b768da0*********
Jan 09 05:20:00 
Jan 09 05:20:01 查询下次翻翻乐剩余时间失败：{"success":false,"code":1001,"errMsg":"限流","data":null}
Jan 09 05:20:01 
Jan 09 05:20:01 
Jan 09 05:20:01 🔔省钱大赢家之翻翻乐, 结束! 🕛 0.361 秒
Jan 09 05:20:01 
Jan 09 06:20:01 
Jan 09 06:20:01 🔔省钱大赢家之翻翻乐, 开始!
Jan 09 06:20:01 
Jan 09 06:20:01 ====================共1个京东账号Cookie=========
Jan 09 06:20:01 
Jan 09 06:20:01 ==================脚本执行- 北京时间(UTC+8)：2022/1/9 上午6:20:01=====================
Jan 09 06:20:01 
Jan 09 06:20:01 
Jan 09 06:20:01 ******开始【京东账号1】jd_739d55b768da0*********
Jan 09 06:20:01 
Jan 09 06:20:02 查询下次翻翻乐剩余时间失败：{"msg":"data does not exist","code":12,"success":false}
Jan 09 06:20:02 
Jan 09 06:20:02 
Jan 09 06:20:02 🔔省钱大赢家之翻翻乐, 结束! 🕛 1.044 秒
Jan 09 06:20:02 
Jan 09 07:20:00 
Jan 09 07:20:00 🔔省钱大赢家之翻翻乐, 开始!
Jan 09 07:20:00 
Jan 09 07:20:00 ====================共1个京东账号Cookie=========
Jan 09 07:20:00 
Jan 09 07:20:00 ==================脚本执行- 北京时间(UTC+8)：2022/1/9 上午7:20:00=====================
Jan 09 07:20:00 
Jan 09 07:20:00 
Jan 09 07:20:00 ******开始【京东账号1】jd_739d55b768da0*********
Jan 09 07:20:00 
Jan 09 07:20:01 查询下次翻翻乐剩余时间失败：{"success":false,"code":1001,"errMsg":"限流","data":null}
Jan 09 07:20:01 
Jan 09 07:20:01 
Jan 09 07:20:01 🔔省钱大赢家之翻翻乐, 结束! 🕛 0.313 秒
Jan 09 07:20:01 
Jan 09 08:20:00 
Jan 09 08:20:00 🔔省钱大赢家之翻翻乐, 开始!
Jan 09 08:20:00 
Jan 09 08:20:00 ====================共1个京东账号Cookie=========
Jan 09 08:20:00 
Jan 09 08:20:01 ==================脚本执行- 北京时间(UTC+8)：2022/1/9 上午8:20:00=====================
Jan 09 08:20:01 
Jan 09 08:20:01 
Jan 09 08:20:01 ******开始【京东账号1】jd_739d55b768da0*********
Jan 09 08:20:01 
Jan 09 08:20:01 查询下次翻翻乐剩余时间失败：{"msg":"data does not exist","code":12,"success":false}
Jan 09 08:20:01 
Jan 09 08:20:01 
Jan 09 08:20:01 🔔省钱大赢家之翻翻乐, 结束! 🕛 0.364 秒
Jan 09 08:20:01 
Jan 09 09:20:01 
Jan 09 09:20:01 🔔省钱大赢家之翻翻乐, 开始!
Jan 09 09:20:01 
Jan 09 09:20:01 ====================共1个京东账号Cookie=========
Jan 09 09:20:01 
Jan 09 09:20:01 ==================脚本执行- 北京时间(UTC+8)：2022/1/9 上午9:20:01=====================
Jan 09 09:20:01 
Jan 09 09:20:01 
Jan 09 09:20:01 ******开始【京东账号1】jd_739d55b768da0*********
Jan 09 09:20:01 
Jan 09 09:20:01 查询下次翻翻乐剩余时间失败：{"success":false,"code":1001,"errMsg":"限流","data":null}
Jan 09 09:20:01 
Jan 09 09:20:01 
Jan 09 09:20:01 🔔省钱大赢家之翻翻乐, 结束! 🕛 0.334 秒
Jan 09 09:20:01 
Jan 09 10:20:00 
Jan 09 10:20:00 🔔省钱大赢家之翻翻乐, 开始!
Jan 09 10:20:00 
Jan 09 10:20:00 ====================共1个京东账号Cookie=========
Jan 09 10:20:00 
Jan 09 10:20:00 ==================脚本执行- 北京时间(UTC+8)：2022/1/9 上午10:20:00=====================
Jan 09 10:20:00 
Jan 09 10:20:00 
Jan 09 10:20:00 ******开始【京东账号1】jd_739d55b768da0*********
Jan 09 10:20:00 
Jan 09 10:20:01 查询下次翻翻乐剩余时间失败：{"success":false,"code":1001,"errMsg":"限流","data":null}
Jan 09 10:20:01 
Jan 09 10:20:01 
Jan 09 10:20:01 🔔省钱大赢家之翻翻乐, 结束! 🕛 1.095 秒
Jan 09 10:20:01 
Jan 09 11:20:00 
Jan 09 11:20:00 🔔省钱大赢家之翻翻乐, 开始!
Jan 09 11:20:00 
Jan 09 11:20:00 ====================共1个京东账号Cookie=========
Jan 09 11:20:00 
Jan 09 11:20:00 ==================脚本执行- 北京时间(UTC+8)：2022/1/9 上午11:20:00=====================
Jan 09 11:20:00 
Jan 09 11:20:00 
Jan 09 11:20:00 ******开始【京东账号1】jd_739d55b768da0*********
Jan 09 11:20:00 
Jan 09 11:20:00 查询下次翻翻乐剩余时间失败：{"msg":"data does not exist","code":12,"success":false}
Jan 09 11:20:00 
Jan 09 11:20:00 
Jan 09 11:20:00 🔔省钱大赢家之翻翻乐, 结束! 🕛 0.357 秒
Jan 09 11:20:00 
Jan 09 12:20:00 
Jan 09 12:20:00 🔔省钱大赢家之翻翻乐, 开始!
Jan 09 12:20:00 
Jan 09 12:20:00 ====================共1个京东账号Cookie=========
Jan 09 12:20:00 
Jan 09 12:20:00 ==================脚本执行- 北京时间(UTC+8)：2022/1/9 下午12:20:00=====================
Jan 09 12:20:00 
Jan 09 12:20:00 
Jan 09 12:20:00 ******开始【京东账号1】jd_739d55b768da0*********
Jan 09 12:20:00 
Jan 09 12:20:00 查询下次翻翻乐剩余时间失败：{"msg":"data does not exist","code":12,"success":false}
Jan 09 12:20:00 
Jan 09 12:20:00 
Jan 09 12:20:00 🔔省钱大赢家之翻翻乐, 结束! 🕛 0.348 秒
Jan 09 12:20:00 
Jan 09 13:20:00 
Jan 09 13:20:00 🔔省钱大赢家之翻翻乐, 开始!
Jan 09 13:20:00 
Jan 09 13:20:00 ====================共1个京东账号Cookie=========
Jan 09 13:20:00 
Jan 09 13:20:00 ==================脚本执行- 北京时间(UTC+8)：2022/1/9 下午1:20:00=====================
Jan 09 13:20:00 
Jan 09 13:20:00 
Jan 09 13:20:00 ******开始【京东账号1】jd_739d55b768da0*********
Jan 09 13:20:00 
Jan 09 13:20:00 查询下次翻翻乐剩余时间失败：{"msg":"data does not exist","code":12,"success":false}
Jan 09 13:20:00 
Jan 09 13:20:00 
Jan 09 13:20:00 🔔省钱大赢家之翻翻乐, 结束! 🕛 0.559 秒
Jan 09 13:20:00 
Jan 09 14:20:00 
Jan 09 14:20:00 🔔省钱大赢家之翻翻乐, 开始!
Jan 09 14:20:00 
Jan 09 14:20:00 ====================共1个京东账号Cookie=========
Jan 09 14:20:00 
Jan 09 14:20:00 ==================脚本执行- 北京时间(UTC+8)：2022/1/9 下午2:20:00=====================
Jan 09 14:20:00 
Jan 09 14:20:00 
Jan 09 14:20:00 ******开始【京东账号1】jd_739d55b768da0*********
Jan 09 14:20:00 
Jan 09 14:20:00 查询下次翻翻乐剩余时间失败：{"msg":"data does not exist","code":12,"success":false}
Jan 09 14:20:00 
Jan 09 14:20:00 
Jan 09 14:20:00 🔔省钱大赢家之翻翻乐, 结束! 🕛 0.509 秒
Jan 09 14:20:00 
Jan 09 15:20:00 
Jan 09 15:20:00 🔔省钱大赢家之翻翻乐, 开始!
Jan 09 15:20:00 
Jan 09 15:20:00 ====================共1个京东账号Cookie=========
Jan 09 15:20:00 
Jan 09 15:20:00 ==================脚本执行- 北京时间(UTC+8)：2022/1/9 下午3:20:00=====================
Jan 09 15:20:00 
Jan 09 15:20:00 
Jan 09 15:20:00 ******开始【京东账号1】jd_739d55b768da0*********
Jan 09 15:20:00 
Jan 09 15:20:00 查询下次翻翻乐剩余时间失败：{"msg":"data does not exist","code":12,"success":false}
Jan 09 15:20:00 
Jan 09 15:20:00 
Jan 09 15:20:00 🔔省钱大赢家之翻翻乐, 结束! 🕛 0.398 秒
Jan 09 15:20:00 
Jan 09 16:20:00 
Jan 09 16:20:00 🔔省钱大赢家之翻翻乐, 开始!
Jan 09 16:20:00 
Jan 09 16:20:00 ====================共1个京东账号Cookie=========
Jan 09 16:20:00 
Jan 09 16:20:00 ==================脚本执行- 北京时间(UTC+8)：2022/1/9 下午4:20:00=====================
Jan 09 16:20:00 
Jan 09 16:20:00 
Jan 09 16:20:00 ******开始【京东账号1】jd_739d55b768da0*********
Jan 09 16:20:00 
Jan 09 16:20:00 查询下次翻翻乐剩余时间失败：{"msg":"data does not exist","code":12,"success":false}
Jan 09 16:20:00 
Jan 09 16:20:00 
Jan 09 16:20:00 🔔省钱大赢家之翻翻乐, 结束! 🕛 0.416 秒
Jan 09 16:20:00 
Jan 09 17:20:00 
Jan 09 17:20:00 🔔省钱大赢家之翻翻乐, 开始!
Jan 09 17:20:00 
Jan 09 17:20:00 ====================共1个京东账号Cookie=========
Jan 09 17:20:00 
Jan 09 17:20:00 ==================脚本执行- 北京时间(UTC+8)：2022/1/9 下午5:20:00=====================
Jan 09 17:20:00 
Jan 09 17:20:00 
Jan 09 17:20:00 ******开始【京东账号1】jd_739d55b768da0*********
Jan 09 17:20:00 
Jan 09 17:20:00 查询下次翻翻乐剩余时间失败：{"msg":"data does not exist","code":12,"success":false}
Jan 09 17:20:00 
Jan 09 17:20:00 
Jan 09 17:20:00 🔔省钱大赢家之翻翻乐, 结束! 🕛 0.368 秒
Jan 09 17:20:00 
Jan 09 18:20:00 
Jan 09 18:20:00 🔔省钱大赢家之翻翻乐, 开始!
Jan 09 18:20:00 
Jan 09 18:20:00 ====================共1个京东账号Cookie=========
Jan 09 18:20:00 
Jan 09 18:20:00 ==================脚本执行- 北京时间(UTC+8)：2022/1/9 下午6:20:00=====================
Jan 09 18:20:00 
Jan 09 18:20:00 
Jan 09 18:20:00 ******开始【京东账号1】jd_739d55b768da0*********
Jan 09 18:20:00 
Jan 09 18:20:01 查询下次翻翻乐剩余时间失败：{"msg":"data does not exist","code":12,"success":false}
Jan 09 18:20:01 
Jan 09 18:20:01 
Jan 09 18:20:01 🔔省钱大赢家之翻翻乐, 结束! 🕛 0.367 秒
Jan 09 18:20:01 
Jan 09 19:20:00 
Jan 09 19:20:00 🔔省钱大赢家之翻翻乐, 开始!
Jan 09 19:20:00 
Jan 09 19:20:00 ====================共1个京东账号Cookie=========
Jan 09 19:20:00 
Jan 09 19:20:00 ==================脚本执行- 北京时间(UTC+8)：2022/1/9 下午7:20:00=====================
Jan 09 19:20:00 
Jan 09 19:20:00 
Jan 09 19:20:00 ******开始【京东账号1】jd_739d55b768da0*********
Jan 09 19:20:00 
Jan 09 19:20:01 查询下次翻翻乐剩余时间失败：{"success":false,"code":1001,"errMsg":"限流","data":null}
Jan 09 19:20:01 
Jan 09 19:20:01 
Jan 09 19:20:01 🔔省钱大赢家之翻翻乐, 结束! 🕛 0.429 秒
Jan 09 19:20:01 
Jan 09 20:20:00 
Jan 09 20:20:00 🔔省钱大赢家之翻翻乐, 开始!
Jan 09 20:20:00 
Jan 09 20:20:00 ====================共1个京东账号Cookie=========
Jan 09 20:20:00 
Jan 09 20:20:00 ==================脚本执行- 北京时间(UTC+8)：2022/1/9 下午8:20:00=====================
Jan 09 20:20:00 
Jan 09 20:20:00 
Jan 09 20:20:00 ******开始【京东账号1】jd_739d55b768da0*********
Jan 09 20:20:00 
Jan 09 20:20:01 查询下次翻翻乐剩余时间失败：{"success":false,"code":1001,"errMsg":"限流","data":null}
Jan 09 20:20:01 
Jan 09 20:20:01 
Jan 09 20:20:01 🔔省钱大赢家之翻翻乐, 结束! 🕛 0.634 秒
Jan 09 20:20:01 
Jan 09 21:20:00 
Jan 09 21:20:00 🔔省钱大赢家之翻翻乐, 开始!
Jan 09 21:20:00 
Jan 09 21:20:00 ====================共1个京东账号Cookie=========
Jan 09 21:20:00 
Jan 09 21:20:00 ==================脚本执行- 北京时间(UTC+8)：2022/1/9 下午9:20:00=====================
Jan 09 21:20:00 
Jan 09 21:20:00 
Jan 09 21:20:00 ******开始【京东账号1】jd_739d55b768da0*********
Jan 09 21:20:00 
Jan 09 21:20:01 查询下次翻翻乐剩余时间失败：{"msg":"data does not exist","code":12,"success":false}
Jan 09 21:20:01 
Jan 09 21:20:01 
Jan 09 21:20:01 🔔省钱大赢家之翻翻乐, 结束! 🕛 0.319 秒
Jan 09 21:20:01 
