Jan 07 01:23:01 
Jan 07 01:23:01 🔔领京豆额外奖励, 开始!
Jan 07 01:23:01 
Jan 07 01:23:01 ====================共1个京东账号Cookie=========
Jan 07 01:23:01 
Jan 07 01:23:01 ==================脚本执行- 北京时间(UTC+8)：2022/1/7 上午1:23:01=====================
Jan 07 01:23:01 
Jan 07 01:23:02 
Jan 07 01:23:02 ******开始【京东账号1】jd_187425zqg*********
Jan 07 01:23:02 
Jan 07 01:23:02 任务完成进度：1/3
Jan 07 01:23:05 任务完成进度：2/3
Jan 07 01:23:08 任务完成进度：3/3
Jan 07 01:23:12 领奖成功，获得 1 个京豆
Jan 07 01:23:15 完成任务成功，进度1/4
Jan 07 01:23:18 完成任务成功，进度2/4
Jan 07 01:23:21 完成任务成功，进度3/4
Jan 07 01:23:24 完成任务成功，进度4/4
Jan 07 01:23:28 领奖成功，获得 2 个京豆
Jan 07 01:23:28 强制开启新版领京豆结果:{"code":"0","errorCode":"SI404","errorMessage":"已经初始化过了~"}
Jan 07 01:23:28 
Jan 07 01:23:28 早起福利领取成功：领取成功~
Jan 07 01:23:29 当前等级:7 下一级可领取:60京豆
Jan 07 01:23:32 去做[双签领豆]双签领豆
Jan 07 01:23:34 完成任务，获得+2成长值
Jan 07 01:23:34 去做[种豆得豆]种豆得豆
Jan 07 01:23:37 完成任务，获得+2成长值
Jan 07 01:23:37 去做[超值好货]年度账单
Jan 07 01:23:44 完成任务，获得+5成长值
Jan 07 01:23:44 去做[惊喜福利]惊喜福利
Jan 07 01:23:49 完成任务，获得+2成长值
Jan 07 01:23:49 去做[边玩边赚]赢锦鲤红包
Jan 07 01:23:57 完成任务，获得+5成长值
Jan 07 01:23:59 去做[惊喜福利]兑权益
Jan 07 01:24:04 完成任务，获得+2成长值
Jan 07 01:24:08 [双签领豆]已做完
Jan 07 01:24:08 [种豆得豆]已做完
Jan 07 01:24:08 [超值好货]已做完
Jan 07 01:24:08 [惊喜福利]已做完
Jan 07 01:24:08 [边玩边赚]已做完
Jan 07 01:24:08 
Jan 07 01:24:08 ==============📣系统通知📣==============
Jan 07 01:24:08 领京豆额外奖励
Jan 07 01:24:08 【京东账号1】jd_187425zqg
Jan 07 01:24:08 领奖成功，获得 1 个京豆
Jan 07 01:24:08 领奖成功，获得 2 个京豆
Jan 07 01:24:08 
Jan 07 01:24:08 
Jan 07 01:24:08 【抢京豆】jd_739d55b768da0 去帮助作者
Jan 07 01:24:08 
Jan 07 01:24:08 🔔领京豆额外奖励, 结束! 🕛 67.8 秒
Jan 07 01:24:08 
Jan 07 12:23:01 
Jan 07 12:23:01 🔔领京豆额外奖励, 开始!
Jan 07 12:23:01 
Jan 07 12:23:01 ====================共1个京东账号Cookie=========
Jan 07 12:23:01 
Jan 07 12:23:01 ==================脚本执行- 北京时间(UTC+8)：2022/1/7 下午12:23:01=====================
Jan 07 12:23:01 
Jan 07 12:23:37 
Jan 07 12:23:37 ******开始【京东账号1】jd_187425zqg*********
Jan 07 12:23:37 
Jan 07 12:23:41 领奖失败，今天该任务类型已经领过奖了~
Jan 07 12:23:43 领奖失败，今天该任务类型已经领过奖了~
Jan 07 12:23:44 强制开启新版领京豆结果:{"code":"0","errorCode":"SI404","errorMessage":"已经初始化过了~"}
Jan 07 12:23:44 
Jan 07 12:23:44 早起福利领取失败：已经领取了~
Jan 07 12:23:45 当前等级:7 下一级可领取:60京豆
Jan 07 12:23:50 [双签领豆]已做完
Jan 07 12:23:50 [种豆得豆]已做完
Jan 07 12:23:50 [超值好货]已做完
Jan 07 12:23:50 [惊喜福利]已做完
Jan 07 12:23:50 [边玩边赚]已做完
Jan 07 12:23:50 
Jan 07 12:23:50 【抢京豆】jd_739d55b768da0 去帮助作者
Jan 07 12:23:50 
Jan 07 12:23:50 🔔领京豆额外奖励, 结束! 🕛 49.762 秒
Jan 07 12:23:50 
Jan 07 22:23:00 
Jan 07 22:23:00 🔔领京豆额外奖励, 开始!
Jan 07 22:23:00 
Jan 07 22:23:00 ====================共1个京东账号Cookie=========
Jan 07 22:23:00 
Jan 07 22:23:00 ==================脚本执行- 北京时间(UTC+8)：2022/1/7 下午10:23:00=====================
Jan 07 22:23:00 
Jan 07 22:23:15 
Jan 07 22:23:15 ******开始【京东账号1】jd_187425zqg*********
Jan 07 22:23:15 
Jan 07 22:23:20 领奖失败，今天该任务类型已经领过奖了~
Jan 07 22:23:22 领奖失败，今天该任务类型已经领过奖了~
Jan 07 22:23:22 强制开启新版领京豆结果:{"code":"0","errorCode":"SI404","errorMessage":"已经初始化过了~"}
Jan 07 22:23:22 
Jan 07 22:23:22 早起福利领取失败：已经领取了~
Jan 07 22:23:24 当前等级:7 下一级可领取:60京豆
Jan 07 22:23:29 [双签领豆]已做完
Jan 07 22:23:29 [种豆得豆]已做完
Jan 07 22:23:29 [超值好货]已做完
Jan 07 22:23:29 [惊喜福利]已做完
Jan 07 22:23:29 [边玩边赚]已做完
Jan 07 22:23:29 
Jan 07 22:23:29 【抢京豆】jd_739d55b768da0 去帮助作者
Jan 07 22:23:29 
Jan 07 22:23:29 🔔领京豆额外奖励, 结束! 🕛 28.965 秒
Jan 07 22:23:29 
Jan 08 01:23:00 
Jan 08 01:23:00 🔔领京豆额外奖励, 开始!
Jan 08 01:23:00 
Jan 08 01:23:00 ====================共1个京东账号Cookie=========
Jan 08 01:23:00 
Jan 08 01:23:00 ==================脚本执行- 北京时间(UTC+8)：2022/1/8 上午1:23:00=====================
Jan 08 01:23:00 
Jan 08 01:23:02 
Jan 08 01:23:02 ******开始【京东账号1】jd_187425zqg*********
Jan 08 01:23:02 
Jan 08 01:23:02 任务完成进度：1/3
Jan 08 01:23:05 任务完成进度：2/3
Jan 08 01:23:08 任务完成进度：3/3
Jan 08 01:23:12 领奖成功，获得 1 个京豆
Jan 08 01:23:15 完成任务成功，进度1/4
Jan 08 01:23:18 完成任务成功，进度2/4
Jan 08 01:23:21 完成任务成功，进度3/4
Jan 08 01:23:24 完成任务成功，进度4/4
Jan 08 01:23:27 领奖成功，获得 2 个京豆
Jan 08 01:23:28 强制开启新版领京豆结果:{"code":"0","errorCode":"SI404","errorMessage":"已经初始化过了~"}
Jan 08 01:23:28 
Jan 08 01:23:28 早起福利领取成功：领取成功~
Jan 08 01:23:29 当前等级:7 下一级可领取:60京豆
Jan 08 01:23:32 去做[双签领豆]双签领豆
Jan 08 01:23:34 完成任务，获得+2成长值
Jan 08 01:23:34 去做[种豆得豆]种豆得豆
Jan 08 01:23:36 完成任务，获得+2成长值
Jan 08 01:23:36 去做[超值好货]年度账单
Jan 08 01:23:44 完成任务，获得+5成长值
Jan 08 01:23:44 去做[惊喜福利]惊喜福利
Jan 08 01:23:49 完成任务，获得+2成长值
Jan 08 01:23:49 去做[边玩边赚]赢锦鲤红包
Jan 08 01:23:56 完成任务，获得+5成长值
Jan 08 01:23:59 去做[惊喜福利]兑权益
Jan 08 01:24:04 完成任务，获得+2成长值
Jan 08 01:24:08 [双签领豆]已做完
Jan 08 01:24:08 [种豆得豆]已做完
Jan 08 01:24:08 [超值好货]已做完
Jan 08 01:24:08 [惊喜福利]已做完
Jan 08 01:24:08 [边玩边赚]已做完
Jan 08 01:24:08 
Jan 08 01:24:08 ==============📣系统通知📣==============
Jan 08 01:24:08 领京豆额外奖励
Jan 08 01:24:08 【京东账号1】jd_187425zqg
Jan 08 01:24:08 领奖成功，获得 1 个京豆
Jan 08 01:24:08 领奖成功，获得 2 个京豆
Jan 08 01:24:08 
Jan 08 01:24:08 
Jan 08 01:24:08 【抢京豆】jd_739d55b768da0 去帮助作者
Jan 08 01:24:08 
Jan 08 01:24:08 🔔领京豆额外奖励, 结束! 🕛 67.998 秒
Jan 08 01:24:08 
Jan 08 12:23:00 
Jan 08 12:23:00 🔔领京豆额外奖励, 开始!
Jan 08 12:23:00 
Jan 08 12:23:00 ====================共1个京东账号Cookie=========
Jan 08 12:23:00 
Jan 08 12:23:00 ==================脚本执行- 北京时间(UTC+8)：2022/1/8 下午12:23:00=====================
Jan 08 12:23:00 
Jan 08 12:23:02 
Jan 08 12:23:02 ******开始【京东账号1】jd_739d55b768da0*********
Jan 08 12:23:02 
Jan 08 12:23:07 领奖失败，今天该任务类型已经领过奖了~
Jan 08 12:23:09 领奖失败，今天该任务类型已经领过奖了~
Jan 08 12:23:09 强制开启新版领京豆结果:{"code":"0","errorCode":"SI404","errorMessage":"已经初始化过了~"}
Jan 08 12:23:09 
Jan 08 12:23:09 早起福利领取失败：已经领取了~
Jan 08 12:23:11 当前等级:7 下一级可领取:60京豆
Jan 08 12:23:16 [双签领豆]已做完
Jan 08 12:23:16 [种豆得豆]已做完
Jan 08 12:23:16 [超值好货]已做完
Jan 08 12:23:16 [惊喜福利]已做完
Jan 08 12:23:16 [边玩边赚]已做完
Jan 08 12:23:16 
Jan 08 12:23:16 【抢京豆】jd_739d55b768da0 去帮助作者
Jan 08 12:23:16 
Jan 08 12:23:16 🔔领京豆额外奖励, 结束! 🕛 15.849 秒
Jan 08 12:23:16 
Jan 08 22:23:00 
Jan 08 22:23:00 🔔领京豆额外奖励, 开始!
Jan 08 22:23:00 
Jan 08 22:23:00 ====================共1个京东账号Cookie=========
Jan 08 22:23:00 
Jan 08 22:23:00 ==================脚本执行- 北京时间(UTC+8)：2022/1/8 下午10:23:00=====================
Jan 08 22:23:00 
Jan 08 22:23:14 
Jan 08 22:23:14 ******开始【京东账号1】jd_187425zqg*********
Jan 08 22:23:14 
Jan 08 22:23:18 领奖失败，今天该任务类型已经领过奖了~
Jan 08 22:23:21 领奖失败，今天该任务类型已经领过奖了~
Jan 08 22:23:21 强制开启新版领京豆结果:{"code":"0","errorCode":"SI404","errorMessage":"已经初始化过了~"}
Jan 08 22:23:21 
Jan 08 22:23:21 早起福利领取失败：已经领取了~
Jan 08 22:23:22 当前等级:7 下一级可领取:60京豆
Jan 08 22:23:28 [双签领豆]已做完
Jan 08 22:23:28 [种豆得豆]已做完
Jan 08 22:23:28 [超值好货]已做完
Jan 08 22:23:28 [惊喜福利]已做完
Jan 08 22:23:28 [边玩边赚]已做完
Jan 08 22:23:28 
Jan 08 22:23:28 【抢京豆】jd_739d55b768da0 去帮助作者
Jan 08 22:23:28 
Jan 08 22:23:28 🔔领京豆额外奖励, 结束! 🕛 27.907 秒
Jan 08 22:23:28 
Jan 09 01:23:00 
Jan 09 01:23:00 🔔领京豆额外奖励, 开始!
Jan 09 01:23:00 
Jan 09 01:23:00 ====================共1个京东账号Cookie=========
Jan 09 01:23:00 
Jan 09 01:23:00 ==================脚本执行- 北京时间(UTC+8)：2022/1/9 上午1:23:00=====================
Jan 09 01:23:00 
Jan 09 01:23:02 
Jan 09 01:23:02 ******开始【京东账号1】jd_187425zqg*********
Jan 09 01:23:02 
Jan 09 01:23:02 任务完成进度：1/3
Jan 09 01:23:05 任务完成进度：2/3
Jan 09 01:23:08 任务完成进度：3/3
Jan 09 01:23:13 领奖成功，获得 1 个京豆
Jan 09 01:23:15 完成任务成功，进度1/4
Jan 09 01:23:18 完成任务成功，进度2/4
Jan 09 01:23:21 完成任务成功，进度3/4
Jan 09 01:23:25 完成任务成功，进度4/4
Jan 09 01:23:28 领奖成功，获得 2 个京豆
Jan 09 01:23:28 强制开启新版领京豆结果:{"code":"0","errorCode":"SI404","errorMessage":"已经初始化过了~"}
Jan 09 01:23:28 
Jan 09 01:23:28 早起福利领取成功：领取成功~
Jan 09 01:23:29 当前等级:7 下一级可领取:60京豆
Jan 09 01:23:33 去做[双签领豆]双签领豆
Jan 09 01:23:35 完成任务，获得+2成长值
Jan 09 01:23:35 去做[种豆得豆]种豆得豆
Jan 09 01:23:37 完成任务，获得+2成长值
Jan 09 01:23:37 去做[超值好货]鱼跃健康盛典
Jan 09 01:23:44 完成任务，获得+5成长值
Jan 09 01:23:44 去做[逛一逛精选活动]健康暖心年礼
Jan 09 01:23:51 完成任务，获得+5成长值
Jan 09 01:23:51 去做[惊喜福利]惊喜福利
Jan 09 01:23:57 完成任务，获得+2成长值
Jan 09 01:23:57 去做[边玩边赚]赢锦鲤红包
Jan 09 01:24:04 完成任务，获得+5成长值
Jan 09 01:24:06 去做[逛一逛精选活动]小米12震撼上市
Jan 09 01:24:14 完成任务，获得+5成长值
Jan 09 01:24:14 去做[惊喜福利]兑权益
Jan 09 01:24:19 完成任务，获得+2成长值
Jan 09 01:24:21 去做[逛一逛精选活动]健康护航
Jan 09 01:24:28 完成任务，获得+5成长值
Jan 09 01:24:30 去做[逛一逛精选活动]服饰
Jan 09 01:24:38 完成任务，获得+5成长值
Jan 09 01:24:42 [双签领豆]已做完
Jan 09 01:24:42 [种豆得豆]已做完
Jan 09 01:24:42 [超值好货]已做完
Jan 09 01:24:42 [逛一逛精选活动]已做完
Jan 09 01:24:42 [惊喜福利]已做完
Jan 09 01:24:42 [边玩边赚]已做完
Jan 09 01:24:42 
Jan 09 01:24:42 ==============📣系统通知📣==============
Jan 09 01:24:42 领京豆额外奖励
Jan 09 01:24:42 【京东账号1】jd_187425zqg
Jan 09 01:24:42 领奖成功，获得 1 个京豆
Jan 09 01:24:42 领奖成功，获得 2 个京豆
Jan 09 01:24:42 
Jan 09 01:24:42 
Jan 09 01:24:42 【抢京豆】jd_739d55b768da0 去帮助作者
Jan 09 01:24:42 
Jan 09 01:24:42 🔔领京豆额外奖励, 结束! 🕛 102.11 秒
Jan 09 01:24:42 
Jan 09 12:23:00 
Jan 09 12:23:00 🔔领京豆额外奖励, 开始!
Jan 09 12:23:00 
Jan 09 12:23:00 ====================共1个京东账号Cookie=========
Jan 09 12:23:00 
Jan 09 12:23:00 ==================脚本执行- 北京时间(UTC+8)：2022/1/9 下午12:23:00=====================
Jan 09 12:23:00 
Jan 09 12:23:11 
Jan 09 12:23:11 ******开始【京东账号1】jd_187425zqg*********
Jan 09 12:23:11 
Jan 09 12:23:15 领奖失败，今天该任务类型已经领过奖了~
Jan 09 12:23:18 领奖失败，今天该任务类型已经领过奖了~
Jan 09 12:23:18 强制开启新版领京豆结果:{"code":"0","errorCode":"SI404","errorMessage":"已经初始化过了~"}
Jan 09 12:23:18 
Jan 09 12:23:18 早起福利领取失败：已经领取了~
Jan 09 12:23:19 当前等级:7 下一级可领取:60京豆
Jan 09 12:23:25 [双签领豆]已做完
Jan 09 12:23:25 [种豆得豆]已做完
Jan 09 12:23:25 [超值好货]已做完
Jan 09 12:23:25 [逛一逛精选活动]已做完
Jan 09 12:23:25 [惊喜福利]已做完
Jan 09 12:23:25 [边玩边赚]已做完
Jan 09 12:23:25 
Jan 09 12:23:25 【抢京豆】jd_739d55b768da0 去帮助作者
Jan 09 12:23:25 【抢京豆】去助力好友undefined
Jan 09 12:23:25 助力异常:{"code":"1","errorMessage":"参数错误"}
Jan 09 12:23:25 
Jan 09 12:23:25 【抢京豆】去助力好友undefined
Jan 09 12:23:25 助力异常:{"code":"1","errorMessage":"参数错误"}
Jan 09 12:23:25 
Jan 09 12:23:25 【抢京豆】去助力好友undefined
Jan 09 12:23:25 助力异常:{"code":"1","errorMessage":"参数错误"}
Jan 09 12:23:25 
Jan 09 12:23:25 【抢京豆】去助力好友undefined
Jan 09 12:23:25 助力异常:{"code":"1","errorMessage":"参数错误"}
Jan 09 12:23:25 
Jan 09 12:23:25 【抢京豆】去助力好友undefined
Jan 09 12:23:25 助力异常:{"code":"1","errorMessage":"参数错误"}
Jan 09 12:23:25 
Jan 09 12:23:25 【抢京豆】去助力好友undefined
Jan 09 12:23:25 助力异常:{"code":"1","errorMessage":"参数错误"}
Jan 09 12:23:25 
Jan 09 12:23:25 【抢京豆】去助力好友undefined
Jan 09 12:23:26 助力异常:{"code":"1","errorMessage":"参数错误"}
Jan 09 12:23:26 
Jan 09 12:23:26 【抢京豆】去助力好友undefined
Jan 09 12:23:26 助力异常:{"code":"1","errorMessage":"参数错误"}
Jan 09 12:23:26 
Jan 09 12:23:26 【抢京豆】去助力好友undefined
Jan 09 12:23:26 助力异常:{"code":"1","errorMessage":"参数错误"}
Jan 09 12:23:26 
Jan 09 12:23:26 【抢京豆】去助力好友undefined
Jan 09 12:23:26 助力异常:{"code":"1","errorMessage":"参数错误"}
Jan 09 12:23:26 
Jan 09 12:23:26 【抢京豆】去助力好友undefined
Jan 09 12:23:26 助力异常:{"code":"1","errorMessage":"参数错误"}
Jan 09 12:23:26 
Jan 09 12:23:26 【抢京豆】去助力好友undefined
Jan 09 12:23:26 助力异常:{"code":"1","errorMessage":"参数错误"}
Jan 09 12:23:26 
Jan 09 12:23:26 【抢京豆】去助力好友undefined
Jan 09 12:23:26 助力异常:{"code":"1","errorMessage":"参数错误"}
Jan 09 12:23:26 
Jan 09 12:23:26 【抢京豆】去助力好友undefined
Jan 09 12:23:27 助力异常:{"code":"1","errorMessage":"参数错误"}
Jan 09 12:23:27 
Jan 09 12:23:27 
Jan 09 12:23:27 🔔领京豆额外奖励, 结束! 🕛 26.785 秒
Jan 09 12:23:27 
