Jan 07 00:11:00 
Jan 07 00:11:00 🔔领券中心签到, 开始!
Jan 07 00:11:00 
Jan 07 00:11:00 ====================共1个京东账号Cookie=========
Jan 07 00:11:00 
Jan 07 00:11:00 ==================脚本执行- 北京时间(UTC+8)：2022/1/7 上午12:11:00=====================
Jan 07 00:11:00 
Jan 07 00:11:01 
Jan 07 00:11:01 ******开始【京东账号1】jd_739d55b768da0*********
Jan 07 00:11:01 
Jan 07 00:11:05 签到成功：获得 150 点点券，可兑¥0.15红包
Jan 07 00:11:07 
Jan 07 00:11:07 🔔领券中心签到, 结束! 🕛 6.833 秒
Jan 07 00:11:07 
Jan 08 00:11:00 
Jan 08 00:11:00 🔔领券中心签到, 开始!
Jan 08 00:11:00 
Jan 08 00:11:00 ====================共1个京东账号Cookie=========
Jan 08 00:11:00 
Jan 08 00:11:00 ==================脚本执行- 北京时间(UTC+8)：2022/1/8 上午12:11:00=====================
Jan 08 00:11:00 
Jan 08 00:11:01 
Jan 08 00:11:01 ******开始【京东账号1】jd_739d55b768da0*********
Jan 08 00:11:01 
Jan 08 00:11:08 签到成功：获得 30 点点券，可兑¥0.03红包
Jan 08 00:11:10 
Jan 08 00:11:10 🔔领券中心签到, 结束! 🕛 9.818 秒
Jan 08 00:11:10 
Jan 09 00:11:00 
Jan 09 00:11:00 🔔领券中心签到, 开始!
Jan 09 00:11:00 
Jan 09 00:11:00 ====================共1个京东账号Cookie=========
Jan 09 00:11:00 
Jan 09 00:11:00 ==================脚本执行- 北京时间(UTC+8)：2022/1/9 上午12:11:00=====================
Jan 09 00:11:00 
Jan 09 00:11:00 
Jan 09 00:11:00 ******开始【京东账号1】jd_739d55b768da0*********
Jan 09 00:11:00 
Jan 09 00:11:24 签到成功：获得 60 点点券，可兑¥0.06红包
Jan 09 00:11:26 
Jan 09 00:11:26 🔔领券中心签到, 结束! 🕛 26.13 秒
Jan 09 00:11:26 
