Jan 07 00:10:00 
Jan 07 00:10:00 🔔签到领现金, 开始!
Jan 07 00:10:00 
Jan 07 00:10:00 ====================共1个京东账号Cookie=========
Jan 07 00:10:00 
Jan 07 00:10:00 ==================脚本执行- 北京时间(UTC+8)：2022/1/7 上午12:10:00=====================
Jan 07 00:10:00 
Jan 07 00:10:00 开始获取签到领现金配置文件
Jan 07 00:10:00 
Jan 07 00:10:00 共1个京东账号
Jan 07 00:10:00 
Jan 07 00:10:00 您提供了1个账号的签到领现金助力码
Jan 07 00:10:00 
Jan 07 00:10:34 
Jan 07 00:10:34 ******开始【京东账号1】jd_187425zqg*********
Jan 07 00:10:34 
Jan 07 00:10:40 
Jan 07 00:10:40 【京东账号1（jd_739d55b768da0）的签到领现金好友互助码】eU9Ya--7Mvkjo2nTwydC1g
Jan 07 00:10:40 
Jan 07 00:10:40 去做逛一逛任务 1/1
Jan 07 00:10:44 任务完成成功
Jan 07 00:10:49 去做逛互动任务 1/1
Jan 07 00:10:52 任务完成成功
Jan 07 00:10:58 去做逛一逛任务 1/1
Jan 07 00:10:58 任务完成成功
Jan 07 00:11:03 开始
Jan 07 00:11:06 "connect ECONNREFUSED 103.242.135.130:80"
Jan 07 00:11:06 签到领现金 API请求失败，请检查网路重试
Jan 07 00:11:06 第1个京东账号将要助力的好友[{"inviteCode":"IhM3aem0b_Ql8Wy6iw"}]
Jan 07 00:11:11 
Jan 07 00:11:11 
Jan 07 00:11:11 当前现金：38.04元
Jan 07 00:11:11 
Jan 07 00:11:11 🔔签到领现金, 结束! 🕛 70.281 秒
Jan 07 00:11:11 
Jan 07 04:10:01 
Jan 07 04:10:01 🔔签到领现金, 开始!
Jan 07 04:10:01 
Jan 07 04:10:01 ====================共1个京东账号Cookie=========
Jan 07 04:10:01 
Jan 07 04:10:01 ==================脚本执行- 北京时间(UTC+8)：2022/1/7 上午4:10:01=====================
Jan 07 04:10:01 
Jan 07 04:10:01 开始获取签到领现金配置文件
Jan 07 04:10:01 
Jan 07 04:10:01 共1个京东账号
Jan 07 04:10:01 
Jan 07 04:10:01 您提供了1个账号的签到领现金助力码
Jan 07 04:10:01 
Jan 07 04:10:02 
Jan 07 04:10:02 ******开始【京东账号1】jd_187425zqg*********
Jan 07 04:10:02 
Jan 07 04:10:10 
Jan 07 04:10:10 【京东账号1（jd_739d55b768da0）的签到领现金好友互助码】eU9Ya--7Mvkjo2nTwydC1g
Jan 07 04:10:10 
Jan 07 04:10:11 开始
Jan 07 04:10:14 "connect ECONNREFUSED 103.242.135.130:80"
Jan 07 04:10:14 签到领现金 API请求失败，请检查网路重试
Jan 07 04:10:14 第1个京东账号将要助力的好友[{"inviteCode":"IhM3aem0b_Ql8Wy6iw"}]
Jan 07 04:10:20 
Jan 07 04:10:20 
Jan 07 04:10:20 当前现金：38.13元
Jan 07 04:10:20 
Jan 07 04:10:20 🔔签到领现金, 结束! 🕛 19.313 秒
Jan 07 04:10:20 
Jan 07 08:10:00 
Jan 07 08:10:00 🔔签到领现金, 开始!
Jan 07 08:10:00 
Jan 07 08:10:00 ====================共1个京东账号Cookie=========
Jan 07 08:10:00 
Jan 07 08:10:01 ==================脚本执行- 北京时间(UTC+8)：2022/1/7 上午8:10:00=====================
Jan 07 08:10:01 
Jan 07 08:10:01 开始获取签到领现金配置文件
Jan 07 08:10:01 
Jan 07 08:10:01 共1个京东账号
Jan 07 08:10:01 
Jan 07 08:10:01 您提供了1个账号的签到领现金助力码
Jan 07 08:10:01 
Jan 07 08:11:37 
Jan 07 08:11:37 ******开始【京东账号1】jd_187425zqg*********
Jan 07 08:11:37 
Jan 07 08:11:39 
Jan 07 08:11:39 【京东账号1（jd_739d55b768da0）的签到领现金好友互助码】eU9Ya--7Mvkjo2nTwydC1g
Jan 07 08:11:39 
Jan 07 08:11:40 开始
Jan 07 08:11:43 "connect ECONNREFUSED 103.242.135.130:80"
Jan 07 08:11:43 签到领现金 API请求失败，请检查网路重试
Jan 07 08:11:43 第1个京东账号将要助力的好友[{"inviteCode":"IhM3aem0b_Ql8Wy6iw"}]
Jan 07 08:11:44 
Jan 07 08:11:44 
Jan 07 08:11:44 当前现金：38.13元
Jan 07 08:11:44 
Jan 07 08:11:44 🔔签到领现金, 结束! 🕛 103.811 秒
Jan 07 08:11:44 
Jan 07 12:10:01 
Jan 07 12:10:01 🔔签到领现金, 开始!
Jan 07 12:10:01 
Jan 07 12:10:01 ====================共1个京东账号Cookie=========
Jan 07 12:10:01 
Jan 07 12:10:01 ==================脚本执行- 北京时间(UTC+8)：2022/1/7 下午12:10:01=====================
Jan 07 12:10:01 
Jan 07 12:10:01 开始获取签到领现金配置文件
Jan 07 12:10:01 
Jan 07 12:10:01 共1个京东账号
Jan 07 12:10:01 
Jan 07 12:10:01 您提供了1个账号的签到领现金助力码
Jan 07 12:10:01 
Jan 07 12:10:35 
Jan 07 12:10:35 ******开始【京东账号1】jd_187425zqg*********
Jan 07 12:10:35 
Jan 07 12:10:37 
Jan 07 12:10:37 【京东账号1（jd_739d55b768da0）的签到领现金好友互助码】eU9Ya--7Mvkjo2nTwydC1g
Jan 07 12:10:37 
Jan 07 12:10:37 开始
Jan 07 12:10:40 "connect ECONNREFUSED 103.242.135.130:80"
Jan 07 12:10:40 签到领现金 API请求失败，请检查网路重试
Jan 07 12:10:40 第1个京东账号将要助力的好友[{"inviteCode":"IhM3aem0b_Ql8Wy6iw"}]
Jan 07 12:10:44 
Jan 07 12:10:44 
Jan 07 12:10:44 当前现金：38.13元
Jan 07 12:10:44 
Jan 07 12:10:44 🔔签到领现金, 结束! 🕛 42.624 秒
Jan 07 12:10:44 
Jan 07 16:10:01 
Jan 07 16:10:01 🔔签到领现金, 开始!
Jan 07 16:10:01 
Jan 07 16:10:01 ====================共1个京东账号Cookie=========
Jan 07 16:10:01 
Jan 07 16:10:01 ==================脚本执行- 北京时间(UTC+8)：2022/1/7 下午4:10:01=====================
Jan 07 16:10:01 
Jan 07 16:10:01 开始获取签到领现金配置文件
Jan 07 16:10:01 
Jan 07 16:10:01 共1个京东账号
Jan 07 16:10:01 
Jan 07 16:10:01 您提供了1个账号的签到领现金助力码
Jan 07 16:10:01 
Jan 07 16:11:16 
Jan 07 16:11:16 ******开始【京东账号1】jd_187425zqg*********
Jan 07 16:11:16 
Jan 07 16:11:18 
Jan 07 16:11:18 【京东账号1（jd_739d55b768da0）的签到领现金好友互助码】eU9Ya--7Mvkjo2nTwydC1g
Jan 07 16:11:18 
Jan 07 16:11:19 开始
Jan 07 16:11:22 "connect ECONNREFUSED 103.242.135.130:80"
Jan 07 16:11:22 签到领现金 API请求失败，请检查网路重试
Jan 07 16:11:22 第1个京东账号将要助力的好友[{"inviteCode":"IhM3aem0b_Ql8Wy6iw"}]
Jan 07 16:11:24 
Jan 07 16:11:24 
Jan 07 16:11:24 当前现金：38.13元
Jan 07 16:11:24 
Jan 07 16:11:24 🔔签到领现金, 结束! 🕛 82.937 秒
Jan 07 16:11:24 
Jan 07 20:10:00 
Jan 07 20:10:00 🔔签到领现金, 开始!
Jan 07 20:10:00 
Jan 07 20:10:00 ====================共1个京东账号Cookie=========
Jan 07 20:10:00 
Jan 07 20:10:00 ==================脚本执行- 北京时间(UTC+8)：2022/1/7 下午8:10:00=====================
Jan 07 20:10:00 
Jan 07 20:10:00 开始获取签到领现金配置文件
Jan 07 20:10:00 
Jan 07 20:10:00 共1个京东账号
Jan 07 20:10:00 
Jan 07 20:10:00 您提供了1个账号的签到领现金助力码
Jan 07 20:10:00 
Jan 07 20:11:05 
Jan 07 20:11:05 ******开始【京东账号1】jd_187425zqg*********
Jan 07 20:11:05 
Jan 07 20:11:08 
Jan 07 20:11:08 【京东账号1（jd_739d55b768da0）的签到领现金好友互助码】eU9Ya--7Mvkjo2nTwydC1g
Jan 07 20:11:08 
Jan 07 20:11:08 开始
Jan 07 20:11:11 "connect ECONNREFUSED 103.242.135.130:80"
Jan 07 20:11:11 签到领现金 API请求失败，请检查网路重试
Jan 07 20:11:11 第1个京东账号将要助力的好友[{"inviteCode":"IhM3aem0b_Ql8Wy6iw"}]
Jan 07 20:11:14 
Jan 07 20:11:14 
Jan 07 20:11:14 当前现金：38.13元
Jan 07 20:11:14 
Jan 07 20:11:14 🔔签到领现金, 结束! 🕛 73.766 秒
Jan 07 20:11:14 
Jan 08 00:10:00 
Jan 08 00:10:00 🔔签到领现金, 开始!
Jan 08 00:10:00 
Jan 08 00:10:00 ====================共1个京东账号Cookie=========
Jan 08 00:10:00 
Jan 08 00:10:00 ==================脚本执行- 北京时间(UTC+8)：2022/1/8 上午12:10:00=====================
Jan 08 00:10:00 
Jan 08 00:10:00 开始获取签到领现金配置文件
Jan 08 00:10:00 
Jan 08 00:10:00 共1个京东账号
Jan 08 00:10:00 
Jan 08 00:10:00 您提供了1个账号的签到领现金助力码
Jan 08 00:10:00 
Jan 08 00:11:36 
Jan 08 00:11:36 ******开始【京东账号1】jd_187425zqg*********
Jan 08 00:11:36 
Jan 08 00:11:41 
Jan 08 00:11:41 【京东账号1（jd_739d55b768da0）的签到领现金好友互助码】eU9Ya--7Mvkjo2nTwydC1g
Jan 08 00:11:41 
Jan 08 00:11:41 去做逛商品任务 1/7
Jan 08 00:11:47 任务完成成功
Jan 08 00:11:52 去做逛商品任务 2/7
Jan 08 00:11:56 任务完成成功
Jan 08 00:12:01 去做逛商品任务 3/7
Jan 08 00:12:07 任务完成成功
Jan 08 00:12:12 去做逛商品任务 4/7
Jan 08 00:12:17 任务完成成功
Jan 08 00:12:22 去做逛商品任务 5/7
Jan 08 00:12:27 任务完成成功
Jan 08 00:12:32 去做逛商品任务 6/7
Jan 08 00:12:37 任务完成成功
Jan 08 00:12:42 去做逛商品任务 7/7
Jan 08 00:12:44 任务完成成功
Jan 08 00:12:49 去做逛一逛任务 1/1
Jan 08 00:12:57 任务完成成功
Jan 08 00:13:02 去做逛互动任务 1/1
Jan 08 00:13:08 任务完成成功
Jan 08 00:13:14 去做逛一逛任务 1/1
Jan 08 00:13:14 任务完成成功
Jan 08 00:13:19 开始
Jan 08 00:13:22 "connect ECONNREFUSED 103.242.135.130:80"
Jan 08 00:13:22 签到领现金 API请求失败，请检查网路重试
Jan 08 00:13:22 第1个京东账号将要助力的好友[{"inviteCode":"IhM3aem0b_Ql8Wy6iw"}]
Jan 08 00:13:26 
Jan 08 00:13:26 
Jan 08 00:13:26 当前现金：38.21元
Jan 08 00:13:26 
Jan 08 00:13:26 🔔签到领现金, 结束! 🕛 205.785 秒
Jan 08 00:13:26 
Jan 08 04:10:00 
Jan 08 04:10:00 🔔签到领现金, 开始!
Jan 08 04:10:00 
Jan 08 04:10:00 ====================共1个京东账号Cookie=========
Jan 08 04:10:00 
Jan 08 04:10:00 ==================脚本执行- 北京时间(UTC+8)：2022/1/8 上午4:10:00=====================
Jan 08 04:10:00 
Jan 08 04:10:00 开始获取签到领现金配置文件
Jan 08 04:10:00 
Jan 08 04:10:00 共1个京东账号
Jan 08 04:10:00 
Jan 08 04:10:00 您提供了1个账号的签到领现金助力码
Jan 08 04:10:00 
Jan 08 04:10:02 
Jan 08 04:10:02 ******开始【京东账号1】jd_187425zqg*********
Jan 08 04:10:02 
Jan 08 04:10:10 
Jan 08 04:10:10 【京东账号1（jd_739d55b768da0）的签到领现金好友互助码】eU9Ya--7Mvkjo2nTwydC1g
Jan 08 04:10:10 
Jan 08 04:10:10 去做逛商品任务 2/7
Jan 08 04:10:19 任务完成成功
Jan 08 04:10:24 去做逛商品任务 3/7
Jan 08 04:10:33 任务完成成功
Jan 08 04:10:38 去做逛商品任务 4/7
Jan 08 04:10:48 任务完成成功
Jan 08 04:10:53 去做逛商品任务 5/7
Jan 08 04:11:02 任务完成成功
Jan 08 04:11:07 去做逛商品任务 6/7
Jan 08 04:11:16 任务完成成功
Jan 08 04:11:21 去做逛商品任务 7/7
Jan 08 04:11:29 任务完成成功
Jan 08 04:11:34 开始
Jan 08 04:11:37 "connect ECONNREFUSED 103.242.135.130:80"
Jan 08 04:11:37 签到领现金 API请求失败，请检查网路重试
Jan 08 04:11:37 第1个京东账号将要助力的好友[{"inviteCode":"IhM3aem0b_Ql8Wy6iw"}]
Jan 08 04:11:47 
Jan 08 04:11:47 
Jan 08 04:11:47 当前现金：38.25元
Jan 08 04:11:47 
Jan 08 04:11:47 🔔签到领现金, 结束! 🕛 106.94 秒
Jan 08 04:11:47 
Jan 08 08:10:00 
Jan 08 08:10:00 🔔签到领现金, 开始!
Jan 08 08:10:00 
Jan 08 08:10:00 ====================共1个京东账号Cookie=========
Jan 08 08:10:00 
Jan 08 08:10:00 ==================脚本执行- 北京时间(UTC+8)：2022/1/8 上午8:10:00=====================
Jan 08 08:10:00 
Jan 08 08:10:00 开始获取签到领现金配置文件
Jan 08 08:10:00 
Jan 08 08:10:00 共1个京东账号
Jan 08 08:10:00 
Jan 08 08:10:00 您提供了1个账号的签到领现金助力码
Jan 08 08:10:00 
Jan 08 08:11:06 
Jan 08 08:11:06 ******开始【京东账号1】jd_187425zqg*********
Jan 08 08:11:06 
Jan 08 08:11:14 
Jan 08 08:11:14 【京东账号1（jd_739d55b768da0）的签到领现金好友互助码】eU9Ya--7Mvkjo2nTwydC1g
Jan 08 08:11:14 
Jan 08 08:11:14 去做逛商品任务 3/7
Jan 08 08:11:23 任务完成成功
Jan 08 08:11:28 去做逛商品任务 4/7
Jan 08 08:11:58 "Timeout awaiting 'request' for 30000ms"
Jan 08 08:11:58 签到领现金 getSign API请求失败，请检查网路重试
Jan 08 08:11:58 {"code":"600","echo":"signature verification failed"}
Jan 08 08:12:03 去做逛商品任务 5/7
Jan 08 08:12:10 任务完成成功
Jan 08 08:12:15 去做逛商品任务 6/7
Jan 08 08:12:23 任务完成成功
Jan 08 08:12:28 去做逛商品任务 7/7
Jan 08 08:12:36 任务完成成功
Jan 08 08:12:41 开始
Jan 08 08:12:44 "connect ECONNREFUSED 103.242.135.130:80"
Jan 08 08:12:44 签到领现金 API请求失败，请检查网路重试
Jan 08 08:12:44 第1个京东账号将要助力的好友[{"inviteCode":"IhM3aem0b_Ql8Wy6iw"}]
Jan 08 08:12:54 
Jan 08 08:12:54 
Jan 08 08:12:54 当前现金：38.26元
Jan 08 08:12:54 
Jan 08 08:12:54 🔔签到领现金, 结束! 🕛 174.362 秒
Jan 08 08:12:54 
Jan 08 12:10:01 
Jan 08 12:10:01 🔔签到领现金, 开始!
Jan 08 12:10:01 
Jan 08 12:10:01 ====================共1个京东账号Cookie=========
Jan 08 12:10:01 
Jan 08 12:10:01 ==================脚本执行- 北京时间(UTC+8)：2022/1/8 下午12:10:01=====================
Jan 08 12:10:01 
Jan 08 12:10:01 开始获取签到领现金配置文件
Jan 08 12:10:01 
Jan 08 12:10:01 共1个京东账号
Jan 08 12:10:01 
Jan 08 12:10:01 您提供了1个账号的签到领现金助力码
Jan 08 12:10:01 
Jan 08 12:10:36 
Jan 08 12:10:36 ******开始【京东账号1】jd_187425zqg*********
Jan 08 12:10:36 
Jan 08 12:10:44 
Jan 08 12:10:44 【京东账号1（jd_739d55b768da0）的签到领现金好友互助码】eU9Ya--7Mvkjo2nTwydC1g
Jan 08 12:10:44 
Jan 08 12:10:44 去做逛商品任务 4/7
Jan 08 12:10:53 任务完成成功
Jan 08 12:10:58 去做逛商品任务 5/7
Jan 08 12:11:06 任务完成成功
Jan 08 12:11:11 去做逛商品任务 6/7
Jan 08 12:11:19 任务完成成功
Jan 08 12:11:24 去做逛商品任务 7/7
Jan 08 12:11:54 "Timeout awaiting 'request' for 30000ms"
Jan 08 12:11:54 签到领现金 getSign API请求失败，请检查网路重试
Jan 08 12:11:54 {"code":"600","echo":"signature verification failed"}
Jan 08 12:11:59 开始
Jan 08 12:12:03 "connect ECONNREFUSED 103.242.135.130:80"
Jan 08 12:12:03 签到领现金 API请求失败，请检查网路重试
Jan 08 12:12:03 第1个京东账号将要助力的好友[{"inviteCode":"IhM3aem0b_Ql8Wy6iw"}]
Jan 08 12:12:11 
Jan 08 12:12:11 
Jan 08 12:12:11 当前现金：38.27元
Jan 08 12:12:11 
Jan 08 12:12:11 🔔签到领现金, 结束! 🕛 130.569 秒
Jan 08 12:12:11 
Jan 08 16:10:01 
Jan 08 16:10:01 🔔签到领现金, 开始!
Jan 08 16:10:01 
Jan 08 16:10:01 ====================共1个京东账号Cookie=========
Jan 08 16:10:01 
Jan 08 16:10:01 ==================脚本执行- 北京时间(UTC+8)：2022/1/8 下午4:10:01=====================
Jan 08 16:10:01 
Jan 08 16:10:01 开始获取签到领现金配置文件
Jan 08 16:10:01 
Jan 08 16:10:01 共1个京东账号
Jan 08 16:10:01 
Jan 08 16:10:01 您提供了1个账号的签到领现金助力码
Jan 08 16:10:01 
Jan 08 16:11:38 
Jan 08 16:11:38 ******开始【京东账号1】jd_187425zqg*********
Jan 08 16:11:38 
Jan 08 16:11:48 
Jan 08 16:11:48 【京东账号1（jd_739d55b768da0）的签到领现金好友互助码】eU9Ya--7Mvkjo2nTwydC1g
Jan 08 16:11:48 
Jan 08 16:11:48 去做逛商品任务 5/7
Jan 08 16:11:57 任务完成成功
Jan 08 16:12:02 去做逛商品任务 6/7
Jan 08 16:12:12 任务完成成功
Jan 08 16:12:17 去做逛商品任务 7/7
Jan 08 16:12:25 任务完成成功
Jan 08 16:12:30 开始
Jan 08 16:12:33 "connect ECONNREFUSED 103.242.135.130:80"
Jan 08 16:12:33 签到领现金 API请求失败，请检查网路重试
Jan 08 16:12:33 第1个京东账号将要助力的好友[{"inviteCode":"IhM3aem0b_Ql8Wy6iw"}]
Jan 08 16:12:41 
Jan 08 16:12:41 
Jan 08 16:12:41 当前现金：38.28元
Jan 08 16:12:41 
Jan 08 16:12:41 🔔签到领现金, 结束! 🕛 160.56 秒
Jan 08 16:12:41 
Jan 08 20:10:01 
Jan 08 20:10:01 🔔签到领现金, 开始!
Jan 08 20:10:01 
Jan 08 20:10:01 ====================共1个京东账号Cookie=========
Jan 08 20:10:01 
Jan 08 20:10:01 ==================脚本执行- 北京时间(UTC+8)：2022/1/8 下午8:10:01=====================
Jan 08 20:10:01 
Jan 08 20:10:01 开始获取签到领现金配置文件
Jan 08 20:10:01 
Jan 08 20:10:01 共1个京东账号
Jan 08 20:10:01 
Jan 08 20:10:01 您提供了1个账号的签到领现金助力码
Jan 08 20:10:01 
Jan 08 20:10:05 
Jan 08 20:10:05 ******开始【京东账号1】jd_187425zqg*********
Jan 08 20:10:05 
Jan 08 20:10:12 
Jan 08 20:10:12 【京东账号1（jd_739d55b768da0）的签到领现金好友互助码】eU9Ya--7Mvkjo2nTwydC1g
Jan 08 20:10:12 
Jan 08 20:10:12 去做逛商品任务 6/7
Jan 08 20:10:42 "Timeout awaiting 'request' for 30000ms"
Jan 08 20:10:42 签到领现金 getSign API请求失败，请检查网路重试
Jan 08 20:10:42 {"code":"600","echo":"signature verification failed"}
Jan 08 20:10:47 去做逛商品任务 7/7
Jan 08 20:10:55 任务完成成功
Jan 08 20:11:00 开始
Jan 08 20:11:03 "connect ECONNREFUSED 103.242.135.130:80"
Jan 08 20:11:03 签到领现金 API请求失败，请检查网路重试
Jan 08 20:11:03 第1个京东账号将要助力的好友[{"inviteCode":"IhM3aem0b_Ql8Wy6iw"}]
Jan 08 20:11:10 
Jan 08 20:11:10 
Jan 08 20:11:10 当前现金：38.29元
Jan 08 20:11:10 
Jan 08 20:11:10 🔔签到领现金, 结束! 🕛 69.208 秒
Jan 08 20:11:10 
Jan 09 00:10:00 
Jan 09 00:10:00 🔔签到领现金, 开始!
Jan 09 00:10:00 
Jan 09 00:10:00 ====================共1个京东账号Cookie=========
Jan 09 00:10:00 
Jan 09 00:10:00 ==================脚本执行- 北京时间(UTC+8)：2022/1/9 上午12:10:00=====================
Jan 09 00:10:00 
Jan 09 00:10:00 开始获取签到领现金配置文件
Jan 09 00:10:00 
Jan 09 00:10:00 共1个京东账号
Jan 09 00:10:00 
Jan 09 00:10:00 您提供了1个账号的签到领现金助力码
Jan 09 00:10:00 
Jan 09 00:10:02 
Jan 09 00:10:02 ******开始【京东账号1】jd_739d55b768da0*********
Jan 09 00:10:02 
Jan 09 00:10:11 
Jan 09 00:10:11 【京东账号1（jd_739d55b768da0）的签到领现金好友互助码】eU9Ya--7Mvkjo2nTwydC1g
Jan 09 00:10:11 
Jan 09 00:10:12 去做逛一逛任务 1/1
Jan 09 00:10:12 任务完成成功
Jan 09 00:10:17 开始
Jan 09 00:10:20 "connect ECONNREFUSED 103.242.135.130:80"
Jan 09 00:10:20 签到领现金 API请求失败，请检查网路重试
Jan 09 00:10:20 第1个京东账号将要助力的好友[{"inviteCode":"IhM3aem0b_Ql8Wy6iw"}]
Jan 09 00:10:27 
Jan 09 00:10:27 
Jan 09 00:10:27 当前现金：38.29元
Jan 09 00:10:27 
Jan 09 00:10:27 🔔签到领现金, 结束! 🕛 27.401 秒
Jan 09 00:10:27 
Jan 09 04:10:00 
Jan 09 04:10:00 🔔签到领现金, 开始!
Jan 09 04:10:00 
Jan 09 04:10:00 ====================共1个京东账号Cookie=========
Jan 09 04:10:00 
Jan 09 04:10:00 ==================脚本执行- 北京时间(UTC+8)：2022/1/9 上午4:10:00=====================
Jan 09 04:10:00 
Jan 09 04:10:00 开始获取签到领现金配置文件
Jan 09 04:10:00 
Jan 09 04:10:00 共1个京东账号
Jan 09 04:10:00 
Jan 09 04:10:00 您提供了1个账号的签到领现金助力码
Jan 09 04:10:00 
Jan 09 04:10:02 
Jan 09 04:10:02 ******开始【京东账号1】jd_739d55b768da0*********
Jan 09 04:10:02 
Jan 09 04:10:09 
Jan 09 04:10:09 【京东账号1（jd_739d55b768da0）的签到领现金好友互助码】eU9Ya--7Mvkjo2nTwydC1g
Jan 09 04:10:09 
Jan 09 04:10:09 去做逛商品任务 1/2
Jan 09 04:10:15 任务完成成功
Jan 09 04:10:20 去做逛商品任务 2/2
Jan 09 04:10:27 任务完成成功
Jan 09 04:10:32 去做逛一逛任务 1/3
Jan 09 04:10:38 任务完成成功
Jan 09 04:10:43 去做逛一逛任务 2/3
Jan 09 04:10:50 任务完成成功
Jan 09 04:10:55 去做逛一逛任务 3/3
Jan 09 04:11:00 任务完成成功
Jan 09 04:11:05 去做逛会场任务 1/1
Jan 09 04:11:10 任务完成成功
Jan 09 04:11:15 去做逛好物任务 1/1
Jan 09 04:11:18 任务完成成功
Jan 09 04:11:23 去做逛互动任务 1/3
Jan 09 04:11:29 任务完成成功
Jan 09 04:11:34 去做逛互动任务 2/3
Jan 09 04:11:40 任务完成成功
Jan 09 04:11:45 去做逛互动任务 3/3
Jan 09 04:11:50 任务完成成功
Jan 09 04:11:55 去做逛一逛任务 1/1
Jan 09 04:11:55 任务完成成功
Jan 09 04:12:00 开始
Jan 09 04:12:04 "connect ECONNREFUSED 103.242.135.130:80"
Jan 09 04:12:04 签到领现金 API请求失败，请检查网路重试
Jan 09 04:12:04 第1个京东账号将要助力的好友[{"inviteCode":"IhM3aem0b_Ql8Wy6iw"}]
Jan 09 04:12:09 
Jan 09 04:12:09 
Jan 09 04:12:09 当前现金：38.47元
Jan 09 04:12:09 
Jan 09 04:12:09 🔔签到领现金, 结束! 🕛 128.673 秒
Jan 09 04:12:09 
Jan 09 08:10:01 
Jan 09 08:10:01 🔔签到领现金, 开始!
Jan 09 08:10:01 
Jan 09 08:10:01 ====================共1个京东账号Cookie=========
Jan 09 08:10:01 
Jan 09 08:10:01 ==================脚本执行- 北京时间(UTC+8)：2022/1/9 上午8:10:01=====================
Jan 09 08:10:01 
Jan 09 08:10:01 开始获取签到领现金配置文件
Jan 09 08:10:01 
Jan 09 08:10:01 共1个京东账号
Jan 09 08:10:01 
Jan 09 08:10:01 您提供了1个账号的签到领现金助力码
Jan 09 08:10:01 
Jan 09 08:10:03 
Jan 09 08:10:03 ******开始【京东账号1】jd_187425zqg*********
Jan 09 08:10:03 
Jan 09 08:10:06 
Jan 09 08:10:06 【京东账号1（jd_739d55b768da0）的签到领现金好友互助码】eU9Ya--7Mvkjo2nTwydC1g
Jan 09 08:10:06 
Jan 09 08:10:06 去做逛商品任务 2/2
Jan 09 08:10:09 任务完成成功
Jan 09 08:10:14 开始
Jan 09 08:10:18 "connect ECONNREFUSED 103.242.135.130:80"
Jan 09 08:10:18 签到领现金 API请求失败，请检查网路重试
Jan 09 08:10:18 第1个京东账号将要助力的好友[{"inviteCode":"IhM3aem0b_Ql8Wy6iw"}]
Jan 09 08:10:20 
Jan 09 08:10:20 
Jan 09 08:10:20 当前现金：38.48元
Jan 09 08:10:20 
Jan 09 08:10:20 🔔签到领现金, 结束! 🕛 19.037 秒
Jan 09 08:10:20 
Jan 09 12:10:00 
Jan 09 12:10:00 🔔签到领现金, 开始!
Jan 09 12:10:00 
Jan 09 12:10:00 ====================共1个京东账号Cookie=========
Jan 09 12:10:00 
Jan 09 12:10:00 ==================脚本执行- 北京时间(UTC+8)：2022/1/9 下午12:10:00=====================
Jan 09 12:10:00 
Jan 09 12:10:00 开始获取签到领现金配置文件
Jan 09 12:10:00 
Jan 09 12:10:00 共1个京东账号
Jan 09 12:10:00 
Jan 09 12:10:00 您提供了1个账号的签到领现金助力码
Jan 09 12:10:00 
Jan 09 12:10:03 
Jan 09 12:10:03 ******开始【京东账号1】jd_739d55b768da0*********
Jan 09 12:10:03 
Jan 09 12:10:05 
Jan 09 12:10:05 【京东账号1（jd_739d55b768da0）的签到领现金好友互助码】eU9Ya--7Mvkjo2nTwydC1g
Jan 09 12:10:05 
Jan 09 12:10:05 开始
Jan 09 12:10:08 "connect ECONNREFUSED 103.242.135.130:80"
Jan 09 12:10:08 签到领现金 API请求失败，请检查网路重试
Jan 09 12:10:08 第1个京东账号将要助力的好友[{"inviteCode":"IhM3aem0b_Ql8Wy6iw"}]
Jan 09 12:10:12 
Jan 09 12:10:12 
Jan 09 12:10:12 当前现金：38.48元
Jan 09 12:10:12 
Jan 09 12:10:12 🔔签到领现金, 结束! 🕛 11.655 秒
Jan 09 12:10:12 
Jan 09 16:10:00 
Jan 09 16:10:00 🔔签到领现金, 开始!
Jan 09 16:10:00 
Jan 09 16:10:00 ====================共1个京东账号Cookie=========
Jan 09 16:10:00 
Jan 09 16:10:01 ==================脚本执行- 北京时间(UTC+8)：2022/1/9 下午4:10:00=====================
Jan 09 16:10:01 
Jan 09 16:10:01 开始获取签到领现金配置文件
Jan 09 16:10:01 
Jan 09 16:10:01 共1个京东账号
Jan 09 16:10:01 
Jan 09 16:10:01 您提供了1个账号的签到领现金助力码
Jan 09 16:10:01 
Jan 09 16:10:35 
Jan 09 16:10:35 ******开始【京东账号1】jd_187425zqg*********
Jan 09 16:10:35 
Jan 09 16:10:36 
Jan 09 16:10:36 【京东账号1（jd_739d55b768da0）的签到领现金好友互助码】eU9Ya--7Mvkjo2nTwydC1g
Jan 09 16:10:36 
Jan 09 16:10:37 开始
Jan 09 16:10:40 "connect ECONNREFUSED 103.242.135.130:80"
Jan 09 16:10:40 签到领现金 API请求失败，请检查网路重试
Jan 09 16:10:40 第1个京东账号将要助力的好友[{"inviteCode":"IhM3aem0b_Ql8Wy6iw"}]
Jan 09 16:10:41 
Jan 09 16:10:41 
Jan 09 16:10:41 当前现金：38.48元
Jan 09 16:10:41 
Jan 09 16:10:41 🔔签到领现金, 结束! 🕛 40.528 秒
Jan 09 16:10:41 
Jan 09 20:10:01 
Jan 09 20:10:01 🔔签到领现金, 开始!
Jan 09 20:10:01 
Jan 09 20:10:01 ====================共1个京东账号Cookie=========
Jan 09 20:10:01 
Jan 09 20:10:01 ==================脚本执行- 北京时间(UTC+8)：2022/1/9 下午8:10:01=====================
Jan 09 20:10:01 
Jan 09 20:10:01 开始获取签到领现金配置文件
Jan 09 20:10:01 
Jan 09 20:10:01 共1个京东账号
Jan 09 20:10:01 
Jan 09 20:10:01 您提供了1个账号的签到领现金助力码
Jan 09 20:10:01 
Jan 09 20:10:34 
Jan 09 20:10:34 ******开始【京东账号1】jd_187425zqg*********
Jan 09 20:10:34 
Jan 09 20:10:35 
Jan 09 20:10:35 【京东账号1（jd_739d55b768da0）的签到领现金好友互助码】eU9Ya--7Mvkjo2nTwydC1g
Jan 09 20:10:35 
Jan 09 20:10:35 开始
Jan 09 20:10:38 "connect ECONNREFUSED 103.242.135.130:80"
Jan 09 20:10:38 签到领现金 API请求失败，请检查网路重试
Jan 09 20:10:38 第1个京东账号将要助力的好友[{"inviteCode":"IhM3aem0b_Ql8Wy6iw"}]
Jan 09 20:10:39 
Jan 09 20:10:39 
Jan 09 20:10:39 当前现金：38.48元
Jan 09 20:10:39 
Jan 09 20:10:39 🔔签到领现金, 结束! 🕛 38.742 秒
Jan 09 20:10:39 
