Jan 07 00:00:02 
Jan 07 00:00:02 🔔京东汽车, 开始!
Jan 07 00:00:02 
Jan 07 00:00:02 ====================共1个京东账号Cookie=========
Jan 07 00:00:02 
Jan 07 00:00:03 ==================脚本执行- 北京时间(UTC+8)：2022/1/7 上午12:00:02=====================
Jan 07 00:00:03 
Jan 07 00:00:07 
Jan 07 00:00:07 ******开始【京东账号1】jd_739d55b768da0*********
Jan 07 00:00:07 
Jan 07 00:00:22 兑换结果：{"status":true,"data":{"result":1,"reason":null}}
Jan 07 00:00:43 签到成功，获得5，已签到6天
Jan 07 00:01:28 去做任务：参加京东汽车赛事
Jan 07 00:01:55 任务领取成功
Jan 07 00:02:17 任务完成成功
Jan 07 00:02:46 当前赛点：4920/500，可以兑换京豆，请打开APP兑换
Jan 07 00:02:46 
Jan 07 00:02:46 ==============📣系统通知📣==============
Jan 07 00:02:46 京东汽车
Jan 07 00:02:46 【京东账号1】jd_739d55b768da0
Jan 07 00:02:46 签到成功，获得5，已签到6天
Jan 07 00:02:46 当前赛点：4920/500，可以兑换京豆，请打开APP兑换
Jan 07 00:02:46 
Jan 07 00:02:46 
Jan 07 00:02:46 🔔京东汽车, 结束! 🕛 164.693 秒
Jan 07 00:02:46 
Jan 08 00:00:02 
Jan 08 00:00:02 🔔京东汽车, 开始!
Jan 08 00:00:02 
Jan 08 00:00:02 ====================共1个京东账号Cookie=========
Jan 08 00:00:02 
Jan 08 00:00:02 ==================脚本执行- 北京时间(UTC+8)：2022/1/8 上午12:00:02=====================
Jan 08 00:00:02 
Jan 08 00:00:05 
Jan 08 00:00:05 ******开始【京东账号1】jd_739d55b768da0*********
Jan 08 00:00:05 
Jan 08 00:00:19 兑换结果：{"status":true,"data":{"result":1,"reason":null}}
Jan 08 00:00:48 签到成功，获得20，已签到7天
Jan 08 00:01:30 去做任务：参加京东汽车赛事
Jan 08 00:01:54 任务领取成功
Jan 08 00:02:24 任务完成成功
Jan 08 00:02:56 当前赛点：4950/500，可以兑换京豆，请打开APP兑换
Jan 08 00:02:56 
Jan 08 00:02:56 ==============📣系统通知📣==============
Jan 08 00:02:56 京东汽车
Jan 08 00:02:56 【京东账号1】jd_739d55b768da0
Jan 08 00:02:56 签到成功，获得20，已签到7天
Jan 08 00:02:56 当前赛点：4950/500，可以兑换京豆，请打开APP兑换
Jan 08 00:02:56 
Jan 08 00:02:56 
Jan 08 00:02:56 🔔京东汽车, 结束! 🕛 175.021 秒
Jan 08 00:02:56 
Jan 09 00:00:01 
Jan 09 00:00:01 🔔京东汽车, 开始!
Jan 09 00:00:01 
Jan 09 00:00:01 ====================共1个京东账号Cookie=========
Jan 09 00:00:01 
Jan 09 00:00:01 ==================脚本执行- 北京时间(UTC+8)：2022/1/9 上午12:00:01=====================
Jan 09 00:00:01 
Jan 09 00:00:05 
Jan 09 00:00:05 ******开始【京东账号1】jd_739d55b768da0*********
Jan 09 00:00:05 
Jan 09 00:00:24 兑换结果：{"status":true,"data":{"result":1,"reason":null}}
Jan 09 00:00:44 签到失败，请稍候重试
Jan 09 00:01:32 去做任务：参加京东汽车赛事
Jan 09 00:02:00 任务领取成功
Jan 09 00:02:03 
Jan 09 00:02:03 ❗️京东汽车, 错误!
Jan 09 00:02:03 SyntaxError: Unexpected token < in JSON at position 0
Jan 09 00:02:03     at JSON.parse (<anonymous>)
Jan 09 00:02:03     at /scripts/jd_car.js:204:23
Jan 09 00:02:03     at /scripts/jd_car.js:357:5858
Jan 09 00:02:03     at processTicksAndRejections (node:internal/process/task_queues:96:5)
Jan 09 00:02:35 当前赛点：4950/500，可以兑换京豆，请打开APP兑换
Jan 09 00:02:35 
Jan 09 00:02:35 ==============📣系统通知📣==============
Jan 09 00:02:35 京东汽车
Jan 09 00:02:35 【京东账号1】jd_739d55b768da0
Jan 09 00:02:35 签到失败，签到失败，请稍候重试
Jan 09 00:02:35 当前赛点：4950/500，可以兑换京豆，请打开APP兑换
Jan 09 00:02:35 
Jan 09 00:02:35 
Jan 09 00:02:35 🔔京东汽车, 结束! 🕛 154.056 秒
Jan 09 00:02:35 
