Jan 09 03:00:00 
Jan 09 03:00:00 🔔城城领现金, 开始!
Jan 09 03:00:00 
Jan 09 03:00:00 ====================共1个京东账号Cookie=========
Jan 09 03:00:00 
Jan 09 03:00:00 ==================脚本执行- 北京时间(UTC+8)：2022/1/9 上午3:00:00=====================
Jan 09 03:00:00 
Jan 09 03:00:00 脚本不会自动抽奖，建议活动快结束开启，默认关闭(在10.29日自动开启抽奖),如需自动抽奖请设置环境变量  JD_CITY_EXCHANGE 为true
Jan 09 03:00:01 
Jan 09 03:00:01 ******开始【京东账号1】jd_187425zqg*********
Jan 09 03:00:01 
Jan 09 03:00:01 【京东账号1（jd_739d55b768da0）的城城领现金好友互助码】-ryUXq8FMmFGMRXCQo-U9-V1yxbi7Xld
Jan 09 03:00:01 剩余金额：8.00
Jan 09 03:00:04 
Jan 09 03:00:04 第1个京东账号将要助力的好友["-ryUXq8FMmFGMRXCQo-U9-V1yxbi7Xld","-ryUXatZM2ZBZxbNH9jF9Hcgpj3LgC6O","-ryUXa8IYG1Ca0DBQo_Dog8z6g4JgbB-","5Yf-XqgLY21DNhDFH9nBu-Xw0trebxk","_LG-E6UFbmwPLxKIBsq14w","qOD_UaUFYmwPLxKIBsq14w","oeD9UaQEYm1CYRGrCpeJ95PhSEZ5","5LelEP1SZ2VBZ16ISpeJ5sAU","-ryUXf4EbmVFYxbMTNiX8d8SMLU-zIlA","-ryUXvgIYW1AYhLEGNzG8rDe06ZjSquB","oeD5Ua0MZWNEYhGrCpeJ9_MuGTUn","ryUBtNdFyMcFlGyC4iyu2KeUeW3QyQ","-ryUX6VZM2BCYkDDG47A8XIDW5-8kbGK","-ryUKMxXFTYdPFOQLoC8uwSrfF96TDQ","-ryUXq0PZ2NKMECRStrB8UDumx-oAnr1","-ryUXfkMbjdAMRXGQtLEo6ZGAvr14kEE","eUFDjwqMsfPzL17EBpfUh_Q","6aCtUKwJYGJCYRDGBpfFu-NWhjo","-ryUX_oLMDJDYBHCGdnG9kidhhwnApLH","oen9Xa4OZWBHL17EBpfUh7M","-ryUXa5eYWIRY0fNT47NpV1nFg_H9Yuv","ryUBPRFJx4yAXC8A42guy7fvReoAZU","VdqggrTxA0bvMoPWW5hqiH9R4BDMNTpOiS1s2Q","dUhnjgG8v8vAt5tkkkRBIuZGfBaiMNf6DcJQKl4","-ryUX6hYYWIWYhSQHNiX8fyP758EiwX-","RtGKqpLlFXL2CNXvX7NCmnCkMRf573C3zTTnBQXuan7TdzrV","eGhpjSeOsML_L17EBpfUh6w","-ryUHNZWHgQ3AXCVKK2yuzOIYQT07Vc","RtGKnJfjNFzeJsLcRbFzmn_0o2m_aYjSupeOc_8qIid3p6GM"]
Jan 09 03:00:04 
Jan 09 03:00:04 jd_739d55b768da0 开始助力 助力池 【-ryUXatZM2ZBZxbNH9jF9Hcgpj3LgC6O】
Jan 09 03:00:05 助力 【-ryUXatZM2ZBZxbNH9jF9Hcgpj3LgC6O】:感谢你的助力~
Jan 09 03:00:05 
Jan 09 03:00:05 jd_739d55b768da0 开始助力 助力池 【-ryUXa8IYG1Ca0DBQo_Dog8z6g4JgbB-】
Jan 09 03:00:06 未知错误，跳出
Jan 09 03:00:07 
Jan 09 03:00:07 🔔城城领现金, 结束! 🕛 7.25 秒
Jan 09 03:00:07 
Jan 09 04:00:01 
Jan 09 04:00:01 🔔城城领现金, 开始!
Jan 09 04:00:01 
Jan 09 04:00:01 ====================共1个京东账号Cookie=========
Jan 09 04:00:01 
Jan 09 04:00:01 ==================脚本执行- 北京时间(UTC+8)：2022/1/9 上午4:00:01=====================
Jan 09 04:00:01 
Jan 09 04:00:01 脚本不会自动抽奖，建议活动快结束开启，默认关闭(在10.29日自动开启抽奖),如需自动抽奖请设置环境变量  JD_CITY_EXCHANGE 为true
Jan 09 04:00:03 
Jan 09 04:00:03 ******开始【京东账号1】jd_739d55b768da0*********
Jan 09 04:00:03 
Jan 09 04:00:03 【京东账号1（jd_739d55b768da0）的城城领现金好友互助码】-ryUXq8FMmFGMRXCQo-U9-V1yxbi7Xld
Jan 09 04:00:03 剩余金额：8.00
Jan 09 04:00:03 领红包结果{"code":0,"data":{"bizCode":0,"bizMsg":"success","result":{"currentTimeCash":"0.10","finallyFlag":false,"reachCashLimit":false,"totalCash":"8.10","withdrawBarNum":81},"success":true},"msg":"调用成功"}
Jan 09 04:00:03 获得 0.10 元，共计 8.10 元
Jan 09 04:00:05 
Jan 09 04:00:05 第1个京东账号将要助力的好友["-ryUXq8FMmFGMRXCQo-U9-V1yxbi7Xld","_LG-E6UFbmwPLxKIBsq14w","qOD_UaUFYmwPLxKIBsq14w","oeD9UaQEYm1CYRGrCpeJ95PhSEZ5","5LelEP1SZ2VBZ16ISpeJ5sAU","-ryUXf4EbmVFYxbMTNiX8d8SMLU-zIlA","-ryUXvgIYW1AYhLEGNzG8rDe06ZjSquB","pen5WqsIbmBeYhfDTNvEu-RVFLB2KFc","ryUX6hZM2USMBXNHt7Apsdg5gYeDzYg","9O_5XKsFZ2BAfhXNT9LH8H8rEJb3C_IK","-ryUX6VdYzFKZBfMGdOToaUGAzTsLTaX","TJASTT0225KkcRU8b8VKBIhn9wv4KdwCTdWnoaRzTcjeQOc","Vt-vkL_8FFTvMs-aW5h_jzXymy4T8IeocsZdlrs","ryUXq4ONTdGYxCRQ9jN8Ougt9sPzpfp","oe3yWq8FYWVDZRWIBtuJu2Bc5w","-ryUAPJaHwwVGEyyFKWluwZfYvSDTTw","-ryUA-pzIQEYOEqzGL-cu6MyYNM-c20","-LmlHvlVZmNDa16ISpeJ5i7R","ryUX_oMM2BFMRfDG9zB8kMyO_soM14s","ryUXK4ENWJAZ0HCH9zH9n9JRJyZbuUi","oeD8XaQMZ3lKYBLMTt_N_xyEpNjXNQ_C","57y_JftZDjUCMWe5PZGJu_fwTXlirA","RtGKl7XeCHbeD_LfUrxRmlx9WVWrSaA2_GvQCfTmhhqKUZ1H","-bGiAO1IKihDL17VOs8","-ryUXaQOYDUSNheQGYiW8KBuzmcOb0XJ","dnptgSGVs-T8taNYBpfFuxz_Wbg"]
Jan 09 04:00:05 
Jan 09 04:00:05 jd_739d55b768da0 开始助力 助力池 【_LG-E6UFbmwPLxKIBsq14w】
Jan 09 04:00:06 助力 【_LG-E6UFbmwPLxKIBsq14w】:感谢你的助力~
Jan 09 04:00:06 
Jan 09 04:00:06 jd_739d55b768da0 开始助力 助力池 【qOD_UaUFYmwPLxKIBsq14w】
Jan 09 04:00:07 助力 【qOD_UaUFYmwPLxKIBsq14w】:感谢你的助力~
Jan 09 04:00:07 
Jan 09 04:00:07 jd_739d55b768da0 开始助力 助力池 【oeD9UaQEYm1CYRGrCpeJ95PhSEZ5】
Jan 09 04:00:09 助力次数已耗尽，跳出
Jan 09 04:00:10 
Jan 09 04:00:10 🔔城城领现金, 结束! 🕛 9.018 秒
Jan 09 04:00:10 
Jan 09 05:00:00 
Jan 09 05:00:00 🔔城城领现金, 开始!
Jan 09 05:00:00 
Jan 09 05:00:00 ====================共1个京东账号Cookie=========
Jan 09 05:00:00 
Jan 09 05:00:00 ==================脚本执行- 北京时间(UTC+8)：2022/1/9 上午5:00:00=====================
Jan 09 05:00:00 
Jan 09 05:00:00 脚本不会自动抽奖，建议活动快结束开启，默认关闭(在10.29日自动开启抽奖),如需自动抽奖请设置环境变量  JD_CITY_EXCHANGE 为true
Jan 09 05:00:01 
Jan 09 05:00:01 ******开始【京东账号1】jd_739d55b768da0*********
Jan 09 05:00:01 
Jan 09 05:00:01 【京东账号1（jd_739d55b768da0）的城城领现金好友互助码】-ryUXq8FMmFGMRXCQo-U9-V1yxbi7Xld
Jan 09 05:00:01 剩余金额：8.10
Jan 09 05:00:03 
Jan 09 05:00:03 第1个京东账号将要助力的好友["-ryUXq8FMmFGMRXCQo-U9-V1yxbi7Xld","_LG-E6UFbmwPLxKIBsq14w","qOD_UaUFYmwPLxKIBsq14w","oeD9UaQEYm1CYRGrCpeJ95PhSEZ5","5LelEP1SZ2VBZ16ISpeJ5sAU","-ryUXf4EbmVFYxbMTNiX8d8SMLU-zIlA","-ryUXvgIYW1AYhLEGNzG8rDe06ZjSquB","-ryUJ9duGRc6C26aKKSdu0F6e7DWemY","-ryUX_4OYmBBMkOVHt-X_mxtaHBINTfZ","-ryUXP5aZjYSNhbFS9LM9aCJZPer2EaV","4L2lH60PKihDL17VOs8","ryUXvoJNzJFYhbFGdjA_j8j4-CSI2yz","-ryUX_OFN2REZObETduQo3-eM4cHuUKV","oez_Xa8EY2JLfhbEStzH_gsDxS0enbzA","6bWvWK4PKihDL17VOs8","4-n4XqsMYWRKaxLHQ9zM9-z99wAtfAKPzg","-ryUXfgKYTYXahvEHN7NoW7o_Ne-L_fF","RtGKzLihSFnweNedFIAwh8MY_CZuuPxnoucqbFddPDPewRmsLw","862iDulTJTwSPVabD4-QocO3t90D_GgNtl15","dkVFjieWsOr7L17EBpfUh2U","-ryUJdpFDiwjIUORHrqnu7NGKafNoGU","-ryUJ9ldOBwqI1CQPoWYu_iK5k3gpMI","-ryUX_1YNzcWNhLFT9nDpYg4csQBxIFe","ryUX_8Jb20RahuSSY-Q9ki9NRlWaHeM","dWhEjySVsMvnYhvNS9vE94tpzvshQbRuhw","oev8W6kPb21AZxWrCpeJ9-6E0Csu"]
Jan 09 05:00:03 
Jan 09 05:00:03 jd_739d55b768da0 开始助力 助力池 【_LG-E6UFbmwPLxKIBsq14w】
Jan 09 05:00:04 助力次数已耗尽，跳出
Jan 09 05:00:05 
Jan 09 05:00:05 🔔城城领现金, 结束! 🕛 4.699 秒
Jan 09 05:00:05 
Jan 09 06:00:00 
Jan 09 06:00:00 🔔城城领现金, 开始!
Jan 09 06:00:00 
Jan 09 06:00:00 ====================共1个京东账号Cookie=========
Jan 09 06:00:00 
Jan 09 06:00:00 ==================脚本执行- 北京时间(UTC+8)：2022/1/9 上午6:00:00=====================
Jan 09 06:00:00 
Jan 09 06:00:00 脚本不会自动抽奖，建议活动快结束开启，默认关闭(在10.29日自动开启抽奖),如需自动抽奖请设置环境变量  JD_CITY_EXCHANGE 为true
Jan 09 06:00:01 
Jan 09 06:00:01 ******开始【京东账号1】jd_739d55b768da0*********
Jan 09 06:00:01 
Jan 09 06:00:01 【京东账号1（jd_739d55b768da0）的城城领现金好友互助码】-ryUXq8FMmFGMRXCQo-U9-V1yxbi7Xld
Jan 09 06:00:01 剩余金额：8.10
Jan 09 06:00:03 
Jan 09 06:00:03 第1个京东账号将要助力的好友["-ryUXq8FMmFGMRXCQo-U9-V1yxbi7Xld","_LG-E6UFbmwPLxKIBsq14w","qOD_UaUFYmwPLxKIBsq14w","oeD9UaQEYm1CYRGrCpeJ95PhSEZ5","5LelEP1SZ2VBZ16ISpeJ5sAU","-ryUXf4EbmVFYxbMTNiX8d8SMLU-zIlA","-ryUXvgIYW1AYhLEGNzG8rDe06ZjSquB","-ryUPN9FFTYKIVGBMpKRu3ChVnYvbuY","oevzXKwNYGNHYRarCpeJ92l9pHRY","72qAPFdOWVKaxuIBtuJu5I2Qw","oeDyW64FY2FLYRCrCpeJ98Qlbsef","4ev9UKQPbigPY16IW6vR","rz_WakJZWBHYxDHBpfFu8BQ1H4","-ryUXvgJb2FBNhXETNrEooAjT4Ci_8-U","-ryUKu5PMxggC0m8Krm7u_Uq0WKN0Z4","ryUXaUJY2BBYxuQGN_Mo1p7K9qDmA_H","ryUX6UPbmREYUGWTo_D8WyUWkaeC6Vp","4LGhAOkNZmBGZV6ISpeJ5jSs","-ryUXqhYZWVKMBOVSYjH9xLfTwD0Qku7","per9UagIZW1LfhDASN_F9yo9NcGuOENh","oevzW6sOYGRLZRerCpeJ9760m0P-","-ryUO-p2MCIWPXKOCI-buyYMZrEvUz8","RtGKz-WiEFvwKIKdEdY2h7WfvDa5AAQb-2wLnN5m9kEK3DgWhA","pO79XKsNZmNeYRrETNPMu2CzfA6x-Nc","6uHyjDibsc3OL17EBpfUh0g","-ryUCPF7Hw06PVSfFK2Wu-Od-S1RZio"]
Jan 09 06:00:03 
Jan 09 06:00:03 jd_739d55b768da0 开始助力 助力池 【_LG-E6UFbmwPLxKIBsq14w】
Jan 09 06:00:04 助力次数已耗尽，跳出
Jan 09 06:00:05 
Jan 09 06:00:05 🔔城城领现金, 结束! 🕛 4.62 秒
Jan 09 06:00:05 
Jan 09 07:00:01 
Jan 09 07:00:01 🔔城城领现金, 开始!
Jan 09 07:00:01 
Jan 09 07:00:01 ====================共1个京东账号Cookie=========
Jan 09 07:00:01 
Jan 09 07:00:01 ==================脚本执行- 北京时间(UTC+8)：2022/1/9 上午7:00:01=====================
Jan 09 07:00:01 
Jan 09 07:00:01 脚本不会自动抽奖，建议活动快结束开启，默认关闭(在10.29日自动开启抽奖),如需自动抽奖请设置环境变量  JD_CITY_EXCHANGE 为true
Jan 09 07:00:02 
Jan 09 07:00:02 ******开始【京东账号1】jd_739d55b768da0*********
Jan 09 07:00:02 
Jan 09 07:00:02 【京东账号1（jd_739d55b768da0）的城城领现金好友互助码】-ryUXq8FMmFGMRXCQo-U9-V1yxbi7Xld
Jan 09 07:00:02 剩余金额：8.10
Jan 09 07:00:04 
Jan 09 07:00:04 第1个京东账号将要助力的好友["-ryUXq8FMmFGMRXCQo-U9-V1yxbi7Xld","_LG-E6UFbmwPLxKIBsq14w","qOD_UaUFYmwPLxKIBsq14w","oeD9UaQEYm1CYRGrCpeJ95PhSEZ5","5LelEP1SZ2VBZ16ISpeJ5sAU","-ryUXf4EbmVFYxbMTNiX8d8SMLU-zIlA","-ryUXvgIYW1AYhLEGNzG8rDe06ZjSquB","oej6XawMY2dEZH2ZBpfFux8_7yM","-ryUXqUIZTURMUHNS4jMpWPgbPlgPxXe","ryUX6QLYWcSZBbMH96WpI0grTmDuuVL","-ryUXqwMYDFAYhDES4_F8Xbgx12SZ2Ml","ryUXf0NZm0RZBeQS43G8P4iXmOUunay","ryUXqQKNTFLZ0CQTt7ConGuaFQEBs5f","VsankrX5DUbvfs_WW41tksS3J-oMxxwQJx2A","ryUXaULN2wRYxvNStjN8MnQHAkYBoeT","-ryUXaQJNGIRMROVHo2T9lSmASSjeqpq","-ryUHthLAxoQMHSmM4eyu_MjkCsE3sA","ryUPfR4BAcbCluwPrubu-tbjXXN2I4","-ryUIOxGJQAiNXueHL22u1wnVdQGEmU","oer8XagLZ2FeZRrFQ9LNu5Y5gMBnHLU","eUNLjCyzv8_zL17EBpfUh_E","RtGKz7inEw6meYueFYAx1REtuvjRcpivFdEn9s_I6OZfxD73yw","-ryUXP1eZWZEMUfESYmU9OrNA1TnBi5P","4reqNvFAKmQPLwO0Xg","-ryUXKwNZGJDYRvMTojB9OMiwzR9Rkq5","RtGKzu6jFVzxeIKfENA11Xn4NL5Ube1-0W6Zw3aGkGheVDdRRg"]
Jan 09 07:00:04 
Jan 09 07:00:04 jd_739d55b768da0 开始助力 助力池 【_LG-E6UFbmwPLxKIBsq14w】
Jan 09 07:00:06 助力次数已耗尽，跳出
Jan 09 07:00:07 
Jan 09 07:00:07 🔔城城领现金, 结束! 🕛 6.011 秒
Jan 09 07:00:07 
Jan 09 08:00:00 
Jan 09 08:00:00 🔔城城领现金, 开始!
Jan 09 08:00:00 
Jan 09 08:00:00 ====================共1个京东账号Cookie=========
Jan 09 08:00:00 
Jan 09 08:00:01 ==================脚本执行- 北京时间(UTC+8)：2022/1/9 上午8:00:00=====================
Jan 09 08:00:01 
Jan 09 08:00:01 脚本不会自动抽奖，建议活动快结束开启，默认关闭(在10.29日自动开启抽奖),如需自动抽奖请设置环境变量  JD_CITY_EXCHANGE 为true
Jan 09 08:00:01 
Jan 09 08:00:01 ******开始【京东账号1】jd_739d55b768da0*********
Jan 09 08:00:01 
Jan 09 08:00:01 【京东账号1（jd_739d55b768da0）的城城领现金好友互助码】-ryUXq8FMmFGMRXCQo-U9-V1yxbi7Xld
Jan 09 08:00:01 剩余金额：8.10
Jan 09 08:00:03 
Jan 09 08:00:03 第1个京东账号将要助力的好友["-ryUXq8FMmFGMRXCQo-U9-V1yxbi7Xld","_LG-E6UFbmwPLxKIBsq14w","qOD_UaUFYmwPLxKIBsq14w","oeD9UaQEYm1CYRGrCpeJ95PhSEZ5","5LelEP1SZ2VBZ16ISpeJ5sAU","-ryUXf4EbmVFYxbMTNiX8d8SMLU-zIlA","-ryUXvgIYW1AYhLEGNzG8rDe06ZjSquB","-ryUHt5XMCcKBVOtOImXu42rHQNflio","-ryUH_RRGBM2Hne3HqeDu-EA_kaOO8A","-ryUX_1fYG0SZEGWTNPHo--sJowboUvG","-ryUXK4MZjdCYhLCGduTpsFO3eLgy-X_","-ryUXa1dY21KZhWQH9rF9-b-05zyho4q","-ryUXatfMmxEYkOXTdzD_xquotId54Q1","-ryUX6wNZDdGYhrMTNqW8QBCidSr5sbJ","RtGKzOWjEAmhLIucEoI71G2HoXWRLjeZ4sIcSiqwLzQ6VDb3Lw","-ryUXqhYZWVKMBOVSYjH9xLfTwD0Qku7","97-yEPBVPTEPLxKIBsq14w","-ryUHM9-GhMBJ3OsKrOdu7jmPPVUksI","eFZgjhiKsuzFurh7n1R2uwA7akhCFfw","VdqggrTxA0bvMoPWW5hqiH9R4BDMNTpOiS1s2Q","-ryUXakPYGUQakTMHNKR9jPEXC6UmdN1","-ryUJNRSMTwhBnu-KYmzux-4T_RikiQ","-ryUHtNdMwIxEGaZCqGPu0BJWK_vopg","-ryUJ-R9MzEUAUSsO6qEu3GW-HVYSow","ryUX_8Jb20RahuSSY-Q9ki9NRlWaHeM","-ryUXa4Lb2cXNhvMSYnApr4jeCpdJ19Z"]
Jan 09 08:00:03 
Jan 09 08:00:03 jd_739d55b768da0 开始助力 助力池 【_LG-E6UFbmwPLxKIBsq14w】
Jan 09 08:00:04 助力次数已耗尽，跳出
Jan 09 08:00:05 
Jan 09 08:00:05 🔔城城领现金, 结束! 🕛 4.584 秒
Jan 09 08:00:05 
Jan 09 09:00:00 
Jan 09 09:00:00 🔔城城领现金, 开始!
Jan 09 09:00:00 
Jan 09 09:00:00 ====================共1个京东账号Cookie=========
Jan 09 09:00:00 
Jan 09 09:00:01 ==================脚本执行- 北京时间(UTC+8)：2022/1/9 上午9:00:00=====================
Jan 09 09:00:01 
Jan 09 09:00:01 脚本不会自动抽奖，建议活动快结束开启，默认关闭(在10.29日自动开启抽奖),如需自动抽奖请设置环境变量  JD_CITY_EXCHANGE 为true
Jan 09 09:00:01 
Jan 09 09:00:01 ******开始【京东账号1】jd_187425zqg*********
Jan 09 09:00:01 
Jan 09 09:00:01 【京东账号1（jd_739d55b768da0）的城城领现金好友互助码】-ryUXq8FMmFGMRXCQo-U9-V1yxbi7Xld
Jan 09 09:00:01 剩余金额：8.10
Jan 09 09:00:03 
Jan 09 09:00:03 第1个京东账号将要助力的好友["-ryUXq8FMmFGMRXCQo-U9-V1yxbi7Xld","6rCqBu9ZOGZGaxKIBtuJu56Ing","-ryUXa1YMG0RZxOVHNPE973xtMTuDdtO","-ryUXvgIYW1AYhLEGNzG8rDe06ZjSquB","-ryUC9ZtOSIWNmq5A7iCuzScYr5hxgs","ouj6X9h9GBAyHV6ISpeJ5pMe","qKnXakKKihDL17VOs8","9Le-BPVSMWVKaxKIBtuJu6CtZQ","4ev9UKQPbigPY16IW6vR","9K2qB_RJOCwGNl6ISpeJ5lMj","-ryUEOhONx8FEVCMF6Gxu-ilj87U4yg","ryUX6oPYzBHN0PNGdnNpGWn--CeQ021","5rG5HPBZOCBCYF6ISpeJ5ihN","encryptedPin=RnEwl2deOTGNzdRP--tyXkpEOQsBiwI58jRm","ryUXvgKZTJFNkGXTtnB_p-OtKuv8xLR","-ryUXalfY20VMkCRHt_H9yR9HyGX2DUt","-ryUXvkKZDdLakOXTNrGoYKakyW0Ichy","-ryUX_lYZGVHMBqSSt-XorxU6UtJA_ML","ryUXqtYMjJLNxOSSomT8zk9wMDM6-jq","ourzWKkOZmReahrMSdPHu5f07Y_nU8Q","pO79XKsNZmNeYRrETNPMu2CzfA6x-Nc","-ryUP9dlJwMxCne4Ma-yu30dyG3IH7Y","-ryUXvoJNTAVMkCXS9_CotAAbO3uIjCR"]
Jan 09 09:00:03 
Jan 09 09:00:03 jd_739d55b768da0 开始助力 助力池 【6rCqBu9ZOGZGaxKIBtuJu56Ing】
Jan 09 09:00:05 助力次数已耗尽，跳出
Jan 09 09:00:06 
Jan 09 09:00:06 🔔城城领现金, 结束! 🕛 5.156 秒
Jan 09 09:00:06 
Jan 09 10:00:01 
Jan 09 10:00:01 🔔城城领现金, 开始!
Jan 09 10:00:01 
Jan 09 10:00:01 ====================共1个京东账号Cookie=========
Jan 09 10:00:01 
Jan 09 10:00:01 ==================脚本执行- 北京时间(UTC+8)：2022/1/9 上午10:00:01=====================
Jan 09 10:00:01 
Jan 09 10:00:01 脚本不会自动抽奖，建议活动快结束开启，默认关闭(在10.29日自动开启抽奖),如需自动抽奖请设置环境变量  JD_CITY_EXCHANGE 为true
Jan 09 10:00:02 
Jan 09 10:00:02 ******开始【京东账号1】jd_739d55b768da0*********
Jan 09 10:00:02 
Jan 09 10:00:02 【京东账号1（jd_739d55b768da0）的城城领现金好友互助码】-ryUXq8FMmFGMRXCQo-U9-V1yxbi7Xld
Jan 09 10:00:02 剩余金额：8.10
Jan 09 10:00:05 
Jan 09 10:00:05 第1个京东账号将要助力的好友["-ryUXq8FMmFGMRXCQo-U9-V1yxbi7Xld","6rCqBu9ZOGZGaxKIBtuJu56Ing","-ryUXa1YMG0RZxOVHNPE973xtMTuDdtO","-ryUXvgIYW1AYhLEGNzG8rDe06ZjSquB","-ryUItBRNB80Jm-GL6mYu5EgB5Igv6M","-ryUXPgNZGRBYhLGStjB8rKiJVaBeHK7","57ypHfprEzIxBXq2DJqJuzCTdsNx0A","ryUXf0NZm0RZBeQS43G8P4iXmOUunay","ryUXqQKNTFLZ0CQTt7ConGuaFQEBs5f","ryUBSRdGyWXFEeRMYOxu3PpkYmpWkI","-ryUXf4JYWxLYRKXGNPHpRNpz6VL9Q0e","ryUXv8ObjEWMkTFT4jC8Nsym1onaxM-","-ryUBP53BxEEP1CWEbKNuxy1mdkCymI","-ryUHthLAxoQMHSmM4eyu_MjkCsE3sA","ryUI9VmEwwnNlS7EbmTu36OfCgdE4M","-ryUJ9ldOBwqI1CQPoWYu_iK5k3gpMI","-ryUX_8LbmRGa0HBTYjMpfQm0v-l7gTL","RtGKzb6tRgyme4ScENVm0rHAkkT9JqxG87nLZAuCKkkIOLEHDQ","-ryUXK0ENGxCNRDETYmR97PMZ-vWCBGy","-ryUGs5XExg_BEGVD4Svu1hWsdqqwWY","dVBTgA2XZ2FAL17EBpfUh0s","oev8W6kPb21AZxWrCpeJ9-6E0Csu","-ryUXaoIZzEXNxuXHt3E__YFKw7fFIRn"]
Jan 09 10:00:05 
Jan 09 10:00:05 jd_739d55b768da0 开始助力 助力池 【6rCqBu9ZOGZGaxKIBtuJu56Ing】
Jan 09 10:00:06 助力次数已耗尽，跳出
Jan 09 10:00:07 
Jan 09 10:00:07 🔔城城领现金, 结束! 🕛 5.806 秒
Jan 09 10:00:07 
Jan 09 11:00:00 
Jan 09 11:00:00 🔔城城领现金, 开始!
Jan 09 11:00:00 
Jan 09 11:00:00 ====================共1个京东账号Cookie=========
Jan 09 11:00:00 
Jan 09 11:00:00 ==================脚本执行- 北京时间(UTC+8)：2022/1/9 上午11:00:00=====================
Jan 09 11:00:00 
Jan 09 11:00:00 脚本不会自动抽奖，建议活动快结束开启，默认关闭(在10.29日自动开启抽奖),如需自动抽奖请设置环境变量  JD_CITY_EXCHANGE 为true
Jan 09 11:00:00 
Jan 09 11:00:00 ******开始【京东账号1】jd_187425zqg*********
Jan 09 11:00:00 
Jan 09 11:00:00 【京东账号1（jd_739d55b768da0）的城城领现金好友互助码】-ryUXq8FMmFGMRXCQo-U9-V1yxbi7Xld
Jan 09 11:00:00 剩余金额：8.10
Jan 09 11:00:02 
Jan 09 11:00:02 第1个京东账号将要助力的好友["-ryUXq8FMmFGMRXCQo-U9-V1yxbi7Xld","6rCqBu9ZOGZGaxKIBtuJu56Ing","-ryUXa1YMG0RZxOVHNPE973xtMTuDdtO","-ryUXvgIYW1AYhLEGNzG8rDe06ZjSquB","RtGKze2nRVigeYaeFdMwh2kEefdX-abhpzWqinOLJVAasZLnFA","-ryUX_4OYmBBMkOVHt-X_mxtaHBINTfZ","-ryUXfoMbmxLYRLFTd7CpgHuJdKeZP7A","ryUXateZGBGZRfAQ4_A9_caoxPaOPP4","ryUXqkFYWFCZxeXSd3G801tLyyiLWe8","-ryUXqsPYTdEMhLCT93C9aJigmBvQzCz","-ryUXqlaZGZGYBfHSY3D8EHpG_4DQxJV","-ryUXfgKYTYXahvEHN7NoW7o_Ne-L_fF","-ryUXPhaYzAVaxHHG4nDptMJUDmUPaa4","eFZgjhiKsuzFurh7n1R2uwA7akhCFfw","87miBPlSMTAaYhPFT5eJ9xOdwiEQ","ryUX6sNZ2FDZEbHG9LBpkPytOcD93Ss","RtGKj5vjF3vLF_7SXoVWmjnbkFgG17ko46ljAjOjAo3HAn23","-ryUGuZsOjkCN1edF6Ktu0Wwn4Fqoeo","ryULspMMCcbC1O7GbmHu8v","6u_yXawLY2FDZF6ISpeJ5s1K","-ryUX61eMGcWZxfCStyXpt8rRcy1oswG","-ryUXv0OZmYVaxqXH4_HoUVVxvDwD1mb","ryUXa9ZZmAVYUeQQtiW_t47Y1WktqBn"]
Jan 09 11:00:02 
Jan 09 11:00:02 jd_739d55b768da0 开始助力 助力池 【6rCqBu9ZOGZGaxKIBtuJu56Ing】
Jan 09 11:00:03 助力次数已耗尽，跳出
Jan 09 11:00:04 
Jan 09 11:00:04 🔔城城领现金, 结束! 🕛 4.82 秒
Jan 09 11:00:04 
Jan 09 12:00:00 
Jan 09 12:00:00 🔔城城领现金, 开始!
Jan 09 12:00:00 
Jan 09 12:00:00 ====================共1个京东账号Cookie=========
Jan 09 12:00:00 
Jan 09 12:00:00 ==================脚本执行- 北京时间(UTC+8)：2022/1/9 下午12:00:00=====================
Jan 09 12:00:00 
Jan 09 12:00:00 脚本不会自动抽奖，建议活动快结束开启，默认关闭(在10.29日自动开启抽奖),如需自动抽奖请设置环境变量  JD_CITY_EXCHANGE 为true
Jan 09 12:00:00 
Jan 09 12:00:00 ******开始【京东账号1】jd_187425zqg*********
Jan 09 12:00:00 
Jan 09 12:00:00 【京东账号1（jd_739d55b768da0）的城城领现金好友互助码】-ryUXq8FMmFGMRXCQo-U9-V1yxbi7Xld
Jan 09 12:00:00 剩余金额：8.10
Jan 09 12:00:14 
Jan 09 12:00:14 第1个京东账号将要助力的好友["-ryUXq8FMmFGMRXCQo-U9-V1yxbi7Xld","6rCqBu9ZOGZGaxKIBtuJu56Ing","-ryUXa1YMG0RZxOVHNPE973xtMTuDdtO","-ryUXvgIYW1AYhLEGNzG8rDe06ZjSquB","-ryUO-9TEDEjBlS4E6a5u1Njvr9hAzc","-ryUC9NaPwchAG2GL4qauwrBcEix8hM","xKquENZTJSgPY16IW6vR","-ryUXKkLbzESYhSVHo6W9C82vC9jKmVG","ryUI89LGzIhA2e6NLqRu4ZyMoWpX80","-ryUX68IZzFCZUbNSI2R8EBTs0y4KX1K","-ryUAexOET0jOFe6KrOUuxATqGqfiiU","_KGlB6kOZGBGahvBQ5eJ96du60Zi","-ryULM59GTAKCmS6Fb-0u7zmdhah3CQ","97evGuhdJGVBYF6ISpeJ5oaz","oe36WKoKZmVCYxCrCpeJ9-Pzln9C","WKkMZ2dAZxrHBpfFu9yBgVY","ryUX6sNZ2FDZEbHG9LBpkPytOcD93Ss","-ryUJtFFGycaBmeZOb2wu-kdsR0siCM","-ryUXf9aMDIWMBSWTIjB8oPDh3UYqcrb","ryUXq4INzFHYBGVS9rA8hR8aPtBJXDC","RtGKkpntMl3eK-XFVKZ3mk9LHbdfsAe_Nh8mxvpsDaiq9QO5","-ryUXv8PMjYRMRHNQ4nE9vsI7qjezNjd","ryUXKUIM2YSZhLCSI7M8BoYQchXn1Ls"]
Jan 09 12:00:14 
Jan 09 12:00:14 jd_739d55b768da0 开始助力 助力池 【6rCqBu9ZOGZGaxKIBtuJu56Ing】
Jan 09 12:00:15 助力次数已耗尽，跳出
Jan 09 12:00:16 
Jan 09 12:00:16 🔔城城领现金, 结束! 🕛 16.804 秒
Jan 09 12:00:16 
Jan 09 13:00:00 
Jan 09 13:00:00 🔔城城领现金, 开始!
Jan 09 13:00:00 
Jan 09 13:00:00 ====================共1个京东账号Cookie=========
Jan 09 13:00:00 
Jan 09 13:00:00 ==================脚本执行- 北京时间(UTC+8)：2022/1/9 下午1:00:00=====================
Jan 09 13:00:00 
Jan 09 13:00:00 脚本不会自动抽奖，建议活动快结束开启，默认关闭(在10.29日自动开启抽奖),如需自动抽奖请设置环境变量  JD_CITY_EXCHANGE 为true
Jan 09 13:00:01 
Jan 09 13:00:01 ******开始【京东账号1】jd_739d55b768da0*********
Jan 09 13:00:01 
Jan 09 13:00:01 【京东账号1（jd_739d55b768da0）的城城领现金好友互助码】-ryUXq8FMmFGMRXCQo-U9-V1yxbi7Xld
Jan 09 13:00:01 剩余金额：8.10
Jan 09 13:00:04 
Jan 09 13:00:04 第1个京东账号将要助力的好友["-ryUXq8FMmFGMRXCQo-U9-V1yxbi7Xld","6rCqBu9ZOGZGaxKIBtuJu56Ing","-ryUXa1YMG0RZxOVHNPE973xtMTuDdtO","-ryUX_8JM2dKZxXMH4jGpZgbDZVGDSfw","-ryUL8leIjUDAnSfNoCYu8ar4zkff9w","-ryUXagOMDFAMRuXSYmQ9fvalNRt20ai","-ryUXqUOb2EWa0SXHt_E8mjxxHf0SrBW","-ryUXaQFNTIXNUfGQojNo6DztNY13hRf","-ryUXK0LZmVDa0eXT93EpluBaePOebhI","XiDPRGWSqeQ1j4qyPLP8VPULnU_zow","-ryUI_hkFwwiA3O9CZyPu4vf_SAbFtw","-ryUXqQOMGQVYEfGGImX8qN8Rc5qxrwG","-rmyGvRZJDgcMEmIBtuJu4eMag","-ryUX6kKYDdKYhTASYiW9xSQsVMNE1Ms","-ryUX64EY2ZAYhDDHNvMo3bgq78o8Fn2","-ryUXvgIYW1AYhLEGNzG8rDe06ZjSquB","oev-XaQOZGNHYRWrCpeJ9zqB2122","-ryUXPkNbzZEaxHNGI_C8mPklBkURhvs","ryUX64IMGFKZkPBS4nGpWGm5sXM-wwo","-ryUX6wKYWVGMkPAQ9uTos-Q_8b8T7j4","ouz5XaQKY2VLfhPFTdLD9NnTZrIVb5Kn","d1NcjC29HBCX668c1EITU04hPnqri1WjLIc3ImiCxQ","ryUX6QNbjcSNkeXTNuXomlIykMqQ2tr","RtGKze2nSQqge4CYQ9M734Zk0KsGyc16wnS5ZB2-Sq_HrZpEFg","LG-HvlSZmxBa16ISpeJ5oyt","RtGKz-yjEgjwdoSbRNxng1Q_GdFO61J2O0Y1gmm-ItVLQuG8EQ","-aixRKwKYygPY16IW6vR","-ryUXP9fMzFGa0TEH9PF_zf9GwWBUEal","-ryUX64PMGJGZEPBG9KW8bK_Xtv63bwa","ryUX_gIZGdFNhGSSdmQolEHnXpAIcGP","ryUXqwJY20QZRPGHNqU_8yAAZdGelc8","RtGKzb-kElz1f4SaHoUz1jrvB47s2bcACmu-8hAyCIeyEiLAdg","RtGKvbPXBk7dG8LTVa5bmgdOESc6GlUQdNiJJRWwVobXru8C","-ryUX6hZM2USMBXNHt7Apsdg5gYeDzYg","ryUXq4IMjAXZUfEGNOQ8yWjTlVszyUr"]
Jan 09 13:00:04 
Jan 09 13:00:04 jd_739d55b768da0 开始助力 助力池 【6rCqBu9ZOGZGaxKIBtuJu56Ing】
Jan 09 13:00:05 助力次数已耗尽，跳出
Jan 09 13:00:07 
Jan 09 13:00:07 🔔城城领现金, 结束! 🕛 6.72 秒
Jan 09 13:00:07 
Jan 09 14:00:00 
Jan 09 14:00:00 🔔城城领现金, 开始!
Jan 09 14:00:00 
Jan 09 14:00:00 ====================共1个京东账号Cookie=========
Jan 09 14:00:00 
Jan 09 14:00:00 ==================脚本执行- 北京时间(UTC+8)：2022/1/9 下午2:00:00=====================
Jan 09 14:00:00 
Jan 09 14:00:00 脚本不会自动抽奖，建议活动快结束开启，默认关闭(在10.29日自动开启抽奖),如需自动抽奖请设置环境变量  JD_CITY_EXCHANGE 为true
Jan 09 14:00:00 
Jan 09 14:00:00 ******开始【京东账号1】jd_187425zqg*********
Jan 09 14:00:00 
Jan 09 14:00:00 【京东账号1（jd_739d55b768da0）的城城领现金好友互助码】-ryUXq8FMmFGMRXCQo-U9-V1yxbi7Xld
Jan 09 14:00:00 剩余金额：8.10
Jan 09 14:00:04 
Jan 09 14:00:04 第1个京东账号将要助力的好友["-ryUXq8FMmFGMRXCQo-U9-V1yxbi7Xld","6rCqBu9ZOGZGaxKIBtuJu56Ing","-ryUXa1YMG0RZxOVHNPE973xtMTuDdtO","-ryUX_8JM2dKZxXMH4jGpZgbDZVGDSfw","-ryUL8leIjUDAnSfNoCYu8ar4zkff9w","-ryUXagOMDFAMRuXSYmQ9fvalNRt20ai","-ryUXqUOb2EWa0SXHt_E8mjxxHf0SrBW","-ryUXaQFNTIXNUfGQojNo6DztNY13hRf","-ryUXK0LZmVDa0eXT93EpluBaePOebhI","XiDPRGWSqeQ1j4qyPLP8VPULnU_zow","-ryUI_hkFwwiA3O9CZyPu4vf_SAbFtw","-ryUXqQOMGQVYEfGGImX8qN8Rc5qxrwG","-rmyGvRZJDgcMEmIBtuJu4eMag","-ryUX6kKYDdKYhTASYiW9xSQsVMNE1Ms","-ryUX64EY2ZAYhDDHNvMo3bgq78o8Fn2","-ryUXvgIYW1AYhLEGNzG8rDe06ZjSquB","ryUK95-PQYwFVanPYqRu-EjsbB4UKE","L2kB8NfPjEGPUWIBtuJu-lumw","oeD8XqkPZmJLaherCpeJ9y-bxOq9","-ryUXflfbjZBY0fMHo7MpO7M8AEiOWrf","57mnB-lIbygPY16IW6vR","-ryUXfpeZDJLaxSSS46ToQ7XgPEcw6Im","4L2iNu9UIzUaL17EBpfUhwM","-ryUX6teM2UXZ0bDSNzEoQeVktil4bSW","47CuB_tRMzUdL17EBpfUh-M","qOj_XakOb2xEDE-IBtuJuxUouA","-ryUH897ExUiPFqNGKyCu5_Hi8iFoFI","-ryUXvhabmBEZUSRHNyU96m7aNcWLEib","ryUX_gIZGdFNhGSSdmQolEHnXpAIcGP","57y_JftZDjUCMWe5PZGJu_fwTXlirA","-ryUJdFPHSY3OnShGbOsu75kWl0Bxrw","ryUXqwJY20QZRPGHNqU_8yAAZdGelc8","-ryUXKwPZDZAZhPET47C83wwIsGjIuyx","-ryUXP8NY2VKZxrGGI2U8r8rsLi3PmFv","2I36WqsNb2BFZxHHTZeJ984FAn9e"]
Jan 09 14:00:04 
Jan 09 14:00:04 jd_739d55b768da0 开始助力 助力池 【6rCqBu9ZOGZGaxKIBtuJu56Ing】
Jan 09 14:00:05 助力次数已耗尽，跳出
Jan 09 14:00:06 
Jan 09 14:00:06 🔔城城领现金, 结束! 🕛 6.275 秒
Jan 09 14:00:06 
Jan 09 15:00:00 
Jan 09 15:00:00 🔔城城领现金, 开始!
Jan 09 15:00:00 
Jan 09 15:00:00 ====================共1个京东账号Cookie=========
Jan 09 15:00:00 
Jan 09 15:00:00 ==================脚本执行- 北京时间(UTC+8)：2022/1/9 下午3:00:00=====================
Jan 09 15:00:00 
Jan 09 15:00:00 脚本不会自动抽奖，建议活动快结束开启，默认关闭(在10.29日自动开启抽奖),如需自动抽奖请设置环境变量  JD_CITY_EXCHANGE 为true
Jan 09 15:00:01 
Jan 09 15:00:01 ******开始【京东账号1】jd_187425zqg*********
Jan 09 15:00:01 
Jan 09 15:00:01 【京东账号1（jd_739d55b768da0）的城城领现金好友互助码】-ryUXq8FMmFGMRXCQo-U9-V1yxbi7Xld
Jan 09 15:00:01 剩余金额：8.10
Jan 09 15:00:03 
Jan 09 15:00:03 第1个京东账号将要助力的好友["-ryUXq8FMmFGMRXCQo-U9-V1yxbi7Xld","6rCqBu9ZOGZGaxKIBtuJu56Ing","-ryUXa1YMG0RZxOVHNPE973xtMTuDdtO","-ryUX_8JM2dKZxXMH4jGpZgbDZVGDSfw","-ryUL8leIjUDAnSfNoCYu8ar4zkff9w","-ryUXagOMDFAMRuXSYmQ9fvalNRt20ai","-ryUXqUOb2EWa0SXHt_E8mjxxHf0SrBW","-ryUXaQFNTIXNUfGQojNo6DztNY13hRf","-ryUXK0LZmVDa0eXT93EpluBaePOebhI","XiDPRGWSqeQ1j4qyPLP8VPULnU_zow","-ryUI_hkFwwiA3O9CZyPu4vf_SAbFtw","-ryUXqQOMGQVYEfGGImX8qN8Rc5qxrwG","-rmyGvRZJDgcMEmIBtuJu4eMag","-ryUX6kKYDdKYhTASYiW9xSQsVMNE1Ms","-ryUX64EY2ZAYhDDHNvMo3bgq78o8Fn2","-ryUXvgIYW1AYhLEGNzG8rDe06ZjSquB","4-r7W68Pb2xDZhfBQtvD9SB9uwWRtqZ5kw","4L2lH60PKihDL17VOs8","-ryUX68FMDASYxeWTtuWoWdCRDvWDDk_","9K2qB_RJOCwGNl6ISpeJ5lMj","ryUXq0MZjUQZEeXGNjM9nAxXw4c_yir","ryUIddzDj8DJ1SEPZOhuykeTHheoxw","_rG8DPVFNygPY16IW6vR","-ryUXalZYzUXMRfEHN7HpOa34atuOmby","oeD8XqWMZGZFYRCrcpeJ93k8bLGt","oe36WKoKZmVCYxCrCpeJ9-Pzln9C","dWZLjwSosMzntbpgnHNhIYGYeYMY2azPOTNLeGo","oev_X6kEZW1KYhSOEIGJu8enXde2yw","ryUXKgKY2AXNhrAHI2W93buoaHpIv_s","ryUX69dZWURZRXETtnGoqhGlxbTijFb","-ryUDuZkLwU0AmeXM7iRu_tqLUsaHyI","pu7zUaoOZWZBDBDAQtLE87rQ05TJqcNyeMN6","RtGKzu6jFVzxeIKfENA11Xn4NL5Ube1-0W6Zw3aGkGheVDdRRg","ryUX6sLMGdLYhHHSNOW8EAY4HgiurwS","dGZWjgyPvtvBtpJgMK-Ju6eEec0hTA"]
Jan 09 15:00:03 
Jan 09 15:00:03 jd_739d55b768da0 开始助力 助力池 【6rCqBu9ZOGZGaxKIBtuJu56Ing】
Jan 09 15:00:04 助力次数已耗尽，跳出
Jan 09 15:00:05 
Jan 09 15:00:05 🔔城城领现金, 结束! 🕛 5.34 秒
Jan 09 15:00:05 
Jan 09 16:00:00 
Jan 09 16:00:00 🔔城城领现金, 开始!
Jan 09 16:00:00 
Jan 09 16:00:00 ====================共1个京东账号Cookie=========
Jan 09 16:00:00 
Jan 09 16:00:01 ==================脚本执行- 北京时间(UTC+8)：2022/1/9 下午4:00:00=====================
Jan 09 16:00:01 
Jan 09 16:00:01 脚本不会自动抽奖，建议活动快结束开启，默认关闭(在10.29日自动开启抽奖),如需自动抽奖请设置环境变量  JD_CITY_EXCHANGE 为true
Jan 09 16:00:02 
Jan 09 16:00:02 ******开始【京东账号1】jd_187425zqg*********
Jan 09 16:00:02 
Jan 09 16:00:02 【京东账号1（jd_739d55b768da0）的城城领现金好友互助码】-ryUXq8FMmFGMRXCQo-U9-V1yxbi7Xld
Jan 09 16:00:02 剩余金额：8.10
Jan 09 16:00:06 
Jan 09 16:00:06 第1个京东账号将要助力的好友["-ryUXq8FMmFGMRXCQo-U9-V1yxbi7Xld","6rCqBu9ZOGZGaxKIBtuJu56Ing","-ryUXa1YMG0RZxOVHNPE973xtMTuDdtO","-ryUX_8JM2dKZxXMH4jGpZgbDZVGDSfw","-ryUL8leIjUDAnSfNoCYu8ar4zkff9w","-ryUXagOMDFAMRuXSYmQ9fvalNRt20ai","-ryUXqUOb2EWa0SXHt_E8mjxxHf0SrBW","-ryUXaQFNTIXNUfGQojNo6DztNY13hRf","-ryUXK0LZmVDa0eXT93EpluBaePOebhI","XiDPRGWSqeQ1j4qyPLP8VPULnU_zow","-ryUI_hkFwwiA3O9CZyPu4vf_SAbFtw","-ryUXqQOMGQVYEfGGImX8qN8Rc5qxrwG","-rmyGvRZJDgcMEmIBtuJu4eMag","-ryUX6kKYDdKYhTASYiW9xSQsVMNE1Ms","-ryUX64EY2ZAYhDDHNvMo3bgq78o8Fn2","-ryUXvgIYW1AYhLEGNzG8rDe06ZjSquB","-ryUH9lPOCA9J3ijAJqGu26a1jiFaDU","oez8W6gRYGxAYxHFTd6Ju94NwTZCFQ","ryUXvldb2UXZUDDSN-UpYgewE73K6rN","test1","-ryUX6teM2UXZ0bDSNzEoQeVktil4bSW","-ryUX6lfYWxCZEeRQ9iUpBXGJs9zMX7r","-ryUH9ZuEzEUMEqHGb-Zu6zZG9P1wX8","_LG-BPlVPD0SPH2ZFY6Ju3vcm4ek_A","-ryUXqoJY2IWMkHFTdvB8Y3Cr1a2tUkT","dGBXjA-Zs_DUtodJnlFPu3QY5p_586E","RtGKj5vjF3vLF_7SXoVWmjnbkFgG17ko46ljAjOjAo3HAn23","RtGKz-WiEFvwKIKdEdY2h7WfvDa5AAQb-2wLnN5m9kEK3DgWhA","-ryUB-xUJAwyNlWhK4aBu-buGyCaM6k","-ryUXP8NY2VKZxrGGI2U8r8rsLi3PmFv","-ryUDuZkLwU0AmeXM7iRu_tqLUsaHyI","-ryUXfpfZ2NEZxqWHNmR_1N1fDXhUYKy","RtGKzL7xEA2hLNKeFdZl0hNgRpEvddP-cu7aEsLbV9NZRD1YZA","dlBajx-Psuz5HkuHCZeJ90g27F1F","test"]
Jan 09 16:00:06 
Jan 09 16:00:06 jd_739d55b768da0 开始助力 助力池 【6rCqBu9ZOGZGaxKIBtuJu56Ing】
Jan 09 16:00:07 助力次数已耗尽，跳出
Jan 09 16:00:08 
Jan 09 16:00:08 🔔城城领现金, 结束! 🕛 7.54 秒
Jan 09 16:00:08 
Jan 09 17:00:00 
Jan 09 17:00:00 🔔城城领现金, 开始!
Jan 09 17:00:00 
Jan 09 17:00:00 ====================共1个京东账号Cookie=========
Jan 09 17:00:00 
Jan 09 17:00:00 ==================脚本执行- 北京时间(UTC+8)：2022/1/9 下午5:00:00=====================
Jan 09 17:00:00 
Jan 09 17:00:00 脚本不会自动抽奖，建议活动快结束开启，默认关闭(在10.29日自动开启抽奖),如需自动抽奖请设置环境变量  JD_CITY_EXCHANGE 为true
Jan 09 17:00:01 
Jan 09 17:00:01 ******开始【京东账号1】jd_739d55b768da0*********
Jan 09 17:00:01 
Jan 09 17:00:01 【京东账号1（jd_739d55b768da0）的城城领现金好友互助码】-ryUXq8FMmFGMRXCQo-U9-V1yxbi7Xld
Jan 09 17:00:01 剩余金额：8.10
Jan 09 17:00:03 
Jan 09 17:00:03 第1个京东账号将要助力的好友["-ryUXq8FMmFGMRXCQo-U9-V1yxbi7Xld","6rCqBu9ZOGZGaxKIBtuJu56Ing","-ryUXa1YMG0RZxOVHNPE973xtMTuDdtO","-ryUX_8JM2dKZxXMH4jGpZgbDZVGDSfw","-ryUL8leIjUDAnSfNoCYu8ar4zkff9w","-ryUXagOMDFAMRuXSYmQ9fvalNRt20ai","-ryUXqUOb2EWa0SXHt_E8mjxxHf0SrBW","-ryUXaQFNTIXNUfGQojNo6DztNY13hRf","-ryUXK0LZmVDa0eXT93EpluBaePOebhI","-ryUXa0OZTYVMBWRQtyR91AGunl7CG9r","-ryUI_hkFwwiA3O9CZyPu4vf_SAbFtw","-ryUXqQOMGQVYEfGGImX8qN8Rc5qxrwG","-rmyGvRZJDgcMEmIBtuJu4eMag","-ryUX6kKYDdKYhTASYiW9xSQsVMNE1Ms","-ryUX64EY2ZAYhDDHNvMo3bgq78o8Fn2","-ryUXvgIYW1AYhLEGNzG8rDe06ZjSquB","-ryUXK4MZjdCYhLCGduTpsFO3eLgy-X_","ryUEeZpOSIePlehF4mgu85EtqX9ZuQ","-ryUBft2NTw6IEOfHaOAu5n9lKPbnGU","-ryUPd5GIgwXA2G4F7inu4dDWQT9mP4","-ryUXfgKYTYXahvEHN7NoW7o_Ne-L_fF","-ryUA-pzIQEYOEqzGL-cu6MyYNM-c20","ryUXahdZjcWYheRTd_HpgmcP1WY3U7t","57yMB-tZFx43BkWeNaiJuy9EhIUXuQ","-ryUIOxGJQAiNXueHL22u1wnVdQGEmU","ryUMfJpHgw0EFKSIpicu9fu0Oh4dfU","punzW6oFYW1eYhHHTNnEu8HO6X-BX7Q","_LG-UKkNZ2FKL17EBpfUh68","-ryUC8V4EB4VF0eiOZ-au-lviYA5GQw","q2lUKwNZmZGL17EBpfUh_w","_LmiEPVSMWVKan2ZBpfFuwSmVEk","p-D4XqsNbnlBYxfGTN3N_3xALHhsh_E7","-ryUXv0FZjEXZhOSHN7G8tQ2dqC3-OYo","ryUJtVWFxoSIm6fHJqyu5zNSiB0V_o","dW9tjgCAsMz9tohuTNnEu-VlPOCmfH8"]
Jan 09 17:00:03 
Jan 09 17:00:03 jd_739d55b768da0 开始助力 助力池 【6rCqBu9ZOGZGaxKIBtuJu56Ing】
Jan 09 17:00:04 助力次数已耗尽，跳出
Jan 09 17:00:06 
Jan 09 17:00:06 🔔城城领现金, 结束! 🕛 5.449 秒
Jan 09 17:00:06 
Jan 09 18:00:00 
Jan 09 18:00:00 🔔城城领现金, 开始!
Jan 09 18:00:00 
Jan 09 18:00:00 ====================共1个京东账号Cookie=========
Jan 09 18:00:00 
Jan 09 18:00:00 ==================脚本执行- 北京时间(UTC+8)：2022/1/9 下午6:00:00=====================
Jan 09 18:00:00 
Jan 09 18:00:00 脚本不会自动抽奖，建议活动快结束开启，默认关闭(在10.29日自动开启抽奖),如需自动抽奖请设置环境变量  JD_CITY_EXCHANGE 为true
Jan 09 18:00:01 
Jan 09 18:00:01 ******开始【京东账号1】jd_187425zqg*********
Jan 09 18:00:01 
Jan 09 18:00:01 【京东账号1（jd_739d55b768da0）的城城领现金好友互助码】-ryUXq8FMmFGMRXCQo-U9-V1yxbi7Xld
Jan 09 18:00:01 剩余金额：8.10
Jan 09 18:00:04 
Jan 09 18:00:04 第1个京东账号将要助力的好友["-ryUXq8FMmFGMRXCQo-U9-V1yxbi7Xld","6rCqBu9ZOGZGaxKIBtuJu56Ing","-ryUXa1YMG0RZxOVHNPE973xtMTuDdtO","-ryUX_8JM2dKZxXMH4jGpZgbDZVGDSfw","-ryUL8leIjUDAnSfNoCYu8ar4zkff9w","-ryUXagOMDFAMRuXSYmQ9fvalNRt20ai","-ryUXqUOb2EWa0SXHt_E8mjxxHf0SrBW","-ryUXaQFNTIXNUfGQojNo6DztNY13hRf","-ryUXK0LZmVDa0eXT93EpluBaePOebhI","-ryUXa0OZTYVMBWRQtyR91AGunl7CG9r","-ryUI_hkFwwiA3O9CZyPu4vf_SAbFtw","-ryUXqQOMGQVYEfGGImX8qN8Rc5qxrwG","-rmyGvRZJDgcMEmIBtuJu4eMag","-ryUX6kKYDdKYhTASYiW9xSQsVMNE1Ms","-ryUX64EY2ZAYhDDHNvMo3bgq78o8Fn2","-ryUXvgIYW1AYhLEGNzG8rDe06ZjSquB","ryUK95-PQYwFVanPYqRu-EjsbB4UKE","ryUXvldb2UXZUDDSN-UpYgewE73K6rN","-ryUXfgFZmBBZRTNGdiU9DDXXrCULQsP","-ryUXqwMYDFAYhDES4_F8Xbgx12SZ2Ml","RtGKzOjxEAKkeIuYRNRg0CC-2s6JjfGM2tdeen4yQDtw1A-Y4A","p-D8X68PZWRCDE-IBtuJu_tv5Q","8bSqRO9IOToWL17EBpfUh1Y","-K2qB_tNPzoUOUuRSdnCu3ClE5drP1o","RtGKz-_wQwqhfIKSEtA21yIbxk8yNGAMzpBBmipLJMuu0QvtRg","-ryUHthLAxoQMHSmM4eyu_MjkCsE3sA","ryUXaVYNGcVMRbMTdjNoRZGxtBvMnLn","57yjJthkBQI9AUqTKp-Ju8iLA5GBjw","dWZLjwSosMzntbpgnHNhIYGYeYMY2azPOTNLeGo","oez4UagLb3lLZBPFS9jM8v57DvDuZFms","ryUDNBeGAUCJ1iYP7iYu7GRKQxf-dI","-ryUXqkKNW1GZUfCQoqQonlu0_ZrJwjy","yA19EX8KlqAXqCgezk-bAvDsl5sq5PM4idfnnm6dYGcSnqEvllws","ryUX6lYYmwWakHHHNjMojHEk2eGOmCp","5724He5TOSQWIV6ISpeJ5o-5"]
Jan 09 18:00:04 
Jan 09 18:00:04 jd_739d55b768da0 开始助力 助力池 【6rCqBu9ZOGZGaxKIBtuJu56Ing】
Jan 09 18:00:05 助力次数已耗尽，跳出
Jan 09 18:00:06 
Jan 09 18:00:06 🔔城城领现金, 结束! 🕛 5.957 秒
Jan 09 18:00:06 
Jan 09 19:00:01 
Jan 09 19:00:01 🔔城城领现金, 开始!
Jan 09 19:00:01 
Jan 09 19:00:01 ====================共1个京东账号Cookie=========
Jan 09 19:00:01 
Jan 09 19:00:01 ==================脚本执行- 北京时间(UTC+8)：2022/1/9 下午7:00:01=====================
Jan 09 19:00:01 
Jan 09 19:00:01 脚本不会自动抽奖，建议活动快结束开启，默认关闭(在10.29日自动开启抽奖),如需自动抽奖请设置环境变量  JD_CITY_EXCHANGE 为true
Jan 09 19:00:02 
Jan 09 19:00:02 ******开始【京东账号1】jd_739d55b768da0*********
Jan 09 19:00:02 
Jan 09 19:00:02 【京东账号1（jd_739d55b768da0）的城城领现金好友互助码】-ryUXq8FMmFGMRXCQo-U9-V1yxbi7Xld
Jan 09 19:00:02 剩余金额：8.10
Jan 09 19:00:06 
Jan 09 19:00:06 第1个京东账号将要助力的好友["-ryUXq8FMmFGMRXCQo-U9-V1yxbi7Xld","-ryUX_8JM2dKZxXMH4jGpZgbDZVGDSfw","-ryUL8leIjUDAnSfNoCYu8ar4zkff9w","-ryUXagOMDFAMRuXSYmQ9fvalNRt20ai","-ryUXqUOb2EWa0SXHt_E8mjxxHf0SrBW","-ryUXaQFNTIXNUfGQojNo6DztNY13hRf","-ryUXK0LZmVDa0eXT93EpluBaePOebhI","-ryUXa0OZTYVMBWRQtyR91AGunl7CG9r","-ryUI_hkFwwiA3O9CZyPu4vf_SAbFtw","-ryUXqQOMGQVYEfGGImX8qN8Rc5qxrwG","-rmyGvRZJDgcMEmIBtuJu4eMag","-ryUX6kKYDdKYhTASYiW9xSQsVMNE1Ms","-ryUX64EY2ZAYhDDHNvMo3bgq78o8Fn2","-ryUXqtYYmVKZxvGHo3M8nUjMKLDUDJC","our8X6wFZmFLfhPCQt7E_gBqYpK29drw","-ryUX64MYWxLakTDT4_Font1ICMu4DEI","-ryUXKtZMGVEZhDGGdLB82bD17ElrJJb","-ryUXK4OZGdLZUDDSI3B9COpAMYStrmt","-ryUX60EZmIQahfMTt6R_vJnFAlC-06o","97ekDasOZWRFaxGIBtuJu8QPJw","-ryUX6xdM2ASZhfFQ4jG9RYWmrN6eCHo","-ryUBfV1JD4ABkGNG6OXu9dYD-YqNGA","-ryUXvgIYW1AYhLEGNzG8rDe06ZjSquB","-ryUX6RZbzVLZxDMTtqWprQxNFMIMtxC","dVFKjxW3s93ytqpEk25Nux1fDNjZ81w","qO77WaUFY3lGaxrFSt_E_nTxRiDI_IvY","ryUKsxPHCMAA2GhMZ2eu-lX7kOZhxw","ryUAuppNBU1H0O9Cb-zu3reUbEfPMY","-ryUXqhYbmVGYBrHSo6X951v9x5W7I6K","dmBijwaqsc73tpJ7n1t6Lp1dd6Wucld95AA","57yFGd9kGxs6IFWAN7mbu21GLQQPA0M","57y7MfpLJzcjJmqbHoCJu9lVaO7WLA","dV9HjDigs-TruoF6BpfFuxa2Xu0","-ryUXaoINGURZRLCSdPA9fhBQgtOxOWl","yilkH0w-l6IdforWW5gzml1kpJHFkUVWfxVy2OhyTpY","ryUXaVYNGcVMRbMTdjNoRZGxtBvMnLn","-ryUXKQPYDBEYRTFHtvA9-REN1aVHqdf","ryUIvd0Ix4ZBVO-MruTu0wep0c_ViE","-ryUJchrOBo2I2WkAJy4u6VNNDPueDU","ryUXalZYzUXMRfEHN7HpOa34atuOmby","SMe6j7L9H12ifIKZW5h_1mn7QlEjz9iFu6C7rNz-iJEk","-ryUXv0FZjEXZhOSHN7G8tQ2dqC3-OYo"]
Jan 09 19:00:06 
Jan 09 19:00:06 jd_739d55b768da0 开始助力 助力池 【-ryUX_8JM2dKZxXMH4jGpZgbDZVGDSfw】
Jan 09 19:00:07 助力次数已耗尽，跳出
Jan 09 19:00:08 
Jan 09 19:00:08 🔔城城领现金, 结束! 🕛 7.534 秒
Jan 09 19:00:08 
Jan 09 20:00:01 
Jan 09 20:00:01 🔔城城领现金, 开始!
Jan 09 20:00:01 
Jan 09 20:00:01 ====================共1个京东账号Cookie=========
Jan 09 20:00:01 
Jan 09 20:00:01 ==================脚本执行- 北京时间(UTC+8)：2022/1/9 下午8:00:01=====================
Jan 09 20:00:01 
Jan 09 20:00:01 脚本不会自动抽奖，建议活动快结束开启，默认关闭(在10.29日自动开启抽奖),如需自动抽奖请设置环境变量  JD_CITY_EXCHANGE 为true
Jan 09 20:00:02 
Jan 09 20:00:02 ******开始【京东账号1】jd_739d55b768da0*********
Jan 09 20:00:02 
Jan 09 20:00:02 【京东账号1（jd_739d55b768da0）的城城领现金好友互助码】-ryUXq8FMmFGMRXCQo-U9-V1yxbi7Xld
Jan 09 20:00:02 剩余金额：8.10
Jan 09 20:00:07 
Jan 09 20:00:07 第1个京东账号将要助力的好友["-ryUXq8FMmFGMRXCQo-U9-V1yxbi7Xld","-ryUX_8JM2dKZxXMH4jGpZgbDZVGDSfw","-ryUL8leIjUDAnSfNoCYu8ar4zkff9w","-ryUXagOMDFAMRuXSYmQ9fvalNRt20ai","-ryUXqUOb2EWa0SXHt_E8mjxxHf0SrBW","-ryUXaQFNTIXNUfGQojNo6DztNY13hRf","-ryUXK0LZmVDa0eXT93EpluBaePOebhI","-ryUXa0OZTYVMBWRQtyR91AGunl7CG9r","-ryUI_hkFwwiA3O9CZyPu4vf_SAbFtw","-ryUXqQOMGQVYEfGGImX8qN8Rc5qxrwG","-rmyGvRZJDgcMEmIBtuJu4eMag","-ryUX6kKYDdKYhTASYiW9xSQsVMNE1Ms","-ryUX64EY2ZAYhDDHNvMo3bgq78o8Fn2","-ryUXqtYYmVKZxvGHo3M8nUjMKLDUDJC","our8X6wFZmFLfhPCQt7E_gBqYpK29drw","-ryUX64MYWxLakTDT4_Font1ICMu4DEI","-ryUXKtZMGVEZhDGGdLB82bD17ElrJJb","-ryUXK4OZGdLZUDDSI3B9COpAMYStrmt","-ryUX60EZmIQahfMTt6R_vJnFAlC-06o","97ekDasOZWRFaxGIBtuJu8QPJw","-ryUX6xdM2ASZhfFQ4jG9RYWmrN6eCHo","-ryUBfV1JD4ABkGNG6OXu9dYD-YqNGA","-ryUXvgIYW1AYhLEGNzG8rDe06ZjSquB","5bG8XO5AKmQPLwO0Xg","ryUL_t3HTMJGla2DKC_u_7aQsOjDlI","-ryUXfpeZDJLaxSSS46ToQ7XgPEcw6Im","ryUXq1ZM2BBMUCVTtjC_wDiKupRsnnb","ryUXf0NZm0RZBeQS43G8P4iXmOUunay","X8C7lqWtQgqieOzHW5h_1vyAdlFUMHb9Zv_YN-KH6FuQ","4-n_Wa4KYwseL17EBpfUhxM","-ryUXv4LZWxHNkHNQtOX89IqR0VHtsDc","ryUXasPMmFCa0eXTY3C9bHSKcMvZxQ_","p-n4WKwJbmxeahvFS9vEu1Ym4GdipF0","3KGUKPNRKihDL17VOs8","ryUXqoENGNLNRvCHonN8jSMl16w2Snl","qe75XqkFZGBFDE-dE5eJ9zf9P4G0","8relDvRFMycGPV6ISpeJ5uj1","encryptedPin=RnE1kG9YbzGNydRP--","ryUXfkONG1DNxOWS47A9-gjs7iTl-Nm","qen4W60Ib2xADE-IBtuJuyMUBA","p-D4XqsNbnlBYxfGTN3N_3xALHhsh_E7","yi9hEGYVlqAXqyc6w1yKDonQY0LIBRqpOAeBqFKC7pZyYRChqzyq"]
Jan 09 20:00:07 
Jan 09 20:00:07 jd_739d55b768da0 开始助力 助力池 【-ryUX_8JM2dKZxXMH4jGpZgbDZVGDSfw】
Jan 09 20:00:08 助力次数已耗尽，跳出
Jan 09 20:00:09 
Jan 09 20:00:09 🔔城城领现金, 结束! 🕛 8.707 秒
Jan 09 20:00:09 
Jan 09 21:00:01 
Jan 09 21:00:01 🔔城城领现金, 开始!
Jan 09 21:00:01 
Jan 09 21:00:01 ====================共1个京东账号Cookie=========
Jan 09 21:00:01 
Jan 09 21:00:01 ==================脚本执行- 北京时间(UTC+8)：2022/1/9 下午9:00:01=====================
Jan 09 21:00:01 
Jan 09 21:00:01 脚本不会自动抽奖，建议活动快结束开启，默认关闭(在10.29日自动开启抽奖),如需自动抽奖请设置环境变量  JD_CITY_EXCHANGE 为true
Jan 09 21:00:02 
Jan 09 21:00:02 ******开始【京东账号1】jd_739d55b768da0*********
Jan 09 21:00:02 
Jan 09 21:00:02 【京东账号1（jd_739d55b768da0）的城城领现金好友互助码】-ryUXq8FMmFGMRXCQo-U9-V1yxbi7Xld
Jan 09 21:00:02 剩余金额：8.10
Jan 09 21:00:02 
Jan 09 21:00:02 ❗️城城领现金, 错误!
Jan 09 21:00:02 TypeError: Cannot destructure property 'taskDetailResultVo' of 'data.data.result.taskInfo' as it is undefined.
Jan 09 21:00:02     at /scripts/jd_city.js:175:27
Jan 09 21:00:02     at got.post.then.message (/scripts/jd_city.js:501:5772)
Jan 09 21:00:02     at processTicksAndRejections (node:internal/process/task_queues:96:5)
Jan 09 21:00:05 
Jan 09 21:00:05 第1个京东账号将要助力的好友["-ryUXq8FMmFGMRXCQo-U9-V1yxbi7Xld","-ryUX_8JM2dKZxXMH4jGpZgbDZVGDSfw","-ryUL8leIjUDAnSfNoCYu8ar4zkff9w","-ryUXagOMDFAMRuXSYmQ9fvalNRt20ai","-ryUXqUOb2EWa0SXHt_E8mjxxHf0SrBW","-ryUXaQFNTIXNUfGQojNo6DztNY13hRf","-ryUXK0LZmVDa0eXT93EpluBaePOebhI","-ryUXa0OZTYVMBWRQtyR91AGunl7CG9r","-ryUI_hkFwwiA3O9CZyPu4vf_SAbFtw","-ryUXqQOMGQVYEfGGImX8qN8Rc5qxrwG","-rmyGvRZJDgcMEmIBtuJu4eMag","-ryUX6kKYDdKYhTASYiW9xSQsVMNE1Ms","-ryUX64EY2ZAYhDDHNvMo3bgq78o8Fn2","-ryUXqtYYmVKZxvGHo3M8nUjMKLDUDJC","our8X6wFZmFLfhPCQt7E_gBqYpK29drw","-ryUX64MYWxLakTDT4_Font1ICMu4DEI","-ryUXKtZMGVEZhDGGdLB82bD17ElrJJb","-ryUXK4OZGdLZUDDSI3B9COpAMYStrmt","-ryUX60EZmIQahfMTt6R_vJnFAlC-06o","97ekDasOZWRFaxGIBtuJu8QPJw","-ryUX6xdM2ASZhfFQ4jG9RYWmrN6eCHo","-ryUBfV1JD4ABkGNG6OXu9dYD-YqNGA","-ryUXvgIYW1AYhLEGNzG8rDe06ZjSquB","5bmuB_0JZ2MPLxKIBsq14w","4bGyDO9fKihDL17VOs8","ouz5XaQKY2VLfhPFTdLD9NnTZrIVb5Kn","-ryUX6QNZDAXYRXMTY2T9m-jcL8tLgQB","oeDyW64FY2FLYRCrCpeJ98Qlbsef","oev-XKoJYmFLYBqrCpeJ950mVlfR","-ryUX_OFN2REZObETduQo3-eM4cHuUKV","ryUD-tEEzUdEVuiNL6luz_hZdwX7Lc","oeD8XqWMZGZFYRCrcpeJ93k8bLGt","-ryUXKxfb2xEZhuSSNKT9AFI6jvfXSqo","RtGKqZPyOnvCAdTJdaxamgpPR2nZs7KNoABbi8P3uBRnnXjd","-ryUXPhaYzAVaxHHG4nDptMJUDmUPaa4","ryULNJtBAcHOXGNNaCQu24Qe19fcCM","-ryUD9dMFzUJF2igOJ-ju0RF9Zzl9xs","-ryUXKgKYmZDZxLMQo7C9KdZ2YdxPMeL","-ryUXKsKMjcVZUDCGNzE9nL6GwU_TBtG","pu7zUaoOZWZBDBDAQtLE87rQ05TJqcNyeMN6","test","5LCiB_dVODMsMkWVE4WJu8UPoBYw3Q"]
Jan 09 21:00:05 
Jan 09 21:00:05 jd_739d55b768da0 开始助力 助力池 【-ryUX_8JM2dKZxXMH4jGpZgbDZVGDSfw】
Jan 09 21:00:06 助力次数已耗尽，跳出
Jan 09 21:00:07 
Jan 09 21:00:07 🔔城城领现金, 结束! 🕛 6.139 秒
Jan 09 21:00:07 
