Jan 07 02:15:01 
Jan 07 02:15:01 🔔内容鉴赏官, 开始!
Jan 07 02:15:01 
Jan 07 02:15:01 ====================共1个京东账号Cookie=========
Jan 07 02:15:01 
Jan 07 02:15:01 ==================脚本执行- 北京时间(UTC+8)：2022/1/7 上午2:15:01=====================
Jan 07 02:15:01 
Jan 07 02:15:02 
Jan 07 02:15:02 ******开始【京东账号1】jd_739d55b768da0*********
Jan 07 02:15:02 
Jan 07 02:15:02 去做【每日签到领京豆】
Jan 07 02:15:03 恭喜获得4个京豆
Jan 07 02:15:07 去做【看看喜欢的内容赢1京豆】
Jan 07 02:15:10 恭喜获得1个京豆
Jan 07 02:15:12 去做【PICK你喜欢的视频赢1个京豆】
Jan 07 02:15:28 恭喜获得1个京豆
Jan 07 02:15:30 去做【看大咖种草秀赢京豆】
Jan 07 02:15:30 奖品与你擦肩而过，明天再来试试看
Jan 07 02:15:34 去做【看精选视频赢京豆】
Jan 07 02:15:38 恭喜获得2个京豆
Jan 07 02:15:40 
Jan 07 02:15:40 🔔内容鉴赏官, 结束! 🕛 38.736 秒
Jan 07 02:15:40 
Jan 07 05:15:00 
Jan 07 05:15:00 🔔内容鉴赏官, 开始!
Jan 07 05:15:00 
Jan 07 05:15:00 ====================共1个京东账号Cookie=========
Jan 07 05:15:00 
Jan 07 05:15:00 ==================脚本执行- 北京时间(UTC+8)：2022/1/7 上午5:15:00=====================
Jan 07 05:15:00 
Jan 07 05:15:01 
Jan 07 05:15:01 ******开始【京东账号1】jd_739d55b768da0*********
Jan 07 05:15:01 
Jan 07 05:15:01 去做【每日签到领京豆】
Jan 07 05:15:01 今日已签到
Jan 07 05:15:03 去做【看看喜欢的内容赢1京豆】
Jan 07 05:15:03 任务已完成
Jan 07 05:15:05 去做【PICK你喜欢的视频赢1个京豆】
Jan 07 05:15:06 任务已完成
Jan 07 05:15:08 去做【看大咖种草秀赢京豆】
Jan 07 05:15:08 任务已完成
Jan 07 05:15:10 去做【看精选视频赢京豆】
Jan 07 05:15:10 任务已完成
Jan 07 05:15:12 
Jan 07 05:15:12 🔔内容鉴赏官, 结束! 🕛 12.273 秒
Jan 07 05:15:12 
Jan 08 02:15:01 
Jan 08 02:15:01 🔔内容鉴赏官, 开始!
Jan 08 02:15:01 
Jan 08 02:15:01 ====================共1个京东账号Cookie=========
Jan 08 02:15:01 
Jan 08 02:15:01 ==================脚本执行- 北京时间(UTC+8)：2022/1/8 上午2:15:01=====================
Jan 08 02:15:01 
Jan 08 02:15:02 
Jan 08 02:15:02 ******开始【京东账号1】jd_739d55b768da0*********
Jan 08 02:15:02 
Jan 08 02:15:02 去做【每日签到领京豆】
Jan 08 02:15:03 恭喜获得1个京豆
Jan 08 02:15:07 去做【看看喜欢的内容赢1京豆】
Jan 08 02:15:37 "Timeout awaiting 'request' for 30000ms"
Jan 08 02:15:37 内容鉴赏官 getSign API请求失败，请检查网路重试
Jan 08 02:15:40 奖品与你擦肩而过，明天再来试试看
Jan 08 02:15:42 去做【PICK你喜欢的视频赢1个京豆】
Jan 08 02:15:57 恭喜获得1个京豆
Jan 08 02:15:59 去做【看大咖种草秀赢京豆】
Jan 08 02:15:59 奖品与你擦肩而过，明天再来试试看
Jan 08 02:16:04 去做【看精选视频赢京豆】
Jan 08 02:16:07 恭喜获得2个京豆
Jan 08 02:16:09 
Jan 08 02:16:09 🔔内容鉴赏官, 结束! 🕛 68.559 秒
Jan 08 02:16:09 
Jan 08 05:15:01 
Jan 08 05:15:01 🔔内容鉴赏官, 开始!
Jan 08 05:15:01 
Jan 08 05:15:01 ====================共1个京东账号Cookie=========
Jan 08 05:15:01 
Jan 08 05:15:01 ==================脚本执行- 北京时间(UTC+8)：2022/1/8 上午5:15:01=====================
Jan 08 05:15:01 
Jan 08 05:15:02 
Jan 08 05:15:02 ******开始【京东账号1】jd_739d55b768da0*********
Jan 08 05:15:02 
Jan 08 05:15:03 去做【每日签到领京豆】
Jan 08 05:15:03 今日已签到
Jan 08 05:15:05 去做【看看喜欢的内容赢1京豆】
Jan 08 05:15:05 任务已完成
Jan 08 05:15:07 去做【PICK你喜欢的视频赢1个京豆】
Jan 08 05:15:07 任务已完成
Jan 08 05:15:09 去做【看大咖种草秀赢京豆】
Jan 08 05:15:09 任务已完成
Jan 08 05:15:12 去做【看精选视频赢京豆】
Jan 08 05:15:12 任务已完成
Jan 08 05:15:14 
Jan 08 05:15:14 🔔内容鉴赏官, 结束! 🕛 12.573 秒
Jan 08 05:15:14 
Jan 09 02:15:01 
Jan 09 02:15:01 🔔内容鉴赏官, 开始!
Jan 09 02:15:01 
Jan 09 02:15:01 ====================共1个京东账号Cookie=========
Jan 09 02:15:01 
Jan 09 02:15:01 ==================脚本执行- 北京时间(UTC+8)：2022/1/9 上午2:15:01=====================
Jan 09 02:15:01 
Jan 09 02:15:02 
Jan 09 02:15:02 ******开始【京东账号1】jd_739d55b768da0*********
Jan 09 02:15:02 
Jan 09 02:15:03 去做【每日签到领京豆】
Jan 09 02:15:03 恭喜获得1个京豆
Jan 09 02:15:07 去做【看看喜欢的内容赢1京豆】
Jan 09 02:15:11 恭喜获得1个京豆
Jan 09 02:15:13 去做【PICK你喜欢的视频赢1个京豆】
Jan 09 02:15:28 恭喜获得1个京豆
Jan 09 02:15:30 去做【看大咖种草秀赢京豆】
Jan 09 02:15:31 奖品与你擦肩而过，明天再来试试看
Jan 09 02:15:35 去做【看精选视频赢京豆】
Jan 09 02:15:38 恭喜获得2个京豆
Jan 09 02:15:40 
Jan 09 02:15:40 🔔内容鉴赏官, 结束! 🕛 39.587 秒
Jan 09 02:15:40 
Jan 09 05:15:01 
Jan 09 05:15:01 🔔内容鉴赏官, 开始!
Jan 09 05:15:01 
Jan 09 05:15:01 ====================共1个京东账号Cookie=========
Jan 09 05:15:01 
Jan 09 05:15:01 ==================脚本执行- 北京时间(UTC+8)：2022/1/9 上午5:15:01=====================
Jan 09 05:15:01 
Jan 09 05:15:03 
Jan 09 05:15:03 ******开始【京东账号1】jd_739d55b768da0*********
Jan 09 05:15:03 
Jan 09 05:15:03 去做【每日签到领京豆】
Jan 09 05:15:03 今日已签到
Jan 09 05:15:05 去做【看看喜欢的内容赢1京豆】
Jan 09 05:15:05 任务已完成
Jan 09 05:15:07 去做【PICK你喜欢的视频赢1个京豆】
Jan 09 05:15:07 任务已完成
Jan 09 05:15:10 去做【看大咖种草秀赢京豆】
Jan 09 05:15:10 任务已完成
Jan 09 05:15:12 去做【看精选视频赢京豆】
Jan 09 05:15:12 任务已完成
Jan 09 05:15:14 
Jan 09 05:15:14 🔔内容鉴赏官, 结束! 🕛 12.805 秒
Jan 09 05:15:14 
