Jan 07 01:30:02 
Jan 07 01:30:02 🔔小鸽有礼-每日抽奖, 开始!
Jan 07 01:30:02 
Jan 07 01:30:02 ====================共1个京东账号Cookie=========
Jan 07 01:30:02 
Jan 07 01:30:02 ==================脚本执行- 北京时间(UTC+8)：2022/1/7 上午1:30:02=====================
Jan 07 01:30:02 
Jan 07 01:30:04 
Jan 07 01:30:04 *****开始【京东账号1】jd_739d55b768da0*****
Jan 07 01:30:04 
Jan 07 01:30:04 =============小哥有礼=============
Jan 07 01:30:04 初始化
Jan 07 01:30:04 开始执行任务:每日签到  每日可获得1次抽奖机会
Jan 07 01:30:04 每日签到，任务执行成功
Jan 07 01:30:05 开始执行任务:每日分享好友  分享后点击“领取”获得抽奖机会，每日0点刷新
Jan 07 01:30:05 {"error_response":{"en_desc":"API Call Limited","zh_desc":"API调用次数超限","code":2}}
Jan 07 01:30:05 每日分享好友，任务执行失败
Jan 07 01:30:06 开始执行任务:浏览会场  关注大牌好物，浏览得抽奖次数
Jan 07 01:30:06 {"error_response":{"en_desc":"API Call Limited","zh_desc":"API调用次数超限","code":2}}
Jan 07 01:30:06 浏览会场，任务执行失败
Jan 07 01:30:07 开始执行任务:浏览会场  关注大牌好物，浏览得抽奖次数
Jan 07 01:30:08 浏览会场，任务执行成功
Jan 07 01:30:11 领取奖励:每日签到  每日可获得1次抽奖机会
Jan 07 01:30:11 每日签到，领取任务奖励成功
Jan 07 01:30:14 开始执行任务:每日分享好友  分享后点击“领取”获得抽奖机会，每日0点刷新
Jan 07 01:30:14 {"error_response":{"en_desc":"API Call Limited","zh_desc":"API调用次数超限","code":2}}
Jan 07 01:30:14 每日分享好友，任务执行失败
Jan 07 01:30:15 开始执行任务:浏览会场  关注大牌好物，浏览得抽奖次数
Jan 07 01:30:16 浏览会场，任务执行成功
Jan 07 01:30:17 开始执行任务:浏览会场  浏览小哥寻鲜寄
Jan 07 01:30:17 浏览会场，任务执行成功
Jan 07 01:30:20 领取奖励:浏览会场  浏览会场达规定次数后可点击“领取”获得抽奖机会，每日0点刷新次数
Jan 07 01:30:20 浏览会场，领取任务奖励成功
Jan 07 01:30:24 开始执行任务:每日分享好友  分享后点击“领取”获得抽奖机会，每日0点刷新
Jan 07 01:30:24 每日分享好友，任务执行成功
Jan 07 01:30:25 开始执行任务:浏览会场  浏览小哥寻鲜寄
Jan 07 01:30:25 浏览会场，任务执行成功
Jan 07 01:30:28 领取奖励:每日分享好友  分享后点击“领取”获得抽奖机会，每日0点刷新
Jan 07 01:30:28 每日分享好友，领取任务奖励成功
Jan 07 01:30:29 领取奖励:浏览会场  浏览会场达规定次数后可点击“领取”获得抽奖机会，每日0点刷新次数
Jan 07 01:30:30 浏览会场，领取任务奖励成功
Jan 07 01:30:33 共有5次抽奖机会
Jan 07 01:30:34 小鸽有礼-每日抽奖第1次抽奖，获得：未中奖
Jan 07 01:30:35 小鸽有礼-每日抽奖第2次抽奖，获得：未中奖
Jan 07 01:30:36 小鸽有礼-每日抽奖第3次抽奖失败
Jan 07 01:30:37 小鸽有礼-每日抽奖第4次抽奖失败
Jan 07 01:30:39 小鸽有礼-每日抽奖第5次抽奖，获得：未中奖
Jan 07 01:30:40 获得京豆总计0
Jan 07 01:30:40 =============每日转盘=============
Jan 07 01:30:40 初始化
Jan 07 01:30:40 jd_739d55b768da0数据异常，执行失败
Jan 07 01:30:40 
Jan 07 01:30:40 🔔小鸽有礼-每日抽奖, 结束! 🕛 38.309 秒
Jan 07 01:30:40 
Jan 07 22:30:01 
Jan 07 22:30:01 🔔小鸽有礼-每日抽奖, 开始!
Jan 07 22:30:01 
Jan 07 22:30:01 ====================共1个京东账号Cookie=========
Jan 07 22:30:01 
Jan 07 22:30:02 ==================脚本执行- 北京时间(UTC+8)：2022/1/7 下午10:30:01=====================
Jan 07 22:30:02 
Jan 07 22:30:04 
Jan 07 22:30:04 *****开始【京东账号1】jd_739d55b768da0*****
Jan 07 22:30:04 
Jan 07 22:30:04 =============小哥有礼=============
Jan 07 22:30:04 初始化
Jan 07 22:30:04 开始执行任务:浏览会场  浏览大牌年终盛典 部分599减240元
Jan 07 22:30:05 {"error_response":{"en_desc":"API Call Limited","zh_desc":"API调用次数超限","code":2}}
Jan 07 22:30:05 浏览会场，任务执行失败
Jan 07 22:30:06 开始执行任务:浏览会场  浏览大牌年终盛典 部分599减240元
Jan 07 22:30:06 浏览会场，任务执行成功
Jan 07 22:30:07 开始执行任务:关注店铺  关注“美素佳儿京东自营官方旗舰店”，浏览得抽奖机会
Jan 07 22:30:07 {"error_response":{"en_desc":"API Call Limited","zh_desc":"API调用次数超限","code":2}}
Jan 07 22:30:07 关注店铺，任务执行失败
Jan 07 22:30:08 开始执行任务:关注店铺  关注“美素佳儿京东自营官方旗舰店”，浏览得抽奖机会
Jan 07 22:30:08 {"error_response":{"en_desc":"API Call Limited","zh_desc":"API调用次数超限","code":2}}
Jan 07 22:30:08 关注店铺，任务执行失败
Jan 07 22:30:09 开始执行任务:商品加购  浏览“美素佳儿（Friso Prestige）皇家幼儿配方奶粉 3段（1-3岁幼儿适用） 800克*4 《最后的赢家》联名礼盒”得抽奖机会，浏览后商品将自动加入购物车
Jan 07 22:30:09 {"error_response":{"en_desc":"API Call Limited","zh_desc":"API调用次数超限","code":2}}
Jan 07 22:30:09 商品加购，任务执行失败
Jan 07 22:30:10 开始执行任务:商品加购  浏览“美素佳儿（Friso Prestige）皇家幼儿配方奶粉 3段（1-3岁幼儿适用） 800克*4 《最后的赢家》联名礼盒”得抽奖机会，浏览后商品将自动加入购物车
Jan 07 22:30:10 {"error_response":{"en_desc":"API Call Limited","zh_desc":"API调用次数超限","code":2}}
Jan 07 22:30:10 商品加购，任务执行失败
Jan 07 22:30:14 开始执行任务:浏览会场  浏览大牌年终盛典 部分599减240元
Jan 07 22:30:14 浏览会场，任务执行成功
Jan 07 22:30:15 开始执行任务:浏览会场  逛百草味年货礼盒低至48元
Jan 07 22:30:15 浏览会场，任务执行成功
Jan 07 22:30:16 开始执行任务:关注店铺  关注“美素佳儿京东自营官方旗舰店”，浏览得抽奖机会
Jan 07 22:30:16 {"error_response":{"en_desc":"API Call Limited","zh_desc":"API调用次数超限","code":2}}
Jan 07 22:30:16 关注店铺，任务执行失败
Jan 07 22:30:17 开始执行任务:关注店铺  关注“美素佳儿京东自营官方旗舰店”，浏览得抽奖机会
Jan 07 22:30:17 {"error_response":{"en_desc":"API Call Limited","zh_desc":"API调用次数超限","code":2}}
Jan 07 22:30:17 关注店铺，任务执行失败
Jan 07 22:30:18 开始执行任务:商品加购  浏览“美素佳儿（Friso Prestige）皇家幼儿配方奶粉 3段（1-3岁幼儿适用） 800克*4 《最后的赢家》联名礼盒”得抽奖机会，浏览后商品将自动加入购物车
Jan 07 22:30:18 {"error_response":{"en_desc":"API Call Limited","zh_desc":"API调用次数超限","code":2}}
Jan 07 22:30:18 商品加购，任务执行失败
Jan 07 22:30:19 开始执行任务:商品加购  浏览“美素佳儿（Friso Prestige）皇家幼儿配方奶粉 3段（1-3岁幼儿适用） 800克*4 《最后的赢家》联名礼盒”得抽奖机会，浏览后商品将自动加入购物车
Jan 07 22:30:19 {"error_response":{"en_desc":"API Call Limited","zh_desc":"API调用次数超限","code":2}}
Jan 07 22:30:19 商品加购，任务执行失败
Jan 07 22:30:23 领取奖励:浏览会场  浏览会场达规定次数后可点击“领取”获得抽奖机会，每日0点刷新次数
Jan 07 22:30:23 浏览会场，领取任务奖励成功
Jan 07 22:30:26 开始执行任务:浏览会场  逛百草味年货礼盒低至48元
Jan 07 22:30:26 {"error_response":{"en_desc":"API Call Limited","zh_desc":"API调用次数超限","code":2}}
Jan 07 22:30:26 浏览会场，任务执行失败
Jan 07 22:30:27 开始执行任务:关注店铺  关注“美素佳儿京东自营官方旗舰店”，浏览得抽奖机会
Jan 07 22:30:27 {"error_response":{"en_desc":"API Call Limited","zh_desc":"API调用次数超限","code":2}}
Jan 07 22:30:27 关注店铺，任务执行失败
Jan 07 22:30:28 开始执行任务:关注店铺  关注“美素佳儿京东自营官方旗舰店”，浏览得抽奖机会
Jan 07 22:30:29 关注店铺，任务执行成功
Jan 07 22:30:30 开始执行任务:商品加购  浏览“美素佳儿（Friso Prestige）皇家幼儿配方奶粉 3段（1-3岁幼儿适用） 800克*4 《最后的赢家》联名礼盒”得抽奖机会，浏览后商品将自动加入购物车
Jan 07 22:30:30 商品加购，任务执行成功
Jan 07 22:30:31 开始执行任务:商品加购  浏览“美素佳儿（Friso Prestige）皇家幼儿配方奶粉 3段（1-3岁幼儿适用） 800克*4 《最后的赢家》联名礼盒”得抽奖机会，浏览后商品将自动加入购物车
Jan 07 22:30:31 {"error_response":{"en_desc":"API Call Limited","zh_desc":"API调用次数超限","code":2}}
Jan 07 22:30:31 商品加购，任务执行失败
Jan 07 22:30:34 开始执行任务:浏览会场  逛百草味年货礼盒低至48元
Jan 07 22:30:34 {"error_response":{"en_desc":"API Call Limited","zh_desc":"API调用次数超限","code":2}}
Jan 07 22:30:34 浏览会场，任务执行失败
Jan 07 22:30:35 开始执行任务:关注店铺  关注“美素佳儿京东自营官方旗舰店”，浏览得抽奖机会
Jan 07 22:30:36 {"error_response":{"en_desc":"API Call Limited","zh_desc":"API调用次数超限","code":2}}
Jan 07 22:30:36 关注店铺，任务执行失败
Jan 07 22:30:37 开始执行任务:关注店铺  关注“雀巢休闲零食自营旗舰店”，浏览得抽奖机会
Jan 07 22:30:37 关注店铺，任务执行成功
Jan 07 22:30:38 开始执行任务:商品加购  浏览“雀巢脆脆鲨休闲零食鲨可棒芝士味注心饼干60g”得抽奖机会，浏览后商品将自动加入购物车
Jan 07 22:30:38 商品加购，任务执行成功
Jan 07 22:30:39 开始执行任务:商品加购  浏览“美素佳儿（Friso Prestige）皇家幼儿配方奶粉 3段（1-3岁幼儿适用） 800克*4 《最后的赢家》联名礼盒”得抽奖机会，浏览后商品将自动加入购物车
Jan 07 22:30:39 {"error_response":{"en_desc":"API Call Limited","zh_desc":"API调用次数超限","code":2}}
Jan 07 22:30:39 商品加购，任务执行失败
Jan 07 22:30:42 开始执行任务:浏览会场  逛百草味年货礼盒低至48元
Jan 07 22:30:42 {"error_response":{"en_desc":"API Call Limited","zh_desc":"API调用次数超限","code":2}}
Jan 07 22:30:42 浏览会场，任务执行失败
Jan 07 22:30:43 开始执行任务:关注店铺  关注“美素佳儿京东自营官方旗舰店”，浏览得抽奖机会
Jan 07 22:30:43 {"error_response":{"en_desc":"API Call Limited","zh_desc":"API调用次数超限","code":2}}
Jan 07 22:30:43 关注店铺，任务执行失败
Jan 07 22:30:44 开始执行任务:关注店铺  关注“大华京东自营官方旗舰店”，浏览得抽奖机会
Jan 07 22:30:45 关注店铺，任务执行成功
Jan 07 22:30:46 开始执行任务:商品加购  浏览“雀巢(Nestle)脆脆鲨 鲨明治 威化饼干 芝士味小粒装77g”得抽奖机会，浏览后商品将自动加入购物车
Jan 07 22:30:46 {"error_response":{"en_desc":"API Call Limited","zh_desc":"API调用次数超限","code":2}}
Jan 07 22:30:46 商品加购，任务执行失败
Jan 07 22:30:47 开始执行任务:商品加购  浏览“美素佳儿（Friso Prestige）皇家幼儿配方奶粉 3段（1-3岁幼儿适用） 800克*4 《最后的赢家》联名礼盒”得抽奖机会，浏览后商品将自动加入购物车
Jan 07 22:30:47 {"error_response":{"en_desc":"API Call Limited","zh_desc":"API调用次数超限","code":2}}
Jan 07 22:30:47 商品加购，任务执行失败
Jan 07 22:30:50 开始执行任务:浏览会场  逛百草味年货礼盒低至48元
Jan 07 22:30:50 浏览会场，任务执行成功
Jan 07 22:30:51 开始执行任务:关注店铺  关注“美素佳儿京东自营官方旗舰店”，浏览得抽奖机会
Jan 07 22:30:52 {"error_response":{"en_desc":"API Call Limited","zh_desc":"API调用次数超限","code":2}}
Jan 07 22:30:52 关注店铺，任务执行失败
Jan 07 22:30:53 开始执行任务:关注店铺  关注“施华蔻京东自营官方旗舰店”
Jan 07 22:30:53 关注店铺，任务执行成功
Jan 07 22:30:54 开始执行任务:商品加购  浏览“雀巢(Nestle)脆脆鲨 鲨明治 威化饼干 芝士味小粒装77g”得抽奖机会，浏览后商品将自动加入购物车
Jan 07 22:30:54 商品加购，任务执行成功
Jan 07 22:30:55 开始执行任务:商品加购  浏览“美素佳儿（Friso Prestige）皇家幼儿配方奶粉 3段（1-3岁幼儿适用） 800克*4 《最后的赢家》联名礼盒”得抽奖机会，浏览后商品将自动加入购物车
Jan 07 22:30:55 {"error_response":{"en_desc":"API Call Limited","zh_desc":"API调用次数超限","code":2}}
Jan 07 22:30:55 商品加购，任务执行失败
Jan 07 22:30:58 领取奖励:浏览会场  浏览会场达规定次数后可点击“领取”获得抽奖机会，每日0点刷新次数
Jan 07 22:30:58 浏览会场，领取任务奖励成功
Jan 07 22:30:59 领取奖励:关注店铺  浏览指定店铺达规定次数可点击“领取”获得抽奖机会
Jan 07 22:31:00 关注店铺，领取任务奖励成功
Jan 07 22:31:03 开始执行任务:关注店铺  关注“美素佳儿京东自营官方旗舰店”，浏览得抽奖机会
Jan 07 22:31:03 {"error_response":{"en_desc":"API Call Limited","zh_desc":"API调用次数超限","code":2}}
Jan 07 22:31:03 关注店铺，任务执行失败
Jan 07 22:31:04 开始执行任务:关注店铺  关注“kuyura可悠然京东自营官方旗舰店”
Jan 07 22:31:04 {"error_response":{"en_desc":"API Call Limited","zh_desc":"API调用次数超限","code":2}}
Jan 07 22:31:04 关注店铺，任务执行失败
Jan 07 22:31:05 开始执行任务:商品加购  浏览“雀巢脆脆鲨休闲零食鲨可棒巧克力味注心饼干60g”，浏览后商品将自动加入购物车
Jan 07 22:31:06 商品加购，任务执行成功
Jan 07 22:31:07 开始执行任务:商品加购  浏览“美素佳儿（Friso Prestige）皇家幼儿配方奶粉 3段（1-3岁幼儿适用） 800克*4 《最后的赢家》联名礼盒”得抽奖机会，浏览后商品将自动加入购物车
Jan 07 22:31:07 商品加购，任务执行成功
Jan 07 22:31:10 开始执行任务:关注店铺  关注“美素佳儿京东自营官方旗舰店”，浏览得抽奖机会
Jan 07 22:31:10 {"error_response":{"en_desc":"API Call Limited","zh_desc":"API调用次数超限","code":2}}
Jan 07 22:31:10 关注店铺，任务执行失败
Jan 07 22:31:11 开始执行任务:关注店铺  关注“kuyura可悠然京东自营官方旗舰店”
Jan 07 22:31:11 {"error_response":{"en_desc":"API Call Limited","zh_desc":"API调用次数超限","code":2}}
Jan 07 22:31:11 关注店铺，任务执行失败
Jan 07 22:31:12 开始执行任务:商品加购  浏览“大华dahua监控摄像头200万室外3吋网络无线旋转云台球机监控语音对讲红外夜视全景旋转手机远程DH-SD-3A1200”得抽奖机会，浏览后商品将自动加入购物车
Jan 07 22:31:13 商品加购，任务执行成功
Jan 07 22:31:14 开始执行任务:商品加购  浏览“雀巢脆脆鲨休闲零食鲨可棒芝士味注心饼干60g”得抽奖机会，浏览后商品将自动加入购物车
Jan 07 22:31:14 商品加购，任务执行成功
Jan 07 22:31:17 领取奖励:商品加购  浏览指定商品达规定次数可点击“领取”获得抽奖机会
Jan 07 22:31:17 商品加购，领取任务奖励成功
Jan 07 22:31:20 开始执行任务:关注店铺  关注“美素佳儿京东自营官方旗舰店”，浏览得抽奖机会
Jan 07 22:31:21 关注店铺，任务执行成功
Jan 07 22:31:22 开始执行任务:关注店铺  关注“kuyura可悠然京东自营官方旗舰店”
Jan 07 22:31:22 关注店铺，任务执行成功
Jan 07 22:31:23 开始执行任务:商品加购  浏览“施华蔻多效修护洗发露600ml”得抽奖机会，浏览后商品将自动加入购物车
Jan 07 22:31:23 {"error_response":{"en_desc":"API Call Limited","zh_desc":"API调用次数超限","code":2}}
Jan 07 22:31:23 商品加购，任务执行失败
Jan 07 22:31:24 开始执行任务:商品加购  浏览“雀巢(Nestle)脆脆鲨 鲨明治 威化饼干 芝士味小粒装77g”得抽奖机会，浏览后商品将自动加入购物车
Jan 07 22:31:24 {"error_response":{"en_desc":"API Call Limited","zh_desc":"API调用次数超限","code":2}}
Jan 07 22:31:24 商品加购，任务执行失败
Jan 07 22:31:28 开始执行任务:关注店铺  关注“雀巢休闲零食自营旗舰店”，浏览得抽奖机会
Jan 07 22:31:28 关注店铺，任务执行成功
Jan 07 22:31:29 开始执行任务:关注店铺  关注“吕（Ryo）京东自营官方旗舰店”
Jan 07 22:31:29 {"error_response":{"en_desc":"API Call Limited","zh_desc":"API调用次数超限","code":2}}
Jan 07 22:31:29 关注店铺，任务执行失败
Jan 07 22:31:30 开始执行任务:商品加购  浏览“施华蔻多效修护洗发露600ml”得抽奖机会，浏览后商品将自动加入购物车
Jan 07 22:31:30 {"error_response":{"en_desc":"API Call Limited","zh_desc":"API调用次数超限","code":2}}
Jan 07 22:31:30 商品加购，任务执行失败
Jan 07 22:31:31 开始执行任务:商品加购  浏览“雀巢(Nestle)脆脆鲨 鲨明治 威化饼干 芝士味小粒装77g”得抽奖机会，浏览后商品将自动加入购物车
Jan 07 22:31:31 {"error_response":{"en_desc":"API Call Limited","zh_desc":"API调用次数超限","code":2}}
Jan 07 22:31:31 商品加购，任务执行失败
Jan 07 22:31:34 开始执行任务:关注店铺  关注“大华京东自营官方旗舰店”，浏览得抽奖机会
Jan 07 22:31:35 关注店铺，任务执行成功
Jan 07 22:31:36 开始执行任务:关注店铺  关注“吕（Ryo）京东自营官方旗舰店”
Jan 07 22:31:36 关注店铺，任务执行成功
Jan 07 22:31:37 开始执行任务:商品加购  浏览“施华蔻多效修护洗发露600ml”得抽奖机会，浏览后商品将自动加入购物车
Jan 07 22:31:37 {"error_response":{"en_desc":"API Call Limited","zh_desc":"API调用次数超限","code":2}}
Jan 07 22:31:37 商品加购，任务执行失败
Jan 07 22:31:38 开始执行任务:商品加购  浏览“雀巢(Nestle)脆脆鲨 鲨明治 威化饼干 芝士味小粒装77g”得抽奖机会，浏览后商品将自动加入购物车
Jan 07 22:31:38 {"error_response":{"en_desc":"API Call Limited","zh_desc":"API调用次数超限","code":2}}
Jan 07 22:31:38 商品加购，任务执行失败
Jan 07 22:31:41 开始执行任务:关注店铺  关注“施华蔻京东自营官方旗舰店”
Jan 07 22:31:42 关注店铺，任务执行成功
Jan 07 22:31:43 开始执行任务:关注店铺  关注“ 迪士尼（Disney）儿童玩具京东自营专区 ”
Jan 07 22:31:43 关注店铺，任务执行成功
Jan 07 22:31:44 开始执行任务:商品加购  浏览“施华蔻多效修护洗发露600ml”得抽奖机会，浏览后商品将自动加入购物车
Jan 07 22:31:44 {"error_response":{"en_desc":"API Call Limited","zh_desc":"API调用次数超限","code":2}}
Jan 07 22:31:44 商品加购，任务执行失败
Jan 07 22:31:45 开始执行任务:商品加购  浏览“雀巢(Nestle)脆脆鲨 鲨明治 威化饼干 芝士味小粒装77g”得抽奖机会，浏览后商品将自动加入购物车
Jan 07 22:31:45 {"error_response":{"en_desc":"API Call Limited","zh_desc":"API调用次数超限","code":2}}
Jan 07 22:31:45 商品加购，任务执行失败
Jan 07 22:31:48 领取奖励:关注店铺  浏览指定店铺达规定次数可点击“领取”获得抽奖机会
Jan 07 22:31:48 关注店铺，领取任务奖励成功
Jan 07 22:31:52 开始执行任务:关注店铺  关注“kuyura可悠然京东自营官方旗舰店”
Jan 07 22:31:52 {"error_response":{"en_desc":"API Call Limited","zh_desc":"API调用次数超限","code":2}}
Jan 07 22:31:52 关注店铺，任务执行失败
Jan 07 22:31:53 开始执行任务:关注店铺  关注“云米智能京东自营旗舰店”
Jan 07 22:31:53 {"error_response":{"en_desc":"API Call Limited","zh_desc":"API调用次数超限","code":2}}
Jan 07 22:31:53 关注店铺，任务执行失败
Jan 07 22:31:54 开始执行任务:商品加购  浏览“施华蔻多效修护洗发露600ml”得抽奖机会，浏览后商品将自动加入购物车
Jan 07 22:31:54 {"error_response":{"en_desc":"API Call Limited","zh_desc":"API调用次数超限","code":2}}
Jan 07 22:31:54 商品加购，任务执行失败
Jan 07 22:31:55 开始执行任务:商品加购  浏览“雀巢(Nestle)脆脆鲨 鲨明治 威化饼干 芝士味小粒装77g”得抽奖机会，浏览后商品将自动加入购物车
Jan 07 22:31:56 商品加购，任务执行成功
Jan 07 22:31:59 开始执行任务:关注店铺  关注“kuyura可悠然京东自营官方旗舰店”
Jan 07 22:31:59 {"error_response":{"en_desc":"API Call Limited","zh_desc":"API调用次数超限","code":2}}
Jan 07 22:31:59 关注店铺，任务执行失败
Jan 07 22:32:00 开始执行任务:关注店铺  关注“云米智能京东自营旗舰店”
Jan 07 22:32:00 {"error_response":{"en_desc":"API Call Limited","zh_desc":"API调用次数超限","code":2}}
Jan 07 22:32:00 关注店铺，任务执行失败
Jan 07 22:32:01 开始执行任务:商品加购  浏览“施华蔻多效修护洗发露600ml”得抽奖机会，浏览后商品将自动加入购物车
Jan 07 22:32:01 {"error_response":{"en_desc":"API Call Limited","zh_desc":"API调用次数超限","code":2}}
Jan 07 22:32:01 商品加购，任务执行失败
Jan 07 22:32:02 开始执行任务:商品加购  浏览“雀巢脆脆鲨休闲零食鲨可棒巧克力味注心饼干60g”，浏览后商品将自动加入购物车
Jan 07 22:32:03 {"error_response":{"en_desc":"API Call Limited","zh_desc":"API调用次数超限","code":2}}
Jan 07 22:32:03 商品加购，任务执行失败
Jan 07 22:32:06 共有7次抽奖机会
Jan 07 22:32:07 小鸽有礼-每日抽奖第1次抽奖，获得：未中奖
Jan 07 22:32:08 小鸽有礼-每日抽奖第2次抽奖，获得：未中奖
Jan 07 22:32:09 小鸽有礼-每日抽奖第3次抽奖，获得：未中奖
Jan 07 22:32:11 小鸽有礼-每日抽奖第4次抽奖，获得：未中奖
Jan 07 22:32:12 小鸽有礼-每日抽奖第5次抽奖，获得：未中奖
Jan 07 22:32:13 小鸽有礼-每日抽奖第6次抽奖，获得：未中奖
Jan 07 22:32:14 小鸽有礼-每日抽奖第7次抽奖，获得：未中奖
Jan 07 22:32:15 获得京豆总计0
Jan 07 22:32:15 =============每日转盘=============
Jan 07 22:32:15 初始化
Jan 07 22:32:15 jd_739d55b768da0数据异常，执行失败
Jan 07 22:32:15 
Jan 07 22:32:15 🔔小鸽有礼-每日抽奖, 结束! 🕛 134.154 秒
Jan 07 22:32:15 
Jan 07 23:30:01 
Jan 07 23:30:01 🔔小鸽有礼-每日抽奖, 开始!
Jan 07 23:30:01 
Jan 07 23:30:01 ====================共1个京东账号Cookie=========
Jan 07 23:30:01 
Jan 07 23:30:01 ==================脚本执行- 北京时间(UTC+8)：2022/1/7 下午11:30:01=====================
Jan 07 23:30:01 
Jan 07 23:30:02 
Jan 07 23:30:02 *****开始【京东账号1】jd_739d55b768da0*****
Jan 07 23:30:02 
Jan 07 23:30:02 =============小哥有礼=============
Jan 07 23:30:03 初始化
Jan 07 23:30:03 开始执行任务:关注店铺  关注“kuyura可悠然京东自营官方旗舰店”
Jan 07 23:30:03 关注店铺，任务执行成功
Jan 07 23:30:04 开始执行任务:关注店铺  关注“云米智能京东自营旗舰店”
Jan 07 23:30:04 {"error_response":{"en_desc":"API Call Limited","zh_desc":"API调用次数超限","code":2}}
Jan 07 23:30:04 关注店铺，任务执行失败
Jan 07 23:30:05 开始执行任务:商品加购  浏览“施华蔻多效修护洗发露600ml”得抽奖机会，浏览后商品将自动加入购物车
Jan 07 23:30:05 商品加购，任务执行成功
Jan 07 23:30:06 开始执行任务:商品加购  浏览“雀巢脆脆鲨休闲零食鲨可棒巧克力味注心饼干60g”，浏览后商品将自动加入购物车
Jan 07 23:30:07 商品加购，任务执行成功
Jan 07 23:30:10 开始执行任务:关注店铺  关注“吕（Ryo）京东自营官方旗舰店”
Jan 07 23:30:10 {"error_response":{"en_desc":"API Call Limited","zh_desc":"API调用次数超限","code":2}}
Jan 07 23:30:10 关注店铺，任务执行失败
Jan 07 23:30:11 开始执行任务:关注店铺  关注“云米智能京东自营旗舰店”
Jan 07 23:30:11 {"error_response":{"en_desc":"API Call Limited","zh_desc":"API调用次数超限","code":2}}
Jan 07 23:30:11 关注店铺，任务执行失败
Jan 07 23:30:12 开始执行任务:商品加购  浏览“惠润(SUPER MiLD)洗发水柔净绿野芳香洗发露600ml男士女士通用原装进口0硅油蓬松柔顺弱酸性更温和洗头膏”得抽奖机会，浏览后商品将自动加入购物车
Jan 07 23:30:12 {"error_response":{"en_desc":"API Call Limited","zh_desc":"API调用次数超限","code":2}}
Jan 07 23:30:12 商品加购，任务执行失败
Jan 07 23:30:13 开始执行任务:商品加购  浏览“大华dahua监控摄像头200万室外3吋网络无线旋转云台球机监控语音对讲红外夜视全景旋转手机远程DH-SD-3A1200”得抽奖机会，浏览后商品将自动加入购物车
Jan 07 23:30:14 商品加购，任务执行成功
Jan 07 23:30:17 领取奖励:商品加购  浏览指定商品达规定次数可点击“领取”获得抽奖机会
Jan 07 23:30:17 商品加购，领取任务奖励成功
Jan 07 23:30:21 开始执行任务:关注店铺  关注“吕（Ryo）京东自营官方旗舰店”
Jan 07 23:30:21 关注店铺，任务执行成功
Jan 07 23:30:22 开始执行任务:关注店铺  关注“云米智能京东自营旗舰店”
Jan 07 23:30:22 关注店铺，任务执行成功
Jan 07 23:30:23 开始执行任务:商品加购  浏览“惠润(SUPER MiLD)洗发水柔净绿野芳香洗发露600ml男士女士通用原装进口0硅油蓬松柔顺弱酸性更温和洗头膏”得抽奖机会，浏览后商品将自动加入购物车
Jan 07 23:30:23 {"error_response":{"en_desc":"API Call Limited","zh_desc":"API调用次数超限","code":2}}
Jan 07 23:30:23 商品加购，任务执行失败
Jan 07 23:30:24 开始执行任务:商品加购  浏览“施华蔻多效修护洗发露600ml”得抽奖机会，浏览后商品将自动加入购物车
Jan 07 23:30:24 {"error_response":{"en_desc":"API Call Limited","zh_desc":"API调用次数超限","code":2}}
Jan 07 23:30:24 商品加购，任务执行失败
Jan 07 23:30:28 领取奖励:关注店铺  浏览指定店铺达规定次数可点击“领取”获得抽奖机会
Jan 07 23:30:28 关注店铺，领取任务奖励成功
Jan 07 23:30:31 开始执行任务:关注店铺  关注“ 迪士尼（Disney）儿童玩具京东自营专区 ”
Jan 07 23:30:31 {"error_response":{"en_desc":"API Call Limited","zh_desc":"API调用次数超限","code":2}}
Jan 07 23:30:31 关注店铺，任务执行失败
Jan 07 23:30:32 开始执行任务:商品加购  浏览“惠润(SUPER MiLD)洗发水柔净绿野芳香洗发露600ml男士女士通用原装进口0硅油蓬松柔顺弱酸性更温和洗头膏”得抽奖机会，浏览后商品将自动加入购物车
Jan 07 23:30:32 {"error_response":{"en_desc":"API Call Limited","zh_desc":"API调用次数超限","code":2}}
Jan 07 23:30:32 商品加购，任务执行失败
Jan 07 23:30:33 开始执行任务:商品加购  浏览“施华蔻多效修护洗发露600ml”得抽奖机会，浏览后商品将自动加入购物车
Jan 07 23:30:34 商品加购，任务执行成功
Jan 07 23:30:37 开始执行任务:关注店铺  关注“ 迪士尼（Disney）儿童玩具京东自营专区 ”
Jan 07 23:30:37 {"error_response":{"en_desc":"API Call Limited","zh_desc":"API调用次数超限","code":2}}
Jan 07 23:30:37 关注店铺，任务执行失败
Jan 07 23:30:38 开始执行任务:商品加购  浏览“惠润(SUPER MiLD)洗发水柔净绿野芳香洗发露600ml男士女士通用原装进口0硅油蓬松柔顺弱酸性更温和洗头膏”得抽奖机会，浏览后商品将自动加入购物车
Jan 07 23:30:38 {"error_response":{"en_desc":"API Call Limited","zh_desc":"API调用次数超限","code":2}}
Jan 07 23:30:38 商品加购，任务执行失败
Jan 07 23:30:39 开始执行任务:商品加购  浏览“惠润(SUPER MiLD)洗发水柔净绿野芳香洗发露600ml男士女士通用原装进口0硅油蓬松柔顺弱酸性更温和洗头膏”得抽奖机会，浏览后商品将自动加入购物车
Jan 07 23:30:39 {"error_response":{"en_desc":"API Call Limited","zh_desc":"API调用次数超限","code":2}}
Jan 07 23:30:39 商品加购，任务执行失败
Jan 07 23:30:43 共有2次抽奖机会
Jan 07 23:30:44 小鸽有礼-每日抽奖第1次抽奖，获得：未中奖
Jan 07 23:30:45 小鸽有礼-每日抽奖第2次抽奖，获得：未中奖
Jan 07 23:30:46 获得京豆总计0
Jan 07 23:30:46 =============每日转盘=============
Jan 07 23:30:46 初始化
Jan 07 23:30:46 jd_739d55b768da0数据异常，执行失败
Jan 07 23:30:46 
Jan 07 23:30:46 🔔小鸽有礼-每日抽奖, 结束! 🕛 45.603 秒
Jan 07 23:30:46 
Jan 08 01:30:01 
Jan 08 01:30:01 🔔小鸽有礼-每日抽奖, 开始!
Jan 08 01:30:01 
Jan 08 01:30:01 ====================共1个京东账号Cookie=========
Jan 08 01:30:01 
Jan 08 01:30:01 ==================脚本执行- 北京时间(UTC+8)：2022/1/8 上午1:30:01=====================
Jan 08 01:30:01 
Jan 08 01:30:03 
Jan 08 01:30:03 *****开始【京东账号1】jd_739d55b768da0*****
Jan 08 01:30:03 
Jan 08 01:30:03 =============小哥有礼=============
Jan 08 01:30:04 初始化
Jan 08 01:30:04 jd_739d55b768da0获取任务列表失败
Jan 08 01:30:04 =============每日转盘=============
Jan 08 01:30:04 初始化
Jan 08 01:30:04 jd_739d55b768da0数据异常，执行失败
Jan 08 01:30:04 
Jan 08 01:30:04 🔔小鸽有礼-每日抽奖, 结束! 🕛 2.855 秒
Jan 08 01:30:04 
Jan 08 22:30:00 
Jan 08 22:30:00 🔔小鸽有礼-每日抽奖, 开始!
Jan 08 22:30:00 
Jan 08 22:30:00 ====================共1个京东账号Cookie=========
Jan 08 22:30:00 
Jan 08 22:30:01 ==================脚本执行- 北京时间(UTC+8)：2022/1/8 下午10:30:00=====================
Jan 08 22:30:01 
Jan 08 22:30:03 
Jan 08 22:30:03 *****开始【京东账号1】jd_739d55b768da0*****
Jan 08 22:30:03 
Jan 08 22:30:03 =============小哥有礼=============
Jan 08 22:30:03 初始化
Jan 08 22:30:03 开始执行任务:每日签到  每日可获得1次抽奖机会
Jan 08 22:30:04 每日签到，任务执行成功
Jan 08 22:30:05 开始执行任务:每日分享好友  分享后点击“领取”获得抽奖机会，每日0点刷新
Jan 08 22:30:05 每日分享好友，任务执行成功
Jan 08 22:30:06 开始执行任务:浏览会场  浏览大牌年终盛典 部分599减240元
Jan 08 22:30:06 浏览会场，任务执行成功
Jan 08 22:30:07 开始执行任务:浏览会场  浏览大牌年终盛典 部分599减240元
Jan 08 22:30:07 浏览会场，任务执行成功
Jan 08 22:30:08 开始执行任务:关注店铺  关注“ 迪士尼（Disney）儿童玩具京东自营专区 ”
Jan 08 22:30:08 {"error_response":{"en_desc":"API Call Limited","zh_desc":"API调用次数超限","code":2}}
Jan 08 22:30:08 关注店铺，任务执行失败
Jan 08 22:30:09 开始执行任务:商品加购  浏览“惠润(SUPER MiLD)洗发水柔净绿野芳香洗发露600ml男士女士通用原装进口0硅油蓬松柔顺弱酸性更温和洗头膏”得抽奖机会，浏览后商品将自动加入购物车
Jan 08 22:30:09 {"error_response":{"en_desc":"API Call Limited","zh_desc":"API调用次数超限","code":2}}
Jan 08 22:30:09 商品加购，任务执行失败
Jan 08 22:30:10 开始执行任务:商品加购  浏览“惠润(SUPER MiLD)洗发水柔净绿野芳香洗发露600ml男士女士通用原装进口0硅油蓬松柔顺弱酸性更温和洗头膏”得抽奖机会，浏览后商品将自动加入购物车
Jan 08 22:30:11 商品加购，任务执行成功
Jan 08 22:30:14 领取奖励:每日签到  每日可获得1次抽奖机会
Jan 08 22:30:14 每日签到，领取任务奖励成功
Jan 08 22:30:15 领取奖励:每日分享好友  分享后点击“领取”获得抽奖机会，每日0点刷新
Jan 08 22:30:15 每日分享好友，领取任务奖励成功
Jan 08 22:30:18 开始执行任务:浏览会场  逛百草味年货礼盒低至48元
Jan 08 22:30:19 浏览会场，任务执行成功
Jan 08 22:30:20 开始执行任务:浏览会场  逛百草味年货礼盒低至48元
Jan 08 22:30:20 浏览会场，任务执行成功
Jan 08 22:30:21 开始执行任务:关注店铺  关注“ 迪士尼（Disney）儿童玩具京东自营专区 ”
Jan 08 22:30:21 关注店铺，任务执行成功
Jan 08 22:30:22 开始执行任务:商品加购  浏览“惠润(SUPER MiLD)洗发水柔净绿野芳香洗发露600ml男士女士通用原装进口0硅油蓬松柔顺弱酸性更温和洗头膏”得抽奖机会，浏览后商品将自动加入购物车
Jan 08 22:30:22 商品加购，任务执行成功
Jan 08 22:30:23 开始执行任务:商品加购  浏览“【京东JOY联名款】吕(Ryo)滋养韧发密集强韧洗护礼盒(油性洗发水400ml*2+护发乳200ml*1) 韩国进口 紫吕礼盒”得抽奖机会，浏览后商品将自动加入购物车
Jan 08 22:30:23 {"error_response":{"en_desc":"API Call Limited","zh_desc":"API调用次数超限","code":2}}
Jan 08 22:30:23 商品加购，任务执行失败
Jan 08 22:30:27 领取奖励:浏览会场  浏览会场达规定次数后可点击“领取”获得抽奖机会，每日0点刷新次数
Jan 08 22:30:27 浏览会场，领取任务奖励成功
Jan 08 22:30:28 领取奖励:浏览会场  浏览会场达规定次数后可点击“领取”获得抽奖机会，每日0点刷新次数
Jan 08 22:30:28 浏览会场，领取任务奖励成功
Jan 08 22:30:31 开始执行任务:关注店铺  关注“云米智能京东自营旗舰店”
Jan 08 22:30:31 关注店铺，任务执行成功
Jan 08 22:30:32 开始执行任务:商品加购  浏览“【京东JOY联名款】吕(Ryo)滋养韧发密集强韧洗护礼盒(油性洗发水400ml*2+护发乳200ml*1) 韩国进口 紫吕礼盒”得抽奖机会，浏览后商品将自动加入购物车
Jan 08 22:30:32 {"error_response":{"en_desc":"API Call Limited","zh_desc":"API调用次数超限","code":2}}
Jan 08 22:30:32 商品加购，任务执行失败
Jan 08 22:30:33 开始执行任务:商品加购  浏览“【京东JOY联名款】吕(Ryo)滋养韧发密集强韧洗护礼盒(油性洗发水400ml*2+护发乳200ml*1) 韩国进口 紫吕礼盒”得抽奖机会，浏览后商品将自动加入购物车
Jan 08 22:30:34 商品加购，任务执行成功
Jan 08 22:30:37 领取奖励:关注店铺  浏览指定店铺达规定次数可点击“领取”获得抽奖机会
Jan 08 22:30:37 关注店铺，领取任务奖励成功
Jan 08 22:30:40 开始执行任务:商品加购  浏览“【京东JOY联名款】吕(Ryo)滋养韧发密集强韧洗护礼盒(油性洗发水400ml*2+护发乳200ml*1) 韩国进口 紫吕礼盒”得抽奖机会，浏览后商品将自动加入购物车
Jan 08 22:30:41 商品加购，任务执行成功
Jan 08 22:30:42 开始执行任务:商品加购  浏览“ 迪士尼冰雪星空投影仪充电款 ”得抽奖机会，浏览后商品将自动加入购物车
Jan 08 22:30:42 商品加购，任务执行成功
Jan 08 22:30:45 开始执行任务:商品加购  浏览“ 迪士尼冰雪星空投影仪充电款 ”得抽奖机会，浏览后商品将自动加入购物车
Jan 08 22:30:45 商品加购，任务执行成功
Jan 08 22:30:46 开始执行任务:商品加购  浏览“云米（VIOMI）1.5匹 智能变频冷暖 Milano 2 米兰 AI语音控制 以旧换新 新一级空调挂机 KFRd-35GW/Y3YM6-A1”得抽奖机会，浏览后商品将自动加入购物车
Jan 08 22:30:46 商品加购，任务执行成功
Jan 08 22:30:50 开始执行任务:商品加购  浏览“云米（VIOMI）1.5匹 智能变频冷暖 Milano 2 米兰 AI语音控制 以旧换新 新一级空调挂机 KFRd-35GW/Y3YM6-A1”得抽奖机会，浏览后商品将自动加入购物车
Jan 08 22:30:50 商品加购，任务执行成功
Jan 08 22:30:51 开始执行任务:商品加购  浏览“云米（VIOMI）10公斤全自动滚筒洗衣机 Master2 超薄机身 洗烘一体 智能精准双投放 彩屏触控 WD10FT-G6A”得抽奖机会，浏览后商品将自动加入购物车
Jan 08 22:30:51 商品加购，任务执行成功
Jan 08 22:30:54 领取奖励:商品加购  浏览指定商品达规定次数可点击“领取”获得抽奖机会
Jan 08 22:30:54 商品加购，领取任务奖励成功
Jan 08 22:30:58 开始执行任务:商品加购  浏览“云米（VIOMI）10公斤全自动滚筒洗衣机 Master2 超薄机身 洗烘一体 智能精准双投放 彩屏触控 WD10FT-G6A”得抽奖机会，浏览后商品将自动加入购物车
Jan 08 22:30:58 商品加购，任务执行成功
Jan 08 22:31:01 领取奖励:商品加购  浏览指定商品达规定次数可点击“领取”获得抽奖机会
Jan 08 22:31:01 商品加购，领取任务奖励成功
Jan 08 22:31:05 共有8次抽奖机会
Jan 08 22:31:06 小鸽有礼-每日抽奖第1次抽奖，获得：未中奖
Jan 08 22:31:07 小鸽有礼-每日抽奖第2次抽奖，获得：未中奖
Jan 08 22:31:08 小鸽有礼-每日抽奖第3次抽奖，获得：未中奖
Jan 08 22:31:09 小鸽有礼-每日抽奖第4次抽奖，获得：未中奖
Jan 08 22:31:10 小鸽有礼-每日抽奖第5次抽奖，获得：未中奖
Jan 08 22:31:12 小鸽有礼-每日抽奖第6次抽奖，获得：未中奖
Jan 08 22:31:13 小鸽有礼-每日抽奖第7次抽奖，获得：未中奖
Jan 08 22:31:14 小鸽有礼-每日抽奖第8次抽奖，获得：未中奖
Jan 08 22:31:15 获得京豆总计0
Jan 08 22:31:15 =============每日转盘=============
Jan 08 22:31:15 初始化
Jan 08 22:31:15 jd_739d55b768da0数据异常，执行失败
Jan 08 22:31:15 
Jan 08 22:31:15 🔔小鸽有礼-每日抽奖, 结束! 🕛 75.08 秒
Jan 08 22:31:15 
Jan 08 23:30:00 
Jan 08 23:30:00 🔔小鸽有礼-每日抽奖, 开始!
Jan 08 23:30:00 
Jan 08 23:30:00 ====================共1个京东账号Cookie=========
Jan 08 23:30:00 
Jan 08 23:30:00 ==================脚本执行- 北京时间(UTC+8)：2022/1/8 下午11:30:00=====================
Jan 08 23:30:00 
Jan 08 23:30:02 
Jan 08 23:30:02 *****开始【京东账号1】jd_739d55b768da0*****
Jan 08 23:30:02 
Jan 08 23:30:02 =============小哥有礼=============
Jan 08 23:30:02 初始化
Jan 08 23:30:02 共有0次抽奖机会
Jan 08 23:30:03 获得京豆总计0
Jan 08 23:30:03 =============每日转盘=============
Jan 08 23:30:03 初始化
Jan 08 23:30:03 jd_739d55b768da0数据异常，执行失败
Jan 08 23:30:03 
Jan 08 23:30:03 🔔小鸽有礼-每日抽奖, 结束! 🕛 3.53 秒
Jan 08 23:30:03 
Jan 09 01:30:01 
Jan 09 01:30:01 🔔小鸽有礼-每日抽奖, 开始!
Jan 09 01:30:01 
Jan 09 01:30:01 ====================共1个京东账号Cookie=========
Jan 09 01:30:01 
Jan 09 01:30:02 ==================脚本执行- 北京时间(UTC+8)：2022/1/9 上午1:30:01=====================
Jan 09 01:30:02 
Jan 09 01:30:03 
Jan 09 01:30:03 *****开始【京东账号1】jd_739d55b768da0*****
Jan 09 01:30:03 
Jan 09 01:30:03 =============小哥有礼=============
Jan 09 01:30:04 初始化
Jan 09 01:30:04 开始执行任务:每日签到  每日可获得1次抽奖机会
Jan 09 01:30:04 每日签到，任务执行成功
Jan 09 01:30:05 开始执行任务:每日分享好友  分享后点击“领取”获得抽奖机会，每日0点刷新
Jan 09 01:30:05 每日分享好友，任务执行成功
Jan 09 01:30:06 开始执行任务:浏览会场  浏览大牌年终盛典 部分599减240元
Jan 09 01:30:06 {"error_response":{"en_desc":"API Call Limited","zh_desc":"API调用次数超限","code":2}}
Jan 09 01:30:06 浏览会场，任务执行失败
Jan 09 01:30:07 开始执行任务:浏览会场  浏览大牌年终盛典 部分599减240元
Jan 09 01:30:07 {"error_response":{"en_desc":"API Call Limited","zh_desc":"API调用次数超限","code":2}}
Jan 09 01:30:07 浏览会场，任务执行失败
Jan 09 01:30:11 领取奖励:每日签到  每日可获得1次抽奖机会
Jan 09 01:30:11 每日签到，领取任务奖励成功
Jan 09 01:30:12 领取奖励:每日分享好友  分享后点击“领取”获得抽奖机会，每日0点刷新
Jan 09 01:30:12 每日分享好友，领取任务奖励成功
Jan 09 01:30:15 开始执行任务:浏览会场  浏览大牌年终盛典 部分599减240元
Jan 09 01:30:15 {"error_response":{"en_desc":"API Call Limited","zh_desc":"API调用次数超限","code":2}}
Jan 09 01:30:15 浏览会场，任务执行失败
Jan 09 01:30:16 开始执行任务:浏览会场  浏览大牌年终盛典 部分599减240元
Jan 09 01:30:17 浏览会场，任务执行成功
Jan 09 01:30:20 开始执行任务:浏览会场  浏览大牌年终盛典 部分599减240元
Jan 09 01:30:20 浏览会场，任务执行成功
Jan 09 01:30:21 开始执行任务:浏览会场  逛百草味年货礼盒低至48元
Jan 09 01:30:21 浏览会场，任务执行成功
Jan 09 01:30:25 领取奖励:浏览会场  浏览会场达规定次数后可点击“领取”获得抽奖机会，每日0点刷新次数
Jan 09 01:30:25 浏览会场，领取任务奖励成功
Jan 09 01:30:28 开始执行任务:浏览会场  逛百草味年货礼盒低至48元
Jan 09 01:30:28 浏览会场，任务执行成功
Jan 09 01:30:31 共有4次抽奖机会
Jan 09 01:30:33 小鸽有礼-每日抽奖第1次抽奖，获得：未中奖
Jan 09 01:30:34 小鸽有礼-每日抽奖第2次抽奖，获得：未中奖
Jan 09 01:30:35 小鸽有礼-每日抽奖第3次抽奖，获得：未中奖
Jan 09 01:30:36 小鸽有礼-每日抽奖第4次抽奖，获得：未中奖
Jan 09 01:30:37 获得京豆总计0
Jan 09 01:30:37 =============每日转盘=============
Jan 09 01:30:38 初始化
Jan 09 01:30:38 jd_739d55b768da0数据异常，执行失败
Jan 09 01:30:38 
Jan 09 01:30:38 🔔小鸽有礼-每日抽奖, 结束! 🕛 36.367 秒
Jan 09 01:30:38 
