Jan 07 00:28:00 
Jan 07 00:28:00 🔔天天提鹅, 开始!
Jan 07 00:28:00 
Jan 07 00:28:00 ====================共1个京东账号Cookie=========
Jan 07 00:28:00 
Jan 07 00:28:00 ==================脚本执行- 北京时间(UTC+8)：2022/1/7 上午12:28:00=====================
Jan 07 00:28:00 
Jan 07 00:28:05 
Jan 07 00:28:05 ***********开始【京东账号1】jd_187425zqg********
Jan 07 00:28:05 
Jan 07 00:28:05 天天提鹅（toDailyHome）：活动太火爆，请稍后尝试
Jan 07 00:28:05 
Jan 07 00:28:05 🔔天天提鹅, 结束! 🕛 4.912 秒
Jan 07 00:28:05 
Jan 07 01:28:01 
Jan 07 01:28:01 🔔天天提鹅, 开始!
Jan 07 01:28:01 
Jan 07 01:28:01 ====================共1个京东账号Cookie=========
Jan 07 01:28:01 
Jan 07 01:28:01 ==================脚本执行- 北京时间(UTC+8)：2022/1/7 上午1:28:01=====================
Jan 07 01:28:01 
Jan 07 01:28:04 
Jan 07 01:28:04 ***********开始【京东账号1】jd_187425zqg********
Jan 07 01:28:04 
Jan 07 01:28:05 每日首次登陆签到礼包：10
Jan 07 01:28:05 收取鹅蛋:47个成功
Jan 07 01:28:05 当前总鹅蛋数量:2337
Jan 07 01:28:06 领任务'猜猜大盘涨跌'结果：成功！
Jan 07 01:28:09 兑换金币:4
Jan 07 01:28:09 当前总金币:2150
Jan 07 01:28:09 
Jan 07 01:28:09 🔔天天提鹅, 结束! 🕛 8.792 秒
Jan 07 01:28:09 
Jan 07 02:28:01 
Jan 07 02:28:01 🔔天天提鹅, 开始!
Jan 07 02:28:01 
Jan 07 02:28:01 ====================共1个京东账号Cookie=========
Jan 07 02:28:01 
Jan 07 02:28:01 ==================脚本执行- 北京时间(UTC+8)：2022/1/7 上午2:28:01=====================
Jan 07 02:28:01 
Jan 07 02:28:04 
Jan 07 02:28:04 ***********开始【京东账号1】jd_187425zqg********
Jan 07 02:28:04 
Jan 07 02:28:05 天天提鹅（toDailyHome）：活动太火爆，请稍后尝试
Jan 07 02:28:05 
Jan 07 02:28:05 🔔天天提鹅, 结束! 🕛 4.264 秒
Jan 07 02:28:05 
Jan 07 03:28:01 
Jan 07 03:28:01 🔔天天提鹅, 开始!
Jan 07 03:28:01 
Jan 07 03:28:01 ====================共1个京东账号Cookie=========
Jan 07 03:28:01 
Jan 07 03:28:01 ==================脚本执行- 北京时间(UTC+8)：2022/1/7 上午3:28:01=====================
Jan 07 03:28:01 
Jan 07 03:28:04 
Jan 07 03:28:04 ***********开始【京东账号1】jd_187425zqg********
Jan 07 03:28:04 
Jan 07 03:28:05 收取鹅蛋失败:活动太火爆，请稍后尝试
Jan 07 03:28:06 领任务'免费领无限次分期免息'结果：失败！原因：活动太火爆，请稍后尝试
Jan 07 03:28:09 领任务'分享最高领88元'结果：成功！
Jan 07 03:28:23 做任务'分享最高领88元'结果：成功！领奖励结果：成功！获得10个鹅蛋
Jan 07 03:28:23 兑换金币:1
Jan 07 03:28:23 当前总金币:2151
Jan 07 03:28:23 
Jan 07 03:28:23 🔔天天提鹅, 结束! 🕛 22.507 秒
Jan 07 03:28:23 
Jan 07 04:28:01 
Jan 07 04:28:01 🔔天天提鹅, 开始!
Jan 07 04:28:01 
Jan 07 04:28:01 ====================共1个京东账号Cookie=========
Jan 07 04:28:01 
Jan 07 04:28:01 ==================脚本执行- 北京时间(UTC+8)：2022/1/7 上午4:28:01=====================
Jan 07 04:28:01 
Jan 07 04:28:04 
Jan 07 04:28:04 ***********开始【京东账号1】jd_187425zqg********
Jan 07 04:28:04 
Jan 07 04:28:05 天天提鹅（toDailyHome）：活动太火爆，请稍后尝试
Jan 07 04:28:05 
Jan 07 04:28:05 🔔天天提鹅, 结束! 🕛 4.421 秒
Jan 07 04:28:05 
Jan 07 05:28:00 
Jan 07 05:28:00 🔔天天提鹅, 开始!
Jan 07 05:28:00 
Jan 07 05:28:00 ====================共1个京东账号Cookie=========
Jan 07 05:28:00 
Jan 07 05:28:00 ==================脚本执行- 北京时间(UTC+8)：2022/1/7 上午5:28:00=====================
Jan 07 05:28:00 
Jan 07 05:28:03 
Jan 07 05:28:03 ***********开始【京东账号1】jd_187425zqg********
Jan 07 05:28:03 
Jan 07 05:28:04 收取鹅蛋失败:活动太火爆，请稍后尝试
Jan 07 05:28:05 领任务'免费领无限次分期免息'结果：成功！
Jan 07 05:28:09 做任务'免费领无限次分期免息'结果：成功！领奖励结果：成功！获得25个鹅蛋
Jan 07 05:28:10 兑换金币:3
Jan 07 05:28:10 当前总金币:2154
Jan 07 05:28:10 
Jan 07 05:28:10 🔔天天提鹅, 结束! 🕛 9.914 秒
Jan 07 05:28:10 
Jan 07 06:28:00 
Jan 07 06:28:00 🔔天天提鹅, 开始!
Jan 07 06:28:00 
Jan 07 06:28:00 ====================共1个京东账号Cookie=========
Jan 07 06:28:00 
Jan 07 06:28:00 ==================脚本执行- 北京时间(UTC+8)：2022/1/7 上午6:28:00=====================
Jan 07 06:28:00 
Jan 07 06:28:04 
Jan 07 06:28:04 ***********开始【京东账号1】jd_187425zqg********
Jan 07 06:28:04 
Jan 07 06:28:04 天天提鹅（toDailyHome）：活动太火爆，请稍后尝试
Jan 07 06:28:04 
Jan 07 06:28:04 🔔天天提鹅, 结束! 🕛 4.488 秒
Jan 07 06:28:04 
Jan 07 07:28:00 
Jan 07 07:28:00 🔔天天提鹅, 开始!
Jan 07 07:28:00 
Jan 07 07:28:00 ====================共1个京东账号Cookie=========
Jan 07 07:28:00 
Jan 07 07:28:00 ==================脚本执行- 北京时间(UTC+8)：2022/1/7 上午7:28:00=====================
Jan 07 07:28:00 
Jan 07 07:28:04 
Jan 07 07:28:04 ***********开始【京东账号1】jd_187425zqg********
Jan 07 07:28:04 
Jan 07 07:28:05 收取鹅蛋失败:活动太火爆，请稍后尝试
Jan 07 07:28:05 领任务'逛逛二手好物集市'结果：成功！
Jan 07 07:28:19 做任务'逛逛二手好物集市'结果：成功！领奖励结果：成功！获得10个鹅蛋
Jan 07 07:28:20 兑换金币:1
Jan 07 07:28:20 当前总金币:2155
Jan 07 07:28:20 
Jan 07 07:28:20 🔔天天提鹅, 结束! 🕛 19.905 秒
Jan 07 07:28:20 
Jan 07 08:28:00 
Jan 07 08:28:00 🔔天天提鹅, 开始!
Jan 07 08:28:00 
Jan 07 08:28:00 ====================共1个京东账号Cookie=========
Jan 07 08:28:00 
Jan 07 08:28:00 ==================脚本执行- 北京时间(UTC+8)：2022/1/7 上午8:28:00=====================
Jan 07 08:28:00 
Jan 07 08:28:05 
Jan 07 08:28:05 ***********开始【京东账号1】jd_187425zqg********
Jan 07 08:28:05 
Jan 07 08:28:06 收取鹅蛋失败:活动太火爆，请稍后尝试
Jan 07 08:28:06 领任务'完成一笔手机话费充值'结果：成功！
Jan 07 08:28:10 兑换金币失败:剩余数量不足
Jan 07 08:28:10 
Jan 07 08:28:10 🔔天天提鹅, 结束! 🕛 9.622 秒
Jan 07 08:28:10 
Jan 07 09:28:00 
Jan 07 09:28:00 🔔天天提鹅, 开始!
Jan 07 09:28:00 
Jan 07 09:28:00 ====================共1个京东账号Cookie=========
Jan 07 09:28:00 
Jan 07 09:28:00 ==================脚本执行- 北京时间(UTC+8)：2022/1/7 上午9:28:00=====================
Jan 07 09:28:00 
Jan 07 09:28:04 
Jan 07 09:28:04 ***********开始【京东账号1】jd_187425zqg********
Jan 07 09:28:04 
Jan 07 09:28:06 收取鹅蛋:32个成功
Jan 07 09:28:06 当前总鹅蛋数量:2412
Jan 07 09:28:06 领任务'完成一笔500元信用卡还款'结果：成功！
Jan 07 09:28:10 兑换金币:3
Jan 07 09:28:10 当前总金币:2158
Jan 07 09:28:10 
Jan 07 09:28:10 🔔天天提鹅, 结束! 🕛 9.544 秒
Jan 07 09:28:10 
Jan 07 10:28:00 
Jan 07 10:28:00 🔔天天提鹅, 开始!
Jan 07 10:28:00 
Jan 07 10:28:00 ====================共1个京东账号Cookie=========
Jan 07 10:28:00 
Jan 07 10:28:00 ==================脚本执行- 北京时间(UTC+8)：2022/1/7 上午10:28:00=====================
Jan 07 10:28:00 
Jan 07 10:28:04 
Jan 07 10:28:04 ***********开始【京东账号1】jd_187425zqg********
Jan 07 10:28:04 
Jan 07 10:28:05 收取鹅蛋:32个成功
Jan 07 10:28:05 当前总鹅蛋数量:2442
Jan 07 10:28:05 领任务'购买1000元黄金产品'结果：成功！
Jan 07 10:28:09 兑换金币失败:活动太火爆，请稍后尝试
Jan 07 10:28:09 
Jan 07 10:28:09 🔔天天提鹅, 结束! 🕛 8.61 秒
Jan 07 10:28:09 
Jan 07 11:28:00 
Jan 07 11:28:00 🔔天天提鹅, 开始!
Jan 07 11:28:00 
Jan 07 11:28:00 ====================共1个京东账号Cookie=========
Jan 07 11:28:00 
Jan 07 11:28:00 ==================脚本执行- 北京时间(UTC+8)：2022/1/7 上午11:28:00=====================
Jan 07 11:28:00 
Jan 07 11:28:05 
Jan 07 11:28:05 ***********开始【京东账号1】jd_187425zqg********
Jan 07 11:28:05 
Jan 07 11:28:06 收取鹅蛋:62个成功
Jan 07 11:28:06 当前总鹅蛋数量:2472
Jan 07 11:28:06 兑换金币失败:活动太火爆，请稍后尝试
Jan 07 11:28:06 
Jan 07 11:28:06 🔔天天提鹅, 结束! 🕛 5.746 秒
Jan 07 11:28:06 
Jan 07 12:28:00 
Jan 07 12:28:00 🔔天天提鹅, 开始!
Jan 07 12:28:00 
Jan 07 12:28:00 ====================共1个京东账号Cookie=========
Jan 07 12:28:00 
Jan 07 12:28:00 ==================脚本执行- 北京时间(UTC+8)：2022/1/7 下午12:28:00=====================
Jan 07 12:28:00 
Jan 07 12:28:04 
Jan 07 12:28:04 ***********开始【京东账号1】jd_739d55b768da0********
Jan 07 12:28:04 
Jan 07 12:28:05 收取鹅蛋:92个成功
Jan 07 12:28:05 当前总鹅蛋数量:2502
Jan 07 12:28:06 兑换金币:9
Jan 07 12:28:06 当前总金币:2167
Jan 07 12:28:06 
Jan 07 12:28:06 🔔天天提鹅, 结束! 🕛 5.602 秒
Jan 07 12:28:06 
Jan 07 13:28:00 
Jan 07 13:28:00 🔔天天提鹅, 开始!
Jan 07 13:28:00 
Jan 07 13:28:00 ====================共1个京东账号Cookie=========
Jan 07 13:28:00 
Jan 07 13:28:00 ==================脚本执行- 北京时间(UTC+8)：2022/1/7 下午1:28:00=====================
Jan 07 13:28:00 
Jan 07 13:28:05 
Jan 07 13:28:05 ***********开始【京东账号1】jd_187425zqg********
Jan 07 13:28:05 
Jan 07 13:28:06 收取鹅蛋:32个成功
Jan 07 13:28:06 当前总鹅蛋数量:2532
Jan 07 13:28:06 兑换金币:3
Jan 07 13:28:06 当前总金币:2170
Jan 07 13:28:06 
Jan 07 13:28:06 🔔天天提鹅, 结束! 🕛 5.845 秒
Jan 07 13:28:06 
Jan 07 14:28:00 
Jan 07 14:28:00 🔔天天提鹅, 开始!
Jan 07 14:28:00 
Jan 07 14:28:00 ====================共1个京东账号Cookie=========
Jan 07 14:28:00 
Jan 07 14:28:01 ==================脚本执行- 北京时间(UTC+8)：2022/1/7 下午2:28:00=====================
Jan 07 14:28:01 
Jan 07 14:28:04 
Jan 07 14:28:04 ***********开始【京东账号1】jd_187425zqg********
Jan 07 14:28:04 
Jan 07 14:28:05 收取鹅蛋:32个成功
Jan 07 14:28:05 当前总鹅蛋数量:2562
Jan 07 14:28:06 兑换金币:3
Jan 07 14:28:06 当前总金币:2173
Jan 07 14:28:06 
Jan 07 14:28:06 🔔天天提鹅, 结束! 🕛 5.316 秒
Jan 07 14:28:06 
Jan 07 15:28:01 
Jan 07 15:28:01 🔔天天提鹅, 开始!
Jan 07 15:28:01 
Jan 07 15:28:01 ====================共1个京东账号Cookie=========
Jan 07 15:28:01 
Jan 07 15:28:01 ==================脚本执行- 北京时间(UTC+8)：2022/1/7 下午3:28:01=====================
Jan 07 15:28:01 
Jan 07 15:28:04 
Jan 07 15:28:04 ***********开始【京东账号1】jd_187425zqg********
Jan 07 15:28:04 
Jan 07 15:28:05 收取鹅蛋失败:活动太火爆，请稍后尝试
Jan 07 15:28:06 兑换金币失败:剩余数量不足
Jan 07 15:28:06 
Jan 07 15:28:06 🔔天天提鹅, 结束! 🕛 4.968 秒
Jan 07 15:28:06 
Jan 07 16:28:01 
Jan 07 16:28:01 🔔天天提鹅, 开始!
Jan 07 16:28:01 
Jan 07 16:28:01 ====================共1个京东账号Cookie=========
Jan 07 16:28:01 
Jan 07 16:28:01 ==================脚本执行- 北京时间(UTC+8)：2022/1/7 下午4:28:01=====================
Jan 07 16:28:01 
Jan 07 16:28:04 
Jan 07 16:28:04 ***********开始【京东账号1】jd_187425zqg********
Jan 07 16:28:04 
Jan 07 16:28:05 天天提鹅（toDailyHome）：活动太火爆，请稍后尝试
Jan 07 16:28:05 
Jan 07 16:28:05 🔔天天提鹅, 结束! 🕛 4.522 秒
Jan 07 16:28:05 
Jan 07 17:28:01 
Jan 07 17:28:01 🔔天天提鹅, 开始!
Jan 07 17:28:01 
Jan 07 17:28:01 ====================共1个京东账号Cookie=========
Jan 07 17:28:01 
Jan 07 17:28:01 ==================脚本执行- 北京时间(UTC+8)：2022/1/7 下午5:28:01=====================
Jan 07 17:28:01 
Jan 07 17:28:04 
Jan 07 17:28:04 ***********开始【京东账号1】jd_187425zqg********
Jan 07 17:28:04 
Jan 07 17:28:05 收取鹅蛋:32个成功
Jan 07 17:28:05 当前总鹅蛋数量:2592
Jan 07 17:28:06 兑换金币失败:活动太火爆，请稍后尝试
Jan 07 17:28:06 
Jan 07 17:28:06 🔔天天提鹅, 结束! 🕛 4.922 秒
Jan 07 17:28:06 
Jan 07 18:28:01 
Jan 07 18:28:01 🔔天天提鹅, 开始!
Jan 07 18:28:01 
Jan 07 18:28:01 ====================共1个京东账号Cookie=========
Jan 07 18:28:01 
Jan 07 18:28:01 ==================脚本执行- 北京时间(UTC+8)：2022/1/7 下午6:28:01=====================
Jan 07 18:28:01 
Jan 07 18:28:04 
Jan 07 18:28:04 ***********开始【京东账号1】jd_187425zqg********
Jan 07 18:28:04 
Jan 07 18:28:05 收取鹅蛋:42个成功
Jan 07 18:28:05 当前总鹅蛋数量:2602
Jan 07 18:28:06 兑换金币失败:活动太火爆，请稍后尝试
Jan 07 18:28:06 
Jan 07 18:28:06 🔔天天提鹅, 结束! 🕛 5.015 秒
Jan 07 18:28:06 
Jan 07 19:28:00 
Jan 07 19:28:00 🔔天天提鹅, 开始!
Jan 07 19:28:00 
Jan 07 19:28:00 ====================共1个京东账号Cookie=========
Jan 07 19:28:00 
Jan 07 19:28:00 ==================脚本执行- 北京时间(UTC+8)：2022/1/7 下午7:28:00=====================
Jan 07 19:28:00 
Jan 07 19:28:03 
Jan 07 19:28:03 ***********开始【京东账号1】jd_187425zqg********
Jan 07 19:28:03 
Jan 07 19:28:04 收取鹅蛋:50个成功
Jan 07 19:28:04 当前总鹅蛋数量:2610
Jan 07 19:28:06 兑换金币失败:活动太火爆，请稍后尝试
Jan 07 19:28:06 
Jan 07 19:28:06 🔔天天提鹅, 结束! 🕛 6.007 秒
Jan 07 19:28:06 
Jan 07 20:28:00 
Jan 07 20:28:00 🔔天天提鹅, 开始!
Jan 07 20:28:00 
Jan 07 20:28:00 ====================共1个京东账号Cookie=========
Jan 07 20:28:00 
Jan 07 20:28:00 ==================脚本执行- 北京时间(UTC+8)：2022/1/7 下午8:28:00=====================
Jan 07 20:28:00 
Jan 07 20:28:03 
Jan 07 20:28:03 ***********开始【京东账号1】jd_187425zqg********
Jan 07 20:28:03 
Jan 07 20:28:04 收取鹅蛋失败:活动太火爆，请稍后尝试
Jan 07 20:28:05 兑换金币:5
Jan 07 20:28:05 当前总金币:2178
Jan 07 20:28:05 
Jan 07 20:28:05 🔔天天提鹅, 结束! 🕛 5.226 秒
Jan 07 20:28:05 
Jan 07 21:28:00 
Jan 07 21:28:00 🔔天天提鹅, 开始!
Jan 07 21:28:00 
Jan 07 21:28:00 ====================共1个京东账号Cookie=========
Jan 07 21:28:00 
Jan 07 21:28:00 ==================脚本执行- 北京时间(UTC+8)：2022/1/7 下午9:28:00=====================
Jan 07 21:28:00 
Jan 07 21:28:04 
Jan 07 21:28:04 ***********开始【京东账号1】jd_187425zqg********
Jan 07 21:28:04 
Jan 07 21:28:05 收取鹅蛋:17个成功
Jan 07 21:28:05 当前总鹅蛋数量:2627
Jan 07 21:28:06 兑换金币:1
Jan 07 21:28:06 当前总金币:2179
Jan 07 21:28:06 
Jan 07 21:28:06 🔔天天提鹅, 结束! 🕛 5.838 秒
Jan 07 21:28:06 
Jan 07 22:28:00 
Jan 07 22:28:00 🔔天天提鹅, 开始!
Jan 07 22:28:00 
Jan 07 22:28:00 ====================共1个京东账号Cookie=========
Jan 07 22:28:00 
Jan 07 22:28:00 ==================脚本执行- 北京时间(UTC+8)：2022/1/7 下午10:28:00=====================
Jan 07 22:28:00 
Jan 07 22:28:04 
Jan 07 22:28:04 ***********开始【京东账号1】jd_187425zqg********
Jan 07 22:28:04 
Jan 07 22:28:05 收取鹅蛋:16个成功
Jan 07 22:28:05 当前总鹅蛋数量:2636
Jan 07 22:28:06 兑换金币失败:活动太火爆，请稍后尝试
Jan 07 22:28:06 
Jan 07 22:28:06 🔔天天提鹅, 结束! 🕛 5.871 秒
Jan 07 22:28:06 
Jan 07 23:28:00 
Jan 07 23:28:00 🔔天天提鹅, 开始!
Jan 07 23:28:00 
Jan 07 23:28:00 ====================共1个京东账号Cookie=========
Jan 07 23:28:00 
Jan 07 23:28:00 ==================脚本执行- 北京时间(UTC+8)：2022/1/7 下午11:28:00=====================
Jan 07 23:28:00 
Jan 07 23:28:04 
Jan 07 23:28:04 ***********开始【京东账号1】jd_187425zqg********
Jan 07 23:28:04 
Jan 07 23:28:05 收取鹅蛋失败:活动太火爆，请稍后尝试
Jan 07 23:28:06 兑换金币:1
Jan 07 23:28:06 当前总金币:2180
Jan 07 23:28:06 
Jan 07 23:28:06 🔔天天提鹅, 结束! 🕛 5.892 秒
Jan 07 23:28:06 
Jan 08 00:28:00 
Jan 08 00:28:00 🔔天天提鹅, 开始!
Jan 08 00:28:00 
Jan 08 00:28:00 ====================共1个京东账号Cookie=========
Jan 08 00:28:00 
Jan 08 00:28:00 ==================脚本执行- 北京时间(UTC+8)：2022/1/8 上午12:28:00=====================
Jan 08 00:28:00 
Jan 08 00:28:04 
Jan 08 00:28:04 ***********开始【京东账号1】jd_187425zqg********
Jan 08 00:28:04 
Jan 08 00:28:05 每日首次登陆签到礼包：20
Jan 08 00:28:06 收取鹅蛋:54个成功
Jan 08 00:28:06 当前总鹅蛋数量:2684
Jan 08 00:28:06 领任务'猜猜大盘涨跌'结果：成功！
Jan 08 00:28:10 兑换金币:5
Jan 08 00:28:10 当前总金币:2185
Jan 08 00:28:10 
Jan 08 00:28:10 🔔天天提鹅, 结束! 🕛 9.657 秒
Jan 08 00:28:10 
Jan 08 01:28:00 
Jan 08 01:28:00 🔔天天提鹅, 开始!
Jan 08 01:28:00 
Jan 08 01:28:00 ====================共1个京东账号Cookie=========
Jan 08 01:28:00 
Jan 08 01:28:00 ==================脚本执行- 北京时间(UTC+8)：2022/1/8 上午1:28:00=====================
Jan 08 01:28:00 
Jan 08 01:28:04 
Jan 08 01:28:04 ***********开始【京东账号1】jd_187425zqg********
Jan 08 01:28:04 
Jan 08 01:28:06 收取鹅蛋:34个成功
Jan 08 01:28:06 当前总鹅蛋数量:2714
Jan 08 01:28:07 领任务'免费领无限次分期免息'结果：成功！
Jan 08 01:28:10 做任务'免费领无限次分期免息'结果：成功！领奖励结果：成功！获得25个鹅蛋
Jan 08 01:28:11 兑换金币失败:活动太火爆，请稍后尝试
Jan 08 01:28:11 
Jan 08 01:28:11 🔔天天提鹅, 结束! 🕛 10.557 秒
Jan 08 01:28:11 
Jan 08 02:28:00 
Jan 08 02:28:00 🔔天天提鹅, 开始!
Jan 08 02:28:00 
Jan 08 02:28:00 ====================共1个京东账号Cookie=========
Jan 08 02:28:00 
Jan 08 02:28:00 ==================脚本执行- 北京时间(UTC+8)：2022/1/8 上午2:28:00=====================
Jan 08 02:28:00 
Jan 08 02:28:04 
Jan 08 02:28:04 ***********开始【京东账号1】jd_187425zqg********
Jan 08 02:28:04 
Jan 08 02:28:05 收取鹅蛋:89个成功
Jan 08 02:28:05 当前总鹅蛋数量:2769
Jan 08 02:28:06 领任务'分享最高领88元'结果：成功！
Jan 08 02:28:20 做任务'分享最高领88元'结果：成功！领奖励结果：成功！获得10个鹅蛋
Jan 08 02:28:20 兑换金币:9
Jan 08 02:28:20 当前总金币:2194
Jan 08 02:28:20 
Jan 08 02:28:20 🔔天天提鹅, 结束! 🕛 19.842 秒
Jan 08 02:28:20 
Jan 08 03:28:00 
Jan 08 03:28:00 🔔天天提鹅, 开始!
Jan 08 03:28:00 
Jan 08 03:28:00 ====================共1个京东账号Cookie=========
Jan 08 03:28:00 
Jan 08 03:28:00 ==================脚本执行- 北京时间(UTC+8)：2022/1/8 上午3:28:00=====================
Jan 08 03:28:00 
Jan 08 03:28:04 
Jan 08 03:28:04 ***********开始【京东账号1】jd_187425zqg********
Jan 08 03:28:04 
Jan 08 03:28:05 收取鹅蛋:39个成功
Jan 08 03:28:05 当前总鹅蛋数量:2809
Jan 08 03:28:06 领任务'逛逛二手好物集市'结果：成功！
Jan 08 03:28:20 做任务'逛逛二手好物集市'结果：成功！领奖励结果：成功！获得10个鹅蛋
Jan 08 03:28:20 兑换金币:4
Jan 08 03:28:20 当前总金币:2198
Jan 08 03:28:20 
Jan 08 03:28:20 🔔天天提鹅, 结束! 🕛 19.737 秒
Jan 08 03:28:20 
Jan 08 04:28:01 
Jan 08 04:28:01 🔔天天提鹅, 开始!
Jan 08 04:28:01 
Jan 08 04:28:01 ====================共1个京东账号Cookie=========
Jan 08 04:28:01 
Jan 08 04:28:01 ==================脚本执行- 北京时间(UTC+8)：2022/1/8 上午4:28:01=====================
Jan 08 04:28:01 
Jan 08 04:28:05 
Jan 08 04:28:05 ***********开始【京东账号1】jd_187425zqg********
Jan 08 04:28:05 
Jan 08 04:28:06 天天提鹅（toDailyHome）：活动太火爆，请稍后尝试
Jan 08 04:28:06 
Jan 08 04:28:06 🔔天天提鹅, 结束! 🕛 4.927 秒
Jan 08 04:28:06 
Jan 08 05:28:01 
Jan 08 05:28:01 🔔天天提鹅, 开始!
Jan 08 05:28:01 
Jan 08 05:28:01 ====================共1个京东账号Cookie=========
Jan 08 05:28:01 
Jan 08 05:28:01 ==================脚本执行- 北京时间(UTC+8)：2022/1/8 上午5:28:01=====================
Jan 08 05:28:01 
Jan 08 05:28:04 
Jan 08 05:28:04 ***********开始【京东账号1】jd_187425zqg********
Jan 08 05:28:04 
Jan 08 05:28:05 天天提鹅（toDailyHome）：活动太火爆，请稍后尝试
Jan 08 05:28:05 
Jan 08 05:28:05 🔔天天提鹅, 结束! 🕛 4.15 秒
Jan 08 05:28:05 
Jan 08 06:28:01 
Jan 08 06:28:01 🔔天天提鹅, 开始!
Jan 08 06:28:01 
Jan 08 06:28:01 ====================共1个京东账号Cookie=========
Jan 08 06:28:01 
Jan 08 06:28:01 ==================脚本执行- 北京时间(UTC+8)：2022/1/8 上午6:28:01=====================
Jan 08 06:28:01 
Jan 08 06:28:04 
Jan 08 06:28:04 ***********开始【京东账号1】jd_187425zqg********
Jan 08 06:28:04 
Jan 08 06:28:05 收取鹅蛋:39个成功
Jan 08 06:28:05 当前总鹅蛋数量:2849
Jan 08 06:28:06 领任务'完成一笔手机话费充值'结果：成功！
Jan 08 06:28:09 兑换金币:3
Jan 08 06:28:09 当前总金币:2201
Jan 08 06:28:09 
Jan 08 06:28:09 🔔天天提鹅, 结束! 🕛 8.479 秒
Jan 08 06:28:09 
Jan 08 07:28:01 
Jan 08 07:28:01 🔔天天提鹅, 开始!
Jan 08 07:28:01 
Jan 08 07:28:01 ====================共1个京东账号Cookie=========
Jan 08 07:28:01 
Jan 08 07:28:01 ==================脚本执行- 北京时间(UTC+8)：2022/1/8 上午7:28:01=====================
Jan 08 07:28:01 
Jan 08 07:28:04 
Jan 08 07:28:04 ***********开始【京东账号1】jd_187425zqg********
Jan 08 07:28:04 
Jan 08 07:28:05 收取鹅蛋:39个成功
Jan 08 07:28:05 当前总鹅蛋数量:2879
Jan 08 07:28:06 领任务'完成一笔500元信用卡还款'结果：成功！
Jan 08 07:28:09 兑换金币:3
Jan 08 07:28:09 当前总金币:2204
Jan 08 07:28:09 
Jan 08 07:28:09 🔔天天提鹅, 结束! 🕛 8.36 秒
Jan 08 07:28:09 
Jan 08 08:28:00 
Jan 08 08:28:00 🔔天天提鹅, 开始!
Jan 08 08:28:00 
Jan 08 08:28:00 ====================共1个京东账号Cookie=========
Jan 08 08:28:00 
Jan 08 08:28:00 ==================脚本执行- 北京时间(UTC+8)：2022/1/8 上午8:28:00=====================
Jan 08 08:28:00 
Jan 08 08:28:03 
Jan 08 08:28:03 ***********开始【京东账号1】jd_187425zqg********
Jan 08 08:28:03 
Jan 08 08:28:04 收取鹅蛋:39个成功
Jan 08 08:28:04 当前总鹅蛋数量:2909
Jan 08 08:28:05 领任务'购买1000元黄金产品'结果：失败！原因：活动太火爆，请稍后尝试
Jan 08 08:28:08 兑换金币:3
Jan 08 08:28:08 当前总金币:2207
Jan 08 08:28:08 
Jan 08 08:28:08 🔔天天提鹅, 结束! 🕛 8.348 秒
Jan 08 08:28:08 
Jan 08 09:28:00 
Jan 08 09:28:00 🔔天天提鹅, 开始!
Jan 08 09:28:00 
Jan 08 09:28:00 ====================共1个京东账号Cookie=========
Jan 08 09:28:00 
Jan 08 09:28:00 ==================脚本执行- 北京时间(UTC+8)：2022/1/8 上午9:28:00=====================
Jan 08 09:28:00 
Jan 08 09:28:03 
Jan 08 09:28:03 ***********开始【京东账号1】jd_187425zqg********
Jan 08 09:28:03 
Jan 08 09:28:05 收取鹅蛋:39个成功
Jan 08 09:28:05 当前总鹅蛋数量:2939
Jan 08 09:28:05 领任务'购买1000元黄金产品'结果：成功！
Jan 08 09:28:09 兑换金币:3
Jan 08 09:28:09 当前总金币:2210
Jan 08 09:28:09 
Jan 08 09:28:09 🔔天天提鹅, 结束! 🕛 8.967 秒
Jan 08 09:28:09 
Jan 08 10:28:00 
Jan 08 10:28:00 🔔天天提鹅, 开始!
Jan 08 10:28:00 
Jan 08 10:28:00 ====================共1个京东账号Cookie=========
Jan 08 10:28:00 
Jan 08 10:28:00 ==================脚本执行- 北京时间(UTC+8)：2022/1/8 上午10:28:00=====================
Jan 08 10:28:00 
Jan 08 10:28:04 
Jan 08 10:28:04 ***********开始【京东账号1】jd_187425zqg********
Jan 08 10:28:04 
Jan 08 10:28:06 收取鹅蛋:19个成功
Jan 08 10:28:06 当前总鹅蛋数量:2949
Jan 08 10:28:06 兑换金币:1
Jan 08 10:28:06 当前总金币:2211
Jan 08 10:28:06 
Jan 08 10:28:06 🔔天天提鹅, 结束! 🕛 6.378 秒
Jan 08 10:28:06 
Jan 08 11:28:00 
Jan 08 11:28:00 🔔天天提鹅, 开始!
Jan 08 11:28:00 
Jan 08 11:28:00 ====================共1个京东账号Cookie=========
Jan 08 11:28:00 
Jan 08 11:28:00 ==================脚本执行- 北京时间(UTC+8)：2022/1/8 上午11:28:00=====================
Jan 08 11:28:00 
Jan 08 11:28:04 
Jan 08 11:28:04 ***********开始【京东账号1】jd_187425zqg********
Jan 08 11:28:04 
Jan 08 11:28:06 收取鹅蛋:17个成功
Jan 08 11:28:06 当前总鹅蛋数量:2957
Jan 08 11:28:06 兑换金币:1
Jan 08 11:28:06 当前总金币:2212
Jan 08 11:28:06 
Jan 08 11:28:06 🔔天天提鹅, 结束! 🕛 6.251 秒
Jan 08 11:28:06 
Jan 08 12:28:00 
Jan 08 12:28:00 🔔天天提鹅, 开始!
Jan 08 12:28:00 
Jan 08 12:28:00 ====================共1个京东账号Cookie=========
Jan 08 12:28:00 
Jan 08 12:28:00 ==================脚本执行- 北京时间(UTC+8)：2022/1/8 下午12:28:00=====================
Jan 08 12:28:00 
Jan 08 12:28:04 
Jan 08 12:28:04 ***********开始【京东账号1】jd_739d55b768da0********
Jan 08 12:28:04 
Jan 08 12:28:05 收取鹅蛋:16个成功
Jan 08 12:28:05 当前总鹅蛋数量:2966
Jan 08 12:28:06 兑换金币:1
Jan 08 12:28:06 当前总金币:2213
Jan 08 12:28:06 
Jan 08 12:28:06 🔔天天提鹅, 结束! 🕛 5.714 秒
Jan 08 12:28:06 
Jan 08 13:28:00 
Jan 08 13:28:00 🔔天天提鹅, 开始!
Jan 08 13:28:00 
Jan 08 13:28:00 ====================共1个京东账号Cookie=========
Jan 08 13:28:00 
Jan 08 13:28:00 ==================脚本执行- 北京时间(UTC+8)：2022/1/8 下午1:28:00=====================
Jan 08 13:28:00 
Jan 08 13:28:04 
Jan 08 13:28:04 ***********开始【京东账号1】jd_187425zqg********
Jan 08 13:28:04 
Jan 08 13:28:05 收取鹅蛋:14个成功
Jan 08 13:28:05 当前总鹅蛋数量:2974
Jan 08 13:28:06 兑换金币失败:活动太火爆，请稍后尝试
Jan 08 13:28:06 
Jan 08 13:28:06 🔔天天提鹅, 结束! 🕛 5.563 秒
Jan 08 13:28:06 
Jan 08 14:28:00 
Jan 08 14:28:00 🔔天天提鹅, 开始!
Jan 08 14:28:00 
Jan 08 14:28:00 ====================共1个京东账号Cookie=========
Jan 08 14:28:00 
Jan 08 14:28:00 ==================脚本执行- 北京时间(UTC+8)：2022/1/8 下午2:28:00=====================
Jan 08 14:28:00 
Jan 08 14:28:04 
Jan 08 14:28:04 ***********开始【京东账号1】jd_187425zqg********
Jan 08 14:28:04 
Jan 08 14:28:05 收取鹅蛋:23个成功
Jan 08 14:28:05 当前总鹅蛋数量:2983
Jan 08 14:28:06 兑换金币:2
Jan 08 14:28:06 当前总金币:2215
Jan 08 14:28:06 
Jan 08 14:28:06 🔔天天提鹅, 结束! 🕛 5.696 秒
Jan 08 14:28:06 
Jan 08 15:28:00 
Jan 08 15:28:00 🔔天天提鹅, 开始!
Jan 08 15:28:00 
Jan 08 15:28:00 ====================共1个京东账号Cookie=========
Jan 08 15:28:00 
Jan 08 15:28:00 ==================脚本执行- 北京时间(UTC+8)：2022/1/8 下午3:28:00=====================
Jan 08 15:28:00 
Jan 08 15:28:05 
Jan 08 15:28:05 ***********开始【京东账号1】jd_187425zqg********
Jan 08 15:28:05 
Jan 08 15:28:06 收取鹅蛋:12个成功
Jan 08 15:28:06 当前总鹅蛋数量:2992
Jan 08 15:28:06 兑换金币:1
Jan 08 15:28:06 当前总金币:2216
Jan 08 15:28:06 
Jan 08 15:28:06 🔔天天提鹅, 结束! 🕛 6.14 秒
Jan 08 15:28:06 
Jan 08 16:28:00 
Jan 08 16:28:00 🔔天天提鹅, 开始!
Jan 08 16:28:00 
Jan 08 16:28:00 ====================共1个京东账号Cookie=========
Jan 08 16:28:00 
Jan 08 16:28:00 ==================脚本执行- 北京时间(UTC+8)：2022/1/8 下午4:28:00=====================
Jan 08 16:28:00 
Jan 08 16:28:04 
Jan 08 16:28:04 ***********开始【京东账号1】jd_187425zqg********
Jan 08 16:28:04 
Jan 08 16:28:05 收取鹅蛋:10个成功
Jan 08 16:28:05 当前总鹅蛋数量:3000
Jan 08 16:28:06 兑换金币:1
Jan 08 16:28:06 当前总金币:2217
Jan 08 16:28:06 
Jan 08 16:28:06 🔔天天提鹅, 结束! 🕛 5.475 秒
Jan 08 16:28:06 
Jan 08 17:28:00 
Jan 08 17:28:00 🔔天天提鹅, 开始!
Jan 08 17:28:00 
Jan 08 17:28:00 ====================共1个京东账号Cookie=========
Jan 08 17:28:00 
Jan 08 17:28:01 ==================脚本执行- 北京时间(UTC+8)：2022/1/8 下午5:28:00=====================
Jan 08 17:28:01 
Jan 08 17:28:04 
Jan 08 17:28:04 ***********开始【京东账号1】jd_187425zqg********
Jan 08 17:28:04 
Jan 08 17:28:05 收取鹅蛋失败:活动太火爆，请稍后尝试
Jan 08 17:28:05 兑换金币失败:剩余数量不足
Jan 08 17:28:05 
Jan 08 17:28:05 🔔天天提鹅, 结束! 🕛 4.795 秒
Jan 08 17:28:05 
Jan 08 18:28:01 
Jan 08 18:28:01 🔔天天提鹅, 开始!
Jan 08 18:28:01 
Jan 08 18:28:01 ====================共1个京东账号Cookie=========
Jan 08 18:28:01 
Jan 08 18:28:01 ==================脚本执行- 北京时间(UTC+8)：2022/1/8 下午6:28:01=====================
Jan 08 18:28:01 
Jan 08 18:28:04 
Jan 08 18:28:04 ***********开始【京东账号1】jd_187425zqg********
Jan 08 18:28:04 
Jan 08 18:28:05 天天提鹅（toDailyHome）：活动太火爆，请稍后尝试
Jan 08 18:28:05 
Jan 08 18:28:05 🔔天天提鹅, 结束! 🕛 3.987 秒
Jan 08 18:28:05 
Jan 08 19:28:01 
Jan 08 19:28:01 🔔天天提鹅, 开始!
Jan 08 19:28:01 
Jan 08 19:28:01 ====================共1个京东账号Cookie=========
Jan 08 19:28:01 
Jan 08 19:28:01 ==================脚本执行- 北京时间(UTC+8)：2022/1/8 下午7:28:01=====================
Jan 08 19:28:01 
Jan 08 19:28:04 
Jan 08 19:28:04 ***********开始【京东账号1】jd_187425zqg********
Jan 08 19:28:04 
Jan 08 19:28:08 收取鹅蛋:17个成功
Jan 08 19:28:08 当前总鹅蛋数量:3017
Jan 08 19:28:09 兑换金币:1
Jan 08 19:28:09 当前总金币:2218
Jan 08 19:28:09 
Jan 08 19:28:09 🔔天天提鹅, 结束! 🕛 7.88 秒
Jan 08 19:28:09 
Jan 08 20:28:01 
Jan 08 20:28:01 🔔天天提鹅, 开始!
Jan 08 20:28:01 
Jan 08 20:28:01 ====================共1个京东账号Cookie=========
Jan 08 20:28:01 
Jan 08 20:28:01 ==================脚本执行- 北京时间(UTC+8)：2022/1/8 下午8:28:01=====================
Jan 08 20:28:01 
Jan 08 20:28:04 
Jan 08 20:28:04 ***********开始【京东账号1】jd_187425zqg********
Jan 08 20:28:04 
Jan 08 20:28:05 收取鹅蛋:13个成功
Jan 08 20:28:05 当前总鹅蛋数量:3023
Jan 08 20:28:06 兑换金币失败:活动太火爆，请稍后尝试
Jan 08 20:28:06 
Jan 08 20:28:06 🔔天天提鹅, 结束! 🕛 5.076 秒
Jan 08 20:28:06 
Jan 08 21:28:01 
Jan 08 21:28:01 🔔天天提鹅, 开始!
Jan 08 21:28:01 
Jan 08 21:28:01 ====================共1个京东账号Cookie=========
Jan 08 21:28:01 
Jan 08 21:28:01 ==================脚本执行- 北京时间(UTC+8)：2022/1/8 下午9:28:01=====================
Jan 08 21:28:01 
Jan 08 21:28:04 
Jan 08 21:28:04 ***********开始【京东账号1】jd_187425zqg********
Jan 08 21:28:04 
Jan 08 21:28:05 收取鹅蛋:19个成功
Jan 08 21:28:05 当前总鹅蛋数量:3029
Jan 08 21:28:06 兑换金币:1
Jan 08 21:28:06 当前总金币:2219
Jan 08 21:28:06 
Jan 08 21:28:06 🔔天天提鹅, 结束! 🕛 5.128 秒
Jan 08 21:28:06 
Jan 08 22:28:00 
Jan 08 22:28:00 🔔天天提鹅, 开始!
Jan 08 22:28:00 
Jan 08 22:28:00 ====================共1个京东账号Cookie=========
Jan 08 22:28:00 
Jan 08 22:28:00 ==================脚本执行- 北京时间(UTC+8)：2022/1/8 下午10:28:00=====================
Jan 08 22:28:00 
Jan 08 22:28:03 
Jan 08 22:28:03 ***********开始【京东账号1】jd_187425zqg********
Jan 08 22:28:03 
Jan 08 22:28:04 天天提鹅（toDailyHome）：活动太火爆，请稍后尝试
Jan 08 22:28:04 
Jan 08 22:28:04 🔔天天提鹅, 结束! 🕛 4.34 秒
Jan 08 22:28:04 
Jan 08 23:28:00 
Jan 08 23:28:00 🔔天天提鹅, 开始!
Jan 08 23:28:00 
Jan 08 23:28:00 ====================共1个京东账号Cookie=========
Jan 08 23:28:00 
Jan 08 23:28:00 ==================脚本执行- 北京时间(UTC+8)：2022/1/8 下午11:28:00=====================
Jan 08 23:28:00 
Jan 08 23:28:03 
Jan 08 23:28:03 ***********开始【京东账号1】jd_187425zqg********
Jan 08 23:28:03 
Jan 08 23:28:04 收取鹅蛋:20个成功
Jan 08 23:28:04 当前总鹅蛋数量:3040
Jan 08 23:28:08 兑换金币:2
Jan 08 23:28:08 当前总金币:2221
Jan 08 23:28:08 
Jan 08 23:28:08 🔔天天提鹅, 结束! 🕛 7.865 秒
Jan 08 23:28:08 
Jan 09 00:28:00 
Jan 09 00:28:00 🔔天天提鹅, 开始!
Jan 09 00:28:00 
Jan 09 00:28:00 ====================共1个京东账号Cookie=========
Jan 09 00:28:00 
Jan 09 00:28:00 ==================脚本执行- 北京时间(UTC+8)：2022/1/9 上午12:28:00=====================
Jan 09 00:28:00 
Jan 09 00:28:04 
Jan 09 00:28:04 ***********开始【京东账号1】jd_187425zqg********
Jan 09 00:28:04 
Jan 09 00:28:05 每日首次登陆签到礼包：30
Jan 09 00:28:05 收取鹅蛋:58个成功
Jan 09 00:28:05 当前总鹅蛋数量:3098
Jan 09 00:28:06 领任务'猜猜大盘涨跌'结果：成功！
Jan 09 00:28:09 兑换金币:5
Jan 09 00:28:09 当前总金币:2226
Jan 09 00:28:09 
Jan 09 00:28:09 🔔天天提鹅, 结束! 🕛 9.53 秒
Jan 09 00:28:09 
Jan 09 01:28:00 
Jan 09 01:28:00 🔔天天提鹅, 开始!
Jan 09 01:28:00 
Jan 09 01:28:00 ====================共1个京东账号Cookie=========
Jan 09 01:28:00 
Jan 09 01:28:00 ==================脚本执行- 北京时间(UTC+8)：2022/1/9 上午1:28:00=====================
Jan 09 01:28:00 
Jan 09 01:28:04 
Jan 09 01:28:04 ***********开始【京东账号1】jd_187425zqg********
Jan 09 01:28:04 
Jan 09 01:28:05 收取鹅蛋:38个成功
Jan 09 01:28:05 当前总鹅蛋数量:3128
Jan 09 01:28:05 领任务'逛京东金融年货节'结果：成功！
Jan 09 01:28:19 做任务'逛京东金融年货节'结果：成功！领奖励结果：成功！获得10个鹅蛋
Jan 09 01:28:20 兑换金币:4
Jan 09 01:28:20 当前总金币:2230
Jan 09 01:28:20 
Jan 09 01:28:20 🔔天天提鹅, 结束! 🕛 19.854 秒
Jan 09 01:28:20 
Jan 09 02:28:00 
Jan 09 02:28:00 🔔天天提鹅, 开始!
Jan 09 02:28:00 
Jan 09 02:28:00 ====================共1个京东账号Cookie=========
Jan 09 02:28:00 
Jan 09 02:28:00 ==================脚本执行- 北京时间(UTC+8)：2022/1/9 上午2:28:00=====================
Jan 09 02:28:00 
Jan 09 02:28:04 
Jan 09 02:28:04 ***********开始【京东账号1】jd_187425zqg********
Jan 09 02:28:04 
Jan 09 02:28:05 收取鹅蛋:38个成功
Jan 09 02:28:05 当前总鹅蛋数量:3168
Jan 09 02:28:07 领任务'免费领无限次分期免息'结果：成功！
Jan 09 02:28:10 做任务'免费领无限次分期免息'结果：成功！领奖励结果：失败！原因：活动太火爆，请稍后尝试
Jan 09 02:28:11 兑换金币:3
Jan 09 02:28:11 当前总金币:2233
Jan 09 02:28:11 
Jan 09 02:28:11 🔔天天提鹅, 结束! 🕛 10.639 秒
Jan 09 02:28:11 
Jan 09 03:28:00 
Jan 09 03:28:00 🔔天天提鹅, 开始!
Jan 09 03:28:00 
Jan 09 03:28:00 ====================共1个京东账号Cookie=========
Jan 09 03:28:00 
Jan 09 03:28:00 ==================脚本执行- 北京时间(UTC+8)：2022/1/9 上午3:28:00=====================
Jan 09 03:28:00 
Jan 09 03:28:04 
Jan 09 03:28:04 ***********开始【京东账号1】jd_187425zqg********
Jan 09 03:28:04 
Jan 09 03:28:07 收取鹅蛋:38个成功
Jan 09 03:28:07 当前总鹅蛋数量:3198
Jan 09 03:28:07 任务'免费领无限次分期免息'已可领奖。领奖励结果：成功！获得25个鹅蛋
Jan 09 03:28:07 领任务'分享最高领88元'结果：成功！
Jan 09 03:28:21 做任务'分享最高领88元'结果：成功！领奖励结果：成功！获得10个鹅蛋
Jan 09 03:28:22 兑换金币:7
Jan 09 03:28:22 当前总金币:2240
Jan 09 03:28:22 
Jan 09 03:28:22 🔔天天提鹅, 结束! 🕛 21.409 秒
Jan 09 03:28:22 
Jan 09 04:28:00 
Jan 09 04:28:00 🔔天天提鹅, 开始!
Jan 09 04:28:00 
Jan 09 04:28:00 ====================共1个京东账号Cookie=========
Jan 09 04:28:00 
Jan 09 04:28:00 ==================脚本执行- 北京时间(UTC+8)：2022/1/9 上午4:28:00=====================
Jan 09 04:28:00 
Jan 09 04:28:05 
Jan 09 04:28:05 ***********开始【京东账号1】jd_187425zqg********
Jan 09 04:28:05 
Jan 09 04:28:06 收取鹅蛋:33个成功
Jan 09 04:28:06 当前总鹅蛋数量:3263
Jan 09 04:28:06 领任务'逛逛二手好物集市'结果：成功！
Jan 09 04:28:20 做任务'逛逛二手好物集市'结果：成功！领奖励结果：成功！获得10个鹅蛋
Jan 09 04:28:20 兑换金币:4
Jan 09 04:28:20 当前总金币:2244
Jan 09 04:28:20 
Jan 09 04:28:20 🔔天天提鹅, 结束! 🕛 20.197 秒
Jan 09 04:28:20 
Jan 09 05:28:00 
Jan 09 05:28:00 🔔天天提鹅, 开始!
Jan 09 05:28:00 
Jan 09 05:28:00 ====================共1个京东账号Cookie=========
Jan 09 05:28:00 
Jan 09 05:28:00 ==================脚本执行- 北京时间(UTC+8)：2022/1/9 上午5:28:00=====================
Jan 09 05:28:00 
Jan 09 05:28:04 
Jan 09 05:28:04 ***********开始【京东账号1】jd_187425zqg********
Jan 09 05:28:04 
Jan 09 05:28:08 收取鹅蛋:33个成功
Jan 09 05:28:08 当前总鹅蛋数量:3303
Jan 09 05:28:08 领任务'浏览MaxBox年货礼盒'结果：成功！
Jan 09 05:28:22 做任务'浏览MaxBox年货礼盒'结果：成功！领奖励结果：成功！获得10个鹅蛋
Jan 09 05:28:23 兑换金币:4
Jan 09 05:28:23 当前总金币:2248
Jan 09 05:28:23 
Jan 09 05:28:23 🔔天天提鹅, 结束! 🕛 22.557 秒
Jan 09 05:28:23 
Jan 09 06:28:00 
Jan 09 06:28:00 🔔天天提鹅, 开始!
Jan 09 06:28:01 
Jan 09 06:28:01 ====================共1个京东账号Cookie=========
Jan 09 06:28:01 
Jan 09 06:28:01 ==================脚本执行- 北京时间(UTC+8)：2022/1/9 上午6:28:01=====================
Jan 09 06:28:01 
Jan 09 06:28:04 
Jan 09 06:28:04 ***********开始【京东账号1】jd_187425zqg********
Jan 09 06:28:04 
Jan 09 06:28:05 收取鹅蛋:33个成功
Jan 09 06:28:05 当前总鹅蛋数量:3343
Jan 09 06:28:05 领任务'完成一笔手机话费充值'结果：失败！原因：活动太火爆，请稍后尝试
Jan 09 06:28:08 领任务'完成一笔500元信用卡还款'结果：成功！
Jan 09 06:28:12 兑换金币:3
Jan 09 06:28:12 当前总金币:2251
Jan 09 06:28:12 
Jan 09 06:28:12 🔔天天提鹅, 结束! 🕛 11.55 秒
Jan 09 06:28:12 
Jan 09 07:28:01 
Jan 09 07:28:01 🔔天天提鹅, 开始!
Jan 09 07:28:01 
Jan 09 07:28:01 ====================共1个京东账号Cookie=========
Jan 09 07:28:01 
Jan 09 07:28:01 ==================脚本执行- 北京时间(UTC+8)：2022/1/9 上午7:28:01=====================
Jan 09 07:28:01 
Jan 09 07:28:04 
Jan 09 07:28:04 ***********开始【京东账号1】jd_187425zqg********
Jan 09 07:28:04 
Jan 09 07:28:05 收取鹅蛋:33个成功
Jan 09 07:28:05 当前总鹅蛋数量:3373
Jan 09 07:28:06 领任务'完成一笔手机话费充值'结果：成功！
Jan 09 07:28:09 兑换金币:3
Jan 09 07:28:09 当前总金币:2254
Jan 09 07:28:09 
Jan 09 07:28:09 🔔天天提鹅, 结束! 🕛 8.608 秒
Jan 09 07:28:09 
Jan 09 08:28:01 
Jan 09 08:28:01 🔔天天提鹅, 开始!
Jan 09 08:28:01 
Jan 09 08:28:01 ====================共1个京东账号Cookie=========
Jan 09 08:28:01 
Jan 09 08:28:01 ==================脚本执行- 北京时间(UTC+8)：2022/1/9 上午8:28:01=====================
Jan 09 08:28:01 
Jan 09 08:28:05 
Jan 09 08:28:05 ***********开始【京东账号1】jd_187425zqg********
Jan 09 08:28:05 
Jan 09 08:28:06 收取鹅蛋失败:活动太火爆，请稍后尝试
Jan 09 08:28:07 领任务'购买1000元黄金产品'结果：成功！
Jan 09 08:28:10 兑换金币失败:活动太火爆，请稍后尝试
Jan 09 08:28:10 
Jan 09 08:28:10 🔔天天提鹅, 结束! 🕛 9.243 秒
Jan 09 08:28:10 
Jan 09 09:28:01 
Jan 09 09:28:01 🔔天天提鹅, 开始!
Jan 09 09:28:01 
Jan 09 09:28:01 ====================共1个京东账号Cookie=========
Jan 09 09:28:01 
Jan 09 09:28:01 ==================脚本执行- 北京时间(UTC+8)：2022/1/9 上午9:28:01=====================
Jan 09 09:28:01 
Jan 09 09:28:04 
Jan 09 09:28:04 ***********开始【京东账号1】jd_187425zqg********
Jan 09 09:28:04 
Jan 09 09:28:08 收取鹅蛋失败:活动太火爆，请稍后尝试
Jan 09 09:28:08 兑换金币失败:剩余数量不足
Jan 09 09:28:08 
Jan 09 09:28:08 🔔天天提鹅, 结束! 🕛 7.725 秒
Jan 09 09:28:08 
Jan 09 10:28:00 
Jan 09 10:28:00 🔔天天提鹅, 开始!
Jan 09 10:28:00 
Jan 09 10:28:00 ====================共1个京东账号Cookie=========
Jan 09 10:28:00 
Jan 09 10:28:00 ==================脚本执行- 北京时间(UTC+8)：2022/1/9 上午10:28:00=====================
Jan 09 10:28:00 
Jan 09 10:28:03 
Jan 09 10:28:03 ***********开始【京东账号1】jd_187425zqg********
Jan 09 10:28:03 
Jan 09 10:28:04 收取鹅蛋失败:活动太火爆，请稍后尝试
Jan 09 10:28:04 兑换金币失败:剩余数量不足
Jan 09 10:28:04 
Jan 09 10:28:04 🔔天天提鹅, 结束! 🕛 4.861 秒
Jan 09 10:28:04 
Jan 09 11:28:00 
Jan 09 11:28:00 🔔天天提鹅, 开始!
Jan 09 11:28:00 
Jan 09 11:28:00 ====================共1个京东账号Cookie=========
Jan 09 11:28:00 
Jan 09 11:28:00 ==================脚本执行- 北京时间(UTC+8)：2022/1/9 上午11:28:00=====================
Jan 09 11:28:00 
Jan 09 11:28:03 
Jan 09 11:28:03 ***********开始【京东账号1】jd_187425zqg********
Jan 09 11:28:03 
Jan 09 11:28:04 收取鹅蛋:33个成功
Jan 09 11:28:04 当前总鹅蛋数量:3403
Jan 09 11:28:05 兑换金币:3
Jan 09 11:28:05 当前总金币:2257
Jan 09 11:28:05 
Jan 09 11:28:05 🔔天天提鹅, 结束! 🕛 5.112 秒
Jan 09 11:28:05 
Jan 09 12:28:00 
Jan 09 12:28:00 🔔天天提鹅, 开始!
Jan 09 12:28:00 
Jan 09 12:28:00 ====================共1个京东账号Cookie=========
Jan 09 12:28:00 
Jan 09 12:28:00 ==================脚本执行- 北京时间(UTC+8)：2022/1/9 下午12:28:00=====================
Jan 09 12:28:00 
Jan 09 12:28:03 
Jan 09 12:28:03 ***********开始【京东账号1】jd_187425zqg********
Jan 09 12:28:03 
Jan 09 12:28:05 收取鹅蛋:11个成功
Jan 09 12:28:05 当前总鹅蛋数量:3411
Jan 09 12:28:05 兑换金币:1
Jan 09 12:28:05 当前总金币:2258
Jan 09 12:28:05 
Jan 09 12:28:05 🔔天天提鹅, 结束! 🕛 5.387 秒
Jan 09 12:28:05 
Jan 09 13:28:00 
Jan 09 13:28:00 🔔天天提鹅, 开始!
Jan 09 13:28:00 
Jan 09 13:28:00 ====================共1个京东账号Cookie=========
Jan 09 13:28:00 
Jan 09 13:28:00 ==================脚本执行- 北京时间(UTC+8)：2022/1/9 下午1:28:00=====================
Jan 09 13:28:00 
Jan 09 13:28:04 
Jan 09 13:28:04 ***********开始【京东账号1】jd_187425zqg********
Jan 09 13:28:04 
Jan 09 13:28:05 收取鹅蛋:10个成功
Jan 09 13:28:05 当前总鹅蛋数量:3420
Jan 09 13:28:06 兑换金币失败:活动太火爆，请稍后尝试
Jan 09 13:28:06 
Jan 09 13:28:06 🔔天天提鹅, 结束! 🕛 5.651 秒
Jan 09 13:28:06 
Jan 09 14:28:00 
Jan 09 14:28:00 🔔天天提鹅, 开始!
Jan 09 14:28:00 
Jan 09 14:28:00 ====================共1个京东账号Cookie=========
Jan 09 14:28:00 
Jan 09 14:28:00 ==================脚本执行- 北京时间(UTC+8)：2022/1/9 下午2:28:00=====================
Jan 09 14:28:00 
Jan 09 14:28:04 
Jan 09 14:28:04 ***********开始【京东账号1】jd_187425zqg********
Jan 09 14:28:04 
Jan 09 14:28:04 天天提鹅（toDailyHome）：活动太火爆，请稍后尝试
Jan 09 14:28:04 
Jan 09 14:28:04 🔔天天提鹅, 结束! 🕛 4.477 秒
Jan 09 14:28:04 
Jan 09 15:28:00 
Jan 09 15:28:00 🔔天天提鹅, 开始!
Jan 09 15:28:00 
Jan 09 15:28:00 ====================共1个京东账号Cookie=========
Jan 09 15:28:00 
Jan 09 15:28:00 ==================脚本执行- 北京时间(UTC+8)：2022/1/9 下午3:28:00=====================
Jan 09 15:28:00 
Jan 09 15:28:05 
Jan 09 15:28:05 ***********开始【京东账号1】jd_187425zqg********
Jan 09 15:28:05 
Jan 09 15:28:07 收取鹅蛋:26个成功
Jan 09 15:28:07 当前总鹅蛋数量:3436
Jan 09 15:28:08 兑换金币:2
Jan 09 15:28:08 当前总金币:2260
Jan 09 15:28:08 
Jan 09 15:28:08 🔔天天提鹅, 结束! 🕛 7.559 秒
Jan 09 15:28:08 
Jan 09 16:28:00 
Jan 09 16:28:00 🔔天天提鹅, 开始!
Jan 09 16:28:00 
Jan 09 16:28:00 ====================共1个京东账号Cookie=========
Jan 09 16:28:00 
Jan 09 16:28:00 ==================脚本执行- 北京时间(UTC+8)：2022/1/9 下午4:28:00=====================
Jan 09 16:28:00 
Jan 09 16:28:04 
Jan 09 16:28:04 ***********开始【京东账号1】jd_187425zqg********
Jan 09 16:28:04 
Jan 09 16:28:05 天天提鹅（toDailyHome）：活动太火爆，请稍后尝试
Jan 09 16:28:05 
Jan 09 16:28:05 🔔天天提鹅, 结束! 🕛 4.673 秒
Jan 09 16:28:05 
Jan 09 17:28:00 
Jan 09 17:28:00 🔔天天提鹅, 开始!
Jan 09 17:28:00 
Jan 09 17:28:00 ====================共1个京东账号Cookie=========
Jan 09 17:28:00 
Jan 09 17:28:00 ==================脚本执行- 北京时间(UTC+8)：2022/1/9 下午5:28:00=====================
Jan 09 17:28:00 
Jan 09 17:28:04 
Jan 09 17:28:04 ***********开始【京东账号1】jd_187425zqg********
Jan 09 17:28:04 
Jan 09 17:28:05 收取鹅蛋:18个成功
Jan 09 17:28:05 当前总鹅蛋数量:3448
Jan 09 17:28:06 兑换金币:1
Jan 09 17:28:06 当前总金币:2261
Jan 09 17:28:06 
Jan 09 17:28:06 🔔天天提鹅, 结束! 🕛 5.722 秒
Jan 09 17:28:06 
Jan 09 18:28:00 
Jan 09 18:28:00 🔔天天提鹅, 开始!
Jan 09 18:28:00 
Jan 09 18:28:00 ====================共1个京东账号Cookie=========
Jan 09 18:28:00 
Jan 09 18:28:00 ==================脚本执行- 北京时间(UTC+8)：2022/1/9 下午6:28:00=====================
Jan 09 18:28:00 
Jan 09 18:28:04 
Jan 09 18:28:04 ***********开始【京东账号1】jd_187425zqg********
Jan 09 18:28:04 
Jan 09 18:28:05 收取鹅蛋:13个成功
Jan 09 18:28:05 当前总鹅蛋数量:3453
Jan 09 18:28:06 兑换金币:1
Jan 09 18:28:06 当前总金币:2262
Jan 09 18:28:06 
Jan 09 18:28:06 🔔天天提鹅, 结束! 🕛 5.306 秒
Jan 09 18:28:06 
Jan 09 19:28:00 
Jan 09 19:28:00 🔔天天提鹅, 开始!
Jan 09 19:28:00 
Jan 09 19:28:00 ====================共1个京东账号Cookie=========
Jan 09 19:28:00 
Jan 09 19:28:00 ==================脚本执行- 北京时间(UTC+8)：2022/1/9 下午7:28:00=====================
Jan 09 19:28:00 
Jan 09 19:28:05 
Jan 09 19:28:05 ***********开始【京东账号1】jd_187425zqg********
Jan 09 19:28:05 
Jan 09 19:28:06 收取鹅蛋:9个成功
Jan 09 19:28:06 当前总鹅蛋数量:3459
Jan 09 19:28:06 兑换金币失败:剩余数量不足
Jan 09 19:28:06 
Jan 09 19:28:06 🔔天天提鹅, 结束! 🕛 5.767 秒
Jan 09 19:28:06 
Jan 09 20:28:01 
Jan 09 20:28:01 🔔天天提鹅, 开始!
Jan 09 20:28:01 
Jan 09 20:28:01 ====================共1个京东账号Cookie=========
Jan 09 20:28:01 
Jan 09 20:28:01 ==================脚本执行- 北京时间(UTC+8)：2022/1/9 下午8:28:01=====================
Jan 09 20:28:01 
Jan 09 20:28:04 
Jan 09 20:28:04 ***********开始【京东账号1】jd_187425zqg********
Jan 09 20:28:04 
Jan 09 20:28:07 收取鹅蛋:15个成功
Jan 09 20:28:07 当前总鹅蛋数量:3465
Jan 09 20:28:08 兑换金币:1
Jan 09 20:28:08 当前总金币:2263
Jan 09 20:28:08 
Jan 09 20:28:08 🔔天天提鹅, 结束! 🕛 7.359 秒
Jan 09 20:28:08 
Jan 09 21:28:01 
Jan 09 21:28:01 🔔天天提鹅, 开始!
Jan 09 21:28:01 
Jan 09 21:28:01 ====================共1个京东账号Cookie=========
Jan 09 21:28:01 
Jan 09 21:28:01 ==================脚本执行- 北京时间(UTC+8)：2022/1/9 下午9:28:01=====================
Jan 09 21:28:01 
Jan 09 21:28:04 
Jan 09 21:28:04 ***********开始【京东账号1】jd_187425zqg********
Jan 09 21:28:04 
Jan 09 21:28:05 天天提鹅（toDailyHome）：活动太火爆，请稍后尝试
Jan 09 21:28:05 
Jan 09 21:28:05 🔔天天提鹅, 结束! 🕛 4.097 秒
Jan 09 21:28:05 
