Jan 07 07:23:00 
Jan 07 07:23:00 🔔获取互助码, 开始!
Jan 07 07:23:00 
Jan 07 07:23:00 ====================共1个京东账号Cookie=========
Jan 07 07:23:00 
Jan 07 07:23:00 ==================脚本执行- 北京时间(UTC+8)：2022/1/7 上午7:23:00=====================
Jan 07 07:23:00 
Jan 07 07:23:00 
Jan 07 07:23:00 注：临时活动的互助码不添加到此处，如有需要请手动运行对应临时活动脚本
Jan 07 07:23:00 
Jan 07 07:23:00 ======账号1开始======
Jan 07 07:23:01 【京东账号1（jd_739d55b768da0）京东农场】670804b458b34fa781d5684f89cacdd5
Jan 07 07:23:01 【京东账号1（jd_739d55b768da0）京东萌宠】MTE1NDAxNzgwMDAwMDAwMzg2NDk3MTk=
Jan 07 07:23:01 【京东账号1（jd_739d55b768da0）种豆得豆】4npkonnsy7xi2pr6zfsbmsz2rc7raqvd4ujg7si
Jan 07 07:23:01 【京东账号1（jd_739d55b768da0）东东工厂】T0225KkcRx0QoVHSch3ynKNbdACjVWnYaS5kRrbA
Jan 07 07:23:01 【京东账号1（jd_739d55b768da0）京喜工厂】t3lQ6nUwV91EfbfqznMULw==
Jan 07 07:23:01 注意：京喜农场 种植种子发生变化的时候，互助码也会变！！
Jan 07 07:23:01 【京东账号1（jd_739d55b768da0）京喜农场】{"smp":"aebbfedeed9f13b03ee232cf68f03142","active":"jdnc_1_xiacheng210315_2","joinnum":1}
Jan 07 07:23:02 【京东账号1（jd_739d55b768da0）闪购盲盒】T0225KkcRx0QoVHSch3ynKNbdACjVQmoaT5kRrbA
Jan 07 07:23:02 【京东账号1（jd_739d55b768da0）签到领现金】eU9Ya--7Mvkjo2nTwydC1g
Jan 07 07:23:02 ======账号1结束======
Jan 07 07:23:02 
Jan 07 07:23:02 
Jan 07 07:23:02 🔔获取互助码, 结束! 🕛 2.143 秒
Jan 07 07:23:02 
Jan 08 07:23:01 
Jan 08 07:23:01 🔔获取互助码, 开始!
Jan 08 07:23:01 
Jan 08 07:23:01 ====================共1个京东账号Cookie=========
Jan 08 07:23:01 
Jan 08 07:23:01 ==================脚本执行- 北京时间(UTC+8)：2022/1/8 上午7:23:01=====================
Jan 08 07:23:01 
Jan 08 07:23:01 
Jan 08 07:23:01 注：临时活动的互助码不添加到此处，如有需要请手动运行对应临时活动脚本
Jan 08 07:23:01 
Jan 08 07:23:01 ======账号1开始======
Jan 08 07:23:01 【京东账号1（jd_739d55b768da0）京东农场】670804b458b34fa781d5684f89cacdd5
Jan 08 07:23:01 【京东账号1（jd_739d55b768da0）京东萌宠】MTE1NDAxNzgwMDAwMDAwMzg2NDk3MTk=
Jan 08 07:23:02 【京东账号1（jd_739d55b768da0）种豆得豆】4npkonnsy7xi2pr6zfsbmsz2rc7raqvd4ujg7si
Jan 08 07:23:02 【京东账号1（jd_739d55b768da0）东东工厂】T0225KkcRx0QoVHSch3ynKNbdACjVWnYaS5kRrbA
Jan 08 07:23:02 【京东账号1（jd_739d55b768da0）京喜工厂】t3lQ6nUwV91EfbfqznMULw==
Jan 08 07:23:02 注意：京喜农场 种植种子发生变化的时候，互助码也会变！！
Jan 08 07:23:02 【京东账号1（jd_739d55b768da0）京喜农场】{"smp":"aebbfedeed9f13b03ee232cf68f03142","active":"jdnc_1_xiacheng210315_2","joinnum":1}
Jan 08 07:23:02 【京东账号1（jd_739d55b768da0）闪购盲盒】T0225KkcRx0QoVHSch3ynKNbdACjVQmoaT5kRrbA
Jan 08 07:23:03 【京东账号1（jd_739d55b768da0）签到领现金】eU9Ya--7Mvkjo2nTwydC1g
Jan 08 07:23:03 ======账号1结束======
Jan 08 07:23:03 
Jan 08 07:23:03 
Jan 08 07:23:03 🔔获取互助码, 结束! 🕛 1.994 秒
Jan 08 07:23:03 
Jan 09 07:23:00 
Jan 09 07:23:00 🔔获取互助码, 开始!
Jan 09 07:23:00 
Jan 09 07:23:00 ====================共1个京东账号Cookie=========
Jan 09 07:23:00 
Jan 09 07:23:00 ==================脚本执行- 北京时间(UTC+8)：2022/1/9 上午7:23:00=====================
Jan 09 07:23:00 
Jan 09 07:23:00 
Jan 09 07:23:00 注：临时活动的互助码不添加到此处，如有需要请手动运行对应临时活动脚本
Jan 09 07:23:00 
Jan 09 07:23:01 ======账号1开始======
Jan 09 07:23:01 【京东账号1（jd_739d55b768da0）京东农场】670804b458b34fa781d5684f89cacdd5
Jan 09 07:23:01 【京东账号1（jd_739d55b768da0）京东萌宠】MTE1NDAxNzgwMDAwMDAwMzg2NDk3MTk=
Jan 09 07:23:01 【京东账号1（jd_739d55b768da0）种豆得豆】4npkonnsy7xi2pr6zfsbmsz2rc7raqvd4ujg7si
Jan 09 07:23:01 【京东账号1（jd_739d55b768da0）东东工厂】T0225KkcRx0QoVHSch3ynKNbdACjVWnYaS5kRrbA
Jan 09 07:23:02 【京东账号1（jd_739d55b768da0）京喜工厂】t3lQ6nUwV91EfbfqznMULw==
Jan 09 07:23:02 注意：京喜农场 种植种子发生变化的时候，互助码也会变！！
Jan 09 07:23:02 【京东账号1（jd_739d55b768da0）京喜农场】{"smp":"aebbfedeed9f13b03ee232cf68f03142","active":"jdnc_1_xiacheng210315_2","joinnum":1}
Jan 09 07:23:02 【京东账号1（jd_739d55b768da0）闪购盲盒】T0225KkcRx0QoVHSch3ynKNbdACjVQmoaT5kRrbA
Jan 09 07:23:02 【京东账号1（jd_739d55b768da0）签到领现金】eU9Ya--7Mvkjo2nTwydC1g
Jan 09 07:23:02 ======账号1结束======
Jan 09 07:23:02 
Jan 09 07:23:02 
Jan 09 07:23:02 🔔获取互助码, 结束! 🕛 1.994 秒
Jan 09 07:23:02 
