Jan 07 01:00:01 
Jan 07 01:00:01 🔔金榜创造营, 开始!
Jan 07 01:00:01 
Jan 07 01:00:01 ====================共1个京东账号Cookie=========
Jan 07 01:00:01 
Jan 07 01:00:01 ==================脚本执行- 北京时间(UTC+8)：2022/1/7 上午1:00:01=====================
Jan 07 01:00:01 
Jan 07 01:00:02 
Jan 07 01:00:02 ******开始【京东账号1】jd_739d55b768da0*********
Jan 07 01:00:02 
Jan 07 01:00:02 共有5个主题
Jan 07 01:00:02 
Jan 07 01:00:02 做额外任务：金榜创造营-逛商品
Jan 07 01:00:03 成功，获得 0京豆
Jan 07 01:00:03 
Jan 07 01:00:05 
Jan 07 01:00:05 做额外任务：金榜创造营-关注店铺
Jan 07 01:00:05 成功，获得 0京豆
Jan 07 01:00:05 
Jan 07 01:00:07 
Jan 07 01:00:07 做额外任务：金榜创造营-逛会场
Jan 07 01:00:07 成功，获得 0京豆
Jan 07 01:00:07 
Jan 07 01:00:09 成功，获得 1京豆
Jan 07 01:00:09 
Jan 07 01:00:09 已投票0主题
Jan 07 01:00:09 
Jan 07 01:00:09 
Jan 07 01:00:09 开始给【自然美出圈】主题下的商品进行投票
Jan 07 01:00:10 当前剩余投票次数：5
Jan 07 01:00:10 给 【SK-II 神仙水精华套装】 商品投票
Jan 07 01:00:10 失败：{"isSuccess":true,"code":"-3","msg":"调用频率太快"}
Jan 07 01:00:10 
Jan 07 01:00:12 
Jan 07 01:00:12 开始给【潮流星势力】主题下的商品进行投票
Jan 07 01:00:12 当前剩余投票次数：5
Jan 07 01:00:12 给 【OPPO Reno7 】 商品投票
Jan 07 01:00:12 成功，获得 0京豆
Jan 07 01:00:12 
Jan 07 01:00:14 
Jan 07 01:00:14 开始给【轻松享健康】主题下的商品进行投票
Jan 07 01:00:14 当前剩余投票次数：4
Jan 07 01:00:14 给 【好奇 真蚕丝拉拉裤 】 商品投票
Jan 07 01:00:15 成功，获得 0京豆
Jan 07 01:00:15 
Jan 07 01:00:17 
Jan 07 01:00:17 开始给【年货合家欢】主题下的商品进行投票
Jan 07 01:00:17 当前剩余投票次数：3
Jan 07 01:00:17 给 【美素佳儿 幼儿配方奶粉】 商品投票
Jan 07 01:00:17 成功，获得 0京豆
Jan 07 01:00:17 
Jan 07 01:00:19 
Jan 07 01:00:19 开始给【宅家自由派】主题下的商品进行投票
Jan 07 01:00:20 当前剩余投票次数：2
Jan 07 01:00:20 给 【A.O.史密斯燃气热水器】 商品投票
Jan 07 01:00:22 成功，获得 undefined京豆
Jan 07 01:00:22 
Jan 07 01:00:25 揭榜成功：获得5京豆
Jan 07 01:00:25 
Jan 07 01:00:25 ==============📣系统通知📣==============
Jan 07 01:00:25 金榜创造营
Jan 07 01:00:25 【京东账号1】jd_739d55b768da0
Jan 07 01:00:25 本次运行获得1京豆
Jan 07 01:00:25 
Jan 07 01:00:25 🔔金榜创造营, 结束! 🕛 24.755 秒
Jan 07 01:00:25 
Jan 07 22:00:00 
Jan 07 22:00:00 🔔金榜创造营, 开始!
Jan 07 22:00:00 
Jan 07 22:00:00 ====================共1个京东账号Cookie=========
Jan 07 22:00:00 
Jan 07 22:00:00 ==================脚本执行- 北京时间(UTC+8)：2022/1/7 下午10:00:00=====================
Jan 07 22:00:00 
Jan 07 22:00:02 
Jan 07 22:00:02 ******开始【京东账号1】jd_739d55b768da0*********
Jan 07 22:00:02 
Jan 07 22:00:02 共有5个主题
Jan 07 22:00:02 已投票4主题
Jan 07 22:00:02 
Jan 07 22:00:02 
Jan 07 22:00:02 开始给【自然美出圈】主题下的商品进行投票
Jan 07 22:00:03 当前剩余投票次数：1
Jan 07 22:00:03 给 【OLAY  臻粹超红瓶面霜】 商品投票
Jan 07 22:00:03 成功，获得 0京豆
Jan 07 22:00:03 
Jan 07 22:00:05 
Jan 07 22:00:05 🔔金榜创造营, 结束! 🕛 4.864 秒
Jan 07 22:00:05 
Jan 08 01:00:00 
Jan 08 01:00:00 🔔金榜创造营, 开始!
Jan 08 01:00:00 
Jan 08 01:00:00 ====================共1个京东账号Cookie=========
Jan 08 01:00:00 
Jan 08 01:00:01 ==================脚本执行- 北京时间(UTC+8)：2022/1/8 上午1:00:00=====================
Jan 08 01:00:01 
Jan 08 01:00:02 
Jan 08 01:00:02 ******开始【京东账号1】jd_739d55b768da0*********
Jan 08 01:00:02 
Jan 08 01:00:02 共有5个主题
Jan 08 01:00:02 
Jan 08 01:00:02 做额外任务：金榜创造营-逛商品
Jan 08 01:00:03 成功，获得 0京豆
Jan 08 01:00:03 
Jan 08 01:00:05 
Jan 08 01:00:05 做额外任务：金榜创造营-关注店铺
Jan 08 01:00:05 成功，获得 0京豆
Jan 08 01:00:05 
Jan 08 01:00:07 
Jan 08 01:00:07 做额外任务：金榜创造营-逛会场
Jan 08 01:00:07 成功，获得 0京豆
Jan 08 01:00:07 
Jan 08 01:00:10 成功，获得 1京豆
Jan 08 01:00:10 
Jan 08 01:00:10 已投票0主题
Jan 08 01:00:10 
Jan 08 01:00:10 
Jan 08 01:00:10 开始给【年货合家欢】主题下的商品进行投票
Jan 08 01:00:10 当前剩余投票次数：5
Jan 08 01:00:10 给 【珠江啤酒 600ml*12瓶 】 商品投票
Jan 08 01:00:10 失败：{"isSuccess":true,"code":"-3","msg":"调用频率太快"}
Jan 08 01:00:10 
Jan 08 01:00:12 
Jan 08 01:00:12 开始给【轻松享健康】主题下的商品进行投票
Jan 08 01:00:12 当前剩余投票次数：5
Jan 08 01:00:12 给 【好奇 真蚕丝拉拉裤 】 商品投票
Jan 08 01:00:12 成功，获得 0京豆
Jan 08 01:00:12 
Jan 08 01:00:14 
Jan 08 01:00:14 开始给【自然美出圈】主题下的商品进行投票
Jan 08 01:00:15 当前剩余投票次数：4
Jan 08 01:00:15 给 【博朗 男士电动剃须刀】 商品投票
Jan 08 01:00:15 成功，获得 0京豆
Jan 08 01:00:15 
Jan 08 01:00:17 
Jan 08 01:00:17 开始给【宅家自由派】主题下的商品进行投票
Jan 08 01:00:18 当前剩余投票次数：3
Jan 08 01:00:18 给 【德施曼 智能锁指纹锁】 商品投票
Jan 08 01:00:18 成功，获得 0京豆
Jan 08 01:00:18 
Jan 08 01:00:20 
Jan 08 01:00:20 开始给【潮流星势力】主题下的商品进行投票
Jan 08 01:00:20 当前剩余投票次数：2
Jan 08 01:00:20 给 【洋河蓝色经典 礼盒装白酒】 商品投票
Jan 08 01:00:21 成功，获得 0京豆
Jan 08 01:00:21 
Jan 08 01:00:23 
Jan 08 01:00:23 ==============📣系统通知📣==============
Jan 08 01:00:23 金榜创造营
Jan 08 01:00:23 【京东账号1】jd_739d55b768da0
Jan 08 01:00:23 本次运行获得1京豆
Jan 08 01:00:23 
Jan 08 01:00:23 🔔金榜创造营, 结束! 🕛 22.242 秒
Jan 08 01:00:23 
Jan 08 22:00:00 
Jan 08 22:00:00 🔔金榜创造营, 开始!
Jan 08 22:00:00 
Jan 08 22:00:00 ====================共1个京东账号Cookie=========
Jan 08 22:00:00 
Jan 08 22:00:00 ==================脚本执行- 北京时间(UTC+8)：2022/1/8 下午10:00:00=====================
Jan 08 22:00:00 
Jan 08 22:00:01 
Jan 08 22:00:01 ******开始【京东账号1】jd_739d55b768da0*********
Jan 08 22:00:01 
Jan 08 22:00:01 共有5个主题
Jan 08 22:00:01 已投票4主题
Jan 08 22:00:01 
Jan 08 22:00:01 
Jan 08 22:00:01 开始给【年货合家欢】主题下的商品进行投票
Jan 08 22:00:02 当前剩余投票次数：1
Jan 08 22:00:02 给 【 伊利 金典有机纯牛奶】 商品投票
Jan 08 22:00:02 成功，获得 0京豆
Jan 08 22:00:02 
Jan 08 22:00:04 
Jan 08 22:00:04 🔔金榜创造营, 结束! 🕛 4.574 秒
Jan 08 22:00:04 
Jan 09 01:00:00 
Jan 09 01:00:00 🔔金榜创造营, 开始!
Jan 09 01:00:00 
Jan 09 01:00:00 ====================共1个京东账号Cookie=========
Jan 09 01:00:00 
Jan 09 01:00:01 ==================脚本执行- 北京时间(UTC+8)：2022/1/9 上午1:00:00=====================
Jan 09 01:00:01 
Jan 09 01:00:02 
Jan 09 01:00:02 ******开始【京东账号1】jd_739d55b768da0*********
Jan 09 01:00:02 
Jan 09 01:00:02 共有5个主题
Jan 09 01:00:02 
Jan 09 01:00:02 做额外任务：金榜创造营-逛商品
Jan 09 01:00:02 成功，获得 0京豆
Jan 09 01:00:02 
Jan 09 01:00:04 
Jan 09 01:00:04 做额外任务：金榜创造营-关注店铺
Jan 09 01:00:05 成功，获得 0京豆
Jan 09 01:00:05 
Jan 09 01:00:07 
Jan 09 01:00:07 做额外任务：金榜创造营-逛会场
Jan 09 01:00:07 成功，获得 0京豆
Jan 09 01:00:07 
Jan 09 01:00:09 成功，获得 1京豆
Jan 09 01:00:09 
Jan 09 01:00:09 已投票0主题
Jan 09 01:00:09 
Jan 09 01:00:09 
Jan 09 01:00:09 开始给【自然美出圈】主题下的商品进行投票
Jan 09 01:00:09 当前剩余投票次数：5
Jan 09 01:00:09 给 【欧舒丹手霜礼盒4支装】 商品投票
Jan 09 01:00:10 失败：{"isSuccess":true,"code":"-3","msg":"调用频率太快"}
Jan 09 01:00:10 
Jan 09 01:00:12 
Jan 09 01:00:12 开始给【年货合家欢】主题下的商品进行投票
Jan 09 01:00:12 当前剩余投票次数：5
Jan 09 01:00:12 给 【安慕希草莓奶昔风味酸奶】 商品投票
Jan 09 01:00:12 成功，获得 0京豆
Jan 09 01:00:12 
Jan 09 01:00:14 
Jan 09 01:00:14 开始给【宅家自由派】主题下的商品进行投票
Jan 09 01:00:14 当前剩余投票次数：4
Jan 09 01:00:14 给 【米家 小米空调】 商品投票
Jan 09 01:00:15 成功，获得 0京豆
Jan 09 01:00:15 
Jan 09 01:00:17 
Jan 09 01:00:17 开始给【轻松享健康】主题下的商品进行投票
Jan 09 01:00:17 当前剩余投票次数：3
Jan 09 01:00:17 给 【美素佳儿 幼儿配方奶粉 】 商品投票
Jan 09 01:00:17 成功，获得 0京豆
Jan 09 01:00:17 
Jan 09 01:00:19 
Jan 09 01:00:19 开始给【潮流星势力】主题下的商品进行投票
Jan 09 01:00:19 当前剩余投票次数：2
Jan 09 01:00:19 给 【iQOO Neo5】 商品投票
Jan 09 01:00:20 成功，获得 0京豆
Jan 09 01:00:20 
Jan 09 01:00:22 
Jan 09 01:00:22 ==============📣系统通知📣==============
Jan 09 01:00:22 金榜创造营
Jan 09 01:00:22 【京东账号1】jd_739d55b768da0
Jan 09 01:00:22 本次运行获得1京豆
Jan 09 01:00:22 
Jan 09 01:00:22 🔔金榜创造营, 结束! 🕛 21.611 秒
Jan 09 01:00:22 
