Jan 07 00:05:01 
Jan 07 00:05:01 🔔东东健康社区收集能量收集, 开始!
Jan 07 00:05:01 
Jan 07 00:05:01 ====================共1个京东账号Cookie=========
Jan 07 00:05:01 
Jan 07 00:05:02 ==================脚本执行- 北京时间(UTC+8)：2022/1/7 上午12:05:01=====================
Jan 07 00:05:02 
Jan 07 00:05:02 
Jan 07 00:05:02 ******开始【京东账号1】jd_739d55b768da0*********
Jan 07 00:05:02 
Jan 07 00:05:04 任务完成成功，获得：480能量
Jan 07 00:05:04 
Jan 07 00:05:04 🔔东东健康社区收集能量收集, 结束! 🕛 2.689 秒
Jan 07 00:05:04 
Jan 07 00:25:00 
Jan 07 00:25:00 🔔东东健康社区收集能量收集, 开始!
Jan 07 00:25:00 
Jan 07 00:25:00 ====================共1个京东账号Cookie=========
Jan 07 00:25:00 
Jan 07 00:25:00 ==================脚本执行- 北京时间(UTC+8)：2022/1/7 上午12:25:00=====================
Jan 07 00:25:00 
Jan 07 00:25:00 
Jan 07 00:25:00 ******开始【京东账号1】jd_739d55b768da0*********
Jan 07 00:25:00 
Jan 07 00:25:01 任务完成成功，获得：478能量
Jan 07 00:25:01 
Jan 07 00:25:01 🔔东东健康社区收集能量收集, 结束! 🕛 0.567 秒
Jan 07 00:25:01 
Jan 07 00:45:01 
Jan 07 00:45:01 🔔东东健康社区收集能量收集, 开始!
Jan 07 00:45:01 
Jan 07 00:45:01 ====================共1个京东账号Cookie=========
Jan 07 00:45:01 
Jan 07 00:45:01 ==================脚本执行- 北京时间(UTC+8)：2022/1/7 上午12:45:01=====================
Jan 07 00:45:01 
Jan 07 00:45:01 
Jan 07 00:45:01 ******开始【京东账号1】jd_739d55b768da0*********
Jan 07 00:45:01 
Jan 07 00:45:03 任务完成成功，获得：396能量
Jan 07 00:45:03 
Jan 07 00:45:03 🔔东东健康社区收集能量收集, 结束! 🕛 2.287 秒
Jan 07 00:45:03 
Jan 07 01:05:01 
Jan 07 01:05:01 🔔东东健康社区收集能量收集, 开始!
Jan 07 01:05:01 
Jan 07 01:05:01 ====================共1个京东账号Cookie=========
Jan 07 01:05:01 
Jan 07 01:05:02 ==================脚本执行- 北京时间(UTC+8)：2022/1/7 上午1:05:01=====================
Jan 07 01:05:02 
Jan 07 01:05:02 
Jan 07 01:05:02 ******开始【京东账号1】jd_739d55b768da0*********
Jan 07 01:05:02 
Jan 07 01:05:03 任务完成成功，获得：478能量
Jan 07 01:05:03 
Jan 07 01:05:03 🔔东东健康社区收集能量收集, 结束! 🕛 2.206 秒
Jan 07 01:05:03 
Jan 07 01:25:00 
Jan 07 01:25:00 🔔东东健康社区收集能量收集, 开始!
Jan 07 01:25:00 
Jan 07 01:25:00 ====================共1个京东账号Cookie=========
Jan 07 01:25:00 
Jan 07 01:25:00 ==================脚本执行- 北京时间(UTC+8)：2022/1/7 上午1:25:00=====================
Jan 07 01:25:00 
Jan 07 01:25:00 
Jan 07 01:25:00 ******开始【京东账号1】jd_739d55b768da0*********
Jan 07 01:25:00 
Jan 07 01:25:01 任务完成成功，获得：478能量
Jan 07 01:25:01 
Jan 07 01:25:01 🔔东东健康社区收集能量收集, 结束! 🕛 0.491 秒
Jan 07 01:25:01 
Jan 07 01:45:00 
Jan 07 01:45:00 🔔东东健康社区收集能量收集, 开始!
Jan 07 01:45:00 
Jan 07 01:45:00 ====================共1个京东账号Cookie=========
Jan 07 01:45:00 
Jan 07 01:45:01 ==================脚本执行- 北京时间(UTC+8)：2022/1/7 上午1:45:00=====================
Jan 07 01:45:01 
Jan 07 01:45:01 
Jan 07 01:45:01 ******开始【京东账号1】jd_739d55b768da0*********
Jan 07 01:45:01 
Jan 07 01:45:01 任务完成成功，获得：480能量
Jan 07 01:45:01 
Jan 07 01:45:01 🔔东东健康社区收集能量收集, 结束! 🕛 0.499 秒
Jan 07 01:45:01 
Jan 07 02:05:01 
Jan 07 02:05:01 🔔东东健康社区收集能量收集, 开始!
Jan 07 02:05:01 
Jan 07 02:05:01 ====================共1个京东账号Cookie=========
Jan 07 02:05:01 
Jan 07 02:05:01 ==================脚本执行- 北京时间(UTC+8)：2022/1/7 上午2:05:01=====================
Jan 07 02:05:01 
Jan 07 02:05:01 
Jan 07 02:05:01 ******开始【京东账号1】jd_739d55b768da0*********
Jan 07 02:05:01 
Jan 07 02:05:02 任务完成成功，获得：480能量
Jan 07 02:05:02 
Jan 07 02:05:02 🔔东东健康社区收集能量收集, 结束! 🕛 1.236 秒
Jan 07 02:05:02 
Jan 07 02:25:01 
Jan 07 02:25:01 🔔东东健康社区收集能量收集, 开始!
Jan 07 02:25:01 
Jan 07 02:25:01 ====================共1个京东账号Cookie=========
Jan 07 02:25:01 
Jan 07 02:25:01 ==================脚本执行- 北京时间(UTC+8)：2022/1/7 上午2:25:01=====================
Jan 07 02:25:01 
Jan 07 02:25:01 
Jan 07 02:25:01 ******开始【京东账号1】jd_739d55b768da0*********
Jan 07 02:25:01 
Jan 07 02:25:01 任务完成成功，获得：478能量
Jan 07 02:25:01 
Jan 07 02:25:01 🔔东东健康社区收集能量收集, 结束! 🕛 0.537 秒
Jan 07 02:25:01 
Jan 07 02:45:01 
Jan 07 02:45:01 🔔东东健康社区收集能量收集, 开始!
Jan 07 02:45:01 
Jan 07 02:45:01 ====================共1个京东账号Cookie=========
Jan 07 02:45:01 
Jan 07 02:45:01 ==================脚本执行- 北京时间(UTC+8)：2022/1/7 上午2:45:01=====================
Jan 07 02:45:01 
Jan 07 02:45:01 
Jan 07 02:45:01 ******开始【京东账号1】jd_739d55b768da0*********
Jan 07 02:45:01 
Jan 07 02:45:01 任务完成成功，获得：478能量
Jan 07 02:45:01 
Jan 07 02:45:01 🔔东东健康社区收集能量收集, 结束! 🕛 0.48 秒
Jan 07 02:45:01 
Jan 07 03:05:01 
Jan 07 03:05:01 🔔东东健康社区收集能量收集, 开始!
Jan 07 03:05:01 
Jan 07 03:05:01 ====================共1个京东账号Cookie=========
Jan 07 03:05:01 
Jan 07 03:05:01 ==================脚本执行- 北京时间(UTC+8)：2022/1/7 上午3:05:01=====================
Jan 07 03:05:01 
Jan 07 03:05:01 
Jan 07 03:05:01 ******开始【京东账号1】jd_739d55b768da0*********
Jan 07 03:05:01 
Jan 07 03:05:02 任务完成成功，获得：480能量
Jan 07 03:05:02 
Jan 07 03:05:02 🔔东东健康社区收集能量收集, 结束! 🕛 1.181 秒
Jan 07 03:05:02 
Jan 07 03:25:01 
Jan 07 03:25:01 🔔东东健康社区收集能量收集, 开始!
Jan 07 03:25:01 
Jan 07 03:25:01 ====================共1个京东账号Cookie=========
Jan 07 03:25:01 
Jan 07 03:25:01 ==================脚本执行- 北京时间(UTC+8)：2022/1/7 上午3:25:01=====================
Jan 07 03:25:01 
Jan 07 03:25:01 
Jan 07 03:25:01 ******开始【京东账号1】jd_739d55b768da0*********
Jan 07 03:25:01 
Jan 07 03:25:01 任务完成成功，获得：478能量
Jan 07 03:25:01 
Jan 07 03:25:01 🔔东东健康社区收集能量收集, 结束! 🕛 0.565 秒
Jan 07 03:25:01 
Jan 07 03:45:01 
Jan 07 03:45:01 🔔东东健康社区收集能量收集, 开始!
Jan 07 03:45:01 
Jan 07 03:45:01 ====================共1个京东账号Cookie=========
Jan 07 03:45:01 
Jan 07 03:45:01 ==================脚本执行- 北京时间(UTC+8)：2022/1/7 上午3:45:01=====================
Jan 07 03:45:01 
Jan 07 03:45:01 
Jan 07 03:45:01 ******开始【京东账号1】jd_739d55b768da0*********
Jan 07 03:45:01 
Jan 07 03:45:01 任务完成成功，获得：0能量
Jan 07 03:45:01 
Jan 07 03:45:01 🔔东东健康社区收集能量收集, 结束! 🕛 0.491 秒
Jan 07 03:45:01 
Jan 07 04:05:01 
Jan 07 04:05:01 🔔东东健康社区收集能量收集, 开始!
Jan 07 04:05:01 
Jan 07 04:05:01 ====================共1个京东账号Cookie=========
Jan 07 04:05:01 
Jan 07 04:05:01 ==================脚本执行- 北京时间(UTC+8)：2022/1/7 上午4:05:01=====================
Jan 07 04:05:01 
Jan 07 04:05:01 
Jan 07 04:05:01 ******开始【京东账号1】jd_739d55b768da0*********
Jan 07 04:05:01 
Jan 07 04:05:02 任务完成成功，获得：0能量
Jan 07 04:05:02 
Jan 07 04:05:02 🔔东东健康社区收集能量收集, 结束! 🕛 1.292 秒
Jan 07 04:05:02 
Jan 07 04:25:01 
Jan 07 04:25:01 🔔东东健康社区收集能量收集, 开始!
Jan 07 04:25:01 
Jan 07 04:25:01 ====================共1个京东账号Cookie=========
Jan 07 04:25:01 
Jan 07 04:25:01 ==================脚本执行- 北京时间(UTC+8)：2022/1/7 上午4:25:01=====================
Jan 07 04:25:01 
Jan 07 04:25:01 
Jan 07 04:25:01 ******开始【京东账号1】jd_739d55b768da0*********
Jan 07 04:25:01 
Jan 07 04:25:01 任务完成成功，获得：0能量
Jan 07 04:25:01 
Jan 07 04:25:01 🔔东东健康社区收集能量收集, 结束! 🕛 0.459 秒
Jan 07 04:25:01 
Jan 07 04:45:01 
Jan 07 04:45:01 🔔东东健康社区收集能量收集, 开始!
Jan 07 04:45:01 
Jan 07 04:45:01 ====================共1个京东账号Cookie=========
Jan 07 04:45:01 
Jan 07 04:45:01 ==================脚本执行- 北京时间(UTC+8)：2022/1/7 上午4:45:01=====================
Jan 07 04:45:01 
Jan 07 04:45:01 
Jan 07 04:45:01 ******开始【京东账号1】jd_739d55b768da0*********
Jan 07 04:45:01 
Jan 07 04:45:01 任务完成成功，获得：0能量
Jan 07 04:45:01 
Jan 07 04:45:01 🔔东东健康社区收集能量收集, 结束! 🕛 0.492 秒
Jan 07 04:45:01 
Jan 07 05:05:00 
Jan 07 05:05:00 🔔东东健康社区收集能量收集, 开始!
Jan 07 05:05:00 
Jan 07 05:05:00 ====================共1个京东账号Cookie=========
Jan 07 05:05:00 
Jan 07 05:05:00 ==================脚本执行- 北京时间(UTC+8)：2022/1/7 上午5:05:00=====================
Jan 07 05:05:00 
Jan 07 05:05:00 
Jan 07 05:05:00 ******开始【京东账号1】jd_739d55b768da0*********
Jan 07 05:05:00 
Jan 07 05:05:00 任务完成成功，获得：0能量
Jan 07 05:05:00 
Jan 07 05:05:00 🔔东东健康社区收集能量收集, 结束! 🕛 0.684 秒
Jan 07 05:05:00 
Jan 07 05:25:00 
Jan 07 05:25:00 🔔东东健康社区收集能量收集, 开始!
Jan 07 05:25:00 
Jan 07 05:25:00 ====================共1个京东账号Cookie=========
Jan 07 05:25:00 
Jan 07 05:25:00 ==================脚本执行- 北京时间(UTC+8)：2022/1/7 上午5:25:00=====================
Jan 07 05:25:00 
Jan 07 05:25:00 
Jan 07 05:25:00 ******开始【京东账号1】jd_739d55b768da0*********
Jan 07 05:25:00 
Jan 07 05:25:00 任务完成成功，获得：0能量
Jan 07 05:25:00 
Jan 07 05:25:00 🔔东东健康社区收集能量收集, 结束! 🕛 0.307 秒
Jan 07 05:25:00 
Jan 07 05:45:00 
Jan 07 05:45:00 🔔东东健康社区收集能量收集, 开始!
Jan 07 05:45:00 
Jan 07 05:45:00 ====================共1个京东账号Cookie=========
Jan 07 05:45:00 
Jan 07 05:45:00 ==================脚本执行- 北京时间(UTC+8)：2022/1/7 上午5:45:00=====================
Jan 07 05:45:00 
Jan 07 05:45:00 
Jan 07 05:45:00 ******开始【京东账号1】jd_739d55b768da0*********
Jan 07 05:45:00 
Jan 07 05:45:00 任务完成成功，获得：0能量
Jan 07 05:45:00 
Jan 07 05:45:00 🔔东东健康社区收集能量收集, 结束! 🕛 0.296 秒
Jan 07 05:45:00 
Jan 07 06:05:00 
Jan 07 06:05:00 🔔东东健康社区收集能量收集, 开始!
Jan 07 06:05:00 
Jan 07 06:05:00 ====================共1个京东账号Cookie=========
Jan 07 06:05:00 
Jan 07 06:05:00 ==================脚本执行- 北京时间(UTC+8)：2022/1/7 上午6:05:00=====================
Jan 07 06:05:00 
Jan 07 06:05:00 
Jan 07 06:05:00 ******开始【京东账号1】jd_739d55b768da0*********
Jan 07 06:05:00 
Jan 07 06:05:01 任务完成成功，获得：0能量
Jan 07 06:05:01 
Jan 07 06:05:01 🔔东东健康社区收集能量收集, 结束! 🕛 0.835 秒
Jan 07 06:05:01 
Jan 07 06:25:00 
Jan 07 06:25:00 🔔东东健康社区收集能量收集, 开始!
Jan 07 06:25:00 
Jan 07 06:25:00 ====================共1个京东账号Cookie=========
Jan 07 06:25:00 
Jan 07 06:25:00 ==================脚本执行- 北京时间(UTC+8)：2022/1/7 上午6:25:00=====================
Jan 07 06:25:00 
Jan 07 06:25:00 
Jan 07 06:25:00 ******开始【京东账号1】jd_739d55b768da0*********
Jan 07 06:25:00 
Jan 07 06:25:00 任务完成成功，获得：0能量
Jan 07 06:25:00 
Jan 07 06:25:00 🔔东东健康社区收集能量收集, 结束! 🕛 0.32 秒
Jan 07 06:25:00 
Jan 07 06:45:00 
Jan 07 06:45:00 🔔东东健康社区收集能量收集, 开始!
Jan 07 06:45:00 
Jan 07 06:45:00 ====================共1个京东账号Cookie=========
Jan 07 06:45:00 
Jan 07 06:45:00 ==================脚本执行- 北京时间(UTC+8)：2022/1/7 上午6:45:00=====================
Jan 07 06:45:00 
Jan 07 06:45:00 
Jan 07 06:45:00 ******开始【京东账号1】jd_739d55b768da0*********
Jan 07 06:45:00 
Jan 07 06:45:01 任务完成成功，获得：0能量
Jan 07 06:45:01 
Jan 07 06:45:01 🔔东东健康社区收集能量收集, 结束! 🕛 1.275 秒
Jan 07 06:45:01 
Jan 07 07:05:00 
Jan 07 07:05:00 🔔东东健康社区收集能量收集, 开始!
Jan 07 07:05:00 
Jan 07 07:05:00 ====================共1个京东账号Cookie=========
Jan 07 07:05:00 
Jan 07 07:05:00 ==================脚本执行- 北京时间(UTC+8)：2022/1/7 上午7:05:00=====================
Jan 07 07:05:00 
Jan 07 07:05:00 
Jan 07 07:05:00 ******开始【京东账号1】jd_739d55b768da0*********
Jan 07 07:05:00 
Jan 07 07:05:01 任务完成成功，获得：0能量
Jan 07 07:05:01 
Jan 07 07:05:01 🔔东东健康社区收集能量收集, 结束! 🕛 1.283 秒
Jan 07 07:05:01 
Jan 07 07:25:00 
Jan 07 07:25:00 🔔东东健康社区收集能量收集, 开始!
Jan 07 07:25:00 
Jan 07 07:25:00 ====================共1个京东账号Cookie=========
Jan 07 07:25:00 
Jan 07 07:25:00 ==================脚本执行- 北京时间(UTC+8)：2022/1/7 上午7:25:00=====================
Jan 07 07:25:00 
Jan 07 07:25:00 
Jan 07 07:25:00 ******开始【京东账号1】jd_739d55b768da0*********
Jan 07 07:25:00 
Jan 07 07:25:00 任务完成成功，获得：0能量
Jan 07 07:25:00 
Jan 07 07:25:00 🔔东东健康社区收集能量收集, 结束! 🕛 0.493 秒
Jan 07 07:25:00 
Jan 07 07:45:00 
Jan 07 07:45:00 🔔东东健康社区收集能量收集, 开始!
Jan 07 07:45:00 
Jan 07 07:45:00 ====================共1个京东账号Cookie=========
Jan 07 07:45:00 
Jan 07 07:45:00 ==================脚本执行- 北京时间(UTC+8)：2022/1/7 上午7:45:00=====================
Jan 07 07:45:00 
Jan 07 07:45:00 
Jan 07 07:45:00 ******开始【京东账号1】jd_739d55b768da0*********
Jan 07 07:45:00 
Jan 07 07:45:01 任务完成成功，获得：0能量
Jan 07 07:45:01 
Jan 07 07:45:01 🔔东东健康社区收集能量收集, 结束! 🕛 0.684 秒
Jan 07 07:45:01 
Jan 07 08:05:01 
Jan 07 08:05:01 🔔东东健康社区收集能量收集, 开始!
Jan 07 08:05:01 
Jan 07 08:05:01 ====================共1个京东账号Cookie=========
Jan 07 08:05:01 
Jan 07 08:05:01 ==================脚本执行- 北京时间(UTC+8)：2022/1/7 上午8:05:01=====================
Jan 07 08:05:01 
Jan 07 08:05:01 
Jan 07 08:05:01 ******开始【京东账号1】jd_739d55b768da0*********
Jan 07 08:05:01 
Jan 07 08:05:03 任务完成成功，获得：0能量
Jan 07 08:05:03 
Jan 07 08:05:03 🔔东东健康社区收集能量收集, 结束! 🕛 2.596 秒
Jan 07 08:05:03 
Jan 07 08:25:00 
Jan 07 08:25:00 🔔东东健康社区收集能量收集, 开始!
Jan 07 08:25:00 
Jan 07 08:25:00 ====================共1个京东账号Cookie=========
Jan 07 08:25:00 
Jan 07 08:25:00 ==================脚本执行- 北京时间(UTC+8)：2022/1/7 上午8:25:00=====================
Jan 07 08:25:00 
Jan 07 08:25:00 
Jan 07 08:25:00 ******开始【京东账号1】jd_739d55b768da0*********
Jan 07 08:25:00 
Jan 07 08:25:01 任务完成成功，获得：0能量
Jan 07 08:25:01 
Jan 07 08:25:01 🔔东东健康社区收集能量收集, 结束! 🕛 0.684 秒
Jan 07 08:25:01 
Jan 07 08:45:00 
Jan 07 08:45:00 🔔东东健康社区收集能量收集, 开始!
Jan 07 08:45:00 
Jan 07 08:45:00 ====================共1个京东账号Cookie=========
Jan 07 08:45:00 
Jan 07 08:45:00 ==================脚本执行- 北京时间(UTC+8)：2022/1/7 上午8:45:00=====================
Jan 07 08:45:00 
Jan 07 08:45:00 
Jan 07 08:45:00 ******开始【京东账号1】jd_739d55b768da0*********
Jan 07 08:45:00 
Jan 07 08:45:01 任务完成成功，获得：0能量
Jan 07 08:45:01 
Jan 07 08:45:01 🔔东东健康社区收集能量收集, 结束! 🕛 0.597 秒
Jan 07 08:45:01 
Jan 07 09:05:00 
Jan 07 09:05:00 🔔东东健康社区收集能量收集, 开始!
Jan 07 09:05:00 
Jan 07 09:05:00 ====================共1个京东账号Cookie=========
Jan 07 09:05:00 
Jan 07 09:05:01 ==================脚本执行- 北京时间(UTC+8)：2022/1/7 上午9:05:00=====================
Jan 07 09:05:01 
Jan 07 09:05:01 
Jan 07 09:05:01 ******开始【京东账号1】jd_739d55b768da0*********
Jan 07 09:05:01 
Jan 07 09:05:02 任务完成成功，获得：0能量
Jan 07 09:05:02 
Jan 07 09:05:02 🔔东东健康社区收集能量收集, 结束! 🕛 1.615 秒
Jan 07 09:05:02 
Jan 07 09:25:00 
Jan 07 09:25:00 🔔东东健康社区收集能量收集, 开始!
Jan 07 09:25:00 
Jan 07 09:25:00 ====================共1个京东账号Cookie=========
Jan 07 09:25:00 
Jan 07 09:25:00 ==================脚本执行- 北京时间(UTC+8)：2022/1/7 上午9:25:00=====================
Jan 07 09:25:00 
Jan 07 09:25:00 
Jan 07 09:25:00 ******开始【京东账号1】jd_739d55b768da0*********
Jan 07 09:25:00 
Jan 07 09:25:01 任务完成成功，获得：0能量
Jan 07 09:25:01 
Jan 07 09:25:01 🔔东东健康社区收集能量收集, 结束! 🕛 0.636 秒
Jan 07 09:25:01 
Jan 07 09:45:00 
Jan 07 09:45:00 🔔东东健康社区收集能量收集, 开始!
Jan 07 09:45:00 
Jan 07 09:45:00 ====================共1个京东账号Cookie=========
Jan 07 09:45:00 
Jan 07 09:45:00 ==================脚本执行- 北京时间(UTC+8)：2022/1/7 上午9:45:00=====================
Jan 07 09:45:00 
Jan 07 09:45:00 
Jan 07 09:45:00 ******开始【京东账号1】jd_739d55b768da0*********
Jan 07 09:45:00 
Jan 07 09:45:01 任务完成成功，获得：0能量
Jan 07 09:45:01 
Jan 07 09:45:01 🔔东东健康社区收集能量收集, 结束! 🕛 0.588 秒
Jan 07 09:45:01 
Jan 07 10:05:01 
Jan 07 10:05:01 🔔东东健康社区收集能量收集, 开始!
Jan 07 10:05:01 
Jan 07 10:05:01 ====================共1个京东账号Cookie=========
Jan 07 10:05:01 
Jan 07 10:05:01 ==================脚本执行- 北京时间(UTC+8)：2022/1/7 上午10:05:01=====================
Jan 07 10:05:01 
Jan 07 10:05:01 
Jan 07 10:05:01 ******开始【京东账号1】jd_739d55b768da0*********
Jan 07 10:05:01 
Jan 07 10:05:02 任务完成成功，获得：0能量
Jan 07 10:05:02 
Jan 07 10:05:02 🔔东东健康社区收集能量收集, 结束! 🕛 1.538 秒
Jan 07 10:05:02 
Jan 07 10:25:00 
Jan 07 10:25:00 🔔东东健康社区收集能量收集, 开始!
Jan 07 10:25:00 
Jan 07 10:25:00 ====================共1个京东账号Cookie=========
Jan 07 10:25:00 
Jan 07 10:25:00 ==================脚本执行- 北京时间(UTC+8)：2022/1/7 上午10:25:00=====================
Jan 07 10:25:00 
Jan 07 10:25:00 
Jan 07 10:25:00 ******开始【京东账号1】jd_739d55b768da0*********
Jan 07 10:25:00 
Jan 07 10:25:01 任务完成成功，获得：0能量
Jan 07 10:25:01 
Jan 07 10:25:01 🔔东东健康社区收集能量收集, 结束! 🕛 0.582 秒
Jan 07 10:25:01 
Jan 07 10:45:00 
Jan 07 10:45:00 🔔东东健康社区收集能量收集, 开始!
Jan 07 10:45:00 
Jan 07 10:45:00 ====================共1个京东账号Cookie=========
Jan 07 10:45:00 
Jan 07 10:45:00 ==================脚本执行- 北京时间(UTC+8)：2022/1/7 上午10:45:00=====================
Jan 07 10:45:00 
Jan 07 10:45:00 
Jan 07 10:45:00 ******开始【京东账号1】jd_739d55b768da0*********
Jan 07 10:45:00 
Jan 07 10:45:01 任务完成成功，获得：0能量
Jan 07 10:45:01 
Jan 07 10:45:01 🔔东东健康社区收集能量收集, 结束! 🕛 0.625 秒
Jan 07 10:45:01 
Jan 07 11:05:01 
Jan 07 11:05:01 🔔东东健康社区收集能量收集, 开始!
Jan 07 11:05:01 
Jan 07 11:05:01 ====================共1个京东账号Cookie=========
Jan 07 11:05:01 
Jan 07 11:05:01 ==================脚本执行- 北京时间(UTC+8)：2022/1/7 上午11:05:01=====================
Jan 07 11:05:01 
Jan 07 11:05:01 
Jan 07 11:05:01 ******开始【京东账号1】jd_739d55b768da0*********
Jan 07 11:05:01 
Jan 07 11:05:02 任务完成成功，获得：0能量
Jan 07 11:05:02 
Jan 07 11:05:02 🔔东东健康社区收集能量收集, 结束! 🕛 1.653 秒
Jan 07 11:05:02 
Jan 07 11:25:00 
Jan 07 11:25:00 🔔东东健康社区收集能量收集, 开始!
Jan 07 11:25:00 
Jan 07 11:25:00 ====================共1个京东账号Cookie=========
Jan 07 11:25:00 
Jan 07 11:25:00 ==================脚本执行- 北京时间(UTC+8)：2022/1/7 上午11:25:00=====================
Jan 07 11:25:00 
Jan 07 11:25:00 
Jan 07 11:25:00 ******开始【京东账号1】jd_739d55b768da0*********
Jan 07 11:25:00 
Jan 07 11:25:01 任务完成成功，获得：0能量
Jan 07 11:25:01 
Jan 07 11:25:01 🔔东东健康社区收集能量收集, 结束! 🕛 0.518 秒
Jan 07 11:25:01 
Jan 07 11:45:00 
Jan 07 11:45:00 🔔东东健康社区收集能量收集, 开始!
Jan 07 11:45:00 
Jan 07 11:45:00 ====================共1个京东账号Cookie=========
Jan 07 11:45:00 
Jan 07 11:45:00 ==================脚本执行- 北京时间(UTC+8)：2022/1/7 上午11:45:00=====================
Jan 07 11:45:00 
Jan 07 11:45:00 
Jan 07 11:45:00 ******开始【京东账号1】jd_739d55b768da0*********
Jan 07 11:45:00 
Jan 07 11:45:01 任务完成成功，获得：0能量
Jan 07 11:45:01 
Jan 07 11:45:01 🔔东东健康社区收集能量收集, 结束! 🕛 0.562 秒
Jan 07 11:45:01 
Jan 07 12:05:01 
Jan 07 12:05:01 🔔东东健康社区收集能量收集, 开始!
Jan 07 12:05:01 
Jan 07 12:05:01 ====================共1个京东账号Cookie=========
Jan 07 12:05:01 
Jan 07 12:05:01 ==================脚本执行- 北京时间(UTC+8)：2022/1/7 下午12:05:01=====================
Jan 07 12:05:01 
Jan 07 12:05:01 
Jan 07 12:05:01 ******开始【京东账号1】jd_739d55b768da0*********
Jan 07 12:05:01 
Jan 07 12:05:02 任务完成成功，获得：0能量
Jan 07 12:05:02 
Jan 07 12:05:02 🔔东东健康社区收集能量收集, 结束! 🕛 1.458 秒
Jan 07 12:05:02 
Jan 07 12:25:00 
Jan 07 12:25:00 🔔东东健康社区收集能量收集, 开始!
Jan 07 12:25:00 
Jan 07 12:25:00 ====================共1个京东账号Cookie=========
Jan 07 12:25:00 
Jan 07 12:25:00 ==================脚本执行- 北京时间(UTC+8)：2022/1/7 下午12:25:00=====================
Jan 07 12:25:00 
Jan 07 12:25:00 
Jan 07 12:25:00 ******开始【京东账号1】jd_739d55b768da0*********
Jan 07 12:25:00 
Jan 07 12:25:01 任务完成成功，获得：0能量
Jan 07 12:25:01 
Jan 07 12:25:01 🔔东东健康社区收集能量收集, 结束! 🕛 0.509 秒
Jan 07 12:25:01 
Jan 07 12:45:01 
Jan 07 12:45:01 🔔东东健康社区收集能量收集, 开始!
Jan 07 12:45:01 
Jan 07 12:45:01 ====================共1个京东账号Cookie=========
Jan 07 12:45:01 
Jan 07 12:45:01 ==================脚本执行- 北京时间(UTC+8)：2022/1/7 下午12:45:01=====================
Jan 07 12:45:01 
Jan 07 12:45:01 
Jan 07 12:45:01 ******开始【京东账号1】jd_739d55b768da0*********
Jan 07 12:45:01 
Jan 07 12:45:02 任务完成成功，获得：0能量
Jan 07 12:45:02 
Jan 07 12:45:02 🔔东东健康社区收集能量收集, 结束! 🕛 1.287 秒
Jan 07 12:45:02 
Jan 07 13:05:01 
Jan 07 13:05:01 🔔东东健康社区收集能量收集, 开始!
Jan 07 13:05:01 
Jan 07 13:05:01 ====================共1个京东账号Cookie=========
Jan 07 13:05:01 
Jan 07 13:05:01 ==================脚本执行- 北京时间(UTC+8)：2022/1/7 下午1:05:01=====================
Jan 07 13:05:01 
Jan 07 13:05:01 
Jan 07 13:05:01 ******开始【京东账号1】jd_739d55b768da0*********
Jan 07 13:05:01 
Jan 07 13:05:02 任务完成成功，获得：0能量
Jan 07 13:05:02 
Jan 07 13:05:02 🔔东东健康社区收集能量收集, 结束! 🕛 1.328 秒
Jan 07 13:05:02 
Jan 07 13:25:00 
Jan 07 13:25:00 🔔东东健康社区收集能量收集, 开始!
Jan 07 13:25:00 
Jan 07 13:25:00 ====================共1个京东账号Cookie=========
Jan 07 13:25:00 
Jan 07 13:25:00 ==================脚本执行- 北京时间(UTC+8)：2022/1/7 下午1:25:00=====================
Jan 07 13:25:00 
Jan 07 13:25:00 
Jan 07 13:25:00 ******开始【京东账号1】jd_739d55b768da0*********
Jan 07 13:25:00 
Jan 07 13:25:01 任务完成成功，获得：0能量
Jan 07 13:25:01 
Jan 07 13:25:01 🔔东东健康社区收集能量收集, 结束! 🕛 0.464 秒
Jan 07 13:25:01 
Jan 07 13:45:00 
Jan 07 13:45:00 🔔东东健康社区收集能量收集, 开始!
Jan 07 13:45:00 
Jan 07 13:45:00 ====================共1个京东账号Cookie=========
Jan 07 13:45:00 
Jan 07 13:45:00 ==================脚本执行- 北京时间(UTC+8)：2022/1/7 下午1:45:00=====================
Jan 07 13:45:00 
Jan 07 13:45:00 
Jan 07 13:45:00 ******开始【京东账号1】jd_739d55b768da0*********
Jan 07 13:45:00 
Jan 07 13:45:01 任务完成成功，获得：0能量
Jan 07 13:45:01 
Jan 07 13:45:01 🔔东东健康社区收集能量收集, 结束! 🕛 0.368 秒
Jan 07 13:45:01 
Jan 07 14:05:01 
Jan 07 14:05:01 🔔东东健康社区收集能量收集, 开始!
Jan 07 14:05:01 
Jan 07 14:05:01 ====================共1个京东账号Cookie=========
Jan 07 14:05:01 
Jan 07 14:05:01 ==================脚本执行- 北京时间(UTC+8)：2022/1/7 下午2:05:01=====================
Jan 07 14:05:01 
Jan 07 14:05:01 
Jan 07 14:05:01 ******开始【京东账号1】jd_739d55b768da0*********
Jan 07 14:05:01 
Jan 07 14:05:02 任务完成成功，获得：0能量
Jan 07 14:05:02 
Jan 07 14:05:02 🔔东东健康社区收集能量收集, 结束! 🕛 1.34 秒
Jan 07 14:05:02 
Jan 07 14:25:00 
Jan 07 14:25:00 🔔东东健康社区收集能量收集, 开始!
Jan 07 14:25:00 
Jan 07 14:25:00 ====================共1个京东账号Cookie=========
Jan 07 14:25:00 
Jan 07 14:25:00 ==================脚本执行- 北京时间(UTC+8)：2022/1/7 下午2:25:00=====================
Jan 07 14:25:00 
Jan 07 14:25:00 
Jan 07 14:25:00 ******开始【京东账号1】jd_739d55b768da0*********
Jan 07 14:25:00 
Jan 07 14:25:01 任务完成成功，获得：0能量
Jan 07 14:25:01 
Jan 07 14:25:01 🔔东东健康社区收集能量收集, 结束! 🕛 0.357 秒
Jan 07 14:25:01 
Jan 07 14:45:00 
Jan 07 14:45:00 🔔东东健康社区收集能量收集, 开始!
Jan 07 14:45:00 
Jan 07 14:45:00 ====================共1个京东账号Cookie=========
Jan 07 14:45:00 
Jan 07 14:45:00 ==================脚本执行- 北京时间(UTC+8)：2022/1/7 下午2:45:00=====================
Jan 07 14:45:00 
Jan 07 14:45:00 
Jan 07 14:45:00 ******开始【京东账号1】jd_739d55b768da0*********
Jan 07 14:45:00 
Jan 07 14:45:01 任务完成成功，获得：0能量
Jan 07 14:45:01 
Jan 07 14:45:01 🔔东东健康社区收集能量收集, 结束! 🕛 0.317 秒
Jan 07 14:45:01 
Jan 07 15:05:01 
Jan 07 15:05:01 🔔东东健康社区收集能量收集, 开始!
Jan 07 15:05:01 
Jan 07 15:05:01 ====================共1个京东账号Cookie=========
Jan 07 15:05:01 
Jan 07 15:05:01 ==================脚本执行- 北京时间(UTC+8)：2022/1/7 下午3:05:01=====================
Jan 07 15:05:01 
Jan 07 15:05:01 
Jan 07 15:05:01 ******开始【京东账号1】jd_739d55b768da0*********
Jan 07 15:05:01 
Jan 07 15:05:02 任务完成成功，获得：0能量
Jan 07 15:05:02 
Jan 07 15:05:02 🔔东东健康社区收集能量收集, 结束! 🕛 1.113 秒
Jan 07 15:05:02 
Jan 07 15:25:00 
Jan 07 15:25:00 🔔东东健康社区收集能量收集, 开始!
Jan 07 15:25:00 
Jan 07 15:25:00 ====================共1个京东账号Cookie=========
Jan 07 15:25:00 
Jan 07 15:25:01 ==================脚本执行- 北京时间(UTC+8)：2022/1/7 下午3:25:00=====================
Jan 07 15:25:01 
Jan 07 15:25:01 
Jan 07 15:25:01 ******开始【京东账号1】jd_739d55b768da0*********
Jan 07 15:25:01 
Jan 07 15:25:01 任务完成成功，获得：0能量
Jan 07 15:25:01 
Jan 07 15:25:01 🔔东东健康社区收集能量收集, 结束! 🕛 0.383 秒
Jan 07 15:25:01 
Jan 07 15:45:01 
Jan 07 15:45:01 🔔东东健康社区收集能量收集, 开始!
Jan 07 15:45:01 
Jan 07 15:45:01 ====================共1个京东账号Cookie=========
Jan 07 15:45:01 
Jan 07 15:45:01 ==================脚本执行- 北京时间(UTC+8)：2022/1/7 下午3:45:01=====================
Jan 07 15:45:01 
Jan 07 15:45:01 
Jan 07 15:45:01 ******开始【京东账号1】jd_739d55b768da0*********
Jan 07 15:45:01 
Jan 07 15:45:01 任务完成成功，获得：0能量
Jan 07 15:45:01 
Jan 07 15:45:01 🔔东东健康社区收集能量收集, 结束! 🕛 0.326 秒
Jan 07 15:45:01 
Jan 07 16:05:01 
Jan 07 16:05:01 🔔东东健康社区收集能量收集, 开始!
Jan 07 16:05:01 
Jan 07 16:05:01 ====================共1个京东账号Cookie=========
Jan 07 16:05:01 
Jan 07 16:05:01 ==================脚本执行- 北京时间(UTC+8)：2022/1/7 下午4:05:01=====================
Jan 07 16:05:01 
Jan 07 16:05:01 
Jan 07 16:05:01 ******开始【京东账号1】jd_739d55b768da0*********
Jan 07 16:05:01 
Jan 07 16:05:02 任务完成成功，获得：0能量
Jan 07 16:05:02 
Jan 07 16:05:02 🔔东东健康社区收集能量收集, 结束! 🕛 1.277 秒
Jan 07 16:05:02 
Jan 07 16:25:01 
Jan 07 16:25:01 🔔东东健康社区收集能量收集, 开始!
Jan 07 16:25:01 
Jan 07 16:25:01 ====================共1个京东账号Cookie=========
Jan 07 16:25:01 
Jan 07 16:25:01 ==================脚本执行- 北京时间(UTC+8)：2022/1/7 下午4:25:01=====================
Jan 07 16:25:01 
Jan 07 16:25:01 
Jan 07 16:25:01 ******开始【京东账号1】jd_739d55b768da0*********
Jan 07 16:25:01 
Jan 07 16:25:01 任务完成成功，获得：0能量
Jan 07 16:25:01 
Jan 07 16:25:01 🔔东东健康社区收集能量收集, 结束! 🕛 0.385 秒
Jan 07 16:25:01 
Jan 07 16:45:01 
Jan 07 16:45:01 🔔东东健康社区收集能量收集, 开始!
Jan 07 16:45:01 
Jan 07 16:45:01 ====================共1个京东账号Cookie=========
Jan 07 16:45:01 
Jan 07 16:45:01 ==================脚本执行- 北京时间(UTC+8)：2022/1/7 下午4:45:01=====================
Jan 07 16:45:01 
Jan 07 16:45:01 
Jan 07 16:45:01 ******开始【京东账号1】jd_739d55b768da0*********
Jan 07 16:45:01 
Jan 07 16:45:01 任务完成成功，获得：0能量
Jan 07 16:45:01 
Jan 07 16:45:01 🔔东东健康社区收集能量收集, 结束! 🕛 0.344 秒
Jan 07 16:45:01 
Jan 07 17:05:01 
Jan 07 17:05:01 🔔东东健康社区收集能量收集, 开始!
Jan 07 17:05:01 
Jan 07 17:05:01 ====================共1个京东账号Cookie=========
Jan 07 17:05:01 
Jan 07 17:05:01 ==================脚本执行- 北京时间(UTC+8)：2022/1/7 下午5:05:01=====================
Jan 07 17:05:01 
Jan 07 17:05:01 
Jan 07 17:05:01 ******开始【京东账号1】jd_739d55b768da0*********
Jan 07 17:05:01 
Jan 07 17:05:02 任务完成成功，获得：0能量
Jan 07 17:05:02 
Jan 07 17:05:02 🔔东东健康社区收集能量收集, 结束! 🕛 1.062 秒
Jan 07 17:05:02 
Jan 07 17:25:01 
Jan 07 17:25:01 🔔东东健康社区收集能量收集, 开始!
Jan 07 17:25:01 
Jan 07 17:25:01 ====================共1个京东账号Cookie=========
Jan 07 17:25:01 
Jan 07 17:25:01 ==================脚本执行- 北京时间(UTC+8)：2022/1/7 下午5:25:01=====================
Jan 07 17:25:01 
Jan 07 17:25:01 
Jan 07 17:25:01 ******开始【京东账号1】jd_739d55b768da0*********
Jan 07 17:25:01 
Jan 07 17:25:01 任务完成成功，获得：0能量
Jan 07 17:25:01 
Jan 07 17:25:01 🔔东东健康社区收集能量收集, 结束! 🕛 0.304 秒
Jan 07 17:25:01 
Jan 07 17:45:01 
Jan 07 17:45:01 🔔东东健康社区收集能量收集, 开始!
Jan 07 17:45:01 
Jan 07 17:45:01 ====================共1个京东账号Cookie=========
Jan 07 17:45:01 
Jan 07 17:45:01 ==================脚本执行- 北京时间(UTC+8)：2022/1/7 下午5:45:01=====================
Jan 07 17:45:01 
Jan 07 17:45:01 
Jan 07 17:45:01 ******开始【京东账号1】jd_739d55b768da0*********
Jan 07 17:45:01 
Jan 07 17:45:01 任务完成成功，获得：0能量
Jan 07 17:45:01 
Jan 07 17:45:01 🔔东东健康社区收集能量收集, 结束! 🕛 0.309 秒
Jan 07 17:45:01 
Jan 07 18:05:01 
Jan 07 18:05:01 🔔东东健康社区收集能量收集, 开始!
Jan 07 18:05:01 
Jan 07 18:05:01 ====================共1个京东账号Cookie=========
Jan 07 18:05:01 
Jan 07 18:05:02 ==================脚本执行- 北京时间(UTC+8)：2022/1/7 下午6:05:01=====================
Jan 07 18:05:02 
Jan 07 18:05:02 
Jan 07 18:05:02 ******开始【京东账号1】jd_739d55b768da0*********
Jan 07 18:05:02 
Jan 07 18:05:03 任务完成成功，获得：0能量
Jan 07 18:05:03 
Jan 07 18:05:03 🔔东东健康社区收集能量收集, 结束! 🕛 1.342 秒
Jan 07 18:05:03 
Jan 07 18:25:01 
Jan 07 18:25:01 🔔东东健康社区收集能量收集, 开始!
Jan 07 18:25:01 
Jan 07 18:25:01 ====================共1个京东账号Cookie=========
Jan 07 18:25:01 
Jan 07 18:25:01 ==================脚本执行- 北京时间(UTC+8)：2022/1/7 下午6:25:01=====================
Jan 07 18:25:01 
Jan 07 18:25:01 
Jan 07 18:25:01 ******开始【京东账号1】jd_739d55b768da0*********
Jan 07 18:25:01 
Jan 07 18:25:01 任务完成成功，获得：0能量
Jan 07 18:25:01 
Jan 07 18:25:01 🔔东东健康社区收集能量收集, 结束! 🕛 0.322 秒
Jan 07 18:25:01 
Jan 07 18:45:00 
Jan 07 18:45:00 🔔东东健康社区收集能量收集, 开始!
Jan 07 18:45:00 
Jan 07 18:45:00 ====================共1个京东账号Cookie=========
Jan 07 18:45:00 
Jan 07 18:45:00 ==================脚本执行- 北京时间(UTC+8)：2022/1/7 下午6:45:00=====================
Jan 07 18:45:00 
Jan 07 18:45:00 
Jan 07 18:45:00 ******开始【京东账号1】jd_739d55b768da0*********
Jan 07 18:45:00 
Jan 07 18:45:00 任务完成成功，获得：0能量
Jan 07 18:45:00 
Jan 07 18:45:00 🔔东东健康社区收集能量收集, 结束! 🕛 0.785 秒
Jan 07 18:45:00 
Jan 07 19:05:00 
Jan 07 19:05:00 🔔东东健康社区收集能量收集, 开始!
Jan 07 19:05:00 
Jan 07 19:05:00 ====================共1个京东账号Cookie=========
Jan 07 19:05:00 
Jan 07 19:05:00 ==================脚本执行- 北京时间(UTC+8)：2022/1/7 下午7:05:00=====================
Jan 07 19:05:00 
Jan 07 19:05:00 
Jan 07 19:05:00 ******开始【京东账号1】jd_739d55b768da0*********
Jan 07 19:05:00 
Jan 07 19:05:01 任务完成成功，获得：0能量
Jan 07 19:05:01 
Jan 07 19:05:01 🔔东东健康社区收集能量收集, 结束! 🕛 1.137 秒
Jan 07 19:05:01 
Jan 07 19:25:00 
Jan 07 19:25:00 🔔东东健康社区收集能量收集, 开始!
Jan 07 19:25:00 
Jan 07 19:25:00 ====================共1个京东账号Cookie=========
Jan 07 19:25:00 
Jan 07 19:25:00 ==================脚本执行- 北京时间(UTC+8)：2022/1/7 下午7:25:00=====================
Jan 07 19:25:00 
Jan 07 19:25:00 
Jan 07 19:25:00 ******开始【京东账号1】jd_739d55b768da0*********
Jan 07 19:25:00 
Jan 07 19:25:00 任务完成成功，获得：0能量
Jan 07 19:25:00 
Jan 07 19:25:00 🔔东东健康社区收集能量收集, 结束! 🕛 0.388 秒
Jan 07 19:25:00 
Jan 07 19:45:00 
Jan 07 19:45:00 🔔东东健康社区收集能量收集, 开始!
Jan 07 19:45:00 
Jan 07 19:45:00 ====================共1个京东账号Cookie=========
Jan 07 19:45:00 
Jan 07 19:45:00 ==================脚本执行- 北京时间(UTC+8)：2022/1/7 下午7:45:00=====================
Jan 07 19:45:00 
Jan 07 19:45:00 
Jan 07 19:45:00 ******开始【京东账号1】jd_739d55b768da0*********
Jan 07 19:45:00 
Jan 07 19:45:00 任务完成成功，获得：0能量
Jan 07 19:45:00 
Jan 07 19:45:00 🔔东东健康社区收集能量收集, 结束! 🕛 0.416 秒
Jan 07 19:45:00 
Jan 07 20:05:00 
Jan 07 20:05:00 🔔东东健康社区收集能量收集, 开始!
Jan 07 20:05:00 
Jan 07 20:05:00 ====================共1个京东账号Cookie=========
Jan 07 20:05:00 
Jan 07 20:05:00 ==================脚本执行- 北京时间(UTC+8)：2022/1/7 下午8:05:00=====================
Jan 07 20:05:00 
Jan 07 20:05:00 
Jan 07 20:05:00 ******开始【京东账号1】jd_739d55b768da0*********
Jan 07 20:05:00 
Jan 07 20:05:01 任务完成成功，获得：0能量
Jan 07 20:05:01 
Jan 07 20:05:01 🔔东东健康社区收集能量收集, 结束! 🕛 1.02 秒
Jan 07 20:05:01 
Jan 07 20:25:00 
Jan 07 20:25:00 🔔东东健康社区收集能量收集, 开始!
Jan 07 20:25:00 
Jan 07 20:25:00 ====================共1个京东账号Cookie=========
Jan 07 20:25:00 
Jan 07 20:25:00 ==================脚本执行- 北京时间(UTC+8)：2022/1/7 下午8:25:00=====================
Jan 07 20:25:00 
Jan 07 20:25:00 
Jan 07 20:25:00 ******开始【京东账号1】jd_739d55b768da0*********
Jan 07 20:25:00 
Jan 07 20:25:00 任务完成成功，获得：0能量
Jan 07 20:25:00 
Jan 07 20:25:00 🔔东东健康社区收集能量收集, 结束! 🕛 0.315 秒
Jan 07 20:25:00 
Jan 07 20:45:00 
Jan 07 20:45:00 🔔东东健康社区收集能量收集, 开始!
Jan 07 20:45:00 
Jan 07 20:45:00 ====================共1个京东账号Cookie=========
Jan 07 20:45:00 
Jan 07 20:45:00 ==================脚本执行- 北京时间(UTC+8)：2022/1/7 下午8:45:00=====================
Jan 07 20:45:00 
Jan 07 20:45:00 
Jan 07 20:45:00 ******开始【京东账号1】jd_739d55b768da0*********
Jan 07 20:45:00 
Jan 07 20:45:00 任务完成成功，获得：0能量
Jan 07 20:45:00 
Jan 07 20:45:00 🔔东东健康社区收集能量收集, 结束! 🕛 0.459 秒
Jan 07 20:45:00 
Jan 07 21:05:00 
Jan 07 21:05:00 🔔东东健康社区收集能量收集, 开始!
Jan 07 21:05:00 
Jan 07 21:05:00 ====================共1个京东账号Cookie=========
Jan 07 21:05:00 
Jan 07 21:05:00 ==================脚本执行- 北京时间(UTC+8)：2022/1/7 下午9:05:00=====================
Jan 07 21:05:00 
Jan 07 21:05:00 
Jan 07 21:05:00 ******开始【京东账号1】jd_739d55b768da0*********
Jan 07 21:05:00 
Jan 07 21:05:02 任务完成成功，获得：0能量
Jan 07 21:05:02 
Jan 07 21:05:02 🔔东东健康社区收集能量收集, 结束! 🕛 1.576 秒
Jan 07 21:05:02 
Jan 07 21:25:00 
Jan 07 21:25:00 🔔东东健康社区收集能量收集, 开始!
Jan 07 21:25:00 
Jan 07 21:25:00 ====================共1个京东账号Cookie=========
Jan 07 21:25:00 
Jan 07 21:25:00 ==================脚本执行- 北京时间(UTC+8)：2022/1/7 下午9:25:00=====================
Jan 07 21:25:00 
Jan 07 21:25:00 
Jan 07 21:25:00 ******开始【京东账号1】jd_739d55b768da0*********
Jan 07 21:25:00 
Jan 07 21:25:00 任务完成成功，获得：0能量
Jan 07 21:25:00 
Jan 07 21:25:00 🔔东东健康社区收集能量收集, 结束! 🕛 0.442 秒
Jan 07 21:25:00 
Jan 07 21:45:00 
Jan 07 21:45:00 🔔东东健康社区收集能量收集, 开始!
Jan 07 21:45:00 
Jan 07 21:45:00 ====================共1个京东账号Cookie=========
Jan 07 21:45:00 
Jan 07 21:45:00 ==================脚本执行- 北京时间(UTC+8)：2022/1/7 下午9:45:00=====================
Jan 07 21:45:00 
Jan 07 21:45:00 
Jan 07 21:45:00 ******开始【京东账号1】jd_739d55b768da0*********
Jan 07 21:45:00 
Jan 07 21:45:00 任务完成成功，获得：0能量
Jan 07 21:45:00 
Jan 07 21:45:00 🔔东东健康社区收集能量收集, 结束! 🕛 0.456 秒
Jan 07 21:45:00 
Jan 07 22:05:00 
Jan 07 22:05:00 🔔东东健康社区收集能量收集, 开始!
Jan 07 22:05:00 
Jan 07 22:05:00 ====================共1个京东账号Cookie=========
Jan 07 22:05:00 
Jan 07 22:05:00 ==================脚本执行- 北京时间(UTC+8)：2022/1/7 下午10:05:00=====================
Jan 07 22:05:00 
Jan 07 22:05:00 
Jan 07 22:05:00 ******开始【京东账号1】jd_739d55b768da0*********
Jan 07 22:05:00 
Jan 07 22:05:02 任务完成成功，获得：0能量
Jan 07 22:05:02 
Jan 07 22:05:02 🔔东东健康社区收集能量收集, 结束! 🕛 1.529 秒
Jan 07 22:05:02 
Jan 07 22:25:00 
Jan 07 22:25:00 🔔东东健康社区收集能量收集, 开始!
Jan 07 22:25:00 
Jan 07 22:25:00 ====================共1个京东账号Cookie=========
Jan 07 22:25:00 
Jan 07 22:25:00 ==================脚本执行- 北京时间(UTC+8)：2022/1/7 下午10:25:00=====================
Jan 07 22:25:00 
Jan 07 22:25:00 
Jan 07 22:25:00 ******开始【京东账号1】jd_739d55b768da0*********
Jan 07 22:25:00 
Jan 07 22:25:00 任务完成成功，获得：0能量
Jan 07 22:25:00 
Jan 07 22:25:00 🔔东东健康社区收集能量收集, 结束! 🕛 0.47 秒
Jan 07 22:25:00 
Jan 07 22:45:00 
Jan 07 22:45:00 🔔东东健康社区收集能量收集, 开始!
Jan 07 22:45:00 
Jan 07 22:45:00 ====================共1个京东账号Cookie=========
Jan 07 22:45:00 
Jan 07 22:45:00 ==================脚本执行- 北京时间(UTC+8)：2022/1/7 下午10:45:00=====================
Jan 07 22:45:00 
Jan 07 22:45:00 
Jan 07 22:45:00 ******开始【京东账号1】jd_739d55b768da0*********
Jan 07 22:45:00 
Jan 07 22:45:00 任务完成成功，获得：0能量
Jan 07 22:45:00 
Jan 07 22:45:00 🔔东东健康社区收集能量收集, 结束! 🕛 0.398 秒
Jan 07 22:45:00 
Jan 07 23:05:00 
Jan 07 23:05:00 🔔东东健康社区收集能量收集, 开始!
Jan 07 23:05:00 
Jan 07 23:05:00 ====================共1个京东账号Cookie=========
Jan 07 23:05:00 
Jan 07 23:05:00 ==================脚本执行- 北京时间(UTC+8)：2022/1/7 下午11:05:00=====================
Jan 07 23:05:00 
Jan 07 23:05:00 
Jan 07 23:05:00 ******开始【京东账号1】jd_739d55b768da0*********
Jan 07 23:05:00 
Jan 07 23:05:02 任务完成成功，获得：0能量
Jan 07 23:05:02 
Jan 07 23:05:02 🔔东东健康社区收集能量收集, 结束! 🕛 1.729 秒
Jan 07 23:05:02 
Jan 07 23:25:00 
Jan 07 23:25:00 🔔东东健康社区收集能量收集, 开始!
Jan 07 23:25:00 
Jan 07 23:25:00 ====================共1个京东账号Cookie=========
Jan 07 23:25:00 
Jan 07 23:25:00 ==================脚本执行- 北京时间(UTC+8)：2022/1/7 下午11:25:00=====================
Jan 07 23:25:00 
Jan 07 23:25:00 
Jan 07 23:25:00 ******开始【京东账号1】jd_739d55b768da0*********
Jan 07 23:25:00 
Jan 07 23:25:01 任务完成成功，获得：0能量
Jan 07 23:25:01 
Jan 07 23:25:01 🔔东东健康社区收集能量收集, 结束! 🕛 0.532 秒
Jan 07 23:25:01 
Jan 07 23:45:00 
Jan 07 23:45:00 🔔东东健康社区收集能量收集, 开始!
Jan 07 23:45:00 
Jan 07 23:45:00 ====================共1个京东账号Cookie=========
Jan 07 23:45:00 
Jan 07 23:45:01 ==================脚本执行- 北京时间(UTC+8)：2022/1/7 下午11:45:00=====================
Jan 07 23:45:01 
Jan 07 23:45:01 
Jan 07 23:45:01 ******开始【京东账号1】jd_739d55b768da0*********
Jan 07 23:45:01 
Jan 07 23:45:02 任务完成成功，获得：0能量
Jan 07 23:45:02 
Jan 07 23:45:02 🔔东东健康社区收集能量收集, 结束! 🕛 1.412 秒
Jan 07 23:45:02 
Jan 08 00:05:01 
Jan 08 00:05:01 🔔东东健康社区收集能量收集, 开始!
Jan 08 00:05:01 
Jan 08 00:05:01 ====================共1个京东账号Cookie=========
Jan 08 00:05:01 
Jan 08 00:05:01 ==================脚本执行- 北京时间(UTC+8)：2022/1/8 上午12:05:01=====================
Jan 08 00:05:01 
Jan 08 00:05:01 
Jan 08 00:05:01 ******开始【京东账号1】jd_739d55b768da0*********
Jan 08 00:05:01 
Jan 08 00:05:03 任务完成成功，获得：480能量
Jan 08 00:05:03 
Jan 08 00:05:03 🔔东东健康社区收集能量收集, 结束! 🕛 2.337 秒
Jan 08 00:05:03 
Jan 08 00:25:00 
Jan 08 00:25:00 🔔东东健康社区收集能量收集, 开始!
Jan 08 00:25:00 
Jan 08 00:25:00 ====================共1个京东账号Cookie=========
Jan 08 00:25:00 
Jan 08 00:25:00 ==================脚本执行- 北京时间(UTC+8)：2022/1/8 上午12:25:00=====================
Jan 08 00:25:00 
Jan 08 00:25:00 
Jan 08 00:25:00 ******开始【京东账号1】jd_739d55b768da0*********
Jan 08 00:25:00 
Jan 08 00:25:01 任务完成成功，获得：478能量
Jan 08 00:25:01 
Jan 08 00:25:01 🔔东东健康社区收集能量收集, 结束! 🕛 0.403 秒
Jan 08 00:25:01 
Jan 08 00:45:01 
Jan 08 00:45:01 🔔东东健康社区收集能量收集, 开始!
Jan 08 00:45:01 
Jan 08 00:45:01 ====================共1个京东账号Cookie=========
Jan 08 00:45:01 
Jan 08 00:45:01 ==================脚本执行- 北京时间(UTC+8)：2022/1/8 上午12:45:01=====================
Jan 08 00:45:01 
Jan 08 00:45:01 
Jan 08 00:45:01 ******开始【京东账号1】jd_739d55b768da0*********
Jan 08 00:45:01 
Jan 08 00:45:03 任务完成成功，获得：396能量
Jan 08 00:45:03 
Jan 08 00:45:03 🔔东东健康社区收集能量收集, 结束! 🕛 2.202 秒
Jan 08 00:45:03 
Jan 08 01:05:01 
Jan 08 01:05:01 🔔东东健康社区收集能量收集, 开始!
Jan 08 01:05:01 
Jan 08 01:05:01 ====================共1个京东账号Cookie=========
Jan 08 01:05:01 
Jan 08 01:05:01 ==================脚本执行- 北京时间(UTC+8)：2022/1/8 上午1:05:01=====================
Jan 08 01:05:01 
Jan 08 01:05:01 
Jan 08 01:05:01 ******开始【京东账号1】jd_739d55b768da0*********
Jan 08 01:05:01 
Jan 08 01:05:04 任务完成成功，获得：480能量
Jan 08 01:05:04 
Jan 08 01:05:04 🔔东东健康社区收集能量收集, 结束! 🕛 3.047 秒
Jan 08 01:05:04 
Jan 08 01:25:00 
Jan 08 01:25:00 🔔东东健康社区收集能量收集, 开始!
Jan 08 01:25:00 
Jan 08 01:25:00 ====================共1个京东账号Cookie=========
Jan 08 01:25:00 
Jan 08 01:25:00 ==================脚本执行- 北京时间(UTC+8)：2022/1/8 上午1:25:00=====================
Jan 08 01:25:00 
Jan 08 01:25:00 
Jan 08 01:25:00 ******开始【京东账号1】jd_739d55b768da0*********
Jan 08 01:25:00 
Jan 08 01:25:01 任务完成成功，获得：478能量
Jan 08 01:25:01 
Jan 08 01:25:01 🔔东东健康社区收集能量收集, 结束! 🕛 0.453 秒
Jan 08 01:25:01 
Jan 08 01:45:00 
Jan 08 01:45:00 🔔东东健康社区收集能量收集, 开始!
Jan 08 01:45:00 
Jan 08 01:45:00 ====================共1个京东账号Cookie=========
Jan 08 01:45:00 
Jan 08 01:45:00 ==================脚本执行- 北京时间(UTC+8)：2022/1/8 上午1:45:00=====================
Jan 08 01:45:00 
Jan 08 01:45:00 
Jan 08 01:45:00 ******开始【京东账号1】jd_739d55b768da0*********
Jan 08 01:45:00 
Jan 08 01:45:01 任务完成成功，获得：480能量
Jan 08 01:45:01 
Jan 08 01:45:01 🔔东东健康社区收集能量收集, 结束! 🕛 0.455 秒
Jan 08 01:45:01 
Jan 08 02:05:01 
Jan 08 02:05:01 🔔东东健康社区收集能量收集, 开始!
Jan 08 02:05:01 
Jan 08 02:05:01 ====================共1个京东账号Cookie=========
Jan 08 02:05:01 
Jan 08 02:05:01 ==================脚本执行- 北京时间(UTC+8)：2022/1/8 上午2:05:01=====================
Jan 08 02:05:01 
Jan 08 02:05:01 
Jan 08 02:05:01 ******开始【京东账号1】jd_739d55b768da0*********
Jan 08 02:05:01 
Jan 08 02:05:02 任务完成成功，获得：480能量
Jan 08 02:05:02 
Jan 08 02:05:02 🔔东东健康社区收集能量收集, 结束! 🕛 1.634 秒
Jan 08 02:05:02 
Jan 08 02:25:00 
Jan 08 02:25:00 🔔东东健康社区收集能量收集, 开始!
Jan 08 02:25:00 
Jan 08 02:25:00 ====================共1个京东账号Cookie=========
Jan 08 02:25:00 
Jan 08 02:25:00 ==================脚本执行- 北京时间(UTC+8)：2022/1/8 上午2:25:00=====================
Jan 08 02:25:00 
Jan 08 02:25:00 
Jan 08 02:25:00 ******开始【京东账号1】jd_739d55b768da0*********
Jan 08 02:25:00 
Jan 08 02:25:01 任务完成成功，获得：478能量
Jan 08 02:25:01 
Jan 08 02:25:01 🔔东东健康社区收集能量收集, 结束! 🕛 0.366 秒
Jan 08 02:25:01 
Jan 08 02:45:00 
Jan 08 02:45:00 🔔东东健康社区收集能量收集, 开始!
Jan 08 02:45:00 
Jan 08 02:45:00 ====================共1个京东账号Cookie=========
Jan 08 02:45:00 
Jan 08 02:45:00 ==================脚本执行- 北京时间(UTC+8)：2022/1/8 上午2:45:00=====================
Jan 08 02:45:00 
Jan 08 02:45:00 
Jan 08 02:45:00 ******开始【京东账号1】jd_739d55b768da0*********
Jan 08 02:45:00 
Jan 08 02:45:01 任务完成成功，获得：480能量
Jan 08 02:45:01 
Jan 08 02:45:01 🔔东东健康社区收集能量收集, 结束! 🕛 0.424 秒
Jan 08 02:45:01 
Jan 08 03:05:01 
Jan 08 03:05:01 🔔东东健康社区收集能量收集, 开始!
Jan 08 03:05:01 
Jan 08 03:05:01 ====================共1个京东账号Cookie=========
Jan 08 03:05:01 
Jan 08 03:05:01 ==================脚本执行- 北京时间(UTC+8)：2022/1/8 上午3:05:01=====================
Jan 08 03:05:01 
Jan 08 03:05:01 
Jan 08 03:05:01 ******开始【京东账号1】jd_739d55b768da0*********
Jan 08 03:05:01 
Jan 08 03:05:02 任务完成成功，获得：480能量
Jan 08 03:05:02 
Jan 08 03:05:02 🔔东东健康社区收集能量收集, 结束! 🕛 1.528 秒
Jan 08 03:05:02 
Jan 08 03:25:00 
Jan 08 03:25:00 🔔东东健康社区收集能量收集, 开始!
Jan 08 03:25:00 
Jan 08 03:25:00 ====================共1个京东账号Cookie=========
Jan 08 03:25:00 
Jan 08 03:25:00 ==================脚本执行- 北京时间(UTC+8)：2022/1/8 上午3:25:00=====================
Jan 08 03:25:00 
Jan 08 03:25:00 
Jan 08 03:25:00 ******开始【京东账号1】jd_739d55b768da0*********
Jan 08 03:25:00 
Jan 08 03:25:01 任务完成成功，获得：478能量
Jan 08 03:25:01 
Jan 08 03:25:01 🔔东东健康社区收集能量收集, 结束! 🕛 0.418 秒
Jan 08 03:25:01 
Jan 08 03:45:00 
Jan 08 03:45:00 🔔东东健康社区收集能量收集, 开始!
Jan 08 03:45:00 
Jan 08 03:45:00 ====================共1个京东账号Cookie=========
Jan 08 03:45:00 
Jan 08 03:45:00 ==================脚本执行- 北京时间(UTC+8)：2022/1/8 上午3:45:00=====================
Jan 08 03:45:00 
Jan 08 03:45:00 
Jan 08 03:45:00 ******开始【京东账号1】jd_739d55b768da0*********
Jan 08 03:45:00 
Jan 08 03:45:01 任务完成成功，获得：0能量
Jan 08 03:45:01 
Jan 08 03:45:01 🔔东东健康社区收集能量收集, 结束! 🕛 0.324 秒
Jan 08 03:45:01 
Jan 08 04:05:01 
Jan 08 04:05:01 🔔东东健康社区收集能量收集, 开始!
Jan 08 04:05:01 
Jan 08 04:05:01 ====================共1个京东账号Cookie=========
Jan 08 04:05:01 
Jan 08 04:05:01 ==================脚本执行- 北京时间(UTC+8)：2022/1/8 上午4:05:01=====================
Jan 08 04:05:01 
Jan 08 04:05:01 
Jan 08 04:05:01 ******开始【京东账号1】jd_739d55b768da0*********
Jan 08 04:05:01 
Jan 08 04:05:02 任务完成成功，获得：0能量
Jan 08 04:05:02 
Jan 08 04:05:02 🔔东东健康社区收集能量收集, 结束! 🕛 1.167 秒
Jan 08 04:05:02 
Jan 08 04:25:00 
Jan 08 04:25:00 🔔东东健康社区收集能量收集, 开始!
Jan 08 04:25:00 
Jan 08 04:25:00 ====================共1个京东账号Cookie=========
Jan 08 04:25:00 
Jan 08 04:25:00 ==================脚本执行- 北京时间(UTC+8)：2022/1/8 上午4:25:00=====================
Jan 08 04:25:00 
Jan 08 04:25:00 
Jan 08 04:25:00 ******开始【京东账号1】jd_739d55b768da0*********
Jan 08 04:25:00 
Jan 08 04:25:01 任务完成成功，获得：0能量
Jan 08 04:25:01 
Jan 08 04:25:01 🔔东东健康社区收集能量收集, 结束! 🕛 0.316 秒
Jan 08 04:25:01 
Jan 08 04:45:00 
Jan 08 04:45:00 🔔东东健康社区收集能量收集, 开始!
Jan 08 04:45:00 
Jan 08 04:45:00 ====================共1个京东账号Cookie=========
Jan 08 04:45:00 
Jan 08 04:45:00 ==================脚本执行- 北京时间(UTC+8)：2022/1/8 上午4:45:00=====================
Jan 08 04:45:00 
Jan 08 04:45:00 
Jan 08 04:45:00 ******开始【京东账号1】jd_739d55b768da0*********
Jan 08 04:45:00 
Jan 08 04:45:01 任务完成成功，获得：0能量
Jan 08 04:45:01 
Jan 08 04:45:01 🔔东东健康社区收集能量收集, 结束! 🕛 0.314 秒
Jan 08 04:45:01 
Jan 08 05:05:01 
Jan 08 05:05:01 🔔东东健康社区收集能量收集, 开始!
Jan 08 05:05:01 
Jan 08 05:05:01 ====================共1个京东账号Cookie=========
Jan 08 05:05:01 
Jan 08 05:05:01 ==================脚本执行- 北京时间(UTC+8)：2022/1/8 上午5:05:01=====================
Jan 08 05:05:01 
Jan 08 05:05:01 
Jan 08 05:05:01 ******开始【京东账号1】jd_739d55b768da0*********
Jan 08 05:05:01 
Jan 08 05:05:02 任务完成成功，获得：0能量
Jan 08 05:05:02 
Jan 08 05:05:02 🔔东东健康社区收集能量收集, 结束! 🕛 1.067 秒
Jan 08 05:05:02 
Jan 08 05:25:00 
Jan 08 05:25:00 🔔东东健康社区收集能量收集, 开始!
Jan 08 05:25:00 
Jan 08 05:25:00 ====================共1个京东账号Cookie=========
Jan 08 05:25:00 
Jan 08 05:25:01 ==================脚本执行- 北京时间(UTC+8)：2022/1/8 上午5:25:00=====================
Jan 08 05:25:01 
Jan 08 05:25:01 
Jan 08 05:25:01 ******开始【京东账号1】jd_739d55b768da0*********
Jan 08 05:25:01 
Jan 08 05:25:01 任务完成成功，获得：0能量
Jan 08 05:25:01 
Jan 08 05:25:01 🔔东东健康社区收集能量收集, 结束! 🕛 0.382 秒
Jan 08 05:25:01 
Jan 08 05:45:01 
Jan 08 05:45:01 🔔东东健康社区收集能量收集, 开始!
Jan 08 05:45:01 
Jan 08 05:45:01 ====================共1个京东账号Cookie=========
Jan 08 05:45:01 
Jan 08 05:45:01 ==================脚本执行- 北京时间(UTC+8)：2022/1/8 上午5:45:01=====================
Jan 08 05:45:01 
Jan 08 05:45:01 
Jan 08 05:45:01 ******开始【京东账号1】jd_739d55b768da0*********
Jan 08 05:45:01 
Jan 08 05:45:01 任务完成成功，获得：0能量
Jan 08 05:45:01 
Jan 08 05:45:01 🔔东东健康社区收集能量收集, 结束! 🕛 0.355 秒
Jan 08 05:45:01 
Jan 08 06:05:01 
Jan 08 06:05:01 🔔东东健康社区收集能量收集, 开始!
Jan 08 06:05:01 
Jan 08 06:05:01 ====================共1个京东账号Cookie=========
Jan 08 06:05:01 
Jan 08 06:05:01 ==================脚本执行- 北京时间(UTC+8)：2022/1/8 上午6:05:01=====================
Jan 08 06:05:01 
Jan 08 06:05:01 
Jan 08 06:05:01 ******开始【京东账号1】jd_739d55b768da0*********
Jan 08 06:05:01 
Jan 08 06:05:02 任务完成成功，获得：0能量
Jan 08 06:05:02 
Jan 08 06:05:02 🔔东东健康社区收集能量收集, 结束! 🕛 1.193 秒
Jan 08 06:05:02 
Jan 08 06:25:01 
Jan 08 06:25:01 🔔东东健康社区收集能量收集, 开始!
Jan 08 06:25:01 
Jan 08 06:25:01 ====================共1个京东账号Cookie=========
Jan 08 06:25:01 
Jan 08 06:25:01 ==================脚本执行- 北京时间(UTC+8)：2022/1/8 上午6:25:01=====================
Jan 08 06:25:01 
Jan 08 06:25:01 
Jan 08 06:25:01 ******开始【京东账号1】jd_739d55b768da0*********
Jan 08 06:25:01 
Jan 08 06:25:01 任务完成成功，获得：0能量
Jan 08 06:25:01 
Jan 08 06:25:01 🔔东东健康社区收集能量收集, 结束! 🕛 0.342 秒
Jan 08 06:25:01 
Jan 08 06:45:01 
Jan 08 06:45:01 🔔东东健康社区收集能量收集, 开始!
Jan 08 06:45:01 
Jan 08 06:45:01 ====================共1个京东账号Cookie=========
Jan 08 06:45:01 
Jan 08 06:45:01 ==================脚本执行- 北京时间(UTC+8)：2022/1/8 上午6:45:01=====================
Jan 08 06:45:01 
Jan 08 06:45:01 
Jan 08 06:45:01 ******开始【京东账号1】jd_739d55b768da0*********
Jan 08 06:45:01 
Jan 08 06:45:02 任务完成成功，获得：0能量
Jan 08 06:45:02 
Jan 08 06:45:02 🔔东东健康社区收集能量收集, 结束! 🕛 0.901 秒
Jan 08 06:45:02 
Jan 08 07:05:01 
Jan 08 07:05:01 🔔东东健康社区收集能量收集, 开始!
Jan 08 07:05:01 
Jan 08 07:05:01 ====================共1个京东账号Cookie=========
Jan 08 07:05:01 
Jan 08 07:05:01 ==================脚本执行- 北京时间(UTC+8)：2022/1/8 上午7:05:01=====================
Jan 08 07:05:01 
Jan 08 07:05:01 
Jan 08 07:05:01 ******开始【京东账号1】jd_739d55b768da0*********
Jan 08 07:05:01 
Jan 08 07:05:02 任务完成成功，获得：0能量
Jan 08 07:05:02 
Jan 08 07:05:02 🔔东东健康社区收集能量收集, 结束! 🕛 1.226 秒
Jan 08 07:05:02 
Jan 08 07:25:01 
Jan 08 07:25:01 🔔东东健康社区收集能量收集, 开始!
Jan 08 07:25:01 
Jan 08 07:25:01 ====================共1个京东账号Cookie=========
Jan 08 07:25:01 
Jan 08 07:25:01 ==================脚本执行- 北京时间(UTC+8)：2022/1/8 上午7:25:01=====================
Jan 08 07:25:01 
Jan 08 07:25:01 
Jan 08 07:25:01 ******开始【京东账号1】jd_739d55b768da0*********
Jan 08 07:25:01 
Jan 08 07:25:01 任务完成成功，获得：0能量
Jan 08 07:25:01 
Jan 08 07:25:01 🔔东东健康社区收集能量收集, 结束! 🕛 0.349 秒
Jan 08 07:25:01 
Jan 08 07:45:00 
Jan 08 07:45:00 🔔东东健康社区收集能量收集, 开始!
Jan 08 07:45:00 
Jan 08 07:45:00 ====================共1个京东账号Cookie=========
Jan 08 07:45:00 
Jan 08 07:45:00 ==================脚本执行- 北京时间(UTC+8)：2022/1/8 上午7:45:00=====================
Jan 08 07:45:00 
Jan 08 07:45:00 
Jan 08 07:45:00 ******开始【京东账号1】jd_739d55b768da0*********
Jan 08 07:45:00 
Jan 08 07:45:00 任务完成成功，获得：0能量
Jan 08 07:45:00 
Jan 08 07:45:00 🔔东东健康社区收集能量收集, 结束! 🕛 0.364 秒
Jan 08 07:45:00 
Jan 08 08:05:00 
Jan 08 08:05:00 🔔东东健康社区收集能量收集, 开始!
Jan 08 08:05:00 
Jan 08 08:05:00 ====================共1个京东账号Cookie=========
Jan 08 08:05:00 
Jan 08 08:05:00 ==================脚本执行- 北京时间(UTC+8)：2022/1/8 上午8:05:00=====================
Jan 08 08:05:00 
Jan 08 08:05:00 
Jan 08 08:05:00 ******开始【京东账号1】jd_739d55b768da0*********
Jan 08 08:05:00 
Jan 08 08:05:02 任务完成成功，获得：0能量
Jan 08 08:05:02 
Jan 08 08:05:02 🔔东东健康社区收集能量收集, 结束! 🕛 2.206 秒
Jan 08 08:05:02 
Jan 08 08:25:00 
Jan 08 08:25:00 🔔东东健康社区收集能量收集, 开始!
Jan 08 08:25:00 
Jan 08 08:25:00 ====================共1个京东账号Cookie=========
Jan 08 08:25:00 
Jan 08 08:25:00 ==================脚本执行- 北京时间(UTC+8)：2022/1/8 上午8:25:00=====================
Jan 08 08:25:00 
Jan 08 08:25:00 
Jan 08 08:25:00 ******开始【京东账号1】jd_739d55b768da0*********
Jan 08 08:25:00 
Jan 08 08:25:00 任务完成成功，获得：0能量
Jan 08 08:25:00 
Jan 08 08:25:00 🔔东东健康社区收集能量收集, 结束! 🕛 0.328 秒
Jan 08 08:25:00 
Jan 08 08:45:00 
Jan 08 08:45:00 🔔东东健康社区收集能量收集, 开始!
Jan 08 08:45:00 
Jan 08 08:45:00 ====================共1个京东账号Cookie=========
Jan 08 08:45:00 
Jan 08 08:45:00 ==================脚本执行- 北京时间(UTC+8)：2022/1/8 上午8:45:00=====================
Jan 08 08:45:00 
Jan 08 08:45:00 
Jan 08 08:45:00 ******开始【京东账号1】jd_739d55b768da0*********
Jan 08 08:45:00 
Jan 08 08:45:00 任务完成成功，获得：0能量
Jan 08 08:45:00 
Jan 08 08:45:00 🔔东东健康社区收集能量收集, 结束! 🕛 0.31 秒
Jan 08 08:45:00 
Jan 08 09:05:00 
Jan 08 09:05:00 🔔东东健康社区收集能量收集, 开始!
Jan 08 09:05:00 
Jan 08 09:05:00 ====================共1个京东账号Cookie=========
Jan 08 09:05:00 
Jan 08 09:05:00 ==================脚本执行- 北京时间(UTC+8)：2022/1/8 上午9:05:00=====================
Jan 08 09:05:00 
Jan 08 09:05:00 
Jan 08 09:05:00 ******开始【京东账号1】jd_739d55b768da0*********
Jan 08 09:05:00 
Jan 08 09:05:01 任务完成成功，获得：0能量
Jan 08 09:05:01 
Jan 08 09:05:01 🔔东东健康社区收集能量收集, 结束! 🕛 1.065 秒
Jan 08 09:05:01 
Jan 08 09:25:00 
Jan 08 09:25:00 🔔东东健康社区收集能量收集, 开始!
Jan 08 09:25:00 
Jan 08 09:25:00 ====================共1个京东账号Cookie=========
Jan 08 09:25:00 
Jan 08 09:25:00 ==================脚本执行- 北京时间(UTC+8)：2022/1/8 上午9:25:00=====================
Jan 08 09:25:00 
Jan 08 09:25:00 
Jan 08 09:25:00 ******开始【京东账号1】jd_739d55b768da0*********
Jan 08 09:25:00 
Jan 08 09:25:00 任务完成成功，获得：0能量
Jan 08 09:25:00 
Jan 08 09:25:00 🔔东东健康社区收集能量收集, 结束! 🕛 0.342 秒
Jan 08 09:25:00 
Jan 08 09:45:00 
Jan 08 09:45:00 🔔东东健康社区收集能量收集, 开始!
Jan 08 09:45:00 
Jan 08 09:45:00 ====================共1个京东账号Cookie=========
Jan 08 09:45:00 
Jan 08 09:45:00 ==================脚本执行- 北京时间(UTC+8)：2022/1/8 上午9:45:00=====================
Jan 08 09:45:00 
Jan 08 09:45:00 
Jan 08 09:45:00 ******开始【京东账号1】jd_739d55b768da0*********
Jan 08 09:45:00 
Jan 08 09:45:00 任务完成成功，获得：0能量
Jan 08 09:45:00 
Jan 08 09:45:00 🔔东东健康社区收集能量收集, 结束! 🕛 0.32 秒
Jan 08 09:45:00 
Jan 08 10:05:00 
Jan 08 10:05:00 🔔东东健康社区收集能量收集, 开始!
Jan 08 10:05:00 
Jan 08 10:05:00 ====================共1个京东账号Cookie=========
Jan 08 10:05:00 
Jan 08 10:05:00 ==================脚本执行- 北京时间(UTC+8)：2022/1/8 上午10:05:00=====================
Jan 08 10:05:00 
Jan 08 10:05:00 
Jan 08 10:05:00 ******开始【京东账号1】jd_739d55b768da0*********
Jan 08 10:05:00 
Jan 08 10:05:02 任务完成成功，获得：0能量
Jan 08 10:05:02 
Jan 08 10:05:02 🔔东东健康社区收集能量收集, 结束! 🕛 1.79 秒
Jan 08 10:05:02 
Jan 08 10:25:00 
Jan 08 10:25:00 🔔东东健康社区收集能量收集, 开始!
Jan 08 10:25:00 
Jan 08 10:25:00 ====================共1个京东账号Cookie=========
Jan 08 10:25:00 
Jan 08 10:25:00 ==================脚本执行- 北京时间(UTC+8)：2022/1/8 上午10:25:00=====================
Jan 08 10:25:00 
Jan 08 10:25:00 
Jan 08 10:25:00 ******开始【京东账号1】jd_739d55b768da0*********
Jan 08 10:25:00 
Jan 08 10:25:00 任务完成成功，获得：0能量
Jan 08 10:25:00 
Jan 08 10:25:00 🔔东东健康社区收集能量收集, 结束! 🕛 0.415 秒
Jan 08 10:25:00 
Jan 08 10:45:00 
Jan 08 10:45:00 🔔东东健康社区收集能量收集, 开始!
Jan 08 10:45:00 
Jan 08 10:45:00 ====================共1个京东账号Cookie=========
Jan 08 10:45:00 
Jan 08 10:45:00 ==================脚本执行- 北京时间(UTC+8)：2022/1/8 上午10:45:00=====================
Jan 08 10:45:00 
Jan 08 10:45:00 
Jan 08 10:45:00 ******开始【京东账号1】jd_739d55b768da0*********
Jan 08 10:45:00 
Jan 08 10:45:00 任务完成成功，获得：0能量
Jan 08 10:45:00 
Jan 08 10:45:00 🔔东东健康社区收集能量收集, 结束! 🕛 0.409 秒
Jan 08 10:45:00 
Jan 08 11:05:00 
Jan 08 11:05:00 🔔东东健康社区收集能量收集, 开始!
Jan 08 11:05:00 
Jan 08 11:05:00 ====================共1个京东账号Cookie=========
Jan 08 11:05:00 
Jan 08 11:05:00 ==================脚本执行- 北京时间(UTC+8)：2022/1/8 上午11:05:00=====================
Jan 08 11:05:00 
Jan 08 11:05:00 
Jan 08 11:05:00 ******开始【京东账号1】jd_739d55b768da0*********
Jan 08 11:05:00 
Jan 08 11:05:02 任务完成成功，获得：0能量
Jan 08 11:05:02 
Jan 08 11:05:02 🔔东东健康社区收集能量收集, 结束! 🕛 1.589 秒
Jan 08 11:05:02 
Jan 08 11:25:00 
Jan 08 11:25:00 🔔东东健康社区收集能量收集, 开始!
Jan 08 11:25:00 
Jan 08 11:25:00 ====================共1个京东账号Cookie=========
Jan 08 11:25:00 
Jan 08 11:25:00 ==================脚本执行- 北京时间(UTC+8)：2022/1/8 上午11:25:00=====================
Jan 08 11:25:00 
Jan 08 11:25:00 
Jan 08 11:25:00 ******开始【京东账号1】jd_739d55b768da0*********
Jan 08 11:25:00 
Jan 08 11:25:00 任务完成成功，获得：0能量
Jan 08 11:25:00 
Jan 08 11:25:00 🔔东东健康社区收集能量收集, 结束! 🕛 0.555 秒
Jan 08 11:25:00 
Jan 08 11:45:00 
Jan 08 11:45:00 🔔东东健康社区收集能量收集, 开始!
Jan 08 11:45:00 
Jan 08 11:45:00 ====================共1个京东账号Cookie=========
Jan 08 11:45:00 
Jan 08 11:45:00 ==================脚本执行- 北京时间(UTC+8)：2022/1/8 上午11:45:00=====================
Jan 08 11:45:00 
Jan 08 11:45:00 
Jan 08 11:45:00 ******开始【京东账号1】jd_739d55b768da0*********
Jan 08 11:45:00 
Jan 08 11:45:00 任务完成成功，获得：0能量
Jan 08 11:45:00 
Jan 08 11:45:00 🔔东东健康社区收集能量收集, 结束! 🕛 0.443 秒
Jan 08 11:45:00 
Jan 08 12:05:00 
Jan 08 12:05:00 🔔东东健康社区收集能量收集, 开始!
Jan 08 12:05:00 
Jan 08 12:05:00 ====================共1个京东账号Cookie=========
Jan 08 12:05:00 
Jan 08 12:05:00 ==================脚本执行- 北京时间(UTC+8)：2022/1/8 下午12:05:00=====================
Jan 08 12:05:00 
Jan 08 12:05:00 
Jan 08 12:05:00 ******开始【京东账号1】jd_739d55b768da0*********
Jan 08 12:05:00 
Jan 08 12:05:02 任务完成成功，获得：0能量
Jan 08 12:05:02 
Jan 08 12:05:02 🔔东东健康社区收集能量收集, 结束! 🕛 1.667 秒
Jan 08 12:05:02 
Jan 08 12:25:00 
Jan 08 12:25:00 🔔东东健康社区收集能量收集, 开始!
Jan 08 12:25:00 
Jan 08 12:25:00 ====================共1个京东账号Cookie=========
Jan 08 12:25:00 
Jan 08 12:25:00 ==================脚本执行- 北京时间(UTC+8)：2022/1/8 下午12:25:00=====================
Jan 08 12:25:00 
Jan 08 12:25:00 
Jan 08 12:25:00 ******开始【京东账号1】jd_739d55b768da0*********
Jan 08 12:25:00 
Jan 08 12:25:00 任务完成成功，获得：0能量
Jan 08 12:25:00 
Jan 08 12:25:00 🔔东东健康社区收集能量收集, 结束! 🕛 0.353 秒
Jan 08 12:25:00 
Jan 08 12:45:00 
Jan 08 12:45:00 🔔东东健康社区收集能量收集, 开始!
Jan 08 12:45:00 
Jan 08 12:45:00 ====================共1个京东账号Cookie=========
Jan 08 12:45:00 
Jan 08 12:45:01 ==================脚本执行- 北京时间(UTC+8)：2022/1/8 下午12:45:00=====================
Jan 08 12:45:01 
Jan 08 12:45:01 
Jan 08 12:45:01 ******开始【京东账号1】jd_739d55b768da0*********
Jan 08 12:45:01 
Jan 08 12:45:02 任务完成成功，获得：0能量
Jan 08 12:45:02 
Jan 08 12:45:02 🔔东东健康社区收集能量收集, 结束! 🕛 1.563 秒
Jan 08 12:45:02 
Jan 08 13:05:00 
Jan 08 13:05:00 🔔东东健康社区收集能量收集, 开始!
Jan 08 13:05:00 
Jan 08 13:05:00 ====================共1个京东账号Cookie=========
Jan 08 13:05:00 
Jan 08 13:05:01 ==================脚本执行- 北京时间(UTC+8)：2022/1/8 下午1:05:00=====================
Jan 08 13:05:01 
Jan 08 13:05:01 
Jan 08 13:05:01 ******开始【京东账号1】jd_739d55b768da0*********
Jan 08 13:05:01 
Jan 08 13:05:02 任务完成成功，获得：0能量
Jan 08 13:05:02 
Jan 08 13:05:02 🔔东东健康社区收集能量收集, 结束! 🕛 1.6 秒
Jan 08 13:05:02 
Jan 08 13:25:00 
Jan 08 13:25:00 🔔东东健康社区收集能量收集, 开始!
Jan 08 13:25:00 
Jan 08 13:25:00 ====================共1个京东账号Cookie=========
Jan 08 13:25:00 
Jan 08 13:25:00 ==================脚本执行- 北京时间(UTC+8)：2022/1/8 下午1:25:00=====================
Jan 08 13:25:00 
Jan 08 13:25:00 
Jan 08 13:25:00 ******开始【京东账号1】jd_739d55b768da0*********
Jan 08 13:25:00 
Jan 08 13:25:00 任务完成成功，获得：0能量
Jan 08 13:25:00 
Jan 08 13:25:00 🔔东东健康社区收集能量收集, 结束! 🕛 0.407 秒
Jan 08 13:25:00 
Jan 08 13:45:00 
Jan 08 13:45:00 🔔东东健康社区收集能量收集, 开始!
Jan 08 13:45:00 
Jan 08 13:45:00 ====================共1个京东账号Cookie=========
Jan 08 13:45:00 
Jan 08 13:45:00 ==================脚本执行- 北京时间(UTC+8)：2022/1/8 下午1:45:00=====================
Jan 08 13:45:00 
Jan 08 13:45:00 
Jan 08 13:45:00 ******开始【京东账号1】jd_739d55b768da0*********
Jan 08 13:45:00 
Jan 08 13:45:00 任务完成成功，获得：0能量
Jan 08 13:45:00 
Jan 08 13:45:00 🔔东东健康社区收集能量收集, 结束! 🕛 0.372 秒
Jan 08 13:45:00 
Jan 08 14:05:00 
Jan 08 14:05:00 🔔东东健康社区收集能量收集, 开始!
Jan 08 14:05:00 
Jan 08 14:05:00 ====================共1个京东账号Cookie=========
Jan 08 14:05:00 
Jan 08 14:05:01 ==================脚本执行- 北京时间(UTC+8)：2022/1/8 下午2:05:00=====================
Jan 08 14:05:01 
Jan 08 14:05:01 
Jan 08 14:05:01 ******开始【京东账号1】jd_739d55b768da0*********
Jan 08 14:05:01 
Jan 08 14:05:02 任务完成成功，获得：0能量
Jan 08 14:05:02 
Jan 08 14:05:02 🔔东东健康社区收集能量收集, 结束! 🕛 1.687 秒
Jan 08 14:05:02 
Jan 08 14:25:00 
Jan 08 14:25:00 🔔东东健康社区收集能量收集, 开始!
Jan 08 14:25:00 
Jan 08 14:25:00 ====================共1个京东账号Cookie=========
Jan 08 14:25:00 
Jan 08 14:25:00 ==================脚本执行- 北京时间(UTC+8)：2022/1/8 下午2:25:00=====================
Jan 08 14:25:00 
Jan 08 14:25:00 
Jan 08 14:25:00 ******开始【京东账号1】jd_739d55b768da0*********
Jan 08 14:25:00 
Jan 08 14:25:01 任务完成成功，获得：0能量
Jan 08 14:25:01 
Jan 08 14:25:01 🔔东东健康社区收集能量收集, 结束! 🕛 0.734 秒
Jan 08 14:25:01 
Jan 08 14:45:00 
Jan 08 14:45:00 🔔东东健康社区收集能量收集, 开始!
Jan 08 14:45:00 
Jan 08 14:45:00 ====================共1个京东账号Cookie=========
Jan 08 14:45:00 
Jan 08 14:45:00 ==================脚本执行- 北京时间(UTC+8)：2022/1/8 下午2:45:00=====================
Jan 08 14:45:00 
Jan 08 14:45:00 
Jan 08 14:45:00 ******开始【京东账号1】jd_739d55b768da0*********
Jan 08 14:45:00 
Jan 08 14:45:01 任务完成成功，获得：0能量
Jan 08 14:45:01 
Jan 08 14:45:01 🔔东东健康社区收集能量收集, 结束! 🕛 0.448 秒
Jan 08 14:45:01 
Jan 08 15:05:00 
Jan 08 15:05:00 🔔东东健康社区收集能量收集, 开始!
Jan 08 15:05:00 
Jan 08 15:05:00 ====================共1个京东账号Cookie=========
Jan 08 15:05:00 
Jan 08 15:05:01 ==================脚本执行- 北京时间(UTC+8)：2022/1/8 下午3:05:00=====================
Jan 08 15:05:01 
Jan 08 15:05:01 
Jan 08 15:05:01 ******开始【京东账号1】jd_739d55b768da0*********
Jan 08 15:05:01 
Jan 08 15:05:02 任务完成成功，获得：0能量
Jan 08 15:05:02 
Jan 08 15:05:02 🔔东东健康社区收集能量收集, 结束! 🕛 1.597 秒
Jan 08 15:05:02 
Jan 08 15:25:00 
Jan 08 15:25:00 🔔东东健康社区收集能量收集, 开始!
Jan 08 15:25:00 
Jan 08 15:25:00 ====================共1个京东账号Cookie=========
Jan 08 15:25:00 
Jan 08 15:25:00 ==================脚本执行- 北京时间(UTC+8)：2022/1/8 下午3:25:00=====================
Jan 08 15:25:00 
Jan 08 15:25:00 
Jan 08 15:25:00 ******开始【京东账号1】jd_739d55b768da0*********
Jan 08 15:25:00 
Jan 08 15:25:01 任务完成成功，获得：0能量
Jan 08 15:25:01 
Jan 08 15:25:01 🔔东东健康社区收集能量收集, 结束! 🕛 0.446 秒
Jan 08 15:25:01 
Jan 08 15:45:00 
Jan 08 15:45:00 🔔东东健康社区收集能量收集, 开始!
Jan 08 15:45:00 
Jan 08 15:45:00 ====================共1个京东账号Cookie=========
Jan 08 15:45:00 
Jan 08 15:45:00 ==================脚本执行- 北京时间(UTC+8)：2022/1/8 下午3:45:00=====================
Jan 08 15:45:00 
Jan 08 15:45:00 
Jan 08 15:45:00 ******开始【京东账号1】jd_739d55b768da0*********
Jan 08 15:45:00 
Jan 08 15:45:01 任务完成成功，获得：0能量
Jan 08 15:45:01 
Jan 08 15:45:01 🔔东东健康社区收集能量收集, 结束! 🕛 0.52 秒
Jan 08 15:45:01 
Jan 08 16:05:01 
Jan 08 16:05:01 🔔东东健康社区收集能量收集, 开始!
Jan 08 16:05:01 
Jan 08 16:05:01 ====================共1个京东账号Cookie=========
Jan 08 16:05:01 
Jan 08 16:05:01 ==================脚本执行- 北京时间(UTC+8)：2022/1/8 下午4:05:01=====================
Jan 08 16:05:01 
Jan 08 16:05:01 
Jan 08 16:05:01 ******开始【京东账号1】jd_739d55b768da0*********
Jan 08 16:05:01 
Jan 08 16:05:02 任务完成成功，获得：0能量
Jan 08 16:05:02 
Jan 08 16:05:02 🔔东东健康社区收集能量收集, 结束! 🕛 1.692 秒
Jan 08 16:05:02 
Jan 08 16:25:00 
Jan 08 16:25:00 🔔东东健康社区收集能量收集, 开始!
Jan 08 16:25:00 
Jan 08 16:25:00 ====================共1个京东账号Cookie=========
Jan 08 16:25:00 
Jan 08 16:25:00 ==================脚本执行- 北京时间(UTC+8)：2022/1/8 下午4:25:00=====================
Jan 08 16:25:00 
Jan 08 16:25:00 
Jan 08 16:25:00 ******开始【京东账号1】jd_739d55b768da0*********
Jan 08 16:25:00 
Jan 08 16:25:01 任务完成成功，获得：0能量
Jan 08 16:25:01 
Jan 08 16:25:01 🔔东东健康社区收集能量收集, 结束! 🕛 0.465 秒
Jan 08 16:25:01 
Jan 08 16:45:00 
Jan 08 16:45:00 🔔东东健康社区收集能量收集, 开始!
Jan 08 16:45:00 
Jan 08 16:45:00 ====================共1个京东账号Cookie=========
Jan 08 16:45:00 
Jan 08 16:45:00 ==================脚本执行- 北京时间(UTC+8)：2022/1/8 下午4:45:00=====================
Jan 08 16:45:00 
Jan 08 16:45:00 
Jan 08 16:45:00 ******开始【京东账号1】jd_739d55b768da0*********
Jan 08 16:45:00 
Jan 08 16:45:01 任务完成成功，获得：0能量
Jan 08 16:45:01 
Jan 08 16:45:01 🔔东东健康社区收集能量收集, 结束! 🕛 0.512 秒
Jan 08 16:45:01 
Jan 08 17:05:01 
Jan 08 17:05:01 🔔东东健康社区收集能量收集, 开始!
Jan 08 17:05:01 
Jan 08 17:05:01 ====================共1个京东账号Cookie=========
Jan 08 17:05:01 
Jan 08 17:05:01 ==================脚本执行- 北京时间(UTC+8)：2022/1/8 下午5:05:01=====================
Jan 08 17:05:01 
Jan 08 17:05:01 
Jan 08 17:05:01 ******开始【京东账号1】jd_739d55b768da0*********
Jan 08 17:05:01 
Jan 08 17:05:02 任务完成成功，获得：0能量
Jan 08 17:05:02 
Jan 08 17:05:02 🔔东东健康社区收集能量收集, 结束! 🕛 1.634 秒
Jan 08 17:05:02 
Jan 08 17:25:00 
Jan 08 17:25:00 🔔东东健康社区收集能量收集, 开始!
Jan 08 17:25:00 
Jan 08 17:25:00 ====================共1个京东账号Cookie=========
Jan 08 17:25:00 
Jan 08 17:25:00 ==================脚本执行- 北京时间(UTC+8)：2022/1/8 下午5:25:00=====================
Jan 08 17:25:00 
Jan 08 17:25:00 
Jan 08 17:25:00 ******开始【京东账号1】jd_739d55b768da0*********
Jan 08 17:25:00 
Jan 08 17:25:01 任务完成成功，获得：0能量
Jan 08 17:25:01 
Jan 08 17:25:01 🔔东东健康社区收集能量收集, 结束! 🕛 0.36 秒
Jan 08 17:25:01 
Jan 08 17:45:00 
Jan 08 17:45:00 🔔东东健康社区收集能量收集, 开始!
Jan 08 17:45:00 
Jan 08 17:45:00 ====================共1个京东账号Cookie=========
Jan 08 17:45:00 
Jan 08 17:45:00 ==================脚本执行- 北京时间(UTC+8)：2022/1/8 下午5:45:00=====================
Jan 08 17:45:00 
Jan 08 17:45:00 
Jan 08 17:45:00 ******开始【京东账号1】jd_739d55b768da0*********
Jan 08 17:45:00 
Jan 08 17:45:01 任务完成成功，获得：0能量
Jan 08 17:45:01 
Jan 08 17:45:01 🔔东东健康社区收集能量收集, 结束! 🕛 0.383 秒
Jan 08 17:45:01 
Jan 08 18:05:01 
Jan 08 18:05:01 🔔东东健康社区收集能量收集, 开始!
Jan 08 18:05:01 
Jan 08 18:05:01 ====================共1个京东账号Cookie=========
Jan 08 18:05:01 
Jan 08 18:05:01 ==================脚本执行- 北京时间(UTC+8)：2022/1/8 下午6:05:01=====================
Jan 08 18:05:01 
Jan 08 18:05:01 
Jan 08 18:05:01 ******开始【京东账号1】jd_739d55b768da0*********
Jan 08 18:05:01 
Jan 08 18:05:02 任务完成成功，获得：0能量
Jan 08 18:05:02 
Jan 08 18:05:02 🔔东东健康社区收集能量收集, 结束! 🕛 1.368 秒
Jan 08 18:05:02 
Jan 08 18:25:00 
Jan 08 18:25:00 🔔东东健康社区收集能量收集, 开始!
Jan 08 18:25:00 
Jan 08 18:25:00 ====================共1个京东账号Cookie=========
Jan 08 18:25:00 
Jan 08 18:25:00 ==================脚本执行- 北京时间(UTC+8)：2022/1/8 下午6:25:00=====================
Jan 08 18:25:00 
Jan 08 18:25:00 
Jan 08 18:25:00 ******开始【京东账号1】jd_739d55b768da0*********
Jan 08 18:25:00 
Jan 08 18:25:01 任务完成成功，获得：0能量
Jan 08 18:25:01 
Jan 08 18:25:01 🔔东东健康社区收集能量收集, 结束! 🕛 0.318 秒
Jan 08 18:25:01 
Jan 08 18:45:01 
Jan 08 18:45:01 🔔东东健康社区收集能量收集, 开始!
Jan 08 18:45:01 
Jan 08 18:45:01 ====================共1个京东账号Cookie=========
Jan 08 18:45:01 
Jan 08 18:45:01 ==================脚本执行- 北京时间(UTC+8)：2022/1/8 下午6:45:01=====================
Jan 08 18:45:01 
Jan 08 18:45:01 
Jan 08 18:45:01 ******开始【京东账号1】jd_739d55b768da0*********
Jan 08 18:45:01 
Jan 08 18:45:02 任务完成成功，获得：0能量
Jan 08 18:45:02 
Jan 08 18:45:02 🔔东东健康社区收集能量收集, 结束! 🕛 0.897 秒
Jan 08 18:45:02 
Jan 08 19:05:01 
Jan 08 19:05:01 🔔东东健康社区收集能量收集, 开始!
Jan 08 19:05:01 
Jan 08 19:05:01 ====================共1个京东账号Cookie=========
Jan 08 19:05:01 
Jan 08 19:05:01 ==================脚本执行- 北京时间(UTC+8)：2022/1/8 下午7:05:01=====================
Jan 08 19:05:01 
Jan 08 19:05:01 
Jan 08 19:05:01 ******开始【京东账号1】jd_739d55b768da0*********
Jan 08 19:05:01 
Jan 08 19:05:02 任务完成成功，获得：0能量
Jan 08 19:05:02 
Jan 08 19:05:02 🔔东东健康社区收集能量收集, 结束! 🕛 1.174 秒
Jan 08 19:05:02 
Jan 08 19:25:01 
Jan 08 19:25:01 🔔东东健康社区收集能量收集, 开始!
Jan 08 19:25:01 
Jan 08 19:25:01 ====================共1个京东账号Cookie=========
Jan 08 19:25:01 
Jan 08 19:25:01 ==================脚本执行- 北京时间(UTC+8)：2022/1/8 下午7:25:01=====================
Jan 08 19:25:01 
Jan 08 19:25:01 
Jan 08 19:25:01 ******开始【京东账号1】jd_739d55b768da0*********
Jan 08 19:25:01 
Jan 08 19:25:01 任务完成成功，获得：0能量
Jan 08 19:25:01 
Jan 08 19:25:01 🔔东东健康社区收集能量收集, 结束! 🕛 0.41 秒
Jan 08 19:25:01 
Jan 08 19:45:01 
Jan 08 19:45:01 🔔东东健康社区收集能量收集, 开始!
Jan 08 19:45:01 
Jan 08 19:45:01 ====================共1个京东账号Cookie=========
Jan 08 19:45:01 
Jan 08 19:45:01 ==================脚本执行- 北京时间(UTC+8)：2022/1/8 下午7:45:01=====================
Jan 08 19:45:01 
Jan 08 19:45:01 
Jan 08 19:45:01 ******开始【京东账号1】jd_739d55b768da0*********
Jan 08 19:45:01 
Jan 08 19:45:01 任务完成成功，获得：0能量
Jan 08 19:45:01 
Jan 08 19:45:01 🔔东东健康社区收集能量收集, 结束! 🕛 0.319 秒
Jan 08 19:45:01 
Jan 08 20:05:01 
Jan 08 20:05:01 🔔东东健康社区收集能量收集, 开始!
Jan 08 20:05:01 
Jan 08 20:05:01 ====================共1个京东账号Cookie=========
Jan 08 20:05:01 
Jan 08 20:05:01 ==================脚本执行- 北京时间(UTC+8)：2022/1/8 下午8:05:01=====================
Jan 08 20:05:01 
Jan 08 20:05:01 
Jan 08 20:05:01 ******开始【京东账号1】jd_739d55b768da0*********
Jan 08 20:05:01 
Jan 08 20:05:02 任务完成成功，获得：0能量
Jan 08 20:05:02 
Jan 08 20:05:02 🔔东东健康社区收集能量收集, 结束! 🕛 0.976 秒
Jan 08 20:05:02 
Jan 08 20:25:01 
Jan 08 20:25:01 🔔东东健康社区收集能量收集, 开始!
Jan 08 20:25:01 
Jan 08 20:25:01 ====================共1个京东账号Cookie=========
Jan 08 20:25:01 
Jan 08 20:25:01 ==================脚本执行- 北京时间(UTC+8)：2022/1/8 下午8:25:01=====================
Jan 08 20:25:01 
Jan 08 20:25:01 
Jan 08 20:25:01 ******开始【京东账号1】jd_739d55b768da0*********
Jan 08 20:25:01 
Jan 08 20:25:01 任务完成成功，获得：0能量
Jan 08 20:25:01 
Jan 08 20:25:01 🔔东东健康社区收集能量收集, 结束! 🕛 0.451 秒
Jan 08 20:25:01 
Jan 08 20:45:01 
Jan 08 20:45:01 🔔东东健康社区收集能量收集, 开始!
Jan 08 20:45:01 
Jan 08 20:45:01 ====================共1个京东账号Cookie=========
Jan 08 20:45:01 
Jan 08 20:45:01 ==================脚本执行- 北京时间(UTC+8)：2022/1/8 下午8:45:01=====================
Jan 08 20:45:01 
Jan 08 20:45:01 
Jan 08 20:45:01 ******开始【京东账号1】jd_739d55b768da0*********
Jan 08 20:45:01 
Jan 08 20:45:01 任务完成成功，获得：0能量
Jan 08 20:45:01 
Jan 08 20:45:01 🔔东东健康社区收集能量收集, 结束! 🕛 0.319 秒
Jan 08 20:45:01 
Jan 08 21:05:01 
Jan 08 21:05:01 🔔东东健康社区收集能量收集, 开始!
Jan 08 21:05:01 
Jan 08 21:05:01 ====================共1个京东账号Cookie=========
Jan 08 21:05:01 
Jan 08 21:05:01 ==================脚本执行- 北京时间(UTC+8)：2022/1/8 下午9:05:01=====================
Jan 08 21:05:01 
Jan 08 21:05:01 
Jan 08 21:05:01 ******开始【京东账号1】jd_739d55b768da0*********
Jan 08 21:05:01 
Jan 08 21:05:02 任务完成成功，获得：0能量
Jan 08 21:05:02 
Jan 08 21:05:02 🔔东东健康社区收集能量收集, 结束! 🕛 1.085 秒
Jan 08 21:05:02 
Jan 08 21:25:01 
Jan 08 21:25:01 🔔东东健康社区收集能量收集, 开始!
Jan 08 21:25:01 
Jan 08 21:25:01 ====================共1个京东账号Cookie=========
Jan 08 21:25:01 
Jan 08 21:25:01 ==================脚本执行- 北京时间(UTC+8)：2022/1/8 下午9:25:01=====================
Jan 08 21:25:01 
Jan 08 21:25:01 
Jan 08 21:25:01 ******开始【京东账号1】jd_739d55b768da0*********
Jan 08 21:25:01 
Jan 08 21:25:01 任务完成成功，获得：0能量
Jan 08 21:25:01 
Jan 08 21:25:01 🔔东东健康社区收集能量收集, 结束! 🕛 0.334 秒
Jan 08 21:25:01 
Jan 08 21:45:00 
Jan 08 21:45:00 🔔东东健康社区收集能量收集, 开始!
Jan 08 21:45:00 
Jan 08 21:45:00 ====================共1个京东账号Cookie=========
Jan 08 21:45:00 
Jan 08 21:45:00 ==================脚本执行- 北京时间(UTC+8)：2022/1/8 下午9:45:00=====================
Jan 08 21:45:00 
Jan 08 21:45:00 
Jan 08 21:45:00 ******开始【京东账号1】jd_739d55b768da0*********
Jan 08 21:45:00 
Jan 08 21:45:00 任务完成成功，获得：0能量
Jan 08 21:45:00 
Jan 08 21:45:00 🔔东东健康社区收集能量收集, 结束! 🕛 0.304 秒
Jan 08 21:45:00 
Jan 08 22:05:00 
Jan 08 22:05:00 🔔东东健康社区收集能量收集, 开始!
Jan 08 22:05:00 
Jan 08 22:05:00 ====================共1个京东账号Cookie=========
Jan 08 22:05:00 
Jan 08 22:05:00 ==================脚本执行- 北京时间(UTC+8)：2022/1/8 下午10:05:00=====================
Jan 08 22:05:00 
Jan 08 22:05:00 
Jan 08 22:05:00 ******开始【京东账号1】jd_739d55b768da0*********
Jan 08 22:05:00 
Jan 08 22:05:01 任务完成成功，获得：0能量
Jan 08 22:05:01 
Jan 08 22:05:01 🔔东东健康社区收集能量收集, 结束! 🕛 1.129 秒
Jan 08 22:05:01 
Jan 08 22:25:00 
Jan 08 22:25:00 🔔东东健康社区收集能量收集, 开始!
Jan 08 22:25:00 
Jan 08 22:25:00 ====================共1个京东账号Cookie=========
Jan 08 22:25:00 
Jan 08 22:25:00 ==================脚本执行- 北京时间(UTC+8)：2022/1/8 下午10:25:00=====================
Jan 08 22:25:00 
Jan 08 22:25:00 
Jan 08 22:25:00 ******开始【京东账号1】jd_739d55b768da0*********
Jan 08 22:25:00 
Jan 08 22:25:00 任务完成成功，获得：0能量
Jan 08 22:25:00 
Jan 08 22:25:00 🔔东东健康社区收集能量收集, 结束! 🕛 0.333 秒
Jan 08 22:25:00 
Jan 08 22:45:00 
Jan 08 22:45:00 🔔东东健康社区收集能量收集, 开始!
Jan 08 22:45:00 
Jan 08 22:45:00 ====================共1个京东账号Cookie=========
Jan 08 22:45:00 
Jan 08 22:45:00 ==================脚本执行- 北京时间(UTC+8)：2022/1/8 下午10:45:00=====================
Jan 08 22:45:00 
Jan 08 22:45:00 
Jan 08 22:45:00 ******开始【京东账号1】jd_739d55b768da0*********
Jan 08 22:45:00 
Jan 08 22:45:00 任务完成成功，获得：0能量
Jan 08 22:45:00 
Jan 08 22:45:00 🔔东东健康社区收集能量收集, 结束! 🕛 0.365 秒
Jan 08 22:45:00 
Jan 08 23:05:00 
Jan 08 23:05:00 🔔东东健康社区收集能量收集, 开始!
Jan 08 23:05:00 
Jan 08 23:05:00 ====================共1个京东账号Cookie=========
Jan 08 23:05:00 
Jan 08 23:05:00 ==================脚本执行- 北京时间(UTC+8)：2022/1/8 下午11:05:00=====================
Jan 08 23:05:00 
Jan 08 23:05:00 
Jan 08 23:05:00 ******开始【京东账号1】jd_739d55b768da0*********
Jan 08 23:05:00 
Jan 08 23:05:01 任务完成成功，获得：0能量
Jan 08 23:05:01 
Jan 08 23:05:01 🔔东东健康社区收集能量收集, 结束! 🕛 1.404 秒
Jan 08 23:05:01 
Jan 08 23:25:00 
Jan 08 23:25:00 🔔东东健康社区收集能量收集, 开始!
Jan 08 23:25:00 
Jan 08 23:25:00 ====================共1个京东账号Cookie=========
Jan 08 23:25:00 
Jan 08 23:25:00 ==================脚本执行- 北京时间(UTC+8)：2022/1/8 下午11:25:00=====================
Jan 08 23:25:00 
Jan 08 23:25:00 
Jan 08 23:25:00 ******开始【京东账号1】jd_739d55b768da0*********
Jan 08 23:25:00 
Jan 08 23:25:00 任务完成成功，获得：0能量
Jan 08 23:25:00 
Jan 08 23:25:00 🔔东东健康社区收集能量收集, 结束! 🕛 0.326 秒
Jan 08 23:25:00 
Jan 08 23:45:00 
Jan 08 23:45:00 🔔东东健康社区收集能量收集, 开始!
Jan 08 23:45:00 
Jan 08 23:45:00 ====================共1个京东账号Cookie=========
Jan 08 23:45:00 
Jan 08 23:45:00 ==================脚本执行- 北京时间(UTC+8)：2022/1/8 下午11:45:00=====================
Jan 08 23:45:00 
Jan 08 23:45:00 
Jan 08 23:45:00 ******开始【京东账号1】jd_739d55b768da0*********
Jan 08 23:45:00 
Jan 08 23:45:01 任务完成成功，获得：0能量
Jan 08 23:45:01 
Jan 08 23:45:01 🔔东东健康社区收集能量收集, 结束! 🕛 1.137 秒
Jan 08 23:45:01 
Jan 09 00:05:01 
Jan 09 00:05:01 🔔东东健康社区收集能量收集, 开始!
Jan 09 00:05:01 
Jan 09 00:05:01 ====================共1个京东账号Cookie=========
Jan 09 00:05:01 
Jan 09 00:05:01 ==================脚本执行- 北京时间(UTC+8)：2022/1/9 上午12:05:01=====================
Jan 09 00:05:01 
Jan 09 00:05:01 
Jan 09 00:05:01 ******开始【京东账号1】jd_739d55b768da0*********
Jan 09 00:05:01 
Jan 09 00:05:03 任务完成成功，获得：480能量
Jan 09 00:05:03 
Jan 09 00:05:03 🔔东东健康社区收集能量收集, 结束! 🕛 2.454 秒
Jan 09 00:05:03 
Jan 09 00:25:00 
Jan 09 00:25:00 🔔东东健康社区收集能量收集, 开始!
Jan 09 00:25:00 
Jan 09 00:25:00 ====================共1个京东账号Cookie=========
Jan 09 00:25:00 
Jan 09 00:25:00 ==================脚本执行- 北京时间(UTC+8)：2022/1/9 上午12:25:00=====================
Jan 09 00:25:00 
Jan 09 00:25:00 
Jan 09 00:25:00 ******开始【京东账号1】jd_739d55b768da0*********
Jan 09 00:25:00 
Jan 09 00:25:00 任务完成成功，获得：478能量
Jan 09 00:25:00 
Jan 09 00:25:00 🔔东东健康社区收集能量收集, 结束! 🕛 0.374 秒
Jan 09 00:25:00 
Jan 09 00:45:01 
Jan 09 00:45:01 🔔东东健康社区收集能量收集, 开始!
Jan 09 00:45:01 
Jan 09 00:45:01 ====================共1个京东账号Cookie=========
Jan 09 00:45:01 
Jan 09 00:45:01 ==================脚本执行- 北京时间(UTC+8)：2022/1/9 上午12:45:01=====================
Jan 09 00:45:01 
Jan 09 00:45:01 
Jan 09 00:45:01 ******开始【京东账号1】jd_739d55b768da0*********
Jan 09 00:45:01 
Jan 09 00:45:03 任务完成成功，获得：396能量
Jan 09 00:45:03 
Jan 09 00:45:03 🔔东东健康社区收集能量收集, 结束! 🕛 2.209 秒
Jan 09 00:45:03 
Jan 09 01:05:01 
Jan 09 01:05:01 🔔东东健康社区收集能量收集, 开始!
Jan 09 01:05:01 
Jan 09 01:05:01 ====================共1个京东账号Cookie=========
Jan 09 01:05:01 
Jan 09 01:05:01 ==================脚本执行- 北京时间(UTC+8)：2022/1/9 上午1:05:01=====================
Jan 09 01:05:01 
Jan 09 01:05:01 
Jan 09 01:05:01 ******开始【京东账号1】jd_739d55b768da0*********
Jan 09 01:05:01 
Jan 09 01:05:03 任务完成成功，获得：480能量
Jan 09 01:05:03 
Jan 09 01:05:03 🔔东东健康社区收集能量收集, 结束! 🕛 2.638 秒
Jan 09 01:05:03 
Jan 09 01:25:00 
Jan 09 01:25:00 🔔东东健康社区收集能量收集, 开始!
Jan 09 01:25:00 
Jan 09 01:25:00 ====================共1个京东账号Cookie=========
Jan 09 01:25:00 
Jan 09 01:25:00 ==================脚本执行- 北京时间(UTC+8)：2022/1/9 上午1:25:00=====================
Jan 09 01:25:00 
Jan 09 01:25:00 
Jan 09 01:25:00 ******开始【京东账号1】jd_739d55b768da0*********
Jan 09 01:25:00 
Jan 09 01:25:00 任务完成成功，获得：478能量
Jan 09 01:25:00 
Jan 09 01:25:00 🔔东东健康社区收集能量收集, 结束! 🕛 0.48 秒
Jan 09 01:25:00 
Jan 09 01:45:00 
Jan 09 01:45:00 🔔东东健康社区收集能量收集, 开始!
Jan 09 01:45:00 
Jan 09 01:45:00 ====================共1个京东账号Cookie=========
Jan 09 01:45:00 
Jan 09 01:45:00 ==================脚本执行- 北京时间(UTC+8)：2022/1/9 上午1:45:00=====================
Jan 09 01:45:00 
Jan 09 01:45:00 
Jan 09 01:45:00 ******开始【京东账号1】jd_739d55b768da0*********
Jan 09 01:45:00 
Jan 09 01:45:00 任务完成成功，获得：478能量
Jan 09 01:45:00 
Jan 09 01:45:00 🔔东东健康社区收集能量收集, 结束! 🕛 0.447 秒
Jan 09 01:45:00 
Jan 09 02:05:00 
Jan 09 02:05:00 🔔东东健康社区收集能量收集, 开始!
Jan 09 02:05:00 
Jan 09 02:05:00 ====================共1个京东账号Cookie=========
Jan 09 02:05:00 
Jan 09 02:05:01 ==================脚本执行- 北京时间(UTC+8)：2022/1/9 上午2:05:00=====================
Jan 09 02:05:01 
Jan 09 02:05:01 
Jan 09 02:05:01 ******开始【京东账号1】jd_739d55b768da0*********
Jan 09 02:05:01 
Jan 09 02:05:02 任务完成成功，获得：480能量
Jan 09 02:05:02 
Jan 09 02:05:02 🔔东东健康社区收集能量收集, 结束! 🕛 1.696 秒
Jan 09 02:05:02 
Jan 09 02:25:00 
Jan 09 02:25:00 🔔东东健康社区收集能量收集, 开始!
Jan 09 02:25:00 
Jan 09 02:25:00 ====================共1个京东账号Cookie=========
Jan 09 02:25:00 
Jan 09 02:25:00 ==================脚本执行- 北京时间(UTC+8)：2022/1/9 上午2:25:00=====================
Jan 09 02:25:00 
Jan 09 02:25:00 
Jan 09 02:25:00 ******开始【京东账号1】jd_739d55b768da0*********
Jan 09 02:25:00 
Jan 09 02:25:00 任务完成成功，获得：478能量
Jan 09 02:25:00 
Jan 09 02:25:00 🔔东东健康社区收集能量收集, 结束! 🕛 0.457 秒
Jan 09 02:25:00 
Jan 09 02:45:00 
Jan 09 02:45:00 🔔东东健康社区收集能量收集, 开始!
Jan 09 02:45:00 
Jan 09 02:45:00 ====================共1个京东账号Cookie=========
Jan 09 02:45:00 
Jan 09 02:45:00 ==================脚本执行- 北京时间(UTC+8)：2022/1/9 上午2:45:00=====================
Jan 09 02:45:00 
Jan 09 02:45:00 
Jan 09 02:45:00 ******开始【京东账号1】jd_739d55b768da0*********
Jan 09 02:45:00 
Jan 09 02:45:00 任务完成成功，获得：478能量
Jan 09 02:45:00 
Jan 09 02:45:00 🔔东东健康社区收集能量收集, 结束! 🕛 0.363 秒
Jan 09 02:45:00 
Jan 09 03:05:00 
Jan 09 03:05:00 🔔东东健康社区收集能量收集, 开始!
Jan 09 03:05:00 
Jan 09 03:05:00 ====================共1个京东账号Cookie=========
Jan 09 03:05:00 
Jan 09 03:05:01 ==================脚本执行- 北京时间(UTC+8)：2022/1/9 上午3:05:00=====================
Jan 09 03:05:01 
Jan 09 03:05:01 
Jan 09 03:05:01 ******开始【京东账号1】jd_739d55b768da0*********
Jan 09 03:05:01 
Jan 09 03:05:02 任务完成成功，获得：480能量
Jan 09 03:05:02 
Jan 09 03:05:02 🔔东东健康社区收集能量收集, 结束! 🕛 1.654 秒
Jan 09 03:05:02 
Jan 09 03:25:00 
Jan 09 03:25:00 🔔东东健康社区收集能量收集, 开始!
Jan 09 03:25:00 
Jan 09 03:25:00 ====================共1个京东账号Cookie=========
Jan 09 03:25:00 
Jan 09 03:25:00 ==================脚本执行- 北京时间(UTC+8)：2022/1/9 上午3:25:00=====================
Jan 09 03:25:00 
Jan 09 03:25:00 
Jan 09 03:25:00 ******开始【京东账号1】jd_739d55b768da0*********
Jan 09 03:25:00 
Jan 09 03:25:00 任务完成成功，获得：478能量
Jan 09 03:25:00 
Jan 09 03:25:00 🔔东东健康社区收集能量收集, 结束! 🕛 0.363 秒
Jan 09 03:25:00 
Jan 09 03:45:00 
Jan 09 03:45:00 🔔东东健康社区收集能量收集, 开始!
Jan 09 03:45:00 
Jan 09 03:45:00 ====================共1个京东账号Cookie=========
Jan 09 03:45:00 
Jan 09 03:45:00 ==================脚本执行- 北京时间(UTC+8)：2022/1/9 上午3:45:00=====================
Jan 09 03:45:00 
Jan 09 03:45:00 
Jan 09 03:45:00 ******开始【京东账号1】jd_739d55b768da0*********
Jan 09 03:45:00 
Jan 09 03:45:00 任务完成成功，获得：0能量
Jan 09 03:45:00 
Jan 09 03:45:00 🔔东东健康社区收集能量收集, 结束! 🕛 0.377 秒
Jan 09 03:45:00 
Jan 09 04:05:01 
Jan 09 04:05:01 🔔东东健康社区收集能量收集, 开始!
Jan 09 04:05:01 
Jan 09 04:05:01 ====================共1个京东账号Cookie=========
Jan 09 04:05:01 
Jan 09 04:05:01 ==================脚本执行- 北京时间(UTC+8)：2022/1/9 上午4:05:01=====================
Jan 09 04:05:01 
Jan 09 04:05:01 
Jan 09 04:05:01 ******开始【京东账号1】jd_739d55b768da0*********
Jan 09 04:05:01 
Jan 09 04:05:02 任务完成成功，获得：0能量
Jan 09 04:05:02 
Jan 09 04:05:02 🔔东东健康社区收集能量收集, 结束! 🕛 1.599 秒
Jan 09 04:05:02 
Jan 09 04:25:00 
Jan 09 04:25:00 🔔东东健康社区收集能量收集, 开始!
Jan 09 04:25:00 
Jan 09 04:25:00 ====================共1个京东账号Cookie=========
Jan 09 04:25:00 
Jan 09 04:25:00 ==================脚本执行- 北京时间(UTC+8)：2022/1/9 上午4:25:00=====================
Jan 09 04:25:00 
Jan 09 04:25:00 
Jan 09 04:25:00 ******开始【京东账号1】jd_739d55b768da0*********
Jan 09 04:25:00 
Jan 09 04:25:01 任务完成成功，获得：0能量
Jan 09 04:25:01 
Jan 09 04:25:01 🔔东东健康社区收集能量收集, 结束! 🕛 0.391 秒
Jan 09 04:25:01 
Jan 09 04:45:00 
Jan 09 04:45:00 🔔东东健康社区收集能量收集, 开始!
Jan 09 04:45:00 
Jan 09 04:45:00 ====================共1个京东账号Cookie=========
Jan 09 04:45:00 
Jan 09 04:45:00 ==================脚本执行- 北京时间(UTC+8)：2022/1/9 上午4:45:00=====================
Jan 09 04:45:00 
Jan 09 04:45:00 
Jan 09 04:45:00 ******开始【京东账号1】jd_739d55b768da0*********
Jan 09 04:45:00 
Jan 09 04:45:01 任务完成成功，获得：0能量
Jan 09 04:45:01 
Jan 09 04:45:01 🔔东东健康社区收集能量收集, 结束! 🕛 0.407 秒
Jan 09 04:45:01 
Jan 09 05:05:01 
Jan 09 05:05:01 🔔东东健康社区收集能量收集, 开始!
Jan 09 05:05:01 
Jan 09 05:05:01 ====================共1个京东账号Cookie=========
Jan 09 05:05:01 
Jan 09 05:05:01 ==================脚本执行- 北京时间(UTC+8)：2022/1/9 上午5:05:01=====================
Jan 09 05:05:01 
Jan 09 05:05:01 
Jan 09 05:05:01 ******开始【京东账号1】jd_739d55b768da0*********
Jan 09 05:05:01 
Jan 09 05:05:02 任务完成成功，获得：0能量
Jan 09 05:05:02 
Jan 09 05:05:02 🔔东东健康社区收集能量收集, 结束! 🕛 1.462 秒
Jan 09 05:05:02 
Jan 09 05:25:00 
Jan 09 05:25:00 🔔东东健康社区收集能量收集, 开始!
Jan 09 05:25:00 
Jan 09 05:25:00 ====================共1个京东账号Cookie=========
Jan 09 05:25:00 
Jan 09 05:25:00 ==================脚本执行- 北京时间(UTC+8)：2022/1/9 上午5:25:00=====================
Jan 09 05:25:00 
Jan 09 05:25:00 
Jan 09 05:25:00 ******开始【京东账号1】jd_739d55b768da0*********
Jan 09 05:25:00 
Jan 09 05:25:01 任务完成成功，获得：0能量
Jan 09 05:25:01 
Jan 09 05:25:01 🔔东东健康社区收集能量收集, 结束! 🕛 0.376 秒
Jan 09 05:25:01 
Jan 09 05:45:00 
Jan 09 05:45:00 🔔东东健康社区收集能量收集, 开始!
Jan 09 05:45:00 
Jan 09 05:45:00 ====================共1个京东账号Cookie=========
Jan 09 05:45:00 
Jan 09 05:45:00 ==================脚本执行- 北京时间(UTC+8)：2022/1/9 上午5:45:00=====================
Jan 09 05:45:00 
Jan 09 05:45:00 
Jan 09 05:45:00 ******开始【京东账号1】jd_739d55b768da0*********
Jan 09 05:45:00 
Jan 09 05:45:01 任务完成成功，获得：0能量
Jan 09 05:45:01 
Jan 09 05:45:01 🔔东东健康社区收集能量收集, 结束! 🕛 0.36 秒
Jan 09 05:45:01 
Jan 09 06:05:01 
Jan 09 06:05:01 🔔东东健康社区收集能量收集, 开始!
Jan 09 06:05:01 
Jan 09 06:05:01 ====================共1个京东账号Cookie=========
Jan 09 06:05:01 
Jan 09 06:05:01 ==================脚本执行- 北京时间(UTC+8)：2022/1/9 上午6:05:01=====================
Jan 09 06:05:01 
Jan 09 06:05:01 
Jan 09 06:05:01 ******开始【京东账号1】jd_739d55b768da0*********
Jan 09 06:05:01 
Jan 09 06:05:02 任务完成成功，获得：0能量
Jan 09 06:05:02 
Jan 09 06:05:02 🔔东东健康社区收集能量收集, 结束! 🕛 1.489 秒
Jan 09 06:05:02 
Jan 09 06:25:00 
Jan 09 06:25:00 🔔东东健康社区收集能量收集, 开始!
Jan 09 06:25:00 
Jan 09 06:25:00 ====================共1个京东账号Cookie=========
Jan 09 06:25:00 
Jan 09 06:25:00 ==================脚本执行- 北京时间(UTC+8)：2022/1/9 上午6:25:00=====================
Jan 09 06:25:00 
Jan 09 06:25:00 
Jan 09 06:25:00 ******开始【京东账号1】jd_739d55b768da0*********
Jan 09 06:25:00 
Jan 09 06:25:01 任务完成成功，获得：0能量
Jan 09 06:25:01 
Jan 09 06:25:01 🔔东东健康社区收集能量收集, 结束! 🕛 0.483 秒
Jan 09 06:25:01 
Jan 09 06:45:01 
Jan 09 06:45:01 🔔东东健康社区收集能量收集, 开始!
Jan 09 06:45:01 
Jan 09 06:45:01 ====================共1个京东账号Cookie=========
Jan 09 06:45:01 
Jan 09 06:45:01 ==================脚本执行- 北京时间(UTC+8)：2022/1/9 上午6:45:01=====================
Jan 09 06:45:01 
Jan 09 06:45:01 
Jan 09 06:45:01 ******开始【京东账号1】jd_739d55b768da0*********
Jan 09 06:45:01 
Jan 09 06:45:02 任务完成成功，获得：0能量
Jan 09 06:45:02 
Jan 09 06:45:02 🔔东东健康社区收集能量收集, 结束! 🕛 1.072 秒
Jan 09 06:45:02 
Jan 09 07:05:01 
Jan 09 07:05:01 🔔东东健康社区收集能量收集, 开始!
Jan 09 07:05:01 
Jan 09 07:05:01 ====================共1个京东账号Cookie=========
Jan 09 07:05:01 
Jan 09 07:05:01 ==================脚本执行- 北京时间(UTC+8)：2022/1/9 上午7:05:01=====================
Jan 09 07:05:01 
Jan 09 07:05:01 
Jan 09 07:05:01 ******开始【京东账号1】jd_739d55b768da0*********
Jan 09 07:05:01 
Jan 09 07:05:02 任务完成成功，获得：0能量
Jan 09 07:05:02 
Jan 09 07:05:02 🔔东东健康社区收集能量收集, 结束! 🕛 1.327 秒
Jan 09 07:05:02 
Jan 09 07:25:00 
Jan 09 07:25:00 🔔东东健康社区收集能量收集, 开始!
Jan 09 07:25:00 
Jan 09 07:25:00 ====================共1个京东账号Cookie=========
Jan 09 07:25:00 
Jan 09 07:25:00 ==================脚本执行- 北京时间(UTC+8)：2022/1/9 上午7:25:00=====================
Jan 09 07:25:00 
Jan 09 07:25:00 
Jan 09 07:25:00 ******开始【京东账号1】jd_739d55b768da0*********
Jan 09 07:25:00 
Jan 09 07:25:01 任务完成成功，获得：0能量
Jan 09 07:25:01 
Jan 09 07:25:01 🔔东东健康社区收集能量收集, 结束! 🕛 0.325 秒
Jan 09 07:25:01 
Jan 09 07:45:00 
Jan 09 07:45:00 🔔东东健康社区收集能量收集, 开始!
Jan 09 07:45:00 
Jan 09 07:45:00 ====================共1个京东账号Cookie=========
Jan 09 07:45:00 
Jan 09 07:45:00 ==================脚本执行- 北京时间(UTC+8)：2022/1/9 上午7:45:00=====================
Jan 09 07:45:00 
Jan 09 07:45:00 
Jan 09 07:45:00 ******开始【京东账号1】jd_739d55b768da0*********
Jan 09 07:45:00 
Jan 09 07:45:01 任务完成成功，获得：0能量
Jan 09 07:45:01 
Jan 09 07:45:01 🔔东东健康社区收集能量收集, 结束! 🕛 0.315 秒
Jan 09 07:45:01 
Jan 09 08:05:01 
Jan 09 08:05:01 🔔东东健康社区收集能量收集, 开始!
Jan 09 08:05:02 
Jan 09 08:05:02 ====================共1个京东账号Cookie=========
Jan 09 08:05:02 
Jan 09 08:05:02 ==================脚本执行- 北京时间(UTC+8)：2022/1/9 上午8:05:02=====================
Jan 09 08:05:02 
Jan 09 08:05:02 
Jan 09 08:05:02 ******开始【京东账号1】jd_739d55b768da0*********
Jan 09 08:05:02 
Jan 09 08:05:04 任务完成成功，获得：0能量
Jan 09 08:05:04 
Jan 09 08:05:04 🔔东东健康社区收集能量收集, 结束! 🕛 2.409 秒
Jan 09 08:05:04 
Jan 09 08:25:00 
Jan 09 08:25:00 🔔东东健康社区收集能量收集, 开始!
Jan 09 08:25:00 
Jan 09 08:25:00 ====================共1个京东账号Cookie=========
Jan 09 08:25:00 
Jan 09 08:25:00 ==================脚本执行- 北京时间(UTC+8)：2022/1/9 上午8:25:00=====================
Jan 09 08:25:00 
Jan 09 08:25:00 
Jan 09 08:25:00 ******开始【京东账号1】jd_739d55b768da0*********
Jan 09 08:25:00 
Jan 09 08:25:01 任务完成成功，获得：0能量
Jan 09 08:25:01 
Jan 09 08:25:01 🔔东东健康社区收集能量收集, 结束! 🕛 0.316 秒
Jan 09 08:25:01 
Jan 09 08:45:00 
Jan 09 08:45:00 🔔东东健康社区收集能量收集, 开始!
Jan 09 08:45:00 
Jan 09 08:45:00 ====================共1个京东账号Cookie=========
Jan 09 08:45:00 
Jan 09 08:45:01 ==================脚本执行- 北京时间(UTC+8)：2022/1/9 上午8:45:00=====================
Jan 09 08:45:01 
Jan 09 08:45:01 
Jan 09 08:45:01 ******开始【京东账号1】jd_739d55b768da0*********
Jan 09 08:45:01 
Jan 09 08:45:01 任务完成成功，获得：0能量
Jan 09 08:45:01 
Jan 09 08:45:01 🔔东东健康社区收集能量收集, 结束! 🕛 0.33 秒
Jan 09 08:45:01 
Jan 09 09:05:01 
Jan 09 09:05:01 🔔东东健康社区收集能量收集, 开始!
Jan 09 09:05:01 
Jan 09 09:05:01 ====================共1个京东账号Cookie=========
Jan 09 09:05:01 
Jan 09 09:05:01 ==================脚本执行- 北京时间(UTC+8)：2022/1/9 上午9:05:01=====================
Jan 09 09:05:01 
Jan 09 09:05:01 
Jan 09 09:05:01 ******开始【京东账号1】jd_739d55b768da0*********
Jan 09 09:05:01 
Jan 09 09:05:02 任务完成成功，获得：0能量
Jan 09 09:05:02 
Jan 09 09:05:02 🔔东东健康社区收集能量收集, 结束! 🕛 1.151 秒
Jan 09 09:05:02 
Jan 09 09:25:01 
Jan 09 09:25:01 🔔东东健康社区收集能量收集, 开始!
Jan 09 09:25:01 
Jan 09 09:25:01 ====================共1个京东账号Cookie=========
Jan 09 09:25:01 
Jan 09 09:25:01 ==================脚本执行- 北京时间(UTC+8)：2022/1/9 上午9:25:01=====================
Jan 09 09:25:01 
Jan 09 09:25:01 
Jan 09 09:25:01 ******开始【京东账号1】jd_739d55b768da0*********
Jan 09 09:25:01 
Jan 09 09:25:01 任务完成成功，获得：0能量
Jan 09 09:25:01 
Jan 09 09:25:01 🔔东东健康社区收集能量收集, 结束! 🕛 0.324 秒
Jan 09 09:25:01 
Jan 09 09:45:01 
Jan 09 09:45:01 🔔东东健康社区收集能量收集, 开始!
Jan 09 09:45:01 
Jan 09 09:45:01 ====================共1个京东账号Cookie=========
Jan 09 09:45:01 
Jan 09 09:45:01 ==================脚本执行- 北京时间(UTC+8)：2022/1/9 上午9:45:01=====================
Jan 09 09:45:01 
Jan 09 09:45:01 
Jan 09 09:45:01 ******开始【京东账号1】jd_739d55b768da0*********
Jan 09 09:45:01 
Jan 09 09:45:01 任务完成成功，获得：0能量
Jan 09 09:45:01 
Jan 09 09:45:01 🔔东东健康社区收集能量收集, 结束! 🕛 0.393 秒
Jan 09 09:45:01 
Jan 09 10:05:01 
Jan 09 10:05:01 🔔东东健康社区收集能量收集, 开始!
Jan 09 10:05:01 
Jan 09 10:05:01 ====================共1个京东账号Cookie=========
Jan 09 10:05:01 
Jan 09 10:05:01 ==================脚本执行- 北京时间(UTC+8)：2022/1/9 上午10:05:01=====================
Jan 09 10:05:01 
Jan 09 10:05:01 
Jan 09 10:05:01 ******开始【京东账号1】jd_739d55b768da0*********
Jan 09 10:05:01 
Jan 09 10:05:02 任务完成成功，获得：0能量
Jan 09 10:05:02 
Jan 09 10:05:02 🔔东东健康社区收集能量收集, 结束! 🕛 1.243 秒
Jan 09 10:05:02 
Jan 09 10:25:00 
Jan 09 10:25:00 🔔东东健康社区收集能量收集, 开始!
Jan 09 10:25:00 
Jan 09 10:25:00 ====================共1个京东账号Cookie=========
Jan 09 10:25:00 
Jan 09 10:25:00 ==================脚本执行- 北京时间(UTC+8)：2022/1/9 上午10:25:00=====================
Jan 09 10:25:00 
Jan 09 10:25:00 
Jan 09 10:25:00 ******开始【京东账号1】jd_739d55b768da0*********
Jan 09 10:25:00 
Jan 09 10:25:00 任务完成成功，获得：0能量
Jan 09 10:25:00 
Jan 09 10:25:00 🔔东东健康社区收集能量收集, 结束! 🕛 0.335 秒
Jan 09 10:25:00 
Jan 09 10:45:00 
Jan 09 10:45:00 🔔东东健康社区收集能量收集, 开始!
Jan 09 10:45:00 
Jan 09 10:45:00 ====================共1个京东账号Cookie=========
Jan 09 10:45:00 
Jan 09 10:45:00 ==================脚本执行- 北京时间(UTC+8)：2022/1/9 上午10:45:00=====================
Jan 09 10:45:00 
Jan 09 10:45:00 
Jan 09 10:45:00 ******开始【京东账号1】jd_739d55b768da0*********
Jan 09 10:45:00 
Jan 09 10:45:00 任务完成成功，获得：0能量
Jan 09 10:45:00 
Jan 09 10:45:00 🔔东东健康社区收集能量收集, 结束! 🕛 0.347 秒
Jan 09 10:45:00 
Jan 09 11:05:00 
Jan 09 11:05:00 🔔东东健康社区收集能量收集, 开始!
Jan 09 11:05:00 
Jan 09 11:05:00 ====================共1个京东账号Cookie=========
Jan 09 11:05:00 
Jan 09 11:05:00 ==================脚本执行- 北京时间(UTC+8)：2022/1/9 上午11:05:00=====================
Jan 09 11:05:00 
Jan 09 11:05:00 
Jan 09 11:05:00 ******开始【京东账号1】jd_739d55b768da0*********
Jan 09 11:05:00 
Jan 09 11:05:01 任务完成成功，获得：0能量
Jan 09 11:05:01 
Jan 09 11:05:01 🔔东东健康社区收集能量收集, 结束! 🕛 1.174 秒
Jan 09 11:05:01 
Jan 09 11:25:00 
Jan 09 11:25:00 🔔东东健康社区收集能量收集, 开始!
Jan 09 11:25:00 
Jan 09 11:25:00 ====================共1个京东账号Cookie=========
Jan 09 11:25:00 
Jan 09 11:25:00 ==================脚本执行- 北京时间(UTC+8)：2022/1/9 上午11:25:00=====================
Jan 09 11:25:00 
Jan 09 11:25:00 
Jan 09 11:25:00 ******开始【京东账号1】jd_739d55b768da0*********
Jan 09 11:25:00 
Jan 09 11:25:00 任务完成成功，获得：0能量
Jan 09 11:25:00 
Jan 09 11:25:00 🔔东东健康社区收集能量收集, 结束! 🕛 0.366 秒
Jan 09 11:25:00 
Jan 09 11:45:00 
Jan 09 11:45:00 🔔东东健康社区收集能量收集, 开始!
Jan 09 11:45:00 
Jan 09 11:45:00 ====================共1个京东账号Cookie=========
Jan 09 11:45:00 
Jan 09 11:45:00 ==================脚本执行- 北京时间(UTC+8)：2022/1/9 上午11:45:00=====================
Jan 09 11:45:00 
Jan 09 11:45:00 
Jan 09 11:45:00 ******开始【京东账号1】jd_739d55b768da0*********
Jan 09 11:45:00 
Jan 09 11:45:00 任务完成成功，获得：0能量
Jan 09 11:45:00 
Jan 09 11:45:00 🔔东东健康社区收集能量收集, 结束! 🕛 0.347 秒
Jan 09 11:45:00 
Jan 09 12:05:00 
Jan 09 12:05:00 🔔东东健康社区收集能量收集, 开始!
Jan 09 12:05:00 
Jan 09 12:05:00 ====================共1个京东账号Cookie=========
Jan 09 12:05:00 
Jan 09 12:05:00 ==================脚本执行- 北京时间(UTC+8)：2022/1/9 下午12:05:00=====================
Jan 09 12:05:00 
Jan 09 12:05:00 
Jan 09 12:05:00 ******开始【京东账号1】jd_739d55b768da0*********
Jan 09 12:05:00 
Jan 09 12:05:01 任务完成成功，获得：0能量
Jan 09 12:05:01 
Jan 09 12:05:01 🔔东东健康社区收集能量收集, 结束! 🕛 1.403 秒
Jan 09 12:05:01 
Jan 09 12:25:00 
Jan 09 12:25:00 🔔东东健康社区收集能量收集, 开始!
Jan 09 12:25:00 
Jan 09 12:25:00 ====================共1个京东账号Cookie=========
Jan 09 12:25:00 
Jan 09 12:25:00 ==================脚本执行- 北京时间(UTC+8)：2022/1/9 下午12:25:00=====================
Jan 09 12:25:00 
Jan 09 12:25:00 
Jan 09 12:25:00 ******开始【京东账号1】jd_739d55b768da0*********
Jan 09 12:25:00 
Jan 09 12:25:00 任务完成成功，获得：0能量
Jan 09 12:25:00 
Jan 09 12:25:00 🔔东东健康社区收集能量收集, 结束! 🕛 0.309 秒
Jan 09 12:25:00 
Jan 09 12:45:00 
Jan 09 12:45:00 🔔东东健康社区收集能量收集, 开始!
Jan 09 12:45:00 
Jan 09 12:45:00 ====================共1个京东账号Cookie=========
Jan 09 12:45:00 
Jan 09 12:45:00 ==================脚本执行- 北京时间(UTC+8)：2022/1/9 下午12:45:00=====================
Jan 09 12:45:00 
Jan 09 12:45:00 
Jan 09 12:45:00 ******开始【京东账号1】jd_739d55b768da0*********
Jan 09 12:45:00 
Jan 09 12:45:01 任务完成成功，获得：0能量
Jan 09 12:45:01 
Jan 09 12:45:01 🔔东东健康社区收集能量收集, 结束! 🕛 0.988 秒
Jan 09 12:45:01 
Jan 09 13:05:00 
Jan 09 13:05:00 🔔东东健康社区收集能量收集, 开始!
Jan 09 13:05:00 
Jan 09 13:05:00 ====================共1个京东账号Cookie=========
Jan 09 13:05:00 
Jan 09 13:05:00 ==================脚本执行- 北京时间(UTC+8)：2022/1/9 下午1:05:00=====================
Jan 09 13:05:00 
Jan 09 13:05:00 
Jan 09 13:05:00 ******开始【京东账号1】jd_739d55b768da0*********
Jan 09 13:05:00 
Jan 09 13:05:01 任务完成成功，获得：0能量
Jan 09 13:05:01 
Jan 09 13:05:01 🔔东东健康社区收集能量收集, 结束! 🕛 1.352 秒
Jan 09 13:05:01 
Jan 09 13:25:00 
Jan 09 13:25:00 🔔东东健康社区收集能量收集, 开始!
Jan 09 13:25:00 
Jan 09 13:25:00 ====================共1个京东账号Cookie=========
Jan 09 13:25:00 
Jan 09 13:25:00 ==================脚本执行- 北京时间(UTC+8)：2022/1/9 下午1:25:00=====================
Jan 09 13:25:00 
Jan 09 13:25:00 
Jan 09 13:25:00 ******开始【京东账号1】jd_739d55b768da0*********
Jan 09 13:25:00 
Jan 09 13:25:00 任务完成成功，获得：0能量
Jan 09 13:25:00 
Jan 09 13:25:00 🔔东东健康社区收集能量收集, 结束! 🕛 0.57 秒
Jan 09 13:25:00 
Jan 09 13:45:00 
Jan 09 13:45:00 🔔东东健康社区收集能量收集, 开始!
Jan 09 13:45:00 
Jan 09 13:45:00 ====================共1个京东账号Cookie=========
Jan 09 13:45:00 
Jan 09 13:45:00 ==================脚本执行- 北京时间(UTC+8)：2022/1/9 下午1:45:00=====================
Jan 09 13:45:00 
Jan 09 13:45:00 
Jan 09 13:45:00 ******开始【京东账号1】jd_739d55b768da0*********
Jan 09 13:45:00 
Jan 09 13:45:00 任务完成成功，获得：0能量
Jan 09 13:45:00 
Jan 09 13:45:00 🔔东东健康社区收集能量收集, 结束! 🕛 0.449 秒
Jan 09 13:45:00 
Jan 09 14:05:00 
Jan 09 14:05:00 🔔东东健康社区收集能量收集, 开始!
Jan 09 14:05:00 
Jan 09 14:05:00 ====================共1个京东账号Cookie=========
Jan 09 14:05:00 
Jan 09 14:05:00 ==================脚本执行- 北京时间(UTC+8)：2022/1/9 下午2:05:00=====================
Jan 09 14:05:00 
Jan 09 14:05:00 
Jan 09 14:05:00 ******开始【京东账号1】jd_739d55b768da0*********
Jan 09 14:05:00 
Jan 09 14:05:02 任务完成成功，获得：0能量
Jan 09 14:05:02 
Jan 09 14:05:02 🔔东东健康社区收集能量收集, 结束! 🕛 1.403 秒
Jan 09 14:05:02 
Jan 09 14:25:00 
Jan 09 14:25:00 🔔东东健康社区收集能量收集, 开始!
Jan 09 14:25:00 
Jan 09 14:25:00 ====================共1个京东账号Cookie=========
Jan 09 14:25:00 
Jan 09 14:25:00 ==================脚本执行- 北京时间(UTC+8)：2022/1/9 下午2:25:00=====================
Jan 09 14:25:00 
Jan 09 14:25:00 
Jan 09 14:25:00 ******开始【京东账号1】jd_739d55b768da0*********
Jan 09 14:25:00 
Jan 09 14:25:00 任务完成成功，获得：0能量
Jan 09 14:25:00 
Jan 09 14:25:00 🔔东东健康社区收集能量收集, 结束! 🕛 0.437 秒
Jan 09 14:25:00 
Jan 09 14:45:00 
Jan 09 14:45:00 🔔东东健康社区收集能量收集, 开始!
Jan 09 14:45:00 
Jan 09 14:45:00 ====================共1个京东账号Cookie=========
Jan 09 14:45:00 
Jan 09 14:45:00 ==================脚本执行- 北京时间(UTC+8)：2022/1/9 下午2:45:00=====================
Jan 09 14:45:00 
Jan 09 14:45:00 
Jan 09 14:45:00 ******开始【京东账号1】jd_739d55b768da0*********
Jan 09 14:45:00 
Jan 09 14:45:01 任务完成成功，获得：0能量
Jan 09 14:45:01 
Jan 09 14:45:01 🔔东东健康社区收集能量收集, 结束! 🕛 0.729 秒
Jan 09 14:45:01 
Jan 09 15:05:00 
Jan 09 15:05:00 🔔东东健康社区收集能量收集, 开始!
Jan 09 15:05:00 
Jan 09 15:05:00 ====================共1个京东账号Cookie=========
Jan 09 15:05:00 
Jan 09 15:05:01 ==================脚本执行- 北京时间(UTC+8)：2022/1/9 下午3:05:00=====================
Jan 09 15:05:01 
Jan 09 15:05:01 
Jan 09 15:05:01 ******开始【京东账号1】jd_739d55b768da0*********
Jan 09 15:05:01 
Jan 09 15:05:02 任务完成成功，获得：0能量
Jan 09 15:05:02 
Jan 09 15:05:02 🔔东东健康社区收集能量收集, 结束! 🕛 1.532 秒
Jan 09 15:05:02 
Jan 09 15:25:00 
Jan 09 15:25:00 🔔东东健康社区收集能量收集, 开始!
Jan 09 15:25:00 
Jan 09 15:25:00 ====================共1个京东账号Cookie=========
Jan 09 15:25:00 
Jan 09 15:25:00 ==================脚本执行- 北京时间(UTC+8)：2022/1/9 下午3:25:00=====================
Jan 09 15:25:00 
Jan 09 15:25:00 
Jan 09 15:25:00 ******开始【京东账号1】jd_739d55b768da0*********
Jan 09 15:25:00 
Jan 09 15:25:00 任务完成成功，获得：0能量
Jan 09 15:25:00 
Jan 09 15:25:00 🔔东东健康社区收集能量收集, 结束! 🕛 0.398 秒
Jan 09 15:25:00 
Jan 09 15:45:00 
Jan 09 15:45:00 🔔东东健康社区收集能量收集, 开始!
Jan 09 15:45:00 
Jan 09 15:45:00 ====================共1个京东账号Cookie=========
Jan 09 15:45:00 
Jan 09 15:45:00 ==================脚本执行- 北京时间(UTC+8)：2022/1/9 下午3:45:00=====================
Jan 09 15:45:00 
Jan 09 15:45:00 
Jan 09 15:45:00 ******开始【京东账号1】jd_739d55b768da0*********
Jan 09 15:45:00 
Jan 09 15:45:00 任务完成成功，获得：0能量
Jan 09 15:45:00 
Jan 09 15:45:00 🔔东东健康社区收集能量收集, 结束! 🕛 0.351 秒
Jan 09 15:45:00 
Jan 09 16:05:00 
Jan 09 16:05:00 🔔东东健康社区收集能量收集, 开始!
Jan 09 16:05:00 
Jan 09 16:05:00 ====================共1个京东账号Cookie=========
Jan 09 16:05:00 
Jan 09 16:05:01 ==================脚本执行- 北京时间(UTC+8)：2022/1/9 下午4:05:00=====================
Jan 09 16:05:01 
Jan 09 16:05:01 
Jan 09 16:05:01 ******开始【京东账号1】jd_739d55b768da0*********
Jan 09 16:05:01 
Jan 09 16:05:02 任务完成成功，获得：0能量
Jan 09 16:05:02 
Jan 09 16:05:02 🔔东东健康社区收集能量收集, 结束! 🕛 1.495 秒
Jan 09 16:05:02 
Jan 09 16:25:00 
Jan 09 16:25:00 🔔东东健康社区收集能量收集, 开始!
Jan 09 16:25:00 
Jan 09 16:25:00 ====================共1个京东账号Cookie=========
Jan 09 16:25:00 
Jan 09 16:25:00 ==================脚本执行- 北京时间(UTC+8)：2022/1/9 下午4:25:00=====================
Jan 09 16:25:00 
Jan 09 16:25:00 
Jan 09 16:25:00 ******开始【京东账号1】jd_739d55b768da0*********
Jan 09 16:25:00 
Jan 09 16:25:01 任务完成成功，获得：0能量
Jan 09 16:25:01 
Jan 09 16:25:01 🔔东东健康社区收集能量收集, 结束! 🕛 0.507 秒
Jan 09 16:25:01 
Jan 09 16:45:00 
Jan 09 16:45:00 🔔东东健康社区收集能量收集, 开始!
Jan 09 16:45:00 
Jan 09 16:45:00 ====================共1个京东账号Cookie=========
Jan 09 16:45:00 
Jan 09 16:45:00 ==================脚本执行- 北京时间(UTC+8)：2022/1/9 下午4:45:00=====================
Jan 09 16:45:00 
Jan 09 16:45:00 
Jan 09 16:45:00 ******开始【京东账号1】jd_739d55b768da0*********
Jan 09 16:45:00 
Jan 09 16:45:00 任务完成成功，获得：0能量
Jan 09 16:45:00 
Jan 09 16:45:00 🔔东东健康社区收集能量收集, 结束! 🕛 0.372 秒
Jan 09 16:45:00 
Jan 09 17:05:01 
Jan 09 17:05:01 🔔东东健康社区收集能量收集, 开始!
Jan 09 17:05:01 
Jan 09 17:05:01 ====================共1个京东账号Cookie=========
Jan 09 17:05:01 
Jan 09 17:05:01 ==================脚本执行- 北京时间(UTC+8)：2022/1/9 下午5:05:01=====================
Jan 09 17:05:01 
Jan 09 17:05:01 
Jan 09 17:05:01 ******开始【京东账号1】jd_739d55b768da0*********
Jan 09 17:05:01 
Jan 09 17:05:02 任务完成成功，获得：0能量
Jan 09 17:05:02 
Jan 09 17:05:02 🔔东东健康社区收集能量收集, 结束! 🕛 1.567 秒
Jan 09 17:05:02 
Jan 09 17:25:00 
Jan 09 17:25:00 🔔东东健康社区收集能量收集, 开始!
Jan 09 17:25:00 
Jan 09 17:25:00 ====================共1个京东账号Cookie=========
Jan 09 17:25:00 
Jan 09 17:25:00 ==================脚本执行- 北京时间(UTC+8)：2022/1/9 下午5:25:00=====================
Jan 09 17:25:00 
Jan 09 17:25:00 
Jan 09 17:25:00 ******开始【京东账号1】jd_739d55b768da0*********
Jan 09 17:25:00 
Jan 09 17:25:01 任务完成成功，获得：0能量
Jan 09 17:25:01 
Jan 09 17:25:01 🔔东东健康社区收集能量收集, 结束! 🕛 0.496 秒
Jan 09 17:25:01 
Jan 09 17:45:00 
Jan 09 17:45:00 🔔东东健康社区收集能量收集, 开始!
Jan 09 17:45:00 
Jan 09 17:45:00 ====================共1个京东账号Cookie=========
Jan 09 17:45:00 
Jan 09 17:45:00 ==================脚本执行- 北京时间(UTC+8)：2022/1/9 下午5:45:00=====================
Jan 09 17:45:00 
Jan 09 17:45:00 
Jan 09 17:45:00 ******开始【京东账号1】jd_739d55b768da0*********
Jan 09 17:45:00 
Jan 09 17:45:01 任务完成成功，获得：0能量
Jan 09 17:45:01 
Jan 09 17:45:01 🔔东东健康社区收集能量收集, 结束! 🕛 0.392 秒
Jan 09 17:45:01 
Jan 09 18:05:01 
Jan 09 18:05:01 🔔东东健康社区收集能量收集, 开始!
Jan 09 18:05:01 
Jan 09 18:05:01 ====================共1个京东账号Cookie=========
Jan 09 18:05:01 
Jan 09 18:05:01 ==================脚本执行- 北京时间(UTC+8)：2022/1/9 下午6:05:01=====================
Jan 09 18:05:01 
Jan 09 18:05:01 
Jan 09 18:05:01 ******开始【京东账号1】jd_739d55b768da0*********
Jan 09 18:05:01 
Jan 09 18:05:02 任务完成成功，获得：0能量
Jan 09 18:05:02 
Jan 09 18:05:02 🔔东东健康社区收集能量收集, 结束! 🕛 1.579 秒
Jan 09 18:05:02 
Jan 09 18:25:00 
Jan 09 18:25:00 🔔东东健康社区收集能量收集, 开始!
Jan 09 18:25:00 
Jan 09 18:25:00 ====================共1个京东账号Cookie=========
Jan 09 18:25:00 
Jan 09 18:25:00 ==================脚本执行- 北京时间(UTC+8)：2022/1/9 下午6:25:00=====================
Jan 09 18:25:00 
Jan 09 18:25:00 
Jan 09 18:25:00 ******开始【京东账号1】jd_739d55b768da0*********
Jan 09 18:25:00 
Jan 09 18:25:01 任务完成成功，获得：0能量
Jan 09 18:25:01 
Jan 09 18:25:01 🔔东东健康社区收集能量收集, 结束! 🕛 0.355 秒
Jan 09 18:25:01 
Jan 09 18:45:01 
Jan 09 18:45:01 🔔东东健康社区收集能量收集, 开始!
Jan 09 18:45:01 
Jan 09 18:45:01 ====================共1个京东账号Cookie=========
Jan 09 18:45:01 
Jan 09 18:45:01 ==================脚本执行- 北京时间(UTC+8)：2022/1/9 下午6:45:01=====================
Jan 09 18:45:01 
Jan 09 18:45:01 
Jan 09 18:45:01 ******开始【京东账号1】jd_739d55b768da0*********
Jan 09 18:45:01 
Jan 09 18:45:02 任务完成成功，获得：0能量
Jan 09 18:45:02 
Jan 09 18:45:02 🔔东东健康社区收集能量收集, 结束! 🕛 1.409 秒
Jan 09 18:45:02 
Jan 09 19:05:01 
Jan 09 19:05:01 🔔东东健康社区收集能量收集, 开始!
Jan 09 19:05:01 
Jan 09 19:05:01 ====================共1个京东账号Cookie=========
Jan 09 19:05:01 
Jan 09 19:05:01 ==================脚本执行- 北京时间(UTC+8)：2022/1/9 下午7:05:01=====================
Jan 09 19:05:01 
Jan 09 19:05:01 
Jan 09 19:05:01 ******开始【京东账号1】jd_739d55b768da0*********
Jan 09 19:05:01 
Jan 09 19:05:02 任务完成成功，获得：0能量
Jan 09 19:05:02 
Jan 09 19:05:02 🔔东东健康社区收集能量收集, 结束! 🕛 1.479 秒
Jan 09 19:05:02 
Jan 09 19:25:00 
Jan 09 19:25:00 🔔东东健康社区收集能量收集, 开始!
Jan 09 19:25:00 
Jan 09 19:25:00 ====================共1个京东账号Cookie=========
Jan 09 19:25:00 
Jan 09 19:25:00 ==================脚本执行- 北京时间(UTC+8)：2022/1/9 下午7:25:00=====================
Jan 09 19:25:00 
Jan 09 19:25:00 
Jan 09 19:25:00 ******开始【京东账号1】jd_739d55b768da0*********
Jan 09 19:25:00 
Jan 09 19:25:01 任务完成成功，获得：0能量
Jan 09 19:25:01 
Jan 09 19:25:01 🔔东东健康社区收集能量收集, 结束! 🕛 0.396 秒
Jan 09 19:25:01 
Jan 09 19:45:00 
Jan 09 19:45:00 🔔东东健康社区收集能量收集, 开始!
Jan 09 19:45:00 
Jan 09 19:45:00 ====================共1个京东账号Cookie=========
Jan 09 19:45:00 
Jan 09 19:45:00 ==================脚本执行- 北京时间(UTC+8)：2022/1/9 下午7:45:00=====================
Jan 09 19:45:00 
Jan 09 19:45:00 
Jan 09 19:45:00 ******开始【京东账号1】jd_739d55b768da0*********
Jan 09 19:45:00 
Jan 09 19:45:01 任务完成成功，获得：0能量
Jan 09 19:45:01 
Jan 09 19:45:01 🔔东东健康社区收集能量收集, 结束! 🕛 0.395 秒
Jan 09 19:45:01 
Jan 09 20:05:01 
Jan 09 20:05:01 🔔东东健康社区收集能量收集, 开始!
Jan 09 20:05:01 
Jan 09 20:05:01 ====================共1个京东账号Cookie=========
Jan 09 20:05:01 
Jan 09 20:05:01 ==================脚本执行- 北京时间(UTC+8)：2022/1/9 下午8:05:01=====================
Jan 09 20:05:01 
Jan 09 20:05:01 
Jan 09 20:05:01 ******开始【京东账号1】jd_739d55b768da0*********
Jan 09 20:05:01 
Jan 09 20:05:02 任务完成成功，获得：0能量
Jan 09 20:05:02 
Jan 09 20:05:02 🔔东东健康社区收集能量收集, 结束! 🕛 1.149 秒
Jan 09 20:05:02 
Jan 09 20:25:00 
Jan 09 20:25:00 🔔东东健康社区收集能量收集, 开始!
Jan 09 20:25:00 
Jan 09 20:25:00 ====================共1个京东账号Cookie=========
Jan 09 20:25:00 
Jan 09 20:25:00 ==================脚本执行- 北京时间(UTC+8)：2022/1/9 下午8:25:00=====================
Jan 09 20:25:00 
Jan 09 20:25:00 
Jan 09 20:25:00 ******开始【京东账号1】jd_739d55b768da0*********
Jan 09 20:25:00 
Jan 09 20:25:01 任务完成成功，获得：0能量
Jan 09 20:25:01 
Jan 09 20:25:01 🔔东东健康社区收集能量收集, 结束! 🕛 0.375 秒
Jan 09 20:25:01 
Jan 09 20:45:00 
Jan 09 20:45:00 🔔东东健康社区收集能量收集, 开始!
Jan 09 20:45:00 
Jan 09 20:45:00 ====================共1个京东账号Cookie=========
Jan 09 20:45:00 
Jan 09 20:45:00 ==================脚本执行- 北京时间(UTC+8)：2022/1/9 下午8:45:00=====================
Jan 09 20:45:00 
Jan 09 20:45:00 
Jan 09 20:45:00 ******开始【京东账号1】jd_739d55b768da0*********
Jan 09 20:45:00 
Jan 09 20:45:01 任务完成成功，获得：0能量
Jan 09 20:45:01 
Jan 09 20:45:01 🔔东东健康社区收集能量收集, 结束! 🕛 0.405 秒
Jan 09 20:45:01 
Jan 09 21:05:01 
Jan 09 21:05:01 🔔东东健康社区收集能量收集, 开始!
Jan 09 21:05:01 
Jan 09 21:05:01 ====================共1个京东账号Cookie=========
Jan 09 21:05:01 
Jan 09 21:05:01 ==================脚本执行- 北京时间(UTC+8)：2022/1/9 下午9:05:01=====================
Jan 09 21:05:01 
Jan 09 21:05:01 
Jan 09 21:05:01 ******开始【京东账号1】jd_739d55b768da0*********
Jan 09 21:05:01 
Jan 09 21:05:02 任务完成成功，获得：0能量
Jan 09 21:05:02 
Jan 09 21:05:02 🔔东东健康社区收集能量收集, 结束! 🕛 1.344 秒
Jan 09 21:05:02 
Jan 09 21:25:00 
Jan 09 21:25:00 🔔东东健康社区收集能量收集, 开始!
Jan 09 21:25:00 
Jan 09 21:25:00 ====================共1个京东账号Cookie=========
Jan 09 21:25:00 
Jan 09 21:25:00 ==================脚本执行- 北京时间(UTC+8)：2022/1/9 下午9:25:00=====================
Jan 09 21:25:00 
Jan 09 21:25:00 
Jan 09 21:25:00 ******开始【京东账号1】jd_739d55b768da0*********
Jan 09 21:25:00 
Jan 09 21:25:01 任务完成成功，获得：0能量
Jan 09 21:25:01 
Jan 09 21:25:01 🔔东东健康社区收集能量收集, 结束! 🕛 0.36 秒
Jan 09 21:25:01 
Jan 09 21:45:00 
Jan 09 21:45:00 🔔东东健康社区收集能量收集, 开始!
Jan 09 21:45:00 
Jan 09 21:45:00 ====================共1个京东账号Cookie=========
Jan 09 21:45:00 
Jan 09 21:45:00 ==================脚本执行- 北京时间(UTC+8)：2022/1/9 下午9:45:00=====================
Jan 09 21:45:00 
Jan 09 21:45:00 
Jan 09 21:45:00 ******开始【京东账号1】jd_739d55b768da0*********
Jan 09 21:45:00 
Jan 09 21:45:01 任务完成成功，获得：0能量
Jan 09 21:45:01 
Jan 09 21:45:01 🔔东东健康社区收集能量收集, 结束! 🕛 0.325 秒
Jan 09 21:45:01 
