Jan 07 00:20:01 
Jan 07 00:20:01 🔔东东健康社区, 开始!
Jan 07 00:20:01 
Jan 07 00:20:01 ====================共1个京东账号Cookie=========
Jan 07 00:20:01 
Jan 07 00:20:01 ==================脚本执行- 北京时间(UTC+8)：2022/1/7 上午12:20:01=====================
Jan 07 00:20:01 
Jan 07 00:20:02 如果出现提示 ?.data. 错误，请升级nodejs版本(进入容器后，apk add nodejs-current)
Jan 07 00:20:02 开始获取东东健康社区配置文件
Jan 07 00:20:02 
Jan 07 00:20:02 共1个京东账号
Jan 07 00:20:02 
Jan 07 00:20:02 您提供了0个账号的东东健康社区助力码
Jan 07 00:20:02 
Jan 07 00:20:02 
Jan 07 00:20:02 ******开始【京东账号1】jd_739d55b768da0*********
Jan 07 00:20:02 
Jan 07 00:20:02 由于您第1个京东账号未提供shareCode,将采纳本脚本自带的助力码
Jan 07 00:20:02 
Jan 07 00:20:02 开始
Jan 07 00:20:04 随机取20个码放到您固定的互助码后面(不影响已有固定互助)
Jan 07 00:20:04 第1个京东账号将要助力的好友["T0225KkcRh9P9FbRKUygl_UJcgCjVfnoaW5kRrbA","T0205KkcF3dzsQ-ldnq09pFMCjVfnoaW5kRrbA","T0225KkcRB9No12FJBulwv8LdACjVfnoaW5kRrbA","T0159KUiH11Mq1bSKBoCjVfnoaW5kRrbA","T018v_VxQxoR_VXTIxib1ACjVfnoaW5kRrbA","T0107KgtChYY_ACjVfnoaW5kRrbA","T012u_x1SBYe91zeCjVQmoaT5kRrbA","T0205KkcJkdfoQahZ3Cl_YxpCjVfnoaW5kRrbA","T022v_92Qhkf8VDQPR7wnPAOcACjVfnoaW5kRrbA","T0225KkcRRgc9wfUJxjxl_cOdgCjVfnoaW5kRrbA","T016Z1DamKWMLORf94ZfCjVfnoaW5kRrbA","T015v_h6SBwZ8VLVJxICjVfnoaW5kRrbA","T0225KkcREocpFbSIRiinKZZcwCjVfnoaW5kRrbA","T0225KkcRhdMplDedE7xl_QMdwCjVfnoaW5kRrbA","T0225KkcRkwc9laGIkvylvYMfQCjVfnoaW5kRrbA","T0205KkcAkFisSqKZm2p96ZwCjVfnoaW5kRrbA","T0124rwvAR4Z8zuKCjVfnoaW5kRrbA","T019u_x2RRod_UnWIBP2lfMCjVfnoaW5kRrbA","T0205KkcHEdrlgKFamKzzIltCjVfnoaW5kRrbA","T0117_l2Qxsd8lcCjVfnoaW5kRrbA","T0225KkcRx5KpADXIxz1k_cDcgCjVfnoaW5kRrbA","T0124KQtF0xGtwmFCjVfnoaW5kRrbA","T014_awqHExGpBCVaQCjVfnoaW5kRrbA","T012-agtCUce91HQCjVfnoaW5kRrbA"]
Jan 07 00:20:04 签到领健康能量任务，完成次数：0/1
Jan 07 00:20:04 去完成签到领健康能量任务
Jan 07 00:20:05 任务完成成功，获得：100能量
Jan 07 00:20:07 
Jan 07 00:20:07 【京东账号1（jd_739d55b768da0）的东东健康社区好友互助码】T0225KkcRx0QoVHSch3ynKNbdACjVfnoaW5kRrbA
Jan 07 00:20:07 
Jan 07 00:20:07 健康暖心礼定金翻10倍任务，完成次数：0/5
Jan 07 00:20:07 去完成健康暖心礼定金翻10倍任务
Jan 07 00:20:07 任务领取结果：任务领取成功
Jan 07 00:20:17 任务完成成功，获得：300能量
Jan 07 00:20:19 去完成健康暖心礼定金翻10倍任务
Jan 07 00:20:19 任务领取结果：任务领取成功
Jan 07 00:20:29 任务完成失败：这个任务做完啦！
Jan 07 00:20:31 去完成健康暖心礼定金翻10倍任务
Jan 07 00:20:32 任务领取结果：任务领取成功
Jan 07 00:20:42 任务完成失败：这个任务做完啦！
Jan 07 00:20:44 去完成健康暖心礼定金翻10倍任务
Jan 07 00:20:44 任务领取结果：任务领取成功
Jan 07 00:20:54 任务完成失败：这个任务做完啦！
Jan 07 00:20:56 去完成健康暖心礼定金翻10倍任务
Jan 07 00:20:56 任务领取结果：任务领取成功
Jan 07 00:21:06 任务完成失败：这个任务做完啦！
Jan 07 00:21:08 早起打卡(06:00-09:00)任务，完成次数：0/1
Jan 07 00:21:08 去完成早起打卡(06:00-09:00)任务
Jan 07 00:21:09 任务完成失败：不在打卡时间哦!
Jan 07 00:21:11 点击抢超市大红包任务，完成次数：0/5
Jan 07 00:21:11 去完成点击抢超市大红包任务
Jan 07 00:21:11 任务领取结果：任务领取成功
Jan 07 00:21:21 任务完成成功，获得：300能量
Jan 07 00:21:23 去完成点击抢超市大红包任务
Jan 07 00:21:23 任务领取结果：任务领取成功
Jan 07 00:21:33 任务完成失败：这个任务做完啦！
Jan 07 00:21:35 去完成点击抢超市大红包任务
Jan 07 00:21:36 任务领取结果：任务领取成功
Jan 07 00:21:46 任务完成失败：这个任务做完啦！
Jan 07 00:21:48 去完成点击抢超市大红包任务
Jan 07 00:21:48 任务领取结果：任务领取成功
Jan 07 00:21:58 任务完成失败：这个任务做完啦！
Jan 07 00:22:00 去完成点击抢超市大红包任务
Jan 07 00:22:00 任务领取结果：任务领取成功
Jan 07 00:22:10 任务完成失败：这个任务做完啦！
Jan 07 00:22:12 去浏览并加购商品任务，完成次数：0/8
Jan 07 00:22:12 去完成去浏览并加购商品任务
Jan 07 00:22:14 去完成去浏览并加购商品任务
Jan 07 00:22:16 去完成去浏览并加购商品任务
Jan 07 00:22:18 去完成去浏览并加购商品任务
Jan 07 00:22:20 去完成去浏览并加购商品任务
Jan 07 00:22:22 去完成去浏览并加购商品任务
Jan 07 00:22:24 去完成去浏览并加购商品任务
Jan 07 00:22:26 去完成去浏览并加购商品任务
Jan 07 00:22:28 早睡打卡(21:00-23:00)任务，完成次数：0/1
Jan 07 00:22:28 去完成早睡打卡(21:00-23:00)任务
Jan 07 00:22:28 任务完成失败：不在打卡时间哦!
Jan 07 00:22:30 加入瘦身社群1元得体脂秤任务，完成次数：0/1
Jan 07 00:22:30 去完成加入瘦身社群1元得体脂秤任务
Jan 07 00:22:31 任务完成成功，获得：300能量
Jan 07 00:22:34 健康大牌首购低至1元任务，完成次数：1/5
Jan 07 00:22:34 去完成健康大牌首购低至1元任务
Jan 07 00:22:34 任务领取结果：任务领取成功
Jan 07 00:22:44 任务完成成功，获得：300能量
Jan 07 00:22:46 去完成健康大牌首购低至1元任务
Jan 07 00:22:46 任务领取结果：任务领取成功
Jan 07 00:22:56 任务完成失败：这个任务做完啦！
Jan 07 00:22:58 去完成健康大牌首购低至1元任务
Jan 07 00:22:58 任务领取结果：任务领取成功
Jan 07 00:23:09 任务完成失败：这个任务做完啦！
Jan 07 00:23:11 去完成健康大牌首购低至1元任务
Jan 07 00:23:11 任务领取结果：任务领取成功
Jan 07 00:23:21 任务完成失败：这个任务做完啦！
Jan 07 00:23:23 早起打卡(06:00-09:00)任务，完成次数：0/1
Jan 07 00:23:23 去完成早起打卡(06:00-09:00)任务
Jan 07 00:23:23 任务完成失败：不在打卡时间哦!
Jan 07 00:23:25 兑换好物0元起任务，完成次数：1/5
Jan 07 00:23:25 去完成兑换好物0元起任务
Jan 07 00:23:25 任务领取结果：任务领取成功
Jan 07 00:23:35 任务完成成功，获得：300能量
Jan 07 00:23:37 去完成兑换好物0元起任务
Jan 07 00:23:37 任务领取结果：任务领取成功
Jan 07 00:23:47 任务完成失败：这个任务做完啦！
Jan 07 00:23:49 去完成兑换好物0元起任务
Jan 07 00:23:50 任务领取结果：任务领取成功
Jan 07 00:24:00 任务完成失败：这个任务做完啦！
Jan 07 00:24:02 去完成兑换好物0元起任务
Jan 07 00:24:02 任务领取结果：任务领取成功
Jan 07 00:24:12 任务完成失败：这个任务做完啦！
Jan 07 00:24:14 去浏览并加购商品任务，完成次数：0/8
Jan 07 00:24:14 去完成去浏览并加购商品任务
Jan 07 00:24:16 去完成去浏览并加购商品任务
Jan 07 00:24:18 去完成去浏览并加购商品任务
Jan 07 00:24:20 去完成去浏览并加购商品任务
Jan 07 00:24:22 去完成去浏览并加购商品任务
Jan 07 00:24:24 去完成去浏览并加购商品任务
Jan 07 00:24:26 去完成去浏览并加购商品任务
Jan 07 00:24:28 去完成去浏览并加购商品任务
Jan 07 00:24:30 早睡打卡(21:00-23:00)任务，完成次数：0/1
Jan 07 00:24:30 去完成早睡打卡(21:00-23:00)任务
Jan 07 00:24:30 任务完成失败：不在打卡时间哦!
Jan 07 00:24:32 开通Toyshea会员任务，完成次数：0/3
Jan 07 00:24:32 去完成开通Toyshea会员任务
Jan 07 00:24:34 去完成开通Toyshea会员任务
Jan 07 00:24:36 去完成开通Toyshea会员任务
Jan 07 00:24:39 发现更多爱心好物任务，完成次数：2/5
Jan 07 00:24:39 去完成发现更多爱心好物任务
Jan 07 00:24:39 任务领取结果：任务领取成功
Jan 07 00:24:50 任务完成成功，获得：300能量
Jan 07 00:24:52 去完成发现更多爱心好物任务
Jan 07 00:24:52 任务领取结果：任务领取成功
Jan 07 00:25:02 任务完成失败：这个任务做完啦！
Jan 07 00:25:04 去完成发现更多爱心好物任务
Jan 07 00:25:04 任务领取结果：任务领取成功
Jan 07 00:25:14 任务完成失败：这个任务做完啦！
Jan 07 00:25:16 早起打卡(06:00-09:00)任务，完成次数：0/1
Jan 07 00:25:16 去完成早起打卡(06:00-09:00)任务
Jan 07 00:25:16 任务完成失败：不在打卡时间哦!
Jan 07 00:25:18 一分钱造爆款电器任务，完成次数：2/5
Jan 07 00:25:18 去完成一分钱造爆款电器任务
Jan 07 00:25:18 任务领取结果：任务领取成功
Jan 07 00:25:29 任务完成成功，获得：300能量
Jan 07 00:25:31 去完成一分钱造爆款电器任务
Jan 07 00:25:31 任务领取结果：任务领取成功
Jan 07 00:25:41 任务完成失败：这个任务做完啦！
Jan 07 00:25:43 去完成一分钱造爆款电器任务
Jan 07 00:25:43 任务领取结果：任务领取成功
Jan 07 00:25:53 任务完成失败：这个任务做完啦！
Jan 07 00:25:55 去浏览并加购商品任务，完成次数：0/8
Jan 07 00:25:55 去完成去浏览并加购商品任务
Jan 07 00:25:57 去完成去浏览并加购商品任务
Jan 07 00:25:59 去完成去浏览并加购商品任务
Jan 07 00:26:01 去完成去浏览并加购商品任务
Jan 07 00:26:03 去完成去浏览并加购商品任务
Jan 07 00:26:05 去完成去浏览并加购商品任务
Jan 07 00:26:07 去完成去浏览并加购商品任务
Jan 07 00:26:09 去完成去浏览并加购商品任务
Jan 07 00:26:11 早睡打卡(21:00-23:00)任务，完成次数：0/1
Jan 07 00:26:11 去完成早睡打卡(21:00-23:00)任务
Jan 07 00:26:11 任务完成失败：不在打卡时间哦!
Jan 07 00:26:13 开通Toyshea会员任务，完成次数：0/3
Jan 07 00:26:13 去完成开通Toyshea会员任务
Jan 07 00:26:15 去完成开通Toyshea会员任务
Jan 07 00:26:17 去完成开通Toyshea会员任务
Jan 07 00:26:20 健康种植园“种”大奖任务，完成次数：3/5
Jan 07 00:26:20 去完成健康种植园“种”大奖任务
Jan 07 00:26:21 任务领取结果：任务领取成功
Jan 07 00:26:31 任务完成成功，获得：300能量
Jan 07 00:26:33 去完成健康种植园“种”大奖任务
Jan 07 00:26:33 任务领取结果：任务领取成功
Jan 07 00:26:43 任务完成失败：这个任务做完啦！
Jan 07 00:26:45 早起打卡(06:00-09:00)任务，完成次数：0/1
Jan 07 00:26:45 去完成早起打卡(06:00-09:00)任务
Jan 07 00:26:45 任务完成失败：不在打卡时间哦!
Jan 07 00:26:47 颜究院大牌小样1元领任务，完成次数：3/5
Jan 07 00:26:47 去完成颜究院大牌小样1元领任务
Jan 07 00:26:47 任务领取结果：任务领取成功
Jan 07 00:26:57 任务完成成功，获得：300能量
Jan 07 00:26:59 去完成颜究院大牌小样1元领任务
Jan 07 00:27:00 任务领取结果：任务领取成功
Jan 07 00:27:10 任务完成失败：这个任务做完啦！
Jan 07 00:27:12 去浏览并加购商品任务，完成次数：0/8
Jan 07 00:27:12 去完成去浏览并加购商品任务
Jan 07 00:27:14 去完成去浏览并加购商品任务
Jan 07 00:27:16 去完成去浏览并加购商品任务
Jan 07 00:27:18 去完成去浏览并加购商品任务
Jan 07 00:27:20 去完成去浏览并加购商品任务
Jan 07 00:27:22 去完成去浏览并加购商品任务
Jan 07 00:27:24 去完成去浏览并加购商品任务
Jan 07 00:27:26 去完成去浏览并加购商品任务
Jan 07 00:27:28 早睡打卡(21:00-23:00)任务，完成次数：0/1
Jan 07 00:27:28 去完成早睡打卡(21:00-23:00)任务
Jan 07 00:27:28 任务完成失败：不在打卡时间哦!
Jan 07 00:27:30 开通Toyshea会员任务，完成次数：0/3
Jan 07 00:27:30 去完成开通Toyshea会员任务
Jan 07 00:27:32 去完成开通Toyshea会员任务
Jan 07 00:27:34 去完成开通Toyshea会员任务
Jan 07 00:27:37 健康好物券后1分钱包邮任务，完成次数：4/5
Jan 07 00:27:37 去完成健康好物券后1分钱包邮任务
Jan 07 00:27:37 任务领取结果：任务领取成功
Jan 07 00:27:47 任务完成成功，获得：300能量
Jan 07 00:27:49 早起打卡(06:00-09:00)任务，完成次数：0/1
Jan 07 00:27:49 去完成早起打卡(06:00-09:00)任务
Jan 07 00:27:50 任务完成失败：不在打卡时间哦!
Jan 07 00:27:52 去会员频道摇京豆任务，完成次数：4/5
Jan 07 00:27:52 去完成去会员频道摇京豆任务
Jan 07 00:27:52 任务领取结果：任务领取成功
Jan 07 00:28:02 任务完成成功，获得：300能量
Jan 07 00:28:04 去浏览并加购商品任务，完成次数：0/8
Jan 07 00:28:04 去完成去浏览并加购商品任务
Jan 07 00:28:06 去完成去浏览并加购商品任务
Jan 07 00:28:08 去完成去浏览并加购商品任务
Jan 07 00:28:10 去完成去浏览并加购商品任务
Jan 07 00:28:12 去完成去浏览并加购商品任务
Jan 07 00:28:14 去完成去浏览并加购商品任务
Jan 07 00:28:16 去完成去浏览并加购商品任务
Jan 07 00:28:18 去完成去浏览并加购商品任务
Jan 07 00:28:20 早睡打卡(21:00-23:00)任务，完成次数：0/1
Jan 07 00:28:20 去完成早睡打卡(21:00-23:00)任务
Jan 07 00:28:20 任务完成失败：不在打卡时间哦!
Jan 07 00:28:22 开通Toyshea会员任务，完成次数：0/3
Jan 07 00:28:22 去完成开通Toyshea会员任务
Jan 07 00:28:24 去完成开通Toyshea会员任务
Jan 07 00:28:26 去完成开通Toyshea会员任务
Jan 07 00:28:29 任务完成成功，获得：82能量
Jan 07 00:28:29 去助力好友T0225KkcRh9P9FbRKUygl_UJcgCjVfnoaW5kRrbA
Jan 07 00:28:29 任务完成失败：助力失败丨助力已满员！谢谢你哦~
Jan 07 00:28:30 去助力好友T0205KkcF3dzsQ-ldnq09pFMCjVfnoaW5kRrbA
Jan 07 00:28:30 任务完成失败：助力失败丨助力已满员！谢谢你哦~
Jan 07 00:28:31 去助力好友T0225KkcRB9No12FJBulwv8LdACjVfnoaW5kRrbA
Jan 07 00:28:32 任务完成失败：助力失败丨助力已满员！谢谢你哦~
Jan 07 00:28:33 去助力好友T0159KUiH11Mq1bSKBoCjVfnoaW5kRrbA
Jan 07 00:28:33 任务完成失败：助力失败丨助力已满员！谢谢你哦~
Jan 07 00:28:34 去助力好友T018v_VxQxoR_VXTIxib1ACjVfnoaW5kRrbA
Jan 07 00:28:34 任务完成成功，获得：800能量
Jan 07 00:28:35 去助力好友T0107KgtChYY_ACjVfnoaW5kRrbA
Jan 07 00:28:35 任务完成成功，获得：800能量
Jan 07 00:28:36 去助力好友T012u_x1SBYe91zeCjVQmoaT5kRrbA
Jan 07 00:28:36 任务完成成功，获得：1能量
Jan 07 00:28:37 去助力好友T0205KkcJkdfoQahZ3Cl_YxpCjVfnoaW5kRrbA
Jan 07 00:28:37 任务完成成功，获得：800能量
Jan 07 00:28:38 去助力好友T022v_92Qhkf8VDQPR7wnPAOcACjVfnoaW5kRrbA
Jan 07 00:28:38 任务完成失败：助力失败丨啊哦您今日的爱心值已爆棚，明天继续吧
Jan 07 00:28:38 助力次数已满，跳出
Jan 07 00:28:38 健康一下任务，完成次数：0/1
Jan 07 00:28:39 任务领取结果：任务领取成功
Jan 07 00:28:42 任务完成成功，获得：100能量
Jan 07 00:28:42 
Jan 07 00:28:42 ==============📣系统通知📣==============
Jan 07 00:28:42 东东健康社区
Jan 07 00:28:42 京东账号1 jd_739d55b768da0
Jan 07 00:28:42 本次获得4060健康值，累计2191722健康值
Jan 07 00:28:42 
Jan 07 00:28:42 
Jan 07 00:28:42 🔔东东健康社区, 结束! 🕛 520.954 秒
Jan 07 00:28:42 
Jan 07 06:20:00 
Jan 07 06:20:00 🔔东东健康社区, 开始!
Jan 07 06:20:00 
Jan 07 06:20:00 ====================共1个京东账号Cookie=========
Jan 07 06:20:00 
Jan 07 06:20:00 ==================脚本执行- 北京时间(UTC+8)：2022/1/7 上午6:20:00=====================
Jan 07 06:20:00 
Jan 07 06:20:00 如果出现提示 ?.data. 错误，请升级nodejs版本(进入容器后，apk add nodejs-current)
Jan 07 06:20:00 开始获取东东健康社区配置文件
Jan 07 06:20:00 
Jan 07 06:20:00 共1个京东账号
Jan 07 06:20:00 
Jan 07 06:20:00 您提供了0个账号的东东健康社区助力码
Jan 07 06:20:00 
Jan 07 06:20:00 
Jan 07 06:20:00 ******开始【京东账号1】jd_739d55b768da0*********
Jan 07 06:20:00 
Jan 07 06:20:00 由于您第1个京东账号未提供shareCode,将采纳本脚本自带的助力码
Jan 07 06:20:00 
Jan 07 06:20:00 开始
Jan 07 06:20:01 随机取20个码放到您固定的互助码后面(不影响已有固定互助)
Jan 07 06:20:01 第1个京东账号将要助力的好友["T0225KkcRh9P9FbRKUygl_UJcgCjVfnoaW5kRrbA","T0205KkcF3dzsQ-ldnq09pFMCjVfnoaW5kRrbA","T0225KkcRB9No12FJBulwv8LdACjVfnoaW5kRrbA","T0159KUiH11Mq1bSKBoCjVfnoaW5kRrbA","T0225KkcRB0f8V2FI07zlvJYcQCjVfnoaW5kRrbA","T0225KkcR0xK_VDTIRzzkPRfcQCjVfnoaW5kRrbA","T019-akpOnpugiauY2ih8LcCjVfnoaW5kRrbA","T0225KkcRxoe8VTTIEz0kaQCJgCjVfnoaW5kRrbA","T0205KkcOVlPoh2FUnuC4710CjVfnoaW5kRrbA","T0225KkcRU9Np1fXdE-nkPAIIACjVfnoaW5kRrbA","T020v_hyQRkZ9VXUJx-b1K9JCjVfnoaW5kRrbA","T0225KkcREsZ_QfUch32nP4LIACjVfnoaW5kRrbA","T0225KkcRUoZplTRJB73wfMOdACjVfnoaW5kRrbA","T0205KkcJUN7qQWeX0Ki44BJCjVfnoaW5kRrbA","T020Z1X3mbKXINRo9Y93QWqTCjVfnoaW5kRrbA","T023v_lwSR8R9VbKJhvylPMDdJgCjVfnoaW5kRrbA","T0205KkcJVtjkAyke3ur3IFqCjVfnoaW5kRrbA","T015v_57QBYf_VLVKBwCjVfnoaW5kRrbA","T0205KkcFGJAsz2VekeL5oZYCjVfnoaW5kRrbA","T022vP92RR4f9FHWPRz3lPMIcgCjVfnoaW5kRrbA","T012zZ8CKndmkTCoCjVfnoaW5kRrbA","T0205KkcMnxktTChQV20y4lKCjVfnoaW5kRrbA","T016aFHLmI2QLPdR9phdCjVfnoaW5kRrbA","T0205KkcEV5RhxGqamuH1rZKCjVfnoaW5kRrbA"]
Jan 07 06:20:01 签到领健康能量任务，完成次数：1/1
Jan 07 06:20:01 
Jan 07 06:20:01 【京东账号1（jd_739d55b768da0）的东东健康社区好友互助码】T0225KkcRx0QoVHSch3ynKNbdACjVfnoaW5kRrbA
Jan 07 06:20:01 
Jan 07 06:20:01 健康暖心礼定金翻10倍任务，完成次数：5/5
Jan 07 06:20:01 早起打卡(06:00-09:00)任务，完成次数：0/1
Jan 07 06:20:01 去完成早起打卡(06:00-09:00)任务
Jan 07 06:20:02 任务完成成功，获得：500能量
Jan 07 06:20:04 去浏览并加购商品任务，完成次数：0/8
Jan 07 06:20:04 去完成去浏览并加购商品任务
Jan 07 06:20:06 去完成去浏览并加购商品任务
Jan 07 06:20:08 去完成去浏览并加购商品任务
Jan 07 06:20:10 去完成去浏览并加购商品任务
Jan 07 06:20:12 去完成去浏览并加购商品任务
Jan 07 06:20:14 去完成去浏览并加购商品任务
Jan 07 06:20:16 去完成去浏览并加购商品任务
Jan 07 06:20:18 去完成去浏览并加购商品任务
Jan 07 06:20:20 早睡打卡(21:00-23:00)任务，完成次数：0/1
Jan 07 06:20:20 去完成早睡打卡(21:00-23:00)任务
Jan 07 06:20:20 任务完成失败：不在打卡时间哦!
Jan 07 06:20:22 开通Toyshea会员任务，完成次数：0/3
Jan 07 06:20:22 去完成开通Toyshea会员任务
Jan 07 06:20:24 去完成开通Toyshea会员任务
Jan 07 06:20:26 去完成开通Toyshea会员任务
Jan 07 06:20:28 去浏览并加购商品任务，完成次数：0/8
Jan 07 06:20:28 去完成去浏览并加购商品任务
Jan 07 06:20:30 去完成去浏览并加购商品任务
Jan 07 06:20:32 去完成去浏览并加购商品任务
Jan 07 06:20:34 去完成去浏览并加购商品任务
Jan 07 06:20:36 去完成去浏览并加购商品任务
Jan 07 06:20:38 去完成去浏览并加购商品任务
Jan 07 06:20:40 去完成去浏览并加购商品任务
Jan 07 06:20:42 去完成去浏览并加购商品任务
Jan 07 06:20:45 健康暖心礼定金翻10倍任务，完成次数：5/5
Jan 07 06:20:45 去浏览并加购商品任务，完成次数：0/8
Jan 07 06:20:45 去完成去浏览并加购商品任务
Jan 07 06:20:47 去完成去浏览并加购商品任务
Jan 07 06:20:49 去完成去浏览并加购商品任务
Jan 07 06:20:51 去完成去浏览并加购商品任务
Jan 07 06:20:53 去完成去浏览并加购商品任务
Jan 07 06:20:55 去完成去浏览并加购商品任务
Jan 07 06:20:57 去完成去浏览并加购商品任务
Jan 07 06:20:59 去完成去浏览并加购商品任务
Jan 07 06:21:01 早睡打卡(21:00-23:00)任务，完成次数：0/1
Jan 07 06:21:01 去完成早睡打卡(21:00-23:00)任务
Jan 07 06:21:01 任务完成失败：不在打卡时间哦!
Jan 07 06:21:03 开通Toyshea会员任务，完成次数：0/3
Jan 07 06:21:03 去完成开通Toyshea会员任务
Jan 07 06:21:05 去完成开通Toyshea会员任务
Jan 07 06:21:07 去完成开通Toyshea会员任务
Jan 07 06:21:09 去浏览并加购商品任务，完成次数：0/8
Jan 07 06:21:09 去完成去浏览并加购商品任务
Jan 07 06:21:11 去完成去浏览并加购商品任务
Jan 07 06:21:13 去完成去浏览并加购商品任务
Jan 07 06:21:15 去完成去浏览并加购商品任务
Jan 07 06:21:17 去完成去浏览并加购商品任务
Jan 07 06:21:19 去完成去浏览并加购商品任务
Jan 07 06:21:21 去完成去浏览并加购商品任务
Jan 07 06:21:23 去完成去浏览并加购商品任务
Jan 07 06:21:25 逛逛京东大药房会场任务，完成次数：0/1
Jan 07 06:21:25 去完成逛逛京东大药房会场任务
Jan 07 06:21:25 任务领取结果：任务领取成功
Jan 07 06:21:35 任务完成成功，获得：300能量
Jan 07 06:21:39 健康暖心礼定金翻10倍任务，完成次数：5/5
Jan 07 06:21:39 去浏览并加购商品任务，完成次数：0/8
Jan 07 06:21:39 去完成去浏览并加购商品任务
Jan 07 06:21:41 去完成去浏览并加购商品任务
Jan 07 06:21:43 去完成去浏览并加购商品任务
Jan 07 06:21:45 去完成去浏览并加购商品任务
Jan 07 06:21:47 去完成去浏览并加购商品任务
Jan 07 06:21:49 去完成去浏览并加购商品任务
Jan 07 06:21:51 去完成去浏览并加购商品任务
Jan 07 06:21:53 去完成去浏览并加购商品任务
Jan 07 06:21:55 早睡打卡(21:00-23:00)任务，完成次数：0/1
Jan 07 06:21:55 去完成早睡打卡(21:00-23:00)任务
Jan 07 06:21:55 任务完成失败：不在打卡时间哦!
Jan 07 06:21:57 开通Toyshea会员任务，完成次数：0/3
Jan 07 06:21:57 去完成开通Toyshea会员任务
Jan 07 06:21:59 去完成开通Toyshea会员任务
Jan 07 06:22:01 去完成开通Toyshea会员任务
Jan 07 06:22:03 去浏览并加购商品任务，完成次数：0/8
Jan 07 06:22:03 去完成去浏览并加购商品任务
Jan 07 06:22:05 去完成去浏览并加购商品任务
Jan 07 06:22:07 去完成去浏览并加购商品任务
Jan 07 06:22:09 去完成去浏览并加购商品任务
Jan 07 06:22:11 去完成去浏览并加购商品任务
Jan 07 06:22:13 去完成去浏览并加购商品任务
Jan 07 06:22:15 去完成去浏览并加购商品任务
Jan 07 06:22:17 去完成去浏览并加购商品任务
Jan 07 06:22:19 名医限量义诊任务，完成次数：0/2
Jan 07 06:22:19 去完成名医限量义诊任务
Jan 07 06:22:19 任务领取结果：任务领取成功
Jan 07 06:22:29 任务完成成功，获得：300能量
Jan 07 06:22:31 去完成名医限量义诊任务
Jan 07 06:22:31 任务领取结果：任务领取成功
Jan 07 06:22:41 任务完成失败：这个任务做完啦！
Jan 07 06:22:44 健康暖心礼定金翻10倍任务，完成次数：5/5
Jan 07 06:22:44 去浏览并加购商品任务，完成次数：0/8
Jan 07 06:22:44 去完成去浏览并加购商品任务
Jan 07 06:22:46 去完成去浏览并加购商品任务
Jan 07 06:22:48 去完成去浏览并加购商品任务
Jan 07 06:22:50 去完成去浏览并加购商品任务
Jan 07 06:22:52 去完成去浏览并加购商品任务
Jan 07 06:22:54 去完成去浏览并加购商品任务
Jan 07 06:22:56 去完成去浏览并加购商品任务
Jan 07 06:22:58 去完成去浏览并加购商品任务
Jan 07 06:23:00 早睡打卡(21:00-23:00)任务，完成次数：0/1
Jan 07 06:23:00 去完成早睡打卡(21:00-23:00)任务
Jan 07 06:23:01 任务完成失败：不在打卡时间哦!
Jan 07 06:23:03 开通Toyshea会员任务，完成次数：0/3
Jan 07 06:23:03 去完成开通Toyshea会员任务
Jan 07 06:23:05 去完成开通Toyshea会员任务
Jan 07 06:23:07 去完成开通Toyshea会员任务
Jan 07 06:23:09 去浏览并加购商品任务，完成次数：0/8
Jan 07 06:23:09 去完成去浏览并加购商品任务
Jan 07 06:23:11 去完成去浏览并加购商品任务
Jan 07 06:23:13 去完成去浏览并加购商品任务
Jan 07 06:23:15 去完成去浏览并加购商品任务
Jan 07 06:23:17 去完成去浏览并加购商品任务
Jan 07 06:23:19 去完成去浏览并加购商品任务
Jan 07 06:23:21 去完成去浏览并加购商品任务
Jan 07 06:23:23 去完成去浏览并加购商品任务
Jan 07 06:23:25 全国良医 在线坐诊任务，完成次数：1/2
Jan 07 06:23:25 去完成全国良医 在线坐诊任务
Jan 07 06:23:25 任务领取结果：任务领取成功
Jan 07 06:23:35 任务完成成功，获得：300能量
Jan 07 06:23:38 健康暖心礼定金翻10倍任务，完成次数：5/5
Jan 07 06:23:38 去浏览并加购商品任务，完成次数：0/8
Jan 07 06:23:38 去完成去浏览并加购商品任务
Jan 07 06:23:40 去完成去浏览并加购商品任务
Jan 07 06:23:42 去完成去浏览并加购商品任务
Jan 07 06:23:44 去完成去浏览并加购商品任务
Jan 07 06:23:46 去完成去浏览并加购商品任务
Jan 07 06:23:48 去完成去浏览并加购商品任务
Jan 07 06:23:50 去完成去浏览并加购商品任务
Jan 07 06:23:52 去完成去浏览并加购商品任务
Jan 07 06:23:54 早睡打卡(21:00-23:00)任务，完成次数：0/1
Jan 07 06:23:54 去完成早睡打卡(21:00-23:00)任务
Jan 07 06:23:54 任务完成失败：不在打卡时间哦!
Jan 07 06:23:56 开通Toyshea会员任务，完成次数：0/3
Jan 07 06:23:56 去完成开通Toyshea会员任务
Jan 07 06:23:58 去完成开通Toyshea会员任务
Jan 07 06:24:00 去完成开通Toyshea会员任务
Jan 07 06:24:02 去浏览并加购商品任务，完成次数：0/8
Jan 07 06:24:02 去完成去浏览并加购商品任务
Jan 07 06:24:04 去完成去浏览并加购商品任务
Jan 07 06:24:06 去完成去浏览并加购商品任务
Jan 07 06:24:08 去完成去浏览并加购商品任务
Jan 07 06:24:10 去完成去浏览并加购商品任务
Jan 07 06:24:12 去完成去浏览并加购商品任务
Jan 07 06:24:14 去完成去浏览并加购商品任务
Jan 07 06:24:16 去完成去浏览并加购商品任务
Jan 07 06:24:18 名医限量义诊任务，完成次数：2/2
Jan 07 06:24:18 任务完成成功，获得：0能量
Jan 07 06:24:18 去助力好友T0225KkcRh9P9FbRKUygl_UJcgCjVfnoaW5kRrbA
Jan 07 06:24:18 任务完成失败：助力失败丨助力已满员！谢谢你哦~
Jan 07 06:24:19 去助力好友T0205KkcF3dzsQ-ldnq09pFMCjVfnoaW5kRrbA
Jan 07 06:24:20 任务完成失败：助力失败丨助力已满员！谢谢你哦~
Jan 07 06:24:21 去助力好友T0225KkcRB9No12FJBulwv8LdACjVfnoaW5kRrbA
Jan 07 06:24:21 任务完成失败：助力失败丨助力已满员！谢谢你哦~
Jan 07 06:24:22 去助力好友T0159KUiH11Mq1bSKBoCjVfnoaW5kRrbA
Jan 07 06:24:22 任务完成失败：助力失败丨助力已满员！谢谢你哦~
Jan 07 06:24:23 去助力好友T0225KkcRB0f8V2FI07zlvJYcQCjVfnoaW5kRrbA
Jan 07 06:24:23 任务完成失败：助力失败丨助力已满员！谢谢你哦~
Jan 07 06:24:24 去助力好友T0225KkcR0xK_VDTIRzzkPRfcQCjVfnoaW5kRrbA
Jan 07 06:24:24 任务完成失败：助力失败丨助力已满员！谢谢你哦~
Jan 07 06:24:25 去助力好友T019-akpOnpugiauY2ih8LcCjVfnoaW5kRrbA
Jan 07 06:24:25 任务完成失败：助力失败丨助力已满员！谢谢你哦~
Jan 07 06:24:26 去助力好友T0225KkcRxoe8VTTIEz0kaQCJgCjVfnoaW5kRrbA
Jan 07 06:24:26 任务完成失败：助力失败丨助力已满员！谢谢你哦~
Jan 07 06:24:27 去助力好友T0205KkcOVlPoh2FUnuC4710CjVfnoaW5kRrbA
Jan 07 06:24:28 任务完成失败：助力失败丨助力已满员！谢谢你哦~
Jan 07 06:24:29 去助力好友T0225KkcRU9Np1fXdE-nkPAIIACjVfnoaW5kRrbA
Jan 07 06:24:29 任务完成失败：助力失败丨助力已满员！谢谢你哦~
Jan 07 06:24:30 去助力好友T020v_hyQRkZ9VXUJx-b1K9JCjVfnoaW5kRrbA
Jan 07 06:24:30 任务完成失败：助力失败丨助力已满员！谢谢你哦~
Jan 07 06:24:31 去助力好友T0225KkcREsZ_QfUch32nP4LIACjVfnoaW5kRrbA
Jan 07 06:24:31 任务完成失败：助力失败丨助力已满员！谢谢你哦~
Jan 07 06:24:32 去助力好友T0225KkcRUoZplTRJB73wfMOdACjVfnoaW5kRrbA
Jan 07 06:24:32 任务完成失败：助力失败丨助力已满员！谢谢你哦~
Jan 07 06:24:33 去助力好友T0205KkcJUN7qQWeX0Ki44BJCjVfnoaW5kRrbA
Jan 07 06:24:33 任务完成失败：助力失败丨助力已满员！谢谢你哦~
Jan 07 06:24:34 去助力好友T020Z1X3mbKXINRo9Y93QWqTCjVfnoaW5kRrbA
Jan 07 06:24:34 任务完成失败：助力失败丨助力已满员！谢谢你哦~
Jan 07 06:24:35 去助力好友T023v_lwSR8R9VbKJhvylPMDdJgCjVfnoaW5kRrbA
Jan 07 06:24:35 任务完成失败：助力失败丨助力已满员！谢谢你哦~
Jan 07 06:24:36 去助力好友T0205KkcJVtjkAyke3ur3IFqCjVfnoaW5kRrbA
Jan 07 06:24:37 任务完成失败：助力失败丨助力已满员！谢谢你哦~
Jan 07 06:24:38 去助力好友T015v_57QBYf_VLVKBwCjVfnoaW5kRrbA
Jan 07 06:24:38 任务完成失败：助力失败丨助力已满员！谢谢你哦~
Jan 07 06:24:39 去助力好友T0205KkcFGJAsz2VekeL5oZYCjVfnoaW5kRrbA
Jan 07 06:24:39 任务完成失败：助力失败丨助力已满员！谢谢你哦~
Jan 07 06:24:40 去助力好友T022vP92RR4f9FHWPRz3lPMIcgCjVfnoaW5kRrbA
Jan 07 06:24:40 任务完成失败：助力失败丨啊哦您今日的爱心值已爆棚，明天继续吧
Jan 07 06:24:40 助力次数已满，跳出
Jan 07 06:24:40 健康一下任务，完成次数：1/1
Jan 07 06:24:40 
Jan 07 06:24:40 ==============📣系统通知📣==============
Jan 07 06:24:40 东东健康社区
Jan 07 06:24:40 京东账号1 jd_739d55b768da0
Jan 07 06:24:40 本次获得1400健康值，累计2197348健康值
Jan 07 06:24:40 
Jan 07 06:24:40 
Jan 07 06:24:40 🔔东东健康社区, 结束! 🕛 280.591 秒
Jan 07 06:24:40 
Jan 07 22:20:00 
Jan 07 22:20:00 🔔东东健康社区, 开始!
Jan 07 22:20:00 
Jan 07 22:20:00 ====================共1个京东账号Cookie=========
Jan 07 22:20:00 
Jan 07 22:20:00 ==================脚本执行- 北京时间(UTC+8)：2022/1/7 下午10:20:00=====================
Jan 07 22:20:00 
Jan 07 22:20:00 如果出现提示 ?.data. 错误，请升级nodejs版本(进入容器后，apk add nodejs-current)
Jan 07 22:20:00 开始获取东东健康社区配置文件
Jan 07 22:20:00 
Jan 07 22:20:00 共1个京东账号
Jan 07 22:20:00 
Jan 07 22:20:00 您提供了0个账号的东东健康社区助力码
Jan 07 22:20:00 
Jan 07 22:20:00 
Jan 07 22:20:00 ******开始【京东账号1】jd_739d55b768da0*********
Jan 07 22:20:00 
Jan 07 22:20:00 由于您第1个京东账号未提供shareCode,将采纳本脚本自带的助力码
Jan 07 22:20:00 
Jan 07 22:20:01 开始
Jan 07 22:20:02 随机取20个码放到您固定的互助码后面(不影响已有固定互助)
Jan 07 22:20:02 第1个京东账号将要助力的好友["T0225KkcRh9P9FbRKUygl_UJcgCjVfnoaW5kRrbA","T0205KkcF3dzsQ-ldnq09pFMCjVfnoaW5kRrbA","T0225KkcRB9No12FJBulwv8LdACjVfnoaW5kRrbA","T0159KUiH11Mq1bSKBoCjVfnoaW5kRrbA","T020vP12Qh0Q9lTKJhn2l_4LCjVfnoaW5kRrbA","T018v_hyQBkY9lHXJxmb1ACjVfnoaW5kRrbA","T0225KkcRxsc_QWCdBimx_YCcACjVfnoaW5kRrbA","T0205KkcJmlrhDWzWUWUzYt4CjVfnoaW5kRrbA","T0225KkcRx0Q_VXVIkyilvNbfQCjVfnoaW5kRrbA","T0225KkcRhgR_FffIk6hk_ECdgCjVfnoaW5kRrbA","T0225KkcRUxKpgHXdROilvRccACjVfnoaW5kRrbA","T010u_x1SRkf8wCjVfnoaW5kRrbA","T0225KkcRRpP8VDfIRKnkKFeJgCjVfnoaW5kRrbA","T0225KkcRBZN81SCcU_2lvcCIACjVfnoaW5kRrbA","T0205KkcOGdbqTepakaT4oJuCjVfnoaW5kRrbA","T0225KkcRh9MpFzQcx39nPNYdwCjVfnoaW5kRrbA","T0225KkcREsbp13XdBumlaIPdACjVfnoaW5kRrbA","T0116awkERgY8xUCjVfnoaW5kRrbA","T0205KkcH2t9ty2_eViz6Z50CjVfnoaW5kRrbA","T0225KkcRktN91XTcxKilPNYIQCjVfnoaW5kRrbA","T0225KkcRkgQ8gWCKE_8kfdbcwCjVfnoaW5kRrbA","T0225KkcRRof_FDVI0unxaRbJQCjVfnoaW5kRrbA","T0225KkcRh5K8FfRIUvwkPBeIACjVfnoaW5kRrbA","T011a1_qlriw9FcCjVfnoaW5kRrbA"]
Jan 07 22:20:03 签到领健康能量任务，完成次数：1/1
Jan 07 22:20:03 
Jan 07 22:20:03 【京东账号1（jd_739d55b768da0）的东东健康社区好友互助码】T0225KkcRx0QoVHSch3ynKNbdACjVfnoaW5kRrbA
Jan 07 22:20:03 
Jan 07 22:20:03 健康暖心礼定金翻10倍任务，完成次数：5/5
Jan 07 22:20:03 去浏览并加购商品任务，完成次数：0/8
Jan 07 22:20:03 去完成去浏览并加购商品任务
Jan 07 22:20:05 去完成去浏览并加购商品任务
Jan 07 22:20:07 去完成去浏览并加购商品任务
Jan 07 22:20:09 去完成去浏览并加购商品任务
Jan 07 22:20:11 去完成去浏览并加购商品任务
Jan 07 22:20:13 去完成去浏览并加购商品任务
Jan 07 22:20:15 去完成去浏览并加购商品任务
Jan 07 22:20:17 去完成去浏览并加购商品任务
Jan 07 22:20:19 早睡打卡(21:00-23:00)任务，完成次数：0/1
Jan 07 22:20:19 去完成早睡打卡(21:00-23:00)任务
Jan 07 22:20:19 任务完成成功，获得：500能量
Jan 07 22:20:21 开通Toyshea会员任务，完成次数：0/3
Jan 07 22:20:21 去完成开通Toyshea会员任务
Jan 07 22:20:23 去完成开通Toyshea会员任务
Jan 07 22:20:25 去完成开通Toyshea会员任务
Jan 07 22:20:27 去浏览并加购商品任务，完成次数：0/8
Jan 07 22:20:27 去完成去浏览并加购商品任务
Jan 07 22:20:29 去完成去浏览并加购商品任务
Jan 07 22:20:31 去完成去浏览并加购商品任务
Jan 07 22:20:33 去完成去浏览并加购商品任务
Jan 07 22:20:35 去完成去浏览并加购商品任务
Jan 07 22:20:37 去完成去浏览并加购商品任务
Jan 07 22:20:39 去完成去浏览并加购商品任务
Jan 07 22:20:41 去完成去浏览并加购商品任务
Jan 07 22:20:43 名医限量义诊任务，完成次数：2/2
Jan 07 22:20:44 健康暖心礼定金翻10倍任务，完成次数：5/5
Jan 07 22:20:44 去浏览并加购商品任务，完成次数：0/8
Jan 07 22:20:44 去完成去浏览并加购商品任务
Jan 07 22:20:46 去完成去浏览并加购商品任务
Jan 07 22:20:48 去完成去浏览并加购商品任务
Jan 07 22:20:50 去完成去浏览并加购商品任务
Jan 07 22:20:52 去完成去浏览并加购商品任务
Jan 07 22:20:54 去完成去浏览并加购商品任务
Jan 07 22:20:56 去完成去浏览并加购商品任务
Jan 07 22:20:58 去完成去浏览并加购商品任务
Jan 07 22:21:00 开通Toyshea会员任务，完成次数：0/3
Jan 07 22:21:00 去完成开通Toyshea会员任务
Jan 07 22:21:02 去完成开通Toyshea会员任务
Jan 07 22:21:04 去完成开通Toyshea会员任务
Jan 07 22:21:06 去浏览并加购商品任务，完成次数：0/8
Jan 07 22:21:06 去完成去浏览并加购商品任务
Jan 07 22:21:08 去完成去浏览并加购商品任务
Jan 07 22:21:10 去完成去浏览并加购商品任务
Jan 07 22:21:12 去完成去浏览并加购商品任务
Jan 07 22:21:14 去完成去浏览并加购商品任务
Jan 07 22:21:16 去完成去浏览并加购商品任务
Jan 07 22:21:18 去完成去浏览并加购商品任务
Jan 07 22:21:20 去完成去浏览并加购商品任务
Jan 07 22:21:22 名医限量义诊任务，完成次数：2/2
Jan 07 22:21:22 浏览会场任务，完成次数：0/2
Jan 07 22:21:22 去完成浏览会场任务
Jan 07 22:21:22 TypeError: Cannot read properties of undefined (reading '0')
Jan 07 22:21:22     at /scripts/jd_health.js:159:56
Jan 07 22:21:23 任务完成成功，获得：0能量
Jan 07 22:21:23 去助力好友T0225KkcRh9P9FbRKUygl_UJcgCjVfnoaW5kRrbA
Jan 07 22:21:23 任务完成失败：助力失败丨助力已满员！谢谢你哦~
Jan 07 22:21:24 去助力好友T0205KkcF3dzsQ-ldnq09pFMCjVfnoaW5kRrbA
Jan 07 22:21:24 任务完成失败：助力失败丨助力已满员！谢谢你哦~
Jan 07 22:21:25 去助力好友T0225KkcRB9No12FJBulwv8LdACjVfnoaW5kRrbA
Jan 07 22:21:25 任务完成失败：助力失败丨助力已满员！谢谢你哦~
Jan 07 22:21:26 去助力好友T0159KUiH11Mq1bSKBoCjVfnoaW5kRrbA
Jan 07 22:21:26 任务完成失败：助力失败丨助力已满员！谢谢你哦~
Jan 07 22:21:27 去助力好友T020vP12Qh0Q9lTKJhn2l_4LCjVfnoaW5kRrbA
Jan 07 22:21:27 任务完成失败：助力失败丨助力已满员！谢谢你哦~
Jan 07 22:21:28 去助力好友T018v_hyQBkY9lHXJxmb1ACjVfnoaW5kRrbA
Jan 07 22:21:28 任务完成失败：助力失败丨助力已满员！谢谢你哦~
Jan 07 22:21:29 去助力好友T0225KkcRxsc_QWCdBimx_YCcACjVfnoaW5kRrbA
Jan 07 22:21:30 任务完成失败：助力失败丨助力已满员！谢谢你哦~
Jan 07 22:21:31 去助力好友T0205KkcJmlrhDWzWUWUzYt4CjVfnoaW5kRrbA
Jan 07 22:21:31 任务完成失败：助力失败丨助力已满员！谢谢你哦~
Jan 07 22:21:32 去助力好友T0225KkcRx0Q_VXVIkyilvNbfQCjVfnoaW5kRrbA
Jan 07 22:21:32 任务完成失败：助力失败丨助力已满员！谢谢你哦~
Jan 07 22:21:33 去助力好友T0225KkcRhgR_FffIk6hk_ECdgCjVfnoaW5kRrbA
Jan 07 22:21:33 任务完成失败：助力失败丨助力已满员！谢谢你哦~
Jan 07 22:21:34 去助力好友T0225KkcRUxKpgHXdROilvRccACjVfnoaW5kRrbA
Jan 07 22:21:34 任务完成失败：助力失败丨助力已满员！谢谢你哦~
Jan 07 22:21:35 去助力好友T010u_x1SRkf8wCjVfnoaW5kRrbA
Jan 07 22:21:35 任务完成失败：助力失败丨助力已满员！谢谢你哦~
Jan 07 22:21:36 去助力好友T0225KkcRRpP8VDfIRKnkKFeJgCjVfnoaW5kRrbA
Jan 07 22:21:36 任务完成失败：助力失败丨助力已满员！谢谢你哦~
Jan 07 22:21:37 去助力好友T0225KkcRBZN81SCcU_2lvcCIACjVfnoaW5kRrbA
Jan 07 22:21:38 任务完成失败：助力失败丨助力已满员！谢谢你哦~
Jan 07 22:21:39 去助力好友T0205KkcOGdbqTepakaT4oJuCjVfnoaW5kRrbA
Jan 07 22:21:39 任务完成失败：助力失败丨助力已满员！谢谢你哦~
Jan 07 22:21:40 去助力好友T0225KkcRh9MpFzQcx39nPNYdwCjVfnoaW5kRrbA
Jan 07 22:21:40 任务完成失败：助力失败丨助力已满员！谢谢你哦~
Jan 07 22:21:41 去助力好友T0225KkcREsbp13XdBumlaIPdACjVfnoaW5kRrbA
Jan 07 22:21:41 任务完成失败：助力失败丨助力已满员！谢谢你哦~
Jan 07 22:21:42 去助力好友T0116awkERgY8xUCjVfnoaW5kRrbA
Jan 07 22:21:42 任务完成失败：助力失败丨助力已满员！谢谢你哦~
Jan 07 22:21:43 去助力好友T0205KkcH2t9ty2_eViz6Z50CjVfnoaW5kRrbA
Jan 07 22:21:43 任务完成失败：助力失败丨助力已满员！谢谢你哦~
Jan 07 22:21:44 去助力好友T0225KkcRktN91XTcxKilPNYIQCjVfnoaW5kRrbA
Jan 07 22:21:44 任务完成失败：助力失败丨助力已满员！谢谢你哦~
Jan 07 22:21:45 去助力好友T0225KkcRkgQ8gWCKE_8kfdbcwCjVfnoaW5kRrbA
Jan 07 22:21:46 任务完成失败：助力失败丨助力已满员！谢谢你哦~
Jan 07 22:21:47 去助力好友T0225KkcRRof_FDVI0unxaRbJQCjVfnoaW5kRrbA
Jan 07 22:21:47 任务完成失败：助力失败丨助力已满员！谢谢你哦~
Jan 07 22:21:48 去助力好友T0225KkcRh5K8FfRIUvwkPBeIACjVfnoaW5kRrbA
Jan 07 22:21:48 任务完成失败：助力失败丨助力已满员！谢谢你哦~
Jan 07 22:21:49 去助力好友T011a1_qlriw9FcCjVfnoaW5kRrbA
Jan 07 22:21:49 任务完成失败：助力失败丨助力已满员！谢谢你哦~
Jan 07 22:21:50 健康一下任务，完成次数：1/1
Jan 07 22:21:50 
Jan 07 22:21:50 ==============📣系统通知📣==============
Jan 07 22:21:50 东东健康社区
Jan 07 22:21:50 京东账号1 jd_739d55b768da0
Jan 07 22:21:50 本次获得500健康值，累计2197848健康值
Jan 07 22:21:50 
Jan 07 22:21:50 
Jan 07 22:21:50 🔔东东健康社区, 结束! 🕛 110.078 秒
Jan 07 22:21:50 
Jan 08 00:20:01 
Jan 08 00:20:01 🔔东东健康社区, 开始!
Jan 08 00:20:01 
Jan 08 00:20:01 ====================共1个京东账号Cookie=========
Jan 08 00:20:01 
Jan 08 00:20:01 ==================脚本执行- 北京时间(UTC+8)：2022/1/8 上午12:20:01=====================
Jan 08 00:20:01 
Jan 08 00:20:01 如果出现提示 ?.data. 错误，请升级nodejs版本(进入容器后，apk add nodejs-current)
Jan 08 00:20:01 开始获取东东健康社区配置文件
Jan 08 00:20:01 
Jan 08 00:20:01 共1个京东账号
Jan 08 00:20:01 
Jan 08 00:20:01 您提供了0个账号的东东健康社区助力码
Jan 08 00:20:01 
Jan 08 00:20:01 
Jan 08 00:20:01 ******开始【京东账号1】jd_739d55b768da0*********
Jan 08 00:20:01 
Jan 08 00:20:01 由于您第1个京东账号未提供shareCode,将采纳本脚本自带的助力码
Jan 08 00:20:01 
Jan 08 00:20:01 开始
Jan 08 00:20:04 随机取20个码放到您固定的互助码后面(不影响已有固定互助)
Jan 08 00:20:04 第1个京东账号将要助力的好友["T0225KkcRh9P9FbRKUygl_UJcgCjVfnoaW5kRrbA","T0205KkcF3dzsQ-ldnq09pFMCjVfnoaW5kRrbA","T0225KkcRB9No12FJBulwv8LdACjVfnoaW5kRrbA","T0159KUiH11Mq1bSKBoCjVfnoaW5kRrbA","T018a3DylYO5thyTIB32kgCjVfnoaW5kRrbA","T0225KkcRx0RpgfVJBryxvUIcACjVfnoaW5kRrbA","T0225KkcRxYZoAHXIkj9kvcOcQCjVfnoaW5kRrbA","T023a1zflb-1IPV7IBr1lfcKdRMCjVfnoaW5kRrbA","T0157awsHkdEpFTeIhMCjVfnoaW5kRrbA","T0205KkcKUVDqxaoVUeu4oZUCjVfnoaW5kRrbA","T0225KkcRxcQ91OEIE6gnaRfJQCjVfnoaW5kRrbA","T015-KQgG1fPXsLSIhoCjVfnoaW5kRrbA","T0225KkcREga8wXRc0nxnPBcIACjVfnoaW5kRrbA","T0205KkcM1RvhhOFQVm07YBZCjVfnoaW5kRrbA","T0205KkcJkhsrwC1f1-KzKN9CjVfnoaW5kRrbA","T0205KkcBmtaqxCpZHCT3rZJCjVfnoaW5kRrbA","T0205KkcJllOlTGzU32T8YVpCjVfnoaW5kRrbA","T0225KkcRktI8AWEJByhnPNfdgCjVfnoaW5kRrbA","T0225KkcRxtL_FDUIUvwwKULJgCjVfnoaW5kRrbA","T0225KkcRxlKoQXUIU_8x6YKJQCjVfnoaW5kRrbA","T020a0L1mL6UI8ZB-axW7ot8CjVfnoaW5kRrbA","T0225KkcRUgQ8FDUIhv0xfNbdgCjVfnoaW5kRrbA","T0114vVyQx4Y91cCjVfnoaW5kRrbA","T00766IvFUgCjVfnoaW5kRrbA"]
Jan 08 00:20:04 签到领健康能量任务，完成次数：0/1
Jan 08 00:20:04 去完成签到领健康能量任务
Jan 08 00:20:04 任务完成成功，获得：200能量
Jan 08 00:20:07 
Jan 08 00:20:07 【京东账号1（jd_739d55b768da0）的东东健康社区好友互助码】T0225KkcRx0QoVHSch3ynKNbdACjVfnoaW5kRrbA
Jan 08 00:20:07 
Jan 08 00:20:07 健康暖心礼定金翻10倍任务，完成次数：0/5
Jan 08 00:20:07 去完成健康暖心礼定金翻10倍任务
Jan 08 00:20:07 任务领取结果：任务领取成功
Jan 08 00:20:17 任务完成成功，获得：300能量
Jan 08 00:20:19 去完成健康暖心礼定金翻10倍任务
Jan 08 00:20:19 任务领取结果：任务领取成功
Jan 08 00:20:29 任务完成失败：这个任务做完啦！
Jan 08 00:20:31 去完成健康暖心礼定金翻10倍任务
Jan 08 00:20:31 任务领取结果：任务领取成功
Jan 08 00:20:42 任务完成失败：这个任务做完啦！
Jan 08 00:20:44 去完成健康暖心礼定金翻10倍任务
Jan 08 00:20:44 任务领取结果：任务领取成功
Jan 08 00:20:54 任务完成失败：这个任务做完啦！
Jan 08 00:20:56 去完成健康暖心礼定金翻10倍任务
Jan 08 00:20:56 任务领取结果：任务领取成功
Jan 08 00:21:06 任务完成失败：这个任务做完啦！
Jan 08 00:21:08 早起打卡(06:00-09:00)任务，完成次数：0/1
Jan 08 00:21:08 去完成早起打卡(06:00-09:00)任务
Jan 08 00:21:08 任务完成失败：不在打卡时间哦!
Jan 08 00:21:10 点击抢超市大红包任务，完成次数：0/5
Jan 08 00:21:10 去完成点击抢超市大红包任务
Jan 08 00:21:11 任务领取结果：任务领取成功
Jan 08 00:21:21 任务完成成功，获得：300能量
Jan 08 00:21:23 去完成点击抢超市大红包任务
Jan 08 00:21:23 任务领取结果：任务领取成功
Jan 08 00:21:33 任务完成失败：这个任务做完啦！
Jan 08 00:21:35 去完成点击抢超市大红包任务
Jan 08 00:21:35 任务领取结果：任务领取成功
Jan 08 00:21:45 任务完成失败：这个任务做完啦！
Jan 08 00:21:47 去完成点击抢超市大红包任务
Jan 08 00:21:47 任务领取结果：任务领取成功
Jan 08 00:21:58 任务完成失败：这个任务做完啦！
Jan 08 00:22:00 去完成点击抢超市大红包任务
Jan 08 00:22:00 任务领取结果：任务领取成功
Jan 08 00:22:10 任务完成失败：这个任务做完啦！
Jan 08 00:22:12 去浏览并加购商品任务，完成次数：0/8
Jan 08 00:22:12 去完成去浏览并加购商品任务
Jan 08 00:22:14 去完成去浏览并加购商品任务
Jan 08 00:22:16 去完成去浏览并加购商品任务
Jan 08 00:22:18 去完成去浏览并加购商品任务
Jan 08 00:22:20 去完成去浏览并加购商品任务
Jan 08 00:22:22 去完成去浏览并加购商品任务
Jan 08 00:22:24 去完成去浏览并加购商品任务
Jan 08 00:22:26 去完成去浏览并加购商品任务
Jan 08 00:22:28 早睡打卡(21:00-23:00)任务，完成次数：0/1
Jan 08 00:22:28 去完成早睡打卡(21:00-23:00)任务
Jan 08 00:22:28 任务完成失败：不在打卡时间哦!
Jan 08 00:22:30 加入瘦身社群1元得体脂秤任务，完成次数：0/1
Jan 08 00:22:30 去完成加入瘦身社群1元得体脂秤任务
Jan 08 00:22:30 任务完成成功，获得：300能量
Jan 08 00:22:33 健康大牌首购低至1元任务，完成次数：1/5
Jan 08 00:22:33 去完成健康大牌首购低至1元任务
Jan 08 00:22:34 任务领取结果：任务领取成功
Jan 08 00:22:44 任务完成成功，获得：300能量
Jan 08 00:22:46 去完成健康大牌首购低至1元任务
Jan 08 00:22:46 任务领取结果：任务领取成功
Jan 08 00:22:56 任务完成失败：这个任务做完啦！
Jan 08 00:22:58 去完成健康大牌首购低至1元任务
Jan 08 00:22:58 任务领取结果：任务领取成功
Jan 08 00:23:08 任务完成失败：这个任务做完啦！
Jan 08 00:23:10 去完成健康大牌首购低至1元任务
Jan 08 00:23:11 任务领取结果：任务领取成功
Jan 08 00:23:21 任务完成失败：这个任务做完啦！
Jan 08 00:23:23 早起打卡(06:00-09:00)任务，完成次数：0/1
Jan 08 00:23:23 去完成早起打卡(06:00-09:00)任务
Jan 08 00:23:23 任务完成失败：不在打卡时间哦!
Jan 08 00:23:25 兑换好物0元起任务，完成次数：1/5
Jan 08 00:23:25 去完成兑换好物0元起任务
Jan 08 00:23:25 任务领取结果：任务领取成功
Jan 08 00:23:35 任务完成成功，获得：300能量
Jan 08 00:23:37 去完成兑换好物0元起任务
Jan 08 00:23:37 任务领取结果：任务领取成功
Jan 08 00:23:47 任务完成失败：这个任务做完啦！
Jan 08 00:23:49 去完成兑换好物0元起任务
Jan 08 00:23:50 任务领取结果：任务领取成功
Jan 08 00:24:00 任务完成失败：这个任务做完啦！
Jan 08 00:24:02 去完成兑换好物0元起任务
Jan 08 00:24:02 任务领取结果：任务领取成功
Jan 08 00:24:12 任务完成失败：这个任务做完啦！
Jan 08 00:24:14 去浏览并加购商品任务，完成次数：0/8
Jan 08 00:24:14 去完成去浏览并加购商品任务
Jan 08 00:24:16 去完成去浏览并加购商品任务
Jan 08 00:24:18 去完成去浏览并加购商品任务
Jan 08 00:24:20 去完成去浏览并加购商品任务
Jan 08 00:24:22 去完成去浏览并加购商品任务
Jan 08 00:24:24 去完成去浏览并加购商品任务
Jan 08 00:24:26 去完成去浏览并加购商品任务
Jan 08 00:24:28 去完成去浏览并加购商品任务
Jan 08 00:24:30 早睡打卡(21:00-23:00)任务，完成次数：0/1
Jan 08 00:24:30 去完成早睡打卡(21:00-23:00)任务
Jan 08 00:24:30 任务完成失败：不在打卡时间哦!
Jan 08 00:24:32 开通力威豹会员任务，完成次数：0/3
Jan 08 00:24:32 去完成开通力威豹会员任务
Jan 08 00:24:34 去完成开通力威豹会员任务
Jan 08 00:24:36 去完成开通力威豹会员任务
Jan 08 00:24:39 发现更多爱心好物任务，完成次数：2/5
Jan 08 00:24:39 去完成发现更多爱心好物任务
Jan 08 00:24:39 任务领取结果：任务领取成功
Jan 08 00:24:50 任务完成成功，获得：300能量
Jan 08 00:24:52 去完成发现更多爱心好物任务
Jan 08 00:24:52 任务领取结果：任务领取成功
Jan 08 00:25:02 任务完成失败：这个任务做完啦！
Jan 08 00:25:04 去完成发现更多爱心好物任务
Jan 08 00:25:04 任务领取结果：任务领取成功
Jan 08 00:25:14 任务完成失败：这个任务做完啦！
Jan 08 00:25:16 早起打卡(06:00-09:00)任务，完成次数：0/1
Jan 08 00:25:16 去完成早起打卡(06:00-09:00)任务
Jan 08 00:25:16 任务完成失败：不在打卡时间哦!
Jan 08 00:25:18 一分钱造爆款电器任务，完成次数：2/5
Jan 08 00:25:18 去完成一分钱造爆款电器任务
Jan 08 00:25:18 任务领取结果：任务领取成功
Jan 08 00:25:29 任务完成成功，获得：300能量
Jan 08 00:25:31 去完成一分钱造爆款电器任务
Jan 08 00:25:31 任务领取结果：任务领取成功
Jan 08 00:25:41 任务完成失败：这个任务做完啦！
Jan 08 00:25:43 去完成一分钱造爆款电器任务
Jan 08 00:25:43 任务领取结果：任务领取成功
Jan 08 00:25:53 任务完成失败：这个任务做完啦！
Jan 08 00:25:55 去浏览并加购商品任务，完成次数：0/8
Jan 08 00:25:55 去完成去浏览并加购商品任务
Jan 08 00:25:57 去完成去浏览并加购商品任务
Jan 08 00:25:59 去完成去浏览并加购商品任务
Jan 08 00:26:01 去完成去浏览并加购商品任务
Jan 08 00:26:03 去完成去浏览并加购商品任务
Jan 08 00:26:05 去完成去浏览并加购商品任务
Jan 08 00:26:07 去完成去浏览并加购商品任务
Jan 08 00:26:09 去完成去浏览并加购商品任务
Jan 08 00:26:11 早睡打卡(21:00-23:00)任务，完成次数：0/1
Jan 08 00:26:11 去完成早睡打卡(21:00-23:00)任务
Jan 08 00:26:11 任务完成失败：不在打卡时间哦!
Jan 08 00:26:13 开通力威豹会员任务，完成次数：0/3
Jan 08 00:26:13 去完成开通力威豹会员任务
Jan 08 00:26:15 去完成开通力威豹会员任务
Jan 08 00:26:17 去完成开通力威豹会员任务
Jan 08 00:26:21 健康种植园“种”大奖任务，完成次数：3/5
Jan 08 00:26:21 去完成健康种植园“种”大奖任务
Jan 08 00:26:21 任务领取结果：任务领取成功
Jan 08 00:26:31 任务完成成功，获得：300能量
Jan 08 00:26:33 去完成健康种植园“种”大奖任务
Jan 08 00:26:33 任务领取结果：任务领取成功
Jan 08 00:26:43 任务完成失败：这个任务做完啦！
Jan 08 00:26:45 早起打卡(06:00-09:00)任务，完成次数：0/1
Jan 08 00:26:45 去完成早起打卡(06:00-09:00)任务
Jan 08 00:26:45 任务完成失败：不在打卡时间哦!
Jan 08 00:26:47 颜究院大牌小样1元领任务，完成次数：3/5
Jan 08 00:26:47 去完成颜究院大牌小样1元领任务
Jan 08 00:26:47 任务领取结果：任务领取成功
Jan 08 00:26:58 任务完成成功，获得：300能量
Jan 08 00:27:00 去完成颜究院大牌小样1元领任务
Jan 08 00:27:00 任务领取结果：任务领取成功
Jan 08 00:27:10 任务完成失败：这个任务做完啦！
Jan 08 00:27:12 去浏览并加购商品任务，完成次数：0/8
Jan 08 00:27:12 去完成去浏览并加购商品任务
Jan 08 00:27:14 去完成去浏览并加购商品任务
Jan 08 00:27:16 去完成去浏览并加购商品任务
Jan 08 00:27:18 去完成去浏览并加购商品任务
Jan 08 00:27:20 去完成去浏览并加购商品任务
Jan 08 00:27:22 去完成去浏览并加购商品任务
Jan 08 00:27:24 去完成去浏览并加购商品任务
Jan 08 00:27:26 去完成去浏览并加购商品任务
Jan 08 00:27:28 早睡打卡(21:00-23:00)任务，完成次数：0/1
Jan 08 00:27:28 去完成早睡打卡(21:00-23:00)任务
Jan 08 00:27:28 任务完成失败：不在打卡时间哦!
Jan 08 00:27:30 开通力威豹会员任务，完成次数：0/3
Jan 08 00:27:30 去完成开通力威豹会员任务
Jan 08 00:27:32 去完成开通力威豹会员任务
Jan 08 00:27:34 去完成开通力威豹会员任务
Jan 08 00:27:37 健康好物券后1分钱包邮任务，完成次数：4/5
Jan 08 00:27:37 去完成健康好物券后1分钱包邮任务
Jan 08 00:27:37 任务领取结果：任务领取成功
Jan 08 00:27:47 任务完成成功，获得：300能量
Jan 08 00:27:49 早起打卡(06:00-09:00)任务，完成次数：0/1
Jan 08 00:27:49 去完成早起打卡(06:00-09:00)任务
Jan 08 00:27:50 任务完成失败：不在打卡时间哦!
Jan 08 00:27:52 去会员频道摇京豆任务，完成次数：4/5
Jan 08 00:27:52 去完成去会员频道摇京豆任务
Jan 08 00:27:52 任务领取结果：任务领取成功
Jan 08 00:28:02 任务完成成功，获得：300能量
Jan 08 00:28:04 去浏览并加购商品任务，完成次数：0/8
Jan 08 00:28:04 去完成去浏览并加购商品任务
Jan 08 00:28:06 去完成去浏览并加购商品任务
Jan 08 00:28:08 去完成去浏览并加购商品任务
Jan 08 00:28:10 去完成去浏览并加购商品任务
Jan 08 00:28:12 去完成去浏览并加购商品任务
Jan 08 00:28:14 去完成去浏览并加购商品任务
Jan 08 00:28:16 去完成去浏览并加购商品任务
Jan 08 00:28:18 去完成去浏览并加购商品任务
Jan 08 00:28:20 早睡打卡(21:00-23:00)任务，完成次数：0/1
Jan 08 00:28:20 去完成早睡打卡(21:00-23:00)任务
Jan 08 00:28:20 任务完成失败：不在打卡时间哦!
Jan 08 00:28:22 开通力威豹会员任务，完成次数：0/3
Jan 08 00:28:22 去完成开通力威豹会员任务
Jan 08 00:28:24 去完成开通力威豹会员任务
Jan 08 00:28:26 去完成开通力威豹会员任务
Jan 08 00:28:29 任务完成成功，获得：82能量
Jan 08 00:28:29 去助力好友T0225KkcRh9P9FbRKUygl_UJcgCjVfnoaW5kRrbA
Jan 08 00:28:29 任务完成失败：助力失败丨助力已满员！谢谢你哦~
Jan 08 00:28:30 去助力好友T0205KkcF3dzsQ-ldnq09pFMCjVfnoaW5kRrbA
Jan 08 00:28:31 任务完成失败：助力失败丨助力已满员！谢谢你哦~
Jan 08 00:28:32 去助力好友T0225KkcRB9No12FJBulwv8LdACjVfnoaW5kRrbA
Jan 08 00:28:32 任务完成失败：助力失败丨助力已满员！谢谢你哦~
Jan 08 00:28:33 去助力好友T0159KUiH11Mq1bSKBoCjVfnoaW5kRrbA
Jan 08 00:28:33 任务完成失败：助力失败丨助力已满员！谢谢你哦~
Jan 08 00:28:34 去助力好友T018a3DylYO5thyTIB32kgCjVfnoaW5kRrbA
Jan 08 00:28:34 任务完成失败：助力失败丨助力已满员！谢谢你哦~
Jan 08 00:28:35 去助力好友T0225KkcRx0RpgfVJBryxvUIcACjVfnoaW5kRrbA
Jan 08 00:28:35 任务完成成功，获得：800能量
Jan 08 00:28:36 去助力好友T0225KkcRxYZoAHXIkj9kvcOcQCjVfnoaW5kRrbA
Jan 08 00:28:36 任务完成成功，获得：800能量
Jan 08 00:28:37 去助力好友T023a1zflb-1IPV7IBr1lfcKdRMCjVfnoaW5kRrbA
Jan 08 00:28:37 任务完成成功，获得：800能量
Jan 08 00:28:38 去助力好友T0157awsHkdEpFTeIhMCjVfnoaW5kRrbA
Jan 08 00:28:39 任务完成失败：助力失败丨啊哦您今日的爱心值已爆棚，明天继续吧
Jan 08 00:28:39 助力次数已满，跳出
Jan 08 00:28:39 健康一下任务，完成次数：0/1
Jan 08 00:28:39 任务领取结果：任务领取成功
Jan 08 00:28:42 任务完成成功，获得：100能量
Jan 08 00:28:42 
Jan 08 00:28:42 ==============📣系统通知📣==============
Jan 08 00:28:42 东东健康社区
Jan 08 00:28:42 京东账号1 jd_739d55b768da0
Jan 08 00:28:42 本次获得4160健康值，累计2202488健康值
Jan 08 00:28:42 
Jan 08 00:28:42 
Jan 08 00:28:42 🔔东东健康社区, 结束! 🕛 521.438 秒
Jan 08 00:28:42 
Jan 08 06:20:01 
Jan 08 06:20:01 🔔东东健康社区, 开始!
Jan 08 06:20:01 
Jan 08 06:20:01 ====================共1个京东账号Cookie=========
Jan 08 06:20:01 
Jan 08 06:20:01 ==================脚本执行- 北京时间(UTC+8)：2022/1/8 上午6:20:01=====================
Jan 08 06:20:01 
Jan 08 06:20:01 如果出现提示 ?.data. 错误，请升级nodejs版本(进入容器后，apk add nodejs-current)
Jan 08 06:20:01 开始获取东东健康社区配置文件
Jan 08 06:20:01 
Jan 08 06:20:01 共1个京东账号
Jan 08 06:20:01 
Jan 08 06:20:01 您提供了0个账号的东东健康社区助力码
Jan 08 06:20:01 
Jan 08 06:20:01 
Jan 08 06:20:01 ******开始【京东账号1】jd_739d55b768da0*********
Jan 08 06:20:01 
Jan 08 06:20:01 由于您第1个京东账号未提供shareCode,将采纳本脚本自带的助力码
Jan 08 06:20:01 
Jan 08 06:20:01 开始
Jan 08 06:20:02 随机取20个码放到您固定的互助码后面(不影响已有固定互助)
Jan 08 06:20:02 第1个京东账号将要助力的好友["T0225KkcRh9P9FbRKUygl_UJcgCjVfnoaW5kRrbA","T0205KkcF3dzsQ-ldnq09pFMCjVfnoaW5kRrbA","T0225KkcRB9No12FJBulwv8LdACjVfnoaW5kRrbA","T0159KUiH11Mq1bSKBoCjVfnoaW5kRrbA","T0225KkcRBcb9FCBI0j0naUNcwCjVfnoaW5kRrbA","T00896QnBRcbCjVfnoaW5kRrbA","T0225KkcRxYZoAHXIkj9kvcOcQCjVfnoaW5kRrbA","T0205KkcKUdwgQasUU-i_qpzCjVfnoaW5kRrbA","T0205KkcF3ReqiexcW-gyJJLCjVfnoaW5kRrbA","T0205KkcCl1dhz2LYXy1_rF7CjVfnoaW5kRrbA","T022tv1yRxYf_EnRIhj2nfIPdQCjVfnoaW5kRrbA","T016-rk3BBwZ9VWTZF6wCjVfnoaW5kRrbA","T011_agmFBsb8FICjVfnoaW5kRrbA","T0225KkcREoa9gCBdBv1kfUDcgCjVfnoaW5kRrbA","T020-akNH3xLgDGFekuV44JsCjVfnoaW5kRrbA","T0225KkcRBpP91KCckmik6RfJQCjVfnoaW5kRrbA","T0225KkcREgZ_VzfIhr1k_INJQCjVfnoaW5kRrbA","T0205KkcFUFmhCCiaWaIzL57CjVfnoaW5kRrbA","T0225KkcRRkd9V3RcRz3xqNcJwCjVfnoaW5kRrbA","T0225KkcRE0Z8gfWdh6hlKYKdQCjVfnoaW5kRrbA","T0225KkcRxoQoVPSKU72lvJfJwCjVfnoaW5kRrbA","T0225KkcRxob8wWGdU_8l6MDIgCjVWnYaS5kRrbA","T0086r40FEBQCjVfnoaW5kRrbA","T0225KkcRkpMoFfVJ0_wxfNYcACjVfnoaW5kRrbA"]
Jan 08 06:20:03 签到领健康能量任务，完成次数：1/1
Jan 08 06:20:03 
Jan 08 06:20:03 【京东账号1（jd_739d55b768da0）的东东健康社区好友互助码】T0225KkcRx0QoVHSch3ynKNbdACjVfnoaW5kRrbA
Jan 08 06:20:03 
Jan 08 06:20:03 健康暖心礼定金翻10倍任务，完成次数：5/5
Jan 08 06:20:03 早起打卡(06:00-09:00)任务，完成次数：0/1
Jan 08 06:20:03 去完成早起打卡(06:00-09:00)任务
Jan 08 06:20:03 任务完成成功，获得：500能量
Jan 08 06:20:05 去浏览并加购商品任务，完成次数：0/8
Jan 08 06:20:05 去完成去浏览并加购商品任务
Jan 08 06:20:07 去完成去浏览并加购商品任务
Jan 08 06:20:09 去完成去浏览并加购商品任务
Jan 08 06:20:11 去完成去浏览并加购商品任务
Jan 08 06:20:13 去完成去浏览并加购商品任务
Jan 08 06:20:15 去完成去浏览并加购商品任务
Jan 08 06:20:17 去完成去浏览并加购商品任务
Jan 08 06:20:19 去完成去浏览并加购商品任务
Jan 08 06:20:21 早睡打卡(21:00-23:00)任务，完成次数：0/1
Jan 08 06:20:21 去完成早睡打卡(21:00-23:00)任务
Jan 08 06:20:21 任务完成失败：不在打卡时间哦!
Jan 08 06:20:23 开通力威豹会员任务，完成次数：0/3
Jan 08 06:20:23 去完成开通力威豹会员任务
Jan 08 06:20:25 去完成开通力威豹会员任务
Jan 08 06:20:27 去完成开通力威豹会员任务
Jan 08 06:20:29 去浏览并加购商品任务，完成次数：0/8
Jan 08 06:20:29 去完成去浏览并加购商品任务
Jan 08 06:20:31 去完成去浏览并加购商品任务
Jan 08 06:20:33 去完成去浏览并加购商品任务
Jan 08 06:20:35 去完成去浏览并加购商品任务
Jan 08 06:20:37 去完成去浏览并加购商品任务
Jan 08 06:20:39 去完成去浏览并加购商品任务
Jan 08 06:20:41 去完成去浏览并加购商品任务
Jan 08 06:20:43 去完成去浏览并加购商品任务
Jan 08 06:20:46 健康暖心礼定金翻10倍任务，完成次数：5/5
Jan 08 06:20:46 去浏览并加购商品任务，完成次数：0/8
Jan 08 06:20:46 去完成去浏览并加购商品任务
Jan 08 06:20:48 去完成去浏览并加购商品任务
Jan 08 06:20:50 去完成去浏览并加购商品任务
Jan 08 06:20:52 去完成去浏览并加购商品任务
Jan 08 06:20:54 去完成去浏览并加购商品任务
Jan 08 06:20:56 去完成去浏览并加购商品任务
Jan 08 06:20:58 去完成去浏览并加购商品任务
Jan 08 06:21:00 去完成去浏览并加购商品任务
Jan 08 06:21:02 早睡打卡(21:00-23:00)任务，完成次数：0/1
Jan 08 06:21:02 去完成早睡打卡(21:00-23:00)任务
Jan 08 06:21:03 任务完成失败：不在打卡时间哦!
Jan 08 06:21:05 开通力威豹会员任务，完成次数：0/3
Jan 08 06:21:05 去完成开通力威豹会员任务
Jan 08 06:21:07 去完成开通力威豹会员任务
Jan 08 06:21:09 去完成开通力威豹会员任务
Jan 08 06:21:11 去浏览并加购商品任务，完成次数：0/8
Jan 08 06:21:11 去完成去浏览并加购商品任务
Jan 08 06:21:13 去完成去浏览并加购商品任务
Jan 08 06:21:15 去完成去浏览并加购商品任务
Jan 08 06:21:17 去完成去浏览并加购商品任务
Jan 08 06:21:19 去完成去浏览并加购商品任务
Jan 08 06:21:21 去完成去浏览并加购商品任务
Jan 08 06:21:23 去完成去浏览并加购商品任务
Jan 08 06:21:25 去完成去浏览并加购商品任务
Jan 08 06:21:27 逛逛京东大药房会场任务，完成次数：0/1
Jan 08 06:21:27 去完成逛逛京东大药房会场任务
Jan 08 06:21:27 任务领取结果：任务领取成功
Jan 08 06:21:37 任务完成成功，获得：300能量
Jan 08 06:21:40 健康暖心礼定金翻10倍任务，完成次数：5/5
Jan 08 06:21:40 去浏览并加购商品任务，完成次数：0/8
Jan 08 06:21:40 去完成去浏览并加购商品任务
Jan 08 06:21:42 去完成去浏览并加购商品任务
Jan 08 06:21:44 去完成去浏览并加购商品任务
Jan 08 06:21:46 去完成去浏览并加购商品任务
Jan 08 06:21:48 去完成去浏览并加购商品任务
Jan 08 06:21:50 去完成去浏览并加购商品任务
Jan 08 06:21:52 去完成去浏览并加购商品任务
Jan 08 06:21:54 去完成去浏览并加购商品任务
Jan 08 06:21:56 早睡打卡(21:00-23:00)任务，完成次数：0/1
Jan 08 06:21:56 去完成早睡打卡(21:00-23:00)任务
Jan 08 06:21:56 任务完成失败：不在打卡时间哦!
Jan 08 06:21:58 开通力威豹会员任务，完成次数：0/3
Jan 08 06:21:58 去完成开通力威豹会员任务
Jan 08 06:22:00 去完成开通力威豹会员任务
Jan 08 06:22:02 去完成开通力威豹会员任务
Jan 08 06:22:04 去浏览并加购商品任务，完成次数：0/8
Jan 08 06:22:04 去完成去浏览并加购商品任务
Jan 08 06:22:06 去完成去浏览并加购商品任务
Jan 08 06:22:08 去完成去浏览并加购商品任务
Jan 08 06:22:10 去完成去浏览并加购商品任务
Jan 08 06:22:12 去完成去浏览并加购商品任务
Jan 08 06:22:14 去完成去浏览并加购商品任务
Jan 08 06:22:16 去完成去浏览并加购商品任务
Jan 08 06:22:18 去完成去浏览并加购商品任务
Jan 08 06:22:20 名医限量义诊任务，完成次数：0/2
Jan 08 06:22:20 去完成名医限量义诊任务
Jan 08 06:22:20 任务领取结果：任务领取成功
Jan 08 06:22:31 任务完成成功，获得：300能量
Jan 08 06:22:33 去完成名医限量义诊任务
Jan 08 06:22:33 任务领取结果：任务领取成功
Jan 08 06:22:43 任务完成失败：这个任务做完啦！
Jan 08 06:22:46 健康暖心礼定金翻10倍任务，完成次数：5/5
Jan 08 06:22:46 去浏览并加购商品任务，完成次数：0/8
Jan 08 06:22:46 去完成去浏览并加购商品任务
Jan 08 06:22:48 去完成去浏览并加购商品任务
Jan 08 06:22:50 去完成去浏览并加购商品任务
Jan 08 06:22:52 去完成去浏览并加购商品任务
Jan 08 06:22:54 去完成去浏览并加购商品任务
Jan 08 06:22:56 去完成去浏览并加购商品任务
Jan 08 06:22:58 去完成去浏览并加购商品任务
Jan 08 06:23:00 去完成去浏览并加购商品任务
Jan 08 06:23:02 早睡打卡(21:00-23:00)任务，完成次数：0/1
Jan 08 06:23:02 去完成早睡打卡(21:00-23:00)任务
Jan 08 06:23:02 任务完成失败：不在打卡时间哦!
Jan 08 06:23:04 开通力威豹会员任务，完成次数：0/3
Jan 08 06:23:04 去完成开通力威豹会员任务
Jan 08 06:23:06 去完成开通力威豹会员任务
Jan 08 06:23:08 去完成开通力威豹会员任务
Jan 08 06:23:10 去浏览并加购商品任务，完成次数：0/8
Jan 08 06:23:10 去完成去浏览并加购商品任务
Jan 08 06:23:12 去完成去浏览并加购商品任务
Jan 08 06:23:14 去完成去浏览并加购商品任务
Jan 08 06:23:16 去完成去浏览并加购商品任务
Jan 08 06:23:18 去完成去浏览并加购商品任务
Jan 08 06:23:20 去完成去浏览并加购商品任务
Jan 08 06:23:22 去完成去浏览并加购商品任务
Jan 08 06:23:24 去完成去浏览并加购商品任务
Jan 08 06:23:26 全国良医 在线坐诊任务，完成次数：1/2
Jan 08 06:23:26 去完成全国良医 在线坐诊任务
Jan 08 06:23:26 任务领取结果：任务领取成功
Jan 08 06:23:36 任务完成成功，获得：300能量
Jan 08 06:23:40 健康暖心礼定金翻10倍任务，完成次数：5/5
Jan 08 06:23:40 去浏览并加购商品任务，完成次数：0/8
Jan 08 06:23:40 去完成去浏览并加购商品任务
Jan 08 06:23:42 去完成去浏览并加购商品任务
Jan 08 06:23:44 去完成去浏览并加购商品任务
Jan 08 06:23:46 去完成去浏览并加购商品任务
Jan 08 06:23:48 去完成去浏览并加购商品任务
Jan 08 06:23:50 去完成去浏览并加购商品任务
Jan 08 06:23:52 去完成去浏览并加购商品任务
Jan 08 06:23:54 去完成去浏览并加购商品任务
Jan 08 06:23:56 早睡打卡(21:00-23:00)任务，完成次数：0/1
Jan 08 06:23:56 去完成早睡打卡(21:00-23:00)任务
Jan 08 06:23:56 任务完成失败：不在打卡时间哦!
Jan 08 06:23:58 开通力威豹会员任务，完成次数：0/3
Jan 08 06:23:58 去完成开通力威豹会员任务
Jan 08 06:24:00 去完成开通力威豹会员任务
Jan 08 06:24:02 去完成开通力威豹会员任务
Jan 08 06:24:04 去浏览并加购商品任务，完成次数：0/8
Jan 08 06:24:04 去完成去浏览并加购商品任务
Jan 08 06:24:06 去完成去浏览并加购商品任务
Jan 08 06:24:08 去完成去浏览并加购商品任务
Jan 08 06:24:10 去完成去浏览并加购商品任务
Jan 08 06:24:12 去完成去浏览并加购商品任务
Jan 08 06:24:14 去完成去浏览并加购商品任务
Jan 08 06:24:16 去完成去浏览并加购商品任务
Jan 08 06:24:18 去完成去浏览并加购商品任务
Jan 08 06:24:20 名医限量义诊任务，完成次数：2/2
Jan 08 06:24:20 任务完成成功，获得：0能量
Jan 08 06:24:20 去助力好友T0225KkcRh9P9FbRKUygl_UJcgCjVfnoaW5kRrbA
Jan 08 06:24:20 任务完成失败：助力失败丨助力已满员！谢谢你哦~
Jan 08 06:24:21 去助力好友T0205KkcF3dzsQ-ldnq09pFMCjVfnoaW5kRrbA
Jan 08 06:24:21 任务完成失败：助力失败丨助力已满员！谢谢你哦~
Jan 08 06:24:22 去助力好友T0225KkcRB9No12FJBulwv8LdACjVfnoaW5kRrbA
Jan 08 06:24:22 任务完成失败：助力失败丨助力已满员！谢谢你哦~
Jan 08 06:24:23 去助力好友T0159KUiH11Mq1bSKBoCjVfnoaW5kRrbA
Jan 08 06:24:23 任务完成失败：助力失败丨助力已满员！谢谢你哦~
Jan 08 06:24:24 去助力好友T0225KkcRBcb9FCBI0j0naUNcwCjVfnoaW5kRrbA
Jan 08 06:24:25 任务完成失败：助力失败丨助力已满员！谢谢你哦~
Jan 08 06:24:26 去助力好友T00896QnBRcbCjVfnoaW5kRrbA
Jan 08 06:24:26 任务完成失败：助力失败丨助力已满员！谢谢你哦~
Jan 08 06:24:27 去助力好友T0225KkcRxYZoAHXIkj9kvcOcQCjVfnoaW5kRrbA
Jan 08 06:24:27 任务完成失败：助力失败丨助力已满员！谢谢你哦~
Jan 08 06:24:28 去助力好友T0205KkcKUdwgQasUU-i_qpzCjVfnoaW5kRrbA
Jan 08 06:24:28 任务完成失败：助力失败丨助力已满员！谢谢你哦~
Jan 08 06:24:29 去助力好友T0205KkcF3ReqiexcW-gyJJLCjVfnoaW5kRrbA
Jan 08 06:24:29 任务完成失败：助力失败丨助力已满员！谢谢你哦~
Jan 08 06:24:30 去助力好友T0205KkcCl1dhz2LYXy1_rF7CjVfnoaW5kRrbA
Jan 08 06:24:30 任务完成失败：助力失败丨助力已满员！谢谢你哦~
Jan 08 06:24:31 去助力好友T022tv1yRxYf_EnRIhj2nfIPdQCjVfnoaW5kRrbA
Jan 08 06:24:31 任务完成失败：助力失败丨助力已满员！谢谢你哦~
Jan 08 06:24:32 去助力好友T016-rk3BBwZ9VWTZF6wCjVfnoaW5kRrbA
Jan 08 06:24:33 任务完成失败：助力失败丨助力已满员！谢谢你哦~
Jan 08 06:24:34 去助力好友T011_agmFBsb8FICjVfnoaW5kRrbA
Jan 08 06:24:34 任务完成失败：助力失败丨助力已满员！谢谢你哦~
Jan 08 06:24:35 去助力好友T0225KkcREoa9gCBdBv1kfUDcgCjVfnoaW5kRrbA
Jan 08 06:24:35 任务完成失败：助力失败丨助力已满员！谢谢你哦~
Jan 08 06:24:36 去助力好友T020-akNH3xLgDGFekuV44JsCjVfnoaW5kRrbA
Jan 08 06:24:36 任务完成失败：助力失败丨助力已满员！谢谢你哦~
Jan 08 06:24:37 去助力好友T0225KkcRBpP91KCckmik6RfJQCjVfnoaW5kRrbA
Jan 08 06:24:37 任务完成失败：助力失败丨助力已满员！谢谢你哦~
Jan 08 06:24:38 去助力好友T0225KkcREgZ_VzfIhr1k_INJQCjVfnoaW5kRrbA
Jan 08 06:24:38 任务完成失败：助力失败丨助力已满员！谢谢你哦~
Jan 08 06:24:39 去助力好友T0205KkcFUFmhCCiaWaIzL57CjVfnoaW5kRrbA
Jan 08 06:24:39 任务完成失败：助力失败丨助力已满员！谢谢你哦~
Jan 08 06:24:40 去助力好友T0225KkcRRkd9V3RcRz3xqNcJwCjVfnoaW5kRrbA
Jan 08 06:24:41 任务完成失败：助力失败丨助力已满员！谢谢你哦~
Jan 08 06:24:42 去助力好友T0225KkcRE0Z8gfWdh6hlKYKdQCjVfnoaW5kRrbA
Jan 08 06:24:42 任务完成失败：助力失败丨助力已满员！谢谢你哦~
Jan 08 06:24:43 去助力好友T0225KkcRxoQoVPSKU72lvJfJwCjVfnoaW5kRrbA
Jan 08 06:24:43 任务完成失败：助力失败丨助力已满员！谢谢你哦~
Jan 08 06:24:44 去助力好友T0225KkcRxob8wWGdU_8l6MDIgCjVWnYaS5kRrbA
Jan 08 06:24:44 任务完成失败：助力失败丨助力已满员！谢谢你哦~
Jan 08 06:24:45 去助力好友T0086r40FEBQCjVfnoaW5kRrbA
Jan 08 06:24:45 任务完成失败：助力失败丨助力已满员！谢谢你哦~
Jan 08 06:24:46 去助力好友T0225KkcRkpMoFfVJ0_wxfNYcACjVfnoaW5kRrbA
Jan 08 06:24:46 任务完成失败：助力失败丨啊哦您今日的爱心值已爆棚，明天继续吧
Jan 08 06:24:46 助力次数已满，跳出
Jan 08 06:24:46 健康一下任务，完成次数：1/1
Jan 08 06:24:47 
Jan 08 06:24:47 ==============📣系统通知📣==============
Jan 08 06:24:47 东东健康社区
Jan 08 06:24:47 京东账号1 jd_739d55b768da0
Jan 08 06:24:47 本次获得1400健康值，累计2208118健康值
Jan 08 06:24:47 
Jan 08 06:24:47 
Jan 08 06:24:47 🔔东东健康社区, 结束! 🕛 285.569 秒
Jan 08 06:24:47 
Jan 08 22:20:00 
Jan 08 22:20:00 🔔东东健康社区, 开始!
Jan 08 22:20:00 
Jan 08 22:20:00 ====================共1个京东账号Cookie=========
Jan 08 22:20:00 
Jan 08 22:20:00 ==================脚本执行- 北京时间(UTC+8)：2022/1/8 下午10:20:00=====================
Jan 08 22:20:00 
Jan 08 22:20:00 如果出现提示 ?.data. 错误，请升级nodejs版本(进入容器后，apk add nodejs-current)
Jan 08 22:20:00 开始获取东东健康社区配置文件
Jan 08 22:20:00 
Jan 08 22:20:00 共1个京东账号
Jan 08 22:20:00 
Jan 08 22:20:00 您提供了0个账号的东东健康社区助力码
Jan 08 22:20:00 
Jan 08 22:20:00 
Jan 08 22:20:00 ******开始【京东账号1】jd_739d55b768da0*********
Jan 08 22:20:00 
Jan 08 22:20:00 由于您第1个京东账号未提供shareCode,将采纳本脚本自带的助力码
Jan 08 22:20:00 
Jan 08 22:20:00 开始
Jan 08 22:20:02 随机取20个码放到您固定的互助码后面(不影响已有固定互助)
Jan 08 22:20:02 第1个京东账号将要助力的好友["T0225KkcRh9P9FbRKUygl_UJcgCjVfnoaW5kRrbA","T0205KkcF3dzsQ-ldnq09pFMCjVfnoaW5kRrbA","T0225KkcRB9No12FJBulwv8LdACjVfnoaW5kRrbA","T0159KUiH11Mq1bSKBoCjVfnoaW5kRrbA","T01197gpBUAZ91wCjVfnoaW5kRrbA","T0205KkcIHRdhjKial6X6q9LCjVfnoaW5kRrbA","T0205KkcFmJaggKjZminzYFeCjVfnoaW5kRrbA","T0225KkcRRlL8QLfJh6gl_ZbIgCjVfnoaW5kRrbA","T011-6wmHk8c9FMCjVfnoaW5kRrbA","T0225KkcRUtMo1XVdBmml_IMcACjVfnoaW5kRrbA","T020-akNO2NDnRCBSn6LyJRDCjVfnoaW5kRrbA","T0205KkcJUpOrAy2aX2x7bVgCjVfnoaW5kRrbA","T019xJ8QNHFirCudYxvylP4CjVfnoaW5kRrbA","T016aWDymKCQIP179bNYCjVfnoaW5kRrbA","T0239KUiH1ZApAuecUTznfcNdOUCjVfnoaW5kRrbA","T0126qIxEUtEqgqJCjVfnoaW5kRrbA","T0205KkcJkNkoQWqX1uxyrRCCjVfnoaW5kRrbA","T0225KkcRBxM91SBchKilqIIIQCjVfnoaW5kRrbA","T018v_V7QR0Q8lHRJhOb1ACjVfnoaW5kRrbA","T015-awtF1dAs1XeKBMCjVfnoaW5kRrbA","T0225KkcRBke8lTVKE_9wqECdACjVfnoaW5kRrbA","T0205KkcIXpopwOWVGKOyq9UCjVfnoaW5kRrbA","T012aUXylJaTIdlHCjVfnoaW5kRrbA","T0225KkcRx5MowWFdRz9x_4OfACjVfnoaW5kRrbA"]
Jan 08 22:20:02 签到领健康能量任务，完成次数：1/1
Jan 08 22:20:02 
Jan 08 22:20:02 【京东账号1（jd_739d55b768da0）的东东健康社区好友互助码】T0225KkcRx0QoVHSch3ynKNbdACjVfnoaW5kRrbA
Jan 08 22:20:02 
Jan 08 22:20:02 健康暖心礼定金翻10倍任务，完成次数：5/5
Jan 08 22:20:02 去浏览并加购商品任务，完成次数：0/8
Jan 08 22:20:02 去完成去浏览并加购商品任务
Jan 08 22:20:04 去完成去浏览并加购商品任务
Jan 08 22:20:06 去完成去浏览并加购商品任务
Jan 08 22:20:08 去完成去浏览并加购商品任务
Jan 08 22:20:10 去完成去浏览并加购商品任务
Jan 08 22:20:12 去完成去浏览并加购商品任务
Jan 08 22:20:14 去完成去浏览并加购商品任务
Jan 08 22:20:16 去完成去浏览并加购商品任务
Jan 08 22:20:18 早睡打卡(21:00-23:00)任务，完成次数：0/1
Jan 08 22:20:18 去完成早睡打卡(21:00-23:00)任务
Jan 08 22:20:19 任务完成成功，获得：500能量
Jan 08 22:20:21 开通力威豹会员任务，完成次数：0/3
Jan 08 22:20:21 去完成开通力威豹会员任务
Jan 08 22:20:23 去完成开通力威豹会员任务
Jan 08 22:20:25 去完成开通力威豹会员任务
Jan 08 22:20:27 去浏览并加购商品任务，完成次数：0/8
Jan 08 22:20:27 去完成去浏览并加购商品任务
Jan 08 22:20:29 去完成去浏览并加购商品任务
Jan 08 22:20:31 去完成去浏览并加购商品任务
Jan 08 22:20:33 去完成去浏览并加购商品任务
Jan 08 22:20:35 去完成去浏览并加购商品任务
Jan 08 22:20:37 去完成去浏览并加购商品任务
Jan 08 22:20:39 去完成去浏览并加购商品任务
Jan 08 22:20:41 去完成去浏览并加购商品任务
Jan 08 22:20:43 名医限量义诊任务，完成次数：2/2
Jan 08 22:20:44 健康暖心礼定金翻10倍任务，完成次数：5/5
Jan 08 22:20:44 去浏览并加购商品任务，完成次数：0/8
Jan 08 22:20:44 去完成去浏览并加购商品任务
Jan 08 22:20:46 去完成去浏览并加购商品任务
Jan 08 22:20:48 去完成去浏览并加购商品任务
Jan 08 22:20:50 去完成去浏览并加购商品任务
Jan 08 22:20:52 去完成去浏览并加购商品任务
Jan 08 22:20:54 去完成去浏览并加购商品任务
Jan 08 22:20:56 去完成去浏览并加购商品任务
Jan 08 22:20:58 去完成去浏览并加购商品任务
Jan 08 22:21:00 开通力威豹会员任务，完成次数：0/3
Jan 08 22:21:00 去完成开通力威豹会员任务
Jan 08 22:21:02 去完成开通力威豹会员任务
Jan 08 22:21:04 去完成开通力威豹会员任务
Jan 08 22:21:06 去浏览并加购商品任务，完成次数：0/8
Jan 08 22:21:06 去完成去浏览并加购商品任务
Jan 08 22:21:08 去完成去浏览并加购商品任务
Jan 08 22:21:10 去完成去浏览并加购商品任务
Jan 08 22:21:12 去完成去浏览并加购商品任务
Jan 08 22:21:14 去完成去浏览并加购商品任务
Jan 08 22:21:16 去完成去浏览并加购商品任务
Jan 08 22:21:18 去完成去浏览并加购商品任务
Jan 08 22:21:20 去完成去浏览并加购商品任务
Jan 08 22:21:22 名医限量义诊任务，完成次数：2/2
Jan 08 22:21:22 浏览会场任务，完成次数：0/2
Jan 08 22:21:22 去完成浏览会场任务
Jan 08 22:21:22 TypeError: Cannot read properties of undefined (reading '0')
Jan 08 22:21:22     at /scripts/jd_health.js:159:56
Jan 08 22:21:22 任务完成成功，获得：0能量
Jan 08 22:21:22 去助力好友T0225KkcRh9P9FbRKUygl_UJcgCjVfnoaW5kRrbA
Jan 08 22:21:22 任务完成失败：助力失败丨助力已满员！谢谢你哦~
Jan 08 22:21:23 去助力好友T0205KkcF3dzsQ-ldnq09pFMCjVfnoaW5kRrbA
Jan 08 22:21:23 任务完成失败：助力失败丨助力已满员！谢谢你哦~
Jan 08 22:21:24 去助力好友T0225KkcRB9No12FJBulwv8LdACjVfnoaW5kRrbA
Jan 08 22:21:24 任务完成失败：助力失败丨助力已满员！谢谢你哦~
Jan 08 22:21:25 去助力好友T0159KUiH11Mq1bSKBoCjVfnoaW5kRrbA
Jan 08 22:21:26 任务完成失败：助力失败丨助力已满员！谢谢你哦~
Jan 08 22:21:27 去助力好友T01197gpBUAZ91wCjVfnoaW5kRrbA
Jan 08 22:21:27 任务完成失败：助力失败丨助力已满员！谢谢你哦~
Jan 08 22:21:28 去助力好友T0205KkcIHRdhjKial6X6q9LCjVfnoaW5kRrbA
Jan 08 22:21:28 任务完成失败：助力失败丨助力已满员！谢谢你哦~
Jan 08 22:21:29 去助力好友T0205KkcFmJaggKjZminzYFeCjVfnoaW5kRrbA
Jan 08 22:21:29 任务完成失败：助力失败丨助力已满员！谢谢你哦~
Jan 08 22:21:30 去助力好友T0225KkcRRlL8QLfJh6gl_ZbIgCjVfnoaW5kRrbA
Jan 08 22:21:30 任务完成失败：助力失败丨助力已满员！谢谢你哦~
Jan 08 22:21:31 去助力好友T011-6wmHk8c9FMCjVfnoaW5kRrbA
Jan 08 22:21:31 任务完成失败：助力失败丨助力已满员！谢谢你哦~
Jan 08 22:21:32 去助力好友T0225KkcRUtMo1XVdBmml_IMcACjVfnoaW5kRrbA
Jan 08 22:21:32 任务完成失败：助力失败丨助力已满员！谢谢你哦~
Jan 08 22:21:33 去助力好友T020-akNO2NDnRCBSn6LyJRDCjVfnoaW5kRrbA
Jan 08 22:21:34 任务完成失败：助力失败丨助力已满员！谢谢你哦~
Jan 08 22:21:35 去助力好友T0205KkcJUpOrAy2aX2x7bVgCjVfnoaW5kRrbA
Jan 08 22:21:35 任务完成失败：助力失败丨助力已满员！谢谢你哦~
Jan 08 22:21:36 去助力好友T019xJ8QNHFirCudYxvylP4CjVfnoaW5kRrbA
Jan 08 22:21:36 任务完成失败：助力失败丨助力已满员！谢谢你哦~
Jan 08 22:21:37 去助力好友T016aWDymKCQIP179bNYCjVfnoaW5kRrbA
Jan 08 22:21:37 任务完成失败：助力失败丨助力已满员！谢谢你哦~
Jan 08 22:21:38 去助力好友T0239KUiH1ZApAuecUTznfcNdOUCjVfnoaW5kRrbA
Jan 08 22:21:38 任务完成失败：助力失败丨助力已满员！谢谢你哦~
Jan 08 22:21:39 去助力好友T0126qIxEUtEqgqJCjVfnoaW5kRrbA
Jan 08 22:21:39 任务完成失败：助力失败丨助力已满员！谢谢你哦~
Jan 08 22:21:40 去助力好友T0205KkcJkNkoQWqX1uxyrRCCjVfnoaW5kRrbA
Jan 08 22:21:40 任务完成失败：助力失败丨助力已满员！谢谢你哦~
Jan 08 22:21:41 去助力好友T0225KkcRBxM91SBchKilqIIIQCjVfnoaW5kRrbA
Jan 08 22:21:41 任务完成失败：助力失败丨助力已满员！谢谢你哦~
Jan 08 22:21:42 去助力好友T018v_V7QR0Q8lHRJhOb1ACjVfnoaW5kRrbA
Jan 08 22:21:43 任务完成失败：助力失败丨助力已满员！谢谢你哦~
Jan 08 22:21:44 去助力好友T015-awtF1dAs1XeKBMCjVfnoaW5kRrbA
Jan 08 22:21:44 任务完成失败：助力失败丨助力已满员！谢谢你哦~
Jan 08 22:21:45 去助力好友T0225KkcRBke8lTVKE_9wqECdACjVfnoaW5kRrbA
Jan 08 22:21:45 任务完成失败：助力失败丨助力已满员！谢谢你哦~
Jan 08 22:21:46 去助力好友T0205KkcIXpopwOWVGKOyq9UCjVfnoaW5kRrbA
Jan 08 22:21:46 任务完成失败：助力失败丨助力已满员！谢谢你哦~
Jan 08 22:21:47 去助力好友T012aUXylJaTIdlHCjVfnoaW5kRrbA
Jan 08 22:21:47 任务完成失败：助力失败丨助力已满员！谢谢你哦~
Jan 08 22:21:48 去助力好友T0225KkcRx5MowWFdRz9x_4OfACjVfnoaW5kRrbA
Jan 08 22:21:48 任务完成失败：助力失败丨助力已满员！谢谢你哦~
Jan 08 22:21:49 健康一下任务，完成次数：1/1
Jan 08 22:21:50 
Jan 08 22:21:50 ==============📣系统通知📣==============
Jan 08 22:21:50 东东健康社区
Jan 08 22:21:50 京东账号1 jd_739d55b768da0
Jan 08 22:21:50 本次获得500健康值，累计2208618健康值
Jan 08 22:21:50 
Jan 08 22:21:50 
Jan 08 22:21:50 🔔东东健康社区, 结束! 🕛 109.862 秒
Jan 08 22:21:50 
Jan 09 00:20:01 
Jan 09 00:20:01 🔔东东健康社区, 开始!
Jan 09 00:20:01 
Jan 09 00:20:01 ====================共1个京东账号Cookie=========
Jan 09 00:20:01 
Jan 09 00:20:01 ==================脚本执行- 北京时间(UTC+8)：2022/1/9 上午12:20:01=====================
Jan 09 00:20:01 
Jan 09 00:20:01 如果出现提示 ?.data. 错误，请升级nodejs版本(进入容器后，apk add nodejs-current)
Jan 09 00:20:01 开始获取东东健康社区配置文件
Jan 09 00:20:01 
Jan 09 00:20:01 共1个京东账号
Jan 09 00:20:01 
Jan 09 00:20:01 您提供了0个账号的东东健康社区助力码
Jan 09 00:20:01 
Jan 09 00:20:01 
Jan 09 00:20:01 ******开始【京东账号1】jd_739d55b768da0*********
Jan 09 00:20:01 
Jan 09 00:20:01 由于您第1个京东账号未提供shareCode,将采纳本脚本自带的助力码
Jan 09 00:20:01 
Jan 09 00:20:01 开始
Jan 09 00:20:04 随机取20个码放到您固定的互助码后面(不影响已有固定互助)
Jan 09 00:20:04 第1个京东账号将要助力的好友["T0225KkcRh9P9FbRKUygl_UJcgCjVfnoaW5kRrbA","T0205KkcF3dzsQ-ldnq09pFMCjVfnoaW5kRrbA","T0225KkcRB9No12FJBulwv8LdACjVfnoaW5kRrbA","T0159KUiH11Mq1bSKBoCjVfnoaW5kRrbA","T0205KkcH2dxoROUYESpxoJVCjVfnoaW5kRrbA","T0225KkcRRca9lXSdEumx_UCIgCjVfnoaW5kRrbA","T0225KkcRRtI9lXeKBmgwfcDcwCjVfnoaW5kRrbA","T0225KkcRRcRpADXJhnzk_ELJgCjVfnoaW5kRrbA","T0225KkcRxxNpleGIUz8lPcIfACjVfnoaW5kRrbA","T0225KkcRhtMoVDfdkn1wqQLdwCjVfnoaW5kRrbA","T0225KkcRx8d9VaGIx2gwKUKIgCjVfnoaW5kRrbA","T0225KkcRh4ep1bWch38wqEDfACjVfnoaW5kRrbA","T015v_hxRR4b813TJR0CjVfnoaW5kRrbA","T016a2nklYqOLPBs9YdUCjVfnoaW5kRrbA","T018v_h0QBsQ_FXSJRmb1ACjVfnoaW5kRrbA","T0225KkcRkoYpgXRJEzwnfEIdQCjVfnoaW5kRrbA","T014_KQgG0JMrAyGfwCjVfnoaW5kRrbA","T0225KkcRRseoFHUJx_xnfVYdgCjVfnoaW5kRrbA","T0225KkcRBgb8waBdRjwlaMNJQCjVfnoaW5kRrbA","T0225KkcRxpN91KCKRjzx6INdACjVfnoaW5kRrbA","T01597gpGU9eoA3eJhICjVfnoaW5kRrbA","T0205KkcN3hxnTGRcX6m161PCjVfnoaW5kRrbA","T0225KkcRxhK9VGBJhz9xvADdACjVfnoaW5kRrbA","T0225KkcRUoa_AWDIEygkfcKJQCjVfnoaW5kRrbA"]
Jan 09 00:20:04 签到领健康能量任务，完成次数：0/1
Jan 09 00:20:04 去完成签到领健康能量任务
Jan 09 00:20:04 任务完成失败：点太快啦！等下再来吧
Jan 09 00:20:06 
Jan 09 00:20:06 【京东账号1（jd_739d55b768da0）的东东健康社区好友互助码】T0225KkcRx0QoVHSch3ynKNbdACjVfnoaW5kRrbA
Jan 09 00:20:06 
Jan 09 00:20:06 健康暖心礼定金翻10倍任务，完成次数：0/5
Jan 09 00:20:06 去完成健康暖心礼定金翻10倍任务
Jan 09 00:20:07 任务领取结果：任务领取成功
Jan 09 00:20:17 任务完成成功，获得：300能量
Jan 09 00:20:19 去完成健康暖心礼定金翻10倍任务
Jan 09 00:20:19 任务领取结果：任务领取成功
Jan 09 00:20:29 任务完成失败：这个任务做完啦！
Jan 09 00:20:31 去完成健康暖心礼定金翻10倍任务
Jan 09 00:20:31 任务领取结果：任务领取成功
Jan 09 00:20:41 任务完成失败：这个任务做完啦！
Jan 09 00:20:43 去完成健康暖心礼定金翻10倍任务
Jan 09 00:20:43 任务领取结果：任务领取成功
Jan 09 00:20:54 任务完成失败：这个任务做完啦！
Jan 09 00:20:56 去完成健康暖心礼定金翻10倍任务
Jan 09 00:20:56 任务领取结果：任务领取成功
Jan 09 00:21:06 任务完成失败：这个任务做完啦！
Jan 09 00:21:08 早起打卡(06:00-09:00)任务，完成次数：0/1
Jan 09 00:21:08 去完成早起打卡(06:00-09:00)任务
Jan 09 00:21:08 任务完成失败：不在打卡时间哦!
Jan 09 00:21:10 点击抢超市大红包任务，完成次数：0/5
Jan 09 00:21:10 去完成点击抢超市大红包任务
Jan 09 00:21:10 任务领取结果：任务领取成功
Jan 09 00:21:20 任务完成成功，获得：300能量
Jan 09 00:21:22 去完成点击抢超市大红包任务
Jan 09 00:21:22 任务领取结果：任务领取成功
Jan 09 00:21:33 任务完成失败：这个任务做完啦！
Jan 09 00:21:35 去完成点击抢超市大红包任务
Jan 09 00:21:35 任务领取结果：任务领取成功
Jan 09 00:21:45 任务完成失败：这个任务做完啦！
Jan 09 00:21:47 去完成点击抢超市大红包任务
Jan 09 00:21:47 任务领取结果：任务领取成功
Jan 09 00:21:57 任务完成失败：这个任务做完啦！
Jan 09 00:21:59 去完成点击抢超市大红包任务
Jan 09 00:21:59 任务领取结果：任务领取成功
Jan 09 00:22:09 任务完成失败：点太快啦！等下再来吧
Jan 09 00:22:11 去浏览并加购商品任务，完成次数：0/8
Jan 09 00:22:11 去完成去浏览并加购商品任务
Jan 09 00:22:13 去完成去浏览并加购商品任务
Jan 09 00:22:15 去完成去浏览并加购商品任务
Jan 09 00:22:17 去完成去浏览并加购商品任务
Jan 09 00:22:19 去完成去浏览并加购商品任务
Jan 09 00:22:21 去完成去浏览并加购商品任务
Jan 09 00:22:23 去完成去浏览并加购商品任务
Jan 09 00:22:25 去完成去浏览并加购商品任务
Jan 09 00:22:27 早睡打卡(21:00-23:00)任务，完成次数：0/1
Jan 09 00:22:27 去完成早睡打卡(21:00-23:00)任务
Jan 09 00:22:28 任务完成失败：不在打卡时间哦!
Jan 09 00:22:30 加入瘦身社群1元得体脂秤任务，完成次数：0/1
Jan 09 00:22:30 去完成加入瘦身社群1元得体脂秤任务
Jan 09 00:22:30 任务完成成功，获得：300能量
Jan 09 00:22:33 健康大牌首购低至1元任务，完成次数：1/5
Jan 09 00:22:33 去完成健康大牌首购低至1元任务
Jan 09 00:22:33 任务领取结果：任务领取成功
Jan 09 00:22:43 任务完成成功，获得：300能量
Jan 09 00:22:45 去完成健康大牌首购低至1元任务
Jan 09 00:22:45 任务领取结果：任务领取成功
Jan 09 00:22:55 任务完成失败：这个任务做完啦！
Jan 09 00:22:57 去完成健康大牌首购低至1元任务
Jan 09 00:22:58 任务领取结果：任务领取成功
Jan 09 00:23:08 任务完成失败：这个任务做完啦！
Jan 09 00:23:10 去完成健康大牌首购低至1元任务
Jan 09 00:23:10 任务领取结果：任务领取成功
Jan 09 00:23:20 任务完成失败：这个任务做完啦！
Jan 09 00:23:22 早起打卡(06:00-09:00)任务，完成次数：0/1
Jan 09 00:23:22 去完成早起打卡(06:00-09:00)任务
Jan 09 00:23:22 任务完成失败：不在打卡时间哦!
Jan 09 00:23:24 去炸年兽瓜分10亿任务，完成次数：1/5
Jan 09 00:23:24 去完成去炸年兽瓜分10亿任务
Jan 09 00:23:24 任务领取结果：任务领取成功
Jan 09 00:23:34 任务完成成功，获得：300能量
Jan 09 00:23:36 去完成去炸年兽瓜分10亿任务
Jan 09 00:23:37 任务领取结果：任务领取成功
Jan 09 00:23:47 任务完成失败：这个任务做完啦！
Jan 09 00:23:49 去完成去炸年兽瓜分10亿任务
Jan 09 00:23:49 任务领取结果：任务领取成功
Jan 09 00:23:59 任务完成失败：这个任务做完啦！
Jan 09 00:24:01 去完成去炸年兽瓜分10亿任务
Jan 09 00:24:01 任务领取结果：任务领取成功
Jan 09 00:24:11 任务完成失败：这个任务做完啦！
Jan 09 00:24:13 去浏览并加购商品任务，完成次数：0/8
Jan 09 00:24:13 去完成去浏览并加购商品任务
Jan 09 00:24:15 去完成去浏览并加购商品任务
Jan 09 00:24:17 去完成去浏览并加购商品任务
Jan 09 00:24:19 去完成去浏览并加购商品任务
Jan 09 00:24:21 去完成去浏览并加购商品任务
Jan 09 00:24:23 去完成去浏览并加购商品任务
Jan 09 00:24:25 去完成去浏览并加购商品任务
Jan 09 00:24:27 去完成去浏览并加购商品任务
Jan 09 00:24:29 早睡打卡(21:00-23:00)任务，完成次数：0/1
Jan 09 00:24:29 去完成早睡打卡(21:00-23:00)任务
Jan 09 00:24:29 任务完成失败：不在打卡时间哦!
Jan 09 00:24:31 开通乐普会员任务，完成次数：0/3
Jan 09 00:24:31 去完成开通乐普会员任务
Jan 09 00:24:33 去完成开通乐普会员任务
Jan 09 00:24:35 去完成开通乐普会员任务
Jan 09 00:24:39 发现更多爱心好物任务，完成次数：2/5
Jan 09 00:24:39 去完成发现更多爱心好物任务
Jan 09 00:24:39 任务领取结果：任务领取成功
Jan 09 00:24:49 任务完成成功，获得：300能量
Jan 09 00:24:51 去完成发现更多爱心好物任务
Jan 09 00:24:51 任务领取结果：任务领取成功
Jan 09 00:25:01 任务完成失败：这个任务做完啦！
Jan 09 00:25:03 去完成发现更多爱心好物任务
Jan 09 00:25:03 任务领取结果：任务领取成功
Jan 09 00:25:14 任务完成失败：这个任务做完啦！
Jan 09 00:25:16 早起打卡(06:00-09:00)任务，完成次数：0/1
Jan 09 00:25:16 去完成早起打卡(06:00-09:00)任务
Jan 09 00:25:16 任务完成失败：不在打卡时间哦!
Jan 09 00:25:18 一分钱造爆款电器任务，完成次数：2/5
Jan 09 00:25:18 去完成一分钱造爆款电器任务
Jan 09 00:25:18 任务领取结果：任务领取成功
Jan 09 00:25:28 任务完成成功，获得：300能量
Jan 09 00:25:30 去完成一分钱造爆款电器任务
Jan 09 00:25:30 任务领取结果：任务领取成功
Jan 09 00:25:40 任务完成失败：这个任务做完啦！
Jan 09 00:25:42 去完成一分钱造爆款电器任务
Jan 09 00:25:42 任务领取结果：任务领取成功
Jan 09 00:25:53 任务完成失败：这个任务做完啦！
Jan 09 00:25:55 去浏览并加购商品任务，完成次数：0/8
Jan 09 00:25:55 去完成去浏览并加购商品任务
Jan 09 00:25:57 去完成去浏览并加购商品任务
Jan 09 00:25:59 去完成去浏览并加购商品任务
Jan 09 00:26:01 去完成去浏览并加购商品任务
Jan 09 00:26:03 去完成去浏览并加购商品任务
Jan 09 00:26:05 去完成去浏览并加购商品任务
Jan 09 00:26:07 去完成去浏览并加购商品任务
Jan 09 00:26:09 去完成去浏览并加购商品任务
Jan 09 00:26:11 早睡打卡(21:00-23:00)任务，完成次数：0/1
Jan 09 00:26:11 去完成早睡打卡(21:00-23:00)任务
Jan 09 00:26:11 任务完成失败：不在打卡时间哦!
Jan 09 00:26:13 开通乐普会员任务，完成次数：0/3
Jan 09 00:26:13 去完成开通乐普会员任务
Jan 09 00:26:15 去完成开通乐普会员任务
Jan 09 00:26:17 去完成开通乐普会员任务
Jan 09 00:26:20 健康种植园“种”大奖任务，完成次数：3/5
Jan 09 00:26:20 去完成健康种植园“种”大奖任务
Jan 09 00:26:20 任务领取结果：任务领取成功
Jan 09 00:26:30 任务完成成功，获得：300能量
Jan 09 00:26:32 去完成健康种植园“种”大奖任务
Jan 09 00:26:32 任务领取结果：任务领取成功
Jan 09 00:26:42 任务完成失败：这个任务做完啦！
Jan 09 00:26:44 早起打卡(06:00-09:00)任务，完成次数：0/1
Jan 09 00:26:44 去完成早起打卡(06:00-09:00)任务
Jan 09 00:26:45 任务完成失败：不在打卡时间哦!
Jan 09 00:26:47 颜究院大牌小样1元领任务，完成次数：3/5
Jan 09 00:26:47 去完成颜究院大牌小样1元领任务
Jan 09 00:26:47 任务领取结果：任务领取成功
Jan 09 00:26:57 任务完成成功，获得：300能量
Jan 09 00:26:59 去完成颜究院大牌小样1元领任务
Jan 09 00:26:59 任务领取结果：任务领取成功
Jan 09 00:27:09 任务完成失败：这个任务做完啦！
Jan 09 00:27:11 去浏览并加购商品任务，完成次数：0/8
Jan 09 00:27:11 去完成去浏览并加购商品任务
Jan 09 00:27:13 去完成去浏览并加购商品任务
Jan 09 00:27:15 去完成去浏览并加购商品任务
Jan 09 00:27:17 去完成去浏览并加购商品任务
Jan 09 00:27:19 去完成去浏览并加购商品任务
Jan 09 00:27:21 去完成去浏览并加购商品任务
Jan 09 00:27:23 去完成去浏览并加购商品任务
Jan 09 00:27:25 去完成去浏览并加购商品任务
Jan 09 00:27:27 早睡打卡(21:00-23:00)任务，完成次数：0/1
Jan 09 00:27:27 去完成早睡打卡(21:00-23:00)任务
Jan 09 00:27:27 任务完成失败：不在打卡时间哦!
Jan 09 00:27:29 开通乐普会员任务，完成次数：0/3
Jan 09 00:27:29 去完成开通乐普会员任务
Jan 09 00:27:31 去完成开通乐普会员任务
Jan 09 00:27:33 去完成开通乐普会员任务
Jan 09 00:27:36 健康好物券后1分钱包邮任务，完成次数：4/5
Jan 09 00:27:36 去完成健康好物券后1分钱包邮任务
Jan 09 00:27:37 任务领取结果：任务领取成功
Jan 09 00:27:47 任务完成成功，获得：300能量
Jan 09 00:27:49 早起打卡(06:00-09:00)任务，完成次数：0/1
Jan 09 00:27:49 去完成早起打卡(06:00-09:00)任务
Jan 09 00:27:49 任务完成失败：不在打卡时间哦!
Jan 09 00:27:51 去玩城城领千元红包任务，完成次数：4/5
Jan 09 00:27:51 去完成去玩城城领千元红包任务
Jan 09 00:27:51 任务领取结果：任务领取成功
Jan 09 00:28:01 任务完成成功，获得：300能量
Jan 09 00:28:03 去浏览并加购商品任务，完成次数：0/8
Jan 09 00:28:03 去完成去浏览并加购商品任务
Jan 09 00:28:05 去完成去浏览并加购商品任务
Jan 09 00:28:07 去完成去浏览并加购商品任务
Jan 09 00:28:09 去完成去浏览并加购商品任务
Jan 09 00:28:11 去完成去浏览并加购商品任务
Jan 09 00:28:13 去完成去浏览并加购商品任务
Jan 09 00:28:15 去完成去浏览并加购商品任务
Jan 09 00:28:17 去完成去浏览并加购商品任务
Jan 09 00:28:19 早睡打卡(21:00-23:00)任务，完成次数：0/1
Jan 09 00:28:19 去完成早睡打卡(21:00-23:00)任务
Jan 09 00:28:19 任务完成失败：不在打卡时间哦!
Jan 09 00:28:21 开通乐普会员任务，完成次数：0/3
Jan 09 00:28:21 去完成开通乐普会员任务
Jan 09 00:28:23 去完成开通乐普会员任务
Jan 09 00:28:25 去完成开通乐普会员任务
Jan 09 00:28:28 任务完成成功，获得：82能量
Jan 09 00:28:28 去助力好友T0225KkcRh9P9FbRKUygl_UJcgCjVfnoaW5kRrbA
Jan 09 00:28:29 任务完成失败：助力失败丨助力已满员！谢谢你哦~
Jan 09 00:28:30 去助力好友T0205KkcF3dzsQ-ldnq09pFMCjVfnoaW5kRrbA
Jan 09 00:28:30 任务完成失败：助力失败丨助力已满员！谢谢你哦~
Jan 09 00:28:31 去助力好友T0225KkcRB9No12FJBulwv8LdACjVfnoaW5kRrbA
Jan 09 00:28:31 任务完成失败：助力失败丨助力已满员！谢谢你哦~
Jan 09 00:28:32 去助力好友T0159KUiH11Mq1bSKBoCjVfnoaW5kRrbA
Jan 09 00:28:32 任务完成失败：助力失败丨助力已满员！谢谢你哦~
Jan 09 00:28:33 去助力好友T0205KkcH2dxoROUYESpxoJVCjVfnoaW5kRrbA
Jan 09 00:28:33 任务完成成功，获得：800能量
Jan 09 00:28:34 去助力好友T0225KkcRRca9lXSdEumx_UCIgCjVfnoaW5kRrbA
Jan 09 00:28:34 任务完成成功，获得：800能量
Jan 09 00:28:35 去助力好友T0225KkcRRtI9lXeKBmgwfcDcwCjVfnoaW5kRrbA
Jan 09 00:28:35 任务完成成功，获得：800能量
Jan 09 00:28:36 去助力好友T0225KkcRRcRpADXJhnzk_ELJgCjVfnoaW5kRrbA
Jan 09 00:28:37 任务完成失败：助力失败丨啊哦您今日的爱心值已爆棚，明天继续吧
Jan 09 00:28:37 助力次数已满，跳出
Jan 09 00:28:37 健康一下任务，完成次数：0/1
Jan 09 00:28:37 任务领取结果：任务领取成功
Jan 09 00:28:40 任务完成成功，获得：100能量
Jan 09 00:28:40 
Jan 09 00:28:40 ==============📣系统通知📣==============
Jan 09 00:28:40 东东健康社区
Jan 09 00:28:40 京东账号1 jd_739d55b768da0
Jan 09 00:28:40 本次获得3960健康值，累计2213058健康值
Jan 09 00:28:40 
Jan 09 00:28:40 
Jan 09 00:28:40 🔔东东健康社区, 结束! 🕛 519.423 秒
Jan 09 00:28:40 
Jan 09 06:20:01 
Jan 09 06:20:01 🔔东东健康社区, 开始!
Jan 09 06:20:01 
Jan 09 06:20:01 ====================共1个京东账号Cookie=========
Jan 09 06:20:01 
Jan 09 06:20:01 ==================脚本执行- 北京时间(UTC+8)：2022/1/9 上午6:20:01=====================
Jan 09 06:20:01 
Jan 09 06:20:01 如果出现提示 ?.data. 错误，请升级nodejs版本(进入容器后，apk add nodejs-current)
Jan 09 06:20:01 开始获取东东健康社区配置文件
Jan 09 06:20:01 
Jan 09 06:20:01 共1个京东账号
Jan 09 06:20:01 
Jan 09 06:20:01 您提供了0个账号的东东健康社区助力码
Jan 09 06:20:01 
Jan 09 06:20:01 
Jan 09 06:20:01 ******开始【京东账号1】jd_739d55b768da0*********
Jan 09 06:20:01 
Jan 09 06:20:01 由于您第1个京东账号未提供shareCode,将采纳本脚本自带的助力码
Jan 09 06:20:01 
Jan 09 06:20:01 开始
Jan 09 06:20:02 随机取20个码放到您固定的互助码后面(不影响已有固定互助)
Jan 09 06:20:02 第1个京东账号将要助力的好友["T0225KkcRh9P9FbRKUygl_UJcgCjVfnoaW5kRrbA","T0205KkcF3dzsQ-ldnq09pFMCjVfnoaW5kRrbA","T0225KkcRB9No12FJBulwv8LdACjVfnoaW5kRrbA","T0159KUiH11Mq1bSKBoCjVfnoaW5kRrbA","T0205KkcFHRIqg23VVCJwZRgCjVfnoaW5kRrbA","T016a17FlbuPIOFv95FBCjVfnoaW5kRrbA","T018v_50SR8Z8F3eJRib1ACjVfnoaW5kRrbA","T0225KkcRh9Kp1SFJBz0xaMPcQCjVfnoaW5kRrbA","T0225KkcRksa8ACDJBmllaZfcwCjVfnoaW5kRrbA","T0225KkcRBZP9lXUdkz1kP4KJQCjVfnoaW5kRrbA","T0205KkcHFlRgx2qWHC014F7CjVfnoaW5kRrbA","T0124rgsHEFfoAyMCjVfnoaW5kRrbA","T014__hzQhgb9FDeIQCjVfnoaW5kRrbA","T0225KkcR0wc9VzTc073k6IKIACjVfnoaW5kRrbA","T0225KkcRE8Z8gbfJRrwxvALcwCjVfnoaW5kRrbA","T0205KkcCXlMghKKRkCi675qCjVfnoaW5kRrbA","T019-akJFV5MrzO_Q2WU6YMCjVfnoaW5kRrbA","T0225KkcRhsRpgHUKBL8wKUMfACjVWnYaS5kRrbA","T020v_V1SRgY9FzKIRz3kvcOCjVfnoaW5kRrbA","T019_aUiHl1BrAmSakP1lfICjVfnoaW5kRrbA","T0225KkcRRtM9QDXJUzxwfMDcQCjVfnoaW5kRrbA","T022uv90SB8b9FHVPR3ylvYNdACjVfnoaW5kRrbA","T0205KkcKklfny-xUWyX14lVCjVfnoaW5kRrbA","T0225KkcRRxN81WCchz3nf9cJwCjVfnoaW5kRrbA"]
Jan 09 06:20:02 签到领健康能量任务，完成次数：0/1
Jan 09 06:20:02 去完成签到领健康能量任务
Jan 09 06:20:02 任务完成成功，获得：300能量
Jan 09 06:20:05 
Jan 09 06:20:05 【京东账号1（jd_739d55b768da0）的东东健康社区好友互助码】T0225KkcRx0QoVHSch3ynKNbdACjVfnoaW5kRrbA
Jan 09 06:20:05 
Jan 09 06:20:05 健康暖心礼定金翻10倍任务，完成次数：5/5
Jan 09 06:20:05 早起打卡(06:00-09:00)任务，完成次数：0/1
Jan 09 06:20:05 去完成早起打卡(06:00-09:00)任务
Jan 09 06:20:05 任务完成成功，获得：500能量
Jan 09 06:20:07 去浏览并加购商品任务，完成次数：0/8
Jan 09 06:20:07 去完成去浏览并加购商品任务
Jan 09 06:20:09 去完成去浏览并加购商品任务
Jan 09 06:20:11 去完成去浏览并加购商品任务
Jan 09 06:20:13 去完成去浏览并加购商品任务
Jan 09 06:20:15 去完成去浏览并加购商品任务
Jan 09 06:20:17 去完成去浏览并加购商品任务
Jan 09 06:20:19 去完成去浏览并加购商品任务
Jan 09 06:20:21 去完成去浏览并加购商品任务
Jan 09 06:20:23 早睡打卡(21:00-23:00)任务，完成次数：0/1
Jan 09 06:20:23 去完成早睡打卡(21:00-23:00)任务
Jan 09 06:20:23 任务完成失败：不在打卡时间哦!
Jan 09 06:20:25 开通乐普会员任务，完成次数：0/3
Jan 09 06:20:25 去完成开通乐普会员任务
Jan 09 06:20:27 去完成开通乐普会员任务
Jan 09 06:20:29 去完成开通乐普会员任务
Jan 09 06:20:31 去浏览并加购商品任务，完成次数：0/8
Jan 09 06:20:31 去完成去浏览并加购商品任务
Jan 09 06:20:33 去完成去浏览并加购商品任务
Jan 09 06:20:35 去完成去浏览并加购商品任务
Jan 09 06:20:37 去完成去浏览并加购商品任务
Jan 09 06:20:39 去完成去浏览并加购商品任务
Jan 09 06:20:41 去完成去浏览并加购商品任务
Jan 09 06:20:43 去完成去浏览并加购商品任务
Jan 09 06:20:45 去完成去浏览并加购商品任务
Jan 09 06:20:48 健康暖心礼定金翻10倍任务，完成次数：5/5
Jan 09 06:20:48 去浏览并加购商品任务，完成次数：0/8
Jan 09 06:20:48 去完成去浏览并加购商品任务
Jan 09 06:20:50 去完成去浏览并加购商品任务
Jan 09 06:20:52 去完成去浏览并加购商品任务
Jan 09 06:20:54 去完成去浏览并加购商品任务
Jan 09 06:20:56 去完成去浏览并加购商品任务
Jan 09 06:20:58 去完成去浏览并加购商品任务
Jan 09 06:21:00 去完成去浏览并加购商品任务
Jan 09 06:21:02 去完成去浏览并加购商品任务
Jan 09 06:21:04 早睡打卡(21:00-23:00)任务，完成次数：0/1
Jan 09 06:21:04 去完成早睡打卡(21:00-23:00)任务
Jan 09 06:21:04 任务完成失败：不在打卡时间哦!
Jan 09 06:21:06 开通乐普会员任务，完成次数：0/3
Jan 09 06:21:06 去完成开通乐普会员任务
Jan 09 06:21:08 去完成开通乐普会员任务
Jan 09 06:21:10 去完成开通乐普会员任务
Jan 09 06:21:12 去浏览并加购商品任务，完成次数：0/8
Jan 09 06:21:12 去完成去浏览并加购商品任务
Jan 09 06:21:14 去完成去浏览并加购商品任务
Jan 09 06:21:16 去完成去浏览并加购商品任务
Jan 09 06:21:18 去完成去浏览并加购商品任务
Jan 09 06:21:20 去完成去浏览并加购商品任务
Jan 09 06:21:22 去完成去浏览并加购商品任务
Jan 09 06:21:24 去完成去浏览并加购商品任务
Jan 09 06:21:26 去完成去浏览并加购商品任务
Jan 09 06:21:28 逛逛京东大药房会场任务，完成次数：0/1
Jan 09 06:21:28 去完成逛逛京东大药房会场任务
Jan 09 06:21:29 任务领取结果：任务领取成功
Jan 09 06:21:39 任务完成成功，获得：300能量
Jan 09 06:21:42 健康暖心礼定金翻10倍任务，完成次数：5/5
Jan 09 06:21:42 去浏览并加购商品任务，完成次数：0/8
Jan 09 06:21:42 去完成去浏览并加购商品任务
Jan 09 06:21:44 去完成去浏览并加购商品任务
Jan 09 06:21:46 去完成去浏览并加购商品任务
Jan 09 06:21:48 去完成去浏览并加购商品任务
Jan 09 06:21:50 去完成去浏览并加购商品任务
Jan 09 06:21:52 去完成去浏览并加购商品任务
Jan 09 06:21:54 去完成去浏览并加购商品任务
Jan 09 06:21:56 去完成去浏览并加购商品任务
Jan 09 06:21:58 早睡打卡(21:00-23:00)任务，完成次数：0/1
Jan 09 06:21:58 去完成早睡打卡(21:00-23:00)任务
Jan 09 06:21:58 任务完成失败：不在打卡时间哦!
Jan 09 06:22:00 开通乐普会员任务，完成次数：0/3
Jan 09 06:22:00 去完成开通乐普会员任务
Jan 09 06:22:02 去完成开通乐普会员任务
Jan 09 06:22:04 去完成开通乐普会员任务
Jan 09 06:22:06 去浏览并加购商品任务，完成次数：0/8
Jan 09 06:22:06 去完成去浏览并加购商品任务
Jan 09 06:22:08 去完成去浏览并加购商品任务
Jan 09 06:22:10 去完成去浏览并加购商品任务
Jan 09 06:22:12 去完成去浏览并加购商品任务
Jan 09 06:22:14 去完成去浏览并加购商品任务
Jan 09 06:22:16 去完成去浏览并加购商品任务
Jan 09 06:22:18 去完成去浏览并加购商品任务
Jan 09 06:22:20 去完成去浏览并加购商品任务
Jan 09 06:22:22 名医限量义诊任务，完成次数：0/2
Jan 09 06:22:22 去完成名医限量义诊任务
Jan 09 06:22:22 任务领取结果：任务领取成功
Jan 09 06:22:32 任务完成成功，获得：300能量
Jan 09 06:22:34 去完成名医限量义诊任务
Jan 09 06:22:34 任务领取结果：任务领取成功
Jan 09 06:22:45 任务完成失败：这个任务做完啦！
Jan 09 06:22:48 健康暖心礼定金翻10倍任务，完成次数：5/5
Jan 09 06:22:48 去浏览并加购商品任务，完成次数：0/8
Jan 09 06:22:48 去完成去浏览并加购商品任务
Jan 09 06:22:50 去完成去浏览并加购商品任务
Jan 09 06:22:52 去完成去浏览并加购商品任务
Jan 09 06:22:54 去完成去浏览并加购商品任务
Jan 09 06:22:56 去完成去浏览并加购商品任务
Jan 09 06:22:58 去完成去浏览并加购商品任务
Jan 09 06:23:00 去完成去浏览并加购商品任务
Jan 09 06:23:02 去完成去浏览并加购商品任务
Jan 09 06:23:04 早睡打卡(21:00-23:00)任务，完成次数：0/1
Jan 09 06:23:04 去完成早睡打卡(21:00-23:00)任务
Jan 09 06:23:04 任务完成失败：不在打卡时间哦!
Jan 09 06:23:06 开通乐普会员任务，完成次数：0/3
Jan 09 06:23:06 去完成开通乐普会员任务
Jan 09 06:23:08 去完成开通乐普会员任务
Jan 09 06:23:10 去完成开通乐普会员任务
Jan 09 06:23:12 去浏览并加购商品任务，完成次数：0/8
Jan 09 06:23:12 去完成去浏览并加购商品任务
Jan 09 06:23:14 去完成去浏览并加购商品任务
Jan 09 06:23:16 去完成去浏览并加购商品任务
Jan 09 06:23:18 去完成去浏览并加购商品任务
Jan 09 06:23:20 去完成去浏览并加购商品任务
Jan 09 06:23:22 去完成去浏览并加购商品任务
Jan 09 06:23:24 去完成去浏览并加购商品任务
Jan 09 06:23:26 去完成去浏览并加购商品任务
Jan 09 06:23:28 全国良医 在线坐诊任务，完成次数：1/2
Jan 09 06:23:28 去完成全国良医 在线坐诊任务
Jan 09 06:23:28 任务领取结果：任务领取成功
Jan 09 06:23:38 任务完成成功，获得：300能量
Jan 09 06:23:41 健康暖心礼定金翻10倍任务，完成次数：5/5
Jan 09 06:23:41 去浏览并加购商品任务，完成次数：0/8
Jan 09 06:23:41 去完成去浏览并加购商品任务
Jan 09 06:23:43 去完成去浏览并加购商品任务
Jan 09 06:23:45 去完成去浏览并加购商品任务
Jan 09 06:23:47 去完成去浏览并加购商品任务
Jan 09 06:23:49 去完成去浏览并加购商品任务
Jan 09 06:23:51 去完成去浏览并加购商品任务
Jan 09 06:23:53 去完成去浏览并加购商品任务
Jan 09 06:23:55 去完成去浏览并加购商品任务
Jan 09 06:23:57 早睡打卡(21:00-23:00)任务，完成次数：0/1
Jan 09 06:23:57 去完成早睡打卡(21:00-23:00)任务
Jan 09 06:23:57 任务完成失败：不在打卡时间哦!
Jan 09 06:23:59 开通乐普会员任务，完成次数：0/3
Jan 09 06:23:59 去完成开通乐普会员任务
Jan 09 06:24:01 去完成开通乐普会员任务
Jan 09 06:24:03 去完成开通乐普会员任务
Jan 09 06:24:05 去浏览并加购商品任务，完成次数：0/8
Jan 09 06:24:05 去完成去浏览并加购商品任务
Jan 09 06:24:07 去完成去浏览并加购商品任务
Jan 09 06:24:09 去完成去浏览并加购商品任务
Jan 09 06:24:11 去完成去浏览并加购商品任务
Jan 09 06:24:13 去完成去浏览并加购商品任务
Jan 09 06:24:15 去完成去浏览并加购商品任务
Jan 09 06:24:17 去完成去浏览并加购商品任务
Jan 09 06:24:19 去完成去浏览并加购商品任务
Jan 09 06:24:21 名医限量义诊任务，完成次数：2/2
Jan 09 06:24:22 任务完成成功，获得：0能量
Jan 09 06:24:22 去助力好友T0225KkcRh9P9FbRKUygl_UJcgCjVfnoaW5kRrbA
Jan 09 06:24:22 任务完成失败：助力失败丨助力已满员！谢谢你哦~
Jan 09 06:24:23 去助力好友T0205KkcF3dzsQ-ldnq09pFMCjVfnoaW5kRrbA
Jan 09 06:24:23 任务完成失败：助力失败丨助力已满员！谢谢你哦~
Jan 09 06:24:24 去助力好友T0225KkcRB9No12FJBulwv8LdACjVfnoaW5kRrbA
Jan 09 06:24:24 任务完成失败：助力失败丨助力已满员！谢谢你哦~
Jan 09 06:24:25 去助力好友T0159KUiH11Mq1bSKBoCjVfnoaW5kRrbA
Jan 09 06:24:25 任务完成失败：助力失败丨助力已满员！谢谢你哦~
Jan 09 06:24:26 去助力好友T0205KkcFHRIqg23VVCJwZRgCjVfnoaW5kRrbA
Jan 09 06:24:26 任务完成失败：助力失败丨助力已满员！谢谢你哦~
Jan 09 06:24:27 去助力好友T016a17FlbuPIOFv95FBCjVfnoaW5kRrbA
Jan 09 06:24:27 任务完成失败：助力失败丨助力已满员！谢谢你哦~
Jan 09 06:24:28 去助力好友T018v_50SR8Z8F3eJRib1ACjVfnoaW5kRrbA
Jan 09 06:24:29 任务完成失败：助力失败丨助力已满员！谢谢你哦~
Jan 09 06:24:30 去助力好友T0225KkcRh9Kp1SFJBz0xaMPcQCjVfnoaW5kRrbA
Jan 09 06:24:30 任务完成失败：助力失败丨助力已满员！谢谢你哦~
Jan 09 06:24:31 去助力好友T0225KkcRksa8ACDJBmllaZfcwCjVfnoaW5kRrbA
Jan 09 06:24:31 任务完成失败：助力失败丨助力已满员！谢谢你哦~
Jan 09 06:24:32 去助力好友T0225KkcRBZP9lXUdkz1kP4KJQCjVfnoaW5kRrbA
Jan 09 06:24:32 任务完成失败：助力失败丨助力已满员！谢谢你哦~
Jan 09 06:24:33 去助力好友T0205KkcHFlRgx2qWHC014F7CjVfnoaW5kRrbA
Jan 09 06:24:33 任务完成失败：助力失败丨助力已满员！谢谢你哦~
Jan 09 06:24:34 去助力好友T0124rgsHEFfoAyMCjVfnoaW5kRrbA
Jan 09 06:24:34 任务完成失败：助力失败丨助力已满员！谢谢你哦~
Jan 09 06:24:35 去助力好友T014__hzQhgb9FDeIQCjVfnoaW5kRrbA
Jan 09 06:24:35 任务完成失败：助力失败丨助力已满员！谢谢你哦~
Jan 09 06:24:36 去助力好友T0225KkcR0wc9VzTc073k6IKIACjVfnoaW5kRrbA
Jan 09 06:24:36 任务完成失败：助力失败丨助力已满员！谢谢你哦~
Jan 09 06:24:37 去助力好友T0225KkcRE8Z8gbfJRrwxvALcwCjVfnoaW5kRrbA
Jan 09 06:24:38 任务完成失败：助力失败丨助力已满员！谢谢你哦~
Jan 09 06:24:39 去助力好友T0205KkcCXlMghKKRkCi675qCjVfnoaW5kRrbA
Jan 09 06:24:39 任务完成失败：助力失败丨助力已满员！谢谢你哦~
Jan 09 06:24:40 去助力好友T019-akJFV5MrzO_Q2WU6YMCjVfnoaW5kRrbA
Jan 09 06:24:40 任务完成失败：助力失败丨助力已满员！谢谢你哦~
Jan 09 06:24:41 去助力好友T0225KkcRhsRpgHUKBL8wKUMfACjVWnYaS5kRrbA
Jan 09 06:24:41 任务完成失败：助力失败丨助力已满员！谢谢你哦~
Jan 09 06:24:42 去助力好友T020v_V1SRgY9FzKIRz3kvcOCjVfnoaW5kRrbA
Jan 09 06:24:42 任务完成失败：助力失败丨助力已满员！谢谢你哦~
Jan 09 06:24:43 去助力好友T019_aUiHl1BrAmSakP1lfICjVfnoaW5kRrbA
Jan 09 06:24:43 任务完成失败：助力失败丨助力已满员！谢谢你哦~
Jan 09 06:24:44 去助力好友T0225KkcRRtM9QDXJUzxwfMDcQCjVfnoaW5kRrbA
Jan 09 06:24:44 任务完成失败：助力失败丨助力已满员！谢谢你哦~
Jan 09 06:24:45 去助力好友T022uv90SB8b9FHVPR3ylvYNdACjVfnoaW5kRrbA
Jan 09 06:24:46 任务完成失败：助力失败丨助力已满员！谢谢你哦~
Jan 09 06:24:47 去助力好友T0205KkcKklfny-xUWyX14lVCjVfnoaW5kRrbA
Jan 09 06:24:47 任务完成失败：助力失败丨助力已满员！谢谢你哦~
Jan 09 06:24:48 去助力好友T0225KkcRRxN81WCchz3nf9cJwCjVfnoaW5kRrbA
Jan 09 06:24:48 任务完成失败：助力失败丨啊哦您今日的爱心值已爆棚，明天继续吧
Jan 09 06:24:48 助力次数已满，跳出
Jan 09 06:24:48 健康一下任务，完成次数：1/1
Jan 09 06:24:48 
Jan 09 06:24:48 ==============📣系统通知📣==============
Jan 09 06:24:48 东东健康社区
Jan 09 06:24:48 京东账号1 jd_739d55b768da0
Jan 09 06:24:48 本次获得1700健康值，累计2218984健康值
Jan 09 06:24:48 
Jan 09 06:24:48 
Jan 09 06:24:48 🔔东东健康社区, 结束! 🕛 287.494 秒
Jan 09 06:24:48 
