Jan 07 02:30:01 
Jan 07 02:30:01 🔔京小鸽吾悦寄, 开始!
Jan 07 02:30:01 
Jan 07 02:30:01 ====================共1个京东账号Cookie=========
Jan 07 02:30:01 
Jan 07 02:30:01 ==================脚本执行- 北京时间(UTC+8)：2022/1/7 上午2:30:01=====================
Jan 07 02:30:01 
Jan 07 02:30:03 
Jan 07 02:30:03 开始【京东账号1】jd_739d55b768da0
Jan 07 02:30:03 
Jan 07 02:30:03 初始化
Jan 07 02:30:03 获取用户信息失败
Jan 07 02:30:03 
Jan 07 02:30:03 
Jan 07 02:30:03 开始账号内互助
Jan 07 02:30:03 
Jan 07 02:30:03 🔔京小鸽吾悦寄, 结束! 🕛 1.779 秒
Jan 07 02:30:03 
Jan 07 20:30:00 
Jan 07 20:30:00 🔔京小鸽吾悦寄, 开始!
Jan 07 20:30:00 
Jan 07 20:30:00 ====================共1个京东账号Cookie=========
Jan 07 20:30:00 
Jan 07 20:30:01 ==================脚本执行- 北京时间(UTC+8)：2022/1/7 下午8:30:00=====================
Jan 07 20:30:01 
Jan 07 20:30:03 
Jan 07 20:30:03 开始【京东账号1】jd_739d55b768da0
Jan 07 20:30:03 
Jan 07 20:30:03 初始化
Jan 07 20:30:03 获取用户信息失败
Jan 07 20:30:03 
Jan 07 20:30:03 
Jan 07 20:30:03 开始账号内互助
Jan 07 20:30:03 
Jan 07 20:30:03 🔔京小鸽吾悦寄, 结束! 🕛 2.934 秒
Jan 07 20:30:03 
Jan 08 02:30:01 
Jan 08 02:30:01 🔔京小鸽吾悦寄, 开始!
Jan 08 02:30:01 
Jan 08 02:30:01 ====================共1个京东账号Cookie=========
Jan 08 02:30:01 
Jan 08 02:30:01 ==================脚本执行- 北京时间(UTC+8)：2022/1/8 上午2:30:01=====================
Jan 08 02:30:01 
Jan 08 02:30:03 
Jan 08 02:30:03 开始【京东账号1】jd_739d55b768da0
Jan 08 02:30:03 
Jan 08 02:30:03 初始化
Jan 08 02:30:03 获取用户信息失败
Jan 08 02:30:03 
Jan 08 02:30:03 
Jan 08 02:30:03 开始账号内互助
Jan 08 02:30:03 
Jan 08 02:30:03 🔔京小鸽吾悦寄, 结束! 🕛 2.164 秒
Jan 08 02:30:03 
Jan 08 20:30:02 
Jan 08 20:30:02 🔔京小鸽吾悦寄, 开始!
Jan 08 20:30:02 
Jan 08 20:30:02 ====================共1个京东账号Cookie=========
Jan 08 20:30:02 
Jan 08 20:30:03 ==================脚本执行- 北京时间(UTC+8)：2022/1/8 下午8:30:02=====================
Jan 08 20:30:03 
Jan 08 20:30:04 
Jan 08 20:30:04 开始【京东账号1】jd_739d55b768da0
Jan 08 20:30:04 
Jan 08 20:30:04 初始化
Jan 08 20:30:05 获取用户信息失败
Jan 08 20:30:05 
Jan 08 20:30:05 
Jan 08 20:30:05 开始账号内互助
Jan 08 20:30:05 
Jan 08 20:30:05 🔔京小鸽吾悦寄, 结束! 🕛 2.664 秒
Jan 08 20:30:05 
Jan 09 02:30:01 
Jan 09 02:30:01 🔔京小鸽吾悦寄, 开始!
Jan 09 02:30:01 
Jan 09 02:30:01 ====================共1个京东账号Cookie=========
Jan 09 02:30:01 
Jan 09 02:30:01 ==================脚本执行- 北京时间(UTC+8)：2022/1/9 上午2:30:01=====================
Jan 09 02:30:01 
Jan 09 02:30:02 
Jan 09 02:30:02 开始【京东账号1】jd_739d55b768da0
Jan 09 02:30:02 
Jan 09 02:30:02 初始化
Jan 09 02:30:03 获取用户信息失败
Jan 09 02:30:03 
Jan 09 02:30:03 
Jan 09 02:30:03 开始账号内互助
Jan 09 02:30:03 
Jan 09 02:30:03 🔔京小鸽吾悦寄, 结束! 🕛 1.998 秒
Jan 09 02:30:03 
Jan 09 20:30:02 
Jan 09 20:30:02 🔔京小鸽吾悦寄, 开始!
Jan 09 20:30:02 
Jan 09 20:30:02 ====================共1个京东账号Cookie=========
Jan 09 20:30:02 
Jan 09 20:30:02 ==================脚本执行- 北京时间(UTC+8)：2022/1/9 下午8:30:02=====================
Jan 09 20:30:02 
Jan 09 20:30:04 
Jan 09 20:30:04 开始【京东账号1】jd_739d55b768da0
Jan 09 20:30:04 
Jan 09 20:30:04 初始化
Jan 09 20:30:04 获取用户信息失败
Jan 09 20:30:04 
Jan 09 20:30:04 
Jan 09 20:30:04 开始账号内互助
Jan 09 20:30:04 
Jan 09 20:30:04 🔔京小鸽吾悦寄, 结束! 🕛 2.558 秒
Jan 09 20:30:04 
