Jan 07 00:06:01 
Jan 07 00:06:01 🔔京东赚赚, 开始!
Jan 07 00:06:01 
Jan 07 00:06:01 ====================共1个京东账号Cookie=========
Jan 07 00:06:01 
Jan 07 00:06:01 ==================脚本执行- 北京时间(UTC+8)：2022/1/7 上午12:06:01=====================
Jan 07 00:06:01 
Jan 07 00:06:01 开始获取京东赚赚配置文件
Jan 07 00:06:01 
Jan 07 00:06:01 共1个京东账号
Jan 07 00:06:01 
Jan 07 00:06:01 您提供了0个账号的京东赚赚助力码
Jan 07 00:06:01 
Jan 07 00:06:03 
Jan 07 00:06:03 ******开始【京东账号1】jd_739d55b768da0*********
Jan 07 00:06:03 
Jan 07 00:06:03 由于您第1个京东账号未提供shareCode,将采纳本脚本自带的助力码
Jan 07 00:06:03 
Jan 07 00:06:03 开始
Jan 07 00:06:07 "connect ECONNREFUSED 103.242.135.130:443"
Jan 07 00:06:07 京东赚赚 API请求失败，请检查网路重试
Jan 07 00:06:07 第1个京东账号将要助力的好友["S9KUiH11Mq1bSKBo","S5KkcRh9P9FbRKUygl_UJcg","StvV3SBcQ8Vw","S5KkcEV9ThDGWdWGw0K5u","S5KkcRktN8lyBdEj1kaQMdw","Sa3LolJe5IPhP9aNJQlGD","S5KkcR0pM91aBIhmgxf9bcA","S5KkcREwR_VXRIB78kvRYcg","S5KkcRE8b9QGEIEz0nKRbJw"]
Jan 07 00:06:07 去做任务：逛一逛京东电器
Jan 07 00:06:08 任务完成，获得 50 金币，0 京豆
Jan 07 00:06:11 去做任务：逛一逛京东时尚
Jan 07 00:06:11 任务完成，获得 50 金币，0 京豆
Jan 07 00:06:14 去做任务：浏览小时购小程序
Jan 07 00:06:14 任务完成，获得 50 金币，0 京豆
Jan 07 00:06:17 去做任务：劲爆折扣尽在京东超市
Jan 07 00:06:17 任务完成，获得 50 金币，0 京豆
Jan 07 00:06:20 去做任务：签到有礼
Jan 07 00:06:20 任务完成，获得 100;100;100;100;100;100;100 金币，1 京豆
Jan 07 00:06:23 去做任务：智能马桶黑科技低至5折
Jan 07 00:06:24 任务完成，获得 50 金币，0 京豆
Jan 07 00:06:27 去做任务：抢PLUS定制抽纸
Jan 07 00:06:27 任务完成，获得 50 金币，0 京豆
Jan 07 00:06:30 去做任务：金利来券后低至五折
Jan 07 00:06:30 任务完成，获得 50 金币，0 京豆
Jan 07 00:06:33 去做任务：逛viney领满200减30券
Jan 07 00:06:33 任务完成，获得 50 金币，0 京豆
Jan 07 00:06:36 去做任务：逛啄木鸟享闪购价
Jan 07 00:06:36 任务完成，获得 50 金币，0 京豆
Jan 07 00:06:39 
Jan 07 00:06:39 ==============📣系统通知📣==============
Jan 07 00:06:39 京东赚赚
Jan 07 00:06:39 京东账号1 
Jan 07 00:06:39 本次获得1京豆，550金币
Jan 07 00:06:39 累计获得1183京豆，633900金币
Jan 07 00:06:39 可兑换63.39元无门槛红包
Jan 07 00:06:39 兑换入口:京东赚赚微信小程序->赚好礼->金币提现
Jan 07 00:06:39 
Jan 07 00:06:39 🔔京东赚赚, 结束! 🕛 38.523 秒
Jan 07 00:06:39 
Jan 07 01:06:00 
Jan 07 01:06:00 🔔京东赚赚, 开始!
Jan 07 01:06:00 
Jan 07 01:06:00 ====================共1个京东账号Cookie=========
Jan 07 01:06:00 
Jan 07 01:06:00 ==================脚本执行- 北京时间(UTC+8)：2022/1/7 上午1:06:00=====================
Jan 07 01:06:00 
Jan 07 01:06:00 开始获取京东赚赚配置文件
Jan 07 01:06:00 
Jan 07 01:06:00 共1个京东账号
Jan 07 01:06:00 
Jan 07 01:06:00 您提供了0个账号的京东赚赚助力码
Jan 07 01:06:00 
Jan 07 01:06:01 
Jan 07 01:06:01 ******开始【京东账号1】jd_739d55b768da0*********
Jan 07 01:06:01 
Jan 07 01:06:01 由于您第1个京东账号未提供shareCode,将采纳本脚本自带的助力码
Jan 07 01:06:01 
Jan 07 01:06:01 开始
Jan 07 01:06:04 "connect ECONNREFUSED 103.242.135.130:443"
Jan 07 01:06:04 京东赚赚 API请求失败，请检查网路重试
Jan 07 01:06:04 第1个京东账号将要助力的好友["S9KUiH11Mq1bSKBo","S5KkcRh9P9FbRKUygl_UJcg","StvV3SBcQ8Vw","S5KkcEV9ThDGWdWGw0K5u","S5KkcRktN8lyBdEj1kaQMdw","Sa3LolJe5IPhP9aNJQlGD","S5KkcR0pM91aBIhmgxf9bcA","S5KkcREwR_VXRIB78kvRYcg","S5KkcRE8b9QGEIEz0nKRbJw"]
Jan 07 01:06:04 去做任务：开PLUS 送30元红包
Jan 07 01:06:05 任务完成，获得 50 金币，0 京豆
Jan 07 01:06:08 本次获得0京豆，50金币
Jan 07 01:06:08 累计获得1183京豆，633950金币
Jan 07 01:06:08 可兑换63.395元无门槛红包
Jan 07 01:06:08 兑换入口:京东赚赚微信小程序->赚好礼->金币提现
Jan 07 01:06:08 
Jan 07 01:06:08 🔔京东赚赚, 结束! 🕛 7.364 秒
Jan 07 01:06:08 
Jan 07 02:06:01 
Jan 07 02:06:01 🔔京东赚赚, 开始!
Jan 07 02:06:01 
Jan 07 02:06:01 ====================共1个京东账号Cookie=========
Jan 07 02:06:01 
Jan 07 02:06:01 ==================脚本执行- 北京时间(UTC+8)：2022/1/7 上午2:06:01=====================
Jan 07 02:06:01 
Jan 07 02:06:01 开始获取京东赚赚配置文件
Jan 07 02:06:01 
Jan 07 02:06:01 共1个京东账号
Jan 07 02:06:01 
Jan 07 02:06:01 您提供了0个账号的京东赚赚助力码
Jan 07 02:06:01 
Jan 07 02:06:01 
Jan 07 02:06:01 ******开始【京东账号1】jd_739d55b768da0*********
Jan 07 02:06:01 
Jan 07 02:06:01 由于您第1个京东账号未提供shareCode,将采纳本脚本自带的助力码
Jan 07 02:06:01 
Jan 07 02:06:01 开始
Jan 07 02:06:04 "connect ECONNREFUSED 103.242.135.130:443"
Jan 07 02:06:04 京东赚赚 API请求失败，请检查网路重试
Jan 07 02:06:04 第1个京东账号将要助力的好友["S9KUiH11Mq1bSKBo","S5KkcRh9P9FbRKUygl_UJcg","StvV3SBcQ8Vw","S5KkcEV9ThDGWdWGw0K5u","S5KkcRktN8lyBdEj1kaQMdw","Sa3LolJe5IPhP9aNJQlGD","S5KkcR0pM91aBIhmgxf9bcA","S5KkcREwR_VXRIB78kvRYcg","S5KkcRE8b9QGEIEz0nKRbJw"]
Jan 07 02:06:05 本次获得0京豆，0金币
Jan 07 02:06:05 累计获得1183京豆，633950金币
Jan 07 02:06:05 可兑换63.395元无门槛红包
Jan 07 02:06:05 兑换入口:京东赚赚微信小程序->赚好礼->金币提现
Jan 07 02:06:05 
Jan 07 02:06:05 🔔京东赚赚, 结束! 🕛 4.467 秒
Jan 07 02:06:05 
Jan 07 03:06:01 
Jan 07 03:06:01 🔔京东赚赚, 开始!
Jan 07 03:06:01 
Jan 07 03:06:01 ====================共1个京东账号Cookie=========
Jan 07 03:06:01 
Jan 07 03:06:01 ==================脚本执行- 北京时间(UTC+8)：2022/1/7 上午3:06:01=====================
Jan 07 03:06:01 
Jan 07 03:06:01 开始获取京东赚赚配置文件
Jan 07 03:06:01 
Jan 07 03:06:01 共1个京东账号
Jan 07 03:06:01 
Jan 07 03:06:01 您提供了0个账号的京东赚赚助力码
Jan 07 03:06:01 
Jan 07 03:06:01 
Jan 07 03:06:01 ******开始【京东账号1】jd_739d55b768da0*********
Jan 07 03:06:01 
Jan 07 03:06:01 由于您第1个京东账号未提供shareCode,将采纳本脚本自带的助力码
Jan 07 03:06:01 
Jan 07 03:06:01 开始
Jan 07 03:06:04 "connect ECONNREFUSED 103.242.135.130:443"
Jan 07 03:06:04 京东赚赚 API请求失败，请检查网路重试
Jan 07 03:06:04 第1个京东账号将要助力的好友["S9KUiH11Mq1bSKBo","S5KkcRh9P9FbRKUygl_UJcg","StvV3SBcQ8Vw","S5KkcEV9ThDGWdWGw0K5u","S5KkcRktN8lyBdEj1kaQMdw","Sa3LolJe5IPhP9aNJQlGD","S5KkcR0pM91aBIhmgxf9bcA","S5KkcREwR_VXRIB78kvRYcg","S5KkcRE8b9QGEIEz0nKRbJw"]
Jan 07 03:06:05 本次获得0京豆，0金币
Jan 07 03:06:05 累计获得1183京豆，633950金币
Jan 07 03:06:05 可兑换63.395元无门槛红包
Jan 07 03:06:05 兑换入口:京东赚赚微信小程序->赚好礼->金币提现
Jan 07 03:06:05 
Jan 07 03:06:05 🔔京东赚赚, 结束! 🕛 4.35 秒
Jan 07 03:06:05 
Jan 07 04:06:01 
Jan 07 04:06:01 🔔京东赚赚, 开始!
Jan 07 04:06:01 
Jan 07 04:06:01 ====================共1个京东账号Cookie=========
Jan 07 04:06:01 
Jan 07 04:06:01 ==================脚本执行- 北京时间(UTC+8)：2022/1/7 上午4:06:01=====================
Jan 07 04:06:01 
Jan 07 04:06:01 开始获取京东赚赚配置文件
Jan 07 04:06:01 
Jan 07 04:06:01 共1个京东账号
Jan 07 04:06:01 
Jan 07 04:06:01 您提供了0个账号的京东赚赚助力码
Jan 07 04:06:01 
Jan 07 04:06:01 
Jan 07 04:06:01 ******开始【京东账号1】jd_739d55b768da0*********
Jan 07 04:06:01 
Jan 07 04:06:01 由于您第1个京东账号未提供shareCode,将采纳本脚本自带的助力码
Jan 07 04:06:01 
Jan 07 04:06:01 开始
Jan 07 04:06:05 "connect ECONNREFUSED 103.242.135.130:443"
Jan 07 04:06:05 京东赚赚 API请求失败，请检查网路重试
Jan 07 04:06:05 第1个京东账号将要助力的好友["S9KUiH11Mq1bSKBo","S5KkcRh9P9FbRKUygl_UJcg","StvV3SBcQ8Vw","S5KkcEV9ThDGWdWGw0K5u","S5KkcRktN8lyBdEj1kaQMdw","Sa3LolJe5IPhP9aNJQlGD","S5KkcR0pM91aBIhmgxf9bcA","S5KkcREwR_VXRIB78kvRYcg","S5KkcRE8b9QGEIEz0nKRbJw"]
Jan 07 04:06:05 本次获得0京豆，0金币
Jan 07 04:06:05 累计获得1183京豆，633950金币
Jan 07 04:06:05 可兑换63.395元无门槛红包
Jan 07 04:06:05 兑换入口:京东赚赚微信小程序->赚好礼->金币提现
Jan 07 04:06:05 
Jan 07 04:06:05 🔔京东赚赚, 结束! 🕛 4.421 秒
Jan 07 04:06:05 
Jan 07 05:06:00 
Jan 07 05:06:00 🔔京东赚赚, 开始!
Jan 07 05:06:00 
Jan 07 05:06:00 ====================共1个京东账号Cookie=========
Jan 07 05:06:00 
Jan 07 05:06:00 ==================脚本执行- 北京时间(UTC+8)：2022/1/7 上午5:06:00=====================
Jan 07 05:06:00 
Jan 07 05:06:00 开始获取京东赚赚配置文件
Jan 07 05:06:00 
Jan 07 05:06:00 共1个京东账号
Jan 07 05:06:00 
Jan 07 05:06:00 您提供了0个账号的京东赚赚助力码
Jan 07 05:06:00 
Jan 07 05:06:00 
Jan 07 05:06:00 ******开始【京东账号1】jd_739d55b768da0*********
Jan 07 05:06:00 
Jan 07 05:06:00 由于您第1个京东账号未提供shareCode,将采纳本脚本自带的助力码
Jan 07 05:06:00 
Jan 07 05:06:00 开始
Jan 07 05:06:03 "connect ECONNREFUSED 103.242.135.130:443"
Jan 07 05:06:03 京东赚赚 API请求失败，请检查网路重试
Jan 07 05:06:03 第1个京东账号将要助力的好友["S9KUiH11Mq1bSKBo","S5KkcRh9P9FbRKUygl_UJcg","StvV3SBcQ8Vw","S5KkcEV9ThDGWdWGw0K5u","S5KkcRktN8lyBdEj1kaQMdw","Sa3LolJe5IPhP9aNJQlGD","S5KkcR0pM91aBIhmgxf9bcA","S5KkcREwR_VXRIB78kvRYcg","S5KkcRE8b9QGEIEz0nKRbJw"]
Jan 07 05:06:04 本次获得0京豆，0金币
Jan 07 05:06:04 累计获得1183京豆，633950金币
Jan 07 05:06:04 可兑换63.395元无门槛红包
Jan 07 05:06:04 兑换入口:京东赚赚微信小程序->赚好礼->金币提现
Jan 07 05:06:04 
Jan 07 05:06:04 🔔京东赚赚, 结束! 🕛 4.358 秒
Jan 07 05:06:04 
Jan 07 11:06:00 
Jan 07 11:06:00 🔔京东赚赚, 开始!
Jan 07 11:06:00 
Jan 07 11:06:00 ====================共1个京东账号Cookie=========
Jan 07 11:06:00 
Jan 07 11:06:00 ==================脚本执行- 北京时间(UTC+8)：2022/1/7 上午11:06:00=====================
Jan 07 11:06:00 
Jan 07 11:06:00 开始获取京东赚赚配置文件
Jan 07 11:06:00 
Jan 07 11:06:00 共1个京东账号
Jan 07 11:06:00 
Jan 07 11:06:00 您提供了0个账号的京东赚赚助力码
Jan 07 11:06:00 
Jan 07 11:06:01 
Jan 07 11:06:01 ******开始【京东账号1】jd_739d55b768da0*********
Jan 07 11:06:01 
Jan 07 11:06:01 由于您第1个京东账号未提供shareCode,将采纳本脚本自带的助力码
Jan 07 11:06:01 
Jan 07 11:06:01 开始
Jan 07 11:06:04 "connect ECONNREFUSED 103.242.135.130:443"
Jan 07 11:06:04 京东赚赚 API请求失败，请检查网路重试
Jan 07 11:06:04 第1个京东账号将要助力的好友["S9KUiH11Mq1bSKBo","S5KkcRh9P9FbRKUygl_UJcg","StvV3SBcQ8Vw","S5KkcEV9ThDGWdWGw0K5u","S5KkcRktN8lyBdEj1kaQMdw","Sa3LolJe5IPhP9aNJQlGD","S5KkcR0pM91aBIhmgxf9bcA","S5KkcREwR_VXRIB78kvRYcg","S5KkcRE8b9QGEIEz0nKRbJw"]
Jan 07 11:06:05 本次获得0京豆，0金币
Jan 07 11:06:05 累计获得1183京豆，633950金币
Jan 07 11:06:05 可兑换63.395元无门槛红包
Jan 07 11:06:05 兑换入口:京东赚赚微信小程序->赚好礼->金币提现
Jan 07 11:06:05 
Jan 07 11:06:05 🔔京东赚赚, 结束! 🕛 4.5 秒
Jan 07 11:06:05 
Jan 08 00:06:01 
Jan 08 00:06:01 🔔京东赚赚, 开始!
Jan 08 00:06:01 
Jan 08 00:06:01 ====================共1个京东账号Cookie=========
Jan 08 00:06:01 
Jan 08 00:06:01 ==================脚本执行- 北京时间(UTC+8)：2022/1/8 上午12:06:01=====================
Jan 08 00:06:01 
Jan 08 00:06:01 开始获取京东赚赚配置文件
Jan 08 00:06:01 
Jan 08 00:06:01 共1个京东账号
Jan 08 00:06:01 
Jan 08 00:06:01 您提供了0个账号的京东赚赚助力码
Jan 08 00:06:01 
Jan 08 00:06:03 
Jan 08 00:06:03 ******开始【京东账号1】jd_739d55b768da0*********
Jan 08 00:06:03 
Jan 08 00:06:03 由于您第1个京东账号未提供shareCode,将采纳本脚本自带的助力码
Jan 08 00:06:03 
Jan 08 00:06:03 开始
Jan 08 00:06:07 "connect ECONNREFUSED 103.242.135.130:443"
Jan 08 00:06:07 京东赚赚 API请求失败，请检查网路重试
Jan 08 00:06:07 第1个京东账号将要助力的好友["S9KUiH11Mq1bSKBo","S5KkcRh9P9FbRKUygl_UJcg","StvV3SBcQ8Vw","S5KkcEV9ThDGWdWGw0K5u","S5KkcRktN8lyBdEj1kaQMdw","Sa3LolJe5IPhP9aNJQlGD","S5KkcR0pM91aBIhmgxf9bcA","S5KkcREwR_VXRIB78kvRYcg","S5KkcRE8b9QGEIEz0nKRbJw"]
Jan 08 00:06:07 去做任务：逛一逛京东电器
Jan 08 00:06:07 任务完成，获得 50 金币，0 京豆
Jan 08 00:06:10 去做任务：逛一逛京东时尚
Jan 08 00:06:10 任务完成，获得 50 金币，0 京豆
Jan 08 00:06:13 去做任务：浏览小时购小程序
Jan 08 00:06:14 任务完成，获得 50 金币，0 京豆
Jan 08 00:06:17 去做任务：劲爆折扣尽在京东超市
Jan 08 00:06:17 任务完成，获得 50 金币，0 京豆
Jan 08 00:06:20 去做任务：签到有礼
Jan 08 00:06:20 任务完成，获得 100;100;100;100;100;100;100 金币，1 京豆
Jan 08 00:06:23 去做任务：玩转潮牌焕新圣诞
Jan 08 00:06:23 任务完成，获得 200 金币，0 京豆
Jan 08 00:06:26 去做任务：抢限定彩虹小冰块充电器
Jan 08 00:06:26 任务完成，获得 50 金币，0 京豆
Jan 08 00:06:29 去做任务：逛年度盛典 领740元补贴
Jan 08 00:06:29 任务完成，获得 50 金币，0 京豆
Jan 08 00:06:33 
Jan 08 00:06:33 ==============📣系统通知📣==============
Jan 08 00:06:33 京东赚赚
Jan 08 00:06:33 京东账号1 
Jan 08 00:06:33 本次获得1京豆，600金币
Jan 08 00:06:33 累计获得1184京豆，634550金币
Jan 08 00:06:33 可兑换63.455元无门槛红包
Jan 08 00:06:33 兑换入口:京东赚赚微信小程序->赚好礼->金币提现
Jan 08 00:06:33 
Jan 08 00:06:33 🔔京东赚赚, 结束! 🕛 31.835 秒
Jan 08 00:06:33 
Jan 08 01:06:00 
Jan 08 01:06:00 🔔京东赚赚, 开始!
Jan 08 01:06:00 
Jan 08 01:06:00 ====================共1个京东账号Cookie=========
Jan 08 01:06:00 
Jan 08 01:06:00 ==================脚本执行- 北京时间(UTC+8)：2022/1/8 上午1:06:00=====================
Jan 08 01:06:00 
Jan 08 01:06:00 开始获取京东赚赚配置文件
Jan 08 01:06:00 
Jan 08 01:06:00 共1个京东账号
Jan 08 01:06:00 
Jan 08 01:06:00 您提供了0个账号的京东赚赚助力码
Jan 08 01:06:00 
Jan 08 01:06:01 
Jan 08 01:06:01 ******开始【京东账号1】jd_739d55b768da0*********
Jan 08 01:06:01 
Jan 08 01:06:01 由于您第1个京东账号未提供shareCode,将采纳本脚本自带的助力码
Jan 08 01:06:01 
Jan 08 01:06:01 开始
Jan 08 01:06:04 "connect ECONNREFUSED 103.242.135.130:443"
Jan 08 01:06:04 京东赚赚 API请求失败，请检查网路重试
Jan 08 01:06:04 第1个京东账号将要助力的好友["S9KUiH11Mq1bSKBo","S5KkcRh9P9FbRKUygl_UJcg","StvV3SBcQ8Vw","S5KkcEV9ThDGWdWGw0K5u","S5KkcRktN8lyBdEj1kaQMdw","Sa3LolJe5IPhP9aNJQlGD","S5KkcR0pM91aBIhmgxf9bcA","S5KkcREwR_VXRIB78kvRYcg","S5KkcRE8b9QGEIEz0nKRbJw"]
Jan 08 01:06:04 去做任务：开PLUS 送30元红包
Jan 08 01:06:05 任务完成，获得 50 金币，0 京豆
Jan 08 01:06:08 本次获得0京豆，50金币
Jan 08 01:06:08 累计获得1184京豆，634600金币
Jan 08 01:06:08 可兑换63.46元无门槛红包
Jan 08 01:06:08 兑换入口:京东赚赚微信小程序->赚好礼->金币提现
Jan 08 01:06:08 
Jan 08 01:06:08 🔔京东赚赚, 结束! 🕛 7.559 秒
Jan 08 01:06:08 
Jan 08 02:06:00 
Jan 08 02:06:00 🔔京东赚赚, 开始!
Jan 08 02:06:00 
Jan 08 02:06:00 ====================共1个京东账号Cookie=========
Jan 08 02:06:00 
Jan 08 02:06:00 ==================脚本执行- 北京时间(UTC+8)：2022/1/8 上午2:06:00=====================
Jan 08 02:06:00 
Jan 08 02:06:00 开始获取京东赚赚配置文件
Jan 08 02:06:00 
Jan 08 02:06:00 共1个京东账号
Jan 08 02:06:00 
Jan 08 02:06:00 您提供了0个账号的京东赚赚助力码
Jan 08 02:06:00 
Jan 08 02:06:01 
Jan 08 02:06:01 ******开始【京东账号1】jd_739d55b768da0*********
Jan 08 02:06:01 
Jan 08 02:06:01 由于您第1个京东账号未提供shareCode,将采纳本脚本自带的助力码
Jan 08 02:06:01 
Jan 08 02:06:01 开始
Jan 08 02:06:04 "connect ECONNREFUSED 103.242.135.130:443"
Jan 08 02:06:04 京东赚赚 API请求失败，请检查网路重试
Jan 08 02:06:04 第1个京东账号将要助力的好友["S9KUiH11Mq1bSKBo","S5KkcRh9P9FbRKUygl_UJcg","StvV3SBcQ8Vw","S5KkcEV9ThDGWdWGw0K5u","S5KkcRktN8lyBdEj1kaQMdw","Sa3LolJe5IPhP9aNJQlGD","S5KkcR0pM91aBIhmgxf9bcA","S5KkcREwR_VXRIB78kvRYcg","S5KkcRE8b9QGEIEz0nKRbJw"]
Jan 08 02:06:04 本次获得0京豆，0金币
Jan 08 02:06:04 累计获得1184京豆，634600金币
Jan 08 02:06:04 可兑换63.46元无门槛红包
Jan 08 02:06:04 兑换入口:京东赚赚微信小程序->赚好礼->金币提现
Jan 08 02:06:04 
Jan 08 02:06:04 🔔京东赚赚, 结束! 🕛 4.27 秒
Jan 08 02:06:04 
Jan 08 03:06:00 
Jan 08 03:06:00 🔔京东赚赚, 开始!
Jan 08 03:06:00 
Jan 08 03:06:00 ====================共1个京东账号Cookie=========
Jan 08 03:06:00 
Jan 08 03:06:00 ==================脚本执行- 北京时间(UTC+8)：2022/1/8 上午3:06:00=====================
Jan 08 03:06:00 
Jan 08 03:06:00 开始获取京东赚赚配置文件
Jan 08 03:06:00 
Jan 08 03:06:00 共1个京东账号
Jan 08 03:06:00 
Jan 08 03:06:00 您提供了0个账号的京东赚赚助力码
Jan 08 03:06:00 
Jan 08 03:06:01 
Jan 08 03:06:01 ******开始【京东账号1】jd_739d55b768da0*********
Jan 08 03:06:01 
Jan 08 03:06:01 由于您第1个京东账号未提供shareCode,将采纳本脚本自带的助力码
Jan 08 03:06:01 
Jan 08 03:06:01 开始
Jan 08 03:06:04 "connect ECONNREFUSED 103.242.135.130:443"
Jan 08 03:06:04 京东赚赚 API请求失败，请检查网路重试
Jan 08 03:06:04 第1个京东账号将要助力的好友["S9KUiH11Mq1bSKBo","S5KkcRh9P9FbRKUygl_UJcg","StvV3SBcQ8Vw","S5KkcEV9ThDGWdWGw0K5u","S5KkcRktN8lyBdEj1kaQMdw","Sa3LolJe5IPhP9aNJQlGD","S5KkcR0pM91aBIhmgxf9bcA","S5KkcREwR_VXRIB78kvRYcg","S5KkcRE8b9QGEIEz0nKRbJw"]
Jan 08 03:06:05 本次获得0京豆，0金币
Jan 08 03:06:05 累计获得1184京豆，634600金币
Jan 08 03:06:05 可兑换63.46元无门槛红包
Jan 08 03:06:05 兑换入口:京东赚赚微信小程序->赚好礼->金币提现
Jan 08 03:06:05 
Jan 08 03:06:05 🔔京东赚赚, 结束! 🕛 4.403 秒
Jan 08 03:06:05 
Jan 08 04:06:01 
Jan 08 04:06:01 🔔京东赚赚, 开始!
Jan 08 04:06:01 
Jan 08 04:06:01 ====================共1个京东账号Cookie=========
Jan 08 04:06:01 
Jan 08 04:06:01 ==================脚本执行- 北京时间(UTC+8)：2022/1/8 上午4:06:01=====================
Jan 08 04:06:01 
Jan 08 04:06:01 开始获取京东赚赚配置文件
Jan 08 04:06:01 
Jan 08 04:06:01 共1个京东账号
Jan 08 04:06:01 
Jan 08 04:06:01 您提供了0个账号的京东赚赚助力码
Jan 08 04:06:01 
Jan 08 04:06:01 
Jan 08 04:06:01 ******开始【京东账号1】jd_739d55b768da0*********
Jan 08 04:06:01 
Jan 08 04:06:01 由于您第1个京东账号未提供shareCode,将采纳本脚本自带的助力码
Jan 08 04:06:01 
Jan 08 04:06:01 开始
Jan 08 04:06:04 "connect ECONNREFUSED 103.242.135.130:443"
Jan 08 04:06:04 京东赚赚 API请求失败，请检查网路重试
Jan 08 04:06:04 第1个京东账号将要助力的好友["S9KUiH11Mq1bSKBo","S5KkcRh9P9FbRKUygl_UJcg","StvV3SBcQ8Vw","S5KkcEV9ThDGWdWGw0K5u","S5KkcRktN8lyBdEj1kaQMdw","Sa3LolJe5IPhP9aNJQlGD","S5KkcR0pM91aBIhmgxf9bcA","S5KkcREwR_VXRIB78kvRYcg","S5KkcRE8b9QGEIEz0nKRbJw"]
Jan 08 04:06:05 本次获得0京豆，0金币
Jan 08 04:06:05 累计获得1184京豆，634600金币
Jan 08 04:06:05 可兑换63.46元无门槛红包
Jan 08 04:06:05 兑换入口:京东赚赚微信小程序->赚好礼->金币提现
Jan 08 04:06:05 
Jan 08 04:06:05 🔔京东赚赚, 结束! 🕛 4.331 秒
Jan 08 04:06:05 
Jan 08 05:06:01 
Jan 08 05:06:01 🔔京东赚赚, 开始!
Jan 08 05:06:01 
Jan 08 05:06:01 ====================共1个京东账号Cookie=========
Jan 08 05:06:01 
Jan 08 05:06:01 ==================脚本执行- 北京时间(UTC+8)：2022/1/8 上午5:06:01=====================
Jan 08 05:06:01 
Jan 08 05:06:01 开始获取京东赚赚配置文件
Jan 08 05:06:01 
Jan 08 05:06:01 共1个京东账号
Jan 08 05:06:01 
Jan 08 05:06:01 您提供了0个账号的京东赚赚助力码
Jan 08 05:06:01 
Jan 08 05:06:01 
Jan 08 05:06:01 ******开始【京东账号1】jd_739d55b768da0*********
Jan 08 05:06:01 
Jan 08 05:06:01 由于您第1个京东账号未提供shareCode,将采纳本脚本自带的助力码
Jan 08 05:06:01 
Jan 08 05:06:01 开始
Jan 08 05:06:04 "connect ECONNREFUSED 103.242.135.130:443"
Jan 08 05:06:04 京东赚赚 API请求失败，请检查网路重试
Jan 08 05:06:04 第1个京东账号将要助力的好友["S9KUiH11Mq1bSKBo","S5KkcRh9P9FbRKUygl_UJcg","StvV3SBcQ8Vw","S5KkcEV9ThDGWdWGw0K5u","S5KkcRktN8lyBdEj1kaQMdw","Sa3LolJe5IPhP9aNJQlGD","S5KkcR0pM91aBIhmgxf9bcA","S5KkcREwR_VXRIB78kvRYcg","S5KkcRE8b9QGEIEz0nKRbJw"]
Jan 08 05:06:05 本次获得0京豆，0金币
Jan 08 05:06:05 累计获得1184京豆，634600金币
Jan 08 05:06:05 可兑换63.46元无门槛红包
Jan 08 05:06:05 兑换入口:京东赚赚微信小程序->赚好礼->金币提现
Jan 08 05:06:05 
Jan 08 05:06:05 🔔京东赚赚, 结束! 🕛 4.229 秒
Jan 08 05:06:05 
Jan 08 11:06:00 
Jan 08 11:06:00 🔔京东赚赚, 开始!
Jan 08 11:06:00 
Jan 08 11:06:00 ====================共1个京东账号Cookie=========
Jan 08 11:06:00 
Jan 08 11:06:00 ==================脚本执行- 北京时间(UTC+8)：2022/1/8 上午11:06:00=====================
Jan 08 11:06:00 
Jan 08 11:06:00 开始获取京东赚赚配置文件
Jan 08 11:06:00 
Jan 08 11:06:00 共1个京东账号
Jan 08 11:06:00 
Jan 08 11:06:00 您提供了0个账号的京东赚赚助力码
Jan 08 11:06:00 
Jan 08 11:06:01 
Jan 08 11:06:01 ******开始【京东账号1】jd_739d55b768da0*********
Jan 08 11:06:01 
Jan 08 11:06:01 由于您第1个京东账号未提供shareCode,将采纳本脚本自带的助力码
Jan 08 11:06:01 
Jan 08 11:06:01 开始
Jan 08 11:06:04 "connect ECONNREFUSED 103.242.135.130:443"
Jan 08 11:06:04 京东赚赚 API请求失败，请检查网路重试
Jan 08 11:06:04 第1个京东账号将要助力的好友["S9KUiH11Mq1bSKBo","S5KkcRh9P9FbRKUygl_UJcg","StvV3SBcQ8Vw","S5KkcEV9ThDGWdWGw0K5u","S5KkcRktN8lyBdEj1kaQMdw","Sa3LolJe5IPhP9aNJQlGD","S5KkcR0pM91aBIhmgxf9bcA","S5KkcREwR_VXRIB78kvRYcg","S5KkcRE8b9QGEIEz0nKRbJw"]
Jan 08 11:06:04 本次获得0京豆，0金币
Jan 08 11:06:04 累计获得1184京豆，634600金币
Jan 08 11:06:04 可兑换63.46元无门槛红包
Jan 08 11:06:04 兑换入口:京东赚赚微信小程序->赚好礼->金币提现
Jan 08 11:06:04 
Jan 08 11:06:04 🔔京东赚赚, 结束! 🕛 4.532 秒
Jan 08 11:06:04 
Jan 09 00:06:01 
Jan 09 00:06:01 🔔京东赚赚, 开始!
Jan 09 00:06:01 
Jan 09 00:06:01 ====================共1个京东账号Cookie=========
Jan 09 00:06:01 
Jan 09 00:06:01 ==================脚本执行- 北京时间(UTC+8)：2022/1/9 上午12:06:01=====================
Jan 09 00:06:01 
Jan 09 00:06:01 开始获取京东赚赚配置文件
Jan 09 00:06:01 
Jan 09 00:06:01 共1个京东账号
Jan 09 00:06:01 
Jan 09 00:06:01 您提供了0个账号的京东赚赚助力码
Jan 09 00:06:01 
Jan 09 00:06:03 
Jan 09 00:06:03 ******开始【京东账号1】jd_739d55b768da0*********
Jan 09 00:06:03 
Jan 09 00:06:03 由于您第1个京东账号未提供shareCode,将采纳本脚本自带的助力码
Jan 09 00:06:03 
Jan 09 00:06:03 开始
Jan 09 00:06:07 "connect ECONNREFUSED 103.242.135.130:443"
Jan 09 00:06:07 京东赚赚 API请求失败，请检查网路重试
Jan 09 00:06:07 第1个京东账号将要助力的好友["S9KUiH11Mq1bSKBo","S5KkcRh9P9FbRKUygl_UJcg","StvV3SBcQ8Vw","S5KkcEV9ThDGWdWGw0K5u","S5KkcRktN8lyBdEj1kaQMdw","Sa3LolJe5IPhP9aNJQlGD","S5KkcR0pM91aBIhmgxf9bcA","S5KkcREwR_VXRIB78kvRYcg","S5KkcRE8b9QGEIEz0nKRbJw"]
Jan 09 00:06:07 去做任务：逛一逛京东电器
Jan 09 00:06:07 任务完成，获得 50 金币，0 京豆
Jan 09 00:06:10 去做任务：逛一逛京东时尚
Jan 09 00:06:11 任务完成，获得 50 金币，0 京豆
Jan 09 00:06:14 去做任务：浏览小时购小程序
Jan 09 00:06:14 任务完成，获得 50 金币，0 京豆
Jan 09 00:06:17 去做任务：劲爆折扣尽在京东超市
Jan 09 00:06:17 任务完成，获得 50 金币，0 京豆
Jan 09 00:06:20 去做任务：签到有礼
Jan 09 00:06:20 任务完成，获得 100;100;100;100;100;100;100 金币，1 京豆
Jan 09 00:06:23 去做任务：玩转潮牌焕新圣诞
Jan 09 00:06:23 任务完成，获得 200 金币，0 京豆
Jan 09 00:06:26 去做任务：智能马桶黑科技低至5折
Jan 09 00:06:26 任务完成，获得 50 金币，0 京豆
Jan 09 00:06:29 去做任务：抢PLUS定制抽纸
Jan 09 00:06:29 任务完成，获得 50 金币，0 京豆
Jan 09 00:06:32 去做任务：金利来券后低至五折
Jan 09 00:06:33 任务完成，获得 50 金币，0 京豆
Jan 09 00:06:36 去做任务：逛viney领满200减30券
Jan 09 00:06:36 任务完成，获得 50 金币，0 京豆
Jan 09 00:06:39 去做任务：逛啄木鸟享闪购价
Jan 09 00:06:39 任务完成，获得 50 金币，0 京豆
Jan 09 00:06:42 去做任务：玩虎娃迎福赢千万京豆
Jan 09 00:06:42 任务完成，获得 50 金币，0 京豆
Jan 09 00:06:45 去做任务：浏览日用年货节好物1元抢
Jan 09 00:06:45 任务完成，获得 50 金币，0 京豆
Jan 09 00:06:48 
Jan 09 00:06:48 ==============📣系统通知📣==============
Jan 09 00:06:48 京东赚赚
Jan 09 00:06:48 京东账号1 
Jan 09 00:06:48 本次获得1京豆，850金币
Jan 09 00:06:48 累计获得1185京豆，635450金币
Jan 09 00:06:48 可兑换63.545元无门槛红包
Jan 09 00:06:48 兑换入口:京东赚赚微信小程序->赚好礼->金币提现
Jan 09 00:06:48 
Jan 09 00:06:48 🔔京东赚赚, 结束! 🕛 47.888 秒
Jan 09 00:06:48 
Jan 09 01:06:00 
Jan 09 01:06:00 🔔京东赚赚, 开始!
Jan 09 01:06:00 
Jan 09 01:06:00 ====================共1个京东账号Cookie=========
Jan 09 01:06:00 
Jan 09 01:06:00 ==================脚本执行- 北京时间(UTC+8)：2022/1/9 上午1:06:00=====================
Jan 09 01:06:00 
Jan 09 01:06:00 开始获取京东赚赚配置文件
Jan 09 01:06:00 
Jan 09 01:06:00 共1个京东账号
Jan 09 01:06:00 
Jan 09 01:06:00 您提供了0个账号的京东赚赚助力码
Jan 09 01:06:00 
Jan 09 01:06:00 
Jan 09 01:06:00 ******开始【京东账号1】jd_739d55b768da0*********
Jan 09 01:06:00 
Jan 09 01:06:00 由于您第1个京东账号未提供shareCode,将采纳本脚本自带的助力码
Jan 09 01:06:00 
Jan 09 01:06:00 开始
Jan 09 01:06:04 "connect ECONNREFUSED 103.242.135.130:443"
Jan 09 01:06:04 京东赚赚 API请求失败，请检查网路重试
Jan 09 01:06:04 第1个京东账号将要助力的好友["S9KUiH11Mq1bSKBo","S5KkcRh9P9FbRKUygl_UJcg","StvV3SBcQ8Vw","S5KkcEV9ThDGWdWGw0K5u","S5KkcRktN8lyBdEj1kaQMdw","Sa3LolJe5IPhP9aNJQlGD","S5KkcR0pM91aBIhmgxf9bcA","S5KkcREwR_VXRIB78kvRYcg","S5KkcRE8b9QGEIEz0nKRbJw"]
Jan 09 01:06:05 本次获得0京豆，0金币
Jan 09 01:06:05 累计获得1185京豆，635450金币
Jan 09 01:06:05 可兑换63.545元无门槛红包
Jan 09 01:06:05 兑换入口:京东赚赚微信小程序->赚好礼->金币提现
Jan 09 01:06:05 
Jan 09 01:06:05 🔔京东赚赚, 结束! 🕛 4.607 秒
Jan 09 01:06:05 
Jan 09 02:06:00 
Jan 09 02:06:00 🔔京东赚赚, 开始!
Jan 09 02:06:00 
Jan 09 02:06:00 ====================共1个京东账号Cookie=========
Jan 09 02:06:00 
Jan 09 02:06:00 ==================脚本执行- 北京时间(UTC+8)：2022/1/9 上午2:06:00=====================
Jan 09 02:06:00 
Jan 09 02:06:00 开始获取京东赚赚配置文件
Jan 09 02:06:00 
Jan 09 02:06:00 共1个京东账号
Jan 09 02:06:00 
Jan 09 02:06:00 您提供了0个账号的京东赚赚助力码
Jan 09 02:06:00 
Jan 09 02:06:01 
Jan 09 02:06:01 ******开始【京东账号1】jd_739d55b768da0*********
Jan 09 02:06:01 
Jan 09 02:06:01 由于您第1个京东账号未提供shareCode,将采纳本脚本自带的助力码
Jan 09 02:06:01 
Jan 09 02:06:01 开始
Jan 09 02:06:04 "connect ECONNREFUSED 103.242.135.130:443"
Jan 09 02:06:04 京东赚赚 API请求失败，请检查网路重试
Jan 09 02:06:04 第1个京东账号将要助力的好友["S9KUiH11Mq1bSKBo","S5KkcRh9P9FbRKUygl_UJcg","StvV3SBcQ8Vw","S5KkcEV9ThDGWdWGw0K5u","S5KkcRktN8lyBdEj1kaQMdw","Sa3LolJe5IPhP9aNJQlGD","S5KkcR0pM91aBIhmgxf9bcA","S5KkcREwR_VXRIB78kvRYcg","S5KkcRE8b9QGEIEz0nKRbJw"]
Jan 09 02:06:05 本次获得0京豆，0金币
Jan 09 02:06:05 累计获得1185京豆，635450金币
Jan 09 02:06:05 可兑换63.545元无门槛红包
Jan 09 02:06:05 兑换入口:京东赚赚微信小程序->赚好礼->金币提现
Jan 09 02:06:05 
Jan 09 02:06:05 🔔京东赚赚, 结束! 🕛 4.76 秒
Jan 09 02:06:05 
Jan 09 03:06:00 
Jan 09 03:06:00 🔔京东赚赚, 开始!
Jan 09 03:06:00 
Jan 09 03:06:00 ====================共1个京东账号Cookie=========
Jan 09 03:06:00 
Jan 09 03:06:00 ==================脚本执行- 北京时间(UTC+8)：2022/1/9 上午3:06:00=====================
Jan 09 03:06:00 
Jan 09 03:06:00 开始获取京东赚赚配置文件
Jan 09 03:06:00 
Jan 09 03:06:00 共1个京东账号
Jan 09 03:06:00 
Jan 09 03:06:00 您提供了0个账号的京东赚赚助力码
Jan 09 03:06:00 
Jan 09 03:06:01 
Jan 09 03:06:01 ******开始【京东账号1】jd_739d55b768da0*********
Jan 09 03:06:01 
Jan 09 03:06:01 由于您第1个京东账号未提供shareCode,将采纳本脚本自带的助力码
Jan 09 03:06:01 
Jan 09 03:06:01 开始
Jan 09 03:06:04 "connect ECONNREFUSED 103.242.135.130:443"
Jan 09 03:06:04 京东赚赚 API请求失败，请检查网路重试
Jan 09 03:06:04 第1个京东账号将要助力的好友["S9KUiH11Mq1bSKBo","S5KkcRh9P9FbRKUygl_UJcg","StvV3SBcQ8Vw","S5KkcEV9ThDGWdWGw0K5u","S5KkcRktN8lyBdEj1kaQMdw","Sa3LolJe5IPhP9aNJQlGD","S5KkcR0pM91aBIhmgxf9bcA","S5KkcREwR_VXRIB78kvRYcg","S5KkcRE8b9QGEIEz0nKRbJw"]
Jan 09 03:06:05 本次获得0京豆，0金币
Jan 09 03:06:05 累计获得1185京豆，635450金币
Jan 09 03:06:05 可兑换63.545元无门槛红包
Jan 09 03:06:05 兑换入口:京东赚赚微信小程序->赚好礼->金币提现
Jan 09 03:06:05 
Jan 09 03:06:05 🔔京东赚赚, 结束! 🕛 4.446 秒
Jan 09 03:06:05 
Jan 09 04:06:00 
Jan 09 04:06:00 🔔京东赚赚, 开始!
Jan 09 04:06:00 
Jan 09 04:06:00 ====================共1个京东账号Cookie=========
Jan 09 04:06:00 
Jan 09 04:06:00 ==================脚本执行- 北京时间(UTC+8)：2022/1/9 上午4:06:00=====================
Jan 09 04:06:00 
Jan 09 04:06:00 开始获取京东赚赚配置文件
Jan 09 04:06:00 
Jan 09 04:06:00 共1个京东账号
Jan 09 04:06:00 
Jan 09 04:06:00 您提供了0个账号的京东赚赚助力码
Jan 09 04:06:00 
Jan 09 04:06:01 
Jan 09 04:06:01 ******开始【京东账号1】jd_739d55b768da0*********
Jan 09 04:06:01 
Jan 09 04:06:01 由于您第1个京东账号未提供shareCode,将采纳本脚本自带的助力码
Jan 09 04:06:01 
Jan 09 04:06:01 开始
Jan 09 04:06:04 "connect ECONNREFUSED 103.242.135.130:443"
Jan 09 04:06:04 京东赚赚 API请求失败，请检查网路重试
Jan 09 04:06:04 第1个京东账号将要助力的好友["S9KUiH11Mq1bSKBo","S5KkcRh9P9FbRKUygl_UJcg","StvV3SBcQ8Vw","S5KkcEV9ThDGWdWGw0K5u","S5KkcRktN8lyBdEj1kaQMdw","Sa3LolJe5IPhP9aNJQlGD","S5KkcR0pM91aBIhmgxf9bcA","S5KkcREwR_VXRIB78kvRYcg","S5KkcRE8b9QGEIEz0nKRbJw"]
Jan 09 04:06:05 本次获得0京豆，0金币
Jan 09 04:06:05 累计获得1185京豆，635450金币
Jan 09 04:06:05 可兑换63.545元无门槛红包
Jan 09 04:06:05 兑换入口:京东赚赚微信小程序->赚好礼->金币提现
Jan 09 04:06:05 
Jan 09 04:06:05 🔔京东赚赚, 结束! 🕛 4.372 秒
Jan 09 04:06:05 
Jan 09 05:06:00 
Jan 09 05:06:00 🔔京东赚赚, 开始!
Jan 09 05:06:00 
Jan 09 05:06:00 ====================共1个京东账号Cookie=========
Jan 09 05:06:00 
Jan 09 05:06:00 ==================脚本执行- 北京时间(UTC+8)：2022/1/9 上午5:06:00=====================
Jan 09 05:06:00 
Jan 09 05:06:00 开始获取京东赚赚配置文件
Jan 09 05:06:00 
Jan 09 05:06:00 共1个京东账号
Jan 09 05:06:00 
Jan 09 05:06:00 您提供了0个账号的京东赚赚助力码
Jan 09 05:06:00 
Jan 09 05:06:01 
Jan 09 05:06:01 ******开始【京东账号1】jd_739d55b768da0*********
Jan 09 05:06:01 
Jan 09 05:06:01 由于您第1个京东账号未提供shareCode,将采纳本脚本自带的助力码
Jan 09 05:06:01 
Jan 09 05:06:01 开始
Jan 09 05:06:04 "connect ECONNREFUSED 103.242.135.130:443"
Jan 09 05:06:04 京东赚赚 API请求失败，请检查网路重试
Jan 09 05:06:04 第1个京东账号将要助力的好友["S9KUiH11Mq1bSKBo","S5KkcRh9P9FbRKUygl_UJcg","StvV3SBcQ8Vw","S5KkcEV9ThDGWdWGw0K5u","S5KkcRktN8lyBdEj1kaQMdw","Sa3LolJe5IPhP9aNJQlGD","S5KkcR0pM91aBIhmgxf9bcA","S5KkcREwR_VXRIB78kvRYcg","S5KkcRE8b9QGEIEz0nKRbJw"]
Jan 09 05:06:05 本次获得0京豆，0金币
Jan 09 05:06:05 累计获得1185京豆，635450金币
Jan 09 05:06:05 可兑换63.545元无门槛红包
Jan 09 05:06:05 兑换入口:京东赚赚微信小程序->赚好礼->金币提现
Jan 09 05:06:05 
Jan 09 05:06:05 🔔京东赚赚, 结束! 🕛 4.548 秒
Jan 09 05:06:05 
Jan 09 11:06:00 
Jan 09 11:06:00 🔔京东赚赚, 开始!
Jan 09 11:06:00 
Jan 09 11:06:00 ====================共1个京东账号Cookie=========
Jan 09 11:06:00 
Jan 09 11:06:00 ==================脚本执行- 北京时间(UTC+8)：2022/1/9 上午11:06:00=====================
Jan 09 11:06:00 
Jan 09 11:06:00 开始获取京东赚赚配置文件
Jan 09 11:06:00 
Jan 09 11:06:00 共1个京东账号
Jan 09 11:06:00 
Jan 09 11:06:00 您提供了0个账号的京东赚赚助力码
Jan 09 11:06:00 
Jan 09 11:06:00 
Jan 09 11:06:00 ******开始【京东账号1】jd_739d55b768da0*********
Jan 09 11:06:00 
Jan 09 11:06:00 由于您第1个京东账号未提供shareCode,将采纳本脚本自带的助力码
Jan 09 11:06:00 
Jan 09 11:06:00 开始
Jan 09 11:06:05 "connect ECONNREFUSED 103.242.135.130:443"
Jan 09 11:06:05 京东赚赚 API请求失败，请检查网路重试
Jan 09 11:06:05 第1个京东账号将要助力的好友["S9KUiH11Mq1bSKBo","S5KkcRh9P9FbRKUygl_UJcg","StvV3SBcQ8Vw","S5KkcEV9ThDGWdWGw0K5u","S5KkcRktN8lyBdEj1kaQMdw","Sa3LolJe5IPhP9aNJQlGD","S5KkcR0pM91aBIhmgxf9bcA","S5KkcREwR_VXRIB78kvRYcg","S5KkcRE8b9QGEIEz0nKRbJw"]
Jan 09 11:06:06 本次获得0京豆，0金币
Jan 09 11:06:06 累计获得1185京豆，635450金币
Jan 09 11:06:06 可兑换63.545元无门槛红包
Jan 09 11:06:06 兑换入口:京东赚赚微信小程序->赚好礼->金币提现
Jan 09 11:06:06 
Jan 09 11:06:06 🔔京东赚赚, 结束! 🕛 5.891 秒
Jan 09 11:06:06 
