Jan 07 01:47:00 
Jan 07 01:47:00 🔔京东快递签到, 开始!
Jan 07 01:47:00 
Jan 07 01:47:00 ====================共1个京东账号Cookie=========
Jan 07 01:47:00 
Jan 07 01:47:01 ==================脚本执行- 北京时间(UTC+8)：2022/1/7 上午1:47:00=====================
Jan 07 01:47:01 
Jan 07 01:47:01 
Jan 07 01:47:01 ******开始【京东账号1】jd_187425zqg*********
Jan 07 01:47:01 
Jan 07 01:47:01 异常：{"error_response":{"en_desc":"API Call Limited","zh_desc":"API调用次数超限","code":2}}
Jan 07 01:47:01 
Jan 07 01:47:01 🔔京东快递签到, 结束! 🕛 0.765 秒
Jan 07 01:47:01 
Jan 08 01:47:00 
Jan 08 01:47:00 🔔京东快递签到, 开始!
Jan 08 01:47:00 
Jan 08 01:47:00 ====================共1个京东账号Cookie=========
Jan 08 01:47:00 
Jan 08 01:47:00 ==================脚本执行- 北京时间(UTC+8)：2022/1/8 上午1:47:00=====================
Jan 08 01:47:00 
Jan 08 01:47:01 
Jan 08 01:47:01 ******开始【京东账号1】jd_187425zqg*********
Jan 08 01:47:01 
Jan 08 01:47:01 异常：{"code":-101,"content":[],"data":[],"errorMsg":"签到成功","msg":"签到成功","success":false}
Jan 08 01:47:01 
Jan 08 01:47:01 🔔京东快递签到, 结束! 🕛 0.609 秒
Jan 08 01:47:01 
Jan 09 01:47:00 
Jan 09 01:47:00 🔔京东快递签到, 开始!
Jan 09 01:47:00 
Jan 09 01:47:00 ====================共1个京东账号Cookie=========
Jan 09 01:47:00 
Jan 09 01:47:00 ==================脚本执行- 北京时间(UTC+8)：2022/1/9 上午1:47:00=====================
Jan 09 01:47:00 
Jan 09 01:47:00 
Jan 09 01:47:00 ******开始【京东账号1】jd_187425zqg*********
Jan 09 01:47:00 
Jan 09 01:47:01 今日签到成功，获得签到得积分
Jan 09 01:47:01 
Jan 09 01:47:01 ==============📣系统通知📣==============
Jan 09 01:47:01 京东快递签到
Jan 09 01:47:01 京东账号1jd_187425zqg
Jan 09 01:47:01 今日签到成功，获得签到得积分 🐶
Jan 09 01:47:01 
Jan 09 01:47:01 
Jan 09 01:47:01 🔔京东快递签到, 结束! 🕛 0.708 秒
Jan 09 01:47:01 
