Jan 07 12:10:01 
Jan 07 12:10:01 🔔京东直播, 开始!
Jan 07 12:10:01 
Jan 07 12:10:01 ====================共1个京东账号Cookie=========
Jan 07 12:10:01 
Jan 07 12:10:01 ==================脚本执行- 北京时间(UTC+8)：2022/1/7 下午12:10:01=====================
Jan 07 12:10:01 
Jan 07 12:10:03 
Jan 07 12:10:03 ******开始【京东账号1】jd_187425zqg*********
Jan 07 12:10:03 
Jan 07 12:10:04 去做分享直播间任务
Jan 07 12:10:04 任务领奖失败，京豆与你擦肩而过，看看其他活动吧！
Jan 07 12:10:04 去做浏览直播间任务
Jan 07 12:10:04 任务领奖失败，京豆与你擦肩而过，看看其他活动吧！
Jan 07 12:10:05 任务领奖失败，京豆与你擦肩而过，马上进入精彩内容！
Jan 07 12:10:05 
Jan 07 12:10:05 
Jan 07 12:10:05 京东账号1jd_187425zqg
Jan 07 12:10:05 领奖完成，共计获得 0 京豆
Jan 07 12:10:05 
Jan 07 12:10:05 
Jan 07 12:10:05 🔔京东直播, 结束! 🕛 3.603 秒
Jan 07 12:10:05 
Jan 07 13:10:01 
Jan 07 13:10:01 🔔京东直播, 开始!
Jan 07 13:10:01 
Jan 07 13:10:01 ====================共1个京东账号Cookie=========
Jan 07 13:10:01 
Jan 07 13:10:01 ==================脚本执行- 北京时间(UTC+8)：2022/1/7 下午1:10:01=====================
Jan 07 13:10:01 
Jan 07 13:10:02 
Jan 07 13:10:02 ******开始【京东账号1】jd_739d55b768da0*********
Jan 07 13:10:02 
Jan 07 13:10:03 去做分享直播间任务
Jan 07 13:10:03 任务领奖失败，京豆与你擦肩而过，看看其他活动吧！
Jan 07 13:10:03 去做浏览直播间任务
Jan 07 13:10:03 任务领奖失败，京豆与你擦肩而过，看看其他活动吧！
Jan 07 13:10:03 任务领奖失败，京豆与你擦肩而过，马上进入精彩内容！
Jan 07 13:10:03 
Jan 07 13:10:03 
Jan 07 13:10:03 京东账号1jd_739d55b768da0
Jan 07 13:10:03 领奖完成，共计获得 0 京豆
Jan 07 13:10:03 
Jan 07 13:10:03 
Jan 07 13:10:03 🔔京东直播, 结束! 🕛 2.737 秒
Jan 07 13:10:03 
Jan 07 14:10:01 
Jan 07 14:10:01 🔔京东直播, 开始!
Jan 07 14:10:01 
Jan 07 14:10:01 ====================共1个京东账号Cookie=========
Jan 07 14:10:01 
Jan 07 14:10:01 ==================脚本执行- 北京时间(UTC+8)：2022/1/7 下午2:10:01=====================
Jan 07 14:10:01 
Jan 07 14:10:02 
Jan 07 14:10:02 ******开始【京东账号1】jd_187425zqg*********
Jan 07 14:10:02 
Jan 07 14:10:03 去做分享直播间任务
Jan 07 14:10:03 任务领奖失败，京豆与你擦肩而过
Jan 07 14:10:03 去做浏览直播间任务
Jan 07 14:10:03 任务领奖失败，京豆与你擦肩而过
Jan 07 14:10:03 任务领奖失败，京豆与你擦肩而过，马上进入精彩内容！
Jan 07 14:10:03 
Jan 07 14:10:03 
Jan 07 14:10:03 京东账号1jd_187425zqg
Jan 07 14:10:03 领奖完成，共计获得 0 京豆
Jan 07 14:10:03 
Jan 07 14:10:03 
Jan 07 14:10:03 🔔京东直播, 结束! 🕛 2.584 秒
Jan 07 14:10:03 
Jan 08 12:10:01 
Jan 08 12:10:01 🔔京东直播, 开始!
Jan 08 12:10:01 
Jan 08 12:10:01 ====================共1个京东账号Cookie=========
Jan 08 12:10:01 
Jan 08 12:10:01 ==================脚本执行- 北京时间(UTC+8)：2022/1/8 下午12:10:01=====================
Jan 08 12:10:01 
Jan 08 12:10:03 
Jan 08 12:10:03 ******开始【京东账号1】jd_739d55b768da0*********
Jan 08 12:10:03 
Jan 08 12:10:04 去做分享直播间任务
Jan 08 12:10:04 任务领奖失败，京豆与你擦肩而过，看看其他活动吧！
Jan 08 12:10:04 去做浏览直播间任务
Jan 08 12:10:04 任务领奖失败，京豆与你擦肩而过，看看其他活动吧！
Jan 08 12:10:04 任务领奖失败，京豆与你擦肩而过，马上进入精彩内容！
Jan 08 12:10:04 
Jan 08 12:10:04 
Jan 08 12:10:04 京东账号1jd_739d55b768da0
Jan 08 12:10:04 领奖完成，共计获得 0 京豆
Jan 08 12:10:04 
Jan 08 12:10:04 
Jan 08 12:10:04 🔔京东直播, 结束! 🕛 3.754 秒
Jan 08 12:10:04 
Jan 08 13:10:00 
Jan 08 13:10:00 🔔京东直播, 开始!
Jan 08 13:10:00 
Jan 08 13:10:00 ====================共1个京东账号Cookie=========
Jan 08 13:10:00 
Jan 08 13:10:01 ==================脚本执行- 北京时间(UTC+8)：2022/1/8 下午1:10:00=====================
Jan 08 13:10:01 
Jan 08 13:10:02 
Jan 08 13:10:02 ******开始【京东账号1】jd_187425zqg*********
Jan 08 13:10:02 
Jan 08 13:10:02 去做分享直播间任务
Jan 08 13:10:03 任务领奖失败，京豆与你擦肩而过，看看其他活动吧！
Jan 08 13:10:03 去做浏览直播间任务
Jan 08 13:10:04 任务领奖失败，京豆与你擦肩而过，看看其他活动吧！
Jan 08 13:10:04 任务领奖失败，京豆与你擦肩而过，马上进入精彩内容！
Jan 08 13:10:04 
Jan 08 13:10:04 
Jan 08 13:10:04 京东账号1jd_187425zqg
Jan 08 13:10:04 领奖完成，共计获得 0 京豆
Jan 08 13:10:04 
Jan 08 13:10:04 
Jan 08 13:10:04 🔔京东直播, 结束! 🕛 3.65 秒
Jan 08 13:10:04 
Jan 08 14:10:00 
Jan 08 14:10:00 🔔京东直播, 开始!
Jan 08 14:10:00 
Jan 08 14:10:00 ====================共1个京东账号Cookie=========
Jan 08 14:10:00 
Jan 08 14:10:01 ==================脚本执行- 北京时间(UTC+8)：2022/1/8 下午2:10:00=====================
Jan 08 14:10:01 
Jan 08 14:10:02 
Jan 08 14:10:02 ******开始【京东账号1】jd_187425zqg*********
Jan 08 14:10:02 
Jan 08 14:10:02 去做分享直播间任务
Jan 08 14:10:03 任务领奖失败，京豆与你擦肩而过
Jan 08 14:10:03 去做浏览直播间任务
Jan 08 14:10:03 任务领奖失败，京豆与你擦肩而过
Jan 08 14:10:03 任务领奖失败，京豆与你擦肩而过，马上进入精彩内容！
Jan 08 14:10:03 
Jan 08 14:10:03 
Jan 08 14:10:03 京东账号1jd_187425zqg
Jan 08 14:10:03 领奖完成，共计获得 0 京豆
Jan 08 14:10:03 
Jan 08 14:10:03 
Jan 08 14:10:03 🔔京东直播, 结束! 🕛 2.702 秒
Jan 08 14:10:03 
Jan 09 12:10:00 
Jan 09 12:10:00 🔔京东直播, 开始!
Jan 09 12:10:00 
Jan 09 12:10:00 ====================共1个京东账号Cookie=========
Jan 09 12:10:00 
Jan 09 12:10:00 ==================脚本执行- 北京时间(UTC+8)：2022/1/9 下午12:10:00=====================
Jan 09 12:10:00 
Jan 09 12:10:02 
Jan 09 12:10:02 ******开始【京东账号1】jd_187425zqg*********
Jan 09 12:10:02 
Jan 09 12:10:07 任务领奖失败，京豆与你擦肩而过，看看其他活动吧！
Jan 09 12:10:13 任务领奖失败，京豆与你擦肩而过，看看其他活动吧！
Jan 09 12:10:17 任务领奖失败，京豆与你擦肩而过，看看其他活动吧！
Jan 09 12:10:17 去做分享直播间任务
Jan 09 12:10:17 任务领奖失败，京豆与你擦肩而过，看看其他活动吧！
Jan 09 12:10:17 去做浏览直播间任务
Jan 09 12:10:17 任务领奖失败，京豆与你擦肩而过，看看其他活动吧！
Jan 09 12:10:17 任务领奖失败，京豆与你擦肩而过，马上进入精彩内容！
Jan 09 12:10:17 
Jan 09 12:10:17 
Jan 09 12:10:17 京东账号1jd_187425zqg
Jan 09 12:10:17 领奖完成，共计获得 0 京豆
Jan 09 12:10:17 
Jan 09 12:10:17 
Jan 09 12:10:17 🔔京东直播, 结束! 🕛 17.512 秒
Jan 09 12:10:17 
Jan 09 13:10:00 
Jan 09 13:10:00 🔔京东直播, 开始!
Jan 09 13:10:00 
Jan 09 13:10:00 ====================共1个京东账号Cookie=========
Jan 09 13:10:00 
Jan 09 13:10:00 ==================脚本执行- 北京时间(UTC+8)：2022/1/9 下午1:10:00=====================
Jan 09 13:10:00 
Jan 09 13:10:01 
Jan 09 13:10:01 ******开始【京东账号1】jd_187425zqg*********
Jan 09 13:10:01 
Jan 09 13:10:02 去做分享直播间任务
Jan 09 13:10:02 任务领奖失败，京豆与你擦肩而过，看看其他活动吧！
Jan 09 13:10:02 去做浏览直播间任务
Jan 09 13:10:02 任务领奖失败，京豆与你擦肩而过，看看其他活动吧！
Jan 09 13:10:02 任务领奖失败，京豆与你擦肩而过，马上进入精彩内容！
Jan 09 13:10:02 
Jan 09 13:10:02 
Jan 09 13:10:02 京东账号1jd_187425zqg
Jan 09 13:10:02 领奖完成，共计获得 0 京豆
Jan 09 13:10:02 
Jan 09 13:10:02 
Jan 09 13:10:02 🔔京东直播, 结束! 🕛 2.566 秒
Jan 09 13:10:02 
Jan 09 14:10:00 
Jan 09 14:10:00 🔔京东直播, 开始!
Jan 09 14:10:00 
Jan 09 14:10:00 ====================共1个京东账号Cookie=========
Jan 09 14:10:00 
Jan 09 14:10:01 ==================脚本执行- 北京时间(UTC+8)：2022/1/9 下午2:10:00=====================
Jan 09 14:10:01 
Jan 09 14:10:02 
Jan 09 14:10:02 ******开始【京东账号1】jd_187425zqg*********
Jan 09 14:10:02 
Jan 09 14:10:02 去做分享直播间任务
Jan 09 14:10:03 任务领奖失败，京豆与你擦肩而过
Jan 09 14:10:03 去做浏览直播间任务
Jan 09 14:10:03 任务领奖失败，京豆与你擦肩而过
Jan 09 14:10:03 任务领奖失败，京豆与你擦肩而过，马上进入精彩内容！
Jan 09 14:10:03 
Jan 09 14:10:03 
Jan 09 14:10:03 京东账号1jd_187425zqg
Jan 09 14:10:03 领奖完成，共计获得 0 京豆
Jan 09 14:10:03 
Jan 09 14:10:03 
Jan 09 14:10:03 🔔京东直播, 结束! 🕛 2.844 秒
Jan 09 14:10:03 
