Jan 07 06:10:00 
Jan 07 06:10:00 🔔京东秒秒币, 开始!
Jan 07 06:10:00 
Jan 07 06:10:00 ====================共1个京东账号Cookie=========
Jan 07 06:10:00 
Jan 07 06:10:00 ==================脚本执行- 北京时间(UTC+8)：2022/1/7 上午6:10:00=====================
Jan 07 06:10:00 
Jan 07 06:10:00 
Jan 07 06:10:00 ******开始【京东账号1】jd_187425zqg*********
Jan 07 06:10:00 
Jan 07 06:10:00 活动名称：秒杀红包二期正式
Jan 07 06:10:01 去做浏览秒杀超值好物任务：1/2
Jan 07 06:10:01 场景匹配失败
Jan 07 06:10:02 场景匹配失败
Jan 07 06:10:02 去做浏览秒杀超值好物任务：2/2
Jan 07 06:10:02 场景匹配失败
Jan 07 06:10:02 场景匹配失败
Jan 07 06:10:02 去做浏览秒杀优选店铺任务：1/2
Jan 07 06:10:03 场景匹配失败
Jan 07 06:10:18 场景匹配失败
Jan 07 06:10:18 去做浏览秒杀优选店铺任务：2/2
Jan 07 06:10:18 场景匹配失败
Jan 07 06:10:34 场景匹配失败
Jan 07 06:10:34 去做关注秒杀优选店铺任务：1/3
Jan 07 06:10:34 场景匹配失败
Jan 07 06:10:35 去做关注秒杀优选店铺任务：2/3
Jan 07 06:10:35 场景匹配失败
Jan 07 06:10:36 去做关注秒杀优选店铺任务：3/3
Jan 07 06:10:36 场景匹配失败
Jan 07 06:10:37 去做特价5折馆任务：1/1
Jan 07 06:10:37 场景匹配失败
Jan 07 06:10:53 场景匹配失败
Jan 07 06:10:53 去做京品好物会场任务：1/1
Jan 07 06:10:53 场景匹配失败
Jan 07 06:11:09 场景匹配失败
Jan 07 06:11:09 去做分享秒杀领红包活动任务：1/6
Jan 07 06:11:09 场景匹配失败
Jan 07 06:11:10 去做分享秒杀领红包活动任务：2/6
Jan 07 06:11:10 场景匹配失败
Jan 07 06:11:11 去做分享秒杀领红包活动任务：3/6
Jan 07 06:11:11 场景匹配失败
Jan 07 06:11:12 去做分享秒杀领红包活动任务：4/6
Jan 07 06:11:12 场景匹配失败
Jan 07 06:11:13 去做分享秒杀领红包活动任务：5/6
Jan 07 06:11:14 场景匹配失败
Jan 07 06:11:15 去做分享秒杀领红包活动任务：6/6
Jan 07 06:11:15 场景匹配失败
Jan 07 06:11:16 去做签到红包任务：1/1
Jan 07 06:11:16 场景匹配失败
Jan 07 06:11:17 去做签到红包任务：1/1
Jan 07 06:11:17 场景匹配失败
Jan 07 06:11:18 
Jan 07 06:11:18 ==============📣系统通知📣==============
Jan 07 06:11:18 京东秒秒币
Jan 07 06:11:18 京东账号1jd_187425zqg
Jan 07 06:11:18 本次运行获得秒秒币0枚，共0枚
Jan 07 06:11:18 
Jan 07 06:11:18 🔔京东秒秒币, 结束! 🕛 78.646 秒
Jan 07 06:11:18 
Jan 07 21:10:00 
Jan 07 21:10:00 🔔京东秒秒币, 开始!
Jan 07 21:10:00 
Jan 07 21:10:00 ====================共1个京东账号Cookie=========
Jan 07 21:10:00 
Jan 07 21:10:00 ==================脚本执行- 北京时间(UTC+8)：2022/1/7 下午9:10:00=====================
Jan 07 21:10:00 
Jan 07 21:10:02 
Jan 07 21:10:02 ******开始【京东账号1】jd_187425zqg*********
Jan 07 21:10:02 
Jan 07 21:10:02 活动名称：秒杀红包二期正式
Jan 07 21:10:02 去做浏览秒杀超值好物任务：1/2
Jan 07 21:10:02 场景匹配失败
Jan 07 21:10:03 场景匹配失败
Jan 07 21:10:03 去做浏览秒杀超值好物任务：2/2
Jan 07 21:10:03 场景匹配失败
Jan 07 21:10:04 场景匹配失败
Jan 07 21:10:04 去做浏览秒杀优选店铺任务：1/2
Jan 07 21:10:04 场景匹配失败
Jan 07 21:10:20 场景匹配失败
Jan 07 21:10:20 去做浏览秒杀优选店铺任务：2/2
Jan 07 21:10:20 场景匹配失败
Jan 07 21:10:35 场景匹配失败
Jan 07 21:10:35 去做关注秒杀优选店铺任务：1/3
Jan 07 21:10:36 场景匹配失败
Jan 07 21:10:37 去做关注秒杀优选店铺任务：2/3
Jan 07 21:10:37 场景匹配失败
Jan 07 21:10:38 去做关注秒杀优选店铺任务：3/3
Jan 07 21:10:38 场景匹配失败
Jan 07 21:10:39 去做特价5折馆任务：1/1
Jan 07 21:10:39 场景匹配失败
Jan 07 21:10:55 场景匹配失败
Jan 07 21:10:55 去做京品好物会场任务：1/1
Jan 07 21:10:55 场景匹配失败
Jan 07 21:11:11 场景匹配失败
Jan 07 21:11:11 去做分享秒杀领红包活动任务：1/6
Jan 07 21:11:11 场景匹配失败
Jan 07 21:11:12 去做分享秒杀领红包活动任务：2/6
Jan 07 21:11:12 场景匹配失败
Jan 07 21:11:13 去做分享秒杀领红包活动任务：3/6
Jan 07 21:11:13 场景匹配失败
Jan 07 21:11:14 去做分享秒杀领红包活动任务：4/6
Jan 07 21:11:14 场景匹配失败
Jan 07 21:11:15 去做分享秒杀领红包活动任务：5/6
Jan 07 21:11:15 场景匹配失败
Jan 07 21:11:16 去做分享秒杀领红包活动任务：6/6
Jan 07 21:11:16 场景匹配失败
Jan 07 21:11:17 去做签到红包任务：1/1
Jan 07 21:11:18 场景匹配失败
Jan 07 21:11:19 去做签到红包任务：1/1
Jan 07 21:11:19 场景匹配失败
Jan 07 21:11:20 
Jan 07 21:11:20 ==============📣系统通知📣==============
Jan 07 21:11:20 京东秒秒币
Jan 07 21:11:20 京东账号1jd_187425zqg
Jan 07 21:11:20 本次运行获得秒秒币0枚，共0枚
Jan 07 21:11:20 
Jan 07 21:11:20 🔔京东秒秒币, 结束! 🕛 80.023 秒
Jan 07 21:11:20 
Jan 08 06:10:01 
Jan 08 06:10:01 🔔京东秒秒币, 开始!
Jan 08 06:10:01 
Jan 08 06:10:01 ====================共1个京东账号Cookie=========
Jan 08 06:10:01 
Jan 08 06:10:01 ==================脚本执行- 北京时间(UTC+8)：2022/1/8 上午6:10:01=====================
Jan 08 06:10:01 
Jan 08 06:10:01 
Jan 08 06:10:01 ******开始【京东账号1】jd_187425zqg*********
Jan 08 06:10:01 
Jan 08 06:10:01 活动名称：秒杀红包二期正式
Jan 08 06:10:02 去做浏览秒杀超值好物任务：1/2
Jan 08 06:10:02 场景匹配失败
Jan 08 06:10:03 场景匹配失败
Jan 08 06:10:03 去做浏览秒杀超值好物任务：2/2
Jan 08 06:10:03 场景匹配失败
Jan 08 06:10:03 场景匹配失败
Jan 08 06:10:03 去做浏览秒杀优选店铺任务：1/2
Jan 08 06:10:04 场景匹配失败
Jan 08 06:10:19 场景匹配失败
Jan 08 06:10:19 去做浏览秒杀优选店铺任务：2/2
Jan 08 06:10:19 场景匹配失败
Jan 08 06:10:35 场景匹配失败
Jan 08 06:10:35 去做关注秒杀优选店铺任务：1/3
Jan 08 06:10:35 场景匹配失败
Jan 08 06:10:36 去做关注秒杀优选店铺任务：2/3
Jan 08 06:10:36 场景匹配失败
Jan 08 06:10:37 去做关注秒杀优选店铺任务：3/3
Jan 08 06:10:37 场景匹配失败
Jan 08 06:10:38 去做特价5折馆任务：1/1
Jan 08 06:10:39 场景匹配失败
Jan 08 06:10:54 场景匹配失败
Jan 08 06:10:54 去做京品好物会场任务：1/1
Jan 08 06:10:54 场景匹配失败
Jan 08 06:11:10 场景匹配失败
Jan 08 06:11:10 去做分享秒杀领红包活动任务：1/6
Jan 08 06:11:10 场景匹配失败
Jan 08 06:11:11 去做分享秒杀领红包活动任务：2/6
Jan 08 06:11:11 场景匹配失败
Jan 08 06:11:12 去做分享秒杀领红包活动任务：3/6
Jan 08 06:11:12 场景匹配失败
Jan 08 06:11:13 去做分享秒杀领红包活动任务：4/6
Jan 08 06:11:14 场景匹配失败
Jan 08 06:11:15 去做分享秒杀领红包活动任务：5/6
Jan 08 06:11:15 场景匹配失败
Jan 08 06:11:16 去做分享秒杀领红包活动任务：6/6
Jan 08 06:11:16 场景匹配失败
Jan 08 06:11:17 去做签到红包任务：1/1
Jan 08 06:11:17 场景匹配失败
Jan 08 06:11:18 去做签到红包任务：1/1
Jan 08 06:11:18 场景匹配失败
Jan 08 06:11:19 
Jan 08 06:11:19 ==============📣系统通知📣==============
Jan 08 06:11:19 京东秒秒币
Jan 08 06:11:19 京东账号1jd_187425zqg
Jan 08 06:11:19 本次运行获得秒秒币0枚，共0枚
Jan 08 06:11:19 
Jan 08 06:11:19 🔔京东秒秒币, 结束! 🕛 78.818 秒
Jan 08 06:11:19 
Jan 08 21:10:01 
Jan 08 21:10:01 🔔京东秒秒币, 开始!
Jan 08 21:10:01 
Jan 08 21:10:01 ====================共1个京东账号Cookie=========
Jan 08 21:10:01 
Jan 08 21:10:01 ==================脚本执行- 北京时间(UTC+8)：2022/1/8 下午9:10:01=====================
Jan 08 21:10:01 
Jan 08 21:10:02 
Jan 08 21:10:02 ******开始【京东账号1】jd_739d55b768da0*********
Jan 08 21:10:02 
Jan 08 21:10:02 活动名称：秒杀红包二期正式
Jan 08 21:10:03 去做浏览秒杀超值好物任务：1/2
Jan 08 21:10:03 场景匹配失败
Jan 08 21:10:04 场景匹配失败
Jan 08 21:10:04 去做浏览秒杀超值好物任务：2/2
Jan 08 21:10:04 场景匹配失败
Jan 08 21:10:05 场景匹配失败
Jan 08 21:10:05 去做浏览秒杀优选店铺任务：1/2
Jan 08 21:10:05 场景匹配失败
Jan 08 21:10:20 场景匹配失败
Jan 08 21:10:20 去做浏览秒杀优选店铺任务：2/2
Jan 08 21:10:21 场景匹配失败
Jan 08 21:10:36 场景匹配失败
Jan 08 21:10:36 去做关注秒杀优选店铺任务：1/3
Jan 08 21:10:36 场景匹配失败
Jan 08 21:10:37 去做关注秒杀优选店铺任务：2/3
Jan 08 21:10:38 场景匹配失败
Jan 08 21:10:39 去做关注秒杀优选店铺任务：3/3
Jan 08 21:10:39 场景匹配失败
Jan 08 21:10:40 去做特价5折馆任务：1/1
Jan 08 21:10:40 场景匹配失败
Jan 08 21:10:55 场景匹配失败
Jan 08 21:10:55 去做京品好物会场任务：1/1
Jan 08 21:10:56 场景匹配失败
Jan 08 21:11:11 场景匹配失败
Jan 08 21:11:11 去做分享秒杀领红包活动任务：1/6
Jan 08 21:11:11 场景匹配失败
Jan 08 21:11:12 去做分享秒杀领红包活动任务：2/6
Jan 08 21:11:13 场景匹配失败
Jan 08 21:11:14 去做分享秒杀领红包活动任务：3/6
Jan 08 21:11:14 场景匹配失败
Jan 08 21:11:15 去做分享秒杀领红包活动任务：4/6
Jan 08 21:11:15 场景匹配失败
Jan 08 21:11:16 去做分享秒杀领红包活动任务：5/6
Jan 08 21:11:16 场景匹配失败
Jan 08 21:11:17 去做分享秒杀领红包活动任务：6/6
Jan 08 21:11:17 场景匹配失败
Jan 08 21:11:18 去做签到红包任务：1/1
Jan 08 21:11:18 场景匹配失败
Jan 08 21:11:19 去做签到红包任务：1/1
Jan 08 21:11:19 场景匹配失败
Jan 08 21:11:21 
Jan 08 21:11:21 ==============📣系统通知📣==============
Jan 08 21:11:21 京东秒秒币
Jan 08 21:11:21 京东账号1jd_739d55b768da0
Jan 08 21:11:21 本次运行获得秒秒币0枚，共0枚
Jan 08 21:11:21 
Jan 08 21:11:21 🔔京东秒秒币, 结束! 🕛 79.576 秒
Jan 08 21:11:21 
Jan 09 06:10:00 
Jan 09 06:10:00 🔔京东秒秒币, 开始!
Jan 09 06:10:00 
Jan 09 06:10:00 ====================共1个京东账号Cookie=========
Jan 09 06:10:00 
Jan 09 06:10:00 ==================脚本执行- 北京时间(UTC+8)：2022/1/9 上午6:10:00=====================
Jan 09 06:10:00 
Jan 09 06:10:01 
Jan 09 06:10:01 ******开始【京东账号1】jd_187425zqg*********
Jan 09 06:10:01 
Jan 09 06:10:01 活动名称：秒杀红包二期正式
Jan 09 06:10:02 去做浏览秒杀超值好物任务：1/2
Jan 09 06:10:02 场景匹配失败
Jan 09 06:10:02 场景匹配失败
Jan 09 06:10:02 去做浏览秒杀超值好物任务：2/2
Jan 09 06:10:02 场景匹配失败
Jan 09 06:10:03 场景匹配失败
Jan 09 06:10:03 去做浏览秒杀优选店铺任务：1/2
Jan 09 06:10:03 场景匹配失败
Jan 09 06:10:19 场景匹配失败
Jan 09 06:10:19 去做浏览秒杀优选店铺任务：2/2
Jan 09 06:10:19 场景匹配失败
Jan 09 06:10:35 场景匹配失败
Jan 09 06:10:35 去做关注秒杀优选店铺任务：1/3
Jan 09 06:10:35 场景匹配失败
Jan 09 06:10:36 去做关注秒杀优选店铺任务：2/3
Jan 09 06:10:36 场景匹配失败
Jan 09 06:10:37 去做关注秒杀优选店铺任务：3/3
Jan 09 06:10:37 场景匹配失败
Jan 09 06:10:38 去做特价5折馆任务：1/1
Jan 09 06:10:38 场景匹配失败
Jan 09 06:10:54 场景匹配失败
Jan 09 06:10:54 去做京品好物会场任务：1/1
Jan 09 06:10:54 场景匹配失败
Jan 09 06:11:10 场景匹配失败
Jan 09 06:11:10 去做分享秒杀领红包活动任务：1/6
Jan 09 06:11:10 场景匹配失败
Jan 09 06:11:11 去做分享秒杀领红包活动任务：2/6
Jan 09 06:11:11 场景匹配失败
Jan 09 06:11:12 去做分享秒杀领红包活动任务：3/6
Jan 09 06:11:12 场景匹配失败
Jan 09 06:11:13 去做分享秒杀领红包活动任务：4/6
Jan 09 06:11:13 场景匹配失败
Jan 09 06:11:14 去做分享秒杀领红包活动任务：5/6
Jan 09 06:11:14 场景匹配失败
Jan 09 06:11:15 去做分享秒杀领红包活动任务：6/6
Jan 09 06:11:15 场景匹配失败
Jan 09 06:11:16 去做签到红包任务：1/1
Jan 09 06:11:17 场景匹配失败
Jan 09 06:11:18 去做签到红包任务：1/1
Jan 09 06:11:18 场景匹配失败
Jan 09 06:11:19 
Jan 09 06:11:19 ==============📣系统通知📣==============
Jan 09 06:11:19 京东秒秒币
Jan 09 06:11:19 京东账号1jd_187425zqg
Jan 09 06:11:19 本次运行获得秒秒币0枚，共0枚
Jan 09 06:11:19 
Jan 09 06:11:19 🔔京东秒秒币, 结束! 🕛 78.836 秒
Jan 09 06:11:19 
Jan 09 21:10:01 
Jan 09 21:10:01 🔔京东秒秒币, 开始!
Jan 09 21:10:01 
Jan 09 21:10:01 ====================共1个京东账号Cookie=========
Jan 09 21:10:01 
Jan 09 21:10:01 ==================脚本执行- 北京时间(UTC+8)：2022/1/9 下午9:10:01=====================
Jan 09 21:10:01 
Jan 09 21:10:02 
Jan 09 21:10:02 ******开始【京东账号1】jd_187425zqg*********
Jan 09 21:10:02 
Jan 09 21:10:02 活动名称：秒杀红包二期正式
Jan 09 21:10:03 去做浏览秒杀超值好物任务：1/2
Jan 09 21:10:03 场景匹配失败
Jan 09 21:10:04 场景匹配失败
Jan 09 21:10:04 去做浏览秒杀超值好物任务：2/2
Jan 09 21:10:04 场景匹配失败
Jan 09 21:10:05 场景匹配失败
Jan 09 21:10:05 去做浏览秒杀优选店铺任务：1/2
Jan 09 21:10:05 场景匹配失败
Jan 09 21:10:20 场景匹配失败
Jan 09 21:10:20 去做浏览秒杀优选店铺任务：2/2
Jan 09 21:10:21 场景匹配失败
Jan 09 21:10:36 场景匹配失败
Jan 09 21:10:36 去做关注秒杀优选店铺任务：1/3
Jan 09 21:10:36 场景匹配失败
Jan 09 21:10:37 去做关注秒杀优选店铺任务：2/3
Jan 09 21:10:37 场景匹配失败
Jan 09 21:10:38 去做关注秒杀优选店铺任务：3/3
Jan 09 21:10:39 场景匹配失败
Jan 09 21:10:40 去做特价5折馆任务：1/1
Jan 09 21:10:40 场景匹配失败
Jan 09 21:10:55 场景匹配失败
Jan 09 21:10:55 去做京品好物会场任务：1/1
Jan 09 21:10:56 场景匹配失败
Jan 09 21:11:11 场景匹配失败
Jan 09 21:11:11 去做分享秒杀领红包活动任务：1/6
Jan 09 21:11:11 场景匹配失败
Jan 09 21:11:12 去做分享秒杀领红包活动任务：2/6
Jan 09 21:11:12 场景匹配失败
Jan 09 21:11:13 去做分享秒杀领红包活动任务：3/6
Jan 09 21:11:14 场景匹配失败
Jan 09 21:11:15 去做分享秒杀领红包活动任务：4/6
Jan 09 21:11:15 场景匹配失败
Jan 09 21:11:16 去做分享秒杀领红包活动任务：5/6
Jan 09 21:11:16 场景匹配失败
Jan 09 21:11:17 去做分享秒杀领红包活动任务：6/6
Jan 09 21:11:17 场景匹配失败
Jan 09 21:11:18 去做签到红包任务：1/1
Jan 09 21:11:18 场景匹配失败
Jan 09 21:11:19 去做签到红包任务：1/1
Jan 09 21:11:19 场景匹配失败
Jan 09 21:11:21 
Jan 09 21:11:21 ==============📣系统通知📣==============
Jan 09 21:11:21 京东秒秒币
Jan 09 21:11:21 京东账号1jd_187425zqg
Jan 09 21:11:21 本次运行获得秒秒币0枚，共0枚
Jan 09 21:11:21 
Jan 09 21:11:21 🔔京东秒秒币, 结束! 🕛 79.633 秒
Jan 09 21:11:21 
