Jan 07 06:35:00 
Jan 07 06:35:00 🔔东东萌宠, 开始!
Jan 07 06:35:00 开始获取东东萌宠配置文件
Jan 07 06:35:00 
Jan 07 06:35:00 
Jan 07 06:35:00 ====================共1个京东账号Cookie=========
Jan 07 06:35:00 
Jan 07 06:35:00 ==================脚本执行- 北京时间(UTC+8)：2022/1/7 上午6:35:00=====================
Jan 07 06:35:00 
Jan 07 06:35:00 共1个京东账号
Jan 07 06:35:00 
Jan 07 06:35:00 您提供了1个账号的东东萌宠助力码
Jan 07 06:35:00 
Jan 07 06:35:00 
Jan 07 06:35:00 开始【京东账号1】jd_187425zqg
Jan 07 06:35:00 
Jan 07 06:35:01 随机取个20码放到您固定的互助码后面(不影响已有固定互助)
Jan 07 06:35:01 第1个京东账号将要助力的好友["MTE1NDAxNzcwMDAwMDAwMzg2NDk3MDM=","MTEzMzI0OTE0NTAwMDAwMDA0MjU2Mzc1OQ==","MTE1NDUwMTI0MDAwMDAwMDQ1MjMwMTM3","MTE5MzEwNTEzODAwMDAwMDA1MzU0ODI2Nw==","MTE1NDQ5OTUwMDAwMDAwNDM1OTg0MzM=","MTE1NDAxNzgwMDAwMDAwNDQzMjI4ODE=","MTEyNjkzMjAwMDAwMDAwMDUyODM0MzUx","MTAxODc2NTEzNTAwMDAwMDAwNjc1NTk3OQ==","MTE1NDAxNzgwMDAwMDAwNDI5Njk3MDE=","MTAxNzIxMDc1MTAwMDAwMDA1MTYyMTA5MQ==","MTE1NDAxNzgwMDAwMDAwMzgzMzUwNjE=","MTE1NDY3NTIwMDAwMDAwNjE5NzMxMjk=","MTEzMzI1MTE4NTAwMDAwMDA1MDc1Mjg0Mw==","MTEyNjE4NjQ2MDAwMDAwMDU0NTcyNDQx","MTE1NDUwMTI0MDAwMDAwMDQ1MTk4ODEz","MTE1MzEzNjI2MDAwMDAwMDUzNzQzNjc1","MTEyOTEzNzMzMDAwMDAwMDUwNTM0Njg3","MTEyOTEzNzMzMDAwMDAwMDQ5NzM2Njk1","MTE1NDQ5OTIwMDAwMDAwNDMwNDgxMjk=","MTE1NDAxNzcwMDAwMDAwMzgzOTU1NjM=","MTAxODc2NTEzMjAwMDAwMDAyMDgyNjQ4MQ=="]
Jan 07 06:35:04 开始助力京东账号1 - jd_187425zqg的好友: MTE1NDAxNzcwMDAwMDAwMzg2NDk3MDM=
Jan 07 06:35:07 已给好友: 【15305562330_p】助力成功
Jan 07 06:35:09 开始助力京东账号1 - jd_187425zqg的好友: MTEzMzI0OTE0NTAwMDAwMDA0MjU2Mzc1OQ==
Jan 07 06:35:12 该好友gz_hausthy已满5人助力，无需您再次助力
Jan 07 06:35:14 开始助力京东账号1 - jd_187425zqg的好友: MTE1NDUwMTI0MDAwMDAwMDQ1MjMwMTM3
Jan 07 06:35:17 该好友jd_131899lzzg已满5人助力，无需您再次助力
Jan 07 06:35:19 开始助力京东账号1 - jd_187425zqg的好友: MTE5MzEwNTEzODAwMDAwMDA1MzU0ODI2Nw==
Jan 07 06:35:23 该好友洋甘菊1已满5人助力，无需您再次助力
Jan 07 06:35:25 开始助力京东账号1 - jd_187425zqg的好友: MTE1NDQ5OTUwMDAwMDAwNDM1OTg0MzM=
Jan 07 06:35:28 该好友jd_131484azls已满5人助力，无需您再次助力
Jan 07 06:35:30 开始助力京东账号1 - jd_187425zqg的好友: MTE1NDAxNzgwMDAwMDAwNDQzMjI4ODE=
Jan 07 06:35:33 该好友jd_187712ihm已满5人助力，无需您再次助力
Jan 07 06:35:35 开始助力京东账号1 - jd_187425zqg的好友: MTEyNjkzMjAwMDAwMDAwMDUyODM0MzUx
Jan 07 06:35:38 该好友tangxmei10已满5人助力，无需您再次助力
Jan 07 06:35:40 开始助力京东账号1 - jd_187425zqg的好友: MTAxODc2NTEzNTAwMDAwMDAwNjc1NTk3OQ==
Jan 07 06:35:43 该好友Na0803已满5人助力，无需您再次助力
Jan 07 06:35:45 开始助力京东账号1 - jd_187425zqg的好友: MTE1NDAxNzgwMDAwMDAwNDI5Njk3MDE=
Jan 07 06:35:48 该好友jd_ynxjAskMKjzL已满5人助力，无需您再次助力
Jan 07 06:35:50 开始助力京东账号1 - jd_187425zqg的好友: MTAxNzIxMDc1MTAwMDAwMDA1MTYyMTA5MQ==
Jan 07 06:35:53 该好友京东用户已满5人助力，无需您再次助力
Jan 07 06:35:55 开始助力京东账号1 - jd_187425zqg的好友: MTE1NDAxNzgwMDAwMDAwMzgzMzUwNjE=
Jan 07 06:35:59 该好友晚枫1024已满5人助力，无需您再次助力
Jan 07 06:36:01 开始助力京东账号1 - jd_187425zqg的好友: MTE1NDY3NTIwMDAwMDAwNjE5NzMxMjk=
Jan 07 06:36:04 该好友jd_132281dwg已满5人助力，无需您再次助力
Jan 07 06:36:06 开始助力京东账号1 - jd_187425zqg的好友: MTEzMzI1MTE4NTAwMDAwMDA1MDc1Mjg0Mw==
Jan 07 06:36:09 该好友爱晓慧丫头已满5人助力，无需您再次助力
Jan 07 06:36:11 开始助力京东账号1 - jd_187425zqg的好友: MTEyNjE4NjQ2MDAwMDAwMDU0NTcyNDQx
Jan 07 06:36:14 该好友jd_NiMTmwsbtWaT已满5人助力，无需您再次助力
Jan 07 06:36:16 开始助力京东账号1 - jd_187425zqg的好友: MTE1NDUwMTI0MDAwMDAwMDQ1MTk4ODEz
Jan 07 06:36:19 该好友惟爱北海道已满5人助力，无需您再次助力
Jan 07 06:36:21 开始助力京东账号1 - jd_187425zqg的好友: MTE1MzEzNjI2MDAwMDAwMDUzNzQzNjc1
Jan 07 06:36:24 该好友5299--o已满5人助力，无需您再次助力
Jan 07 06:36:26 开始助力京东账号1 - jd_187425zqg的好友: MTEyOTEzNzMzMDAwMDAwMDUwNTM0Njg3
Jan 07 06:36:30 该好友qzxuxiaofeng已满5人助力，无需您再次助力
Jan 07 06:36:32 开始助力京东账号1 - jd_187425zqg的好友: MTEyOTEzNzMzMDAwMDAwMDQ5NzM2Njk1
Jan 07 06:36:35 该好友GodGuideMe已满5人助力，无需您再次助力
Jan 07 06:36:37 开始助力京东账号1 - jd_187425zqg的好友: MTE1NDQ5OTIwMDAwMDAwNDMwNDgxMjk=
Jan 07 06:36:40 该好友gcxrt已满5人助力，无需您再次助力
Jan 07 06:36:42 开始助力京东账号1 - jd_187425zqg的好友: MTE1NDAxNzcwMDAwMDAwMzgzOTU1NjM=
Jan 07 06:36:45 该好友syajp已满5人助力，无需您再次助力
Jan 07 06:36:47 开始助力京东账号1 - jd_187425zqg的好友: MTAxODc2NTEzMjAwMDAwMDAyMDgyNjQ4MQ==
Jan 07 06:36:50 该好友闹醒幌已满5人助力，无需您再次助力
Jan 07 06:36:52 
Jan 07 06:36:52 ==============📣系统通知📣==============
Jan 07 06:36:52 东东萌宠
Jan 07 06:36:52 【京东账号1】jd_187425zqg
Jan 07 06:36:52 【提醒⏰】3层抽纸巾30包已可领取
Jan 07 06:36:52 请去京东APP或微信小程序查看
Jan 07 06:36:52 点击弹窗即达
Jan 07 06:36:52 您未提供push+推送所需的PUSH_PLUS_TOKEN，取消push+推送消息通知🚫
Jan 07 06:36:52 
Jan 07 06:36:56 发送通知调用API失败！！
Jan 07 06:36:56 
Jan 07 06:36:56 RequestError: socket hang up
Jan 07 06:36:56     at ClientRequest.<anonymous> (/scripts/node_modules/.pnpm/got@11.8.3/node_modules/got/dist/source/core/index.js:962:111)
Jan 07 06:36:56     at Object.onceWrapper (node:events:510:26)
Jan 07 06:36:56     at ClientRequest.emit (node:events:402:35)
Jan 07 06:36:56     at ClientRequest.origin.emit (/scripts/node_modules/.pnpm/@szmarczak+http-timer@4.0.6/node_modules/@szmarczak/http-timer/dist/source/index.js:43:20)
Jan 07 06:36:56     at Socket.socketOnEnd (node:_http_client:471:9)
Jan 07 06:36:56     at Socket.emit (node:events:402:35)
Jan 07 06:36:56     at endReadableNT (node:internal/streams/readable:1343:12)
Jan 07 06:36:56     at connResetException (node:internal/errors:691:14)
Jan 07 06:36:56     at Socket.socketOnEnd (node:_http_client:471:23)
Jan 07 06:36:56     at Socket.emit (node:events:402:35)
Jan 07 06:36:56     at endReadableNT (node:internal/streams/readable:1343:12)
Jan 07 06:36:56     at processTicksAndRejections (node:internal/process/task_queues:83:21) {
Jan 07 06:36:56   code: 'ECONNRESET',
Jan 07 06:36:56   timings: {
Jan 07 06:36:56     start: 1641508614913,
Jan 07 06:36:56     socket: 1641508614913,
Jan 07 06:36:56     lookup: 1641508614914,
Jan 07 06:36:56     connect: 1641508616141,
Jan 07 06:36:56     secureConnect: undefined,
Jan 07 06:36:56     upload: 1641508616141,
Jan 07 06:36:56     response: undefined,
Jan 07 06:36:56     end: undefined,
Jan 07 06:36:56     error: 1641508616371,
Jan 07 06:36:56     abort: undefined,
Jan 07 06:36:56     phases: {
Jan 07 06:36:56       wait: 0,
Jan 07 06:36:56       dns: 1,
Jan 07 06:36:56       tcp: 1227,
Jan 07 06:36:56       tls: undefined,
Jan 07 06:36:56       request: 0,
Jan 07 06:36:56       firstByte: undefined,
Jan 07 06:36:56       download: undefined,
Jan 07 06:36:56       total: 1458
Jan 07 06:36:56     }
Jan 07 06:36:56   }
Jan 07 06:36:56 }
Jan 07 06:36:56 您未提供Bark的APP推送BARK_PUSH，取消Bark推送消息通知🚫
Jan 07 06:36:56 
Jan 07 06:36:56 您未提供telegram机器人推送所需的TG_BOT_TOKEN和TG_USER_ID，取消telegram推送消息通知🚫
Jan 07 06:36:56 
Jan 07 06:36:56 您未提供钉钉机器人推送所需的DD_BOT_TOKEN或者DD_BOT_SECRET，取消钉钉推送消息通知🚫
Jan 07 06:36:56 
Jan 07 06:36:56 您未提供企业微信机器人推送所需的QYWX_KEY，取消企业微信推送消息通知🚫
Jan 07 06:36:56 
Jan 07 06:36:56 您未提供企业微信应用消息推送所需的QYWX_AM，取消企业微信应用消息推送消息通知🚫
Jan 07 06:36:56 
Jan 07 06:36:56 您未提供iGot的推送IGOT_PUSH_KEY，取消iGot推送消息通知🚫
Jan 07 06:36:56 
Jan 07 06:36:56 您未提供go-cqhttp所需的GO_CQHTTP_URL、GO_CQHTTP_QQ、GO_CQHTTP_METHOD，取消QQ推送消息通知🚫
Jan 07 06:36:56 
Jan 07 06:36:56 
Jan 07 06:36:56 🔔东东萌宠, 结束! 🕛 116.111 秒
Jan 07 06:36:56 
Jan 07 12:35:00 
Jan 07 12:35:00 🔔东东萌宠, 开始!
Jan 07 12:35:00 开始获取东东萌宠配置文件
Jan 07 12:35:00 
Jan 07 12:35:00 
Jan 07 12:35:00 ====================共1个京东账号Cookie=========
Jan 07 12:35:00 
Jan 07 12:35:00 ==================脚本执行- 北京时间(UTC+8)：2022/1/7 下午12:35:00=====================
Jan 07 12:35:00 
Jan 07 12:35:00 共1个京东账号
Jan 07 12:35:00 
Jan 07 12:35:00 您提供了1个账号的东东萌宠助力码
Jan 07 12:35:00 
Jan 07 12:35:01 
Jan 07 12:35:01 开始【京东账号1】jd_187425zqg
Jan 07 12:35:01 
Jan 07 12:35:01 随机取个20码放到您固定的互助码后面(不影响已有固定互助)
Jan 07 12:35:01 第1个京东账号将要助力的好友["MTE1NDAxNzcwMDAwMDAwMzg2NDk3MDM=","MTAxNzIxMDc1MTAwMDAwMDA1ODUxMTUxNQ==","MTEyNTEyNTE1MDAwMDAwMDA0ODEwOTI2MQ==","MTEyNzEzMjc0MDAwMDAwMDYwODQ2NDcx","MTE1NDAxNzgwMDAwMDAwNDM3MzQ0MTU=","MTE1NDAxNzgwMDAwMDAwNDY3OTU2NTU=","MTEyNDI1MTEyMDAwMDAwMDA0NzIyOTYyMw==","MTE1NDAxNzYwMDAwMDAwNDExMzg5NDk=","MTE1NDUwMTI0MDAwMDAwMDQyMTU0OTk3","MTEyNjkzMjAwMDAwMDAwMDUwOTIwMDg3","MTE1NDY3NTMwMDAwMDAwNTI4NzYyMjE=","MTEyNDI1MTYxMDAwMDAwMDQ4NDA4OTQ5","MTEyNzEzMjc0MDAwMDAwMDY2MDA3MDIx","MTAxODcxOTI2NTAwMDAwMDAxMzAxNjMyNw==","MTAxODc2NTEzOTAwMDAwMDAwODgxMzMwMw==","MTEyNjkzMjAwMDAwMDAwMDU2MjE2ODQx","MTE1NDUyMjEwMDAwMDAwNDM3NDQ5MzU=","MTE1NDY3NTMwMDAwMDAwNjExOTk3MjE=","MTAxODc2NTEzNTAwMDAwMDAyMjk3MDQ5OQ==","MTE5MzEwNTEzODAwMDAwMDA1MzgwMTEyOQ==","MTEyNzEzMjc0MDAwMDAwMDUwMDkzMzU1"]
Jan 07 12:35:04 开始助力京东账号1 - jd_187425zqg的好友: MTE1NDAxNzcwMDAwMDAwMzg2NDk3MDM=
Jan 07 12:35:08 助力好友结果: 已经助过力
Jan 07 12:35:10 开始助力京东账号1 - jd_187425zqg的好友: MTAxNzIxMDc1MTAwMDAwMDA1ODUxMTUxNQ==
Jan 07 12:35:13 该好友jd_182718pmc已满5人助力，无需您再次助力
Jan 07 12:35:15 开始助力京东账号1 - jd_187425zqg的好友: MTEyNTEyNTE1MDAwMDAwMDA0ODEwOTI2MQ==
Jan 07 12:35:18 该好友小墨迹130已满5人助力，无需您再次助力
Jan 07 12:35:20 开始助力京东账号1 - jd_187425zqg的好友: MTEyNzEzMjc0MDAwMDAwMDYwODQ2NDcx
Jan 07 12:35:23 该好友GirZH涵已满5人助力，无需您再次助力
Jan 07 12:35:25 开始助力京东账号1 - jd_187425zqg的好友: MTE1NDAxNzgwMDAwMDAwNDM3MzQ0MTU=
Jan 07 12:35:28 该好友jd_ZbOxyxDkaLLY已满5人助力，无需您再次助力
Jan 07 12:35:30 开始助力京东账号1 - jd_187425zqg的好友: MTE1NDAxNzgwMDAwMDAwNDY3OTU2NTU=
Jan 07 12:35:33 该好友DKin已满5人助力，无需您再次助力
Jan 07 12:35:35 开始助力京东账号1 - jd_187425zqg的好友: MTEyNDI1MTEyMDAwMDAwMDA0NzIyOTYyMw==
Jan 07 12:35:39 该好友CRAZYOTTO已满5人助力，无需您再次助力
Jan 07 12:35:41 开始助力京东账号1 - jd_187425zqg的好友: MTE1NDAxNzYwMDAwMDAwNDExMzg5NDk=
Jan 07 12:35:44 该好友jd_136310trn已满5人助力，无需您再次助力
Jan 07 12:35:46 开始助力京东账号1 - jd_187425zqg的好友: MTE1NDUwMTI0MDAwMDAwMDQyMTU0OTk3
Jan 07 12:35:49 该好友jd_FaDJfEnWtVSD已满5人助力，无需您再次助力
Jan 07 12:35:51 开始助力京东账号1 - jd_187425zqg的好友: MTEyNjkzMjAwMDAwMDAwMDUwOTIwMDg3
Jan 07 12:35:54 该好友陈美丽永远年轻已满5人助力，无需您再次助力
Jan 07 12:35:56 开始助力京东账号1 - jd_187425zqg的好友: MTE1NDY3NTMwMDAwMDAwNTI4NzYyMjE=
Jan 07 12:35:59 该好友盐光已满5人助力，无需您再次助力
Jan 07 12:36:01 开始助力京东账号1 - jd_187425zqg的好友: MTEyNDI1MTYxMDAwMDAwMDQ4NDA4OTQ5
Jan 07 12:36:04 该好友小何同学33已满5人助力，无需您再次助力
Jan 07 12:36:06 开始助力京东账号1 - jd_187425zqg的好友: MTEyNzEzMjc0MDAwMDAwMDY2MDA3MDIx
Jan 07 12:36:09 该好友jd_173212jlh已满5人助力，无需您再次助力
Jan 07 12:36:11 开始助力京东账号1 - jd_187425zqg的好友: MTAxODcxOTI2NTAwMDAwMDAxMzAxNjMyNw==
Jan 07 12:36:15 该好友顺顺mj_16已满5人助力，无需您再次助力
Jan 07 12:36:17 开始助力京东账号1 - jd_187425zqg的好友: MTAxODc2NTEzOTAwMDAwMDAwODgxMzMwMw==
Jan 07 12:36:20 该好友_-_-_--_-_-_已满5人助力，无需您再次助力
Jan 07 12:36:22 开始助力京东账号1 - jd_187425zqg的好友: MTEyNjkzMjAwMDAwMDAwMDU2MjE2ODQx
Jan 07 12:36:25 该好友hh20150212已满5人助力，无需您再次助力
Jan 07 12:36:27 开始助力京东账号1 - jd_187425zqg的好友: MTE1NDUyMjEwMDAwMDAwNDM3NDQ5MzU=
Jan 07 12:36:30 该好友双子座的ww已满5人助力，无需您再次助力
Jan 07 12:36:32 开始助力京东账号1 - jd_187425zqg的好友: MTE1NDY3NTMwMDAwMDAwNjExOTk3MjE=
Jan 07 12:36:35 该好友2号东东2号已满5人助力，无需您再次助力
Jan 07 12:36:37 开始助力京东账号1 - jd_187425zqg的好友: MTAxODc2NTEzNTAwMDAwMDAyMjk3MDQ5OQ==
Jan 07 12:36:40 该好友京东用户已满5人助力，无需您再次助力
Jan 07 12:36:42 开始助力京东账号1 - jd_187425zqg的好友: MTE5MzEwNTEzODAwMDAwMDA1MzgwMTEyOQ==
Jan 07 12:36:46 该好友舍我其谁了已满5人助力，无需您再次助力
Jan 07 12:36:48 开始助力京东账号1 - jd_187425zqg的好友: MTEyNzEzMjc0MDAwMDAwMDUwMDkzMzU1
Jan 07 12:36:51 该好友jd_zjuCGrXljxtC已满5人助力，无需您再次助力
Jan 07 12:36:53 
Jan 07 12:36:53 ==============📣系统通知📣==============
Jan 07 12:36:53 东东萌宠
Jan 07 12:36:53 【京东账号1】jd_187425zqg
Jan 07 12:36:53 【提醒⏰】3层抽纸巾30包已可领取
Jan 07 12:36:53 请去京东APP或微信小程序查看
Jan 07 12:36:53 点击弹窗即达
Jan 07 12:36:53 您未提供push+推送所需的PUSH_PLUS_TOKEN，取消push+推送消息通知🚫
Jan 07 12:36:53 
Jan 07 12:36:56 发送通知调用API失败！！
Jan 07 12:36:56 
Jan 07 12:36:57 RequestError: socket hang up
Jan 07 12:36:57     at ClientRequest.<anonymous> (/scripts/node_modules/.pnpm/got@11.8.3/node_modules/got/dist/source/core/index.js:962:111)
Jan 07 12:36:57     at Object.onceWrapper (node:events:510:26)
Jan 07 12:36:57     at ClientRequest.emit (node:events:402:35)
Jan 07 12:36:57     at ClientRequest.origin.emit (/scripts/node_modules/.pnpm/@szmarczak+http-timer@4.0.6/node_modules/@szmarczak/http-timer/dist/source/index.js:43:20)
Jan 07 12:36:57     at Socket.socketOnEnd (node:_http_client:471:9)
Jan 07 12:36:57     at Socket.emit (node:events:402:35)
Jan 07 12:36:57     at endReadableNT (node:internal/streams/readable:1343:12)
Jan 07 12:36:57     at connResetException (node:internal/errors:691:14)
Jan 07 12:36:57     at Socket.socketOnEnd (node:_http_client:471:23)
Jan 07 12:36:57     at Socket.emit (node:events:402:35)
Jan 07 12:36:57     at endReadableNT (node:internal/streams/readable:1343:12)
Jan 07 12:36:57     at processTicksAndRejections (node:internal/process/task_queues:83:21) {
Jan 07 12:36:57   code: 'ECONNRESET',
Jan 07 12:36:57   timings: {
Jan 07 12:36:57     start: 1641530215524,
Jan 07 12:36:57     socket: 1641530215525,
Jan 07 12:36:57     lookup: 1641530215525,
Jan 07 12:36:57     connect: 1641530216759,
Jan 07 12:36:57     secureConnect: undefined,
Jan 07 12:36:57     upload: 1641530216759,
Jan 07 12:36:57     response: undefined,
Jan 07 12:36:57     end: undefined,
Jan 07 12:36:57     error: 1641530216995,
Jan 07 12:36:57     abort: undefined,
Jan 07 12:36:57     phases: {
Jan 07 12:36:57       wait: 1,
Jan 07 12:36:57       dns: 0,
Jan 07 12:36:57       tcp: 1234,
Jan 07 12:36:57       tls: undefined,
Jan 07 12:36:57       request: 0,
Jan 07 12:36:57       firstByte: undefined,
Jan 07 12:36:57       download: undefined,
Jan 07 12:36:57       total: 1471
Jan 07 12:36:57     }
Jan 07 12:36:57   }
Jan 07 12:36:57 }
Jan 07 12:36:57 您未提供Bark的APP推送BARK_PUSH，取消Bark推送消息通知🚫
Jan 07 12:36:57 
Jan 07 12:36:57 您未提供telegram机器人推送所需的TG_BOT_TOKEN和TG_USER_ID，取消telegram推送消息通知🚫
Jan 07 12:36:57 
Jan 07 12:36:57 您未提供钉钉机器人推送所需的DD_BOT_TOKEN或者DD_BOT_SECRET，取消钉钉推送消息通知🚫
Jan 07 12:36:57 
Jan 07 12:36:57 您未提供企业微信机器人推送所需的QYWX_KEY，取消企业微信推送消息通知🚫
Jan 07 12:36:57 
Jan 07 12:36:57 您未提供企业微信应用消息推送所需的QYWX_AM，取消企业微信应用消息推送消息通知🚫
Jan 07 12:36:57 
Jan 07 12:36:57 您未提供iGot的推送IGOT_PUSH_KEY，取消iGot推送消息通知🚫
Jan 07 12:36:57 
Jan 07 12:36:57 您未提供go-cqhttp所需的GO_CQHTTP_URL、GO_CQHTTP_QQ、GO_CQHTTP_METHOD，取消QQ推送消息通知🚫
Jan 07 12:36:57 
Jan 07 12:36:57 
Jan 07 12:36:57 🔔东东萌宠, 结束! 🕛 116.239 秒
Jan 07 12:36:57 
Jan 07 18:35:00 
Jan 07 18:35:00 🔔东东萌宠, 开始!
Jan 07 18:35:00 开始获取东东萌宠配置文件
Jan 07 18:35:00 
Jan 07 18:35:00 
Jan 07 18:35:00 ====================共1个京东账号Cookie=========
Jan 07 18:35:00 
Jan 07 18:35:00 ==================脚本执行- 北京时间(UTC+8)：2022/1/7 下午6:35:00=====================
Jan 07 18:35:00 
Jan 07 18:35:00 共1个京东账号
Jan 07 18:35:00 
Jan 07 18:35:00 您提供了1个账号的东东萌宠助力码
Jan 07 18:35:00 
Jan 07 18:35:00 
Jan 07 18:35:00 开始【京东账号1】jd_187425zqg
Jan 07 18:35:00 
Jan 07 18:35:01 随机取个20码放到您固定的互助码后面(不影响已有固定互助)
Jan 07 18:35:01 第1个京东账号将要助力的好友["MTE1NDAxNzcwMDAwMDAwMzg2NDk3MDM=","MTE1NDY3NTIwMDAwMDAwNjIzNDUzMTM=","MTE1NDQ5MzYwMDAwMDAwMzk3MTAyMzU=","MTAxODc2NTE0NzAwMDAwMDAyNzQ2MjAyMQ==","MTE1NDY3NTMwMDAwMDAwNTEzMjg4ODE=","MTEzMzI1MTE4NTAwMDAwMDA1ODU5NDYzMw==","MTE1NDUyMjEwMDAwMDAwMzYwNDcyNzE=","MTAxODc2NTEzMjAwMDAwMDAyMzEwMTQyNw==","MTE1NDQ5OTIwMDAwMDAwNDI4MTkwOTM=","MTEzMzI1MTE4NTAwMDAwMDA1ODg4MDg2OQ==","MTE1NDQ5MzYwMDAwMDAwNDcwMzgxNDc=","MTAxODc2NTEzNTAwMDAwMDAyMDEyMDU5Mw==","MTAxNzIxMDc1MTAwMDAwMDA0OTQ1OTcxOQ==","MTEyNjkzMjAwMDAwMDAwMDU5NzE5NDUz","MTE1NDUwMTI0MDAwMDAwMDM0NjUwMzg3","MTAxNzIyNTU1NDAwMDAwMDA1MzM5NTg0NQ==","MTEzMzI0OTE0NTAwMDAwMDAzOTc0MDgyNw==","MTAxODc2NTEzNTAwMDAwMDAxMjM0NDcwNw==","MTEyNjkzMjAwMDAwMDAwMDUzOTU5Mzc1","MTE1NDY3NTMwMDAwMDAwNTQ5ODg0NTM=","MTE1NDUwMTI0MDAwMDAwMDM5NjQxMzk3"]
Jan 07 18:35:04 开始助力京东账号1 - jd_187425zqg的好友: MTE1NDAxNzcwMDAwMDAwMzg2NDk3MDM=
Jan 07 18:35:07 助力好友结果: 已经助过力
Jan 07 18:35:09 开始助力京东账号1 - jd_187425zqg的好友: MTE1NDY3NTIwMDAwMDAwNjIzNDUzMTM=
Jan 07 18:35:12 该好友tkmikan已满5人助力，无需您再次助力
Jan 07 18:35:14 开始助力京东账号1 - jd_187425zqg的好友: MTE1NDQ5MzYwMDAwMDAwMzk3MTAyMzU=
Jan 07 18:35:17 该好友infinityYI已满5人助力，无需您再次助力
Jan 07 18:35:19 开始助力京东账号1 - jd_187425zqg的好友: MTAxODc2NTE0NzAwMDAwMDAyNzQ2MjAyMQ==
Jan 07 18:35:22 该好友傈僳玺已满5人助力，无需您再次助力
Jan 07 18:35:24 开始助力京东账号1 - jd_187425zqg的好友: MTE1NDY3NTMwMDAwMDAwNTEzMjg4ODE=
Jan 07 18:35:28 该好友m水果篮子me已满5人助力，无需您再次助力
Jan 07 18:35:30 开始助力京东账号1 - jd_187425zqg的好友: MTEzMzI1MTE4NTAwMDAwMDA1ODU5NDYzMw==
Jan 07 18:35:33 该好友田春红已满5人助力，无需您再次助力
Jan 07 18:35:35 开始助力京东账号1 - jd_187425zqg的好友: MTE1NDUyMjEwMDAwMDAwMzYwNDcyNzE=
Jan 07 18:35:38 该好友jd_FigFSrKLwalU已满5人助力，无需您再次助力
Jan 07 18:35:40 开始助力京东账号1 - jd_187425zqg的好友: MTAxODc2NTEzMjAwMDAwMDAyMzEwMTQyNw==
Jan 07 18:35:43 该好友jd_177755lws已满5人助力，无需您再次助力
Jan 07 18:35:45 开始助力京东账号1 - jd_187425zqg的好友: MTE1NDQ5OTIwMDAwMDAwNDI4MTkwOTM=
Jan 07 18:35:48 该好友京东用户已满5人助力，无需您再次助力
Jan 07 18:35:50 开始助力京东账号1 - jd_187425zqg的好友: MTEzMzI1MTE4NTAwMDAwMDA1ODg4MDg2OQ==
Jan 07 18:35:53 该好友jd_EgKCoUhZqMya已满5人助力，无需您再次助力
Jan 07 18:35:55 开始助力京东账号1 - jd_187425zqg的好友: MTE1NDQ5MzYwMDAwMDAwNDcwMzgxNDc=
Jan 07 18:35:58 该好友赵静Plus已满5人助力，无需您再次助力
Jan 07 18:36:00 开始助力京东账号1 - jd_187425zqg的好友: MTAxODc2NTEzNTAwMDAwMDAyMDEyMDU5Mw==
Jan 07 18:36:04 该好友jdhuhika已满5人助力，无需您再次助力
Jan 07 18:36:06 开始助力京东账号1 - jd_187425zqg的好友: MTAxNzIxMDc1MTAwMDAwMDA0OTQ1OTcxOQ==
Jan 07 18:36:09 该好友惟美惟肖已满5人助力，无需您再次助力
Jan 07 18:36:11 开始助力京东账号1 - jd_187425zqg的好友: MTEyNjkzMjAwMDAwMDAwMDU5NzE5NDUz
Jan 07 18:36:14 该好友u_786m24inc7px已满5人助力，无需您再次助力
Jan 07 18:36:16 开始助力京东账号1 - jd_187425zqg的好友: MTE1NDUwMTI0MDAwMDAwMDM0NjUwMzg3
Jan 07 18:36:19 该好友不下长安已满5人助力，无需您再次助力
Jan 07 18:36:21 开始助力京东账号1 - jd_187425zqg的好友: MTAxNzIyNTU1NDAwMDAwMDA1MzM5NTg0NQ==
Jan 07 18:36:24 该好友玉芹Z已满5人助力，无需您再次助力
Jan 07 18:36:26 开始助力京东账号1 - jd_187425zqg的好友: MTEzMzI0OTE0NTAwMDAwMDAzOTc0MDgyNw==
Jan 07 18:36:29 该好友jd_135338tfb已满5人助力，无需您再次助力
Jan 07 18:36:31 开始助力京东账号1 - jd_187425zqg的好友: MTAxODc2NTEzNTAwMDAwMDAxMjM0NDcwNw==
Jan 07 18:36:35 该好友ccccccc360已满5人助力，无需您再次助力
Jan 07 18:36:37 开始助力京东账号1 - jd_187425zqg的好友: MTEyNjkzMjAwMDAwMDAwMDUzOTU5Mzc1
Jan 07 18:36:40 该好友江昕嵘已满5人助力，无需您再次助力
Jan 07 18:36:42 开始助力京东账号1 - jd_187425zqg的好友: MTE1NDY3NTMwMDAwMDAwNTQ5ODg0NTM=
Jan 07 18:36:45 该好友jd_xpabgblCDrYb已满5人助力，无需您再次助力
Jan 07 18:36:47 开始助力京东账号1 - jd_187425zqg的好友: MTE1NDUwMTI0MDAwMDAwMDM5NjQxMzk3
Jan 07 18:36:50 该好友A1765已满5人助力，无需您再次助力
Jan 07 18:36:52 
Jan 07 18:36:52 ==============📣系统通知📣==============
Jan 07 18:36:52 东东萌宠
Jan 07 18:36:52 【京东账号1】jd_187425zqg
Jan 07 18:36:52 【提醒⏰】3层抽纸巾30包已可领取
Jan 07 18:36:52 请去京东APP或微信小程序查看
Jan 07 18:36:52 点击弹窗即达
Jan 07 18:36:52 您未提供push+推送所需的PUSH_PLUS_TOKEN，取消push+推送消息通知🚫
Jan 07 18:36:52 
Jan 07 18:36:56 发送通知调用API失败！！
Jan 07 18:36:56 
Jan 07 18:36:56 RequestError: socket hang up
Jan 07 18:36:56     at ClientRequest.<anonymous> (/scripts/node_modules/.pnpm/got@11.8.3/node_modules/got/dist/source/core/index.js:962:111)
Jan 07 18:36:56     at Object.onceWrapper (node:events:510:26)
Jan 07 18:36:56     at ClientRequest.emit (node:events:402:35)
Jan 07 18:36:56     at ClientRequest.origin.emit (/scripts/node_modules/.pnpm/@szmarczak+http-timer@4.0.6/node_modules/@szmarczak/http-timer/dist/source/index.js:43:20)
Jan 07 18:36:56     at Socket.socketOnEnd (node:_http_client:471:9)
Jan 07 18:36:56     at Socket.emit (node:events:402:35)
Jan 07 18:36:56     at endReadableNT (node:internal/streams/readable:1343:12)
Jan 07 18:36:56     at connResetException (node:internal/errors:691:14)
Jan 07 18:36:56     at Socket.socketOnEnd (node:_http_client:471:23)
Jan 07 18:36:56     at Socket.emit (node:events:402:35)
Jan 07 18:36:56     at endReadableNT (node:internal/streams/readable:1343:12)
Jan 07 18:36:56     at processTicksAndRejections (node:internal/process/task_queues:83:21) {
Jan 07 18:36:56   code: 'ECONNRESET',
Jan 07 18:36:56   timings: {
Jan 07 18:36:56     start: 1641551814811,
Jan 07 18:36:56     socket: 1641551814812,
Jan 07 18:36:56     lookup: 1641551814812,
Jan 07 18:36:56     connect: 1641551816042,
Jan 07 18:36:56     secureConnect: undefined,
Jan 07 18:36:56     upload: 1641551816042,
Jan 07 18:36:56     response: undefined,
Jan 07 18:36:56     end: undefined,
Jan 07 18:36:56     error: 1641551816274,
Jan 07 18:36:56     abort: undefined,
Jan 07 18:36:56     phases: {
Jan 07 18:36:56       wait: 1,
Jan 07 18:36:56       dns: 0,
Jan 07 18:36:56       tcp: 1230,
Jan 07 18:36:56       tls: undefined,
Jan 07 18:36:56       request: 0,
Jan 07 18:36:56       firstByte: undefined,
Jan 07 18:36:56       download: undefined,
Jan 07 18:36:56       total: 1463
Jan 07 18:36:56     }
Jan 07 18:36:56   }
Jan 07 18:36:56 }
Jan 07 18:36:56 您未提供Bark的APP推送BARK_PUSH，取消Bark推送消息通知🚫
Jan 07 18:36:56 
Jan 07 18:36:56 您未提供telegram机器人推送所需的TG_BOT_TOKEN和TG_USER_ID，取消telegram推送消息通知🚫
Jan 07 18:36:56 
Jan 07 18:36:56 您未提供钉钉机器人推送所需的DD_BOT_TOKEN或者DD_BOT_SECRET，取消钉钉推送消息通知🚫
Jan 07 18:36:56 
Jan 07 18:36:56 您未提供企业微信机器人推送所需的QYWX_KEY，取消企业微信推送消息通知🚫
Jan 07 18:36:56 
Jan 07 18:36:56 您未提供企业微信应用消息推送所需的QYWX_AM，取消企业微信应用消息推送消息通知🚫
Jan 07 18:36:56 
Jan 07 18:36:56 您未提供iGot的推送IGOT_PUSH_KEY，取消iGot推送消息通知🚫
Jan 07 18:36:56 
Jan 07 18:36:56 您未提供go-cqhttp所需的GO_CQHTTP_URL、GO_CQHTTP_QQ、GO_CQHTTP_METHOD，取消QQ推送消息通知🚫
Jan 07 18:36:56 
Jan 07 18:36:56 
Jan 07 18:36:56 🔔东东萌宠, 结束! 🕛 116.183 秒
Jan 07 18:36:56 
Jan 08 06:35:01 
Jan 08 06:35:01 🔔东东萌宠, 开始!
Jan 08 06:35:01 开始获取东东萌宠配置文件
Jan 08 06:35:01 
Jan 08 06:35:01 
Jan 08 06:35:01 ====================共1个京东账号Cookie=========
Jan 08 06:35:01 
Jan 08 06:35:01 ==================脚本执行- 北京时间(UTC+8)：2022/1/8 上午6:35:01=====================
Jan 08 06:35:01 
Jan 08 06:35:01 共1个京东账号
Jan 08 06:35:01 
Jan 08 06:35:01 您提供了1个账号的东东萌宠助力码
Jan 08 06:35:01 
Jan 08 06:35:01 
Jan 08 06:35:01 开始【京东账号1】jd_187425zqg
Jan 08 06:35:01 
Jan 08 06:35:02 随机取个20码放到您固定的互助码后面(不影响已有固定互助)
Jan 08 06:35:02 第1个京东账号将要助力的好友["MTE1NDAxNzcwMDAwMDAwMzg2NDk3MDM=","MTE1NDY3NTMwMDAwMDAwNjA0MTg1NDM=","MTE1NDAxNzcwMDAwMDAwNDE1NTExOTk=","MTE1NDUwMTI0MDAwMDAwMDQzNDkwMjU3","MTEzMzI0OTE0NTAwMDAwMDA0NTQ0MDUyMw==","MTAxODc2NTEzNDAwMDAwMDAxOTkzNjQ3Mw==","MTAxODc2NTE0NzAwMDAwMDAxNjAxMTY1Nw==","MTE1NDAxNzcwMDAwMDAwMzQxNzc0MTU=","MTEyNjE4NjQ2MDAwMDAwMDYxNDQ0MDE5","MTEyNjkzMjAwMDAwMDAwMDUzNjg5MzI1","MTEzMzI0OTE0NTAwMDAwMDA0NTAwMDE5NQ==","MTE1NDY3NTMwMDAwMDAwNjQ0Mjg1Mzc=","MTE1NDUwMTI0MDAwMDAwMDQyMTQ1OTA1","MTE1NDQ5OTUwMDAwMDAwNDQxNTY4ODM=","MTE0MDE2NjI5MDAwMDAwMDQ3MTg3ODU5","MTEzMzI0OTE0NTAwMDAwMDA0MjE0MjUyNQ==","MTEzMzI1MTE4NDAwMDAwMDA1NTIzMjc3MQ==","MTE1NDY3NTMwMDAwMDAwNTgyMzEzMDE=","MTE1NDQ5OTIwMDAwMDAwNDMzNzUwNzE=","MTE1NDUyMjEwMDAwMDAwNDA1MDg5MTk=","MTAxODcxOTI2NTAwMDAwMDAyNjgxNDYzNQ=="]
Jan 08 06:35:05 开始助力京东账号1 - jd_187425zqg的好友: MTE1NDAxNzcwMDAwMDAwMzg2NDk3MDM=
Jan 08 06:35:08 已给好友: 【15305562330_p】助力成功
Jan 08 06:35:10 开始助力京东账号1 - jd_187425zqg的好友: MTE1NDY3NTMwMDAwMDAwNjA0MTg1NDM=
Jan 08 06:35:13 该好友飞翔我心放飞自我已满5人助力，无需您再次助力
Jan 08 06:35:15 开始助力京东账号1 - jd_187425zqg的好友: MTE1NDAxNzcwMDAwMDAwNDE1NTExOTk=
Jan 08 06:35:18 该好友jd_QzLVGtsyqyhI已满5人助力，无需您再次助力
Jan 08 06:35:20 开始助力京东账号1 - jd_187425zqg的好友: MTE1NDUwMTI0MDAwMDAwMDQzNDkwMjU3
Jan 08 06:35:23 该好友jd_TPnoejnlCpHQ已满5人助力，无需您再次助力
Jan 08 06:35:25 开始助力京东账号1 - jd_187425zqg的好友: MTEzMzI0OTE0NTAwMDAwMDA0NTQ0MDUyMw==
Jan 08 06:35:29 该好友娑娜123已满5人助力，无需您再次助力
Jan 08 06:35:31 开始助力京东账号1 - jd_187425zqg的好友: MTAxODc2NTEzNDAwMDAwMDAxOTkzNjQ3Mw==
Jan 08 06:35:34 该好友753兴宁市陈苑华已满5人助力，无需您再次助力
Jan 08 06:35:36 开始助力京东账号1 - jd_187425zqg的好友: MTAxODc2NTE0NzAwMDAwMDAxNjAxMTY1Nw==
Jan 08 06:35:39 该好友永Mi已满5人助力，无需您再次助力
Jan 08 06:35:41 开始助力京东账号1 - jd_187425zqg的好友: MTE1NDAxNzcwMDAwMDAwMzQxNzc0MTU=
Jan 08 06:35:44 该好友jd_187976qis已满5人助力，无需您再次助力
Jan 08 06:35:46 开始助力京东账号1 - jd_187425zqg的好友: MTEyNjE4NjQ2MDAwMDAwMDYxNDQ0MDE5
Jan 08 06:35:49 该好友jd_6aff49c12d844已满5人助力，无需您再次助力
Jan 08 06:35:51 开始助力京东账号1 - jd_187425zqg的好友: MTEyNjkzMjAwMDAwMDAwMDUzNjg5MzI1
Jan 08 06:35:54 该好友3蝴蝶2已满5人助力，无需您再次助力
Jan 08 06:35:56 开始助力京东账号1 - jd_187425zqg的好友: MTEzMzI0OTE0NTAwMDAwMDA0NTAwMDE5NQ==
Jan 08 06:36:00 该好友小民的小一已满5人助力，无需您再次助力
Jan 08 06:36:02 开始助力京东账号1 - jd_187425zqg的好友: MTE1NDY3NTMwMDAwMDAwNjQ0Mjg1Mzc=
Jan 08 06:36:05 该好友jd_JlhPJDZcjUcY已满5人助力，无需您再次助力
Jan 08 06:36:07 开始助力京东账号1 - jd_187425zqg的好友: MTE1NDUwMTI0MDAwMDAwMDQyMTQ1OTA1
Jan 08 06:36:10 该好友HiLancelot已满5人助力，无需您再次助力
Jan 08 06:36:12 开始助力京东账号1 - jd_187425zqg的好友: MTE1NDQ5OTUwMDAwMDAwNDQxNTY4ODM=
Jan 08 06:36:15 该好友明天会更好-我坚信已满5人助力，无需您再次助力
Jan 08 06:36:17 开始助力京东账号1 - jd_187425zqg的好友: MTE0MDE2NjI5MDAwMDAwMDQ3MTg3ODU5
Jan 08 06:36:20 该好友LEakGNSEbBZD已满5人助力，无需您再次助力
Jan 08 06:36:22 开始助力京东账号1 - jd_187425zqg的好友: MTEzMzI0OTE0NTAwMDAwMDA0MjE0MjUyNQ==
Jan 08 06:36:25 该好友点点20192019已满5人助力，无需您再次助力
Jan 08 06:36:27 开始助力京东账号1 - jd_187425zqg的好友: MTEzMzI1MTE4NDAwMDAwMDA1NTIzMjc3MQ==
Jan 08 06:36:30 该好友bob_shawn已满5人助力，无需您再次助力
Jan 08 06:36:32 开始助力京东账号1 - jd_187425zqg的好友: MTE1NDY3NTMwMDAwMDAwNTgyMzEzMDE=
Jan 08 06:36:36 该好友大大大suzy已满5人助力，无需您再次助力
Jan 08 06:36:38 开始助力京东账号1 - jd_187425zqg的好友: MTE1NDQ5OTIwMDAwMDAwNDMzNzUwNzE=
Jan 08 06:36:41 该好友斌炫俊塔了已满5人助力，无需您再次助力
Jan 08 06:36:43 开始助力京东账号1 - jd_187425zqg的好友: MTE1NDUyMjEwMDAwMDAwNDA1MDg5MTk=
Jan 08 06:36:46 该好友蚂蚁兵兵已满5人助力，无需您再次助力
Jan 08 06:36:48 开始助力京东账号1 - jd_187425zqg的好友: MTAxODcxOTI2NTAwMDAwMDAyNjgxNDYzNQ==
Jan 08 06:36:51 该好友奥西里斯的天空龙已满5人助力，无需您再次助力
Jan 08 06:36:53 
Jan 08 06:36:53 ==============📣系统通知📣==============
Jan 08 06:36:53 东东萌宠
Jan 08 06:36:53 【京东账号1】jd_187425zqg
Jan 08 06:36:53 【提醒⏰】3层抽纸巾30包已可领取
Jan 08 06:36:53 请去京东APP或微信小程序查看
Jan 08 06:36:53 点击弹窗即达
Jan 08 06:36:53 您未提供push+推送所需的PUSH_PLUS_TOKEN，取消push+推送消息通知🚫
Jan 08 06:36:53 
Jan 08 06:36:57 发送通知调用API失败！！
Jan 08 06:36:57 
Jan 08 06:36:57 RequestError: socket hang up
Jan 08 06:36:57     at ClientRequest.<anonymous> (/scripts/node_modules/.pnpm/got@11.8.3/node_modules/got/dist/source/core/index.js:962:111)
Jan 08 06:36:57     at Object.onceWrapper (node:events:510:26)
Jan 08 06:36:57     at ClientRequest.emit (node:events:402:35)
Jan 08 06:36:57     at ClientRequest.origin.emit (/scripts/node_modules/.pnpm/@szmarczak+http-timer@4.0.6/node_modules/@szmarczak/http-timer/dist/source/index.js:43:20)
Jan 08 06:36:57     at Socket.socketOnEnd (node:_http_client:471:9)
Jan 08 06:36:57     at Socket.emit (node:events:402:35)
Jan 08 06:36:57     at endReadableNT (node:internal/streams/readable:1343:12)
Jan 08 06:36:57     at connResetException (node:internal/errors:691:14)
Jan 08 06:36:57     at Socket.socketOnEnd (node:_http_client:471:23)
Jan 08 06:36:57     at Socket.emit (node:events:402:35)
Jan 08 06:36:57     at endReadableNT (node:internal/streams/readable:1343:12)
Jan 08 06:36:57     at processTicksAndRejections (node:internal/process/task_queues:83:21) {
Jan 08 06:36:57   code: 'ECONNRESET',
Jan 08 06:36:57   timings: {
Jan 08 06:36:57     start: 1641595015908,
Jan 08 06:36:57     socket: 1641595015909,
Jan 08 06:36:57     lookup: 1641595015909,
Jan 08 06:36:57     connect: 1641595017141,
Jan 08 06:36:57     secureConnect: undefined,
Jan 08 06:36:57     upload: 1641595017142,
Jan 08 06:36:57     response: undefined,
Jan 08 06:36:57     end: undefined,
Jan 08 06:36:57     error: 1641595017376,
Jan 08 06:36:57     abort: undefined,
Jan 08 06:36:57     phases: {
Jan 08 06:36:57       wait: 1,
Jan 08 06:36:57       dns: 0,
Jan 08 06:36:57       tcp: 1232,
Jan 08 06:36:57       tls: undefined,
Jan 08 06:36:57       request: 1,
Jan 08 06:36:57       firstByte: undefined,
Jan 08 06:36:57       download: undefined,
Jan 08 06:36:57       total: 1468
Jan 08 06:36:57     }
Jan 08 06:36:57   }
Jan 08 06:36:57 }
Jan 08 06:36:57 您未提供Bark的APP推送BARK_PUSH，取消Bark推送消息通知🚫
Jan 08 06:36:57 
Jan 08 06:36:57 您未提供telegram机器人推送所需的TG_BOT_TOKEN和TG_USER_ID，取消telegram推送消息通知🚫
Jan 08 06:36:57 
Jan 08 06:36:57 您未提供钉钉机器人推送所需的DD_BOT_TOKEN或者DD_BOT_SECRET，取消钉钉推送消息通知🚫
Jan 08 06:36:57 
Jan 08 06:36:57 您未提供企业微信机器人推送所需的QYWX_KEY，取消企业微信推送消息通知🚫
Jan 08 06:36:57 
Jan 08 06:36:57 您未提供企业微信应用消息推送所需的QYWX_AM，取消企业微信应用消息推送消息通知🚫
Jan 08 06:36:57 
Jan 08 06:36:57 您未提供iGot的推送IGOT_PUSH_KEY，取消iGot推送消息通知🚫
Jan 08 06:36:57 
Jan 08 06:36:57 您未提供go-cqhttp所需的GO_CQHTTP_URL、GO_CQHTTP_QQ、GO_CQHTTP_METHOD，取消QQ推送消息通知🚫
Jan 08 06:36:57 
Jan 08 06:36:57 
Jan 08 06:36:57 🔔东东萌宠, 结束! 🕛 116.215 秒
Jan 08 06:36:57 
Jan 08 12:35:00 
Jan 08 12:35:00 🔔东东萌宠, 开始!
Jan 08 12:35:00 开始获取东东萌宠配置文件
Jan 08 12:35:00 
Jan 08 12:35:00 
Jan 08 12:35:00 ====================共1个京东账号Cookie=========
Jan 08 12:35:00 
Jan 08 12:35:00 ==================脚本执行- 北京时间(UTC+8)：2022/1/8 下午12:35:00=====================
Jan 08 12:35:00 
Jan 08 12:35:00 共1个京东账号
Jan 08 12:35:00 
Jan 08 12:35:00 您提供了1个账号的东东萌宠助力码
Jan 08 12:35:00 
Jan 08 12:35:00 
Jan 08 12:35:00 开始【京东账号1】jd_187425zqg
Jan 08 12:35:00 
Jan 08 12:35:01 随机取个20码放到您固定的互助码后面(不影响已有固定互助)
Jan 08 12:35:01 第1个京东账号将要助力的好友["MTE1NDAxNzcwMDAwMDAwMzg2NDk3MDM=","MTE1NDQ5OTIwMDAwMDAwNDU2MTU1MTM=","MTEzMzI1MTE4NTAwMDAwMDA1MTU1OTQ4OQ==","MTEyNjE4NjQ2MDAwMDAwMDU1NDQxMTY1","MTAxNzIxMDc1MTAwMDAwMDA2Nzc2OTU5MQ==","MTE1NDY3NTMwMDAwMDAwNTA3NTMzODE=","MTE0MDQ3MzIwMDAwMDAwNDkyOTQwNjU=","MTEyNjkzMjAwMDAwMDAwMDQ5NDM3NjEz","MTE0MDkyMjEwMDAwMDAwNDkxNTUxMDE=","MTE0MDQ3MzEwMDAwMDAwNDkyNDcyMDM=","MTE1NDAxNzgwMDAwMDAwNDE4NDA3NTE=","MTEzNzcwMTQ4MDAwMDAwMDQ5NjkwMzMx","MTAxODcxOTI2NTAwMDAwMDAyMjk3MTQzNw==","MTEyNzEzMjc0MDAwMDAwMDU2NzQ2MjQz","MTAxODc2NTEzMzAwMDAwMDAxOTMwMDk5OQ==","MTEzMzI1MTE4NDAwMDAwMDA1MzMyMjM1NQ==","MTEyNzEzMjc0MDAwMDAwMDU4ODg3NzA5","MTAxNzIyNTU1NDAwMDAwMDA0ODc3MDEyNQ==","MTE1NDQ5OTUwMDAwMDAwNDIyNDk4MTc=","MTE0MDkyMjIwMDAwMDAwNDc4MTAxMTk=","MTAxODc2NTEzNTAwMDAwMDAyMDMzMjY4MQ=="]
Jan 08 12:35:04 开始助力京东账号1 - jd_187425zqg的好友: MTE1NDAxNzcwMDAwMDAwMzg2NDk3MDM=
Jan 08 12:35:07 助力好友结果: 已经助过力
Jan 08 12:35:09 开始助力京东账号1 - jd_187425zqg的好友: MTE1NDQ5OTIwMDAwMDAwNDU2MTU1MTM=
Jan 08 12:35:12 该好友buchicaodeniuerhao已满5人助力，无需您再次助力
Jan 08 12:35:14 开始助力京东账号1 - jd_187425zqg的好友: MTEzMzI1MTE4NTAwMDAwMDA1MTU1OTQ4OQ==
Jan 08 12:35:18 该好友南方南1718已满5人助力，无需您再次助力
Jan 08 12:35:20 开始助力京东账号1 - jd_187425zqg的好友: MTEyNjE4NjQ2MDAwMDAwMDU1NDQxMTY1
Jan 08 12:35:23 该好友糊涂神丶udd已满5人助力，无需您再次助力
Jan 08 12:35:25 开始助力京东账号1 - jd_187425zqg的好友: MTAxNzIxMDc1MTAwMDAwMDA2Nzc2OTU5MQ==
Jan 08 12:35:28 该好友jd_UvoGwiCrRrim已满5人助力，无需您再次助力
Jan 08 12:35:30 开始助力京东账号1 - jd_187425zqg的好友: MTE1NDY3NTMwMDAwMDAwNTA3NTMzODE=
Jan 08 12:35:33 该好友jd_182589yfb已满5人助力，无需您再次助力
Jan 08 12:35:35 开始助力京东账号1 - jd_187425zqg的好友: MTE0MDQ3MzIwMDAwMDAwNDkyOTQwNjU=
Jan 08 12:35:38 该好友唐建勇气已满5人助力，无需您再次助力
Jan 08 12:35:40 开始助力京东账号1 - jd_187425zqg的好友: MTEyNjkzMjAwMDAwMDAwMDQ5NDM3NjEz
Jan 08 12:35:43 该好友Daddy421已满5人助力，无需您再次助力
Jan 08 12:35:45 开始助力京东账号1 - jd_187425zqg的好友: MTE0MDkyMjEwMDAwMDAwNDkxNTUxMDE=
Jan 08 12:35:49 该好友敏杰5210已满5人助力，无需您再次助力
Jan 08 12:35:51 开始助力京东账号1 - jd_187425zqg的好友: MTE0MDQ3MzEwMDAwMDAwNDkyNDcyMDM=
Jan 08 12:35:54 该好友mmm7771已满5人助力，无需您再次助力
Jan 08 12:35:56 开始助力京东账号1 - jd_187425zqg的好友: MTE1NDAxNzgwMDAwMDAwNDE4NDA3NTE=
Jan 08 12:35:59 该好友Cnfind已满5人助力，无需您再次助力
Jan 08 12:36:01 开始助力京东账号1 - jd_187425zqg的好友: MTEzNzcwMTQ4MDAwMDAwMDQ5NjkwMzMx
Jan 08 12:36:04 该好友鱼天美F已满5人助力，无需您再次助力
Jan 08 12:36:06 开始助力京东账号1 - jd_187425zqg的好友: MTAxODcxOTI2NTAwMDAwMDAyMjk3MTQzNw==
Jan 08 12:36:09 该好友在线临风已满5人助力，无需您再次助力
Jan 08 12:36:11 开始助力京东账号1 - jd_187425zqg的好友: MTEyNzEzMjc0MDAwMDAwMDU2NzQ2MjQz
Jan 08 12:36:14 该好友jd_IwfgybBQFGzN已满5人助力，无需您再次助力
Jan 08 12:36:16 开始助力京东账号1 - jd_187425zqg的好友: MTAxODc2NTEzMzAwMDAwMDAxOTMwMDk5OQ==
Jan 08 12:36:20 该好友LiMing6227已满5人助力，无需您再次助力
Jan 08 12:36:22 开始助力京东账号1 - jd_187425zqg的好友: MTEzMzI1MTE4NDAwMDAwMDA1MzMyMjM1NQ==
Jan 08 12:36:25 该好友a10250434已满5人助力，无需您再次助力
Jan 08 12:36:27 开始助力京东账号1 - jd_187425zqg的好友: MTEyNzEzMjc0MDAwMDAwMDU4ODg3NzA5
Jan 08 12:36:30 该好友u_e3iuf4slnrks已满5人助力，无需您再次助力
Jan 08 12:36:32 开始助力京东账号1 - jd_187425zqg的好友: MTAxNzIyNTU1NDAwMDAwMDA0ODc3MDEyNQ==
Jan 08 12:36:35 该好友yimo_666已满5人助力，无需您再次助力
Jan 08 12:36:37 开始助力京东账号1 - jd_187425zqg的好友: MTE1NDQ5OTUwMDAwMDAwNDIyNDk4MTc=
Jan 08 12:36:40 该好友woaigouwu6667已满5人助力，无需您再次助力
Jan 08 12:36:42 开始助力京东账号1 - jd_187425zqg的好友: MTE0MDkyMjIwMDAwMDAwNDc4MTAxMTk=
Jan 08 12:36:45 该好友jd_dOXdTICybaia已满5人助力，无需您再次助力
Jan 08 12:36:47 开始助力京东账号1 - jd_187425zqg的好友: MTAxODc2NTEzNTAwMDAwMDAyMDMzMjY4MQ==
Jan 08 12:36:50 该好友一时半会想不出已满5人助力，无需您再次助力
Jan 08 12:36:52 
Jan 08 12:36:52 ==============📣系统通知📣==============
Jan 08 12:36:52 东东萌宠
Jan 08 12:36:52 【京东账号1】jd_187425zqg
Jan 08 12:36:52 【提醒⏰】3层抽纸巾30包已可领取
Jan 08 12:36:52 请去京东APP或微信小程序查看
Jan 08 12:36:52 点击弹窗即达
Jan 08 12:36:52 您未提供push+推送所需的PUSH_PLUS_TOKEN，取消push+推送消息通知🚫
Jan 08 12:36:52 
Jan 08 12:36:56 发送通知调用API失败！！
Jan 08 12:36:56 
Jan 08 12:36:56 RequestError: socket hang up
Jan 08 12:36:56     at ClientRequest.<anonymous> (/scripts/node_modules/.pnpm/got@11.8.3/node_modules/got/dist/source/core/index.js:962:111)
Jan 08 12:36:56     at Object.onceWrapper (node:events:510:26)
Jan 08 12:36:56     at ClientRequest.emit (node:events:402:35)
Jan 08 12:36:56     at ClientRequest.origin.emit (/scripts/node_modules/.pnpm/@szmarczak+http-timer@4.0.6/node_modules/@szmarczak/http-timer/dist/source/index.js:43:20)
Jan 08 12:36:56     at Socket.socketOnEnd (node:_http_client:471:9)
Jan 08 12:36:56     at Socket.emit (node:events:402:35)
Jan 08 12:36:56     at endReadableNT (node:internal/streams/readable:1343:12)
Jan 08 12:36:56     at connResetException (node:internal/errors:691:14)
Jan 08 12:36:56     at Socket.socketOnEnd (node:_http_client:471:23)
Jan 08 12:36:56     at Socket.emit (node:events:402:35)
Jan 08 12:36:56     at endReadableNT (node:internal/streams/readable:1343:12)
Jan 08 12:36:56     at processTicksAndRejections (node:internal/process/task_queues:83:21) {
Jan 08 12:36:56   code: 'ECONNRESET',
Jan 08 12:36:56   timings: {
Jan 08 12:36:56     start: 1641616615277,
Jan 08 12:36:56     socket: 1641616615277,
Jan 08 12:36:56     lookup: 1641616615277,
Jan 08 12:36:56     connect: 1641616616512,
Jan 08 12:36:56     secureConnect: undefined,
Jan 08 12:36:56     upload: 1641616616512,
Jan 08 12:36:56     response: undefined,
Jan 08 12:36:56     end: undefined,
Jan 08 12:36:56     error: 1641616616750,
Jan 08 12:36:56     abort: undefined,
Jan 08 12:36:56     phases: {
Jan 08 12:36:56       wait: 0,
Jan 08 12:36:56       dns: 0,
Jan 08 12:36:56       tcp: 1235,
Jan 08 12:36:56       tls: undefined,
Jan 08 12:36:56       request: 0,
Jan 08 12:36:56       firstByte: undefined,
Jan 08 12:36:56       download: undefined,
Jan 08 12:36:56       total: 1473
Jan 08 12:36:56     }
Jan 08 12:36:56   }
Jan 08 12:36:56 }
Jan 08 12:36:56 您未提供Bark的APP推送BARK_PUSH，取消Bark推送消息通知🚫
Jan 08 12:36:56 
Jan 08 12:36:56 您未提供telegram机器人推送所需的TG_BOT_TOKEN和TG_USER_ID，取消telegram推送消息通知🚫
Jan 08 12:36:56 
Jan 08 12:36:56 您未提供钉钉机器人推送所需的DD_BOT_TOKEN或者DD_BOT_SECRET，取消钉钉推送消息通知🚫
Jan 08 12:36:56 
Jan 08 12:36:56 您未提供企业微信机器人推送所需的QYWX_KEY，取消企业微信推送消息通知🚫
Jan 08 12:36:56 
Jan 08 12:36:56 您未提供企业微信应用消息推送所需的QYWX_AM，取消企业微信应用消息推送消息通知🚫
Jan 08 12:36:56 
Jan 08 12:36:56 您未提供iGot的推送IGOT_PUSH_KEY，取消iGot推送消息通知🚫
Jan 08 12:36:56 
Jan 08 12:36:56 您未提供go-cqhttp所需的GO_CQHTTP_URL、GO_CQHTTP_QQ、GO_CQHTTP_METHOD，取消QQ推送消息通知🚫
Jan 08 12:36:56 
Jan 08 12:36:56 
Jan 08 12:36:56 🔔东东萌宠, 结束! 🕛 116.249 秒
Jan 08 12:36:56 
Jan 08 18:35:00 
Jan 08 18:35:00 🔔东东萌宠, 开始!
Jan 08 18:35:00 开始获取东东萌宠配置文件
Jan 08 18:35:00 
Jan 08 18:35:00 
Jan 08 18:35:00 ====================共1个京东账号Cookie=========
Jan 08 18:35:00 
Jan 08 18:35:00 ==================脚本执行- 北京时间(UTC+8)：2022/1/8 下午6:35:00=====================
Jan 08 18:35:00 
Jan 08 18:35:00 共1个京东账号
Jan 08 18:35:00 
Jan 08 18:35:00 您提供了1个账号的东东萌宠助力码
Jan 08 18:35:00 
Jan 08 18:35:01 
Jan 08 18:35:01 开始【京东账号1】jd_187425zqg
Jan 08 18:35:01 
Jan 08 18:35:01 随机取个20码放到您固定的互助码后面(不影响已有固定互助)
Jan 08 18:35:01 第1个京东账号将要助力的好友["MTE1NDAxNzcwMDAwMDAwMzg2NDk3MDM=","MTE1NDUyMjEwMDAwMDAwNDM5NDI3MTc=","MTEyNzEzMjc0MDAwMDAwMDYxMzEzODQ5","MTAxNzIxMDc1MTAwMDAwMDA1MDc2NDE2OQ==","MTEzMzI1MTE4NTAwMDAwMDA1OTkxMDAzMw==","MTE1NDY3NTMwMDAwMDAwNTI5MjgzOTE=","MTE0MDE2NjI5MDAwMDAwMDQ3Njc0Nzkz","MTAxODcxOTI2NTAwMDAwMDAwMDM1MTYzNQ==","MTAxODc2NTEzMTAwMDAwMDAwMDkyNTMxNw==","MTE1MzEzNjI2MDAwMDAwMDUzNDAwNjY3","MTEyMTM1MTk3MDAwMDAwMDQ5NjQzNTU1","MTAxODc2NTEzMTAwMDAwMDAyMDMzODg0MQ==","MTAxNzIxMDc1MTAwMDAwMDA0ODgwMTM1MQ==","MTE1NDQ5OTUwMDAwMDAwNDM5NDIzNjU=","MTEyNzEzMjc0MDAwMDAwMDUwMDUyMTE3","MTE1NDQ5OTUwMDAwMDAwMzUyOTMyNDk=","MTEyNTEyNTE1MDAwMDAwMDA0Nzc3NDExMw==","MTEyNjkzMjAwMDAwMDAwMDU4NTkxNzA3","MTE1NDY3NTMwMDAwMDAwNTQxMDY2MDE=","MTEyNjE4NjQ2MDAwMDAwMDUyMDk4Mjgz","MTEzMzI1MTE4NDAwMDAwMDA1OTM1MTE4Nw=="]
Jan 08 18:35:04 开始助力京东账号1 - jd_187425zqg的好友: MTE1NDAxNzcwMDAwMDAwMzg2NDk3MDM=
Jan 08 18:35:08 助力好友结果: 已经助过力
Jan 08 18:35:10 开始助力京东账号1 - jd_187425zqg的好友: MTE1NDUyMjEwMDAwMDAwNDM5NDI3MTc=
Jan 08 18:35:13 该好友wwhongmei已满5人助力，无需您再次助力
Jan 08 18:35:15 开始助力京东账号1 - jd_187425zqg的好友: MTEyNzEzMjc0MDAwMDAwMDYxMzEzODQ5
Jan 08 18:35:18 该好友jd_sHcmDHCqGzAo已满5人助力，无需您再次助力
Jan 08 18:35:20 开始助力京东账号1 - jd_187425zqg的好友: MTAxNzIxMDc1MTAwMDAwMDA1MDc2NDE2OQ==
Jan 08 18:35:23 该好友star_小罗已满5人助力，无需您再次助力
Jan 08 18:35:25 开始助力京东账号1 - jd_187425zqg的好友: MTEzMzI1MTE4NTAwMDAwMDA1OTkxMDAzMw==
Jan 08 18:35:28 该好友jd_4b0dddaf0376f已满5人助力，无需您再次助力
Jan 08 18:35:30 开始助力京东账号1 - jd_187425zqg的好友: MTE1NDY3NTMwMDAwMDAwNTI5MjgzOTE=
Jan 08 18:35:33 该好友那个谁886已满5人助力，无需您再次助力
Jan 08 18:35:35 开始助力京东账号1 - jd_187425zqg的好友: MTE0MDE2NjI5MDAwMDAwMDQ3Njc0Nzkz
Jan 08 18:35:39 该好友67遇见67已满5人助力，无需您再次助力
Jan 08 18:35:41 开始助力京东账号1 - jd_187425zqg的好友: MTAxODcxOTI2NTAwMDAwMDAwMDM1MTYzNQ==
Jan 08 18:35:44 该好友蓝天白云雨8393已满5人助力，无需您再次助力
Jan 08 18:35:46 开始助力京东账号1 - jd_187425zqg的好友: MTAxODc2NTEzMTAwMDAwMDAwMDkyNTMxNw==
Jan 08 18:35:49 该好友u_xm2y794qyx3v已满5人助力，无需您再次助力
Jan 08 18:35:51 开始助力京东账号1 - jd_187425zqg的好友: MTE1MzEzNjI2MDAwMDAwMDUzNDAwNjY3
Jan 08 18:35:54 该好友Rose-ma已满5人助力，无需您再次助力
Jan 08 18:35:56 开始助力京东账号1 - jd_187425zqg的好友: MTEyMTM1MTk3MDAwMDAwMDQ5NjQzNTU1
Jan 08 18:35:59 该好友jd_137761jdv已满5人助力，无需您再次助力
Jan 08 18:36:01 开始助力京东账号1 - jd_187425zqg的好友: MTAxODc2NTEzMTAwMDAwMDAyMDMzODg0MQ==
Jan 08 18:36:04 该好友blink0426已满5人助力，无需您再次助力
Jan 08 18:36:06 开始助力京东账号1 - jd_187425zqg的好友: MTAxNzIxMDc1MTAwMDAwMDA0ODgwMTM1MQ==
Jan 08 18:36:09 该好友刘国飞1977已满5人助力，无需您再次助力
Jan 08 18:36:11 开始助力京东账号1 - jd_187425zqg的好友: MTE1NDQ5OTUwMDAwMDAwNDM5NDIzNjU=
Jan 08 18:36:15 该好友jd_157544awn已满5人助力，无需您再次助力
Jan 08 18:36:17 开始助力京东账号1 - jd_187425zqg的好友: MTEyNzEzMjc0MDAwMDAwMDUwMDUyMTE3
Jan 08 18:36:20 该好友jd_151951yxx已满5人助力，无需您再次助力
Jan 08 18:36:22 开始助力京东账号1 - jd_187425zqg的好友: MTE1NDQ5OTUwMDAwMDAwMzUyOTMyNDk=
Jan 08 18:36:25 该好友jd_kSCHtqOaAJGu已满5人助力，无需您再次助力
Jan 08 18:36:27 开始助力京东账号1 - jd_187425zqg的好友: MTEyNTEyNTE1MDAwMDAwMDA0Nzc3NDExMw==
Jan 08 18:36:30 该好友jd_5d1649ff1ab72已满5人助力，无需您再次助力
Jan 08 18:36:32 开始助力京东账号1 - jd_187425zqg的好友: MTEyNjkzMjAwMDAwMDAwMDU4NTkxNzA3
Jan 08 18:36:35 该好友jd_132773nsb已满5人助力，无需您再次助力
Jan 08 18:36:37 开始助力京东账号1 - jd_187425zqg的好友: MTE1NDY3NTMwMDAwMDAwNTQxMDY2MDE=
Jan 08 18:36:40 该好友汽油吸血鬼已满5人助力，无需您再次助力
Jan 08 18:36:42 开始助力京东账号1 - jd_187425zqg的好友: MTEyNjE4NjQ2MDAwMDAwMDUyMDk4Mjgz
Jan 08 18:36:46 该好友茉莉花香6087已满5人助力，无需您再次助力
Jan 08 18:36:48 开始助力京东账号1 - jd_187425zqg的好友: MTEzMzI1MTE4NDAwMDAwMDA1OTM1MTE4Nw==
Jan 08 18:36:51 该好友兰婷198932已满5人助力，无需您再次助力
Jan 08 18:36:53 
Jan 08 18:36:53 ==============📣系统通知📣==============
Jan 08 18:36:53 东东萌宠
Jan 08 18:36:53 【京东账号1】jd_187425zqg
Jan 08 18:36:53 【提醒⏰】3层抽纸巾30包已可领取
Jan 08 18:36:53 请去京东APP或微信小程序查看
Jan 08 18:36:53 点击弹窗即达
Jan 08 18:36:53 您未提供push+推送所需的PUSH_PLUS_TOKEN，取消push+推送消息通知🚫
Jan 08 18:36:53 
Jan 08 18:36:56 发送通知调用API失败！！
Jan 08 18:36:56 
Jan 08 18:36:56 RequestError: socket hang up
Jan 08 18:36:56     at ClientRequest.<anonymous> (/scripts/node_modules/.pnpm/got@11.8.3/node_modules/got/dist/source/core/index.js:962:111)
Jan 08 18:36:56     at Object.onceWrapper (node:events:510:26)
Jan 08 18:36:56     at ClientRequest.emit (node:events:402:35)
Jan 08 18:36:56     at ClientRequest.origin.emit (/scripts/node_modules/.pnpm/@szmarczak+http-timer@4.0.6/node_modules/@szmarczak/http-timer/dist/source/index.js:43:20)
Jan 08 18:36:56     at Socket.socketOnEnd (node:_http_client:471:9)
Jan 08 18:36:56     at Socket.emit (node:events:402:35)
Jan 08 18:36:56     at endReadableNT (node:internal/streams/readable:1343:12)
Jan 08 18:36:56     at connResetException (node:internal/errors:691:14)
Jan 08 18:36:56     at Socket.socketOnEnd (node:_http_client:471:23)
Jan 08 18:36:56     at Socket.emit (node:events:402:35)
Jan 08 18:36:56     at endReadableNT (node:internal/streams/readable:1343:12)
Jan 08 18:36:56     at processTicksAndRejections (node:internal/process/task_queues:83:21) {
Jan 08 18:36:56   code: 'ECONNRESET',
Jan 08 18:36:56   timings: {
Jan 08 18:36:56     start: 1641638215504,
Jan 08 18:36:56     socket: 1641638215505,
Jan 08 18:36:56     lookup: 1641638215505,
Jan 08 18:36:56     connect: 1641638216738,
Jan 08 18:36:56     secureConnect: undefined,
Jan 08 18:36:56     upload: 1641638216738,
Jan 08 18:36:56     response: undefined,
Jan 08 18:36:56     end: undefined,
Jan 08 18:36:56     error: 1641638216973,
Jan 08 18:36:56     abort: undefined,
Jan 08 18:36:56     phases: {
Jan 08 18:36:56       wait: 1,
Jan 08 18:36:56       dns: 0,
Jan 08 18:36:56       tcp: 1233,
Jan 08 18:36:56       tls: undefined,
Jan 08 18:36:56       request: 0,
Jan 08 18:36:56       firstByte: undefined,
Jan 08 18:36:56       download: undefined,
Jan 08 18:36:56       total: 1469
Jan 08 18:36:56     }
Jan 08 18:36:56   }
Jan 08 18:36:56 }
Jan 08 18:36:56 您未提供Bark的APP推送BARK_PUSH，取消Bark推送消息通知🚫
Jan 08 18:36:56 
Jan 08 18:36:56 您未提供telegram机器人推送所需的TG_BOT_TOKEN和TG_USER_ID，取消telegram推送消息通知🚫
Jan 08 18:36:56 
Jan 08 18:36:56 您未提供钉钉机器人推送所需的DD_BOT_TOKEN或者DD_BOT_SECRET，取消钉钉推送消息通知🚫
Jan 08 18:36:56 
Jan 08 18:36:56 您未提供企业微信机器人推送所需的QYWX_KEY，取消企业微信推送消息通知🚫
Jan 08 18:36:56 
Jan 08 18:36:56 您未提供企业微信应用消息推送所需的QYWX_AM，取消企业微信应用消息推送消息通知🚫
Jan 08 18:36:56 
Jan 08 18:36:56 您未提供iGot的推送IGOT_PUSH_KEY，取消iGot推送消息通知🚫
Jan 08 18:36:56 
Jan 08 18:36:56 您未提供go-cqhttp所需的GO_CQHTTP_URL、GO_CQHTTP_QQ、GO_CQHTTP_METHOD，取消QQ推送消息通知🚫
Jan 08 18:36:56 
Jan 08 18:36:56 
Jan 08 18:36:56 🔔东东萌宠, 结束! 🕛 116.032 秒
Jan 08 18:36:56 
Jan 09 06:35:00 
Jan 09 06:35:00 🔔东东萌宠, 开始!
Jan 09 06:35:00 开始获取东东萌宠配置文件
Jan 09 06:35:00 
Jan 09 06:35:00 
Jan 09 06:35:00 ====================共1个京东账号Cookie=========
Jan 09 06:35:00 
Jan 09 06:35:00 ==================脚本执行- 北京时间(UTC+8)：2022/1/9 上午6:35:00=====================
Jan 09 06:35:00 
Jan 09 06:35:00 共1个京东账号
Jan 09 06:35:00 
Jan 09 06:35:00 您提供了1个账号的东东萌宠助力码
Jan 09 06:35:00 
Jan 09 06:35:01 
Jan 09 06:35:01 开始【京东账号1】jd_187425zqg
Jan 09 06:35:01 
Jan 09 06:35:01 随机取个20码放到您固定的互助码后面(不影响已有固定互助)
Jan 09 06:35:01 第1个京东账号将要助力的好友["MTE1NDAxNzcwMDAwMDAwMzg2NDk3MDM=","MTEyNjkzMjAwMDAwMDAwMDQ5NTcxNjg1","MTAxNzIxMDc1MTAwMDAwMDA0OTUxNTAyMQ==","MTAxODcxOTI2NTAwMDAwMDAyMTg3NDMxNQ==","MTAxODcxOTI2NTAwMDAwMDAyNTQxNzAwMw==","MTEyNTEyNTE1MDAwMDAwMDA0NzIxNDc2Mw==","MTEyOTEzNzMzMDAwMDAwMDU5NzA5MDgz","MTAxNzIxMDc1MTAwMDAwMDA1MDc3NDMzMQ==","MTE1NDAxNzgwMDAwMDAwMzcxMTYxODE=","MTE1NDAxNzgwMDAwMDAwNDI4NjcwNjc=","MTEzMzI0OTE0NTAwMDAwMDA0MjA4OTYzNw==","MTE0MDkyMjEwMDAwMDAwNDcyNDk2Mzk=","MTEyOTEzNzMzMDAwMDAwMDYxMzI2Mzc3","MTAxODc2NTEzMTAwMDAwMDAzMDgyNzgxOQ==","MTAxODcxOTI2NTAwMDAwMDAxMjkzMTAzNQ==","MTE1NDQ5MzYwMDAwMDAwMzk3NDEzNDM=","MTAxODcxOTI2NTAwMDAwMDAyMDc3ODM1Mw==","MTEyNjE4NjQ2MDAwMDAwMDQ4NzU5MTIz","MTAxNzIxMDc1MTAwMDAwMDA1MjEyMzkyMw==","MTE0MDkyMjEwMDAwMDAwNDk1MTYzODc=","MTAxODc2NTEzNDAwMDAwMDAwNTgzNDUzMQ=="]
Jan 09 06:35:04 开始助力京东账号1 - jd_187425zqg的好友: MTE1NDAxNzcwMDAwMDAwMzg2NDk3MDM=
Jan 09 06:35:08 已给好友: 【15305562330_p】助力成功
Jan 09 06:35:10 开始助力京东账号1 - jd_187425zqg的好友: MTEyNjkzMjAwMDAwMDAwMDQ5NTcxNjg1
Jan 09 06:35:13 该好友边城老小爱已满5人助力，无需您再次助力
Jan 09 06:35:15 开始助力京东账号1 - jd_187425zqg的好友: MTAxNzIxMDc1MTAwMDAwMDA0OTUxNTAyMQ==
Jan 09 06:35:18 该好友jd_534816a3b46f6已满5人助力，无需您再次助力
Jan 09 06:35:20 开始助力京东账号1 - jd_187425zqg的好友: MTAxODcxOTI2NTAwMDAwMDAyMTg3NDMxNQ==
Jan 09 06:35:23 该好友大绅士雷克斯已满5人助力，无需您再次助力
Jan 09 06:35:25 开始助力京东账号1 - jd_187425zqg的好友: MTAxODcxOTI2NTAwMDAwMDAyNTQxNzAwMw==
Jan 09 06:35:28 该好友896536893_m已满5人助力，无需您再次助力
Jan 09 06:35:30 开始助力京东账号1 - jd_187425zqg的好友: MTEyNTEyNTE1MDAwMDAwMDA0NzIxNDc2Mw==
Jan 09 06:35:33 该好友宸安宝贝1已满5人助力，无需您再次助力
Jan 09 06:35:35 开始助力京东账号1 - jd_187425zqg的好友: MTEyOTEzNzMzMDAwMDAwMDU5NzA5MDgz
Jan 09 06:35:38 该好友阳间事了已满5人助力，无需您再次助力
Jan 09 06:35:40 开始助力京东账号1 - jd_187425zqg的好友: MTAxNzIxMDc1MTAwMDAwMDA1MDc3NDMzMQ==
Jan 09 06:35:44 该好友jd_XMYLONPBILlq已满5人助力，无需您再次助力
Jan 09 06:35:46 开始助力京东账号1 - jd_187425zqg的好友: MTE1NDAxNzgwMDAwMDAwMzcxMTYxODE=
Jan 09 06:35:49 该好友jd_d864754已满5人助力，无需您再次助力
Jan 09 06:35:51 开始助力京东账号1 - jd_187425zqg的好友: MTE1NDAxNzgwMDAwMDAwNDI4NjcwNjc=
Jan 09 06:35:54 该好友曹木易的妈妈已满5人助力，无需您再次助力
Jan 09 06:35:56 开始助力京东账号1 - jd_187425zqg的好友: MTEzMzI0OTE0NTAwMDAwMDA0MjA4OTYzNw==
Jan 09 06:35:59 该好友weidayeaaa已满5人助力，无需您再次助力
Jan 09 06:36:01 开始助力京东账号1 - jd_187425zqg的好友: MTE0MDkyMjEwMDAwMDAwNDcyNDk2Mzk=
Jan 09 06:36:04 该好友坤坤2021已满5人助力，无需您再次助力
Jan 09 06:36:06 开始助力京东账号1 - jd_187425zqg的好友: MTEyOTEzNzMzMDAwMDAwMDYxMzI2Mzc3
Jan 09 06:36:09 该好友拿拿霖已满5人助力，无需您再次助力
Jan 09 06:36:11 开始助力京东账号1 - jd_187425zqg的好友: MTAxODc2NTEzMTAwMDAwMDAzMDgyNzgxOQ==
Jan 09 06:36:14 该好友我的东仔已满5人助力，无需您再次助力
Jan 09 06:36:16 开始助力京东账号1 - jd_187425zqg的好友: MTAxODcxOTI2NTAwMDAwMDAxMjkzMTAzNQ==
Jan 09 06:36:20 该好友-黑太阳-已满5人助力，无需您再次助力
Jan 09 06:36:22 开始助力京东账号1 - jd_187425zqg的好友: MTE1NDQ5MzYwMDAwMDAwMzk3NDEzNDM=
Jan 09 06:36:25 该好友jackdave3158已满5人助力，无需您再次助力
Jan 09 06:36:27 开始助力京东账号1 - jd_187425zqg的好友: MTAxODcxOTI2NTAwMDAwMDAyMDc3ODM1Mw==
Jan 09 06:36:30 该好友小昔_已满5人助力，无需您再次助力
Jan 09 06:36:32 开始助力京东账号1 - jd_187425zqg的好友: MTEyNjE4NjQ2MDAwMDAwMDQ4NzU5MTIz
Jan 09 06:36:35 该好友邛崃大帅哥已满5人助力，无需您再次助力
Jan 09 06:36:37 开始助力京东账号1 - jd_187425zqg的好友: MTAxNzIxMDc1MTAwMDAwMDA1MjEyMzkyMw==
Jan 09 06:36:40 该好友Mr-G瑞已满5人助力，无需您再次助力
Jan 09 06:36:42 开始助力京东账号1 - jd_187425zqg的好友: MTE0MDkyMjEwMDAwMDAwNDk1MTYzODc=
Jan 09 06:36:45 该好友Avaloyin已满5人助力，无需您再次助力
Jan 09 06:36:47 开始助力京东账号1 - jd_187425zqg的好友: MTAxODc2NTEzNDAwMDAwMDAwNTgzNDUzMQ==
Jan 09 06:36:51 该好友小笨熊2号机器人已满5人助力，无需您再次助力
Jan 09 06:36:53 
Jan 09 06:36:53 ==============📣系统通知📣==============
Jan 09 06:36:53 东东萌宠
Jan 09 06:36:53 【京东账号1】jd_187425zqg
Jan 09 06:36:53 【提醒⏰】3层抽纸巾30包已可领取
Jan 09 06:36:53 请去京东APP或微信小程序查看
Jan 09 06:36:53 点击弹窗即达
Jan 09 06:36:53 您未提供push+推送所需的PUSH_PLUS_TOKEN，取消push+推送消息通知🚫
Jan 09 06:36:53 
Jan 09 06:36:56 发送通知调用API失败！！
Jan 09 06:36:56 
Jan 09 06:36:56 RequestError: socket hang up
Jan 09 06:36:56     at ClientRequest.<anonymous> (/scripts/node_modules/.pnpm/got@11.8.3/node_modules/got/dist/source/core/index.js:962:111)
Jan 09 06:36:56     at Object.onceWrapper (node:events:510:26)
Jan 09 06:36:56     at ClientRequest.emit (node:events:402:35)
Jan 09 06:36:56     at ClientRequest.origin.emit (/scripts/node_modules/.pnpm/@szmarczak+http-timer@4.0.6/node_modules/@szmarczak/http-timer/dist/source/index.js:43:20)
Jan 09 06:36:56     at Socket.socketOnEnd (node:_http_client:471:9)
Jan 09 06:36:56     at Socket.emit (node:events:402:35)
Jan 09 06:36:56     at endReadableNT (node:internal/streams/readable:1343:12)
Jan 09 06:36:56     at connResetException (node:internal/errors:691:14)
Jan 09 06:36:56     at Socket.socketOnEnd (node:_http_client:471:23)
Jan 09 06:36:56     at Socket.emit (node:events:402:35)
Jan 09 06:36:56     at endReadableNT (node:internal/streams/readable:1343:12)
Jan 09 06:36:56     at processTicksAndRejections (node:internal/process/task_queues:83:21) {
Jan 09 06:36:56   code: 'ECONNRESET',
Jan 09 06:36:56   timings: {
Jan 09 06:36:56     start: 1641681415438,
Jan 09 06:36:56     socket: 1641681415439,
Jan 09 06:36:56     lookup: 1641681415439,
Jan 09 06:36:56     connect: 1641681416674,
Jan 09 06:36:56     secureConnect: undefined,
Jan 09 06:36:56     upload: 1641681416674,
Jan 09 06:36:56     response: undefined,
Jan 09 06:36:56     end: undefined,
Jan 09 06:36:56     error: 1641681416909,
Jan 09 06:36:56     abort: undefined,
Jan 09 06:36:56     phases: {
Jan 09 06:36:56       wait: 1,
Jan 09 06:36:56       dns: 0,
Jan 09 06:36:56       tcp: 1235,
Jan 09 06:36:56       tls: undefined,
Jan 09 06:36:56       request: 0,
Jan 09 06:36:56       firstByte: undefined,
Jan 09 06:36:56       download: undefined,
Jan 09 06:36:56       total: 1471
Jan 09 06:36:56     }
Jan 09 06:36:56   }
Jan 09 06:36:56 }
Jan 09 06:36:56 您未提供Bark的APP推送BARK_PUSH，取消Bark推送消息通知🚫
Jan 09 06:36:56 
Jan 09 06:36:56 您未提供telegram机器人推送所需的TG_BOT_TOKEN和TG_USER_ID，取消telegram推送消息通知🚫
Jan 09 06:36:56 
Jan 09 06:36:56 您未提供钉钉机器人推送所需的DD_BOT_TOKEN或者DD_BOT_SECRET，取消钉钉推送消息通知🚫
Jan 09 06:36:56 
Jan 09 06:36:56 您未提供企业微信机器人推送所需的QYWX_KEY，取消企业微信推送消息通知🚫
Jan 09 06:36:56 
Jan 09 06:36:56 您未提供企业微信应用消息推送所需的QYWX_AM，取消企业微信应用消息推送消息通知🚫
Jan 09 06:36:56 
Jan 09 06:36:56 您未提供iGot的推送IGOT_PUSH_KEY，取消iGot推送消息通知🚫
Jan 09 06:36:56 
Jan 09 06:36:56 您未提供go-cqhttp所需的GO_CQHTTP_URL、GO_CQHTTP_QQ、GO_CQHTTP_METHOD，取消QQ推送消息通知🚫
Jan 09 06:36:56 
Jan 09 06:36:56 
Jan 09 06:36:56 🔔东东萌宠, 结束! 🕛 116.104 秒
Jan 09 06:36:56 
Jan 09 12:35:00 
Jan 09 12:35:00 🔔东东萌宠, 开始!
Jan 09 12:35:00 开始获取东东萌宠配置文件
Jan 09 12:35:00 
Jan 09 12:35:00 
Jan 09 12:35:00 ====================共1个京东账号Cookie=========
Jan 09 12:35:00 
Jan 09 12:35:00 ==================脚本执行- 北京时间(UTC+8)：2022/1/9 下午12:35:00=====================
Jan 09 12:35:00 
Jan 09 12:35:00 共1个京东账号
Jan 09 12:35:00 
Jan 09 12:35:00 您提供了1个账号的东东萌宠助力码
Jan 09 12:35:00 
Jan 09 12:35:00 
Jan 09 12:35:00 开始【京东账号1】jd_187425zqg
Jan 09 12:35:00 
Jan 09 12:35:01 随机取个20码放到您固定的互助码后面(不影响已有固定互助)
Jan 09 12:35:01 第1个京东账号将要助力的好友["MTE1NDAxNzcwMDAwMDAwMzg2NDk3MDM=","MTEyNjE4NjQ2MDAwMDAwMDUxMDgyNjUz","MTE1NDUwMTI0MDAwMDAwMDQwOTc4ODk3","MTE1NDQ5OTUwMDAwMDAwNDQ4ODkyOTE=","MTE5MzE2OTAwMDAwMDA0OTY3Mzc2Nw==","MTE1NDQ5OTUwMDAwMDAwNDI0NzYwMDc=","MTAxODc2NTEzOTAwMDAwMDAyMzg0MjQ5MQ==","MTE1NDAxNzgwMDAwMDAwNDM2ODQxNjc=","MTE1NDUyMjEwMDAwMDAwNDY0MzM1MzM=","MTAxODc2NTEzMDAwMDAwMDAyNzE1NjkwOQ==","MTE1NDY3NTMwMDAwMDAwNjI0ODY0MDM=","MTE1NDUwMTI0MDAwMDAwMDQ2NzU2MzI1","MTEyNjE4NjQ2MDAwMDAwMDYxNzY0NjU1","MTAxODEyOTI4MDAwMDAwMDQwMDUyNTA5","MTEzMzI1MTE4NDAwMDAwMDA1MDIzMDIwOQ==","MTE1NDAxNzYwMDAwMDAwMzM5OTU0Mzc=","MTE1NDAxNzgwMDAwMDAwMzgzMzUwNjE=","MTAxODc2NTEzNTAwMDAwMDAyNDAxMzAzMQ==","MTE1NDQ5MzYwMDAwMDAwMzkzODc5MDU=","MTE5MzE2OTAwMDAwMDA1MDc1NzcyMw==","MTEzMzI0OTE0NTAwMDAwMDA0MzI0Mzc0MQ=="]
Jan 09 12:35:04 开始助力京东账号1 - jd_187425zqg的好友: MTE1NDAxNzcwMDAwMDAwMzg2NDk3MDM=
Jan 09 12:35:07 助力好友结果: 已经助过力
Jan 09 12:35:09 开始助力京东账号1 - jd_187425zqg的好友: MTEyNjE4NjQ2MDAwMDAwMDUxMDgyNjUz
Jan 09 12:35:12 该好友jd_VrwymVehQqFF已满5人助力，无需您再次助力
Jan 09 12:35:14 开始助力京东账号1 - jd_187425zqg的好友: MTE1NDUwMTI0MDAwMDAwMDQwOTc4ODk3
Jan 09 12:35:17 该好友zhengshuai860113已满5人助力，无需您再次助力
Jan 09 12:35:19 开始助力京东账号1 - jd_187425zqg的好友: MTE1NDQ5OTUwMDAwMDAwNDQ4ODkyOTE=
Jan 09 12:35:23 该好友Fate_pc已满5人助力，无需您再次助力
Jan 09 12:35:25 开始助力京东账号1 - jd_187425zqg的好友: MTE5MzE2OTAwMDAwMDA0OTY3Mzc2Nw==
Jan 09 12:35:28 该好友萍萍狗已满5人助力，无需您再次助力
Jan 09 12:35:30 开始助力京东账号1 - jd_187425zqg的好友: MTE1NDQ5OTUwMDAwMDAwNDI0NzYwMDc=
Jan 09 12:35:33 该好友山_口_山已满5人助力，无需您再次助力
Jan 09 12:35:35 开始助力京东账号1 - jd_187425zqg的好友: MTAxODc2NTEzOTAwMDAwMDAyMzg0MjQ5MQ==
Jan 09 12:35:38 该好友冷暖自知cxdgg已满5人助力，无需您再次助力
Jan 09 12:35:40 开始助力京东账号1 - jd_187425zqg的好友: MTE1NDAxNzgwMDAwMDAwNDM2ODQxNjc=
Jan 09 12:35:43 该好友大明湖畔啃鸡jio已满5人助力，无需您再次助力
Jan 09 12:35:45 开始助力京东账号1 - jd_187425zqg的好友: MTE1NDUyMjEwMDAwMDAwNDY0MzM1MzM=
Jan 09 12:35:48 该好友jd_133580krp已满5人助力，无需您再次助力
Jan 09 12:35:50 开始助力京东账号1 - jd_187425zqg的好友: MTAxODc2NTEzMDAwMDAwMDAyNzE1NjkwOQ==
Jan 09 12:35:53 该好友大大大gw已满5人助力，无需您再次助力
Jan 09 12:35:55 开始助力京东账号1 - jd_187425zqg的好友: MTE1NDY3NTMwMDAwMDAwNjI0ODY0MDM=
Jan 09 12:35:59 该好友jd_JAiDqYHNKdzf已满5人助力，无需您再次助力
Jan 09 12:36:01 开始助力京东账号1 - jd_187425zqg的好友: MTE1NDUwMTI0MDAwMDAwMDQ2NzU2MzI1
Jan 09 12:36:04 该好友孔国凤已满5人助力，无需您再次助力
Jan 09 12:36:06 开始助力京东账号1 - jd_187425zqg的好友: MTEyNjE4NjQ2MDAwMDAwMDYxNzY0NjU1
Jan 09 12:36:09 该好友u_6jqb45y4ypwa已满5人助力，无需您再次助力
Jan 09 12:36:11 开始助力京东账号1 - jd_187425zqg的好友: MTAxODEyOTI4MDAwMDAwMDQwMDUyNTA5
Jan 09 12:36:14 该好友huxh628已满5人助力，无需您再次助力
Jan 09 12:36:16 开始助力京东账号1 - jd_187425zqg的好友: MTEzMzI1MTE4NDAwMDAwMDA1MDIzMDIwOQ==
Jan 09 12:36:19 该好友jd_dmxbAhJmKtAH已满5人助力，无需您再次助力
Jan 09 12:36:21 开始助力京东账号1 - jd_187425zqg的好友: MTE1NDAxNzYwMDAwMDAwMzM5OTU0Mzc=
Jan 09 12:36:24 该好友关府二少奶奶已满5人助力，无需您再次助力
Jan 09 12:36:26 开始助力京东账号1 - jd_187425zqg的好友: MTE1NDAxNzgwMDAwMDAwMzgzMzUwNjE=
Jan 09 12:36:30 该好友晚枫1024已满5人助力，无需您再次助力
Jan 09 12:36:32 开始助力京东账号1 - jd_187425zqg的好友: MTAxODc2NTEzNTAwMDAwMDAyNDAxMzAzMQ==
Jan 09 12:36:35 该好友miss爆牙已满5人助力，无需您再次助力
Jan 09 12:36:37 开始助力京东账号1 - jd_187425zqg的好友: MTE1NDQ5MzYwMDAwMDAwMzkzODc5MDU=
Jan 09 12:36:40 该好友話友已满5人助力，无需您再次助力
Jan 09 12:36:42 开始助力京东账号1 - jd_187425zqg的好友: MTE5MzE2OTAwMDAwMDA1MDc1NzcyMw==
Jan 09 12:36:45 该好友魂_小栋已满5人助力，无需您再次助力
Jan 09 12:36:47 开始助力京东账号1 - jd_187425zqg的好友: MTEzMzI0OTE0NTAwMDAwMDA0MzI0Mzc0MQ==
Jan 09 12:36:50 该好友jd_lcsa469已满5人助力，无需您再次助力
Jan 09 12:36:52 
Jan 09 12:36:52 ==============📣系统通知📣==============
Jan 09 12:36:52 东东萌宠
Jan 09 12:36:52 【京东账号1】jd_187425zqg
Jan 09 12:36:52 【提醒⏰】3层抽纸巾30包已可领取
Jan 09 12:36:52 请去京东APP或微信小程序查看
Jan 09 12:36:52 点击弹窗即达
Jan 09 12:36:52 您未提供push+推送所需的PUSH_PLUS_TOKEN，取消push+推送消息通知🚫
Jan 09 12:36:52 
Jan 09 12:36:56 发送通知调用API失败！！
Jan 09 12:36:56 
Jan 09 12:36:56 RequestError: socket hang up
Jan 09 12:36:56     at ClientRequest.<anonymous> (/scripts/node_modules/.pnpm/got@11.8.3/node_modules/got/dist/source/core/index.js:962:111)
Jan 09 12:36:56     at Object.onceWrapper (node:events:510:26)
Jan 09 12:36:56     at ClientRequest.emit (node:events:402:35)
Jan 09 12:36:56     at ClientRequest.origin.emit (/scripts/node_modules/.pnpm/@szmarczak+http-timer@4.0.6/node_modules/@szmarczak/http-timer/dist/source/index.js:43:20)
Jan 09 12:36:56     at Socket.socketOnEnd (node:_http_client:471:9)
Jan 09 12:36:56     at Socket.emit (node:events:402:35)
Jan 09 12:36:56     at endReadableNT (node:internal/streams/readable:1343:12)
Jan 09 12:36:56     at connResetException (node:internal/errors:691:14)
Jan 09 12:36:56     at Socket.socketOnEnd (node:_http_client:471:23)
Jan 09 12:36:56     at Socket.emit (node:events:402:35)
Jan 09 12:36:56     at endReadableNT (node:internal/streams/readable:1343:12)
Jan 09 12:36:56     at processTicksAndRejections (node:internal/process/task_queues:83:21) {
Jan 09 12:36:56   code: 'ECONNRESET',
Jan 09 12:36:56   timings: {
Jan 09 12:36:56     start: 1641703014990,
Jan 09 12:36:56     socket: 1641703014990,
Jan 09 12:36:56     lookup: 1641703014991,
Jan 09 12:36:56     connect: 1641703016221,
Jan 09 12:36:56     secureConnect: undefined,
Jan 09 12:36:56     upload: 1641703016221,
Jan 09 12:36:56     response: undefined,
Jan 09 12:36:56     end: undefined,
Jan 09 12:36:56     error: 1641703016451,
Jan 09 12:36:56     abort: undefined,
Jan 09 12:36:56     phases: {
Jan 09 12:36:56       wait: 0,
Jan 09 12:36:56       dns: 1,
Jan 09 12:36:56       tcp: 1230,
Jan 09 12:36:56       tls: undefined,
Jan 09 12:36:56       request: 0,
Jan 09 12:36:56       firstByte: undefined,
Jan 09 12:36:56       download: undefined,
Jan 09 12:36:56       total: 1461
Jan 09 12:36:56     }
Jan 09 12:36:56   }
Jan 09 12:36:56 }
Jan 09 12:36:56 您未提供Bark的APP推送BARK_PUSH，取消Bark推送消息通知🚫
Jan 09 12:36:56 
Jan 09 12:36:56 您未提供telegram机器人推送所需的TG_BOT_TOKEN和TG_USER_ID，取消telegram推送消息通知🚫
Jan 09 12:36:56 
Jan 09 12:36:56 您未提供钉钉机器人推送所需的DD_BOT_TOKEN或者DD_BOT_SECRET，取消钉钉推送消息通知🚫
Jan 09 12:36:56 
Jan 09 12:36:56 您未提供企业微信机器人推送所需的QYWX_KEY，取消企业微信推送消息通知🚫
Jan 09 12:36:56 
Jan 09 12:36:56 您未提供企业微信应用消息推送所需的QYWX_AM，取消企业微信应用消息推送消息通知🚫
Jan 09 12:36:56 
Jan 09 12:36:56 您未提供iGot的推送IGOT_PUSH_KEY，取消iGot推送消息通知🚫
Jan 09 12:36:56 
Jan 09 12:36:56 您未提供go-cqhttp所需的GO_CQHTTP_URL、GO_CQHTTP_QQ、GO_CQHTTP_METHOD，取消QQ推送消息通知🚫
Jan 09 12:36:56 
Jan 09 12:36:56 
Jan 09 12:36:56 🔔东东萌宠, 结束! 🕛 116.201 秒
Jan 09 12:36:56 
Jan 09 18:35:00 
Jan 09 18:35:00 🔔东东萌宠, 开始!
Jan 09 18:35:00 开始获取东东萌宠配置文件
Jan 09 18:35:00 
Jan 09 18:35:00 
Jan 09 18:35:00 ====================共1个京东账号Cookie=========
Jan 09 18:35:00 
Jan 09 18:35:00 ==================脚本执行- 北京时间(UTC+8)：2022/1/9 下午6:35:00=====================
Jan 09 18:35:00 
Jan 09 18:35:00 共1个京东账号
Jan 09 18:35:00 
Jan 09 18:35:00 您提供了1个账号的东东萌宠助力码
Jan 09 18:35:00 
Jan 09 18:35:01 
Jan 09 18:35:01 开始【京东账号1】jd_187425zqg
Jan 09 18:35:01 
Jan 09 18:35:01 随机取个20码放到您固定的互助码后面(不影响已有固定互助)
Jan 09 18:35:01 第1个京东账号将要助力的好友["MTE1NDAxNzcwMDAwMDAwMzg2NDk3MDM=","MTE1NDQ5OTIwMDAwMDAwNDU0NTU1NjM=","MTE1NDY3NTIwMDAwMDAwNTk1MTMxNTk=","MTE1NDQ5OTIwMDAwMDAwNDM3MDI3ODM=","MTAxODc2NTEzOTAwMDAwMDAwOTg1NjkxMQ==","MTE1NDUwMTI0MDAwMDAwMDQ0MTEzMzkx","MTAxNzIxMDc1MTAwMDAwMDA1OTA2MzA0Mw==","MTE1NDUwMTI0MDAwMDAwMDM5MDMxNDYx","MTE0MDkyMjEwMDAwMDAwNDcyNDk2Mzk=","MTAxODc2NTE0NzAwMDAwMDAxNDI4ODgwOQ==","MTEyNjkzMjAwMDAwMDAwMDUxNzM5MzYx","MTEzMzI1MTE4NDAwMDAwMDA2OTMwMTgzOQ==","MTEyOTEzNzMzMDAwMDAwMDUwNTM0Njg3","MTE1NDQ5OTIwMDAwMDAwNDM2Mzg4NjE=","MTE0MDQ3MzEwMDAwMDAwNDcxNTc2MTU=","MTEyNTEyNTE1MDAwMDAwMDA0ODQxNzU0Mw==","MTEzMzI0OTE0NTAwMDAwMDA0MjUwMTY5Nw==","MTEyOTEzNzMzMDAwMDAwMDY0MTM0MDk1","MTE1NDY3NTIwMDAwMDAwNTQ2NTAyMjE=","MTE1NDQ5MzYwMDAwMDAwNDE4OTMyMTM=","MTE5MzEwNTEzODAwMDAwMDA1MzkyMzM5MQ=="]
Jan 09 18:35:04 开始助力京东账号1 - jd_187425zqg的好友: MTE1NDAxNzcwMDAwMDAwMzg2NDk3MDM=
Jan 09 18:35:07 助力好友结果: 已经助过力
Jan 09 18:35:09 开始助力京东账号1 - jd_187425zqg的好友: MTE1NDQ5OTIwMDAwMDAwNDU0NTU1NjM=
Jan 09 18:35:13 该好友青OvO柠已满5人助力，无需您再次助力
Jan 09 18:35:15 开始助力京东账号1 - jd_187425zqg的好友: MTE1NDY3NTIwMDAwMDAwNTk1MTMxNTk=
Jan 09 18:35:18 该好友mi795810已满5人助力，无需您再次助力
Jan 09 18:35:20 开始助力京东账号1 - jd_187425zqg的好友: MTE1NDQ5OTIwMDAwMDAwNDM3MDI3ODM=
Jan 09 18:35:23 该好友jd_157278mms已满5人助力，无需您再次助力
Jan 09 18:35:25 开始助力京东账号1 - jd_187425zqg的好友: MTAxODc2NTEzOTAwMDAwMDAwOTg1NjkxMQ==
Jan 09 18:35:28 该好友jzbficm已满5人助力，无需您再次助力
Jan 09 18:35:30 开始助力京东账号1 - jd_187425zqg的好友: MTE1NDUwMTI0MDAwMDAwMDQ0MTEzMzkx
Jan 09 18:35:33 该好友暴走的图灵已满5人助力，无需您再次助力
Jan 09 18:35:35 开始助力京东账号1 - jd_187425zqg的好友: MTAxNzIxMDc1MTAwMDAwMDA1OTA2MzA0Mw==
Jan 09 18:35:38 该好友染指流年点已满5人助力，无需您再次助力
Jan 09 18:35:40 开始助力京东账号1 - jd_187425zqg的好友: MTE1NDUwMTI0MDAwMDAwMDM5MDMxNDYx
Jan 09 18:35:44 该好友jd_132950jqd已满5人助力，无需您再次助力
Jan 09 18:35:46 开始助力京东账号1 - jd_187425zqg的好友: MTE0MDkyMjEwMDAwMDAwNDcyNDk2Mzk=
Jan 09 18:35:49 该好友坤坤2021已满5人助力，无需您再次助力
Jan 09 18:35:51 开始助力京东账号1 - jd_187425zqg的好友: MTAxODc2NTE0NzAwMDAwMDAxNDI4ODgwOQ==
Jan 09 18:35:54 该好友jd_655ea23a51582已满5人助力，无需您再次助力
Jan 09 18:35:56 开始助力京东账号1 - jd_187425zqg的好友: MTEyNjkzMjAwMDAwMDAwMDUxNzM5MzYx
Jan 09 18:35:59 该好友jd_523d19bce7916已满5人助力，无需您再次助力
Jan 09 18:36:01 开始助力京东账号1 - jd_187425zqg的好友: MTEzMzI1MTE4NDAwMDAwMDA2OTMwMTgzOQ==
Jan 09 18:36:04 该好友jd138551yqe已满5人助力，无需您再次助力
Jan 09 18:36:06 开始助力京东账号1 - jd_187425zqg的好友: MTEyOTEzNzMzMDAwMDAwMDUwNTM0Njg3
Jan 09 18:36:09 该好友qzxuxiaofeng已满5人助力，无需您再次助力
Jan 09 18:36:11 开始助力京东账号1 - jd_187425zqg的好友: MTE1NDQ5OTIwMDAwMDAwNDM2Mzg4NjE=
Jan 09 18:36:14 该好友悲蔓延已满5人助力，无需您再次助力
Jan 09 18:36:16 开始助力京东账号1 - jd_187425zqg的好友: MTE0MDQ3MzEwMDAwMDAwNDcxNTc2MTU=
Jan 09 18:36:20 该好友jd_vZyjGkLaFObn已满5人助力，无需您再次助力
Jan 09 18:36:22 开始助力京东账号1 - jd_187425zqg的好友: MTEyNTEyNTE1MDAwMDAwMDA0ODQxNzU0Mw==
Jan 09 18:36:25 该好友小幸福txw已满5人助力，无需您再次助力
Jan 09 18:36:27 开始助力京东账号1 - jd_187425zqg的好友: MTEzMzI0OTE0NTAwMDAwMDA0MjUwMTY5Nw==
Jan 09 18:36:30 该好友不谷爱吾子已满5人助力，无需您再次助力
Jan 09 18:36:32 开始助力京东账号1 - jd_187425zqg的好友: MTEyOTEzNzMzMDAwMDAwMDY0MTM0MDk1
Jan 09 18:36:35 该好友jd_6796099c353e3已满5人助力，无需您再次助力
Jan 09 18:36:37 开始助力京东账号1 - jd_187425zqg的好友: MTE1NDY3NTIwMDAwMDAwNTQ2NTAyMjE=
Jan 09 18:36:40 该好友jd_4f094*****245已满5人助力，无需您再次助力
Jan 09 18:36:42 开始助力京东账号1 - jd_187425zqg的好友: MTE1NDQ5MzYwMDAwMDAwNDE4OTMyMTM=
Jan 09 18:36:45 该好友tejing已满5人助力，无需您再次助力
Jan 09 18:36:47 开始助力京东账号1 - jd_187425zqg的好友: MTE5MzEwNTEzODAwMDAwMDA1MzkyMzM5MQ==
Jan 09 18:36:50 该好友jd_SERDgrXbNGVV已满5人助力，无需您再次助力
Jan 09 18:36:52 
Jan 09 18:36:52 ==============📣系统通知📣==============
Jan 09 18:36:52 东东萌宠
Jan 09 18:36:52 【京东账号1】jd_187425zqg
Jan 09 18:36:52 【提醒⏰】3层抽纸巾30包已可领取
Jan 09 18:36:52 请去京东APP或微信小程序查看
Jan 09 18:36:52 点击弹窗即达
Jan 09 18:36:52 您未提供push+推送所需的PUSH_PLUS_TOKEN，取消push+推送消息通知🚫
Jan 09 18:36:52 
Jan 09 18:36:56 发送通知调用API失败！！
Jan 09 18:36:56 
Jan 09 18:36:56 RequestError: socket hang up
Jan 09 18:36:56     at ClientRequest.<anonymous> (/scripts/node_modules/.pnpm/got@11.8.3/node_modules/got/dist/source/core/index.js:962:111)
Jan 09 18:36:56     at Object.onceWrapper (node:events:510:26)
Jan 09 18:36:56     at ClientRequest.emit (node:events:402:35)
Jan 09 18:36:56     at ClientRequest.origin.emit (/scripts/node_modules/.pnpm/@szmarczak+http-timer@4.0.6/node_modules/@szmarczak/http-timer/dist/source/index.js:43:20)
Jan 09 18:36:56     at Socket.socketOnEnd (node:_http_client:471:9)
Jan 09 18:36:56     at Socket.emit (node:events:402:35)
Jan 09 18:36:56     at endReadableNT (node:internal/streams/readable:1343:12)
Jan 09 18:36:56     at connResetException (node:internal/errors:691:14)
Jan 09 18:36:56     at Socket.socketOnEnd (node:_http_client:471:23)
Jan 09 18:36:56     at Socket.emit (node:events:402:35)
Jan 09 18:36:56     at endReadableNT (node:internal/streams/readable:1343:12)
Jan 09 18:36:56     at processTicksAndRejections (node:internal/process/task_queues:83:21) {
Jan 09 18:36:56   code: 'ECONNRESET',
Jan 09 18:36:56   timings: {
Jan 09 18:36:56     start: 1641724615325,
Jan 09 18:36:56     socket: 1641724615325,
Jan 09 18:36:56     lookup: 1641724615326,
Jan 09 18:36:56     connect: 1641724616567,
Jan 09 18:36:56     secureConnect: undefined,
Jan 09 18:36:56     upload: 1641724616567,
Jan 09 18:36:56     response: undefined,
Jan 09 18:36:56     end: undefined,
Jan 09 18:36:56     error: 1641724616812,
Jan 09 18:36:56     abort: undefined,
Jan 09 18:36:56     phases: {
Jan 09 18:36:56       wait: 0,
Jan 09 18:36:56       dns: 1,
Jan 09 18:36:56       tcp: 1241,
Jan 09 18:36:56       tls: undefined,
Jan 09 18:36:56       request: 0,
Jan 09 18:36:56       firstByte: undefined,
Jan 09 18:36:56       download: undefined,
Jan 09 18:36:56       total: 1487
Jan 09 18:36:56     }
Jan 09 18:36:56   }
Jan 09 18:36:56 }
Jan 09 18:36:56 您未提供Bark的APP推送BARK_PUSH，取消Bark推送消息通知🚫
Jan 09 18:36:56 
Jan 09 18:36:56 您未提供telegram机器人推送所需的TG_BOT_TOKEN和TG_USER_ID，取消telegram推送消息通知🚫
Jan 09 18:36:56 
Jan 09 18:36:56 您未提供钉钉机器人推送所需的DD_BOT_TOKEN或者DD_BOT_SECRET，取消钉钉推送消息通知🚫
Jan 09 18:36:56 
Jan 09 18:36:56 您未提供企业微信机器人推送所需的QYWX_KEY，取消企业微信推送消息通知🚫
Jan 09 18:36:56 
Jan 09 18:36:56 您未提供企业微信应用消息推送所需的QYWX_AM，取消企业微信应用消息推送消息通知🚫
Jan 09 18:36:56 
Jan 09 18:36:56 您未提供iGot的推送IGOT_PUSH_KEY，取消iGot推送消息通知🚫
Jan 09 18:36:56 
Jan 09 18:36:56 您未提供go-cqhttp所需的GO_CQHTTP_URL、GO_CQHTTP_QQ、GO_CQHTTP_METHOD，取消QQ推送消息通知🚫
Jan 09 18:36:56 
Jan 09 18:36:56 
Jan 09 18:36:56 🔔东东萌宠, 结束! 🕛 116.147 秒
Jan 09 18:36:56 
