Jan 07 01:21:00 
Jan 07 01:21:00 🔔京东极速版, 开始!
Jan 07 01:21:00 
Jan 07 01:21:00 ====================共1个京东账号Cookie=========
Jan 07 01:21:00 
Jan 07 01:21:00 ==================脚本执行- 北京时间(UTC+8)：2022/1/7 上午1:21:00=====================
Jan 07 01:21:00 
Jan 07 01:21:01 
Jan 07 01:21:01 ******开始【京东账号1】jd_187425zqg*********
Jan 07 01:21:01 
Jan 07 01:21:01 【幸运大转盘】剩余抽奖机会：1
Jan 07 01:21:02 幸运大转盘抽奖获得：【13-10福利神券-老人】
Jan 07 01:21:02 
Jan 07 01:21:02 【幸运大转盘】剩余抽奖机会：0
Jan 07 01:21:02 逛商品赚金币已完成
Jan 07 01:21:03 【2/8】浏览商品任务记录成功，等待10秒
Jan 07 01:21:13 逛活动赚金币任务完成，获得100金币
Jan 07 01:21:13 【3/8】浏览商品任务记录成功，等待10秒
Jan 07 01:21:24 逛活动赚金币任务完成，获得50金币
Jan 07 01:21:24 【4/8】浏览商品任务记录成功，等待10秒
Jan 07 01:21:34 逛活动赚金币任务完成，获得100金币
Jan 07 01:21:34 【5/8】浏览商品任务记录成功，等待10秒
Jan 07 01:21:45 逛活动赚金币任务完成，获得50金币
Jan 07 01:21:45 【6/8】浏览商品任务记录成功，等待10秒
Jan 07 01:21:55 逛活动赚金币任务完成，获得100金币
Jan 07 01:21:56 【7/8】浏览商品任务记录成功，等待10秒
Jan 07 01:22:06 逛活动赚金币任务完成，获得50金币
Jan 07 01:22:06 【8/8】浏览商品任务记录成功，等待10秒
Jan 07 01:22:17 逛活动赚金币任务完成，获得100金币
Jan 07 01:22:17 逛活动赚金币任务开启失败，任务已达上限
Jan 07 01:22:17 看视频赚金币已完成
Jan 07 01:22:17 邀好友赚金币任务完成成功，预计获得50金币
Jan 07 01:22:18 东东爱消除任务完成成功，预计获得50金币
Jan 07 01:22:19 邀好友送现金任务完成成功，预计获得50金币
Jan 07 01:22:20 发财挖宝任务完成成功，预计获得50金币
Jan 07 01:22:22 签到领现金任务完成成功，预计获得60金币
Jan 07 01:22:23 汪汪乐园任务完成成功，预计获得50金币
Jan 07 01:22:24 购券抽大奖任务完成成功，预计获得50金币
Jan 07 01:22:25 签到免单任务完成成功，预计获得60金币
Jan 07 01:22:26 幸运大转盘任务完成成功，预计获得50金币
Jan 07 01:22:27 推推赚大钱任务完成成功，预计获得50金币
Jan 07 01:22:28 水果免费领任务完成成功，预计获得50金币
Jan 07 01:22:30 天天抽奖任务完成成功，预计获得50金币
Jan 07 01:22:31 砍价免费拿任务完成成功，预计获得50金币
Jan 07 01:22:32 气泡收取成功，获得50金币
Jan 07 01:22:33 气泡收取成功，获得50金币
Jan 07 01:22:33 气泡收取成功，获得50金币
Jan 07 01:22:34 气泡收取成功，获得50金币
Jan 07 01:22:35 气泡收取成功，获得60金币
Jan 07 01:22:35 气泡收取成功，获得50金币
Jan 07 01:22:36 气泡收取成功，获得50金币
Jan 07 01:22:37 气泡收取成功，获得60金币
Jan 07 01:22:38 气泡收取成功，获得50金币
Jan 07 01:22:38 气泡收取成功，获得50金币
Jan 07 01:22:39 气泡收取成功，获得50金币
Jan 07 01:22:40 气泡收取成功，获得50金币
Jan 07 01:22:40 气泡收取成功，获得50金币
Jan 07 01:22:41 
Jan 07 01:22:41 ==============📣系统通知📣==============
Jan 07 01:22:41 京东极速版
Jan 07 01:22:41 京东账号1jd_187425zqg
Jan 07 01:22:41 幸运大转盘抽奖获得：【13-10福利神券-老人】
Jan 07 01:22:41 本次运行获得1220金币，共计187798金币
Jan 07 01:22:41 可兑换 18.78 元京东红包
Jan 07 01:22:41 兑换入口：京东极速版->我的->金币
Jan 07 01:22:43 
Jan 07 01:22:43 🔔京东极速版, 结束! 🕛 102.577 秒
Jan 07 01:22:43 
Jan 07 06:21:00 
Jan 07 06:21:00 🔔京东极速版, 开始!
Jan 07 06:21:00 
Jan 07 06:21:00 ====================共1个京东账号Cookie=========
Jan 07 06:21:00 
Jan 07 06:21:00 ==================脚本执行- 北京时间(UTC+8)：2022/1/7 上午6:21:00=====================
Jan 07 06:21:00 
Jan 07 06:21:00 
Jan 07 06:21:00 ******开始【京东账号1】jd_187425zqg*********
Jan 07 06:21:00 
Jan 07 06:21:00 【幸运大转盘】剩余抽奖机会：0
Jan 07 06:21:01 【幸运大转盘】剩余抽奖机会：0
Jan 07 06:21:01 【1/45】浏览商品任务记录成功，等待5秒
Jan 07 06:21:06 逛商品赚金币任务完成，获得35金币
Jan 07 06:21:07 【2/45】浏览商品任务记录成功，等待5秒
Jan 07 06:21:12 逛商品赚金币任务完成，获得49金币
Jan 07 06:21:12 【3/45】浏览商品任务记录成功，等待5秒
Jan 07 06:21:18 逛商品赚金币任务完成，获得37金币
Jan 07 06:21:18 【4/45】浏览商品任务记录成功，等待5秒
Jan 07 06:21:23 逛商品赚金币任务完成，获得47金币
Jan 07 06:21:23 【5/45】浏览商品任务记录成功，等待5秒
Jan 07 06:21:29 逛商品赚金币任务完成，获得65金币
Jan 07 06:21:29 【6/45】浏览商品任务记录成功，等待5秒
Jan 07 06:21:34 逛商品赚金币任务完成，获得47金币
Jan 07 06:21:35 【7/45】浏览商品任务记录成功，等待5秒
Jan 07 06:21:40 逛商品赚金币任务完成，获得37金币
Jan 07 06:21:40 【8/45】浏览商品任务记录成功，等待5秒
Jan 07 06:21:45 逛商品赚金币任务完成，获得47金币
Jan 07 06:21:46 【9/45】浏览商品任务记录成功，等待5秒
Jan 07 06:21:51 逛商品赚金币任务完成，获得37金币
Jan 07 06:21:51 【10/45】浏览商品任务记录成功，等待5秒
Jan 07 06:21:56 逛商品赚金币任务完成，获得69金币
Jan 07 06:21:57 【11/45】浏览商品任务记录成功，等待5秒
Jan 07 06:22:02 逛商品赚金币任务完成，获得35金币
Jan 07 06:22:02 【12/45】浏览商品任务记录成功，等待5秒
Jan 07 06:22:08 逛商品赚金币任务完成，获得49金币
Jan 07 06:22:08 【13/45】浏览商品任务记录成功，等待5秒
Jan 07 06:22:13 逛商品赚金币任务完成，获得26金币
Jan 07 06:22:13 【14/45】浏览商品任务记录成功，等待5秒
Jan 07 06:22:19 逛商品赚金币任务完成，获得38金币
Jan 07 06:22:19 【15/45】浏览商品任务记录成功，等待5秒
Jan 07 06:22:24 逛商品赚金币任务完成，获得68金币
Jan 07 06:22:25 【16/45】浏览商品任务记录成功，等待5秒
Jan 07 06:22:30 逛商品赚金币任务完成，获得36金币
Jan 07 06:22:30 【17/45】浏览商品任务记录成功，等待5秒
Jan 07 06:22:35 逛商品赚金币任务完成，获得26金币
Jan 07 06:22:36 【18/45】浏览商品任务记录成功，等待5秒
Jan 07 06:22:41 逛商品赚金币任务完成，获得38金币
Jan 07 06:22:41 【19/45】浏览商品任务记录成功，等待5秒
Jan 07 06:22:46 逛商品赚金币任务完成，获得29金币
Jan 07 06:22:47 【20/45】浏览商品任务记录成功，等待5秒
Jan 07 06:22:52 逛商品赚金币任务完成，获得75金币
Jan 07 06:22:52 【21/45】浏览商品任务记录成功，等待5秒
Jan 07 06:22:58 逛商品赚金币任务完成，获得27金币
Jan 07 06:22:58 【22/45】浏览商品任务记录成功，等待5秒
Jan 07 06:23:03 逛商品赚金币任务完成，获得37金币
Jan 07 06:23:03 【23/45】浏览商品任务记录成功，等待5秒
Jan 07 06:23:09 逛商品赚金币任务完成，获得26金币
Jan 07 06:23:09 【24/45】浏览商品任务记录成功，等待5秒
Jan 07 06:23:14 逛商品赚金币任务完成，获得38金币
Jan 07 06:23:14 【25/45】浏览商品任务记录成功，等待5秒
Jan 07 06:23:20 逛商品赚金币任务完成，获得66金币
Jan 07 06:23:20 【26/45】浏览商品任务记录成功，等待5秒
Jan 07 06:23:25 逛商品赚金币任务完成，获得24金币
Jan 07 06:23:26 【27/45】浏览商品任务记录成功，等待5秒
Jan 07 06:23:31 逛商品赚金币任务完成，获得18金币
Jan 07 06:23:31 【28/45】浏览商品任务记录成功，等待5秒
Jan 07 06:23:36 逛商品赚金币任务完成，获得24金币
Jan 07 06:23:37 【29/45】浏览商品任务记录成功，等待5秒
Jan 07 06:23:42 逛商品赚金币任务完成，获得19金币
Jan 07 06:23:42 【30/45】浏览商品任务记录成功，等待5秒
Jan 07 06:23:48 逛商品赚金币任务完成，获得76金币
Jan 07 06:23:48 【31/45】浏览商品任务记录成功，等待5秒
Jan 07 06:23:53 逛商品赚金币任务完成，获得19金币
Jan 07 06:23:53 【32/45】浏览商品任务记录成功，等待5秒
Jan 07 06:23:59 逛商品赚金币任务完成，获得23金币
Jan 07 06:23:59 【33/45】浏览商品任务记录成功，等待5秒
Jan 07 06:24:04 逛商品赚金币任务完成，获得19金币
Jan 07 06:24:05 【34/45】浏览商品任务记录成功，等待5秒
Jan 07 06:24:10 逛商品赚金币任务完成，获得23金币
Jan 07 06:24:10 【35/45】浏览商品任务记录成功，等待5秒
Jan 07 06:24:15 逛商品赚金币任务完成，获得62金币
Jan 07 06:24:16 【36/45】浏览商品任务记录成功，等待5秒
Jan 07 06:24:21 逛商品赚金币任务完成，获得11金币
Jan 07 06:24:21 【37/45】浏览商品任务记录成功，等待5秒
Jan 07 06:24:26 逛商品赚金币任务完成，获得9金币
Jan 07 06:24:27 【38/45】浏览商品任务记录成功，等待5秒
Jan 07 06:24:32 逛商品赚金币任务完成，获得11金币
Jan 07 06:24:32 【39/45】浏览商品任务记录成功，等待5秒
Jan 07 06:24:38 逛商品赚金币任务完成，获得9金币
Jan 07 06:24:38 【40/45】浏览商品任务记录成功，等待5秒
Jan 07 06:24:43 逛商品赚金币任务完成，获得62金币
Jan 07 06:24:43 【41/45】浏览商品任务记录成功，等待5秒
Jan 07 06:24:49 逛商品赚金币任务完成，获得9金币
Jan 07 06:24:49 【42/45】浏览商品任务记录成功，等待5秒
Jan 07 06:24:54 逛商品赚金币任务完成，获得11金币
Jan 07 06:24:55 【43/45】浏览商品任务记录成功，等待5秒
Jan 07 06:25:00 逛商品赚金币任务完成，获得9金币
Jan 07 06:25:00 【44/45】浏览商品任务记录成功，等待5秒
Jan 07 06:25:05 逛商品赚金币任务完成，获得11金币
Jan 07 06:25:06 【45/45】浏览商品任务记录成功，等待5秒
Jan 07 06:25:11 逛商品赚金币任务完成，获得63金币
Jan 07 06:25:11 逛商品赚金币任务开启失败，任务已达上限
Jan 07 06:25:11 【1/8】浏览商品任务记录成功，等待10秒
Jan 07 06:25:22 逛活动赚金币任务完成，获得50金币
Jan 07 06:25:22 【2/8】浏览商品任务记录成功，等待10秒
Jan 07 06:25:32 逛活动赚金币任务完成，获得100金币
Jan 07 06:25:33 【3/8】浏览商品任务记录成功，等待10秒
Jan 07 06:25:43 逛活动赚金币任务完成，获得50金币
Jan 07 06:25:43 【4/8】浏览商品任务记录成功，等待10秒
Jan 07 06:25:53 逛活动赚金币任务完成，获得100金币
Jan 07 06:25:54 【5/8】浏览商品任务记录成功，等待10秒
Jan 07 06:26:04 逛活动赚金币任务完成，获得50金币
Jan 07 06:26:04 【6/8】浏览商品任务记录成功，等待10秒
Jan 07 06:26:15 逛活动赚金币任务完成，获得100金币
Jan 07 06:26:15 【7/8】浏览商品任务记录成功，等待10秒
Jan 07 06:26:25 逛活动赚金币任务完成，获得50金币
Jan 07 06:26:25 【8/8】浏览商品任务记录成功，等待10秒
Jan 07 06:26:36 逛活动赚金币任务完成，获得100金币
Jan 07 06:26:36 逛活动赚金币任务开启失败，任务已达上限
Jan 07 06:26:36 【1/85】浏览商品任务记录成功，等待15秒
Jan 07 06:26:51 看视频赚金币任务完成，获得30金币
Jan 07 06:26:52 【2/85】浏览商品任务记录成功，等待15秒
Jan 07 06:27:07 看视频赚金币任务完成，获得30金币
Jan 07 06:27:07 【3/85】浏览商品任务记录成功，等待15秒
Jan 07 06:27:22 看视频赚金币任务完成，获得30金币
Jan 07 06:27:22 【4/85】浏览商品任务记录成功，等待15秒
Jan 07 06:27:38 看视频赚金币任务完成，获得30金币
Jan 07 06:27:38 【5/85】浏览商品任务记录成功，等待15秒
Jan 07 06:27:53 看视频赚金币任务完成，获得120金币
Jan 07 06:27:53 【6/85】浏览商品任务记录成功，等待15秒
Jan 07 06:28:09 看视频赚金币任务完成，获得30金币
Jan 07 06:28:09 【7/85】浏览商品任务记录成功，等待15秒
Jan 07 06:28:24 看视频赚金币任务完成，获得30金币
Jan 07 06:28:24 【8/85】浏览商品任务记录成功，等待15秒
Jan 07 06:28:39 看视频赚金币任务完成，获得30金币
Jan 07 06:28:40 【9/85】浏览商品任务记录成功，等待15秒
Jan 07 06:28:55 看视频赚金币任务完成，获得30金币
Jan 07 06:28:55 【10/85】浏览商品任务记录成功，等待15秒
Jan 07 06:29:10 看视频赚金币任务完成，获得120金币
Jan 07 06:29:10 【11/85】浏览商品任务记录成功，等待15秒
Jan 07 06:29:26 看视频赚金币任务完成，获得30金币
Jan 07 06:29:26 【12/85】浏览商品任务记录成功，等待15秒
Jan 07 06:29:41 看视频赚金币任务完成，获得30金币
Jan 07 06:29:41 【13/85】浏览商品任务记录成功，等待15秒
Jan 07 06:29:57 看视频赚金币任务完成，获得30金币
Jan 07 06:29:57 【14/85】浏览商品任务记录成功，等待15秒
Jan 07 06:30:12 看视频赚金币任务完成，获得30金币
Jan 07 06:30:12 【15/85】浏览商品任务记录成功，等待15秒
Jan 07 06:30:27 看视频赚金币任务完成，获得120金币
Jan 07 06:30:28 【16/85】浏览商品任务记录成功，等待15秒
Jan 07 06:30:43 看视频赚金币任务完成，获得30金币
Jan 07 06:30:43 【17/85】浏览商品任务记录成功，等待15秒
Jan 07 06:30:58 看视频赚金币任务完成，获得30金币
Jan 07 06:30:58 【18/85】浏览商品任务记录成功，等待15秒
Jan 07 06:31:14 看视频赚金币任务完成，获得30金币
Jan 07 06:31:14 【19/85】浏览商品任务记录成功，等待15秒
Jan 07 06:31:29 看视频赚金币任务完成，获得30金币
Jan 07 06:31:29 【20/85】浏览商品任务记录成功，等待15秒
Jan 07 06:31:45 看视频赚金币任务完成，获得120金币
Jan 07 06:31:45 【21/85】浏览商品任务记录成功，等待15秒
Jan 07 06:32:00 看视频赚金币任务完成，获得30金币
Jan 07 06:32:00 【22/85】浏览商品任务记录成功，等待15秒
Jan 07 06:32:16 看视频赚金币任务完成，获得30金币
Jan 07 06:32:16 【23/85】浏览商品任务记录成功，等待15秒
Jan 07 06:32:31 看视频赚金币任务完成，获得30金币
Jan 07 06:32:31 【24/85】浏览商品任务记录成功，等待15秒
Jan 07 06:32:46 看视频赚金币任务完成，获得30金币
Jan 07 06:32:47 【25/85】浏览商品任务记录成功，等待15秒
Jan 07 06:33:02 看视频赚金币任务完成，获得120金币
Jan 07 06:33:02 【26/85】浏览商品任务记录成功，等待15秒
Jan 07 06:33:17 看视频赚金币任务完成，获得30金币
Jan 07 06:33:17 【27/85】浏览商品任务记录成功，等待15秒
Jan 07 06:33:33 看视频赚金币任务完成，获得30金币
Jan 07 06:33:33 【28/85】浏览商品任务记录成功，等待15秒
Jan 07 06:33:48 看视频赚金币任务完成，获得30金币
Jan 07 06:33:48 【29/85】浏览商品任务记录成功，等待15秒
Jan 07 06:34:04 看视频赚金币任务完成，获得30金币
Jan 07 06:34:04 【30/85】浏览商品任务记录成功，等待15秒
Jan 07 06:34:19 看视频赚金币任务完成，获得120金币
Jan 07 06:34:19 【31/85】浏览商品任务记录成功，等待15秒
Jan 07 06:34:34 看视频赚金币任务完成，获得30金币
Jan 07 06:34:35 【32/85】浏览商品任务记录成功，等待15秒
Jan 07 06:34:50 看视频赚金币任务完成，获得30金币
Jan 07 06:34:50 【33/85】浏览商品任务记录成功，等待15秒
Jan 07 06:35:05 看视频赚金币任务完成，获得30金币
Jan 07 06:35:05 【34/85】浏览商品任务记录成功，等待15秒
Jan 07 06:35:21 看视频赚金币任务完成，获得30金币
Jan 07 06:35:21 【35/85】浏览商品任务记录成功，等待15秒
Jan 07 06:35:36 看视频赚金币任务完成，获得120金币
Jan 07 06:35:36 【36/85】浏览商品任务记录成功，等待18秒
Jan 07 06:35:55 看视频赚金币任务完成，获得25金币
Jan 07 06:35:55 【37/85】浏览商品任务记录成功，等待18秒
Jan 07 06:36:13 看视频赚金币任务完成，获得25金币
Jan 07 06:36:13 【38/85】浏览商品任务记录成功，等待18秒
Jan 07 06:36:31 看视频赚金币任务完成，获得25金币
Jan 07 06:36:32 【39/85】浏览商品任务记录成功，等待18秒
Jan 07 06:36:50 看视频赚金币任务完成，获得25金币
Jan 07 06:36:50 【40/85】浏览商品任务记录成功，等待18秒
Jan 07 06:37:08 看视频赚金币任务完成，获得120金币
Jan 07 06:37:08 【41/85】浏览商品任务记录成功，等待18秒
Jan 07 06:37:27 看视频赚金币任务完成，获得25金币
Jan 07 06:37:27 【42/85】浏览商品任务记录成功，等待18秒
Jan 07 06:37:45 看视频赚金币任务完成，获得25金币
Jan 07 06:37:45 【43/85】浏览商品任务记录成功，等待18秒
Jan 07 06:38:04 看视频赚金币任务完成，获得25金币
Jan 07 06:38:04 【44/85】浏览商品任务记录成功，等待18秒
Jan 07 06:38:22 看视频赚金币任务完成，获得25金币
Jan 07 06:38:22 【45/85】浏览商品任务记录成功，等待18秒
Jan 07 06:38:40 看视频赚金币任务完成，获得120金币
Jan 07 06:38:41 【46/85】浏览商品任务记录成功，等待18秒
Jan 07 06:38:59 看视频赚金币任务完成，获得25金币
Jan 07 06:38:59 【47/85】浏览商品任务记录成功，等待18秒
Jan 07 06:39:17 看视频赚金币任务完成，获得25金币
Jan 07 06:39:17 【48/85】浏览商品任务记录成功，等待18秒
Jan 07 06:39:36 看视频赚金币任务完成，获得25金币
Jan 07 06:39:36 【49/85】浏览商品任务记录成功，等待18秒
Jan 07 06:39:54 看视频赚金币任务完成，获得25金币
Jan 07 06:39:54 【50/85】浏览商品任务记录成功，等待18秒
Jan 07 06:40:13 看视频赚金币任务完成，获得120金币
Jan 07 06:40:13 【51/85】浏览商品任务记录成功，等待18秒
Jan 07 06:40:31 看视频赚金币任务完成，获得25金币
Jan 07 06:40:31 【52/85】浏览商品任务记录成功，等待18秒
Jan 07 06:40:50 看视频赚金币任务完成，获得25金币
Jan 07 06:40:50 【53/85】浏览商品任务记录成功，等待18秒
Jan 07 06:41:08 看视频赚金币任务完成，获得25金币
Jan 07 06:41:08 【54/85】浏览商品任务记录成功，等待18秒
Jan 07 06:41:26 看视频赚金币任务完成，获得25金币
Jan 07 06:41:27 【55/85】浏览商品任务记录成功，等待18秒
Jan 07 06:41:45 看视频赚金币任务完成，获得120金币
Jan 07 06:41:45 【56/85】浏览商品任务记录成功，等待18秒
Jan 07 06:42:03 看视频赚金币任务完成，获得25金币
Jan 07 06:42:03 【57/85】浏览商品任务记录成功，等待18秒
Jan 07 06:42:22 看视频赚金币任务完成，获得25金币
Jan 07 06:42:22 【58/85】浏览商品任务记录成功，等待18秒
Jan 07 06:42:40 看视频赚金币任务完成，获得25金币
Jan 07 06:42:40 【59/85】浏览商品任务记录成功，等待18秒
Jan 07 06:42:59 看视频赚金币任务完成，获得25金币
Jan 07 06:42:59 【60/85】浏览商品任务记录成功，等待18秒
Jan 07 06:43:17 看视频赚金币任务完成，获得120金币
Jan 07 06:43:17 【61/85】浏览商品任务记录成功，等待20秒
Jan 07 06:43:37 看视频赚金币任务完成，获得10金币
Jan 07 06:43:38 【62/85】浏览商品任务记录成功，等待20秒
Jan 07 06:43:58 看视频赚金币任务完成，获得10金币
Jan 07 06:43:58 【63/85】浏览商品任务记录成功，等待20秒
Jan 07 06:44:18 看视频赚金币任务完成，获得10金币
Jan 07 06:44:18 【64/85】浏览商品任务记录成功，等待20秒
Jan 07 06:44:39 看视频赚金币任务完成，获得10金币
Jan 07 06:44:39 【65/85】浏览商品任务记录成功，等待20秒
Jan 07 06:44:59 看视频赚金币任务完成，获得60金币
Jan 07 06:44:59 【66/85】浏览商品任务记录成功，等待20秒
Jan 07 06:45:20 看视频赚金币任务完成，获得10金币
Jan 07 06:45:20 【67/85】浏览商品任务记录成功，等待20秒
Jan 07 06:45:40 看视频赚金币任务完成，获得10金币
Jan 07 06:45:40 【68/85】浏览商品任务记录成功，等待20秒
Jan 07 06:46:00 看视频赚金币任务完成，获得10金币
Jan 07 06:46:01 【69/85】浏览商品任务记录成功，等待20秒
Jan 07 06:46:21 看视频赚金币任务完成，获得10金币
Jan 07 06:46:21 【70/85】浏览商品任务记录成功，等待20秒
Jan 07 06:46:41 看视频赚金币任务完成，获得60金币
Jan 07 06:46:41 【71/85】浏览商品任务记录成功，等待20秒
Jan 07 06:47:02 看视频赚金币任务完成，获得10金币
Jan 07 06:47:02 【72/85】浏览商品任务记录成功，等待20秒
Jan 07 06:47:22 看视频赚金币任务完成，获得10金币
Jan 07 06:47:22 【73/85】浏览商品任务记录成功，等待20秒
Jan 07 06:47:43 看视频赚金币任务完成，获得10金币
Jan 07 06:47:43 【74/85】浏览商品任务记录成功，等待20秒
Jan 07 06:48:03 看视频赚金币任务完成，获得10金币
Jan 07 06:48:03 【75/85】浏览商品任务记录成功，等待20秒
Jan 07 06:48:23 看视频赚金币任务完成，获得60金币
Jan 07 06:48:24 【76/85】浏览商品任务记录成功，等待30秒
Jan 07 06:48:54 看视频赚金币任务完成，获得5金币
Jan 07 06:48:54 【77/85】浏览商品任务记录成功，等待30秒
Jan 07 06:49:24 看视频赚金币任务完成，获得5金币
Jan 07 06:49:25 【78/85】浏览商品任务记录成功，等待30秒
Jan 07 06:49:55 看视频赚金币任务完成，获得5金币
Jan 07 06:49:55 【79/85】浏览商品任务记录成功，等待30秒
Jan 07 06:50:25 看视频赚金币任务完成，获得5金币
Jan 07 06:50:25 【80/85】浏览商品任务记录成功，等待30秒
Jan 07 06:50:56 看视频赚金币任务完成，获得40金币
Jan 07 06:50:56 【81/85】浏览商品任务记录成功，等待30秒
Jan 07 06:51:26 看视频赚金币任务完成，获得5金币
Jan 07 06:51:26 【82/85】浏览商品任务记录成功，等待30秒
Jan 07 06:51:57 看视频赚金币任务完成，获得5金币
Jan 07 06:51:57 【83/85】浏览商品任务记录成功，等待30秒
Jan 07 06:52:27 看视频赚金币任务完成，获得5金币
Jan 07 06:52:27 【84/85】浏览商品任务记录成功，等待30秒
Jan 07 06:52:57 看视频赚金币任务完成，获得5金币
Jan 07 06:52:58 【85/85】浏览商品任务记录成功，等待30秒
Jan 07 06:53:28 看视频赚金币任务完成，获得40金币
Jan 07 06:53:28 看视频赚金币任务已达上限
Jan 07 06:53:28 邀好友赚金币已完成
Jan 07 06:53:28 东东爱消除已完成
Jan 07 06:53:28 邀好友送现金已完成
Jan 07 06:53:28 发财挖宝已完成
Jan 07 06:53:28 签到领现金已完成
Jan 07 06:53:28 汪汪乐园已完成
Jan 07 06:53:28 购券抽大奖已完成
Jan 07 06:53:28 签到免单已完成
Jan 07 06:53:28 幸运大转盘已完成
Jan 07 06:53:28 推推赚大钱已完成
Jan 07 06:53:28 水果免费领已完成
Jan 07 06:53:28 天天抽奖已完成
Jan 07 06:53:28 砍价免费拿已完成
Jan 07 06:53:28 
Jan 07 06:53:28 ==============📣系统通知📣==============
Jan 07 06:53:28 京东极速版
Jan 07 06:53:28 京东账号1jd_187425zqg
Jan 07 06:53:28 本次运行获得5396金币，共计193394金币
Jan 07 06:53:28 可兑换 19.34 元京东红包
Jan 07 06:53:28 兑换入口：京东极速版->我的->金币
Jan 07 06:53:30 
Jan 07 06:53:30 🔔京东极速版, 结束! 🕛 1950.689 秒
Jan 07 06:53:30 
Jan 08 01:21:00 
Jan 08 01:21:00 🔔京东极速版, 开始!
Jan 08 01:21:00 
Jan 08 01:21:00 ====================共1个京东账号Cookie=========
Jan 08 01:21:00 
Jan 08 01:21:00 ==================脚本执行- 北京时间(UTC+8)：2022/1/8 上午1:21:00=====================
Jan 08 01:21:00 
Jan 08 01:21:01 
Jan 08 01:21:01 ******开始【京东账号1】jd_187425zqg*********
Jan 08 01:21:01 
Jan 08 01:21:01 【幸运大转盘】剩余抽奖机会：1
Jan 08 01:21:02 幸运大转盘抽奖获得：【44-35福利神券-老人】
Jan 08 01:21:02 
Jan 08 01:21:02 【幸运大转盘】剩余抽奖机会：0
Jan 08 01:21:03 逛商品赚金币已完成
Jan 08 01:21:03 逛活动赚金币已完成
Jan 08 01:21:03 看视频赚金币已完成
Jan 08 01:21:03 邀好友赚金币任务完成成功，预计获得50金币
Jan 08 01:21:04 东东爱消除任务完成成功，预计获得50金币
Jan 08 01:21:05 邀好友送现金任务完成成功，预计获得50金币
Jan 08 01:21:06 发财挖宝任务完成成功，预计获得50金币
Jan 08 01:21:07 签到领现金任务完成成功，预计获得60金币
Jan 08 01:21:08 汪汪乐园任务完成成功，预计获得50金币
Jan 08 01:21:10 购券抽大奖任务完成成功，预计获得50金币
Jan 08 01:21:11 签到免单任务完成成功，预计获得60金币
Jan 08 01:21:12 幸运大转盘任务完成成功，预计获得50金币
Jan 08 01:21:13 推推赚大钱任务完成成功，预计获得50金币
Jan 08 01:21:14 水果免费领任务完成成功，预计获得50金币
Jan 08 01:21:15 天天抽奖任务完成成功，预计获得50金币
Jan 08 01:21:17 砍价免费拿任务完成成功，预计获得50金币
Jan 08 01:21:18 气泡收取成功，获得50金币
Jan 08 01:21:19 气泡收取成功，获得50金币
Jan 08 01:21:19 气泡收取成功，获得50金币
Jan 08 01:21:20 气泡收取成功，获得50金币
Jan 08 01:21:21 气泡收取成功，获得60金币
Jan 08 01:21:21 气泡收取成功，获得50金币
Jan 08 01:21:22 气泡收取成功，获得50金币
Jan 08 01:21:23 气泡收取成功，获得60金币
Jan 08 01:21:23 气泡收取成功，获得50金币
Jan 08 01:21:24 气泡收取成功，获得50金币
Jan 08 01:21:25 气泡收取成功，获得50金币
Jan 08 01:21:26 气泡收取成功，获得50金币
Jan 08 01:21:26 气泡收取成功，获得50金币
Jan 08 01:21:27 
Jan 08 01:21:27 ==============📣系统通知📣==============
Jan 08 01:21:27 京东极速版
Jan 08 01:21:27 京东账号1jd_187425zqg
Jan 08 01:21:27 幸运大转盘抽奖获得：【44-35福利神券-老人】
Jan 08 01:21:27 本次运行获得670金币，共计194064金币
Jan 08 01:21:27 可兑换 19.41 元京东红包
Jan 08 01:21:27 兑换入口：京东极速版->我的->金币
Jan 08 01:21:29 
Jan 08 01:21:29 🔔京东极速版, 结束! 🕛 28.69 秒
Jan 08 01:21:29 
Jan 08 06:21:01 
Jan 08 06:21:01 🔔京东极速版, 开始!
Jan 08 06:21:01 
Jan 08 06:21:01 ====================共1个京东账号Cookie=========
Jan 08 06:21:01 
Jan 08 06:21:01 ==================脚本执行- 北京时间(UTC+8)：2022/1/8 上午6:21:01=====================
Jan 08 06:21:01 
Jan 08 06:21:01 
Jan 08 06:21:01 ******开始【京东账号1】jd_187425zqg*********
Jan 08 06:21:01 
Jan 08 06:21:01 【幸运大转盘】剩余抽奖机会：0
Jan 08 06:21:02 【幸运大转盘】剩余抽奖机会：0
Jan 08 06:21:02 【1/45】浏览商品任务记录成功，等待5秒
Jan 08 06:21:07 逛商品赚金币任务完成，获得34金币
Jan 08 06:21:08 【2/45】浏览商品任务记录成功，等待5秒
Jan 08 06:21:13 逛商品赚金币任务完成，获得50金币
Jan 08 06:21:13 【3/45】浏览商品任务记录成功，等待5秒
Jan 08 06:21:18 逛商品赚金币任务完成，获得36金币
Jan 08 06:21:19 【4/45】浏览商品任务记录成功，等待5秒
Jan 08 06:21:24 逛商品赚金币任务完成，获得48金币
Jan 08 06:21:24 【5/45】浏览商品任务记录成功，等待5秒
Jan 08 06:21:30 逛商品赚金币任务完成，获得60金币
Jan 08 06:21:30 【6/45】浏览商品任务记录成功，等待5秒
Jan 08 06:21:35 逛商品赚金币任务完成，获得47金币
Jan 08 06:21:35 【7/45】浏览商品任务记录成功，等待5秒
Jan 08 06:21:41 逛商品赚金币任务完成，获得36金币
Jan 08 06:21:41 【8/45】浏览商品任务记录成功，等待5秒
Jan 08 06:21:46 逛商品赚金币任务完成，获得48金币
Jan 08 06:21:47 【9/45】浏览商品任务记录成功，等待5秒
Jan 08 06:21:52 逛商品赚金币任务完成，获得37金币
Jan 08 06:21:52 【10/45】浏览商品任务记录成功，等待5秒
Jan 08 06:21:57 逛商品赚金币任务完成，获得73金币
Jan 08 06:21:58 【11/45】浏览商品任务记录成功，等待5秒
Jan 08 06:22:03 逛商品赚金币任务完成，获得38金币
Jan 08 06:22:03 【12/45】浏览商品任务记录成功，等待5秒
Jan 08 06:22:09 逛商品赚金币任务完成，获得46金币
Jan 08 06:22:09 【13/45】浏览商品任务记录成功，等待5秒
Jan 08 06:22:14 逛商品赚金币任务完成，获得27金币
Jan 08 06:22:15 【14/45】浏览商品任务记录成功，等待5秒
Jan 08 06:22:20 逛商品赚金币任务完成，获得37金币
Jan 08 06:22:20 【15/45】浏览商品任务记录成功，等待5秒
Jan 08 06:22:25 逛商品赚金币任务完成，获得76金币
Jan 08 06:22:26 【16/45】浏览商品任务记录成功，等待5秒
Jan 08 06:22:31 逛商品赚金币任务完成，获得37金币
Jan 08 06:22:31 【17/45】浏览商品任务记录成功，等待5秒
Jan 08 06:22:37 逛商品赚金币任务完成，获得28金币
Jan 08 06:22:37 【18/45】浏览商品任务记录成功，等待5秒
Jan 08 06:22:42 逛商品赚金币任务完成，获得36金币
Jan 08 06:22:42 【19/45】浏览商品任务记录成功，等待5秒
Jan 08 06:22:48 逛商品赚金币任务完成，获得27金币
Jan 08 06:22:48 【20/45】浏览商品任务记录成功，等待5秒
Jan 08 06:22:53 逛商品赚金币任务完成，获得79金币
Jan 08 06:22:54 【21/45】浏览商品任务记录成功，等待5秒
Jan 08 06:22:59 逛商品赚金币任务完成，获得26金币
Jan 08 06:22:59 【22/45】浏览商品任务记录成功，等待5秒
Jan 08 06:23:04 逛商品赚金币任务完成，获得38金币
Jan 08 06:23:05 【23/45】浏览商品任务记录成功，等待5秒
Jan 08 06:23:10 逛商品赚金币任务完成，获得28金币
Jan 08 06:23:10 【24/45】浏览商品任务记录成功，等待5秒
Jan 08 06:23:16 逛商品赚金币任务完成，获得36金币
Jan 08 06:23:16 【25/45】浏览商品任务记录成功，等待5秒
Jan 08 06:23:21 逛商品赚金币任务完成，获得61金币
Jan 08 06:23:21 【26/45】浏览商品任务记录成功，等待5秒
Jan 08 06:23:27 逛商品赚金币任务完成，获得24金币
Jan 08 06:23:27 【27/45】浏览商品任务记录成功，等待5秒
Jan 08 06:23:32 逛商品赚金币任务完成，获得18金币
Jan 08 06:23:33 【28/45】浏览商品任务记录成功，等待5秒
Jan 08 06:23:38 逛商品赚金币任务完成，获得24金币
Jan 08 06:23:38 【29/45】浏览商品任务记录成功，等待5秒
Jan 08 06:23:43 逛商品赚金币任务完成，获得19金币
Jan 08 06:23:44 【30/45】浏览商品任务记录成功，等待5秒
Jan 08 06:23:49 逛商品赚金币任务完成，获得78金币
Jan 08 06:23:49 【31/45】浏览商品任务记录成功，等待5秒
Jan 08 06:23:55 逛商品赚金币任务完成，获得19金币
Jan 08 06:23:55 【32/45】浏览商品任务记录成功，等待5秒
Jan 08 06:24:00 逛商品赚金币任务完成，获得23金币
Jan 08 06:24:00 【33/45】浏览商品任务记录成功，等待5秒
Jan 08 06:24:06 逛商品赚金币任务完成，获得17金币
Jan 08 06:24:06 【34/45】浏览商品任务记录成功，等待5秒
Jan 08 06:24:11 逛商品赚金币任务完成，获得25金币
Jan 08 06:24:12 【35/45】浏览商品任务记录成功，等待5秒
Jan 08 06:24:17 逛商品赚金币任务完成，获得73金币
Jan 08 06:24:17 【36/45】浏览商品任务记录成功，等待5秒
Jan 08 06:24:23 逛商品赚金币任务完成，获得11金币
Jan 08 06:24:23 【37/45】浏览商品任务记录成功，等待5秒
Jan 08 06:24:28 逛商品赚金币任务完成，获得9金币
Jan 08 06:24:28 【38/45】浏览商品任务记录成功，等待5秒
Jan 08 06:24:34 逛商品赚金币任务完成，获得11金币
Jan 08 06:24:34 【39/45】浏览商品任务记录成功，等待5秒
Jan 08 06:24:39 逛商品赚金币任务完成，获得9金币
Jan 08 06:24:40 【40/45】浏览商品任务记录成功，等待5秒
Jan 08 06:24:45 逛商品赚金币任务完成，获得60金币
Jan 08 06:24:45 【41/45】浏览商品任务记录成功，等待5秒
Jan 08 06:24:50 逛商品赚金币任务完成，获得9金币
Jan 08 06:24:51 【42/45】浏览商品任务记录成功，等待5秒
Jan 08 06:24:56 逛商品赚金币任务完成，获得11金币
Jan 08 06:24:56 【43/45】浏览商品任务记录成功，等待5秒
Jan 08 06:25:02 逛商品赚金币任务完成，获得9金币
Jan 08 06:25:02 【44/45】浏览商品任务记录成功，等待5秒
Jan 08 06:25:07 逛商品赚金币任务完成，获得11金币
Jan 08 06:25:07 【45/45】浏览商品任务记录成功，等待5秒
Jan 08 06:25:13 逛商品赚金币任务完成，获得66金币
Jan 08 06:25:13 逛商品赚金币任务开启失败，任务已达上限
Jan 08 06:25:13 【1/8】浏览商品任务记录成功，等待10秒
Jan 08 06:25:24 逛活动赚金币任务完成，获得50金币
Jan 08 06:25:24 【2/8】浏览商品任务记录成功，等待10秒
Jan 08 06:25:34 逛活动赚金币任务完成，获得100金币
Jan 08 06:25:35 【3/8】浏览商品任务记录成功，等待10秒
Jan 08 06:25:45 逛活动赚金币任务完成，获得50金币
Jan 08 06:25:45 【4/8】浏览商品任务记录成功，等待10秒
Jan 08 06:25:55 逛活动赚金币任务完成，获得100金币
Jan 08 06:25:56 【5/8】浏览商品任务记录成功，等待10秒
Jan 08 06:26:06 逛活动赚金币任务完成，获得50金币
Jan 08 06:26:06 【6/8】浏览商品任务记录成功，等待10秒
Jan 08 06:26:17 逛活动赚金币任务完成，获得100金币
Jan 08 06:26:17 【7/8】浏览商品任务记录成功，等待10秒
Jan 08 06:26:27 逛活动赚金币任务完成，获得50金币
Jan 08 06:26:27 【8/8】浏览商品任务记录成功，等待10秒
Jan 08 06:26:38 逛活动赚金币任务完成，获得100金币
Jan 08 06:26:38 逛活动赚金币任务开启失败，任务已达上限
Jan 08 06:26:38 【1/85】浏览商品任务记录成功，等待15秒
Jan 08 06:26:53 看视频赚金币任务完成，获得30金币
Jan 08 06:26:54 【2/85】浏览商品任务记录成功，等待15秒
Jan 08 06:27:09 看视频赚金币任务完成，获得30金币
Jan 08 06:27:09 【3/85】浏览商品任务记录成功，等待15秒
Jan 08 06:27:24 看视频赚金币任务完成，获得30金币
Jan 08 06:27:25 【4/85】浏览商品任务记录成功，等待15秒
Jan 08 06:27:40 看视频赚金币任务完成，获得30金币
Jan 08 06:27:40 【5/85】浏览商品任务记录成功，等待15秒
Jan 08 06:27:55 看视频赚金币任务完成，获得120金币
Jan 08 06:27:55 【6/85】浏览商品任务记录成功，等待15秒
Jan 08 06:28:11 看视频赚金币任务完成，获得30金币
Jan 08 06:28:11 【7/85】浏览商品任务记录成功，等待15秒
Jan 08 06:28:26 看视频赚金币任务完成，获得30金币
Jan 08 06:28:26 【8/85】浏览商品任务记录成功，等待15秒
Jan 08 06:28:42 看视频赚金币任务完成，获得30金币
Jan 08 06:28:42 【9/85】浏览商品任务记录成功，等待15秒
Jan 08 06:28:57 看视频赚金币任务完成，获得30金币
Jan 08 06:28:57 【10/85】浏览商品任务记录成功，等待15秒
Jan 08 06:29:12 看视频赚金币任务完成，获得120金币
Jan 08 06:29:13 【11/85】浏览商品任务记录成功，等待15秒
Jan 08 06:29:28 看视频赚金币任务完成，获得30金币
Jan 08 06:29:28 【12/85】浏览商品任务记录成功，等待15秒
Jan 08 06:29:43 看视频赚金币任务完成，获得30金币
Jan 08 06:29:44 【13/85】浏览商品任务记录成功，等待15秒
Jan 08 06:29:59 看视频赚金币任务完成，获得30金币
Jan 08 06:29:59 【14/85】浏览商品任务记录成功，等待15秒
Jan 08 06:30:14 看视频赚金币任务完成，获得30金币
Jan 08 06:30:14 【15/85】浏览商品任务记录成功，等待15秒
Jan 08 06:30:30 看视频赚金币任务完成，获得120金币
Jan 08 06:30:30 【16/85】浏览商品任务记录成功，等待15秒
Jan 08 06:30:45 看视频赚金币任务完成，获得30金币
Jan 08 06:30:45 【17/85】浏览商品任务记录成功，等待15秒
Jan 08 06:31:01 看视频赚金币任务完成，获得30金币
Jan 08 06:31:01 【18/85】浏览商品任务记录成功，等待15秒
Jan 08 06:31:16 看视频赚金币任务完成，获得30金币
Jan 08 06:31:16 【19/85】浏览商品任务记录成功，等待15秒
Jan 08 06:31:32 看视频赚金币任务完成，获得30金币
Jan 08 06:31:32 【20/85】浏览商品任务记录成功，等待15秒
Jan 08 06:31:47 看视频赚金币任务完成，获得120金币
Jan 08 06:31:47 【21/85】浏览商品任务记录成功，等待15秒
Jan 08 06:32:02 看视频赚金币任务完成，获得30金币
Jan 08 06:32:03 【22/85】浏览商品任务记录成功，等待15秒
Jan 08 06:32:18 看视频赚金币任务完成，获得30金币
Jan 08 06:32:18 【23/85】浏览商品任务记录成功，等待15秒
Jan 08 06:32:33 看视频赚金币任务完成，获得30金币
Jan 08 06:32:33 【24/85】浏览商品任务记录成功，等待15秒
Jan 08 06:32:49 看视频赚金币任务完成，获得30金币
Jan 08 06:32:49 【25/85】浏览商品任务记录成功，等待15秒
Jan 08 06:33:04 看视频赚金币任务完成，获得120金币
Jan 08 06:33:04 【26/85】浏览商品任务记录成功，等待15秒
Jan 08 06:33:20 看视频赚金币任务完成，获得30金币
Jan 08 06:33:20 【27/85】浏览商品任务记录成功，等待15秒
Jan 08 06:33:35 看视频赚金币任务完成，获得30金币
Jan 08 06:33:35 【28/85】浏览商品任务记录成功，等待15秒
Jan 08 06:33:51 看视频赚金币任务完成，获得30金币
Jan 08 06:33:51 【29/85】浏览商品任务记录成功，等待15秒
Jan 08 06:34:06 看视频赚金币任务完成，获得30金币
Jan 08 06:34:06 【30/85】浏览商品任务记录成功，等待15秒
Jan 08 06:34:21 看视频赚金币任务完成，获得120金币
Jan 08 06:34:22 【31/85】浏览商品任务记录成功，等待15秒
Jan 08 06:34:37 看视频赚金币任务完成，获得30金币
Jan 08 06:34:37 【32/85】浏览商品任务记录成功，等待15秒
Jan 08 06:34:52 看视频赚金币任务完成，获得30金币
Jan 08 06:34:52 【33/85】浏览商品任务记录成功，等待15秒
Jan 08 06:35:08 看视频赚金币任务完成，获得30金币
Jan 08 06:35:08 【34/85】浏览商品任务记录成功，等待15秒
Jan 08 06:35:23 看视频赚金币任务完成，获得30金币
Jan 08 06:35:23 【35/85】浏览商品任务记录成功，等待15秒
Jan 08 06:35:39 看视频赚金币任务完成，获得120金币
Jan 08 06:35:39 【36/85】浏览商品任务记录成功，等待18秒
Jan 08 06:35:57 看视频赚金币任务完成，获得25金币
Jan 08 06:35:57 【37/85】浏览商品任务记录成功，等待18秒
Jan 08 06:36:16 看视频赚金币任务完成，获得25金币
Jan 08 06:36:16 【38/85】浏览商品任务记录成功，等待18秒
Jan 08 06:36:34 看视频赚金币任务完成，获得25金币
Jan 08 06:36:34 【39/85】浏览商品任务记录成功，等待18秒
Jan 08 06:36:52 看视频赚金币任务完成，获得25金币
Jan 08 06:36:53 【40/85】浏览商品任务记录成功，等待18秒
Jan 08 06:37:11 看视频赚金币任务完成，获得120金币
Jan 08 06:37:11 【41/85】浏览商品任务记录成功，等待18秒
Jan 08 06:37:29 看视频赚金币任务完成，获得25金币
Jan 08 06:37:29 【42/85】浏览商品任务记录成功，等待18秒
Jan 08 06:37:48 看视频赚金币任务完成，获得25金币
Jan 08 06:37:48 【43/85】浏览商品任务记录成功，等待18秒
Jan 08 06:38:06 看视频赚金币任务完成，获得25金币
Jan 08 06:38:06 【44/85】浏览商品任务记录成功，等待18秒
Jan 08 06:38:25 看视频赚金币任务完成，获得25金币
Jan 08 06:38:25 【45/85】浏览商品任务记录成功，等待18秒
Jan 08 06:38:43 看视频赚金币任务完成，获得120金币
Jan 08 06:38:43 【46/85】浏览商品任务记录成功，等待18秒
Jan 08 06:39:02 看视频赚金币任务完成，获得25金币
Jan 08 06:39:02 【47/85】浏览商品任务记录成功，等待18秒
Jan 08 06:39:20 看视频赚金币任务完成，获得25金币
Jan 08 06:39:20 【48/85】浏览商品任务记录成功，等待18秒
Jan 08 06:39:39 看视频赚金币任务完成，获得25金币
Jan 08 06:39:39 【49/85】浏览商品任务记录成功，等待18秒
Jan 08 06:39:57 看视频赚金币任务完成，获得25金币
Jan 08 06:39:57 【50/85】浏览商品任务记录成功，等待18秒
Jan 08 06:40:15 看视频赚金币任务完成，获得120金币
Jan 08 06:40:16 【51/85】浏览商品任务记录成功，等待18秒
Jan 08 06:40:34 看视频赚金币任务完成，获得25金币
Jan 08 06:40:34 【52/85】浏览商品任务记录成功，等待18秒
Jan 08 06:40:52 看视频赚金币任务完成，获得25金币
Jan 08 06:40:52 【53/85】浏览商品任务记录成功，等待18秒
Jan 08 06:41:11 看视频赚金币任务完成，获得25金币
Jan 08 06:41:11 【54/85】浏览商品任务记录成功，等待18秒
Jan 08 06:41:29 看视频赚金币任务完成，获得25金币
Jan 08 06:41:29 【55/85】浏览商品任务记录成功，等待18秒
Jan 08 06:41:48 看视频赚金币任务完成，获得120金币
Jan 08 06:41:48 【56/85】浏览商品任务记录成功，等待18秒
Jan 08 06:42:06 看视频赚金币任务完成，获得25金币
Jan 08 06:42:06 【57/85】浏览商品任务记录成功，等待18秒
Jan 08 06:42:25 看视频赚金币任务完成，获得25金币
Jan 08 06:42:25 【58/85】浏览商品任务记录成功，等待18秒
Jan 08 06:42:43 看视频赚金币任务完成，获得25金币
Jan 08 06:42:43 【59/85】浏览商品任务记录成功，等待18秒
Jan 08 06:43:01 看视频赚金币任务完成，获得25金币
Jan 08 06:43:02 【60/85】浏览商品任务记录成功，等待18秒
Jan 08 06:43:20 看视频赚金币任务完成，获得120金币
Jan 08 06:43:20 【61/85】浏览商品任务记录成功，等待20秒
Jan 08 06:43:40 看视频赚金币任务完成，获得10金币
Jan 08 06:43:41 【62/85】浏览商品任务记录成功，等待20秒
Jan 08 06:44:01 看视频赚金币任务完成，获得10金币
Jan 08 06:44:01 【63/85】浏览商品任务记录成功，等待20秒
Jan 08 06:44:21 看视频赚金币任务完成，获得10金币
Jan 08 06:44:21 【64/85】浏览商品任务记录成功，等待20秒
Jan 08 06:44:42 看视频赚金币任务完成，获得10金币
Jan 08 06:44:42 【65/85】浏览商品任务记录成功，等待20秒
Jan 08 06:45:02 看视频赚金币任务完成，获得60金币
Jan 08 06:45:02 【66/85】浏览商品任务记录成功，等待20秒
Jan 08 06:45:23 看视频赚金币任务完成，获得10金币
Jan 08 06:45:23 【67/85】浏览商品任务记录成功，等待20秒
Jan 08 06:45:43 看视频赚金币任务完成，获得10金币
Jan 08 06:45:43 【68/85】浏览商品任务记录成功，等待20秒
Jan 08 06:46:04 看视频赚金币任务完成，获得10金币
Jan 08 06:46:04 【69/85】浏览商品任务记录成功，等待20秒
Jan 08 06:46:24 看视频赚金币任务完成，获得10金币
Jan 08 06:46:24 【70/85】浏览商品任务记录成功，等待20秒
Jan 08 06:46:45 看视频赚金币任务完成，获得60金币
Jan 08 06:46:45 【71/85】浏览商品任务记录成功，等待20秒
Jan 08 06:47:05 看视频赚金币任务完成，获得10金币
Jan 08 06:47:05 【72/85】浏览商品任务记录成功，等待20秒
Jan 08 06:47:25 看视频赚金币任务完成，获得10金币
Jan 08 06:47:26 【73/85】浏览商品任务记录成功，等待20秒
Jan 08 06:47:46 看视频赚金币任务完成，获得10金币
Jan 08 06:47:46 【74/85】浏览商品任务记录成功，等待20秒
Jan 08 06:48:06 看视频赚金币任务完成，获得10金币
Jan 08 06:48:06 【75/85】浏览商品任务记录成功，等待20秒
Jan 08 06:48:27 看视频赚金币任务完成，获得60金币
Jan 08 06:48:27 【76/85】浏览商品任务记录成功，等待30秒
Jan 08 06:48:57 看视频赚金币任务完成，获得5金币
Jan 08 06:48:57 【77/85】浏览商品任务记录成功，等待30秒
Jan 08 06:49:28 看视频赚金币任务完成，获得5金币
Jan 08 06:49:28 【78/85】浏览商品任务记录成功，等待30秒
Jan 08 06:49:58 看视频赚金币任务完成，获得5金币
Jan 08 06:49:58 【79/85】浏览商品任务记录成功，等待30秒
Jan 08 06:50:29 看视频赚金币任务完成，获得5金币
Jan 08 06:50:29 【80/85】浏览商品任务记录成功，等待30秒
Jan 08 06:50:59 看视频赚金币任务完成，获得40金币
Jan 08 06:50:59 【81/85】浏览商品任务记录成功，等待30秒
Jan 08 06:51:30 看视频赚金币任务完成，获得5金币
Jan 08 06:51:30 【82/85】浏览商品任务记录成功，等待30秒
Jan 08 06:52:00 看视频赚金币任务完成，获得5金币
Jan 08 06:52:00 【83/85】浏览商品任务记录成功，等待30秒
Jan 08 06:52:31 看视频赚金币任务完成，获得5金币
Jan 08 06:52:31 【84/85】浏览商品任务记录成功，等待30秒
Jan 08 06:53:01 看视频赚金币任务完成，获得5金币
Jan 08 06:53:01 【85/85】浏览商品任务记录成功，等待30秒
Jan 08 06:53:31 看视频赚金币任务完成，获得40金币
Jan 08 06:53:32 看视频赚金币任务已达上限
Jan 08 06:53:32 邀好友赚金币已完成
Jan 08 06:53:32 东东爱消除已完成
Jan 08 06:53:32 邀好友送现金已完成
Jan 08 06:53:32 发财挖宝已完成
Jan 08 06:53:32 签到领现金已完成
Jan 08 06:53:32 汪汪乐园已完成
Jan 08 06:53:32 购券抽大奖已完成
Jan 08 06:53:32 签到免单已完成
Jan 08 06:53:32 幸运大转盘已完成
Jan 08 06:53:32 推推赚大钱已完成
Jan 08 06:53:32 水果免费领已完成
Jan 08 06:53:32 天天抽奖已完成
Jan 08 06:53:32 砍价免费拿已完成
Jan 08 06:53:32 
Jan 08 06:53:32 ==============📣系统通知📣==============
Jan 08 06:53:32 京东极速版
Jan 08 06:53:32 京东账号1jd_187425zqg
Jan 08 06:53:32 本次运行获得5415金币，共计199679金币
Jan 08 06:53:32 可兑换 19.97 元京东红包
Jan 08 06:53:32 兑换入口：京东极速版->我的->金币
Jan 08 06:53:34 
Jan 08 06:53:34 🔔京东极速版, 结束! 🕛 1953.334 秒
Jan 08 06:53:34 
Jan 09 01:21:00 
Jan 09 01:21:00 🔔京东极速版, 开始!
Jan 09 01:21:00 
Jan 09 01:21:00 ====================共1个京东账号Cookie=========
Jan 09 01:21:00 
Jan 09 01:21:00 ==================脚本执行- 北京时间(UTC+8)：2022/1/9 上午1:21:00=====================
Jan 09 01:21:00 
Jan 09 01:21:01 
Jan 09 01:21:01 ******开始【京东账号1】jd_187425zqg*********
Jan 09 01:21:01 
Jan 09 01:21:01 【幸运大转盘】剩余抽奖机会：1
Jan 09 01:21:01 幸运大转盘抽奖获得：【undefined-500undefined】
Jan 09 01:21:01 
Jan 09 01:21:02 【幸运大转盘】剩余抽奖机会：0
Jan 09 01:21:02 逛商品赚金币已完成
Jan 09 01:21:02 逛活动赚金币已完成
Jan 09 01:21:02 看视频赚金币已完成
Jan 09 01:21:02 邀好友赚金币任务完成成功，预计获得50金币
Jan 09 01:21:04 东东爱消除任务完成成功，预计获得50金币
Jan 09 01:21:05 邀好友送现金任务完成成功，预计获得50金币
Jan 09 01:21:06 发财挖宝任务完成成功，预计获得50金币
Jan 09 01:21:07 签到领现金任务完成成功，预计获得60金币
Jan 09 01:21:08 汪汪乐园任务完成成功，预计获得50金币
Jan 09 01:21:09 购券抽大奖任务完成成功，预计获得50金币
Jan 09 01:21:10 签到免单任务完成成功，预计获得60金币
Jan 09 01:21:12 幸运大转盘任务完成成功，预计获得50金币
Jan 09 01:21:13 推推赚大钱任务完成成功，预计获得50金币
Jan 09 01:21:14 水果免费领任务完成成功，预计获得50金币
Jan 09 01:21:15 天天抽奖任务完成成功，预计获得50金币
Jan 09 01:21:17 砍价免费拿任务完成成功，预计获得50金币
Jan 09 01:21:18 气泡收取成功，获得50金币
Jan 09 01:21:19 气泡收取成功，获得50金币
Jan 09 01:21:20 气泡收取成功，获得50金币
Jan 09 01:21:20 气泡收取成功，获得50金币
Jan 09 01:21:21 气泡收取成功，获得60金币
Jan 09 01:21:22 气泡收取成功，获得50金币
Jan 09 01:21:23 气泡收取成功，获得50金币
Jan 09 01:21:23 气泡收取成功，获得60金币
Jan 09 01:21:24 气泡收取成功，获得50金币
Jan 09 01:21:25 气泡收取成功，获得50金币
Jan 09 01:21:25 气泡收取成功，获得50金币
Jan 09 01:21:26 气泡收取成功，获得50金币
Jan 09 01:21:27 气泡收取成功，获得50金币
Jan 09 01:21:27 
Jan 09 01:21:27 ==============📣系统通知📣==============
Jan 09 01:21:27 京东极速版
Jan 09 01:21:27 京东账号1jd_187425zqg
Jan 09 01:21:27 幸运大转盘抽奖获得：【undefined-500undefined】
Jan 09 01:21:27 本次运行获得670金币，共计200849金币
Jan 09 01:21:27 可兑换 20.08 元京东红包
Jan 09 01:21:27 兑换入口：京东极速版->我的->金币
Jan 09 01:21:29 
Jan 09 01:21:29 🔔京东极速版, 结束! 🕛 29.395 秒
Jan 09 01:21:29 
Jan 09 06:21:00 
Jan 09 06:21:00 🔔京东极速版, 开始!
Jan 09 06:21:00 
Jan 09 06:21:00 ====================共1个京东账号Cookie=========
Jan 09 06:21:00 
Jan 09 06:21:00 ==================脚本执行- 北京时间(UTC+8)：2022/1/9 上午6:21:00=====================
Jan 09 06:21:00 
Jan 09 06:21:01 
Jan 09 06:21:01 ******开始【京东账号1】jd_187425zqg*********
Jan 09 06:21:01 
Jan 09 06:21:01 【幸运大转盘】剩余抽奖机会：0
Jan 09 06:21:01 【幸运大转盘】剩余抽奖机会：0
Jan 09 06:21:02 【1/45】浏览商品任务记录成功，等待5秒
Jan 09 06:21:07 逛商品赚金币任务完成，获得37金币
Jan 09 06:21:07 【2/45】浏览商品任务记录成功，等待5秒
Jan 09 06:21:13 逛商品赚金币任务完成，获得47金币
Jan 09 06:21:13 【3/45】浏览商品任务记录成功，等待5秒
Jan 09 06:21:18 逛商品赚金币任务完成，获得38金币
Jan 09 06:21:19 【4/45】浏览商品任务记录成功，等待5秒
Jan 09 06:21:24 逛商品赚金币任务完成，获得46金币
Jan 09 06:21:24 【5/45】浏览商品任务记录成功，等待5秒
Jan 09 06:21:29 逛商品赚金币任务完成，获得66金币
Jan 09 06:21:30 【6/45】浏览商品任务记录成功，等待5秒
Jan 09 06:21:35 逛商品赚金币任务完成，获得47金币
Jan 09 06:21:35 【7/45】浏览商品任务记录成功，等待5秒
Jan 09 06:21:41 逛商品赚金币任务完成，获得38金币
Jan 09 06:21:41 【8/45】浏览商品任务记录成功，等待5秒
Jan 09 06:21:46 逛商品赚金币任务完成，获得46金币
Jan 09 06:21:46 【9/45】浏览商品任务记录成功，等待5秒
Jan 09 06:21:52 逛商品赚金币任务完成，获得35金币
Jan 09 06:21:52 【10/45】浏览商品任务记录成功，等待5秒
Jan 09 06:21:57 逛商品赚金币任务完成，获得69金币
Jan 09 06:21:57 【11/45】浏览商品任务记录成功，等待5秒
Jan 09 06:22:03 逛商品赚金币任务完成，获得35金币
Jan 09 06:22:03 【12/45】浏览商品任务记录成功，等待5秒
Jan 09 06:22:08 逛商品赚金币任务完成，获得49金币
Jan 09 06:22:09 【13/45】浏览商品任务记录成功，等待5秒
Jan 09 06:22:14 逛商品赚金币任务完成，获得29金币
Jan 09 06:22:14 【14/45】浏览商品任务记录成功，等待5秒
Jan 09 06:22:19 逛商品赚金币任务完成，获得35金币
Jan 09 06:22:20 【15/45】浏览商品任务记录成功，等待5秒
Jan 09 06:22:25 逛商品赚金币任务完成，获得64金币
Jan 09 06:22:25 【16/45】浏览商品任务记录成功，等待5秒
Jan 09 06:22:31 逛商品赚金币任务完成，获得36金币
Jan 09 06:22:31 【17/45】浏览商品任务记录成功，等待5秒
Jan 09 06:22:36 逛商品赚金币任务完成，获得26金币
Jan 09 06:22:36 【18/45】浏览商品任务记录成功，等待5秒
Jan 09 06:22:42 逛商品赚金币任务完成，获得38金币
Jan 09 06:22:42 【19/45】浏览商品任务记录成功，等待5秒
Jan 09 06:22:47 逛商品赚金币任务完成，获得29金币
Jan 09 06:22:48 【20/45】浏览商品任务记录成功，等待5秒
Jan 09 06:22:53 逛商品赚金币任务完成，获得61金币
Jan 09 06:22:53 【21/45】浏览商品任务记录成功，等待5秒
Jan 09 06:22:58 逛商品赚金币任务完成，获得27金币
Jan 09 06:22:59 【22/45】浏览商品任务记录成功，等待5秒
Jan 09 06:23:04 逛商品赚金币任务完成，获得37金币
Jan 09 06:23:04 【23/45】浏览商品任务记录成功，等待5秒
Jan 09 06:23:10 逛商品赚金币任务完成，获得26金币
Jan 09 06:23:10 【24/45】浏览商品任务记录成功，等待5秒
Jan 09 06:23:15 逛商品赚金币任务完成，获得38金币
Jan 09 06:23:16 【25/45】浏览商品任务记录成功，等待5秒
Jan 09 06:23:21 逛商品赚金币任务完成，获得69金币
Jan 09 06:23:21 【26/45】浏览商品任务记录成功，等待5秒
Jan 09 06:23:26 逛商品赚金币任务完成，获得25金币
Jan 09 06:23:27 【27/45】浏览商品任务记录成功，等待5秒
Jan 09 06:23:32 逛商品赚金币任务完成，获得19金币
Jan 09 06:23:32 【28/45】浏览商品任务记录成功，等待5秒
Jan 09 06:23:38 逛商品赚金币任务完成，获得23金币
Jan 09 06:23:38 【29/45】浏览商品任务记录成功，等待5秒
Jan 09 06:23:43 逛商品赚金币任务完成，获得18金币
Jan 09 06:23:43 【30/45】浏览商品任务记录成功，等待5秒
Jan 09 06:23:49 逛商品赚金币任务完成，获得69金币
Jan 09 06:23:49 【31/45】浏览商品任务记录成功，等待5秒
Jan 09 06:23:54 逛商品赚金币任务完成，获得17金币
Jan 09 06:23:55 【32/45】浏览商品任务记录成功，等待5秒
Jan 09 06:24:00 逛商品赚金币任务完成，获得25金币
Jan 09 06:24:00 【33/45】浏览商品任务记录成功，等待5秒
Jan 09 06:24:05 逛商品赚金币任务完成，获得18金币
Jan 09 06:24:06 【34/45】浏览商品任务记录成功，等待5秒
Jan 09 06:24:11 逛商品赚金币任务完成，获得24金币
Jan 09 06:24:11 【35/45】浏览商品任务记录成功，等待5秒
Jan 09 06:24:16 逛商品赚金币任务完成，获得74金币
Jan 09 06:24:17 【36/45】浏览商品任务记录成功，等待5秒
Jan 09 06:24:22 逛商品赚金币任务完成，获得12金币
Jan 09 06:24:22 【37/45】浏览商品任务记录成功，等待5秒
Jan 09 06:24:28 逛商品赚金币任务完成，获得9金币
Jan 09 06:24:28 【38/45】浏览商品任务记录成功，等待5秒
Jan 09 06:24:33 逛商品赚金币任务完成，获得11金币
Jan 09 06:24:33 【39/45】浏览商品任务记录成功，等待5秒
Jan 09 06:24:39 逛商品赚金币任务完成，获得8金币
Jan 09 06:24:39 【40/45】浏览商品任务记录成功，等待5秒
Jan 09 06:24:44 逛商品赚金币任务完成，获得71金币
Jan 09 06:24:44 【41/45】浏览商品任务记录成功，等待5秒
Jan 09 06:24:50 逛商品赚金币任务完成，获得9金币
Jan 09 06:24:50 【42/45】浏览商品任务记录成功，等待5秒
Jan 09 06:24:55 逛商品赚金币任务完成，获得11金币
Jan 09 06:24:56 【43/45】浏览商品任务记录成功，等待5秒
Jan 09 06:25:01 逛商品赚金币任务完成，获得9金币
Jan 09 06:25:01 【44/45】浏览商品任务记录成功，等待5秒
Jan 09 06:25:06 逛商品赚金币任务完成，获得11金币
Jan 09 06:25:07 【45/45】浏览商品任务记录成功，等待5秒
Jan 09 06:25:12 逛商品赚金币任务完成，获得69金币
Jan 09 06:25:12 逛商品赚金币任务开启失败，任务已达上限
Jan 09 06:25:13 【1/8】浏览商品任务记录成功，等待10秒
Jan 09 06:25:23 逛活动赚金币任务完成，获得50金币
Jan 09 06:25:23 【2/8】浏览商品任务记录成功，等待10秒
Jan 09 06:25:33 逛活动赚金币任务完成，获得100金币
Jan 09 06:25:34 【3/8】浏览商品任务记录成功，等待10秒
Jan 09 06:25:44 逛活动赚金币任务完成，获得50金币
Jan 09 06:25:44 【4/8】浏览商品任务记录成功，等待10秒
Jan 09 06:25:54 逛活动赚金币任务完成，获得100金币
Jan 09 06:25:55 【5/8】浏览商品任务记录成功，等待10秒
Jan 09 06:26:05 逛活动赚金币任务完成，获得50金币
Jan 09 06:26:05 【6/8】浏览商品任务记录成功，等待10秒
Jan 09 06:26:16 逛活动赚金币任务完成，获得100金币
Jan 09 06:26:16 【7/8】浏览商品任务记录成功，等待10秒
Jan 09 06:26:26 逛活动赚金币任务完成，获得50金币
Jan 09 06:26:26 【8/8】浏览商品任务记录成功，等待10秒
Jan 09 06:26:37 逛活动赚金币任务完成，获得100金币
Jan 09 06:26:37 逛活动赚金币任务开启失败，任务已达上限
Jan 09 06:26:37 【1/85】浏览商品任务记录成功，等待15秒
Jan 09 06:26:52 看视频赚金币任务完成，获得30金币
Jan 09 06:26:53 【2/85】浏览商品任务记录成功，等待15秒
Jan 09 06:27:08 看视频赚金币任务完成，获得30金币
Jan 09 06:27:08 【3/85】浏览商品任务记录成功，等待15秒
Jan 09 06:27:23 看视频赚金币任务完成，获得30金币
Jan 09 06:27:23 【4/85】浏览商品任务记录成功，等待15秒
Jan 09 06:27:39 看视频赚金币任务完成，获得30金币
Jan 09 06:27:39 【5/85】浏览商品任务记录成功，等待15秒
Jan 09 06:27:54 看视频赚金币任务完成，获得120金币
Jan 09 06:27:54 【6/85】浏览商品任务记录成功，等待15秒
Jan 09 06:28:10 看视频赚金币任务完成，获得30金币
Jan 09 06:28:10 【7/85】浏览商品任务记录成功，等待15秒
Jan 09 06:28:25 看视频赚金币任务完成，获得30金币
Jan 09 06:28:25 【8/85】浏览商品任务记录成功，等待15秒
Jan 09 06:28:40 看视频赚金币任务完成，获得30金币
Jan 09 06:28:41 【9/85】浏览商品任务记录成功，等待15秒
Jan 09 06:28:56 看视频赚金币任务完成，获得30金币
Jan 09 06:28:56 【10/85】浏览商品任务记录成功，等待15秒
Jan 09 06:29:11 看视频赚金币任务完成，获得120金币
Jan 09 06:29:11 【11/85】浏览商品任务记录成功，等待15秒
Jan 09 06:29:27 看视频赚金币任务完成，获得30金币
Jan 09 06:29:27 【12/85】浏览商品任务记录成功，等待15秒
Jan 09 06:29:42 看视频赚金币任务完成，获得30金币
Jan 09 06:29:42 【13/85】浏览商品任务记录成功，等待15秒
Jan 09 06:29:58 看视频赚金币任务完成，获得30金币
Jan 09 06:29:58 【14/85】浏览商品任务记录成功，等待15秒
Jan 09 06:30:13 看视频赚金币任务完成，获得30金币
Jan 09 06:30:13 【15/85】浏览商品任务记录成功，等待15秒
Jan 09 06:30:28 看视频赚金币任务完成，获得120金币
Jan 09 06:30:29 【16/85】浏览商品任务记录成功，等待15秒
Jan 09 06:30:44 看视频赚金币任务完成，获得30金币
Jan 09 06:30:44 【17/85】浏览商品任务记录成功，等待15秒
Jan 09 06:30:59 看视频赚金币任务完成，获得30金币
Jan 09 06:30:59 【18/85】浏览商品任务记录成功，等待15秒
Jan 09 06:31:15 看视频赚金币任务完成，获得30金币
Jan 09 06:31:15 【19/85】浏览商品任务记录成功，等待15秒
Jan 09 06:31:30 看视频赚金币任务完成，获得30金币
Jan 09 06:31:30 【20/85】浏览商品任务记录成功，等待15秒
Jan 09 06:31:46 看视频赚金币任务完成，获得120金币
Jan 09 06:31:46 【21/85】浏览商品任务记录成功，等待15秒
Jan 09 06:32:01 看视频赚金币任务完成，获得30金币
Jan 09 06:32:01 【22/85】浏览商品任务记录成功，等待15秒
Jan 09 06:32:16 看视频赚金币任务完成，获得30金币
Jan 09 06:32:17 【23/85】浏览商品任务记录成功，等待15秒
Jan 09 06:32:32 看视频赚金币任务完成，获得30金币
Jan 09 06:32:32 【24/85】浏览商品任务记录成功，等待15秒
Jan 09 06:32:47 看视频赚金币任务完成，获得30金币
Jan 09 06:32:47 【25/85】浏览商品任务记录成功，等待15秒
Jan 09 06:33:03 看视频赚金币任务完成，获得120金币
Jan 09 06:33:03 【26/85】浏览商品任务记录成功，等待15秒
Jan 09 06:33:18 看视频赚金币任务完成，获得30金币
Jan 09 06:33:18 【27/85】浏览商品任务记录成功，等待15秒
Jan 09 06:33:34 看视频赚金币任务完成，获得30金币
Jan 09 06:33:34 【28/85】浏览商品任务记录成功，等待15秒
Jan 09 06:33:49 看视频赚金币任务完成，获得30金币
Jan 09 06:33:49 【29/85】浏览商品任务记录成功，等待15秒
Jan 09 06:34:04 看视频赚金币任务完成，获得30金币
Jan 09 06:34:05 【30/85】浏览商品任务记录成功，等待15秒
Jan 09 06:34:20 看视频赚金币任务完成，获得120金币
Jan 09 06:34:20 【31/85】浏览商品任务记录成功，等待15秒
Jan 09 06:34:35 看视频赚金币任务完成，获得30金币
Jan 09 06:34:35 【32/85】浏览商品任务记录成功，等待15秒
Jan 09 06:34:51 看视频赚金币任务完成，获得30金币
Jan 09 06:34:51 【33/85】浏览商品任务记录成功，等待15秒
Jan 09 06:35:06 看视频赚金币任务完成，获得30金币
Jan 09 06:35:06 【34/85】浏览商品任务记录成功，等待15秒
Jan 09 06:35:22 看视频赚金币任务完成，获得30金币
Jan 09 06:35:22 【35/85】浏览商品任务记录成功，等待15秒
Jan 09 06:35:37 看视频赚金币任务完成，获得120金币
Jan 09 06:35:37 【36/85】浏览商品任务记录成功，等待18秒
Jan 09 06:35:55 看视频赚金币任务完成，获得25金币
Jan 09 06:35:56 【37/85】浏览商品任务记录成功，等待18秒
Jan 09 06:36:14 看视频赚金币任务完成，获得25金币
Jan 09 06:36:14 【38/85】浏览商品任务记录成功，等待18秒
Jan 09 06:36:32 看视频赚金币任务完成，获得25金币
Jan 09 06:36:32 【39/85】浏览商品任务记录成功，等待18秒
Jan 09 06:36:51 看视频赚金币任务完成，获得25金币
Jan 09 06:36:51 【40/85】浏览商品任务记录成功，等待18秒
Jan 09 06:37:09 看视频赚金币任务完成，获得120金币
Jan 09 06:37:09 【41/85】浏览商品任务记录成功，等待18秒
Jan 09 06:37:28 看视频赚金币任务完成，获得25金币
Jan 09 06:37:28 【42/85】浏览商品任务记录成功，等待18秒
Jan 09 06:37:46 看视频赚金币任务完成，获得25金币
Jan 09 06:37:46 【43/85】浏览商品任务记录成功，等待18秒
Jan 09 06:38:04 看视频赚金币任务完成，获得25金币
Jan 09 06:38:05 【44/85】浏览商品任务记录成功，等待18秒
Jan 09 06:38:23 看视频赚金币任务完成，获得25金币
Jan 09 06:38:23 【45/85】浏览商品任务记录成功，等待18秒
Jan 09 06:38:41 看视频赚金币任务完成，获得120金币
Jan 09 06:38:41 【46/85】浏览商品任务记录成功，等待18秒
Jan 09 06:39:00 看视频赚金币任务完成，获得25金币
Jan 09 06:39:00 【47/85】浏览商品任务记录成功，等待18秒
Jan 09 06:39:18 看视频赚金币任务完成，获得25金币
Jan 09 06:39:18 【48/85】浏览商品任务记录成功，等待18秒
Jan 09 06:39:37 看视频赚金币任务完成，获得25金币
Jan 09 06:39:37 【49/85】浏览商品任务记录成功，等待18秒
Jan 09 06:39:55 看视频赚金币任务完成，获得25金币
Jan 09 06:39:55 【50/85】浏览商品任务记录成功，等待18秒
Jan 09 06:40:13 看视频赚金币任务完成，获得120金币
Jan 09 06:40:14 【51/85】浏览商品任务记录成功，等待18秒
Jan 09 06:40:32 看视频赚金币任务完成，获得25金币
Jan 09 06:40:32 【52/85】浏览商品任务记录成功，等待18秒
Jan 09 06:40:50 看视频赚金币任务完成，获得25金币
Jan 09 06:40:50 【53/85】浏览商品任务记录成功，等待18秒
Jan 09 06:41:09 看视频赚金币任务完成，获得25金币
Jan 09 06:41:09 【54/85】浏览商品任务记录成功，等待18秒
Jan 09 06:41:27 看视频赚金币任务完成，获得25金币
Jan 09 06:41:27 【55/85】浏览商品任务记录成功，等待18秒
Jan 09 06:41:46 看视频赚金币任务完成，获得120金币
Jan 09 06:41:46 【56/85】浏览商品任务记录成功，等待18秒
Jan 09 06:42:04 看视频赚金币任务完成，获得25金币
Jan 09 06:42:04 【57/85】浏览商品任务记录成功，等待18秒
Jan 09 06:42:23 看视频赚金币任务完成，获得25金币
Jan 09 06:42:23 【58/85】浏览商品任务记录成功，等待18秒
Jan 09 06:42:41 看视频赚金币任务完成，获得25金币
Jan 09 06:42:41 【59/85】浏览商品任务记录成功，等待18秒
Jan 09 06:42:59 看视频赚金币任务完成，获得25金币
Jan 09 06:43:00 【60/85】浏览商品任务记录成功，等待18秒
Jan 09 06:43:18 看视频赚金币任务完成，获得120金币
Jan 09 06:43:18 【61/85】浏览商品任务记录成功，等待20秒
Jan 09 06:43:38 看视频赚金币任务完成，获得10金币
Jan 09 06:43:38 【62/85】浏览商品任务记录成功，等待20秒
Jan 09 06:43:59 看视频赚金币任务完成，获得10金币
Jan 09 06:43:59 【63/85】浏览商品任务记录成功，等待20秒
Jan 09 06:44:19 看视频赚金币任务完成，获得10金币
Jan 09 06:44:19 【64/85】浏览商品任务记录成功，等待20秒
Jan 09 06:44:40 看视频赚金币任务完成，获得10金币
Jan 09 06:44:40 【65/85】浏览商品任务记录成功，等待20秒
Jan 09 06:45:00 看视频赚金币任务完成，获得60金币
Jan 09 06:45:00 【66/85】浏览商品任务记录成功，等待20秒
Jan 09 06:45:20 看视频赚金币任务完成，获得10金币
Jan 09 06:45:21 【67/85】浏览商品任务记录成功，等待20秒
Jan 09 06:45:41 看视频赚金币任务完成，获得10金币
Jan 09 06:45:41 【68/85】浏览商品任务记录成功，等待20秒
Jan 09 06:46:01 看视频赚金币任务完成，获得10金币
Jan 09 06:46:01 【69/85】浏览商品任务记录成功，等待20秒
Jan 09 06:46:22 看视频赚金币任务完成，获得10金币
Jan 09 06:46:22 【70/85】浏览商品任务记录成功，等待20秒
Jan 09 06:46:42 看视频赚金币任务完成，获得60金币
Jan 09 06:46:42 【71/85】浏览商品任务记录成功，等待20秒
Jan 09 06:47:03 看视频赚金币任务完成，获得10金币
Jan 09 06:47:03 【72/85】浏览商品任务记录成功，等待20秒
Jan 09 06:47:23 看视频赚金币任务完成，获得10金币
Jan 09 06:47:23 【73/85】浏览商品任务记录成功，等待20秒
Jan 09 06:47:44 看视频赚金币任务完成，获得10金币
Jan 09 06:47:44 【74/85】浏览商品任务记录成功，等待20秒
Jan 09 06:48:04 看视频赚金币任务完成，获得10金币
Jan 09 06:48:04 【75/85】浏览商品任务记录成功，等待20秒
Jan 09 06:48:24 看视频赚金币任务完成，获得60金币
Jan 09 06:48:25 【76/85】浏览商品任务记录成功，等待30秒
Jan 09 06:48:55 看视频赚金币任务完成，获得5金币
Jan 09 06:48:55 【77/85】浏览商品任务记录成功，等待30秒
Jan 09 06:49:25 看视频赚金币任务完成，获得5金币
Jan 09 06:49:25 【78/85】浏览商品任务记录成功，等待30秒
Jan 09 06:49:56 看视频赚金币任务完成，获得5金币
Jan 09 06:49:56 【79/85】浏览商品任务记录成功，等待30秒
Jan 09 06:50:26 看视频赚金币任务完成，获得5金币
Jan 09 06:50:26 【80/85】浏览商品任务记录成功，等待30秒
Jan 09 06:50:57 看视频赚金币任务完成，获得40金币
Jan 09 06:50:57 【81/85】浏览商品任务记录成功，等待30秒
Jan 09 06:51:27 看视频赚金币任务完成，获得5金币
Jan 09 06:51:27 【82/85】浏览商品任务记录成功，等待30秒
Jan 09 06:51:58 看视频赚金币任务完成，获得5金币
Jan 09 06:51:58 【83/85】浏览商品任务记录成功，等待30秒
Jan 09 06:52:28 看视频赚金币任务完成，获得5金币
Jan 09 06:52:28 【84/85】浏览商品任务记录成功，等待30秒
Jan 09 06:52:58 看视频赚金币任务完成，获得5金币
Jan 09 06:52:59 【85/85】浏览商品任务记录成功，等待30秒
Jan 09 06:53:29 看视频赚金币任务完成，获得40金币
Jan 09 06:53:29 看视频赚金币任务已达上限
Jan 09 06:53:29 邀好友赚金币已完成
Jan 09 06:53:29 东东爱消除已完成
Jan 09 06:53:29 邀好友送现金已完成
Jan 09 06:53:29 发财挖宝已完成
Jan 09 06:53:29 签到领现金已完成
Jan 09 06:53:29 汪汪乐园已完成
Jan 09 06:53:29 购券抽大奖已完成
Jan 09 06:53:29 签到免单已完成
Jan 09 06:53:29 幸运大转盘已完成
Jan 09 06:53:29 推推赚大钱已完成
Jan 09 06:53:29 水果免费领已完成
Jan 09 06:53:29 天天抽奖已完成
Jan 09 06:53:29 砍价免费拿已完成
Jan 09 06:53:29 
Jan 09 06:53:29 ==============📣系统通知📣==============
Jan 09 06:53:29 京东极速版
Jan 09 06:53:29 京东账号1jd_187425zqg
Jan 09 06:53:29 本次运行获得5400金币，共计206449金币
Jan 09 06:53:29 可兑换 20.64 元京东红包
Jan 09 06:53:29 兑换入口：京东极速版->我的->金币
Jan 09 06:53:31 
Jan 09 06:53:31 🔔京东极速版, 结束! 🕛 1951.012 秒
Jan 09 06:53:31 
