Jan 07 12:30:02 
Jan 07 12:30:02 🔔✈️天天加速, 开始!
Jan 07 12:30:02 
Jan 07 12:30:02 ====================共1个京东账号Cookie=========
Jan 07 12:30:02 
Jan 07 12:30:02 ==================脚本执行- 北京时间(UTC+8)：2022/1/7 下午12:30:02=====================
Jan 07 12:30:02 
Jan 07 12:30:04 
Jan 07 12:30:04 开始【京东账号1】jd_187425zqg
Jan 07 12:30:04 
Jan 07 12:30:04 
Jan 07 12:30:04 天天加速任务进行中
Jan 07 12:30:04 
Jan 07 12:30:04 
Jan 07 12:30:04 
Jan 07 12:30:04 
Jan 07 12:30:04 🔔✈️天天加速, 结束! 🕛 2.967 秒
Jan 07 12:30:04 
Jan 08 12:30:01 
Jan 08 12:30:01 🔔✈️天天加速, 开始!
Jan 08 12:30:01 
Jan 08 12:30:01 ====================共1个京东账号Cookie=========
Jan 08 12:30:01 
Jan 08 12:30:02 ==================脚本执行- 北京时间(UTC+8)：2022/1/8 下午12:30:01=====================
Jan 08 12:30:02 
Jan 08 12:30:04 
Jan 08 12:30:04 开始【京东账号1】jd_739d55b768da0
Jan 08 12:30:04 
Jan 08 12:30:04 
Jan 08 12:30:04 天天加速任务进行中
Jan 08 12:30:04 
Jan 08 12:30:04 
Jan 08 12:30:04 
Jan 08 12:30:04 
Jan 08 12:30:04 🔔✈️天天加速, 结束! 🕛 3.162 秒
Jan 08 12:30:04 
Jan 09 12:30:00 
Jan 09 12:30:00 🔔✈️天天加速, 开始!
Jan 09 12:30:00 
Jan 09 12:30:00 ====================共1个京东账号Cookie=========
Jan 09 12:30:00 
Jan 09 12:30:01 ==================脚本执行- 北京时间(UTC+8)：2022/1/9 下午12:30:00=====================
Jan 09 12:30:01 
Jan 09 12:30:03 
Jan 09 12:30:03 开始【京东账号1】jd_739d55b768da0
Jan 09 12:30:03 
Jan 09 12:30:03 
Jan 09 12:30:03 天天加速任务进行中
Jan 09 12:30:03 
Jan 09 12:30:03 
Jan 09 12:30:03 
Jan 09 12:30:03 
Jan 09 12:30:03 🔔✈️天天加速, 结束! 🕛 3.051 秒
Jan 09 12:30:03 
