Jan 07 08:47:00 
Jan 07 08:47:00 🔔闪购盲盒, 开始!
Jan 07 08:47:00 
Jan 07 08:47:00 ====================共1个京东账号Cookie=========
Jan 07 08:47:00 
Jan 07 08:47:00 ==================脚本执行- 北京时间(UTC+8)：2022/1/7 上午8:47:00=====================
Jan 07 08:47:00 
Jan 07 08:47:00 开始获取闪购盲盒配置文件
Jan 07 08:47:00 
Jan 07 08:47:00 共1个京东账号
Jan 07 08:47:00 
Jan 07 08:47:00 您提供了0个账号的闪购盲盒助力码
Jan 07 08:47:00 
Jan 07 08:47:01 由于您第1个京东账号未提供shareCode,将采纳本脚本自带的助力码
Jan 07 08:47:01 
Jan 07 08:47:01 开始
Jan 07 08:47:01 随机取20个码放到您固定的互助码后面(不影响已有固定互助)
Jan 07 08:47:01 第1个京东账号将要助力的好友["T0159KUiH11Mq1bSKBoCjVQmoaT5kRrbA","T0205KkcF3dzsQ-ldnq09pFMCjVQmoaT5kRrbA","T0225KkcRB9No12FJBulwv8LdACjVQmoaT5kRrbA","T0225KkcRh9P9FbRKUygl_UJcgCjVQmoaT5kRrbA","T0205KkcIHR-jQyeYVOX_bR2CjVQmoaT5kRrbA","T018v_VwRhkY91XfIB2b1ACjVQmoaT5kRrbA","T0205KkcIXRlhxKJYU6e_ohLCjVQmoaT5kRrbA","T010-ropEU1Q9gCjVQmoaT5kRrbA","T014-awtF11cqweGeQCjVQmoaT5kRrbA","T012aUXylJaTIdlHCjVQmoaT5kRrbA","T0205KkcJV5dixKTenmC7JNqCjVQmoaT5kRrbA","T012a13olpuoI_x4CjVQmoaT5kRrbA","T0205KkcJ3lMnymzVmaL0KJWCjVQmoaT5kRrbA","T0225KkcRBpMpwLVcx2lx_9bdQCjVQmoaT5kRrbA","T0225KkcRRtK_AKGdhOllKFfJQCjVQmoaT5kRrbA","T0205KkcIl5NrDyfeUa1zZ50CjVQmoaT5kRrbA","T0245KIvFUBMI_NR9ZpeQ2OGoT_ECjVQmoaT5kRrbA","T0225KkcRUgfoFeDJk7zwPAIIACjVQmoaT5kRrbA","T0225KkcRhkQ8lLXJRj8kfQCJQCjVQmoaT5kRrbA","T0225KkcRh4YpwfeIRr8x_YCIgCjVQmoaT5kRrbA","T0205KkcPG16hjeNcnmp7Y53CjVQmoaT5kRrbA","T0105Lk2QBoZ8QCjVQmoaT5kRrbA","T0225KkcRhxL8FGEIRunx_MIJQCjVQmoaT5kRrbA","T018v_V2RRcY9VbSJxmb1ACjVQmoaT5kRrbA"]
Jan 07 08:47:01 
Jan 07 08:47:01 ******开始【京东账号1】jd_739d55b768da0*********
Jan 07 08:47:01 
Jan 07 08:47:01 
Jan 07 08:47:01 14-邀请好友助力-已完成0-未完成10
Jan 07 08:47:01 
Jan 07 08:47:01 【京东账号1（jd_739d55b768da0）的闪购盲盒好友互助码】T0225KkcRx0QoVHSch3ynKNbdACjVQmoaT5kRrbA
Jan 07 08:47:01 
Jan 07 08:47:02 助力已满员！谢谢你哦~
Jan 07 08:47:04 助力已满员！谢谢你哦~
Jan 07 08:47:06 助力已满员！谢谢你哦~
Jan 07 08:47:08 助力已满员！谢谢你哦~
Jan 07 08:47:10 助力已满员！谢谢你哦~
Jan 07 08:47:12 助力已满员！谢谢你哦~
Jan 07 08:47:14 助力已满员！谢谢你哦~
Jan 07 08:47:17 助力已满员！谢谢你哦~
Jan 07 08:47:19 助力已满员！谢谢你哦~
Jan 07 08:47:21 助力已满员！谢谢你哦~
Jan 07 08:47:23 助力已满员！谢谢你哦~
Jan 07 08:47:25 助力已满员！谢谢你哦~
Jan 07 08:47:27 助力已满员！谢谢你哦~
Jan 07 08:47:29 助力已满员！谢谢你哦~
Jan 07 08:47:32 助力已满员！谢谢你哦~
Jan 07 08:47:34 助力已满员！谢谢你哦~
Jan 07 08:47:36 助力已满员！谢谢你哦~
Jan 07 08:47:38 助力已满员！谢谢你哦~
Jan 07 08:47:40 助力已满员！谢谢你哦~
Jan 07 08:47:42 助力已满员！谢谢你哦~
Jan 07 08:47:44 助力已满员！谢谢你哦~
Jan 07 08:47:47 助力已满员！谢谢你哦~
Jan 07 08:47:49 success
Jan 07 08:47:51 助力已满员！谢谢你哦~
Jan 07 08:47:53 
Jan 07 08:47:53 8-浏览商品任务-已完成0-未完成2
Jan 07 08:47:53 
Jan 07 08:47:53 北京同仁堂苹果冬瓜荷叶茶决明子山楂苹果重瓣红玫瑰橘皮组合袋泡茶150克（5g*30袋）
Jan 07 08:47:59 success
Jan 07 08:47:59 
Jan 07 08:47:59 皓乐齿(Ora2)亮白净色漱口水天然薄荷味100ml轻巧便携 清新口气 
Jan 07 08:48:05 success
Jan 07 08:48:06 
Jan 07 08:48:06 开始抽奖
Jan 07 08:48:06 
Jan 07 08:48:06 开始抽奖
Jan 07 08:48:06 京豆:2
Jan 07 08:48:06 
Jan 07 08:48:06 7-浏览并关注店铺-已完成0-未完成2
Jan 07 08:48:06 
Jan 07 08:48:06 故宫文创官方旗舰店
Jan 07 08:48:12 success
Jan 07 08:48:12 
Jan 07 08:48:12 海蓝之谜（LA MER）京东自营专区
Jan 07 08:48:18 success
Jan 07 08:48:19 
Jan 07 08:48:19 开始抽奖
Jan 07 08:48:19 京豆:1
Jan 07 08:48:19 
Jan 07 08:48:19 开始抽奖
Jan 07 08:48:19 
Jan 07 08:48:19 26-浏览并关注频道-已完成0-未完成3
Jan 07 08:48:19 
Jan 07 08:48:19 浏览并关注闪购频道
Jan 07 08:48:19 success
Jan 07 08:48:19 
Jan 07 08:48:19 买vivo新品送神秘礼包
Jan 07 08:48:19 success
Jan 07 08:48:19 
Jan 07 08:48:19 浏览并关注优惠日历
Jan 07 08:48:19 success
Jan 07 08:48:19 
Jan 07 08:48:19 开始抽奖
Jan 07 08:48:19 
Jan 07 08:48:19 开始抽奖
Jan 07 08:48:20 
Jan 07 08:48:20 开始抽奖
Jan 07 08:48:20 京豆:2
Jan 07 08:48:20 
Jan 07 08:48:20 9-浏览会场任务-已完成0-未完成2
Jan 07 08:48:20 
Jan 07 08:48:20 徐福记礼盒5折起
Jan 07 08:48:26 success
Jan 07 08:48:26 
Jan 07 08:48:26 浏览锦鲤红包
Jan 07 08:48:32 success
Jan 07 08:48:32 
Jan 07 08:48:32 开始抽奖
Jan 07 08:48:33 
Jan 07 08:48:33 开始抽奖
Jan 07 08:48:33 京豆:2
Jan 07 08:48:33 
Jan 07 08:48:33 开始抽奖
Jan 07 08:48:33 
Jan 07 08:48:33 ==============📣系统通知📣==============
Jan 07 08:48:33 闪购盲盒
Jan 07 08:48:33 【京东账号1】jd_739d55b768da0
Jan 07 08:48:33 任务已完成，本次运行获得京豆7
Jan 07 08:48:33 【京东账号1】jd_739d55b768da0
Jan 07 08:48:33 任务已完成，本次运行获得京豆7
Jan 07 08:48:33 
Jan 07 08:48:33 🔔闪购盲盒, 结束! 🕛 92.721 秒
Jan 07 08:48:33 
Jan 07 22:47:00 
Jan 07 22:47:00 🔔闪购盲盒, 开始!
Jan 07 22:47:00 
Jan 07 22:47:00 ====================共1个京东账号Cookie=========
Jan 07 22:47:00 
Jan 07 22:47:00 ==================脚本执行- 北京时间(UTC+8)：2022/1/7 下午10:47:00=====================
Jan 07 22:47:00 
Jan 07 22:47:00 开始获取闪购盲盒配置文件
Jan 07 22:47:00 
Jan 07 22:47:00 共1个京东账号
Jan 07 22:47:00 
Jan 07 22:47:00 您提供了0个账号的闪购盲盒助力码
Jan 07 22:47:00 
Jan 07 22:47:01 由于您第1个京东账号未提供shareCode,将采纳本脚本自带的助力码
Jan 07 22:47:01 
Jan 07 22:47:01 开始
Jan 07 22:47:01 随机取20个码放到您固定的互助码后面(不影响已有固定互助)
Jan 07 22:47:01 第1个京东账号将要助力的好友["T0159KUiH11Mq1bSKBoCjVQmoaT5kRrbA","T0205KkcF3dzsQ-ldnq09pFMCjVQmoaT5kRrbA","T0225KkcRB9No12FJBulwv8LdACjVQmoaT5kRrbA","T0225KkcRh9P9FbRKUygl_UJcgCjVQmoaT5kRrbA","T0205KkcG2xvqCqLQ36956VpCjVQmoaT5kRrbA","T0225KkcRx4ZpADWJhrwkKRZJgCjVQmoaT5kRrbA","T019-akLPH15jCaAY3-l04oCjVQmoaT5kRrbA","T0225KkcREwQ8VaBJhr2kqUDcwCjVQmoaT5kRrbA","T0225KkcR08Yp1GFJBKnkPFYcQCjVQmoaT5kRrbA","T0205KkcNWRxnQ-wdm-l4pdDCjVQmoaT5kRrbA","T0205KkcOUVIkRWEeFyzzoRvCjVQmoaT5kRrbA","T0225KkcRkgRoFbfdRumxaZfdgCjVQmoaT5kRrbA","T018v_51RBwe8VXTJh6b1ACjVQmoaT5kRrbA","T015v_52RBgd_FDeJh4CjVQmoaT5kRrbA","T015uvlxRBca8VDWT0cCjVQmoaT5kRrbA","T0225KkcRk0epwGFKB_0xvdYcQCjVQmoaT5kRrbA","T0225KkcRxwY8QXQdB71kf4OfACjVQmoaT5kRrbA","T0225KkcRhsY_VTTc06lk_ZbcQCjVQmoaT5kRrbA","T0225KkcRxdM8gHedBKhlPUKcgCjVQmoaT5kRrbA","T0225KkcRUgbpl3UIEvznaUKJgCjVQmoaT5kRrbA","T0126qg1GUJKoAiLCjVQmoaT5kRrbA","T0229KUiHklFrA6ScUT8nP8CfACjVQmoaT5kRrbA","T0127aAqHkkb9FbQCjVQmoaT5kRrbA","T023tvl2Rh0e8FXKKRnxnPYPcfgCjVQmoaT5kRrbA"]
Jan 07 22:47:01 
Jan 07 22:47:01 ******开始【京东账号1】jd_739d55b768da0*********
Jan 07 22:47:01 
Jan 07 22:47:02 
Jan 07 22:47:02 14-邀请好友助力-已完成0-未完成10
Jan 07 22:47:02 
Jan 07 22:47:02 【京东账号1（jd_739d55b768da0）的闪购盲盒好友互助码】T0225KkcRx0QoVHSch3ynKNbdACjVQmoaT5kRrbA
Jan 07 22:47:02 
Jan 07 22:47:02 助力已满员！谢谢你哦~
Jan 07 22:47:04 助力已满员！谢谢你哦~
Jan 07 22:47:06 助力已满员！谢谢你哦~
Jan 07 22:47:08 助力已满员！谢谢你哦~
Jan 07 22:47:10 助力已满员！谢谢你哦~
Jan 07 22:47:12 助力已满员！谢谢你哦~
Jan 07 22:47:15 助力已满员！谢谢你哦~
Jan 07 22:47:17 助力已满员！谢谢你哦~
Jan 07 22:47:19 助力已满员！谢谢你哦~
Jan 07 22:47:21 助力已满员！谢谢你哦~
Jan 07 22:47:23 助力已满员！谢谢你哦~
Jan 07 22:47:25 助力已满员！谢谢你哦~
Jan 07 22:47:27 助力已满员！谢谢你哦~
Jan 07 22:47:30 助力已满员！谢谢你哦~
Jan 07 22:47:32 助力已满员！谢谢你哦~
Jan 07 22:47:34 助力已满员！谢谢你哦~
Jan 07 22:47:36 助力已满员！谢谢你哦~
Jan 07 22:47:38 助力已满员！谢谢你哦~
Jan 07 22:47:40 助力已满员！谢谢你哦~
Jan 07 22:47:42 助力已满员！谢谢你哦~
Jan 07 22:47:45 助力已满员！谢谢你哦~
Jan 07 22:47:47 助力已满员！谢谢你哦~
Jan 07 22:47:49 助力已满员！谢谢你哦~
Jan 07 22:47:51 助力已满员！谢谢你哦~
Jan 07 22:47:53 
Jan 07 22:47:53 8-浏览商品任务-全部已完成
Jan 07 22:47:53 
Jan 07 22:47:53 7-浏览并关注店铺-全部已完成
Jan 07 22:47:53 
Jan 07 22:47:53 26-浏览并关注频道-全部已完成
Jan 07 22:47:53 
Jan 07 22:47:53 9-浏览会场任务-全部已完成
Jan 07 22:47:53 
Jan 07 22:47:53 开始抽奖
Jan 07 22:47:53 【京东账号1】jd_739d55b768da0
Jan 07 22:47:53 任务已完成，本次运行获得京豆0
Jan 07 22:47:53 
Jan 07 22:47:53 🔔闪购盲盒, 结束! 🕛 53.196 秒
Jan 07 22:47:53 
Jan 08 08:47:00 
Jan 08 08:47:00 🔔闪购盲盒, 开始!
Jan 08 08:47:00 
Jan 08 08:47:00 ====================共1个京东账号Cookie=========
Jan 08 08:47:00 
Jan 08 08:47:00 ==================脚本执行- 北京时间(UTC+8)：2022/1/8 上午8:47:00=====================
Jan 08 08:47:00 
Jan 08 08:47:00 开始获取闪购盲盒配置文件
Jan 08 08:47:00 
Jan 08 08:47:00 共1个京东账号
Jan 08 08:47:00 
Jan 08 08:47:00 您提供了0个账号的闪购盲盒助力码
Jan 08 08:47:00 
Jan 08 08:47:00 由于您第1个京东账号未提供shareCode,将采纳本脚本自带的助力码
Jan 08 08:47:00 
Jan 08 08:47:00 开始
Jan 08 08:47:01 随机取20个码放到您固定的互助码后面(不影响已有固定互助)
Jan 08 08:47:01 第1个京东账号将要助力的好友["T0159KUiH11Mq1bSKBoCjVQmoaT5kRrbA","T0205KkcF3dzsQ-ldnq09pFMCjVQmoaT5kRrbA","T0225KkcRB9No12FJBulwv8LdACjVQmoaT5kRrbA","T0225KkcRh9P9FbRKUygl_UJcgCjVQmoaT5kRrbA","T018v_V6SBwR8FPeJxOb1ACjVQmoaT5kRrbA","T020tv1yRB4Z9FfKKBv8l_YJCjVQmoaT5kRrbA","T0205KkcGlxTnSeLfV6UyrV3CjVQmoaT5kRrbA","T0205KkcGkVglyCXVmONxap_CjVQmoaT5kRrbA","T0205KkcFF9DrDCkaGOW55FCCjVQmoaT5kRrbA","T010z6huCVtIqwCjVQmoaT5kRrbA","T0225KkcRBca8lOGIBqil_UDfQCjVQmoaT5kRrbA","T0225KkcRxgdpFLVIkv2xaEJJQCjVQmoaT5kRrbA","T0225KkcRk8f9gKFJxj9kaZccgCjVQmoaT5kRrbA","T020-akNPmJ9oAyWSmyw9YR-CjVQmoaT5kRrbA","T0196aktQR0e9lTSIhnzkvUCjVQmoaT5kRrbA","T0205KkcEl9tlzOvSW-IwoJxCjVQmoaT5kRrbA","T008_ac5RRkZCjVQmoaT5kRrbA","T0225KkcRk0epwGFKB_0xvdYcQCjVQmoaT5kRrbA","T0117KcwGEdeoAoCjVQmoaT5kRrbA","T0205KkcJHdxiwqtX3qiz7FgCjVQmoaT5kRrbA","T0149KUiHkkf81LWIgCjVQmoaT5kRrbA","T018v_h2Qh8Z9l3fJR2b1ACjVQmoaT5kRrbA","T0225KkcRRsboFCGcxL1lKFfIQCjVQmoaT5kRrbA","T0205KkcP09ntRWJfFytzYpKCjVQmoaT5kRrbA"]
Jan 08 08:47:01 
Jan 08 08:47:01 ******开始【京东账号1】jd_187425zqg*********
Jan 08 08:47:01 
Jan 08 08:47:01 
Jan 08 08:47:01 14-邀请好友助力-已完成0-未完成10
Jan 08 08:47:01 
Jan 08 08:47:01 【京东账号1（jd_739d55b768da0）的闪购盲盒好友互助码】T0225KkcRx0QoVHSch3ynKNbdACjVQmoaT5kRrbA
Jan 08 08:47:01 
Jan 08 08:47:01 助力已满员！谢谢你哦~
Jan 08 08:47:03 助力已满员！谢谢你哦~
Jan 08 08:47:05 助力已满员！谢谢你哦~
Jan 08 08:47:07 助力已满员！谢谢你哦~
Jan 08 08:47:09 助力已满员！谢谢你哦~
Jan 08 08:47:12 助力已满员！谢谢你哦~
Jan 08 08:47:14 助力已满员！谢谢你哦~
Jan 08 08:47:16 助力已满员！谢谢你哦~
Jan 08 08:47:18 助力已满员！谢谢你哦~
Jan 08 08:47:20 助力已满员！谢谢你哦~
Jan 08 08:47:22 助力已满员！谢谢你哦~
Jan 08 08:47:24 助力已满员！谢谢你哦~
Jan 08 08:47:27 助力已满员！谢谢你哦~
Jan 08 08:47:29 助力已满员！谢谢你哦~
Jan 08 08:47:31 助力已满员！谢谢你哦~
Jan 08 08:47:33 助力已满员！谢谢你哦~
Jan 08 08:47:35 助力已满员！谢谢你哦~
Jan 08 08:47:37 助力已满员！谢谢你哦~
Jan 08 08:47:39 助力已满员！谢谢你哦~
Jan 08 08:47:42 助力已满员！谢谢你哦~
Jan 08 08:47:44 助力已满员！谢谢你哦~
Jan 08 08:47:46 助力已满员！谢谢你哦~
Jan 08 08:47:48 助力已满员！谢谢你哦~
Jan 08 08:47:50 success
Jan 08 08:47:52 
Jan 08 08:47:52 8-浏览商品任务-已完成0-未完成2
Jan 08 08:47:52 
Jan 08 08:47:52 泸州老窖 高粱熟了 52度500ml浓香型 高度白酒送礼 单瓶装 1号会员店 
Jan 08 08:47:59 success
Jan 08 08:47:59 
Jan 08 08:47:59 巴拉巴拉宝宝羽绒服男婴儿轻薄秋冬外套保暖2021女童可爱时尚208421107216梦幻粉100cm
Jan 08 08:48:05 success
Jan 08 08:48:05 
Jan 08 08:48:05 开始抽奖
Jan 08 08:48:05 京豆:1
Jan 08 08:48:05 
Jan 08 08:48:05 开始抽奖
Jan 08 08:48:05 京豆:1
Jan 08 08:48:05 
Jan 08 08:48:05 7-浏览并关注店铺-已完成0-未完成2
Jan 08 08:48:05 
Jan 08 08:48:05 华为京东自营官方旗舰店
Jan 08 08:48:11 success
Jan 08 08:48:11 
Jan 08 08:48:11 惠普京东自营官方旗舰店
Jan 08 08:48:18 success
Jan 08 08:48:18 
Jan 08 08:48:18 开始抽奖
Jan 08 08:48:18 
Jan 08 08:48:18 开始抽奖
Jan 08 08:48:18 
Jan 08 08:48:18 26-浏览并关注频道-已完成0-未完成3
Jan 08 08:48:18 
Jan 08 08:48:18 浏览并关注优惠日历
Jan 08 08:48:18 success
Jan 08 08:48:18 
Jan 08 08:48:18 浏览并关注闪购频道
Jan 08 08:48:18 success
Jan 08 08:48:18 
Jan 08 08:48:18 买vivo新品送神秘礼包
Jan 08 08:48:19 success
Jan 08 08:48:19 
Jan 08 08:48:19 开始抽奖
Jan 08 08:48:19 京豆:2
Jan 08 08:48:19 
Jan 08 08:48:19 开始抽奖
Jan 08 08:48:19 
Jan 08 08:48:19 开始抽奖
Jan 08 08:48:19 京豆:1
Jan 08 08:48:19 
Jan 08 08:48:19 9-浏览会场任务-已完成0-未完成2
Jan 08 08:48:19 
Jan 08 08:48:19 健力多第二件0元起
Jan 08 08:48:25 success
Jan 08 08:48:25 
Jan 08 08:48:25 浏览锦鲤红包
Jan 08 08:48:32 success
Jan 08 08:48:32 
Jan 08 08:48:32 开始抽奖
Jan 08 08:48:32 
Jan 08 08:48:32 开始抽奖
Jan 08 08:48:32 
Jan 08 08:48:32 开始抽奖
Jan 08 08:48:32 
Jan 08 08:48:32 ==============📣系统通知📣==============
Jan 08 08:48:32 闪购盲盒
Jan 08 08:48:32 【京东账号1】jd_187425zqg
Jan 08 08:48:32 任务已完成，本次运行获得京豆5
Jan 08 08:48:32 【京东账号1】jd_187425zqg
Jan 08 08:48:32 任务已完成，本次运行获得京豆5
Jan 08 08:48:32 
Jan 08 08:48:32 🔔闪购盲盒, 结束! 🕛 92.501 秒
Jan 08 08:48:32 
Jan 08 22:47:00 
Jan 08 22:47:00 🔔闪购盲盒, 开始!
Jan 08 22:47:00 
Jan 08 22:47:00 ====================共1个京东账号Cookie=========
Jan 08 22:47:00 
Jan 08 22:47:00 ==================脚本执行- 北京时间(UTC+8)：2022/1/8 下午10:47:00=====================
Jan 08 22:47:00 
Jan 08 22:47:00 开始获取闪购盲盒配置文件
Jan 08 22:47:00 
Jan 08 22:47:00 共1个京东账号
Jan 08 22:47:00 
Jan 08 22:47:00 您提供了0个账号的闪购盲盒助力码
Jan 08 22:47:00 
Jan 08 22:47:00 由于您第1个京东账号未提供shareCode,将采纳本脚本自带的助力码
Jan 08 22:47:00 
Jan 08 22:47:00 开始
Jan 08 22:47:01 随机取20个码放到您固定的互助码后面(不影响已有固定互助)
Jan 08 22:47:01 第1个京东账号将要助力的好友["T0159KUiH11Mq1bSKBoCjVQmoaT5kRrbA","T0205KkcF3dzsQ-ldnq09pFMCjVQmoaT5kRrbA","T0225KkcRB9No12FJBulwv8LdACjVQmoaT5kRrbA","T0225KkcRh9P9FbRKUygl_UJcgCjVQmoaT5kRrbA","T018v_VyRxkR81zXKB6b1ACjVQmoaT5kRrbA","T0225KkcRxcRo12FJUn1kfJYJwCjVQmoaT5kRrbA","T0225KkcRB0dpAaEcU73nKJZJgCjVQmoaT5kRrbA","T022v_53Qhwc8VzUPR7xkP8MfQCjVQmoaT5kRrbA","T0225KkcRk1P81GBIk6mx_MDJwCjVQmoaT5kRrbA","T0225KkcRBxM_VfQJxr9xfEDcgCjVQmoaT5kRrbA","T0225KkcR0wc9VzTc073k6IKIACjVQmoaT5kRrbA","T0205KkcHEpPtieWR0yd4qNACjVQmoaT5kRrbA","T0225KkcRhodplffcRr3nP8LJQCjVQmoaT5kRrbA","T0225KkcRRdI9VzUc0jzkv4JJQCjVQmoaT5kRrbA","T0205KkcGGxdlRamYHCc6Yx4CjVQmoaT5kRrbA","T0205KkcJHtMtSuWdXCIwohsCjVQmoaT5kRrbA","T0225KkcRxse9FSDJxz0xfILdACjVQmoaT5kRrbA","T015v_5yRRcd_V3SIksCjVQmoaT5kRrbA","T0205KkcOH5AsQikR3CpwJF0CjVQmoaT5kRrbA","T0205KkcA3ltpw6TeU285ZRjCjVQmoaT5kRrbA","T0147bgqA0hFqhOCYgCjVQmoaT5kRrbA","T0225KkcRxpK81zWcxjywvUJJgCjVQmoaT5kRrbA","T0225KkcR0pN8lCFKEjwkvBcJwCjVQmoaT5kRrbA","T018v_hzQxgb8VHVIR-b1ACjVQmoaT5kRrbA"]
Jan 08 22:47:01 
Jan 08 22:47:01 ******开始【京东账号1】jd_187425zqg*********
Jan 08 22:47:01 
Jan 08 22:47:01 
Jan 08 22:47:01 14-邀请好友助力-已完成0-未完成10
Jan 08 22:47:01 
Jan 08 22:47:01 【京东账号1（jd_739d55b768da0）的闪购盲盒好友互助码】T0225KkcRx0QoVHSch3ynKNbdACjVQmoaT5kRrbA
Jan 08 22:47:01 
Jan 08 22:47:01 助力已满员！谢谢你哦~
Jan 08 22:47:03 助力已满员！谢谢你哦~
Jan 08 22:47:05 助力已满员！谢谢你哦~
Jan 08 22:47:07 助力已满员！谢谢你哦~
Jan 08 22:47:10 助力已满员！谢谢你哦~
Jan 08 22:47:12 助力已满员！谢谢你哦~
Jan 08 22:47:14 助力已满员！谢谢你哦~
Jan 08 22:47:16 助力已满员！谢谢你哦~
Jan 08 22:47:18 助力已满员！谢谢你哦~
Jan 08 22:47:20 助力已满员！谢谢你哦~
Jan 08 22:47:23 助力已满员！谢谢你哦~
Jan 08 22:47:25 助力已满员！谢谢你哦~
Jan 08 22:47:27 助力已满员！谢谢你哦~
Jan 08 22:47:29 助力已满员！谢谢你哦~
Jan 08 22:47:31 助力已满员！谢谢你哦~
Jan 08 22:47:33 助力已满员！谢谢你哦~
Jan 08 22:47:35 助力已满员！谢谢你哦~
Jan 08 22:47:38 助力已满员！谢谢你哦~
Jan 08 22:47:40 助力已满员！谢谢你哦~
Jan 08 22:47:42 助力已满员！谢谢你哦~
Jan 08 22:47:44 助力已满员！谢谢你哦~
Jan 08 22:47:46 助力已满员！谢谢你哦~
Jan 08 22:47:48 助力已满员！谢谢你哦~
Jan 08 22:47:50 助力已满员！谢谢你哦~
Jan 08 22:47:52 
Jan 08 22:47:52 8-浏览商品任务-全部已完成
Jan 08 22:47:52 
Jan 08 22:47:52 7-浏览并关注店铺-全部已完成
Jan 08 22:47:52 
Jan 08 22:47:52 26-浏览并关注频道-全部已完成
Jan 08 22:47:52 
Jan 08 22:47:52 9-浏览会场任务-全部已完成
Jan 08 22:47:53 
Jan 08 22:47:53 开始抽奖
Jan 08 22:47:53 【京东账号1】jd_187425zqg
Jan 08 22:47:53 任务已完成，本次运行获得京豆0
Jan 08 22:47:53 
Jan 08 22:47:53 🔔闪购盲盒, 结束! 🕛 52.85 秒
Jan 08 22:47:53 
Jan 09 08:47:01 
Jan 09 08:47:01 🔔闪购盲盒, 开始!
Jan 09 08:47:01 
Jan 09 08:47:01 ====================共1个京东账号Cookie=========
Jan 09 08:47:01 
Jan 09 08:47:01 ==================脚本执行- 北京时间(UTC+8)：2022/1/9 上午8:47:01=====================
Jan 09 08:47:01 
Jan 09 08:47:01 开始获取闪购盲盒配置文件
Jan 09 08:47:01 
Jan 09 08:47:01 共1个京东账号
Jan 09 08:47:01 
Jan 09 08:47:01 您提供了0个账号的闪购盲盒助力码
Jan 09 08:47:01 
Jan 09 08:47:01 由于您第1个京东账号未提供shareCode,将采纳本脚本自带的助力码
Jan 09 08:47:01 
Jan 09 08:47:01 开始
Jan 09 08:47:01 随机取20个码放到您固定的互助码后面(不影响已有固定互助)
Jan 09 08:47:01 第1个京东账号将要助力的好友["T0159KUiH11Mq1bSKBoCjVQmoaT5kRrbA","T0205KkcF3dzsQ-ldnq09pFMCjVQmoaT5kRrbA","T0225KkcRB9No12FJBulwv8LdACjVQmoaT5kRrbA","T0225KkcRh9P9FbRKUygl_UJcgCjVQmoaT5kRrbA","T00877w5El1dCjVQmoaT5kRrbA","T0081JUPKHZhCjVQmoaT5kRrbA","T022v_hwSBsR9FbWPRn0k_EKcwCjVQmoaT5kRrbA","T0225KkcRUgc9lLRIR7wlfdZdgCjVQmoaT5kRrbA","T0225KkcREof_VPeIxmnkPZYJwCjVQmoaT5kRrbA","T014_7x7SRkf8FDSIQCjVQmoaT5kRrbA","T018v_VwQhsc8lTUIBub1ACjVWmIaW5kRrbA","T0205KkcB3h6gD6sZHqh4J5xCjVQmoaT5kRrbA","T0205KkcKndjkxKPSmyw7JBQCjVQmoaT5kRrbA","T0205KkcIXhrsBShRUuu6JB_CjVQmoaT5kRrbA","T01546woFV1ctwHeIhwCjVQmoaT5kRrbA","T018v_50RRoR91TfIxKb1ACjVQmoaT5kRrbA","T0225KkcRB9L_VGDcRr2xqZbdwCjVQmoaT5kRrbA","T0205KkcHnx7vxKjQGyL7bNpCjVQmoaT5kRrbA","T014anX1mL6lLf9seQCjVQmoaT5kRrbA","T0225KkcRUgfoFeDJk7zwPAIIACjVQmoaT5kRrbA","T0205KkcF0RnpiG2dmW95ZFUCjVQmoaT5kRrbA","T0225KkcRxpMpwfRIB3zxv4JfQCjVQmoaT5kRrbA","T018-fp2Rxcbtg2JcUmryQCjVQmoaT5kRrbA","T014_aUqA0ZAtgeUcwCjVQmoaT5kRrbA"]
Jan 09 08:47:01 
Jan 09 08:47:01 ******开始【京东账号1】jd_739d55b768da0*********
Jan 09 08:47:01 
Jan 09 08:47:02 
Jan 09 08:47:02 14-邀请好友助力-已完成0-未完成10
Jan 09 08:47:02 
Jan 09 08:47:02 【京东账号1（jd_739d55b768da0）的闪购盲盒好友互助码】T0225KkcRx0QoVHSch3ynKNbdACjVQmoaT5kRrbA
Jan 09 08:47:02 
Jan 09 08:47:02 助力已满员！谢谢你哦~
Jan 09 08:47:04 助力已满员！谢谢你哦~
Jan 09 08:47:06 助力已满员！谢谢你哦~
Jan 09 08:47:08 助力已满员！谢谢你哦~
Jan 09 08:47:10 助力已满员！谢谢你哦~
Jan 09 08:47:12 助力已满员！谢谢你哦~
Jan 09 08:47:15 助力已满员！谢谢你哦~
Jan 09 08:47:17 助力已满员！谢谢你哦~
Jan 09 08:47:19 助力已满员！谢谢你哦~
Jan 09 08:47:21 助力已满员！谢谢你哦~
Jan 09 08:47:23 助力已满员！谢谢你哦~
Jan 09 08:47:25 助力已满员！谢谢你哦~
Jan 09 08:47:27 助力已满员！谢谢你哦~
Jan 09 08:47:30 助力已满员！谢谢你哦~
Jan 09 08:47:32 助力已满员！谢谢你哦~
Jan 09 08:47:34 助力已满员！谢谢你哦~
Jan 09 08:47:36 助力已满员！谢谢你哦~
Jan 09 08:47:38 助力已满员！谢谢你哦~
Jan 09 08:47:40 助力已满员！谢谢你哦~
Jan 09 08:47:42 助力已满员！谢谢你哦~
Jan 09 08:47:45 success
Jan 09 08:47:47 助力已满员！谢谢你哦~
Jan 09 08:47:49 success
Jan 09 08:47:51 success
Jan 09 08:47:53 
Jan 09 08:47:53 8-浏览商品任务-已完成0-未完成2
Jan 09 08:47:53 
Jan 09 08:47:53 【自营仓直发】尤妮佳妈咪宝贝小内裤（男女通用） XL32小包（12-17kg）
Jan 09 08:47:59 success
Jan 09 08:47:59 
Jan 09 08:47:59 3CE三熹玉网红四色眼影盘化妆品礼物 #杏仁软糖#ALMOND FUDGE杏仁盘
Jan 09 08:48:06 success
Jan 09 08:48:06 
Jan 09 08:48:06 开始抽奖
Jan 09 08:48:06 京豆:1
Jan 09 08:48:06 
Jan 09 08:48:06 开始抽奖
Jan 09 08:48:06 京豆:1
Jan 09 08:48:06 
Jan 09 08:48:06 7-浏览并关注店铺-已完成0-未完成2
Jan 09 08:48:06 
Jan 09 08:48:06 海蓝之谜（LA MER）京东自营专区
Jan 09 08:48:12 success
Jan 09 08:48:12 
Jan 09 08:48:12 SONY京东自营官方旗舰店
Jan 09 08:48:19 success
Jan 09 08:48:19 
Jan 09 08:48:19 开始抽奖
Jan 09 08:48:19 京豆:2
Jan 09 08:48:19 
Jan 09 08:48:19 开始抽奖
Jan 09 08:48:19 
Jan 09 08:48:19 26-浏览并关注频道-已完成0-未完成3
Jan 09 08:48:19 
Jan 09 08:48:19 浏览并关注闪购频道
Jan 09 08:48:19 success
Jan 09 08:48:19 
Jan 09 08:48:19 买vivo新品送神秘礼包
Jan 09 08:48:19 success
Jan 09 08:48:19 
Jan 09 08:48:19 浏览并关注优惠日历
Jan 09 08:48:19 success
Jan 09 08:48:19 
Jan 09 08:48:19 开始抽奖
Jan 09 08:48:20 
Jan 09 08:48:20 开始抽奖
Jan 09 08:48:20 京豆:1
Jan 09 08:48:20 
Jan 09 08:48:20 开始抽奖
Jan 09 08:48:20 京豆:1
Jan 09 08:48:20 
Jan 09 08:48:20 9-浏览会场任务-已完成0-未完成2
Jan 09 08:48:20 
Jan 09 08:48:20 去炸年兽瓜分20亿
Jan 09 08:48:26 success
Jan 09 08:48:26 
Jan 09 08:48:26 爆款低至7折
Jan 09 08:48:32 success
Jan 09 08:48:33 
Jan 09 08:48:33 开始抽奖
Jan 09 08:48:33 京豆:1
Jan 09 08:48:33 
Jan 09 08:48:33 开始抽奖
Jan 09 08:48:33 
Jan 09 08:48:33 开始抽奖
Jan 09 08:48:33 
Jan 09 08:48:33 ==============📣系统通知📣==============
Jan 09 08:48:33 闪购盲盒
Jan 09 08:48:33 【京东账号1】jd_739d55b768da0
Jan 09 08:48:33 任务已完成，本次运行获得京豆7
Jan 09 08:48:33 【京东账号1】jd_739d55b768da0
Jan 09 08:48:33 任务已完成，本次运行获得京豆7
Jan 09 08:48:33 
Jan 09 08:48:33 🔔闪购盲盒, 结束! 🕛 92.362 秒
Jan 09 08:48:33 
