Jan 07 00:31:00 
Jan 07 00:31:00 🔔东东超市, 开始!
Jan 07 00:31:00 
Jan 07 00:31:00 ====================共1个京东账号Cookie=========
Jan 07 00:31:00 
Jan 07 00:31:00 ==================脚本执行- 北京时间(UTC+8)：2022/1/7 上午12:31:00=====================
Jan 07 00:31:00 
Jan 07 00:31:00 共1个京东账号
Jan 07 00:31:00 
Jan 07 00:31:01 
Jan 07 00:31:01 开始【京东账号1】jd_739d55b768da0
Jan 07 00:31:01 
Jan 07 00:31:01 收取蓝币失败：活动太火爆啦
Jan 07 00:31:02 
Jan 07 00:31:02 注意⚠:东东超市抽奖已改版,花费500蓝币抽奖一次,现在脚本默认已关闭抽奖功能
Jan 07 00:31:02 
Jan 07 00:31:02 设置的为不抽奖
Jan 07 00:31:02 
Jan 07 00:31:02 [普通货架] 已解锁，当前等级：40级
Jan 07 00:31:02 [冰柜] 已解锁，当前等级：40级
Jan 07 00:31:02 [水果摊] 已解锁，当前等级：40级
Jan 07 00:31:02 [酒柜] 已解锁，当前等级：40级
Jan 07 00:31:02 发现限时商品1.5洗衣凝珠
Jan 07 00:31:02 
Jan 07 00:31:02 限时商品售卖结果:{"code":0,"data":{"bizCode":188,"bizMsg":"活动太火爆啦","success":false}}
Jan 07 00:31:02 
Jan 07 00:31:07 【京东账号1】
Jan 07 00:31:07 【收取小费】活动太火爆啦
Jan 07 00:31:07 【第5日签到】活动太火爆啦
Jan 07 00:31:07 【店铺等级】221
Jan 07 00:31:07 
Jan 07 00:31:07 
Jan 07 00:31:07 🔔东东超市, 结束! 🕛 6.85 秒
Jan 07 00:31:07 
Jan 07 01:31:01 
Jan 07 01:31:01 🔔东东超市, 开始!
Jan 07 01:31:01 
Jan 07 01:31:01 ====================共1个京东账号Cookie=========
Jan 07 01:31:01 
Jan 07 01:31:01 ==================脚本执行- 北京时间(UTC+8)：2022/1/7 上午1:31:01=====================
Jan 07 01:31:01 
Jan 07 01:31:01 共1个京东账号
Jan 07 01:31:01 
Jan 07 01:31:01 
Jan 07 01:31:01 开始【京东账号1】jd_739d55b768da0
Jan 07 01:31:01 
Jan 07 01:31:01 收取蓝币失败：活动太火爆啦
Jan 07 01:31:02 
Jan 07 01:31:02 注意⚠:东东超市抽奖已改版,花费500蓝币抽奖一次,现在脚本默认已关闭抽奖功能
Jan 07 01:31:02 
Jan 07 01:31:02 设置的为不抽奖
Jan 07 01:31:02 
Jan 07 01:31:02 [普通货架] 已解锁，当前等级：40级
Jan 07 01:31:02 [冰柜] 已解锁，当前等级：40级
Jan 07 01:31:02 [水果摊] 已解锁，当前等级：40级
Jan 07 01:31:02 [酒柜] 已解锁，当前等级：40级
Jan 07 01:31:02 发现限时商品1.5洗衣凝珠
Jan 07 01:31:02 
Jan 07 01:31:02 限时商品售卖结果:{"code":0,"data":{"bizCode":188,"bizMsg":"活动太火爆啦","success":false}}
Jan 07 01:31:02 
Jan 07 01:31:26 【京东账号1】
Jan 07 01:31:26 【收取小费】活动太火爆啦
Jan 07 01:31:26 【第5日签到】活动太火爆啦
Jan 07 01:31:26 【店铺等级】221
Jan 07 01:31:26 
Jan 07 01:31:26 
Jan 07 01:31:26 🔔东东超市, 结束! 🕛 25.132 秒
Jan 07 01:31:26 
Jan 07 03:31:01 
Jan 07 03:31:01 🔔东东超市, 开始!
Jan 07 03:31:01 
Jan 07 03:31:01 ====================共1个京东账号Cookie=========
Jan 07 03:31:01 
Jan 07 03:31:01 ==================脚本执行- 北京时间(UTC+8)：2022/1/7 上午3:31:01=====================
Jan 07 03:31:01 
Jan 07 03:31:01 共1个京东账号
Jan 07 03:31:01 
Jan 07 03:31:01 
Jan 07 03:31:01 开始【京东账号1】jd_739d55b768da0
Jan 07 03:31:01 
Jan 07 03:31:01 收取蓝币失败：活动太火爆啦
Jan 07 03:31:02 
Jan 07 03:31:02 注意⚠:东东超市抽奖已改版,花费500蓝币抽奖一次,现在脚本默认已关闭抽奖功能
Jan 07 03:31:02 
Jan 07 03:31:02 设置的为不抽奖
Jan 07 03:31:02 
Jan 07 03:31:02 [普通货架] 已解锁，当前等级：40级
Jan 07 03:31:02 [冰柜] 已解锁，当前等级：40级
Jan 07 03:31:02 [水果摊] 已解锁，当前等级：40级
Jan 07 03:31:02 [酒柜] 已解锁，当前等级：40级
Jan 07 03:31:02 发现限时商品1.5洗衣凝珠
Jan 07 03:31:02 
Jan 07 03:31:03 限时商品售卖结果:{"code":0,"data":{"bizCode":188,"bizMsg":"活动太火爆啦","success":false}}
Jan 07 03:31:03 
Jan 07 03:31:16 【京东账号1】
Jan 07 03:31:16 【收取小费】活动太火爆啦
Jan 07 03:31:16 【第5日签到】活动太火爆啦
Jan 07 03:31:16 【店铺等级】221
Jan 07 03:31:16 
Jan 07 03:31:16 
Jan 07 03:31:16 🔔东东超市, 结束! 🕛 14.951 秒
Jan 07 03:31:16 
Jan 07 05:31:00 
Jan 07 05:31:00 🔔东东超市, 开始!
Jan 07 05:31:00 
Jan 07 05:31:00 ====================共1个京东账号Cookie=========
Jan 07 05:31:00 
Jan 07 05:31:00 ==================脚本执行- 北京时间(UTC+8)：2022/1/7 上午5:31:00=====================
Jan 07 05:31:00 
Jan 07 05:31:00 共1个京东账号
Jan 07 05:31:00 
Jan 07 05:31:00 
Jan 07 05:31:00 开始【京东账号1】jd_739d55b768da0
Jan 07 05:31:00 
Jan 07 05:31:00 收取蓝币失败：活动太火爆啦
Jan 07 05:31:01 
Jan 07 05:31:01 注意⚠:东东超市抽奖已改版,花费500蓝币抽奖一次,现在脚本默认已关闭抽奖功能
Jan 07 05:31:01 
Jan 07 05:31:01 设置的为不抽奖
Jan 07 05:31:01 
Jan 07 05:31:01 [普通货架] 已解锁，当前等级：40级
Jan 07 05:31:01 [冰柜] 已解锁，当前等级：40级
Jan 07 05:31:01 [水果摊] 已解锁，当前等级：40级
Jan 07 05:31:01 [酒柜] 已解锁，当前等级：40级
Jan 07 05:31:01 发现限时商品1.5洗衣凝珠
Jan 07 05:31:01 
Jan 07 05:31:01 限时商品售卖结果:{"code":0,"data":{"bizCode":188,"bizMsg":"活动太火爆啦","success":false}}
Jan 07 05:31:01 
Jan 07 05:31:24 【京东账号1】
Jan 07 05:31:24 【收取小费】活动太火爆啦
Jan 07 05:31:24 【第5日签到】活动太火爆啦
Jan 07 05:31:24 【店铺等级】221
Jan 07 05:31:24 
Jan 07 05:31:24 
Jan 07 05:31:24 🔔东东超市, 结束! 🕛 24.6 秒
Jan 07 05:31:24 
Jan 07 07:31:00 
Jan 07 07:31:00 🔔东东超市, 开始!
Jan 07 07:31:00 
Jan 07 07:31:00 ====================共1个京东账号Cookie=========
Jan 07 07:31:00 
Jan 07 07:31:00 ==================脚本执行- 北京时间(UTC+8)：2022/1/7 上午7:31:00=====================
Jan 07 07:31:00 
Jan 07 07:31:00 共1个京东账号
Jan 07 07:31:00 
Jan 07 07:31:01 
Jan 07 07:31:01 开始【京东账号1】jd_739d55b768da0
Jan 07 07:31:01 
Jan 07 07:31:01 收取蓝币失败：活动太火爆啦
Jan 07 07:31:02 
Jan 07 07:31:02 注意⚠:东东超市抽奖已改版,花费500蓝币抽奖一次,现在脚本默认已关闭抽奖功能
Jan 07 07:31:02 
Jan 07 07:31:02 设置的为不抽奖
Jan 07 07:31:02 
Jan 07 07:31:02 [普通货架] 已解锁，当前等级：40级
Jan 07 07:31:02 [冰柜] 已解锁，当前等级：40级
Jan 07 07:31:02 [水果摊] 已解锁，当前等级：40级
Jan 07 07:31:02 [酒柜] 已解锁，当前等级：40级
Jan 07 07:31:02 发现限时商品1.5洗衣凝珠
Jan 07 07:31:02 
Jan 07 07:31:02 限时商品售卖结果:{"code":0,"data":{"bizCode":188,"bizMsg":"活动太火爆啦","success":false}}
Jan 07 07:31:02 
Jan 07 07:31:03 【京东账号1】
Jan 07 07:31:03 【收取小费】活动太火爆啦
Jan 07 07:31:03 【第5日签到】活动太火爆啦
Jan 07 07:31:03 【店铺等级】221
Jan 07 07:31:03 
Jan 07 07:31:03 
Jan 07 07:31:03 🔔东东超市, 结束! 🕛 3.337 秒
Jan 07 07:31:03 
Jan 07 09:31:00 
Jan 07 09:31:00 🔔东东超市, 开始!
Jan 07 09:31:00 
Jan 07 09:31:00 ====================共1个京东账号Cookie=========
Jan 07 09:31:00 
Jan 07 09:31:00 ==================脚本执行- 北京时间(UTC+8)：2022/1/7 上午9:31:00=====================
Jan 07 09:31:00 
Jan 07 09:31:00 共1个京东账号
Jan 07 09:31:00 
Jan 07 09:31:01 
Jan 07 09:31:01 开始【京东账号1】jd_739d55b768da0
Jan 07 09:31:01 
Jan 07 09:31:01 收取蓝币失败：活动太火爆啦
Jan 07 09:31:02 
Jan 07 09:31:02 注意⚠:东东超市抽奖已改版,花费500蓝币抽奖一次,现在脚本默认已关闭抽奖功能
Jan 07 09:31:02 
Jan 07 09:31:02 设置的为不抽奖
Jan 07 09:31:02 
Jan 07 09:31:02 [普通货架] 已解锁，当前等级：40级
Jan 07 09:31:02 [冰柜] 已解锁，当前等级：40级
Jan 07 09:31:02 [水果摊] 已解锁，当前等级：40级
Jan 07 09:31:02 [酒柜] 已解锁，当前等级：40级
Jan 07 09:31:02 发现限时商品1.5洗衣凝珠
Jan 07 09:31:02 
Jan 07 09:31:02 限时商品售卖结果:{"code":0,"data":{"bizCode":188,"bizMsg":"活动太火爆啦","success":false}}
Jan 07 09:31:02 
Jan 07 09:31:17 【京东账号1】
Jan 07 09:31:17 【收取小费】活动太火爆啦
Jan 07 09:31:17 【第5日签到】活动太火爆啦
Jan 07 09:31:17 【店铺等级】221
Jan 07 09:31:17 
Jan 07 09:31:17 
Jan 07 09:31:17 🔔东东超市, 结束! 🕛 17.364 秒
Jan 07 09:31:17 
Jan 07 11:31:00 
Jan 07 11:31:00 🔔东东超市, 开始!
Jan 07 11:31:00 
Jan 07 11:31:00 ====================共1个京东账号Cookie=========
Jan 07 11:31:00 
Jan 07 11:31:00 ==================脚本执行- 北京时间(UTC+8)：2022/1/7 上午11:31:00=====================
Jan 07 11:31:00 
Jan 07 11:31:00 共1个京东账号
Jan 07 11:31:00 
Jan 07 11:31:01 
Jan 07 11:31:01 开始【京东账号1】jd_739d55b768da0
Jan 07 11:31:01 
Jan 07 11:31:01 收取蓝币失败：活动太火爆啦
Jan 07 11:31:02 
Jan 07 11:31:02 注意⚠:东东超市抽奖已改版,花费500蓝币抽奖一次,现在脚本默认已关闭抽奖功能
Jan 07 11:31:02 
Jan 07 11:31:02 设置的为不抽奖
Jan 07 11:31:02 
Jan 07 11:31:02 [普通货架] 已解锁，当前等级：40级
Jan 07 11:31:02 [冰柜] 已解锁，当前等级：40级
Jan 07 11:31:02 [水果摊] 已解锁，当前等级：40级
Jan 07 11:31:02 [酒柜] 已解锁，当前等级：40级
Jan 07 11:31:02 发现限时商品1.5洗衣凝珠
Jan 07 11:31:02 
Jan 07 11:31:02 限时商品售卖结果:{"code":0,"data":{"bizCode":188,"bizMsg":"活动太火爆啦","success":false}}
Jan 07 11:31:02 
Jan 07 11:31:06 【京东账号1】
Jan 07 11:31:06 【收取小费】活动太火爆啦
Jan 07 11:31:06 【第5日签到】活动太火爆啦
Jan 07 11:31:06 【店铺等级】221
Jan 07 11:31:06 
Jan 07 11:31:06 
Jan 07 11:31:06 🔔东东超市, 结束! 🕛 6.234 秒
Jan 07 11:31:06 
Jan 07 13:31:00 
Jan 07 13:31:00 🔔东东超市, 开始!
Jan 07 13:31:00 
Jan 07 13:31:00 ====================共1个京东账号Cookie=========
Jan 07 13:31:00 
Jan 07 13:31:00 ==================脚本执行- 北京时间(UTC+8)：2022/1/7 下午1:31:00=====================
Jan 07 13:31:00 
Jan 07 13:31:00 共1个京东账号
Jan 07 13:31:00 
Jan 07 13:31:01 
Jan 07 13:31:01 开始【京东账号1】jd_739d55b768da0
Jan 07 13:31:01 
Jan 07 13:31:01 收取蓝币失败：活动太火爆啦
Jan 07 13:31:02 
Jan 07 13:31:02 注意⚠:东东超市抽奖已改版,花费500蓝币抽奖一次,现在脚本默认已关闭抽奖功能
Jan 07 13:31:02 
Jan 07 13:31:02 设置的为不抽奖
Jan 07 13:31:02 
Jan 07 13:31:02 [普通货架] 已解锁，当前等级：40级
Jan 07 13:31:02 [冰柜] 已解锁，当前等级：40级
Jan 07 13:31:02 [水果摊] 已解锁，当前等级：40级
Jan 07 13:31:02 [酒柜] 已解锁，当前等级：40级
Jan 07 13:31:02 发现限时商品1.5洗衣凝珠
Jan 07 13:31:02 
Jan 07 13:31:02 限时商品售卖结果:{"code":0,"data":{"bizCode":188,"bizMsg":"活动太火爆啦","success":false}}
Jan 07 13:31:02 
Jan 07 13:31:30 【京东账号1】
Jan 07 13:31:30 【收取小费】活动太火爆啦
Jan 07 13:31:30 【第5日签到】活动太火爆啦
Jan 07 13:31:30 【店铺等级】221
Jan 07 13:31:30 
Jan 07 13:31:30 
Jan 07 13:31:30 🔔东东超市, 结束! 🕛 29.66 秒
Jan 07 13:31:30 
Jan 07 15:31:00 
Jan 07 15:31:00 🔔东东超市, 开始!
Jan 07 15:31:01 
Jan 07 15:31:01 ====================共1个京东账号Cookie=========
Jan 07 15:31:01 
Jan 07 15:31:01 ==================脚本执行- 北京时间(UTC+8)：2022/1/7 下午3:31:01=====================
Jan 07 15:31:01 
Jan 07 15:31:01 共1个京东账号
Jan 07 15:31:01 
Jan 07 15:31:01 
Jan 07 15:31:01 开始【京东账号1】jd_739d55b768da0
Jan 07 15:31:01 
Jan 07 15:31:01 收取蓝币失败：活动太火爆啦
Jan 07 15:31:02 
Jan 07 15:31:02 注意⚠:东东超市抽奖已改版,花费500蓝币抽奖一次,现在脚本默认已关闭抽奖功能
Jan 07 15:31:02 
Jan 07 15:31:02 设置的为不抽奖
Jan 07 15:31:02 
Jan 07 15:31:02 [普通货架] 已解锁，当前等级：40级
Jan 07 15:31:02 [冰柜] 已解锁，当前等级：40级
Jan 07 15:31:02 [水果摊] 已解锁，当前等级：40级
Jan 07 15:31:02 [酒柜] 已解锁，当前等级：40级
Jan 07 15:31:02 发现限时商品1.5洗衣凝珠
Jan 07 15:31:02 
Jan 07 15:31:02 限时商品售卖结果:{"code":0,"data":{"bizCode":188,"bizMsg":"活动太火爆啦","success":false}}
Jan 07 15:31:02 
Jan 07 15:31:26 【京东账号1】
Jan 07 15:31:26 【收取小费】活动太火爆啦
Jan 07 15:31:26 【第5日签到】活动太火爆啦
Jan 07 15:31:26 【店铺等级】221
Jan 07 15:31:26 
Jan 07 15:31:26 
Jan 07 15:31:26 🔔东东超市, 结束! 🕛 25.622 秒
Jan 07 15:31:26 
Jan 07 17:31:01 
Jan 07 17:31:01 🔔东东超市, 开始!
Jan 07 17:31:01 
Jan 07 17:31:01 ====================共1个京东账号Cookie=========
Jan 07 17:31:01 
Jan 07 17:31:01 ==================脚本执行- 北京时间(UTC+8)：2022/1/7 下午5:31:01=====================
Jan 07 17:31:01 
Jan 07 17:31:01 共1个京东账号
Jan 07 17:31:01 
Jan 07 17:31:01 
Jan 07 17:31:01 开始【京东账号1】jd_739d55b768da0
Jan 07 17:31:01 
Jan 07 17:31:01 收取蓝币失败：活动太火爆啦
Jan 07 17:31:02 
Jan 07 17:31:02 注意⚠:东东超市抽奖已改版,花费500蓝币抽奖一次,现在脚本默认已关闭抽奖功能
Jan 07 17:31:02 
Jan 07 17:31:02 设置的为不抽奖
Jan 07 17:31:02 
Jan 07 17:31:02 [普通货架] 已解锁，当前等级：40级
Jan 07 17:31:02 [冰柜] 已解锁，当前等级：40级
Jan 07 17:31:02 [水果摊] 已解锁，当前等级：40级
Jan 07 17:31:02 [酒柜] 已解锁，当前等级：40级
Jan 07 17:31:02 发现限时商品1.5洗衣凝珠
Jan 07 17:31:02 
Jan 07 17:31:02 限时商品售卖结果:{"code":0,"data":{"bizCode":188,"bizMsg":"活动太火爆啦","success":false}}
Jan 07 17:31:02 
Jan 07 17:31:08 【京东账号1】
Jan 07 17:31:08 【收取小费】活动太火爆啦
Jan 07 17:31:08 【第5日签到】活动太火爆啦
Jan 07 17:31:08 【店铺等级】221
Jan 07 17:31:08 
Jan 07 17:31:08 
Jan 07 17:31:08 🔔东东超市, 结束! 🕛 7.401 秒
Jan 07 17:31:08 
Jan 07 19:31:00 
Jan 07 19:31:00 🔔东东超市, 开始!
Jan 07 19:31:00 
Jan 07 19:31:00 ====================共1个京东账号Cookie=========
Jan 07 19:31:00 
Jan 07 19:31:00 ==================脚本执行- 北京时间(UTC+8)：2022/1/7 下午7:31:00=====================
Jan 07 19:31:00 
Jan 07 19:31:00 共1个京东账号
Jan 07 19:31:00 
Jan 07 19:31:00 
Jan 07 19:31:00 开始【京东账号1】jd_739d55b768da0
Jan 07 19:31:00 
Jan 07 19:31:00 收取蓝币失败：活动太火爆啦
Jan 07 19:31:01 
Jan 07 19:31:01 注意⚠:东东超市抽奖已改版,花费500蓝币抽奖一次,现在脚本默认已关闭抽奖功能
Jan 07 19:31:01 
Jan 07 19:31:01 设置的为不抽奖
Jan 07 19:31:01 
Jan 07 19:31:01 [普通货架] 已解锁，当前等级：40级
Jan 07 19:31:01 [冰柜] 已解锁，当前等级：40级
Jan 07 19:31:01 [水果摊] 已解锁，当前等级：40级
Jan 07 19:31:01 [酒柜] 已解锁，当前等级：40级
Jan 07 19:31:01 发现限时商品1.5洗衣凝珠
Jan 07 19:31:01 
Jan 07 19:31:01 限时商品售卖结果:{"code":0,"data":{"bizCode":188,"bizMsg":"活动太火爆啦","success":false}}
Jan 07 19:31:01 
Jan 07 19:31:25 【京东账号1】
Jan 07 19:31:25 【收取小费】活动太火爆啦
Jan 07 19:31:25 【第5日签到】活动太火爆啦
Jan 07 19:31:25 【店铺等级】221
Jan 07 19:31:25 
Jan 07 19:31:25 
Jan 07 19:31:25 🔔东东超市, 结束! 🕛 25.474 秒
Jan 07 19:31:25 
Jan 07 21:31:00 
Jan 07 21:31:00 🔔东东超市, 开始!
Jan 07 21:31:00 
Jan 07 21:31:00 ====================共1个京东账号Cookie=========
Jan 07 21:31:00 
Jan 07 21:31:00 ==================脚本执行- 北京时间(UTC+8)：2022/1/7 下午9:31:00=====================
Jan 07 21:31:00 
Jan 07 21:31:00 共1个京东账号
Jan 07 21:31:00 
Jan 07 21:31:01 
Jan 07 21:31:01 开始【京东账号1】jd_739d55b768da0
Jan 07 21:31:01 
Jan 07 21:31:01 收取蓝币失败：活动太火爆啦
Jan 07 21:31:02 
Jan 07 21:31:02 注意⚠:东东超市抽奖已改版,花费500蓝币抽奖一次,现在脚本默认已关闭抽奖功能
Jan 07 21:31:02 
Jan 07 21:31:02 设置的为不抽奖
Jan 07 21:31:02 
Jan 07 21:31:02 [普通货架] 已解锁，当前等级：40级
Jan 07 21:31:02 [冰柜] 已解锁，当前等级：40级
Jan 07 21:31:02 [水果摊] 已解锁，当前等级：40级
Jan 07 21:31:02 [酒柜] 已解锁，当前等级：40级
Jan 07 21:31:02 发现限时商品1.5洗衣凝珠
Jan 07 21:31:02 
Jan 07 21:31:02 限时商品售卖结果:{"code":0,"data":{"bizCode":188,"bizMsg":"活动太火爆啦","success":false}}
Jan 07 21:31:02 
Jan 07 21:31:26 【京东账号1】
Jan 07 21:31:26 【收取小费】活动太火爆啦
Jan 07 21:31:26 【第5日签到】活动太火爆啦
Jan 07 21:31:26 【店铺等级】221
Jan 07 21:31:26 
Jan 07 21:31:26 
Jan 07 21:31:26 🔔东东超市, 结束! 🕛 25.964 秒
Jan 07 21:31:26 
Jan 07 23:31:00 
Jan 07 23:31:00 🔔东东超市, 开始!
Jan 07 23:31:00 
Jan 07 23:31:00 ====================共1个京东账号Cookie=========
Jan 07 23:31:00 
Jan 07 23:31:00 ==================脚本执行- 北京时间(UTC+8)：2022/1/7 下午11:31:00=====================
Jan 07 23:31:00 
Jan 07 23:31:00 共1个京东账号
Jan 07 23:31:00 
Jan 07 23:31:01 
Jan 07 23:31:01 开始【京东账号1】jd_739d55b768da0
Jan 07 23:31:01 
Jan 07 23:31:01 收取蓝币失败：活动太火爆啦
Jan 07 23:31:02 
Jan 07 23:31:02 注意⚠:东东超市抽奖已改版,花费500蓝币抽奖一次,现在脚本默认已关闭抽奖功能
Jan 07 23:31:02 
Jan 07 23:31:02 设置的为不抽奖
Jan 07 23:31:02 
Jan 07 23:31:02 [普通货架] 已解锁，当前等级：40级
Jan 07 23:31:02 [冰柜] 已解锁，当前等级：40级
Jan 07 23:31:02 [水果摊] 已解锁，当前等级：40级
Jan 07 23:31:02 [酒柜] 已解锁，当前等级：40级
Jan 07 23:31:02 发现限时商品1.5洗衣凝珠
Jan 07 23:31:02 
Jan 07 23:31:02 限时商品售卖结果:{"code":0,"data":{"bizCode":188,"bizMsg":"活动太火爆啦","success":false}}
Jan 07 23:31:02 
Jan 07 23:31:17 【京东账号1】
Jan 07 23:31:17 【收取小费】活动太火爆啦
Jan 07 23:31:17 【第5日签到】活动太火爆啦
Jan 07 23:31:17 【店铺等级】221
Jan 07 23:31:17 
Jan 07 23:31:17 
Jan 07 23:31:17 🔔东东超市, 结束! 🕛 16.652 秒
Jan 07 23:31:17 
Jan 08 00:31:00 
Jan 08 00:31:00 🔔东东超市, 开始!
Jan 08 00:31:00 
Jan 08 00:31:00 ====================共1个京东账号Cookie=========
Jan 08 00:31:00 
Jan 08 00:31:00 ==================脚本执行- 北京时间(UTC+8)：2022/1/8 上午12:31:00=====================
Jan 08 00:31:00 
Jan 08 00:31:00 共1个京东账号
Jan 08 00:31:00 
Jan 08 00:31:01 
Jan 08 00:31:01 开始【京东账号1】jd_739d55b768da0
Jan 08 00:31:01 
Jan 08 00:31:01 收取蓝币失败：活动太火爆啦
Jan 08 00:31:02 
Jan 08 00:31:02 注意⚠:东东超市抽奖已改版,花费500蓝币抽奖一次,现在脚本默认已关闭抽奖功能
Jan 08 00:31:02 
Jan 08 00:31:02 设置的为不抽奖
Jan 08 00:31:02 
Jan 08 00:31:02 [普通货架] 已解锁，当前等级：40级
Jan 08 00:31:02 [冰柜] 已解锁，当前等级：40级
Jan 08 00:31:02 [水果摊] 已解锁，当前等级：40级
Jan 08 00:31:02 [酒柜] 已解锁，当前等级：40级
Jan 08 00:31:02 发现限时商品1.5洗衣凝珠
Jan 08 00:31:02 
Jan 08 00:31:02 限时商品售卖结果:{"code":0,"data":{"bizCode":188,"bizMsg":"活动太火爆啦","success":false}}
Jan 08 00:31:02 
Jan 08 00:31:28 【京东账号1】
Jan 08 00:31:28 【收取小费】活动太火爆啦
Jan 08 00:31:28 【第6日签到】活动太火爆啦
Jan 08 00:31:28 【店铺等级】221
Jan 08 00:31:28 
Jan 08 00:31:28 
Jan 08 00:31:28 🔔东东超市, 结束! 🕛 27.743 秒
Jan 08 00:31:28 
Jan 08 01:31:00 
Jan 08 01:31:00 🔔东东超市, 开始!
Jan 08 01:31:00 
Jan 08 01:31:00 ====================共1个京东账号Cookie=========
Jan 08 01:31:00 
Jan 08 01:31:00 ==================脚本执行- 北京时间(UTC+8)：2022/1/8 上午1:31:00=====================
Jan 08 01:31:00 
Jan 08 01:31:00 共1个京东账号
Jan 08 01:31:00 
Jan 08 01:31:01 
Jan 08 01:31:01 开始【京东账号1】jd_739d55b768da0
Jan 08 01:31:01 
Jan 08 01:31:01 收取蓝币失败：活动太火爆啦
Jan 08 01:31:02 
Jan 08 01:31:02 注意⚠:东东超市抽奖已改版,花费500蓝币抽奖一次,现在脚本默认已关闭抽奖功能
Jan 08 01:31:02 
Jan 08 01:31:02 设置的为不抽奖
Jan 08 01:31:02 
Jan 08 01:31:02 [普通货架] 已解锁，当前等级：40级
Jan 08 01:31:02 [冰柜] 已解锁，当前等级：40级
Jan 08 01:31:02 [水果摊] 已解锁，当前等级：40级
Jan 08 01:31:02 [酒柜] 已解锁，当前等级：40级
Jan 08 01:31:02 发现限时商品1.5洗衣凝珠
Jan 08 01:31:02 
Jan 08 01:31:02 限时商品售卖结果:{"code":0,"data":{"bizCode":188,"bizMsg":"活动太火爆啦","success":false}}
Jan 08 01:31:02 
Jan 08 01:31:25 【京东账号1】
Jan 08 01:31:25 【收取小费】活动太火爆啦
Jan 08 01:31:25 【第6日签到】活动太火爆啦
Jan 08 01:31:25 【店铺等级】221
Jan 08 01:31:25 
Jan 08 01:31:25 
Jan 08 01:31:25 🔔东东超市, 结束! 🕛 25.067 秒
Jan 08 01:31:25 
Jan 08 03:31:00 
Jan 08 03:31:00 🔔东东超市, 开始!
Jan 08 03:31:00 
Jan 08 03:31:00 ====================共1个京东账号Cookie=========
Jan 08 03:31:00 
Jan 08 03:31:00 ==================脚本执行- 北京时间(UTC+8)：2022/1/8 上午3:31:00=====================
Jan 08 03:31:00 
Jan 08 03:31:00 共1个京东账号
Jan 08 03:31:00 
Jan 08 03:31:01 
Jan 08 03:31:01 开始【京东账号1】jd_739d55b768da0
Jan 08 03:31:01 
Jan 08 03:31:01 收取蓝币失败：活动太火爆啦
Jan 08 03:31:02 
Jan 08 03:31:02 注意⚠:东东超市抽奖已改版,花费500蓝币抽奖一次,现在脚本默认已关闭抽奖功能
Jan 08 03:31:02 
Jan 08 03:31:02 设置的为不抽奖
Jan 08 03:31:02 
Jan 08 03:31:02 [普通货架] 已解锁，当前等级：40级
Jan 08 03:31:02 [冰柜] 已解锁，当前等级：40级
Jan 08 03:31:02 [水果摊] 已解锁，当前等级：40级
Jan 08 03:31:02 [酒柜] 已解锁，当前等级：40级
Jan 08 03:31:02 发现限时商品1.5洗衣凝珠
Jan 08 03:31:02 
Jan 08 03:31:02 限时商品售卖结果:{"code":0,"data":{"bizCode":188,"bizMsg":"活动太火爆啦","success":false}}
Jan 08 03:31:02 
Jan 08 03:31:15 【京东账号1】
Jan 08 03:31:15 【收取小费】活动太火爆啦
Jan 08 03:31:15 【第6日签到】活动太火爆啦
Jan 08 03:31:15 【店铺等级】221
Jan 08 03:31:15 
Jan 08 03:31:15 
Jan 08 03:31:15 🔔东东超市, 结束! 🕛 15.031 秒
Jan 08 03:31:15 
Jan 08 05:31:01 
Jan 08 05:31:01 🔔东东超市, 开始!
Jan 08 05:31:01 
Jan 08 05:31:01 ====================共1个京东账号Cookie=========
Jan 08 05:31:01 
Jan 08 05:31:01 ==================脚本执行- 北京时间(UTC+8)：2022/1/8 上午5:31:01=====================
Jan 08 05:31:01 
Jan 08 05:31:01 共1个京东账号
Jan 08 05:31:01 
Jan 08 05:31:01 
Jan 08 05:31:01 开始【京东账号1】jd_739d55b768da0
Jan 08 05:31:01 
Jan 08 05:31:01 收取蓝币失败：活动太火爆啦
Jan 08 05:31:02 
Jan 08 05:31:02 注意⚠:东东超市抽奖已改版,花费500蓝币抽奖一次,现在脚本默认已关闭抽奖功能
Jan 08 05:31:02 
Jan 08 05:31:02 设置的为不抽奖
Jan 08 05:31:02 
Jan 08 05:31:02 [普通货架] 已解锁，当前等级：40级
Jan 08 05:31:02 [冰柜] 已解锁，当前等级：40级
Jan 08 05:31:02 [水果摊] 已解锁，当前等级：40级
Jan 08 05:31:02 [酒柜] 已解锁，当前等级：40级
Jan 08 05:31:02 发现限时商品1.5洗衣凝珠
Jan 08 05:31:02 
Jan 08 05:31:02 限时商品售卖结果:{"code":0,"data":{"bizCode":188,"bizMsg":"活动太火爆啦","success":false}}
Jan 08 05:31:02 
Jan 08 05:31:25 【京东账号1】
Jan 08 05:31:25 【收取小费】活动太火爆啦
Jan 08 05:31:25 【第6日签到】活动太火爆啦
Jan 08 05:31:25 【店铺等级】221
Jan 08 05:31:25 
Jan 08 05:31:25 
Jan 08 05:31:25 🔔东东超市, 结束! 🕛 24.689 秒
Jan 08 05:31:25 
Jan 08 07:31:01 
Jan 08 07:31:01 🔔东东超市, 开始!
Jan 08 07:31:01 
Jan 08 07:31:01 ====================共1个京东账号Cookie=========
Jan 08 07:31:01 
Jan 08 07:31:01 ==================脚本执行- 北京时间(UTC+8)：2022/1/8 上午7:31:01=====================
Jan 08 07:31:01 
Jan 08 07:31:01 共1个京东账号
Jan 08 07:31:01 
Jan 08 07:31:01 
Jan 08 07:31:01 开始【京东账号1】jd_739d55b768da0
Jan 08 07:31:01 
Jan 08 07:31:01 收取蓝币失败：活动太火爆啦
Jan 08 07:31:02 
Jan 08 07:31:02 注意⚠:东东超市抽奖已改版,花费500蓝币抽奖一次,现在脚本默认已关闭抽奖功能
Jan 08 07:31:02 
Jan 08 07:31:02 设置的为不抽奖
Jan 08 07:31:02 
Jan 08 07:31:02 [普通货架] 已解锁，当前等级：40级
Jan 08 07:31:02 [冰柜] 已解锁，当前等级：40级
Jan 08 07:31:02 [水果摊] 已解锁，当前等级：40级
Jan 08 07:31:02 [酒柜] 已解锁，当前等级：40级
Jan 08 07:31:02 发现限时商品1.5洗衣凝珠
Jan 08 07:31:02 
Jan 08 07:31:02 限时商品售卖结果:{"code":0,"data":{"bizCode":188,"bizMsg":"活动太火爆啦","success":false}}
Jan 08 07:31:02 
Jan 08 07:31:15 【京东账号1】
Jan 08 07:31:15 【收取小费】活动太火爆啦
Jan 08 07:31:15 【第6日签到】活动太火爆啦
Jan 08 07:31:15 【店铺等级】221
Jan 08 07:31:15 
Jan 08 07:31:15 
Jan 08 07:31:15 🔔东东超市, 结束! 🕛 13.829 秒
Jan 08 07:31:15 
Jan 08 09:31:00 
Jan 08 09:31:00 🔔东东超市, 开始!
Jan 08 09:31:00 
Jan 08 09:31:00 ====================共1个京东账号Cookie=========
Jan 08 09:31:00 
Jan 08 09:31:00 ==================脚本执行- 北京时间(UTC+8)：2022/1/8 上午9:31:00=====================
Jan 08 09:31:00 
Jan 08 09:31:00 共1个京东账号
Jan 08 09:31:00 
Jan 08 09:31:00 
Jan 08 09:31:00 开始【京东账号1】jd_739d55b768da0
Jan 08 09:31:00 
Jan 08 09:31:00 收取蓝币失败：活动太火爆啦
Jan 08 09:31:01 
Jan 08 09:31:01 注意⚠:东东超市抽奖已改版,花费500蓝币抽奖一次,现在脚本默认已关闭抽奖功能
Jan 08 09:31:01 
Jan 08 09:31:01 设置的为不抽奖
Jan 08 09:31:01 
Jan 08 09:31:01 [普通货架] 已解锁，当前等级：40级
Jan 08 09:31:01 [冰柜] 已解锁，当前等级：40级
Jan 08 09:31:01 [水果摊] 已解锁，当前等级：40级
Jan 08 09:31:01 [酒柜] 已解锁，当前等级：40级
Jan 08 09:31:01 发现限时商品1.5洗衣凝珠
Jan 08 09:31:01 
Jan 08 09:31:01 限时商品售卖结果:{"code":0,"data":{"bizCode":188,"bizMsg":"活动太火爆啦","success":false}}
Jan 08 09:31:01 
Jan 08 09:31:26 【京东账号1】
Jan 08 09:31:26 【收取小费】活动太火爆啦
Jan 08 09:31:26 【第6日签到】活动太火爆啦
Jan 08 09:31:26 【店铺等级】221
Jan 08 09:31:26 
Jan 08 09:31:26 
Jan 08 09:31:26 🔔东东超市, 结束! 🕛 25.952 秒
Jan 08 09:31:26 
Jan 08 11:31:00 
Jan 08 11:31:00 🔔东东超市, 开始!
Jan 08 11:31:00 
Jan 08 11:31:00 ====================共1个京东账号Cookie=========
Jan 08 11:31:00 
Jan 08 11:31:00 ==================脚本执行- 北京时间(UTC+8)：2022/1/8 上午11:31:00=====================
Jan 08 11:31:00 
Jan 08 11:31:00 共1个京东账号
Jan 08 11:31:00 
Jan 08 11:31:00 
Jan 08 11:31:00 开始【京东账号1】jd_739d55b768da0
Jan 08 11:31:00 
Jan 08 11:31:01 收取蓝币失败：活动太火爆啦
Jan 08 11:31:02 
Jan 08 11:31:02 注意⚠:东东超市抽奖已改版,花费500蓝币抽奖一次,现在脚本默认已关闭抽奖功能
Jan 08 11:31:02 
Jan 08 11:31:02 设置的为不抽奖
Jan 08 11:31:02 
Jan 08 11:31:02 [普通货架] 已解锁，当前等级：40级
Jan 08 11:31:02 [冰柜] 已解锁，当前等级：40级
Jan 08 11:31:02 [水果摊] 已解锁，当前等级：40级
Jan 08 11:31:02 [酒柜] 已解锁，当前等级：40级
Jan 08 11:31:02 发现限时商品1.5洗衣凝珠
Jan 08 11:31:02 
Jan 08 11:31:02 限时商品售卖结果:{"code":0,"data":{"bizCode":188,"bizMsg":"活动太火爆啦","success":false}}
Jan 08 11:31:02 
Jan 08 11:31:15 【京东账号1】
Jan 08 11:31:15 【收取小费】活动太火爆啦
Jan 08 11:31:15 【第6日签到】活动太火爆啦
Jan 08 11:31:15 【店铺等级】221
Jan 08 11:31:15 
Jan 08 11:31:15 
Jan 08 11:31:15 🔔东东超市, 结束! 🕛 15.439 秒
Jan 08 11:31:15 
Jan 08 13:31:00 
Jan 08 13:31:00 🔔东东超市, 开始!
Jan 08 13:31:00 
Jan 08 13:31:00 ====================共1个京东账号Cookie=========
Jan 08 13:31:00 
Jan 08 13:31:00 ==================脚本执行- 北京时间(UTC+8)：2022/1/8 下午1:31:00=====================
Jan 08 13:31:00 
Jan 08 13:31:00 共1个京东账号
Jan 08 13:31:00 
Jan 08 13:31:01 
Jan 08 13:31:01 开始【京东账号1】jd_739d55b768da0
Jan 08 13:31:01 
Jan 08 13:31:01 收取蓝币失败：活动太火爆啦
Jan 08 13:31:02 
Jan 08 13:31:02 注意⚠:东东超市抽奖已改版,花费500蓝币抽奖一次,现在脚本默认已关闭抽奖功能
Jan 08 13:31:02 
Jan 08 13:31:02 设置的为不抽奖
Jan 08 13:31:02 
Jan 08 13:31:02 [普通货架] 已解锁，当前等级：40级
Jan 08 13:31:02 [冰柜] 已解锁，当前等级：40级
Jan 08 13:31:02 [水果摊] 已解锁，当前等级：40级
Jan 08 13:31:02 [酒柜] 已解锁，当前等级：40级
Jan 08 13:31:02 发现限时商品1.5洗衣凝珠
Jan 08 13:31:02 
Jan 08 13:31:02 限时商品售卖结果:{"code":0,"data":{"bizCode":188,"bizMsg":"活动太火爆啦","success":false}}
Jan 08 13:31:02 
Jan 08 13:31:06 【京东账号1】
Jan 08 13:31:06 【收取小费】活动太火爆啦
Jan 08 13:31:06 【第6日签到】活动太火爆啦
Jan 08 13:31:06 【店铺等级】221
Jan 08 13:31:06 
Jan 08 13:31:06 
Jan 08 13:31:06 🔔东东超市, 结束! 🕛 5.935 秒
Jan 08 13:31:06 
Jan 08 15:31:00 
Jan 08 15:31:00 🔔东东超市, 开始!
Jan 08 15:31:00 
Jan 08 15:31:00 ====================共1个京东账号Cookie=========
Jan 08 15:31:00 
Jan 08 15:31:00 ==================脚本执行- 北京时间(UTC+8)：2022/1/8 下午3:31:00=====================
Jan 08 15:31:00 
Jan 08 15:31:00 共1个京东账号
Jan 08 15:31:00 
Jan 08 15:31:01 
Jan 08 15:31:01 开始【京东账号1】jd_739d55b768da0
Jan 08 15:31:01 
Jan 08 15:31:01 收取蓝币失败：活动太火爆啦
Jan 08 15:31:02 
Jan 08 15:31:02 注意⚠:东东超市抽奖已改版,花费500蓝币抽奖一次,现在脚本默认已关闭抽奖功能
Jan 08 15:31:02 
Jan 08 15:31:02 设置的为不抽奖
Jan 08 15:31:02 
Jan 08 15:31:02 [普通货架] 已解锁，当前等级：40级
Jan 08 15:31:02 [冰柜] 已解锁，当前等级：40级
Jan 08 15:31:02 [水果摊] 已解锁，当前等级：40级
Jan 08 15:31:02 [酒柜] 已解锁，当前等级：40级
Jan 08 15:31:02 发现限时商品1.5洗衣凝珠
Jan 08 15:31:02 
Jan 08 15:31:02 限时商品售卖结果:{"code":0,"data":{"bizCode":188,"bizMsg":"活动太火爆啦","success":false}}
Jan 08 15:31:02 
Jan 08 15:31:06 【京东账号1】
Jan 08 15:31:06 【收取小费】活动太火爆啦
Jan 08 15:31:06 【第6日签到】活动太火爆啦
Jan 08 15:31:06 【店铺等级】221
Jan 08 15:31:06 
Jan 08 15:31:06 
Jan 08 15:31:06 🔔东东超市, 结束! 🕛 5.288 秒
Jan 08 15:31:06 
Jan 08 17:31:00 
Jan 08 17:31:00 🔔东东超市, 开始!
Jan 08 17:31:00 
Jan 08 17:31:00 ====================共1个京东账号Cookie=========
Jan 08 17:31:00 
Jan 08 17:31:00 ==================脚本执行- 北京时间(UTC+8)：2022/1/8 下午5:31:00=====================
Jan 08 17:31:00 
Jan 08 17:31:00 共1个京东账号
Jan 08 17:31:00 
Jan 08 17:31:01 
Jan 08 17:31:01 开始【京东账号1】jd_739d55b768da0
Jan 08 17:31:01 
Jan 08 17:31:01 收取蓝币失败：活动太火爆啦
Jan 08 17:31:02 
Jan 08 17:31:02 注意⚠:东东超市抽奖已改版,花费500蓝币抽奖一次,现在脚本默认已关闭抽奖功能
Jan 08 17:31:02 
Jan 08 17:31:02 设置的为不抽奖
Jan 08 17:31:02 
Jan 08 17:31:02 [普通货架] 已解锁，当前等级：40级
Jan 08 17:31:02 [冰柜] 已解锁，当前等级：40级
Jan 08 17:31:02 [水果摊] 已解锁，当前等级：40级
Jan 08 17:31:02 [酒柜] 已解锁，当前等级：40级
Jan 08 17:31:02 发现限时商品1.5洗衣凝珠
Jan 08 17:31:02 
Jan 08 17:31:02 限时商品售卖结果:{"code":0,"data":{"bizCode":188,"bizMsg":"活动太火爆啦","success":false}}
Jan 08 17:31:02 
Jan 08 17:31:06 【京东账号1】
Jan 08 17:31:06 【收取小费】活动太火爆啦
Jan 08 17:31:06 【第6日签到】活动太火爆啦
Jan 08 17:31:06 【店铺等级】221
Jan 08 17:31:06 
Jan 08 17:31:06 
Jan 08 17:31:06 🔔东东超市, 结束! 🕛 6.037 秒
Jan 08 17:31:06 
Jan 08 19:31:01 
Jan 08 19:31:01 🔔东东超市, 开始!
Jan 08 19:31:01 
Jan 08 19:31:01 ====================共1个京东账号Cookie=========
Jan 08 19:31:01 
Jan 08 19:31:01 ==================脚本执行- 北京时间(UTC+8)：2022/1/8 下午7:31:01=====================
Jan 08 19:31:01 
Jan 08 19:31:01 共1个京东账号
Jan 08 19:31:01 
Jan 08 19:31:01 
Jan 08 19:31:01 开始【京东账号1】jd_739d55b768da0
Jan 08 19:31:01 
Jan 08 19:31:01 收取蓝币失败：活动太火爆啦
Jan 08 19:31:02 
Jan 08 19:31:02 注意⚠:东东超市抽奖已改版,花费500蓝币抽奖一次,现在脚本默认已关闭抽奖功能
Jan 08 19:31:02 
Jan 08 19:31:02 设置的为不抽奖
Jan 08 19:31:02 
Jan 08 19:31:02 [普通货架] 已解锁，当前等级：40级
Jan 08 19:31:02 [冰柜] 已解锁，当前等级：40级
Jan 08 19:31:02 [水果摊] 已解锁，当前等级：40级
Jan 08 19:31:02 [酒柜] 已解锁，当前等级：40级
Jan 08 19:31:02 发现限时商品1.5洗衣凝珠
Jan 08 19:31:02 
Jan 08 19:31:02 限时商品售卖结果:{"code":0,"data":{"bizCode":188,"bizMsg":"活动太火爆啦","success":false}}
Jan 08 19:31:02 
Jan 08 19:31:36 【京东账号1】
Jan 08 19:31:36 【收取小费】活动太火爆啦
Jan 08 19:31:36 【第6日签到】活动太火爆啦
Jan 08 19:31:36 【店铺等级】221
Jan 08 19:31:36 
Jan 08 19:31:36 
Jan 08 19:31:36 🔔东东超市, 结束! 🕛 35.808 秒
Jan 08 19:31:36 
Jan 08 21:31:01 
Jan 08 21:31:01 🔔东东超市, 开始!
Jan 08 21:31:01 
Jan 08 21:31:01 ====================共1个京东账号Cookie=========
Jan 08 21:31:01 
Jan 08 21:31:01 ==================脚本执行- 北京时间(UTC+8)：2022/1/8 下午9:31:01=====================
Jan 08 21:31:01 
Jan 08 21:31:01 共1个京东账号
Jan 08 21:31:01 
Jan 08 21:31:01 
Jan 08 21:31:01 开始【京东账号1】jd_739d55b768da0
Jan 08 21:31:01 
Jan 08 21:31:01 收取蓝币失败：活动太火爆啦
Jan 08 21:31:02 
Jan 08 21:31:02 注意⚠:东东超市抽奖已改版,花费500蓝币抽奖一次,现在脚本默认已关闭抽奖功能
Jan 08 21:31:02 
Jan 08 21:31:02 设置的为不抽奖
Jan 08 21:31:02 
Jan 08 21:31:02 [普通货架] 已解锁，当前等级：40级
Jan 08 21:31:02 [冰柜] 已解锁，当前等级：40级
Jan 08 21:31:02 [水果摊] 已解锁，当前等级：40级
Jan 08 21:31:02 [酒柜] 已解锁，当前等级：40级
Jan 08 21:31:02 发现限时商品1.5洗衣凝珠
Jan 08 21:31:02 
Jan 08 21:31:02 限时商品售卖结果:{"code":0,"data":{"bizCode":188,"bizMsg":"活动太火爆啦","success":false}}
Jan 08 21:31:02 
Jan 08 21:31:20 【京东账号1】
Jan 08 21:31:20 【收取小费】活动太火爆啦
Jan 08 21:31:20 【第6日签到】活动太火爆啦
Jan 08 21:31:20 【店铺等级】221
Jan 08 21:31:20 
Jan 08 21:31:20 
Jan 08 21:31:20 🔔东东超市, 结束! 🕛 19.13 秒
Jan 08 21:31:20 
Jan 08 23:31:00 
Jan 08 23:31:00 🔔东东超市, 开始!
Jan 08 23:31:00 
Jan 08 23:31:00 ====================共1个京东账号Cookie=========
Jan 08 23:31:00 
Jan 08 23:31:00 ==================脚本执行- 北京时间(UTC+8)：2022/1/8 下午11:31:00=====================
Jan 08 23:31:00 
Jan 08 23:31:00 共1个京东账号
Jan 08 23:31:00 
Jan 08 23:31:00 
Jan 08 23:31:00 开始【京东账号1】jd_739d55b768da0
Jan 08 23:31:00 
Jan 08 23:31:00 收取蓝币失败：活动太火爆啦
Jan 08 23:31:01 
Jan 08 23:31:01 注意⚠:东东超市抽奖已改版,花费500蓝币抽奖一次,现在脚本默认已关闭抽奖功能
Jan 08 23:31:01 
Jan 08 23:31:01 设置的为不抽奖
Jan 08 23:31:01 
Jan 08 23:31:01 [普通货架] 已解锁，当前等级：40级
Jan 08 23:31:01 [冰柜] 已解锁，当前等级：40级
Jan 08 23:31:01 [水果摊] 已解锁，当前等级：40级
Jan 08 23:31:01 [酒柜] 已解锁，当前等级：40级
Jan 08 23:31:01 发现限时商品1.5洗衣凝珠
Jan 08 23:31:01 
Jan 08 23:31:01 限时商品售卖结果:{"code":0,"data":{"bizCode":188,"bizMsg":"活动太火爆啦","success":false}}
Jan 08 23:31:01 
Jan 08 23:31:27 【京东账号1】
Jan 08 23:31:27 【收取小费】活动太火爆啦
Jan 08 23:31:27 【第6日签到】活动太火爆啦
Jan 08 23:31:27 【店铺等级】221
Jan 08 23:31:27 
Jan 08 23:31:27 
Jan 08 23:31:27 🔔东东超市, 结束! 🕛 26.861 秒
Jan 08 23:31:27 
Jan 09 00:31:00 
Jan 09 00:31:00 🔔东东超市, 开始!
Jan 09 00:31:00 
Jan 09 00:31:00 ====================共1个京东账号Cookie=========
Jan 09 00:31:00 
Jan 09 00:31:00 ==================脚本执行- 北京时间(UTC+8)：2022/1/9 上午12:31:00=====================
Jan 09 00:31:00 
Jan 09 00:31:00 共1个京东账号
Jan 09 00:31:00 
Jan 09 00:31:00 
Jan 09 00:31:00 开始【京东账号1】jd_739d55b768da0
Jan 09 00:31:00 
Jan 09 00:31:01 收取蓝币失败：活动太火爆啦
Jan 09 00:31:01 
Jan 09 00:31:01 注意⚠:东东超市抽奖已改版,花费500蓝币抽奖一次,现在脚本默认已关闭抽奖功能
Jan 09 00:31:01 
Jan 09 00:31:01 设置的为不抽奖
Jan 09 00:31:01 
Jan 09 00:31:02 [普通货架] 已解锁，当前等级：40级
Jan 09 00:31:02 [冰柜] 已解锁，当前等级：40级
Jan 09 00:31:02 [水果摊] 已解锁，当前等级：40级
Jan 09 00:31:02 [酒柜] 已解锁，当前等级：40级
Jan 09 00:31:02 发现限时商品1.5洗衣凝珠
Jan 09 00:31:02 
Jan 09 00:31:02 限时商品售卖结果:{"code":0,"data":{"bizCode":188,"bizMsg":"活动太火爆啦","success":false}}
Jan 09 00:31:02 
Jan 09 00:31:04 【京东账号1】
Jan 09 00:31:04 【收取小费】活动太火爆啦
Jan 09 00:31:04 【第7日签到】活动太火爆啦
Jan 09 00:31:04 【店铺等级】221
Jan 09 00:31:04 
Jan 09 00:31:04 
Jan 09 00:31:04 🔔东东超市, 结束! 🕛 3.851 秒
Jan 09 00:31:04 
Jan 09 01:31:00 
Jan 09 01:31:00 🔔东东超市, 开始!
Jan 09 01:31:00 
Jan 09 01:31:00 ====================共1个京东账号Cookie=========
Jan 09 01:31:00 
Jan 09 01:31:00 ==================脚本执行- 北京时间(UTC+8)：2022/1/9 上午1:31:00=====================
Jan 09 01:31:00 
Jan 09 01:31:00 共1个京东账号
Jan 09 01:31:00 
Jan 09 01:31:01 
Jan 09 01:31:01 开始【京东账号1】jd_739d55b768da0
Jan 09 01:31:01 
Jan 09 01:31:01 收取蓝币失败：活动太火爆啦
Jan 09 01:31:02 
Jan 09 01:31:02 注意⚠:东东超市抽奖已改版,花费500蓝币抽奖一次,现在脚本默认已关闭抽奖功能
Jan 09 01:31:02 
Jan 09 01:31:02 设置的为不抽奖
Jan 09 01:31:02 
Jan 09 01:31:02 [普通货架] 已解锁，当前等级：40级
Jan 09 01:31:02 [冰柜] 已解锁，当前等级：40级
Jan 09 01:31:02 [水果摊] 已解锁，当前等级：40级
Jan 09 01:31:02 [酒柜] 已解锁，当前等级：40级
Jan 09 01:31:02 发现限时商品1.5洗衣凝珠
Jan 09 01:31:02 
Jan 09 01:31:02 限时商品售卖结果:{"code":0,"data":{"bizCode":188,"bizMsg":"活动太火爆啦","success":false}}
Jan 09 01:31:02 
Jan 09 01:31:26 【京东账号1】
Jan 09 01:31:26 【收取小费】活动太火爆啦
Jan 09 01:31:26 【第7日签到】活动太火爆啦
Jan 09 01:31:26 【店铺等级】221
Jan 09 01:31:26 
Jan 09 01:31:26 
Jan 09 01:31:26 🔔东东超市, 结束! 🕛 26.3 秒
Jan 09 01:31:26 
Jan 09 03:31:00 
Jan 09 03:31:00 🔔东东超市, 开始!
Jan 09 03:31:00 
Jan 09 03:31:00 ====================共1个京东账号Cookie=========
Jan 09 03:31:00 
Jan 09 03:31:00 ==================脚本执行- 北京时间(UTC+8)：2022/1/9 上午3:31:00=====================
Jan 09 03:31:00 
Jan 09 03:31:00 共1个京东账号
Jan 09 03:31:00 
Jan 09 03:31:01 
Jan 09 03:31:01 开始【京东账号1】jd_739d55b768da0
Jan 09 03:31:01 
Jan 09 03:31:01 收取蓝币失败：活动太火爆啦
Jan 09 03:31:02 
Jan 09 03:31:02 注意⚠:东东超市抽奖已改版,花费500蓝币抽奖一次,现在脚本默认已关闭抽奖功能
Jan 09 03:31:02 
Jan 09 03:31:02 设置的为不抽奖
Jan 09 03:31:02 
Jan 09 03:31:02 [普通货架] 已解锁，当前等级：40级
Jan 09 03:31:02 [冰柜] 已解锁，当前等级：40级
Jan 09 03:31:02 [水果摊] 已解锁，当前等级：40级
Jan 09 03:31:02 [酒柜] 已解锁，当前等级：40级
Jan 09 03:31:02 发现限时商品1.5洗衣凝珠
Jan 09 03:31:02 
Jan 09 03:31:02 限时商品售卖结果:{"code":0,"data":{"bizCode":188,"bizMsg":"活动太火爆啦","success":false}}
Jan 09 03:31:02 
Jan 09 03:31:14 【京东账号1】
Jan 09 03:31:14 【收取小费】活动太火爆啦
Jan 09 03:31:14 【第7日签到】活动太火爆啦
Jan 09 03:31:14 【店铺等级】221
Jan 09 03:31:14 
Jan 09 03:31:14 
Jan 09 03:31:14 🔔东东超市, 结束! 🕛 13.96 秒
Jan 09 03:31:14 
Jan 09 05:31:00 
Jan 09 05:31:00 🔔东东超市, 开始!
Jan 09 05:31:00 
Jan 09 05:31:00 ====================共1个京东账号Cookie=========
Jan 09 05:31:00 
Jan 09 05:31:00 ==================脚本执行- 北京时间(UTC+8)：2022/1/9 上午5:31:00=====================
Jan 09 05:31:00 
Jan 09 05:31:00 共1个京东账号
Jan 09 05:31:00 
Jan 09 05:31:01 
Jan 09 05:31:01 开始【京东账号1】jd_739d55b768da0
Jan 09 05:31:01 
Jan 09 05:31:02 收取蓝币失败：活动太火爆啦
Jan 09 05:31:02 
Jan 09 05:31:02 注意⚠:东东超市抽奖已改版,花费500蓝币抽奖一次,现在脚本默认已关闭抽奖功能
Jan 09 05:31:02 
Jan 09 05:31:02 设置的为不抽奖
Jan 09 05:31:02 
Jan 09 05:31:03 [普通货架] 已解锁，当前等级：40级
Jan 09 05:31:03 [冰柜] 已解锁，当前等级：40级
Jan 09 05:31:03 [水果摊] 已解锁，当前等级：40级
Jan 09 05:31:03 [酒柜] 已解锁，当前等级：40级
Jan 09 05:31:03 发现限时商品1.5洗衣凝珠
Jan 09 05:31:03 
Jan 09 05:31:03 限时商品售卖结果:{"code":0,"data":{"bizCode":188,"bizMsg":"活动太火爆啦","success":false}}
Jan 09 05:31:03 
Jan 09 05:31:04 【京东账号1】
Jan 09 05:31:04 【收取小费】活动太火爆啦
Jan 09 05:31:04 【第7日签到】活动太火爆啦
Jan 09 05:31:04 【店铺等级】221
Jan 09 05:31:04 
Jan 09 05:31:04 
Jan 09 05:31:04 🔔东东超市, 结束! 🕛 3.67 秒
Jan 09 05:31:04 
Jan 09 07:31:00 
Jan 09 07:31:00 🔔东东超市, 开始!
Jan 09 07:31:00 
Jan 09 07:31:00 ====================共1个京东账号Cookie=========
Jan 09 07:31:00 
Jan 09 07:31:01 ==================脚本执行- 北京时间(UTC+8)：2022/1/9 上午7:31:00=====================
Jan 09 07:31:01 
Jan 09 07:31:01 共1个京东账号
Jan 09 07:31:01 
Jan 09 07:31:01 
Jan 09 07:31:01 开始【京东账号1】jd_739d55b768da0
Jan 09 07:31:01 
Jan 09 07:31:01 收取蓝币失败：活动太火爆啦
Jan 09 07:31:02 
Jan 09 07:31:02 注意⚠:东东超市抽奖已改版,花费500蓝币抽奖一次,现在脚本默认已关闭抽奖功能
Jan 09 07:31:02 
Jan 09 07:31:02 设置的为不抽奖
Jan 09 07:31:02 
Jan 09 07:31:02 [普通货架] 已解锁，当前等级：40级
Jan 09 07:31:02 [冰柜] 已解锁，当前等级：40级
Jan 09 07:31:02 [水果摊] 已解锁，当前等级：40级
Jan 09 07:31:02 [酒柜] 已解锁，当前等级：40级
Jan 09 07:31:02 发现限时商品1.5洗衣凝珠
Jan 09 07:31:02 
Jan 09 07:31:02 限时商品售卖结果:{"code":0,"data":{"bizCode":188,"bizMsg":"活动太火爆啦","success":false}}
Jan 09 07:31:02 
Jan 09 07:31:15 【京东账号1】
Jan 09 07:31:15 【收取小费】活动太火爆啦
Jan 09 07:31:15 【第7日签到】活动太火爆啦
Jan 09 07:31:15 【店铺等级】221
Jan 09 07:31:15 
Jan 09 07:31:15 
Jan 09 07:31:15 🔔东东超市, 结束! 🕛 14.821 秒
Jan 09 07:31:15 
Jan 09 09:31:01 
Jan 09 09:31:01 🔔东东超市, 开始!
Jan 09 09:31:01 
Jan 09 09:31:01 ====================共1个京东账号Cookie=========
Jan 09 09:31:01 
Jan 09 09:31:01 ==================脚本执行- 北京时间(UTC+8)：2022/1/9 上午9:31:01=====================
Jan 09 09:31:01 
Jan 09 09:31:01 共1个京东账号
Jan 09 09:31:01 
Jan 09 09:31:01 
Jan 09 09:31:01 开始【京东账号1】jd_739d55b768da0
Jan 09 09:31:01 
Jan 09 09:31:01 收取蓝币失败：活动太火爆啦
Jan 09 09:31:02 
Jan 09 09:31:02 注意⚠:东东超市抽奖已改版,花费500蓝币抽奖一次,现在脚本默认已关闭抽奖功能
Jan 09 09:31:02 
Jan 09 09:31:02 设置的为不抽奖
Jan 09 09:31:02 
Jan 09 09:31:02 [普通货架] 已解锁，当前等级：40级
Jan 09 09:31:02 [冰柜] 已解锁，当前等级：40级
Jan 09 09:31:02 [水果摊] 已解锁，当前等级：40级
Jan 09 09:31:02 [酒柜] 已解锁，当前等级：40级
Jan 09 09:31:02 发现限时商品1.5洗衣凝珠
Jan 09 09:31:02 
Jan 09 09:31:02 限时商品售卖结果:{"code":0,"data":{"bizCode":188,"bizMsg":"活动太火爆啦","success":false}}
Jan 09 09:31:02 
Jan 09 09:31:16 【京东账号1】
Jan 09 09:31:16 【收取小费】活动太火爆啦
Jan 09 09:31:16 【第7日签到】活动太火爆啦
Jan 09 09:31:16 【店铺等级】221
Jan 09 09:31:16 
Jan 09 09:31:16 
Jan 09 09:31:16 🔔东东超市, 结束! 🕛 15.59 秒
Jan 09 09:31:16 
Jan 09 11:31:00 
Jan 09 11:31:00 🔔东东超市, 开始!
Jan 09 11:31:00 
Jan 09 11:31:00 ====================共1个京东账号Cookie=========
Jan 09 11:31:00 
Jan 09 11:31:00 ==================脚本执行- 北京时间(UTC+8)：2022/1/9 上午11:31:00=====================
Jan 09 11:31:00 
Jan 09 11:31:00 共1个京东账号
Jan 09 11:31:00 
Jan 09 11:31:00 
Jan 09 11:31:00 开始【京东账号1】jd_739d55b768da0
Jan 09 11:31:00 
Jan 09 11:31:00 收取蓝币失败：活动太火爆啦
Jan 09 11:31:01 
Jan 09 11:31:01 注意⚠:东东超市抽奖已改版,花费500蓝币抽奖一次,现在脚本默认已关闭抽奖功能
Jan 09 11:31:01 
Jan 09 11:31:01 设置的为不抽奖
Jan 09 11:31:01 
Jan 09 11:31:01 [普通货架] 已解锁，当前等级：40级
Jan 09 11:31:01 [冰柜] 已解锁，当前等级：40级
Jan 09 11:31:01 [水果摊] 已解锁，当前等级：40级
Jan 09 11:31:01 [酒柜] 已解锁，当前等级：40级
Jan 09 11:31:01 发现限时商品1.5洗衣凝珠
Jan 09 11:31:01 
Jan 09 11:31:01 限时商品售卖结果:{"code":0,"data":{"bizCode":188,"bizMsg":"活动太火爆啦","success":false}}
Jan 09 11:31:01 
Jan 09 11:31:15 【京东账号1】
Jan 09 11:31:15 【收取小费】活动太火爆啦
Jan 09 11:31:15 【第7日签到】活动太火爆啦
Jan 09 11:31:15 【店铺等级】221
Jan 09 11:31:15 
Jan 09 11:31:15 
Jan 09 11:31:15 🔔东东超市, 结束! 🕛 15.705 秒
Jan 09 11:31:15 
Jan 09 13:31:00 
Jan 09 13:31:00 🔔东东超市, 开始!
Jan 09 13:31:00 
Jan 09 13:31:00 ====================共1个京东账号Cookie=========
Jan 09 13:31:00 
Jan 09 13:31:00 ==================脚本执行- 北京时间(UTC+8)：2022/1/9 下午1:31:00=====================
Jan 09 13:31:00 
Jan 09 13:31:00 共1个京东账号
Jan 09 13:31:00 
Jan 09 13:31:00 
Jan 09 13:31:00 开始【京东账号1】jd_739d55b768da0
Jan 09 13:31:00 
Jan 09 13:31:01 收取蓝币失败：活动太火爆啦
Jan 09 13:31:01 
Jan 09 13:31:01 注意⚠:东东超市抽奖已改版,花费500蓝币抽奖一次,现在脚本默认已关闭抽奖功能
Jan 09 13:31:01 
Jan 09 13:31:01 设置的为不抽奖
Jan 09 13:31:01 
Jan 09 13:31:01 [普通货架] 已解锁，当前等级：40级
Jan 09 13:31:01 [冰柜] 已解锁，当前等级：40级
Jan 09 13:31:01 [水果摊] 已解锁，当前等级：40级
Jan 09 13:31:01 [酒柜] 已解锁，当前等级：40级
Jan 09 13:31:01 发现限时商品1.5洗衣凝珠
Jan 09 13:31:01 
Jan 09 13:31:02 限时商品售卖结果:{"code":0,"data":{"bizCode":188,"bizMsg":"活动太火爆啦","success":false}}
Jan 09 13:31:02 
Jan 09 13:31:30 【京东账号1】
Jan 09 13:31:30 【收取小费】活动太火爆啦
Jan 09 13:31:30 【第7日签到】活动太火爆啦
Jan 09 13:31:30 【店铺等级】221
Jan 09 13:31:30 
Jan 09 13:31:30 
Jan 09 13:31:30 🔔东东超市, 结束! 🕛 30.298 秒
Jan 09 13:31:30 
Jan 09 15:31:00 
Jan 09 15:31:00 🔔东东超市, 开始!
Jan 09 15:31:00 
Jan 09 15:31:00 ====================共1个京东账号Cookie=========
Jan 09 15:31:00 
Jan 09 15:31:00 ==================脚本执行- 北京时间(UTC+8)：2022/1/9 下午3:31:00=====================
Jan 09 15:31:00 
Jan 09 15:31:00 共1个京东账号
Jan 09 15:31:00 
Jan 09 15:31:01 
Jan 09 15:31:01 开始【京东账号1】jd_739d55b768da0
Jan 09 15:31:01 
Jan 09 15:31:01 收取蓝币失败：活动太火爆啦
Jan 09 15:31:02 
Jan 09 15:31:02 注意⚠:东东超市抽奖已改版,花费500蓝币抽奖一次,现在脚本默认已关闭抽奖功能
Jan 09 15:31:02 
Jan 09 15:31:02 设置的为不抽奖
Jan 09 15:31:02 
Jan 09 15:31:02 [普通货架] 已解锁，当前等级：40级
Jan 09 15:31:02 [冰柜] 已解锁，当前等级：40级
Jan 09 15:31:02 [水果摊] 已解锁，当前等级：40级
Jan 09 15:31:02 [酒柜] 已解锁，当前等级：40级
Jan 09 15:31:02 发现限时商品1.5洗衣凝珠
Jan 09 15:31:02 
Jan 09 15:31:02 限时商品售卖结果:{"code":0,"data":{"bizCode":188,"bizMsg":"活动太火爆啦","success":false}}
Jan 09 15:31:02 
Jan 09 15:31:04 【京东账号1】
Jan 09 15:31:04 【收取小费】活动太火爆啦
Jan 09 15:31:04 【第7日签到】活动太火爆啦
Jan 09 15:31:04 【店铺等级】221
Jan 09 15:31:04 
Jan 09 15:31:04 
Jan 09 15:31:04 🔔东东超市, 结束! 🕛 4.481 秒
Jan 09 15:31:04 
Jan 09 17:31:00 
Jan 09 17:31:00 🔔东东超市, 开始!
Jan 09 17:31:00 
Jan 09 17:31:00 ====================共1个京东账号Cookie=========
Jan 09 17:31:00 
Jan 09 17:31:00 ==================脚本执行- 北京时间(UTC+8)：2022/1/9 下午5:31:00=====================
Jan 09 17:31:00 
Jan 09 17:31:00 共1个京东账号
Jan 09 17:31:00 
Jan 09 17:31:01 
Jan 09 17:31:01 开始【京东账号1】jd_739d55b768da0
Jan 09 17:31:01 
Jan 09 17:31:01 收取蓝币失败：活动太火爆啦
Jan 09 17:31:02 
Jan 09 17:31:02 注意⚠:东东超市抽奖已改版,花费500蓝币抽奖一次,现在脚本默认已关闭抽奖功能
Jan 09 17:31:02 
Jan 09 17:31:02 设置的为不抽奖
Jan 09 17:31:02 
Jan 09 17:31:02 [普通货架] 已解锁，当前等级：40级
Jan 09 17:31:02 [冰柜] 已解锁，当前等级：40级
Jan 09 17:31:02 [水果摊] 已解锁，当前等级：40级
Jan 09 17:31:02 [酒柜] 已解锁，当前等级：40级
Jan 09 17:31:02 发现限时商品1.5洗衣凝珠
Jan 09 17:31:02 
Jan 09 17:31:02 限时商品售卖结果:{"code":0,"data":{"bizCode":188,"bizMsg":"活动太火爆啦","success":false}}
Jan 09 17:31:02 
Jan 09 17:31:16 【京东账号1】
Jan 09 17:31:16 【收取小费】活动太火爆啦
Jan 09 17:31:16 【第7日签到】活动太火爆啦
Jan 09 17:31:16 【店铺等级】221
Jan 09 17:31:16 
Jan 09 17:31:16 
Jan 09 17:31:16 🔔东东超市, 结束! 🕛 15.617 秒
Jan 09 17:31:16 
Jan 09 19:31:00 
Jan 09 19:31:00 🔔东东超市, 开始!
Jan 09 19:31:00 
Jan 09 19:31:00 ====================共1个京东账号Cookie=========
Jan 09 19:31:00 
Jan 09 19:31:00 ==================脚本执行- 北京时间(UTC+8)：2022/1/9 下午7:31:00=====================
Jan 09 19:31:00 
Jan 09 19:31:00 共1个京东账号
Jan 09 19:31:00 
Jan 09 19:31:01 
Jan 09 19:31:01 开始【京东账号1】jd_739d55b768da0
Jan 09 19:31:01 
Jan 09 19:31:01 收取蓝币失败：活动太火爆啦
Jan 09 19:31:02 
Jan 09 19:31:02 注意⚠:东东超市抽奖已改版,花费500蓝币抽奖一次,现在脚本默认已关闭抽奖功能
Jan 09 19:31:02 
Jan 09 19:31:02 设置的为不抽奖
Jan 09 19:31:02 
Jan 09 19:31:02 [普通货架] 已解锁，当前等级：40级
Jan 09 19:31:02 [冰柜] 已解锁，当前等级：40级
Jan 09 19:31:02 [水果摊] 已解锁，当前等级：40级
Jan 09 19:31:02 [酒柜] 已解锁，当前等级：40级
Jan 09 19:31:02 发现限时商品1.5洗衣凝珠
Jan 09 19:31:02 
Jan 09 19:31:02 限时商品售卖结果:{"code":0,"data":{"bizCode":188,"bizMsg":"活动太火爆啦","success":false}}
Jan 09 19:31:02 
Jan 09 19:31:19 【京东账号1】
Jan 09 19:31:19 【收取小费】活动太火爆啦
Jan 09 19:31:19 【第7日签到】活动太火爆啦
Jan 09 19:31:19 【店铺等级】221
Jan 09 19:31:19 
Jan 09 19:31:19 
Jan 09 19:31:19 🔔东东超市, 结束! 🕛 18.637 秒
Jan 09 19:31:19 
Jan 09 21:31:00 
Jan 09 21:31:00 🔔东东超市, 开始!
Jan 09 21:31:00 
Jan 09 21:31:00 ====================共1个京东账号Cookie=========
Jan 09 21:31:00 
Jan 09 21:31:01 ==================脚本执行- 北京时间(UTC+8)：2022/1/9 下午9:31:00=====================
Jan 09 21:31:01 
Jan 09 21:31:01 共1个京东账号
Jan 09 21:31:01 
Jan 09 21:31:01 
Jan 09 21:31:01 开始【京东账号1】jd_739d55b768da0
Jan 09 21:31:01 
Jan 09 21:31:01 收取蓝币失败：活动太火爆啦
Jan 09 21:31:02 
Jan 09 21:31:02 注意⚠:东东超市抽奖已改版,花费500蓝币抽奖一次,现在脚本默认已关闭抽奖功能
Jan 09 21:31:02 
Jan 09 21:31:02 设置的为不抽奖
Jan 09 21:31:02 
Jan 09 21:31:02 [普通货架] 已解锁，当前等级：40级
Jan 09 21:31:02 [冰柜] 已解锁，当前等级：40级
Jan 09 21:31:02 [水果摊] 已解锁，当前等级：40级
Jan 09 21:31:02 [酒柜] 已解锁，当前等级：40级
Jan 09 21:31:02 发现限时商品1.5洗衣凝珠
Jan 09 21:31:02 
Jan 09 21:31:02 限时商品售卖结果:{"code":0,"data":{"bizCode":188,"bizMsg":"活动太火爆啦","success":false}}
Jan 09 21:31:02 
Jan 09 21:31:31 【京东账号1】
Jan 09 21:31:31 【收取小费】活动太火爆啦
Jan 09 21:31:31 【第7日签到】活动太火爆啦
Jan 09 21:31:31 【店铺等级】221
Jan 09 21:31:31 
Jan 09 21:31:31 
Jan 09 21:31:31 🔔东东超市, 结束! 🕛 30.076 秒
Jan 09 21:31:31 
