Jan 07 00:06:01 
Jan 07 00:06:01 🔔进店领豆, 开始!
Jan 07 00:06:01 
Jan 07 00:06:01 ====================共1个京东账号Cookie=========
Jan 07 00:06:01 
Jan 07 00:06:01 ==================脚本执行- 北京时间(UTC+8)：2022/1/7 上午12:06:01=====================
Jan 07 00:06:01 
Jan 07 00:06:03 
Jan 07 00:06:03 开始【京东账号1】jd_187425zqg
Jan 07 00:06:03 
Jan 07 00:06:04 暂时没有匹配的任务噢~
Jan 07 00:06:04 
Jan 07 00:06:04 
Jan 07 00:06:04 ==============📣系统通知📣==============
Jan 07 00:06:04 进店领豆
Jan 07 00:06:04 京东账号 1 jd_187425zqg
Jan 07 00:06:04 暂时没有匹配的任务噢~
Jan 07 00:06:04 
Jan 07 00:06:04 🔔进店领豆, 结束! 🕛 2.737 秒
Jan 07 00:06:04 
Jan 08 00:06:01 
Jan 08 00:06:01 🔔进店领豆, 开始!
Jan 08 00:06:01 
Jan 08 00:06:01 ====================共1个京东账号Cookie=========
Jan 08 00:06:01 
Jan 08 00:06:01 ==================脚本执行- 北京时间(UTC+8)：2022/1/8 上午12:06:01=====================
Jan 08 00:06:01 
Jan 08 00:06:03 
Jan 08 00:06:03 开始【京东账号1】jd_739d55b768da0
Jan 08 00:06:03 
Jan 08 00:06:03 暂时没有匹配的任务噢~
Jan 08 00:06:03 
Jan 08 00:06:03 
Jan 08 00:06:03 ==============📣系统通知📣==============
Jan 08 00:06:03 进店领豆
Jan 08 00:06:03 京东账号 1 jd_739d55b768da0
Jan 08 00:06:03 暂时没有匹配的任务噢~
Jan 08 00:06:03 
Jan 08 00:06:03 🔔进店领豆, 结束! 🕛 2.634 秒
Jan 08 00:06:03 
Jan 09 00:06:01 
Jan 09 00:06:01 🔔进店领豆, 开始!
Jan 09 00:06:01 
Jan 09 00:06:01 ====================共1个京东账号Cookie=========
Jan 09 00:06:01 
Jan 09 00:06:01 ==================脚本执行- 北京时间(UTC+8)：2022/1/9 上午12:06:01=====================
Jan 09 00:06:01 
Jan 09 00:06:03 
Jan 09 00:06:03 开始【京东账号1】jd_187425zqg
Jan 09 00:06:03 
Jan 09 00:06:03 暂时没有匹配的任务噢~
Jan 09 00:06:03 
Jan 09 00:06:03 
Jan 09 00:06:03 ==============📣系统通知📣==============
Jan 09 00:06:03 进店领豆
Jan 09 00:06:03 京东账号 1 jd_187425zqg
Jan 09 00:06:03 暂时没有匹配的任务噢~
Jan 09 00:06:04 
Jan 09 00:06:04 🔔进店领豆, 结束! 🕛 2.888 秒
Jan 09 00:06:04 
