Jan 07 01:23:00 
Jan 07 01:23:00 🔔领京豆额外奖励, 开始!
Jan 07 01:23:00 
Jan 07 01:23:00 ====================共1个京东账号Cookie=========
Jan 07 01:23:00 
Jan 07 01:23:00 ==================脚本执行- 北京时间(UTC+8)：2022/1/7 上午1:23:00=====================
Jan 07 01:23:00 
Jan 07 01:23:35 
Jan 07 01:23:35 ******开始【京东账号1】153*****330_p*********
Jan 07 01:23:35 
Jan 07 01:23:36 任务完成进度：1/3
Jan 07 01:23:39 任务完成进度：2/3
Jan 07 01:23:42 任务完成进度：3/3
Jan 07 01:23:46 领奖成功，获得 1 个京豆
Jan 07 01:23:49 完成任务成功，进度1/4
Jan 07 01:23:52 完成任务成功，进度2/4
Jan 07 01:23:55 完成任务成功，进度3/4
Jan 07 01:23:58 完成任务成功，进度4/4
Jan 07 01:24:01 领奖成功，获得 2 个京豆
Jan 07 01:24:01 强制开启新版领京豆结果:{"code":"0","errorCode":"SI404","errorMessage":"已经初始化过了~"}
Jan 07 01:24:01 
Jan 07 01:24:01 早起福利领取成功：领取成功~
Jan 07 01:24:03 当前等级:7 下一级可领取:60京豆
Jan 07 01:24:06 去做[双签领豆]双签领豆
Jan 07 01:24:08 完成任务，获得+2成长值
Jan 07 01:24:08 去做[种豆得豆]种豆得豆
Jan 07 01:24:10 完成任务，获得+2成长值
Jan 07 01:24:10 去做[超值好货]年度账单
Jan 07 01:24:18 完成任务，获得+5成长值
Jan 07 01:24:18 去做[惊喜福利]惊喜福利
Jan 07 01:24:23 完成任务，获得+2成长值
Jan 07 01:24:23 去做[边玩边赚]赢锦鲤红包
Jan 07 01:24:30 完成任务，获得+5成长值
Jan 07 01:24:32 去做[惊喜福利]兑权益
Jan 07 01:24:38 完成任务，获得+2成长值
Jan 07 01:24:42 [双签领豆]已做完
Jan 07 01:24:42 [种豆得豆]已做完
Jan 07 01:24:42 [超值好货]已做完
Jan 07 01:24:42 [惊喜福利]已做完
Jan 07 01:24:42 [边玩边赚]已做完
Jan 07 01:24:42 
Jan 07 01:24:42 ==============📣系统通知📣==============
Jan 07 01:24:42 领京豆额外奖励
Jan 07 01:24:42 【京东账号1】153*****330_p
Jan 07 01:24:42 领奖成功，获得 1 个京豆
Jan 07 01:24:42 领奖成功，获得 2 个京豆
Jan 07 01:24:42 
Jan 07 01:24:42 
Jan 07 01:24:42 【抢京豆】18055698302_p 去帮助作者
Jan 07 01:24:42 
Jan 07 01:24:42 🔔领京豆额外奖励, 结束! 🕛 101.793 秒
Jan 07 01:24:42 
Jan 07 12:23:00 
Jan 07 12:23:00 🔔领京豆额外奖励, 开始!
Jan 07 12:23:00 
Jan 07 12:23:00 ====================共1个京东账号Cookie=========
Jan 07 12:23:00 
Jan 07 12:23:00 ==================脚本执行- 北京时间(UTC+8)：2022/1/7 下午12:23:00=====================
Jan 07 12:23:00 
Jan 07 12:23:03 
Jan 07 12:23:03 ******开始【京东账号1】153*****330_p*********
Jan 07 12:23:03 
Jan 07 12:23:08 领奖失败，今天该任务类型已经领过奖了~
Jan 07 12:23:10 领奖失败，今天该任务类型已经领过奖了~
Jan 07 12:23:10 强制开启新版领京豆结果:{"code":"0","errorCode":"SI404","errorMessage":"已经初始化过了~"}
Jan 07 12:23:10 
Jan 07 12:23:10 早起福利领取失败：已经领取了~
Jan 07 12:23:12 当前等级:7 下一级可领取:60京豆
Jan 07 12:23:17 [双签领豆]已做完
Jan 07 12:23:17 [种豆得豆]已做完
Jan 07 12:23:17 [超值好货]已做完
Jan 07 12:23:17 [惊喜福利]已做完
Jan 07 12:23:17 [边玩边赚]已做完
Jan 07 12:23:17 
Jan 07 12:23:17 【抢京豆】18055698302_p 去帮助作者
Jan 07 12:23:17 
Jan 07 12:23:17 🔔领京豆额外奖励, 结束! 🕛 16.772 秒
Jan 07 12:23:17 
Jan 07 22:23:00 
Jan 07 22:23:00 🔔领京豆额外奖励, 开始!
Jan 07 22:23:00 
Jan 07 22:23:00 ====================共1个京东账号Cookie=========
Jan 07 22:23:00 
Jan 07 22:23:00 ==================脚本执行- 北京时间(UTC+8)：2022/1/7 下午10:23:00=====================
Jan 07 22:23:00 
Jan 07 22:23:25 
Jan 07 22:23:25 ******开始【京东账号1】153*****330_p*********
Jan 07 22:23:25 
Jan 07 22:23:29 领奖失败，今天该任务类型已经领过奖了~
Jan 07 22:23:32 领奖失败，今天该任务类型已经领过奖了~
Jan 07 22:23:32 强制开启新版领京豆结果:{"code":"0","errorCode":"SI404","errorMessage":"已经初始化过了~"}
Jan 07 22:23:32 
Jan 07 22:23:32 早起福利领取失败：已经领取了~
Jan 07 22:23:33 当前等级:7 下一级可领取:60京豆
Jan 07 22:23:39 [双签领豆]已做完
Jan 07 22:23:39 [种豆得豆]已做完
Jan 07 22:23:39 [超值好货]已做完
Jan 07 22:23:39 [惊喜福利]已做完
Jan 07 22:23:39 [边玩边赚]已做完
Jan 07 22:23:39 
Jan 07 22:23:39 【抢京豆】18055698302_p 去帮助作者
Jan 07 22:23:39 
Jan 07 22:23:39 🔔领京豆额外奖励, 结束! 🕛 39.076 秒
Jan 07 22:23:39 
Jan 08 01:23:00 
Jan 08 01:23:00 🔔领京豆额外奖励, 开始!
Jan 08 01:23:00 
Jan 08 01:23:00 ====================共1个京东账号Cookie=========
Jan 08 01:23:00 
Jan 08 01:23:00 ==================脚本执行- 北京时间(UTC+8)：2022/1/8 上午1:23:00=====================
Jan 08 01:23:00 
Jan 08 01:23:01 
Jan 08 01:23:01 ******开始【京东账号1】153*****330_p*********
Jan 08 01:23:01 
Jan 08 01:23:01 任务完成进度：1/3
Jan 08 01:23:04 任务完成进度：2/3
Jan 08 01:23:07 任务完成进度：3/3
Jan 08 01:23:12 领奖成功，获得 1 个京豆
Jan 08 01:23:14 完成任务成功，进度1/4
Jan 08 01:23:17 完成任务成功，进度2/4
Jan 08 01:23:20 完成任务成功，进度3/4
Jan 08 01:23:24 完成任务成功，进度4/4
Jan 08 01:23:27 领奖成功，获得 2 个京豆
Jan 08 01:23:27 强制开启新版领京豆结果:{"code":"0","errorCode":"SI404","errorMessage":"已经初始化过了~"}
Jan 08 01:23:27 
Jan 08 01:23:27 早起福利领取成功：领取成功~
Jan 08 01:23:28 当前等级:7 下一级可领取:60京豆
Jan 08 01:23:32 去做[双签领豆]双签领豆
Jan 08 01:23:34 完成任务，获得+2成长值
Jan 08 01:23:34 去做[种豆得豆]种豆得豆
Jan 08 01:23:36 完成任务，获得+2成长值
Jan 08 01:23:36 去做[超值好货]年度账单
Jan 08 01:23:43 完成任务，获得+5成长值
Jan 08 01:23:43 去做[惊喜福利]惊喜福利
Jan 08 01:23:48 完成任务，获得+2成长值
Jan 08 01:23:48 去做[边玩边赚]赢锦鲤红包
Jan 08 01:23:56 完成任务，获得+5成长值
Jan 08 01:23:58 去做[惊喜福利]兑权益
Jan 08 01:24:03 完成任务，获得+2成长值
Jan 08 01:24:07 [双签领豆]已做完
Jan 08 01:24:07 [种豆得豆]已做完
Jan 08 01:24:07 [超值好货]已做完
Jan 08 01:24:07 [惊喜福利]已做完
Jan 08 01:24:07 [边玩边赚]已做完
Jan 08 01:24:07 
Jan 08 01:24:07 ==============📣系统通知📣==============
Jan 08 01:24:07 领京豆额外奖励
Jan 08 01:24:07 【京东账号1】153*****330_p
Jan 08 01:24:07 领奖成功，获得 1 个京豆
Jan 08 01:24:07 领奖成功，获得 2 个京豆
Jan 08 01:24:07 
Jan 08 01:24:07 
Jan 08 01:24:07 【抢京豆】18055698302_p 去帮助作者
Jan 08 01:24:07 
Jan 08 01:24:07 🔔领京豆额外奖励, 结束! 🕛 67.538 秒
Jan 08 01:24:07 
Jan 08 12:23:00 
Jan 08 12:23:00 🔔领京豆额外奖励, 开始!
Jan 08 12:23:00 
Jan 08 12:23:00 ====================共1个京东账号Cookie=========
Jan 08 12:23:00 
Jan 08 12:23:00 ==================脚本执行- 北京时间(UTC+8)：2022/1/8 下午12:23:00=====================
Jan 08 12:23:00 
Jan 08 12:23:36 
Jan 08 12:23:36 ******开始【京东账号1】153*****330_p*********
Jan 08 12:23:36 
Jan 08 12:23:40 领奖失败，今天该任务类型已经领过奖了~
Jan 08 12:23:43 领奖失败，今天该任务类型已经领过奖了~
Jan 08 12:23:43 强制开启新版领京豆结果:{"code":"0","errorCode":"SI404","errorMessage":"已经初始化过了~"}
Jan 08 12:23:43 
Jan 08 12:23:43 早起福利领取失败：已经领取了~
Jan 08 12:23:44 当前等级:7 下一级可领取:60京豆
Jan 08 12:23:50 [双签领豆]已做完
Jan 08 12:23:50 [种豆得豆]已做完
Jan 08 12:23:50 [超值好货]已做完
Jan 08 12:23:50 [惊喜福利]已做完
Jan 08 12:23:50 [边玩边赚]已做完
Jan 08 12:23:50 
Jan 08 12:23:50 【抢京豆】18055698302_p 去帮助作者
Jan 08 12:23:50 
Jan 08 12:23:50 🔔领京豆额外奖励, 结束! 🕛 49.769 秒
Jan 08 12:23:50 
Jan 08 22:23:01 
Jan 08 22:23:01 🔔领京豆额外奖励, 开始!
Jan 08 22:23:01 
Jan 08 22:23:01 ====================共1个京东账号Cookie=========
Jan 08 22:23:01 
Jan 08 22:23:01 ==================脚本执行- 北京时间(UTC+8)：2022/1/8 下午10:23:01=====================
Jan 08 22:23:01 
Jan 08 22:23:04 
Jan 08 22:23:04 ******开始【京东账号1】153*****330_p*********
Jan 08 22:23:04 
Jan 08 22:23:08 领奖失败，今天该任务类型已经领过奖了~
Jan 08 22:23:10 领奖失败，今天该任务类型已经领过奖了~
Jan 08 22:23:11 强制开启新版领京豆结果:{"code":"0","errorCode":"SI404","errorMessage":"已经初始化过了~"}
Jan 08 22:23:11 
Jan 08 22:23:11 早起福利领取失败：已经领取了~
Jan 08 22:23:12 当前等级:7 下一级可领取:60京豆
Jan 08 22:23:17 [双签领豆]已做完
Jan 08 22:23:17 [种豆得豆]已做完
Jan 08 22:23:17 [超值好货]已做完
Jan 08 22:23:17 [惊喜福利]已做完
Jan 08 22:23:17 [边玩边赚]已做完
Jan 08 22:23:17 
Jan 08 22:23:17 【抢京豆】18055698302_p 去帮助作者
Jan 08 22:23:17 
Jan 08 22:23:17 🔔领京豆额外奖励, 结束! 🕛 16.308 秒
Jan 08 22:23:17 
Jan 09 01:23:00 
Jan 09 01:23:00 🔔领京豆额外奖励, 开始!
Jan 09 01:23:00 
Jan 09 01:23:00 ====================共1个京东账号Cookie=========
Jan 09 01:23:00 
Jan 09 01:23:00 ==================脚本执行- 北京时间(UTC+8)：2022/1/9 上午1:23:00=====================
Jan 09 01:23:00 
Jan 09 01:23:12 
Jan 09 01:23:12 ******开始【京东账号1】153*****330_p*********
Jan 09 01:23:12 
Jan 09 01:23:12 任务完成进度：1/3
Jan 09 01:23:15 任务完成进度：2/3
Jan 09 01:23:18 任务完成进度：3/3
Jan 09 01:23:22 领奖成功，获得 1 个京豆
Jan 09 01:23:25 完成任务成功，进度1/4
Jan 09 01:23:28 完成任务成功，进度2/4
Jan 09 01:23:31 完成任务成功，进度3/4
Jan 09 01:23:34 完成任务成功，进度4/4
Jan 09 01:23:38 领奖成功，获得 2 个京豆
Jan 09 01:23:38 强制开启新版领京豆结果:{"code":"0","errorCode":"SI404","errorMessage":"已经初始化过了~"}
Jan 09 01:23:38 
Jan 09 01:23:38 早起福利领取成功：领取成功~
Jan 09 01:23:39 当前等级:7 下一级可领取:60京豆
Jan 09 01:23:42 去做[双签领豆]双签领豆
Jan 09 01:23:45 完成任务，获得+2成长值
Jan 09 01:23:45 去做[种豆得豆]种豆得豆
Jan 09 01:23:47 完成任务，获得+2成长值
Jan 09 01:23:47 去做[超值好货]鱼跃健康盛典
Jan 09 01:23:54 完成任务，获得+5成长值
Jan 09 01:23:54 去做[逛一逛精选活动]健康暖心年礼
Jan 09 01:24:01 完成任务，获得+5成长值
Jan 09 01:24:01 去做[惊喜福利]惊喜福利
Jan 09 01:24:07 完成任务，获得+2成长值
Jan 09 01:24:07 去做[边玩边赚]赢锦鲤红包
Jan 09 01:24:14 完成任务，获得+5成长值
Jan 09 01:24:16 去做[逛一逛精选活动]小米12震撼上市
Jan 09 01:24:23 完成任务，获得+5成长值
Jan 09 01:24:23 去做[惊喜福利]兑权益
Jan 09 01:24:29 完成任务，获得+2成长值
Jan 09 01:24:31 去做[逛一逛精选活动]健康护航
Jan 09 01:24:38 完成任务，获得+5成长值
Jan 09 01:24:40 去做[逛一逛精选活动]服饰
Jan 09 01:24:48 完成任务，获得+5成长值
Jan 09 01:24:52 [双签领豆]已做完
Jan 09 01:24:52 [种豆得豆]已做完
Jan 09 01:24:52 [超值好货]已做完
Jan 09 01:24:52 [逛一逛精选活动]已做完
Jan 09 01:24:52 [惊喜福利]已做完
Jan 09 01:24:52 [边玩边赚]已做完
Jan 09 01:24:52 
Jan 09 01:24:52 ==============📣系统通知📣==============
Jan 09 01:24:52 领京豆额外奖励
Jan 09 01:24:52 【京东账号1】153*****330_p
Jan 09 01:24:52 领奖成功，获得 1 个京豆
Jan 09 01:24:52 领奖成功，获得 2 个京豆
Jan 09 01:24:52 
Jan 09 01:24:52 
Jan 09 01:24:52 【抢京豆】18055698302_p 去帮助作者
Jan 09 01:24:52 
Jan 09 01:24:52 🔔领京豆额外奖励, 结束! 🕛 112.237 秒
Jan 09 01:24:52 
Jan 09 12:23:01 
Jan 09 12:23:01 🔔领京豆额外奖励, 开始!
Jan 09 12:23:01 
Jan 09 12:23:01 ====================共1个京东账号Cookie=========
Jan 09 12:23:01 
Jan 09 12:23:01 ==================脚本执行- 北京时间(UTC+8)：2022/1/9 下午12:23:01=====================
Jan 09 12:23:01 
Jan 09 12:23:03 
Jan 09 12:23:03 ******开始【京东账号1】18055698302_p*********
Jan 09 12:23:03 
Jan 09 12:23:07 领奖失败，今天该任务类型已经领过奖了~
Jan 09 12:23:10 领奖失败，今天该任务类型已经领过奖了~
Jan 09 12:23:10 强制开启新版领京豆结果:{"code":"0","errorCode":"SI404","errorMessage":"已经初始化过了~"}
Jan 09 12:23:10 
Jan 09 12:23:10 早起福利领取失败：已经领取了~
Jan 09 12:23:11 当前等级:7 下一级可领取:60京豆
Jan 09 12:23:17 [双签领豆]已做完
Jan 09 12:23:17 [种豆得豆]已做完
Jan 09 12:23:17 [超值好货]已做完
Jan 09 12:23:17 [逛一逛精选活动]已做完
Jan 09 12:23:17 [惊喜福利]已做完
Jan 09 12:23:17 [边玩边赚]已做完
Jan 09 12:23:17 
Jan 09 12:23:17 【抢京豆】18055698302_p 去帮助作者
Jan 09 12:23:17 【抢京豆】去助力好友undefined
Jan 09 12:23:17 助力异常:{"code":"1","errorMessage":"参数错误"}
Jan 09 12:23:17 
Jan 09 12:23:17 【抢京豆】去助力好友undefined
Jan 09 12:23:17 助力异常:{"code":"1","errorMessage":"参数错误"}
Jan 09 12:23:17 
Jan 09 12:23:17 【抢京豆】去助力好友undefined
Jan 09 12:23:17 助力异常:{"code":"1","errorMessage":"参数错误"}
Jan 09 12:23:17 
Jan 09 12:23:17 【抢京豆】去助力好友undefined
Jan 09 12:23:17 助力异常:{"code":"1","errorMessage":"参数错误"}
Jan 09 12:23:17 
Jan 09 12:23:17 【抢京豆】去助力好友undefined
Jan 09 12:23:17 助力异常:{"code":"1","errorMessage":"参数错误"}
Jan 09 12:23:17 
Jan 09 12:23:17 【抢京豆】去助力好友undefined
Jan 09 12:23:17 助力异常:{"code":"1","errorMessage":"参数错误"}
Jan 09 12:23:17 
Jan 09 12:23:17 【抢京豆】去助力好友undefined
Jan 09 12:23:18 助力异常:{"code":"1","errorMessage":"参数错误"}
Jan 09 12:23:18 
Jan 09 12:23:18 【抢京豆】去助力好友undefined
Jan 09 12:23:18 助力异常:{"code":"1","errorMessage":"参数错误"}
Jan 09 12:23:18 
Jan 09 12:23:18 【抢京豆】去助力好友undefined
Jan 09 12:23:18 助力异常:{"code":"1","errorMessage":"参数错误"}
Jan 09 12:23:18 
Jan 09 12:23:18 【抢京豆】去助力好友undefined
Jan 09 12:23:18 助力异常:{"code":"1","errorMessage":"参数错误"}
Jan 09 12:23:18 
Jan 09 12:23:18 【抢京豆】去助力好友undefined
Jan 09 12:23:18 助力异常:{"code":"1","errorMessage":"参数错误"}
Jan 09 12:23:18 
Jan 09 12:23:18 【抢京豆】去助力好友undefined
Jan 09 12:23:18 助力异常:{"code":"1","errorMessage":"参数错误"}
Jan 09 12:23:18 
Jan 09 12:23:18 【抢京豆】去助力好友undefined
Jan 09 12:23:18 助力异常:{"code":"1","errorMessage":"参数错误"}
Jan 09 12:23:18 
Jan 09 12:23:18 【抢京豆】去助力好友undefined
Jan 09 12:23:18 助力异常:{"code":"1","errorMessage":"参数错误"}
Jan 09 12:23:18 
Jan 09 12:23:18 
Jan 09 12:23:18 🔔领京豆额外奖励, 结束! 🕛 17.449 秒
Jan 09 12:23:18 
