Jan 07 00:00:01 
Jan 07 00:00:01 🔔京东汽车, 开始!
Jan 07 00:00:01 
Jan 07 00:00:01 ====================共1个京东账号Cookie=========
Jan 07 00:00:01 
Jan 07 00:00:02 ==================脚本执行- 北京时间(UTC+8)：2022/1/7 上午12:00:01=====================
Jan 07 00:00:02 
Jan 07 00:00:06 
Jan 07 00:00:06 ******开始【京东账号1】153*****330_p*********
Jan 07 00:00:06 
Jan 07 00:00:17 活动太火爆了，看看其他活动吧。
Jan 07 00:00:37 活动太火爆了，看看其他活动吧。
Jan 07 00:01:06 "Response code 400 (Bad Request)"
Jan 07 00:01:06 京东汽车 API请求失败，请检查网路重试
Jan 07 00:01:36 活动太火爆了，看看其他活动吧。
Jan 07 00:01:36 
Jan 07 00:01:36 ==============📣系统通知📣==============
Jan 07 00:01:36 京东汽车
Jan 07 00:01:36 【京东账号1】153*****330_p
Jan 07 00:01:36 签到失败，活动太火爆了，看看其他活动吧。
Jan 07 00:01:36 签到失败，活动太火爆了，看看其他活动吧。
Jan 07 00:01:36 
Jan 07 00:01:36 
Jan 07 00:01:36 🔔京东汽车, 结束! 🕛 95.14 秒
Jan 07 00:01:36 
Jan 08 00:00:01 
Jan 08 00:00:01 🔔京东汽车, 开始!
Jan 08 00:00:01 
Jan 08 00:00:01 ====================共1个京东账号Cookie=========
Jan 08 00:00:01 
Jan 08 00:00:02 ==================脚本执行- 北京时间(UTC+8)：2022/1/8 上午12:00:01=====================
Jan 08 00:00:02 
Jan 08 00:00:05 
Jan 08 00:00:05 ******开始【京东账号1】18055698302_p*********
Jan 08 00:00:05 
Jan 08 00:00:16 活动太火爆了，看看其他活动吧。
Jan 08 00:00:41 活动太火爆了，看看其他活动吧。
Jan 08 00:01:13 "Response code 400 (Bad Request)"
Jan 08 00:01:13 京东汽车 API请求失败，请检查网路重试
Jan 08 00:01:47 活动太火爆了，看看其他活动吧。
Jan 08 00:01:47 
Jan 08 00:01:47 ==============📣系统通知📣==============
Jan 08 00:01:47 京东汽车
Jan 08 00:01:47 【京东账号1】18055698302_p
Jan 08 00:01:47 签到失败，活动太火爆了，看看其他活动吧。
Jan 08 00:01:47 签到失败，活动太火爆了，看看其他活动吧。
Jan 08 00:01:47 
Jan 08 00:01:47 
Jan 08 00:01:47 🔔京东汽车, 结束! 🕛 105.71 秒
Jan 08 00:01:47 
Jan 09 00:00:03 
Jan 09 00:00:03 🔔京东汽车, 开始!
Jan 09 00:00:03 
Jan 09 00:00:03 ====================共1个京东账号Cookie=========
Jan 09 00:00:03 
Jan 09 00:00:03 ==================脚本执行- 北京时间(UTC+8)：2022/1/9 上午12:00:03=====================
Jan 09 00:00:03 
Jan 09 00:00:06 
Jan 09 00:00:06 ******开始【京东账号1】18055698302_p*********
Jan 09 00:00:06 
Jan 09 00:00:23 活动太火爆了，看看其他活动吧。
Jan 09 00:00:39 活动太火爆了，看看其他活动吧。
Jan 09 00:01:13 "Response code 400 (Bad Request)"
Jan 09 00:01:13 京东汽车 API请求失败，请检查网路重试
Jan 09 00:01:42 活动太火爆了，看看其他活动吧。
Jan 09 00:01:42 
Jan 09 00:01:42 ==============📣系统通知📣==============
Jan 09 00:01:42 京东汽车
Jan 09 00:01:42 【京东账号1】18055698302_p
Jan 09 00:01:42 签到失败，活动太火爆了，看看其他活动吧。
Jan 09 00:01:42 签到失败，活动太火爆了，看看其他活动吧。
Jan 09 00:01:42 
Jan 09 00:01:42 
Jan 09 00:01:42 🔔京东汽车, 结束! 🕛 99.096 秒
Jan 09 00:01:42 
