Jan 09 03:00:00 
Jan 09 03:00:00 🔔城城领现金, 开始!
Jan 09 03:00:00 
Jan 09 03:00:00 ====================共1个京东账号Cookie=========
Jan 09 03:00:00 
Jan 09 03:00:00 ==================脚本执行- 北京时间(UTC+8)：2022/1/9 上午3:00:00=====================
Jan 09 03:00:00 
Jan 09 03:00:00 脚本不会自动抽奖，建议活动快结束开启，默认关闭(在10.29日自动开启抽奖),如需自动抽奖请设置环境变量  JD_CITY_EXCHANGE 为true
Jan 09 03:00:00 
Jan 09 03:00:00 ******开始【京东账号1】153*****330_p*********
Jan 09 03:00:00 
Jan 09 03:00:00 【京东账号1（18055698302_p）的城城领现金好友互助码】oeD7XKkKb2xAYxCrCpeJ9y8YcyJN
Jan 09 03:00:00 剩余金额：8.00
Jan 09 03:00:02 
Jan 09 03:00:02 第1个京东账号将要助力的好友["oeD7XKkKb2xAYxCrCpeJ9y8YcyJN","-ryUXatZM2ZBZxbNH9jF9Hcgpj3LgC6O","-ryUXa8IYG1Ca0DBQo_Dog8z6g4JgbB-","5Yf-XqgLY21DNhDFH9nBu-Xw0trebxk","_LG-E6UFbmwPLxKIBsq14w","qOD_UaUFYmwPLxKIBsq14w","oeD9UaQEYm1CYRGrCpeJ95PhSEZ5","5LelEP1SZ2VBZ16ISpeJ5sAU","-ryUXf4EbmVFYxbMTNiX8d8SMLU-zIlA","-ryUXvgIYW1AYhLEGNzG8rDe06ZjSquB","-ryUXPpYMDYWYhDHT9uXo7M7JjmXGCWd","ryUX_9aNDZBZxDETNLDpiPMmSlktk3r","-ryUXKkNNzARYxTGS4nE9iCT-D-Gl-4Y","-ryUXf0KMzJBYhuSSI6W_i-wEExFSTPn","-ryUXfkMbjdAMRXGQtLEo6ZGAvr14kEE","RtGKz-2iEw_1eYSSQ9Bl3rpv4NXxa2v-kfXqOGGfk6Mpg-l7Vw","ryUM9VGMzkJGmCaMI29u5UDJcJbbmo","6bWvWK4PKihDL17VOs8","9bahBuVeNyYPLxKIBsq14w","per9UagIZW1LfhDASN_F9yo9NcGuOENh","ryUXasNZ2MSaxPFGY7NpLZ81DnCUBqY","ryUXP5fNGQSNUSSQ93G_1JJQ8HsoqAg","RtGKzOX2FA7yd9CTE4VggOvr7F9nEvqQpp0HnT_gRu6Az8jXSA","ryUXK0Nb20RZhrGH9uU9EIgskso-eyz","RtGKzOnyFFmjK4rOFNc71fkO7xKHUet1I62HS-2S3Gzm8rtuOA","-ryUXqhaZWJAahfGTNiTo1TcWvQ-VpQn","FYfgyOukQQmjEd7WW5gzmg6jL40nuR4R8BBgvwG2hfI","-ryUXK4LZTYQMRfGTI-UoRmfecjgtruu","-ryUXasKZDdDa0aSH9yXpHl2QSeKMPvE"]
Jan 09 03:00:02 
Jan 09 03:00:02 18055698302_p 开始助力 助力池 【-ryUXatZM2ZBZxbNH9jF9Hcgpj3LgC6O】
Jan 09 03:00:04 助力 【-ryUXatZM2ZBZxbNH9jF9Hcgpj3LgC6O】:感谢你的助力~
Jan 09 03:00:04 
Jan 09 03:00:04 18055698302_p 开始助力 助力池 【-ryUXa8IYG1Ca0DBQo_Dog8z6g4JgbB-】
Jan 09 03:00:05 助力 【-ryUXa8IYG1Ca0DBQo_Dog8z6g4JgbB-】:感谢你的助力~
Jan 09 03:00:05 
Jan 09 03:00:05 18055698302_p 开始助力 助力池 【5Yf-XqgLY21DNhDFH9nBu-Xw0trebxk】
Jan 09 03:00:06 助力 【5Yf-XqgLY21DNhDFH9nBu-Xw0trebxk】:感谢你的助力~
Jan 09 03:00:06 
Jan 09 03:00:06 18055698302_p 开始助力 助力池 【_LG-E6UFbmwPLxKIBsq14w】
Jan 09 03:00:07 助力次数已耗尽，跳出
Jan 09 03:00:08 
Jan 09 03:00:08 🔔城城领现金, 结束! 🕛 8.526 秒
Jan 09 03:00:08 
Jan 09 04:00:00 
Jan 09 04:00:00 🔔城城领现金, 开始!
Jan 09 04:00:00 
Jan 09 04:00:00 ====================共1个京东账号Cookie=========
Jan 09 04:00:00 
Jan 09 04:00:00 ==================脚本执行- 北京时间(UTC+8)：2022/1/9 上午4:00:00=====================
Jan 09 04:00:00 
Jan 09 04:00:00 脚本不会自动抽奖，建议活动快结束开启，默认关闭(在10.29日自动开启抽奖),如需自动抽奖请设置环境变量  JD_CITY_EXCHANGE 为true
Jan 09 04:00:02 
Jan 09 04:00:02 ******开始【京东账号1】18055698302_p*********
Jan 09 04:00:02 
Jan 09 04:00:02 【京东账号1（18055698302_p）的城城领现金好友互助码】oeD7XKkKb2xAYxCrCpeJ9y8YcyJN
Jan 09 04:00:02 剩余金额：8.00
Jan 09 04:00:02 领红包结果{"code":0,"data":{"bizCode":0,"bizMsg":"success","result":{"currentTimeCash":"0.10","finallyFlag":false,"reachCashLimit":false,"totalCash":"8.10","withdrawBarNum":81},"success":true},"msg":"调用成功"}
Jan 09 04:00:02 获得 0.10 元，共计 8.10 元
Jan 09 04:00:04 
Jan 09 04:00:04 第1个京东账号将要助力的好友["oeD7XKkKb2xAYxCrCpeJ9y8YcyJN","_LG-E6UFbmwPLxKIBsq14w","qOD_UaUFYmwPLxKIBsq14w","oeD9UaQEYm1CYRGrCpeJ95PhSEZ5","5LelEP1SZ2VBZ16ISpeJ5sAU","-ryUXf4EbmVFYxbMTNiX8d8SMLU-zIlA","-ryUXvgIYW1AYhLEGNzG8rDe06ZjSquB","ryUXvkEYzJAMUPDGNrM9Lr6Xzf5ZFNa","-ryUXKoJZDdAZBDBSdvB9XmUL-ywNy9_","-ryUXvpaYGJFZRaWStzCozWbSdnbsVYx","-ryUXqwNZWJCYETAQt_Do_BAZStiCZm8","4L2iNu9UIzUaL17EBpfUhwM","qOj_XakOb2xEDE-IBtuJuxUouA","-ryUXv5ZYWdKYRaRGNzN8t5CUepkwNxQ","-ryUXK1dMGEQMRrHQtvM_52-huzlwUUJ","-ryUX6kFY2VEYEPDQ9KQ8TG-1l2py11W","yilkH0w-l6IdforWW5gzml1kpJHFkUVWfxVy2OhyTpY","ouj8XqsOYWNGfhbFS9vE8H5M36LJUiTskJU","RtGKzeXyQwOrd9fLFdFmhbemd6KvYBkpeU9K3hYTnX_lC7y8Ww","-ryUXvhdZWBBNhHDQorFpM2CIUgRVyFD","-ryUXKwJYGVGZxHETd7G9LNOOUMwmX1a","-rGlDuZUOSFFYRXHBpfFuwsGeRo","HYTlwe-kQheleoCYFtA20zmg4zhoOup81j35un093PS8NFDcGg","dVBTgA2XZ2FAL17EBpfUh0s","ryUGfl2NDoeNkqcDpGyu0So7wWrpeE","2I36WqsNb2BFZxHHTZeJ984FAn9e"]
Jan 09 04:00:04 
Jan 09 04:00:04 18055698302_p 开始助力 助力池 【_LG-E6UFbmwPLxKIBsq14w】
Jan 09 04:00:05 助力次数已耗尽，跳出
Jan 09 04:00:06 
Jan 09 04:00:06 🔔城城领现金, 结束! 🕛 6.331 秒
Jan 09 04:00:06 
Jan 09 05:00:00 
Jan 09 05:00:00 🔔城城领现金, 开始!
Jan 09 05:00:00 
Jan 09 05:00:00 ====================共1个京东账号Cookie=========
Jan 09 05:00:00 
Jan 09 05:00:00 ==================脚本执行- 北京时间(UTC+8)：2022/1/9 上午5:00:00=====================
Jan 09 05:00:00 
Jan 09 05:00:00 脚本不会自动抽奖，建议活动快结束开启，默认关闭(在10.29日自动开启抽奖),如需自动抽奖请设置环境变量  JD_CITY_EXCHANGE 为true
Jan 09 05:00:00 
Jan 09 05:00:00 ******开始【京东账号1】153*****330_p*********
Jan 09 05:00:00 
Jan 09 05:00:01 【京东账号1（18055698302_p）的城城领现金好友互助码】oeD7XKkKb2xAYxCrCpeJ9y8YcyJN
Jan 09 05:00:01 剩余金额：8.10
Jan 09 05:00:02 
Jan 09 05:00:02 第1个京东账号将要助力的好友["oeD7XKkKb2xAYxCrCpeJ9y8YcyJN","_LG-E6UFbmwPLxKIBsq14w","qOD_UaUFYmwPLxKIBsq14w","oeD9UaQEYm1CYRGrCpeJ95PhSEZ5","5LelEP1SZ2VBZ16ISpeJ5sAU","-ryUXf4EbmVFYxbMTNiX8d8SMLU-zIlA","-ryUXvgIYW1AYhLEGNzG8rDe06ZjSquB","6b2qAfFVPz0PLxKIBsq14w","57yFDPJILhUkOGuiEaScuy5b7Cyhhto","-ryUXvgJb2FBNhXETNrEooAjT4Ci_8-U","4L2qAuVVOCgPY16IW6vR","-ryUXqsLM2IRMUaWTN7DpcXRqssQC0pz","ryUXf1dMmBGMhTGTI7H9SAVBp9LL-tx","eXtFgSO7sMPTtLVhTd7M_gbCogpv2fuc","RtGKz-2iEw_1eYSSQ9Bl3rpv4NXxa2v-kfXqOGGfk6Mpg-l7Vw","d0x7jgiMb2VCYRPCBpfFuzQ5dsI","ZGGRcbO0CfOaOZu4yd-1wb43k","57yGOsZPPSQZGU6NPY-Ju9SIQe_s_Q","-L28DPVINzoUL17EBpfUh2o","-ryUB_R7ExknIG6yEJO9uw6oLD4rqYM","ryUXPgIZzdCY0fASY2XpXJQ2K3foanA","ryUX6xdNGERMBrFS4_CoxGEHc7HMmMH","ryUXKgKY2AXNhrAHI2W93buoaHpIv_s","RtGKzLitQAuhd9WYQ9Ywgtl0SVrtZ_csZgj-_frNdc-4TUBpTw","-ryUAfhZPAABF0aYLp2euyCE_sj8B5o","_LG-DulVOjsdNBLMSdqJu24BxZ60Sw"]
Jan 09 05:00:02 
Jan 09 05:00:02 18055698302_p 开始助力 助力池 【_LG-E6UFbmwPLxKIBsq14w】
Jan 09 05:00:04 助力次数已耗尽，跳出
Jan 09 05:00:05 
Jan 09 05:00:05 🔔城城领现金, 结束! 🕛 4.706 秒
Jan 09 05:00:05 
Jan 09 06:00:00 
Jan 09 06:00:00 🔔城城领现金, 开始!
Jan 09 06:00:00 
Jan 09 06:00:00 ====================共1个京东账号Cookie=========
Jan 09 06:00:00 
Jan 09 06:00:00 ==================脚本执行- 北京时间(UTC+8)：2022/1/9 上午6:00:00=====================
Jan 09 06:00:00 
Jan 09 06:00:00 脚本不会自动抽奖，建议活动快结束开启，默认关闭(在10.29日自动开启抽奖),如需自动抽奖请设置环境变量  JD_CITY_EXCHANGE 为true
Jan 09 06:00:00 
Jan 09 06:00:00 ******开始【京东账号1】18055698302_p*********
Jan 09 06:00:00 
Jan 09 06:00:01 【京东账号1（18055698302_p）的城城领现金好友互助码】oeD7XKkKb2xAYxCrCpeJ9y8YcyJN
Jan 09 06:00:01 剩余金额：8.10
Jan 09 06:00:02 
Jan 09 06:00:02 第1个京东账号将要助力的好友["oeD7XKkKb2xAYxCrCpeJ9y8YcyJN","_LG-E6UFbmwPLxKIBsq14w","qOD_UaUFYmwPLxKIBsq14w","oeD9UaQEYm1CYRGrCpeJ95PhSEZ5","5LelEP1SZ2VBZ16ISpeJ5sAU","-ryUXf4EbmVFYxbMTNiX8d8SMLU-zIlA","-ryUXvgIYW1AYhLEGNzG8rDe06ZjSquB","-ryUJ8ZyIQw4B0CEKLusu1C6Nfza8qo","-ryUX68LZzdDMkfBStyW9M07drTTiBKN","-ryUE9NNOj4-MWiTLoqAuztnBVgL_gE","-ryUXf1eb2QXa0PGQtvH9mLa8NEzWoAo","RtGKgrX3OH_VPtn_TrxamtmZaPiOT8f4qS0L3lKAIJ6bzlMM","encryptedPin=RnE1y2UKbTXRntRP--twXt_wEqFBK8D4nDUT","qKoAflSNDsPLxKIBsq14w","-ryUXa9dbmZCMhTGTt7C9gdcx4EO230L","-ryUXqhYZWVKMBOVSYjH9xLfTwD0Qku7","ryUIMhQOh4XA1eSG72AuziseiYNkes","8relDvRFMycGPV6ISpeJ5uj1","-ryUCN1XDiwSJGmcKaKFu3sFBqRvXQw","-ryUXP8IYGARYkbAT9vDpNh4ISDSDYzl","ryUXagNNzdFZ0bCHIjEoQafTY0nFvmN","-rGlDuZUOSFFYRXHBpfFuwsGeRo","-ryUXP8NY2VKZxrGGI2U8r8rsLi3PmFv","RtGKkpDZNFzwJdHZRah6mpBTOANHA3QMeSuG_rHV-SsoLD1z","-ryUHNZWHgQ3AXCVKK2yuzOIYQT07Vc","oevzWKQJZWZKYheIBtuJu9EtBA"]
Jan 09 06:00:02 
Jan 09 06:00:02 18055698302_p 开始助力 助力池 【_LG-E6UFbmwPLxKIBsq14w】
Jan 09 06:00:03 助力次数已耗尽，跳出
Jan 09 06:00:05 
Jan 09 06:00:05 🔔城城领现金, 结束! 🕛 4.535 秒
Jan 09 06:00:05 
Jan 09 07:00:00 
Jan 09 07:00:00 🔔城城领现金, 开始!
Jan 09 07:00:00 
Jan 09 07:00:00 ====================共1个京东账号Cookie=========
Jan 09 07:00:00 
Jan 09 07:00:00 ==================脚本执行- 北京时间(UTC+8)：2022/1/9 上午7:00:00=====================
Jan 09 07:00:00 
Jan 09 07:00:00 脚本不会自动抽奖，建议活动快结束开启，默认关闭(在10.29日自动开启抽奖),如需自动抽奖请设置环境变量  JD_CITY_EXCHANGE 为true
Jan 09 07:00:01 
Jan 09 07:00:01 ******开始【京东账号1】18055698302_p*********
Jan 09 07:00:01 
Jan 09 07:00:02 【京东账号1（18055698302_p）的城城领现金好友互助码】oeD7XKkKb2xAYxCrCpeJ9y8YcyJN
Jan 09 07:00:02 剩余金额：8.10
Jan 09 07:00:14 
Jan 09 07:00:14 第1个京东账号将要助力的好友["oeD7XKkKb2xAYxCrCpeJ9y8YcyJN","6rCqBu9ZOGZGaxKIBtuJu56Ing","-ryUXa1YMG0RZxOVHNPE973xtMTuDdtO","5LelEP1SZ2VBZ16ISpeJ5sAU","-ryUXf4EbmVFYxbMTNiX8d8SMLU-zIlA","-ryUXvgIYW1AYhLEGNzG8rDe06ZjSquB","ryUBtNdFyMcFlGyC4iyu2KeUeW3QyQ","4-r7W68Pb2xDZhfBQtvD9SB9uwWRtqZ5kw","-ryUXfoENWAVa0bATdOWpRlQ6v__2x6T","ryUXawIMzcSZxTNHtOW8QE9f_uDLwcJ","-ryUHNBlLiwkK1O9Lqibu6Jfd2d0-JE","-ryUXaQJNGIRMROVHo2T9lSmASSjeqpq","2I2KJ9tmHh0_GmzNTZeJ93852r2s","ryUBshPAAQHA0W6HK6Mu6qyFz-Rkoc","-ryUXP1ebjEWa0DNTN-T8sN57Ej5dGgi","ryUBPRFJx4yAXC8A42guy7fvReoAZU","RtGKrInaB13gHP7YSadHmicMy-r2DZHS-On-4WNWunV0VXZh","47OqB-5RIi0PLxKIBsq14w","p-n8WawFYGZKL17EBpfUhwQ","-ryUIvpPLg4iIUy5FISHu8jEa77Fc_o","-ryUXq4EYzJGNhTGTtzDovCSKzFdXGiz","RtGKvbPXBk7dG8LTVa5bmgdOESc6GlUQdNiJJRWwVobXru8C","26:/￥6CGf20BXTUNej￥","D175nmxxDwPLxKIBsq14w","dWhygSuTZ2dKL17EBpfUh4M"]
Jan 09 07:00:14 
Jan 09 07:00:14 18055698302_p 开始助力 助力池 【6rCqBu9ZOGZGaxKIBtuJu56Ing】
Jan 09 07:00:16 助力次数已耗尽，跳出
Jan 09 07:00:17 
Jan 09 07:00:17 🔔城城领现金, 结束! 🕛 16.352 秒
Jan 09 07:00:17 
Jan 09 07:00:22 刷新CDN异常 Response code 503 (Service Unavailable)
Jan 09 08:00:00 
Jan 09 08:00:00 🔔城城领现金, 开始!
Jan 09 08:00:00 
Jan 09 08:00:00 ====================共1个京东账号Cookie=========
Jan 09 08:00:00 
Jan 09 08:00:00 ==================脚本执行- 北京时间(UTC+8)：2022/1/9 上午8:00:00=====================
Jan 09 08:00:00 
Jan 09 08:00:00 脚本不会自动抽奖，建议活动快结束开启，默认关闭(在10.29日自动开启抽奖),如需自动抽奖请设置环境变量  JD_CITY_EXCHANGE 为true
Jan 09 08:00:01 
Jan 09 08:00:01 ******开始【京东账号1】153*****330_p*********
Jan 09 08:00:01 
Jan 09 08:00:01 【京东账号1（18055698302_p）的城城领现金好友互助码】oeD7XKkKb2xAYxCrCpeJ9y8YcyJN
Jan 09 08:00:01 剩余金额：8.10
Jan 09 08:00:03 
Jan 09 08:00:03 第1个京东账号将要助力的好友["oeD7XKkKb2xAYxCrCpeJ9y8YcyJN","_LG-E6UFbmwPLxKIBsq14w","qOD_UaUFYmwPLxKIBsq14w","oeD9UaQEYm1CYRGrCpeJ95PhSEZ5","5LelEP1SZ2VBZ16ISpeJ5sAU","-ryUXf4EbmVFYxbMTNiX8d8SMLU-zIlA","-ryUXvgIYW1AYhLEGNzG8rDe06ZjSquB","-6KgE_dGbmBCa16ISpeJ5las","K-qBa4MZ2QPLxKIBsq14w","yRFyH1oelqAXqC8hwmuI1wOI85ZLmimnqXPbJY8GIuiaYgQd4aQ","-ryUHNBlLiwkK1O9Lqibu6Jfd2d0-JE","-ryUH8VMIzMmPXufN4eRu2bYSYRCKIw","-LmkWaQKZSgPY16IW6vR","ryUKOhwEyw_N0q7D7Oeu2HDqP507qg","eXVagDG5Oiya_q8d12KJu6WUQGl0Nw","57ylE-ZkEwwgFUGcHa-Ju9YlKCau8g","-ryUX_9YNDYVakHEQ9LBpsZNH5B0Z84x","57y_JftZDjUCMWe5PZGJu_fwTXlirA","ryUX6teYWNDYUbBGdPHpbDIrJl2qJxP","-ryUXqwNYDZGYhHGH9zMoW4H5ktbAMx8","RtGKzOX2FA7yd9CTE4VggOvr7F9nEvqQpp0HnT_gRu6Az8jXSA","-ryUB_Z1DicmEnC2DZKTuwRYxyJcjQ0","ryUPtBwNy0DNlKcDYyMu_tR2Hlfoeo","pO79XKsNZmNeYRrETNPMu2CzfA6x-Nc","-ryUAfhZPAABF0aYLp2euyCE_sj8B5o","-ryUXf8PZ2NKYEHMSd6UpjDSwK-CSWPc"]
Jan 09 08:00:03 
Jan 09 08:00:03 18055698302_p 开始助力 助力池 【_LG-E6UFbmwPLxKIBsq14w】
Jan 09 08:00:04 助力次数已耗尽，跳出
Jan 09 08:00:05 
Jan 09 08:00:05 🔔城城领现金, 结束! 🕛 4.682 秒
Jan 09 08:00:05 
Jan 09 09:00:00 
Jan 09 09:00:00 🔔城城领现金, 开始!
Jan 09 09:00:00 
Jan 09 09:00:00 ====================共1个京东账号Cookie=========
Jan 09 09:00:00 
Jan 09 09:00:00 ==================脚本执行- 北京时间(UTC+8)：2022/1/9 上午9:00:00=====================
Jan 09 09:00:00 
Jan 09 09:00:00 脚本不会自动抽奖，建议活动快结束开启，默认关闭(在10.29日自动开启抽奖),如需自动抽奖请设置环境变量  JD_CITY_EXCHANGE 为true
Jan 09 09:00:01 
Jan 09 09:00:01 ******开始【京东账号1】153*****330_p*********
Jan 09 09:00:01 
Jan 09 09:00:01 【京东账号1（18055698302_p）的城城领现金好友互助码】oeD7XKkKb2xAYxCrCpeJ9y8YcyJN
Jan 09 09:00:01 剩余金额：8.10
Jan 09 09:00:03 
Jan 09 09:00:03 第1个京东账号将要助力的好友["oeD7XKkKb2xAYxCrCpeJ9y8YcyJN","6rCqBu9ZOGZGaxKIBtuJu56Ing","-ryUXa1YMG0RZxOVHNPE973xtMTuDdtO","-ryUXvgIYW1AYhLEGNzG8rDe06ZjSquB","2r2yBPVSMSgPY16IW6vR","VMa_ia2lQwnMI8_WW9R_moqMgSWfW9d7sWPeF8Yy-g","-ryUCtFmLDsrA1aiGJ-vuy0mXtYPyTo","-ryUXq8MMGQWNhOWSt-ToYRZk5pqLc1W","-LmkWaQKZSgPY16IW6vR","ryUPfR4BAcbCluwPrubu-tbjXXN2I4","-ryUXq8JNGVLZBOQSdKTo7SySMlWZbW6","encryptedPin=RnFixDUKaGLaydQQroZ0WjlKTmlNwjEBF38","-ryUXfgPb2VLNhDNG4nB9J-2-6qNe5Qf","_LGyAPlfPjsPLxKIBsq14w","eFZgjhiKsuzFurh7n1R2uwA7akhCFfw","47OqB-5RIi0PLxKIBsq14w","57yCIupWFxUnP0GnGJKJuxXy36unEA","o-n7W6gJY3lFZBHBSdOJuzYhBR_kpg","-ryUIvNNEyY_AUm9OLiQu3laVxMJ7kA","ryUXv4NMGVBN0GSSNjC9H0Q1UgC-c-P","dm18jSamKihDL17VOs8","-ryUHu56PxUrNm6FIqqTu769FuYHL-4","4reqNvFAKmQPLwO0Xg"]
Jan 09 09:00:03 
Jan 09 09:00:03 18055698302_p 开始助力 助力池 【6rCqBu9ZOGZGaxKIBtuJu56Ing】
Jan 09 09:00:04 助力次数已耗尽，跳出
Jan 09 09:00:05 
Jan 09 09:00:05 🔔城城领现金, 结束! 🕛 4.833 秒
Jan 09 09:00:05 
Jan 09 10:00:01 
Jan 09 10:00:01 🔔城城领现金, 开始!
Jan 09 10:00:01 
Jan 09 10:00:01 ====================共1个京东账号Cookie=========
Jan 09 10:00:01 
Jan 09 10:00:01 ==================脚本执行- 北京时间(UTC+8)：2022/1/9 上午10:00:01=====================
Jan 09 10:00:01 
Jan 09 10:00:01 脚本不会自动抽奖，建议活动快结束开启，默认关闭(在10.29日自动开启抽奖),如需自动抽奖请设置环境变量  JD_CITY_EXCHANGE 为true
Jan 09 10:00:02 
Jan 09 10:00:02 ******开始【京东账号1】153*****330_p*********
Jan 09 10:00:02 
Jan 09 10:00:02 【京东账号1（18055698302_p）的城城领现金好友互助码】oeD7XKkKb2xAYxCrCpeJ9y8YcyJN
Jan 09 10:00:02 剩余金额：8.10
Jan 09 10:00:04 
Jan 09 10:00:04 第1个京东账号将要助力的好友["oeD7XKkKb2xAYxCrCpeJ9y8YcyJN","6rCqBu9ZOGZGaxKIBtuJu56Ing","-ryUXa1YMG0RZxOVHNPE973xtMTuDdtO","-ryUXvgIYW1AYhLEGNzG8rDe06ZjSquB","hdPzoKOkyIBtuJu6VhtA","dUt5jBKjs-3OuoRtBpfFu266VhI","-ryUXKhZZmNFN0DFQ46TplwJoevBmDIN＆-ryUXa1ZYmMWakHBGIqXojwoDFECuFGf","-ryUXKkLbzESYhSVHo6W9C82vC9jKmVG","-ryUXv4LZWxHNkHNQtOX89IqR0VHtsDc","ryUXagFY2MSZEPCQojA8DdIB4NhsgfY","encryptedPin=RnEwl2deOTGNzdRP--tyXkpEOQsBiwI58jRm","-ryUX6gIMzVFN0GWQ92T8CZcFfL0ng56","3KGUKPNRKihDL17VOs8","9LGlDuRJOGZDYheIBtuJuzgcqg","-ryUXPkJZjFBMROSTYnH8-p-RnL1xj7y","87u8COpAKmQPLwO0Xg","d2xgjyyov8nhur5qBpfFu4kWU38","RtGKlo7GC0zXHvXlbpBQmjOnlxwE_RhxMzhiSIad2_TIyMQ4","oeD4X6sNZGVLYxWrCpeJ9-KfcT5T","9rSyBfVfKihDL17VOs8","_rmgDK0PbygPY16IW6vR","57ytBPZ2NwMfJUSXFpyJu3wnz0B5tQ","oev8W6kPb21AZxWrCpeJ9-6E0Csu"]
Jan 09 10:00:04 
Jan 09 10:00:04 18055698302_p 开始助力 助力池 【6rCqBu9ZOGZGaxKIBtuJu56Ing】
Jan 09 10:00:06 助力次数已耗尽，跳出
Jan 09 10:00:07 
Jan 09 10:00:07 🔔城城领现金, 结束! 🕛 5.918 秒
Jan 09 10:00:07 
Jan 09 11:00:00 
Jan 09 11:00:00 🔔城城领现金, 开始!
Jan 09 11:00:00 
Jan 09 11:00:00 ====================共1个京东账号Cookie=========
Jan 09 11:00:00 
Jan 09 11:00:00 ==================脚本执行- 北京时间(UTC+8)：2022/1/9 上午11:00:00=====================
Jan 09 11:00:00 
Jan 09 11:00:00 脚本不会自动抽奖，建议活动快结束开启，默认关闭(在10.29日自动开启抽奖),如需自动抽奖请设置环境变量  JD_CITY_EXCHANGE 为true
Jan 09 11:00:01 
Jan 09 11:00:01 ******开始【京东账号1】153*****330_p*********
Jan 09 11:00:01 
Jan 09 11:00:01 【京东账号1（18055698302_p）的城城领现金好友互助码】oeD7XKkKb2xAYxCrCpeJ9y8YcyJN
Jan 09 11:00:01 剩余金额：8.10
Jan 09 11:00:03 
Jan 09 11:00:03 第1个京东账号将要助力的好友["oeD7XKkKb2xAYxCrCpeJ9y8YcyJN","6rCqBu9ZOGZGaxKIBtuJu56Ing","-ryUXa1YMG0RZxOVHNPE973xtMTuDdtO","-ryUXvgIYW1AYhLEGNzG8rDe06ZjSquB","962yHPlPIy4bPH2ZBpfFu6kqFwM","ryUI89LGzIhA2e6NLqRu4ZyMoWpX80","ryUX69dZmAXaxPMS9jD95F4h6JjhJ5J","-ryUXqwEMDBKYEPDQt2U8D482nKc4FVx","-K2qB_tNPzoUOUuRSdnCu3ClE5drP1o","-ryUBft2NTw6IEOfHaOAu5n9lKPbnGU","VMa_ia2lQwnMI8_WW9R_moqMgSWfW9d7sWPeF8Yy-g","oev8UKgKZGxADE-IBtuJuxsAsg","ryUAPJaHwwVGEyyFKWluwZfYvSDTTw","2I2KJ9tmHh0_GmzNTZeJ93852r2s","-ryUXKUJZTUSakSRHNyRog_rQg9xJ3fB","_LGyAPlfPjsPLxKIBsq14w","-ryUDfN-BQAXJkWNFrKXuzLgdIOrR_c","-ryUIf5vBxgaPXqeG5yRu6tbuzy6DQQ","GYHgzeihDUbvfs_WW41tkvOEnwiZcL_VMgvy","RtGKzOnyFFmjK4rOFNc71fkO7xKHUet1I62HS-2S3Gzm8rtuOA","-ryUXP4OMGQRYBaVTt3M8SyhihFvyYkl","-ryUXaUFNzZLYEeSSY_H8LVr2tONG1Tw","-ryUXaoIZzEXNxuXHt3E__YFKw7fFIRn"]
Jan 09 11:00:03 
Jan 09 11:00:03 18055698302_p 开始助力 助力池 【6rCqBu9ZOGZGaxKIBtuJu56Ing】
Jan 09 11:00:04 助力次数已耗尽，跳出
Jan 09 11:00:05 
Jan 09 11:00:05 🔔城城领现金, 结束! 🕛 4.827 秒
Jan 09 11:00:05 
Jan 09 12:00:01 
Jan 09 12:00:01 🔔城城领现金, 开始!
Jan 09 12:00:01 
Jan 09 12:00:01 ====================共1个京东账号Cookie=========
Jan 09 12:00:01 
Jan 09 12:00:01 ==================脚本执行- 北京时间(UTC+8)：2022/1/9 下午12:00:01=====================
Jan 09 12:00:01 
Jan 09 12:00:01 脚本不会自动抽奖，建议活动快结束开启，默认关闭(在10.29日自动开启抽奖),如需自动抽奖请设置环境变量  JD_CITY_EXCHANGE 为true
Jan 09 12:00:01 
Jan 09 12:00:01 ******开始【京东账号1】18055698302_p*********
Jan 09 12:00:01 
Jan 09 12:00:01 【京东账号1（18055698302_p）的城城领现金好友互助码】oeD7XKkKb2xAYxCrCpeJ9y8YcyJN
Jan 09 12:00:01 剩余金额：8.10
Jan 09 12:00:03 
Jan 09 12:00:03 第1个京东账号将要助力的好友["oeD7XKkKb2xAYxCrCpeJ9y8YcyJN","6rCqBu9ZOGZGaxKIBtuJu56Ing","-ryUXa1YMG0RZxOVHNPE973xtMTuDdtO","-ryUXvgIYW1AYhLEGNzG8rDe06ZjSquB","-ryUBdpZIBcdJFKYE72nu0il7uqoBBM","47GoAflSOj0dL17EBpfUh8A","-KK5DPJWPygPY16IW6vR","-ryUXfpeZDJLaxSSS46ToQ7XgPEcw6Im","-ryUXP1aZGRKakTBTYqXph4WHBDPMJvL","-ryUXqsLM2IRMUaWTN7DpcXRqssQC0pz","qOD9Ua4LZ3lKZBfAQtmJu4LghbYHhQ","ryUX_oMM2BFMRfDG9zB8kMyO_soM14s","ryUDeZaGQ4VPkSAHLmduzZoALWAjMA","-ryUJdpFDiwjIUORHrqnu7NGKafNoGU","-ryULtNVAQ08EVGcMI2wu6hHx8Qw65c","-ryUXf0MMGNEYRGVSt2R9m_JwwmiYhh2","RtGKz-WiEFvwKIKdEdY2h7WfvDa5AAQb-2wLnN5m9kEK3DgWhA","4a_5W6QKbmRGYRfGBpfFu3UvFfA","_KKzBfVKMwseL17EBpfUhyc","SMe6j7L9H12ifIKZW5h_1mn7QlEjz9iFu6C7rNz-iJEk","-ryUX6hZM2USMBXNHt7Apsdg5gYeDzYg","RtGKsZfbFlD_AeTlRoN3mppHvcDP9Yx7g7xWcEE58PiOcNxY","dkRDgT-Fv8fFtZBtBpfFu7S-Igo"]
Jan 09 12:00:03 
Jan 09 12:00:03 18055698302_p 开始助力 助力池 【6rCqBu9ZOGZGaxKIBtuJu56Ing】
Jan 09 12:00:04 助力次数已耗尽，跳出
Jan 09 12:00:05 
Jan 09 12:00:05 🔔城城领现金, 结束! 🕛 4.789 秒
Jan 09 12:00:05 
Jan 09 13:00:01 
Jan 09 13:00:01 🔔城城领现金, 开始!
Jan 09 13:00:01 
Jan 09 13:00:01 ====================共1个京东账号Cookie=========
Jan 09 13:00:01 
Jan 09 13:00:01 ==================脚本执行- 北京时间(UTC+8)：2022/1/9 下午1:00:01=====================
Jan 09 13:00:01 
Jan 09 13:00:01 脚本不会自动抽奖，建议活动快结束开启，默认关闭(在10.29日自动开启抽奖),如需自动抽奖请设置环境变量  JD_CITY_EXCHANGE 为true
Jan 09 13:00:02 
Jan 09 13:00:02 ******开始【京东账号1】18055698302_p*********
Jan 09 13:00:02 
Jan 09 13:00:02 【京东账号1（18055698302_p）的城城领现金好友互助码】oeD7XKkKb2xAYxCrCpeJ9y8YcyJN
Jan 09 13:00:02 剩余金额：8.10
Jan 09 13:00:15 
Jan 09 13:00:15 第1个京东账号将要助力的好友["oeD7XKkKb2xAYxCrCpeJ9y8YcyJN","6rCqBu9ZOGZGaxKIBtuJu56Ing","-ryUXa1YMG0RZxOVHNPE973xtMTuDdtO","-ryUXvgIYW1AYhLEGNzG8rDe06ZjSquB","o-D-WKsEZ21BfhPASt_N8spZLVdKD88FHgM","xKquENZTJSgPY16IW6vR","4bGyDO9fKihDL17VOs8","-ry4AflSJTwWPUXEStqJu8WuhzICWg","ryUXqkFYWFCZxeXSd3G801tLyyiLWe8","pO7-XK8FZWBGfhbESdvE906DIgWGd3E5","-ryUBP53BxEEP1CWEbKNuxy1mdkCymI","-ryUXP9fMzFGa0TEH9PF_zf9GwWBUEal","eXVagDG5Oiya_q8d12KJu6WUQGl0Nw","oeD4WKwNZGJKahOrCpeJ91uIj9GQ","dGRTgSiRsuzztphjBpfFu-37IFg","QITlz-SiSQmrfM_WW9R_mnLD94b22VR12_7114xh8A","-ryUX_gEYWRFZEbGQ4mR8j_AuldAbQsh","ryUItRUABwfEkuWCam_u-fNK3D6VNE","Rty4yO2mDUbvfs_WW41tktQwIPDV-iqw5VAG","-ryUJs9kGDYKPk-fMLiRuxOJRfXz5T4","6be-EelfPjEdL17EBpfUh3k","57yFJfFIMDYJIEqsKJqluxnM6oHUnCI","oev8W6kPb21AZxWrCpeJ9-6E0Csu"]
Jan 09 13:00:15 
Jan 09 13:00:15 18055698302_p 开始助力 助力池 【6rCqBu9ZOGZGaxKIBtuJu56Ing】
Jan 09 13:00:17 助力次数已耗尽，跳出
Jan 09 13:00:18 
Jan 09 13:00:18 🔔城城领现金, 结束! 🕛 16.556 秒
Jan 09 13:00:18 
Jan 09 14:00:00 
Jan 09 14:00:00 🔔城城领现金, 开始!
Jan 09 14:00:00 
Jan 09 14:00:00 ====================共1个京东账号Cookie=========
Jan 09 14:00:00 
Jan 09 14:00:00 ==================脚本执行- 北京时间(UTC+8)：2022/1/9 下午2:00:00=====================
Jan 09 14:00:00 
Jan 09 14:00:00 脚本不会自动抽奖，建议活动快结束开启，默认关闭(在10.29日自动开启抽奖),如需自动抽奖请设置环境变量  JD_CITY_EXCHANGE 为true
Jan 09 14:00:00 
Jan 09 14:00:00 ******开始【京东账号1】153*****330_p*********
Jan 09 14:00:00 
Jan 09 14:00:00 【京东账号1（18055698302_p）的城城领现金好友互助码】oeD7XKkKb2xAYxCrCpeJ9y8YcyJN
Jan 09 14:00:00 剩余金额：8.10
Jan 09 14:00:10 
Jan 09 14:00:10 第1个京东账号将要助力的好友["oeD7XKkKb2xAYxCrCpeJ9y8YcyJN","6rCqBu9ZOGZGaxKIBtuJu56Ing","-ryUXa1YMG0RZxOVHNPE973xtMTuDdtO","-ryUX_8JM2dKZxXMH4jGpZgbDZVGDSfw","-ryUL8leIjUDAnSfNoCYu8ar4zkff9w","-ryUXagOMDFAMRuXSYmQ9fvalNRt20ai","-ryUXqUOb2EWa0SXHt_E8mjxxHf0SrBW","-ryUXaQFNTIXNUfGQojNo6DztNY13hRf","-ryUXK0LZmVDa0eXT93EpluBaePOebhI","XiDPRGWSqeQ1j4qyPLP8VPULnU_zow","-ryUI_hkFwwiA3O9CZyPu4vf_SAbFtw","-ryUXqQOMGQVYEfGGImX8qN8Rc5qxrwG","-rmyGvRZJDgcMEmIBtuJu4eMag","-ryUX6kKYDdKYhTASYiW9xSQsVMNE1Ms","-ryUX64EY2ZAYhDDHNvMo3bgq78o8Fn2","-ryUXvgIYW1AYhLEGNzG8rDe06ZjSquB","ryUXakKZm1LN0GWTdqU9VN1DzsZ9CJZ","-ryUXaQNNzFAYRGRHNjN9fLI-MLCumU4","ryUXKkMNWBDa0CXQtjG9HuEZjJqjTip","VsankrX5DUbvfs_WW41tksS3J-oMxxwQJx2A","4L2qAuVVOCgPY16IW6vR","-ryUXawFZ2NFMBaQSNyRpXziwCBwz470","-r2qB-hTMygPY16IW6vR","oev_UaoKY21BYRerCpeJ9_joYxSL","VMa_ia2lQwnMI8_WW9R_moqMgSWfW9d7sWPeF8Yy-g","-ryUXqlaZGZGYBfHSY3D8EHpG_4DQxJV","-ryUX6sFYWJDZhDMT9jNpruM-A68ay0r","6r-nE-tNJzEXL17EBpfUh10","ryUX_oLMmcXYhDDS92W9WOHA2lnmcOH","-LqlAeVFZWdCZX2ZBpfFu3dUln0","oe39XK0NZGxBYBCrCpeJ96B5YZwS","-ryUOddZAi4gPWSWLZqku5PlTGEFI5M","RtGKkpntMl3eK-XFVKZ3mk9LHbdfsAe_Nh8mxvpsDaiq9QO5","-ryUXagJMmBDNRDHH96RovYjT3xat7av","oeH6UawMbm1KfhfHTdnG_5H9GJFkHTp1"]
Jan 09 14:00:10 
Jan 09 14:00:10 18055698302_p 开始助力 助力池 【6rCqBu9ZOGZGaxKIBtuJu56Ing】
Jan 09 14:00:12 助力次数已耗尽，跳出
Jan 09 14:00:13 
Jan 09 14:00:13 🔔城城领现金, 结束! 🕛 13.057 秒
Jan 09 14:00:13 
Jan 09 15:00:00 
Jan 09 15:00:00 🔔城城领现金, 开始!
Jan 09 15:00:00 
Jan 09 15:00:00 ====================共1个京东账号Cookie=========
Jan 09 15:00:00 
Jan 09 15:00:00 ==================脚本执行- 北京时间(UTC+8)：2022/1/9 下午3:00:00=====================
Jan 09 15:00:00 
Jan 09 15:00:00 脚本不会自动抽奖，建议活动快结束开启，默认关闭(在10.29日自动开启抽奖),如需自动抽奖请设置环境变量  JD_CITY_EXCHANGE 为true
Jan 09 15:00:00 
Jan 09 15:00:00 ******开始【京东账号1】153*****330_p*********
Jan 09 15:00:00 
Jan 09 15:00:00 【京东账号1（18055698302_p）的城城领现金好友互助码】oeD7XKkKb2xAYxCrCpeJ9y8YcyJN
Jan 09 15:00:00 剩余金额：8.10
Jan 09 15:00:04 
Jan 09 15:00:04 第1个京东账号将要助力的好友["oeD7XKkKb2xAYxCrCpeJ9y8YcyJN","6rCqBu9ZOGZGaxKIBtuJu56Ing","-ryUXa1YMG0RZxOVHNPE973xtMTuDdtO","-ryUX_8JM2dKZxXMH4jGpZgbDZVGDSfw","-ryUL8leIjUDAnSfNoCYu8ar4zkff9w","-ryUXagOMDFAMRuXSYmQ9fvalNRt20ai","-ryUXqUOb2EWa0SXHt_E8mjxxHf0SrBW","-ryUXaQFNTIXNUfGQojNo6DztNY13hRf","-ryUXK0LZmVDa0eXT93EpluBaePOebhI","XiDPRGWSqeQ1j4qyPLP8VPULnU_zow","-ryUI_hkFwwiA3O9CZyPu4vf_SAbFtw","-ryUXqQOMGQVYEfGGImX8qN8Rc5qxrwG","-rmyGvRZJDgcMEmIBtuJu4eMag","-ryUX6kKYDdKYhTASYiW9xSQsVMNE1Ms","-ryUX64EY2ZAYhDDHNvMo3bgq78o8Fn2","-ryUXvgIYW1AYhLEGNzG8rDe06ZjSquB","ryUXvhfZWNGZBqXGNOT99uk4nZJgNhB","ryUKtBeGRg6AkiNCJmRuyXGbv5Bje0","9aqnCPIMYGZLL17EBpfUh1E","-ryUXa1dY21KZhWQH9rF9-b-05zyho4q","-ryUXK9eNWMSYhaSTN-R8Zx5xxybNTv2","4ev9UKQPbigPY16IW6vR","6rC-UKkEb20PLxKIBsq14w","oev8UKgKZGxADE-IBtuJuxsAsg","pO7-XK8FZWBGfhbESdvE906DIgWGd3E5","-ryUX6UEYjdHYRaQH93G8yYs2xErqPWy","LelDuVJODIWOl6ISpeJ5pZk","-ryUOOVsOzw4P0WzP4eiu6bv1EIzdhA","RtGKsa7MPHTJGtHAQ4NImkgYrLdMkk9fG0_xSrVSkw2sRQpG","H43lzOmhSQigEd7WW5gzmhOwZ1kZnGYYsiLm26frrMY","-ryUXP9eMGVKZBSSSI3G8kzxsfQV0maY","-ryUJNRSMTwhBnu-KYmzux-4T_RikiQ","-ryUXqhaZWJAahfGTNiTo1TcWvQ-VpQn","-ryUXP8NM2REMBCWG4nB8dhYoffnv8bo","ryUIfRkMA4qMmyTFJ2Su3VsPgOF3n8"]
Jan 09 15:00:04 
Jan 09 15:00:04 18055698302_p 开始助力 助力池 【6rCqBu9ZOGZGaxKIBtuJu56Ing】
Jan 09 15:00:05 助力次数已耗尽，跳出
Jan 09 15:00:06 
Jan 09 15:00:06 🔔城城领现金, 结束! 🕛 6.317 秒
Jan 09 15:00:06 
Jan 09 16:00:00 
Jan 09 16:00:00 🔔城城领现金, 开始!
Jan 09 16:00:00 
Jan 09 16:00:00 ====================共1个京东账号Cookie=========
Jan 09 16:00:00 
Jan 09 16:00:00 ==================脚本执行- 北京时间(UTC+8)：2022/1/9 下午4:00:00=====================
Jan 09 16:00:00 
Jan 09 16:00:00 脚本不会自动抽奖，建议活动快结束开启，默认关闭(在10.29日自动开启抽奖),如需自动抽奖请设置环境变量  JD_CITY_EXCHANGE 为true
Jan 09 16:00:01 
Jan 09 16:00:01 ******开始【京东账号1】153*****330_p*********
Jan 09 16:00:01 
Jan 09 16:00:01 【京东账号1（18055698302_p）的城城领现金好友互助码】oeD7XKkKb2xAYxCrCpeJ9y8YcyJN
Jan 09 16:00:01 剩余金额：8.10
Jan 09 16:00:04 
Jan 09 16:00:04 第1个京东账号将要助力的好友["oeD7XKkKb2xAYxCrCpeJ9y8YcyJN","6rCqBu9ZOGZGaxKIBtuJu56Ing","-ryUXa1YMG0RZxOVHNPE973xtMTuDdtO","-ryUX_8JM2dKZxXMH4jGpZgbDZVGDSfw","-ryUL8leIjUDAnSfNoCYu8ar4zkff9w","-ryUXagOMDFAMRuXSYmQ9fvalNRt20ai","-ryUXqUOb2EWa0SXHt_E8mjxxHf0SrBW","-ryUXaQFNTIXNUfGQojNo6DztNY13hRf","-ryUXK0LZmVDa0eXT93EpluBaePOebhI","XiDPRGWSqeQ1j4qyPLP8VPULnU_zow","-ryUI_hkFwwiA3O9CZyPu4vf_SAbFtw","-ryUXqQOMGQVYEfGGImX8qN8Rc5qxrwG","-rmyGvRZJDgcMEmIBtuJu4eMag","-ryUX6kKYDdKYhTASYiW9xSQsVMNE1Ms","-ryUX64EY2ZAYhDDHNvMo3bgq78o8Fn2","-ryUXvgIYW1AYhLEGNzG8rDe06ZjSquB","ryUXPgMZGdFNkaVSdzDo-P-wOQCHDRn","6rC-E_RdOAsEO16ISpeJ5tGf","-ryUXKoJZDdAZBDBSdvB9XmUL-ywNy9_","-ryUDfhaBT4aEViEL5ucu3B5I3gFkPo","ryUXKkMNWBDa0CXQtjG9HuEZjJqjTip","-ryUXP4ONzEWMRHDSdLMps_AfGGN4u9n","dlxRjC2NsfPItqdYBpfFu0veYzY","6L6qB-hdJS1CL17EBpfUhxY","-ryULN1GIAE2G3OiGI64uw0ot7NbnG0","RtGKzOmiQlyrdoDJRNMz1tF3STw_e2Hv7SyAilgh-Webrd2FDA","eXVagDG5Oiya_q8d12KJu6WUQGl0Nw","RtGKzu-lFQPwe4OfRYA10CPy01FhEJNSCXUItRTP4q-EDnRCIA","ryUXf8PZW1DNxuQGNrMpjlHERvOcbL_","VdqggrTxA0bvMoPWW5hqiH9R4BDMNTpOiS1s2Q","RtGKopDYGGnYPsDwf4d0mu68fphzB4ZGSKZgg9cdTNNc7E02","-ryUXvoOZ2BGYxrDSYnH8-Y7ifJ7BuZS","-ryUXK4Eb2RFNUaSHomXpcOSCEI2F-9Z","57ynM_tXPAYHN3K9MYKJu2p1KzzATw","-ryUXv0FZjEXZhOSHN7G8tQ2dqC3-OYo"]
Jan 09 16:00:04 
Jan 09 16:00:04 18055698302_p 开始助力 助力池 【6rCqBu9ZOGZGaxKIBtuJu56Ing】
Jan 09 16:00:05 助力次数已耗尽，跳出
Jan 09 16:00:06 
Jan 09 16:00:06 🔔城城领现金, 结束! 🕛 6.346 秒
Jan 09 16:00:06 
Jan 09 17:00:00 
Jan 09 17:00:00 🔔城城领现金, 开始!
Jan 09 17:00:00 
Jan 09 17:00:00 ====================共1个京东账号Cookie=========
Jan 09 17:00:00 
Jan 09 17:00:00 ==================脚本执行- 北京时间(UTC+8)：2022/1/9 下午5:00:00=====================
Jan 09 17:00:00 
Jan 09 17:00:00 脚本不会自动抽奖，建议活动快结束开启，默认关闭(在10.29日自动开启抽奖),如需自动抽奖请设置环境变量  JD_CITY_EXCHANGE 为true
Jan 09 17:00:00 
Jan 09 17:00:00 ******开始【京东账号1】153*****330_p*********
Jan 09 17:00:00 
Jan 09 17:00:00 【京东账号1（18055698302_p）的城城领现金好友互助码】oeD7XKkKb2xAYxCrCpeJ9y8YcyJN
Jan 09 17:00:00 剩余金额：8.10
Jan 09 17:00:02 
Jan 09 17:00:02 第1个京东账号将要助力的好友["oeD7XKkKb2xAYxCrCpeJ9y8YcyJN","6rCqBu9ZOGZGaxKIBtuJu56Ing","-ryUXa1YMG0RZxOVHNPE973xtMTuDdtO","-ryUX_8JM2dKZxXMH4jGpZgbDZVGDSfw","-ryUL8leIjUDAnSfNoCYu8ar4zkff9w","-ryUXagOMDFAMRuXSYmQ9fvalNRt20ai","-ryUXqUOb2EWa0SXHt_E8mjxxHf0SrBW","-ryUXaQFNTIXNUfGQojNo6DztNY13hRf","-ryUXK0LZmVDa0eXT93EpluBaePOebhI","-ryUXa0OZTYVMBWRQtyR91AGunl7CG9r","-ryUI_hkFwwiA3O9CZyPu4vf_SAbFtw","-ryUXqQOMGQVYEfGGImX8qN8Rc5qxrwG","-rmyGvRZJDgcMEmIBtuJu4eMag","-ryUX6kKYDdKYhTASYiW9xSQsVMNE1Ms","-ryUX64EY2ZAYhDDHNvMo3bgq78o8Fn2","-ryUXvgIYW1AYhLEGNzG8rDe06ZjSquB","ryUX6QLYWcSZBbMH96WpI0grTmDuuVL","ryUX6kLNWBHZBfGGYrH8bdXEDwO61v5","-ryUXfpeZDJLaxSSS46ToQ7XgPEcw6Im","ryUXq1ZM2BBMUCVTtjC_wDiKupRsnnb","-ryUBvtJHD0GAEmXNpuwu-_BCP26F2g","RtGKzLihSFnweNedFIAwh8MY_CZuuPxnoucqbFddPDPewRmsLw","-ryUXakJYGNGakbAGdjHov1n6JNOzrDh","-ryUX6sFYWJDZhDMT9jNpruM-A68ay0r","-LqlAeVFZWdCZX2ZBpfFu3dUln0","ourzWKkOZmReahrMSdPHu5f07Y_nU8Q","8bavG_NVMmZDZhKIBtuJuz2P1w","oe3-Wa0JZGVEZhCrCpeJ9643CObC","d1B6jCyzscTPL17EBpfUh8M","d0dujym5sOH2tZdxBpfFu-a-RB4","-ryUJ-R9MzEUAUSsO6qEu3GW-HVYSow","l4BAcJA2aXKYqJu2fWBPLe-Q","RtGKsZfbFlD_AeTlRoN3mppHvcDP9Yx7g7xWcEE58PiOcNxY","-ryUXK4LZTYQMRfGTI-UoRmfecjgtruu","-ryUXaUFNzZLYEeSSY_H8LVr2tONG1Tw"]
Jan 09 17:00:02 
Jan 09 17:00:02 18055698302_p 开始助力 助力池 【6rCqBu9ZOGZGaxKIBtuJu56Ing】
Jan 09 17:00:04 助力次数已耗尽，跳出
Jan 09 17:00:05 
Jan 09 17:00:05 🔔城城领现金, 结束! 🕛 4.982 秒
Jan 09 17:00:05 
Jan 09 18:00:00 
Jan 09 18:00:00 🔔城城领现金, 开始!
Jan 09 18:00:00 
Jan 09 18:00:00 ====================共1个京东账号Cookie=========
Jan 09 18:00:00 
Jan 09 18:00:00 ==================脚本执行- 北京时间(UTC+8)：2022/1/9 下午6:00:00=====================
Jan 09 18:00:00 
Jan 09 18:00:00 脚本不会自动抽奖，建议活动快结束开启，默认关闭(在10.29日自动开启抽奖),如需自动抽奖请设置环境变量  JD_CITY_EXCHANGE 为true
Jan 09 18:00:00 
Jan 09 18:00:00 ******开始【京东账号1】153*****330_p*********
Jan 09 18:00:00 
Jan 09 18:00:00 【京东账号1（18055698302_p）的城城领现金好友互助码】oeD7XKkKb2xAYxCrCpeJ9y8YcyJN
Jan 09 18:00:00 剩余金额：8.10
Jan 09 18:00:03 
Jan 09 18:00:03 第1个京东账号将要助力的好友["oeD7XKkKb2xAYxCrCpeJ9y8YcyJN","6rCqBu9ZOGZGaxKIBtuJu56Ing","-ryUXa1YMG0RZxOVHNPE973xtMTuDdtO","-ryUX_8JM2dKZxXMH4jGpZgbDZVGDSfw","-ryUL8leIjUDAnSfNoCYu8ar4zkff9w","-ryUXagOMDFAMRuXSYmQ9fvalNRt20ai","-ryUXqUOb2EWa0SXHt_E8mjxxHf0SrBW","-ryUXaQFNTIXNUfGQojNo6DztNY13hRf","-ryUXK0LZmVDa0eXT93EpluBaePOebhI","-ryUXa0OZTYVMBWRQtyR91AGunl7CG9r","-ryUI_hkFwwiA3O9CZyPu4vf_SAbFtw","-ryUXqQOMGQVYEfGGImX8qN8Rc5qxrwG","-rmyGvRZJDgcMEmIBtuJu4eMag","-ryUX6kKYDdKYhTASYiW9xSQsVMNE1Ms","-ryUX64EY2ZAYhDDHNvMo3bgq78o8Fn2","-ryUXvgIYW1AYhLEGNzG8rDe06ZjSquB","-ryUBPRYMQYlEGqREq29u7kL6EEEQ-I","6qDyW6wFZ2YPLxKIBsq14w","-ryUAvJwBAA6KnqjOZ2Tu-wNzXVyoVE","-ryUX60OMmRFZhqSQ9LAog8J-w3Jrxzx","eEtWji6CsdXGtqF7klt0u50oAk76Mt0","-ryUX_1YYTdGMRCSTNLC9L7SAgtiInJT","-ryUXKwJZzJHZ0PDH9vH9nczqvpYibu9","-ryUHNBlLiwkK1O9Lqibu6Jfd2d0-JE","-ryUGvl6MAcjPUC6Nqeeu2ZNiLqfEXE","_LmlB-UJZGQPLxKIBsq14w","6rCqB_tQZ2dDL17EBpfUh_A","9aukB60NZmYPLxKIBsq14w","eFRcgASPJjgPLxKIBsq14w","-ryUXalfYmESMBKSGdrF81x3wqymqySj","-ryUXP0FbmcRMhaXStvNpaa8SvYgVJ-T","RtGKu63wN3vnFOrIUr5amuoPiGExyOoBUH5IcAwc0Epv7bY0","-ryUX6hZM2USMBXNHt7Apsdg5gYeDzYg","oev4Wq0Nb2RAYBSrCpeJ9_h_QCMr","-ryUXK4EMmESa0CQSdqQoVUpSU7r_Ym0"]
Jan 09 18:00:03 
Jan 09 18:00:03 18055698302_p 开始助力 助力池 【6rCqBu9ZOGZGaxKIBtuJu56Ing】
Jan 09 18:00:05 助力次数已耗尽，跳出
Jan 09 18:00:06 
Jan 09 18:00:06 🔔城城领现金, 结束! 🕛 5.771 秒
Jan 09 18:00:06 
Jan 09 19:00:00 
Jan 09 19:00:00 🔔城城领现金, 开始!
Jan 09 19:00:00 
Jan 09 19:00:00 ====================共1个京东账号Cookie=========
Jan 09 19:00:00 
Jan 09 19:00:00 ==================脚本执行- 北京时间(UTC+8)：2022/1/9 下午7:00:00=====================
Jan 09 19:00:00 
Jan 09 19:00:00 脚本不会自动抽奖，建议活动快结束开启，默认关闭(在10.29日自动开启抽奖),如需自动抽奖请设置环境变量  JD_CITY_EXCHANGE 为true
Jan 09 19:00:02 
Jan 09 19:00:02 ******开始【京东账号1】18055698302_p*********
Jan 09 19:00:02 
Jan 09 19:00:02 【京东账号1（18055698302_p）的城城领现金好友互助码】oeD7XKkKb2xAYxCrCpeJ9y8YcyJN
Jan 09 19:00:02 剩余金额：8.10
Jan 09 19:00:04 
Jan 09 19:00:04 第1个京东账号将要助力的好友["oeD7XKkKb2xAYxCrCpeJ9y8YcyJN","-ryUX_8JM2dKZxXMH4jGpZgbDZVGDSfw","-ryUL8leIjUDAnSfNoCYu8ar4zkff9w","-ryUXagOMDFAMRuXSYmQ9fvalNRt20ai","-ryUXqUOb2EWa0SXHt_E8mjxxHf0SrBW","-ryUXaQFNTIXNUfGQojNo6DztNY13hRf","-ryUXK0LZmVDa0eXT93EpluBaePOebhI","-ryUXa0OZTYVMBWRQtyR91AGunl7CG9r","-ryUI_hkFwwiA3O9CZyPu4vf_SAbFtw","-ryUXqQOMGQVYEfGGImX8qN8Rc5qxrwG","-rmyGvRZJDgcMEmIBtuJu4eMag","-ryUX6kKYDdKYhTASYiW9xSQsVMNE1Ms","-ryUX64EY2ZAYhDDHNvMo3bgq78o8Fn2","-ryUXqtYYmVKZxvGHo3M8nUjMKLDUDJC","our8X6wFZmFLfhPCQt7E_gBqYpK29drw","-ryUX64MYWxLakTDT4_Font1ICMu4DEI","-ryUXKtZMGVEZhDGGdLB82bD17ElrJJb","-ryUXK4OZGdLZUDDSI3B9COpAMYStrmt","-ryUX60EZmIQahfMTt6R_vJnFAlC-06o","97ekDasOZWRFaxGIBtuJu8QPJw","-ryUX6xdM2ASZhfFQ4jG9RYWmrN6eCHo","-ryUBfV1JD4ABkGNG6OXu9dYD-YqNGA","-ryUXvgIYW1AYhLEGNzG8rDe06ZjSquB","-ryUXKRfNzERaxKSSInM9xcxrv9bHDaU","-ryUXfkKYDUSZ0THSNnE80NYBfgeh9Tn","ryUX6QLYWcSZBbMH96WpI0grTmDuuVL","ryUXq8MMGQWNhOWSt-ToYRZk5pqLc1W","-KK5DPJWPygPY16IW6vR","dX14jSaGs_HAtKx_BpfFu9bgwTI","ryUD-tEEzUdEVuiNL6luz_hZdwX7Lc","dGBGjielsefltpJFklxku54leztN4t8","ryUXa8PbzZCYkSRS4rG_gqIsXuZC-HT","-ryUXaVYNGcVMRbMTdjNoRZGxtBvMnLn","_LG-E6UFbmwPLxKIBsq14w","5LGqB6QEb20EJl6ISpeJ5orU","8relDvRFMycGPV6ISpeJ5uj1","dX19gRCKs_HOtrRpnlN4IoJ2EJ4uEekcNn4","-ryUXakPYGUQakTMHNKR9jPEXC6UmdN1","-ryUE-lSITMxIlqkOKmnu6J32i__kCI","-ryUKO5yAAQHCnKWC4Shu13fvGhn4WY","ryUXahYb2VGNhLETNPN_wdQ0CeZscoY","pu7zUaoOZWZBDBDAQtLE87rQ05TJqcNyeMN6"]
Jan 09 19:00:04 
Jan 09 19:00:04 18055698302_p 开始助力 助力池 【-ryUX_8JM2dKZxXMH4jGpZgbDZVGDSfw】
Jan 09 19:00:05 助力次数已耗尽，跳出
Jan 09 19:00:06 
Jan 09 19:00:06 🔔城城领现金, 结束! 🕛 6.174 秒
Jan 09 19:00:06 
Jan 09 20:00:00 
Jan 09 20:00:00 🔔城城领现金, 开始!
Jan 09 20:00:00 
Jan 09 20:00:00 ====================共1个京东账号Cookie=========
Jan 09 20:00:00 
Jan 09 20:00:00 ==================脚本执行- 北京时间(UTC+8)：2022/1/9 下午8:00:00=====================
Jan 09 20:00:00 
Jan 09 20:00:00 脚本不会自动抽奖，建议活动快结束开启，默认关闭(在10.29日自动开启抽奖),如需自动抽奖请设置环境变量  JD_CITY_EXCHANGE 为true
Jan 09 20:00:02 
Jan 09 20:00:02 ******开始【京东账号1】18055698302_p*********
Jan 09 20:00:02 
Jan 09 20:00:02 【京东账号1（18055698302_p）的城城领现金好友互助码】oeD7XKkKb2xAYxCrCpeJ9y8YcyJN
Jan 09 20:00:02 剩余金额：8.10
Jan 09 20:00:10 
Jan 09 20:00:10 第1个京东账号将要助力的好友["oeD7XKkKb2xAYxCrCpeJ9y8YcyJN","-ryUX_8JM2dKZxXMH4jGpZgbDZVGDSfw","-ryUL8leIjUDAnSfNoCYu8ar4zkff9w","-ryUXagOMDFAMRuXSYmQ9fvalNRt20ai","-ryUXqUOb2EWa0SXHt_E8mjxxHf0SrBW","-ryUXaQFNTIXNUfGQojNo6DztNY13hRf","-ryUXK0LZmVDa0eXT93EpluBaePOebhI","-ryUXa0OZTYVMBWRQtyR91AGunl7CG9r","-ryUI_hkFwwiA3O9CZyPu4vf_SAbFtw","-ryUXqQOMGQVYEfGGImX8qN8Rc5qxrwG","-rmyGvRZJDgcMEmIBtuJu4eMag","-ryUX6kKYDdKYhTASYiW9xSQsVMNE1Ms","-ryUX64EY2ZAYhDDHNvMo3bgq78o8Fn2","-ryUXqtYYmVKZxvGHo3M8nUjMKLDUDJC","our8X6wFZmFLfhPCQt7E_gBqYpK29drw","-ryUX64MYWxLakTDT4_Font1ICMu4DEI","-ryUXKtZMGVEZhDGGdLB82bD17ElrJJb","-ryUXK4OZGdLZUDDSI3B9COpAMYStrmt","-ryUX60EZmIQahfMTt6R_vJnFAlC-06o","97ekDasOZWRFaxGIBtuJu8QPJw","-ryUX6xdM2ASZhfFQ4jG9RYWmrN6eCHo","-ryUBfV1JD4ABkGNG6OXu9dYD-YqNGA","-ryUXvgIYW1AYhLEGNzG8rDe06ZjSquB","ryUG_R_ByYrEnOiHYyDu7D2OBfOck8","962yHPlPIy4bPH2ZBpfFu6kqFwM","oeDyXa8NZ21FYxGrCpeJ91d2A3hT","ryUBSRdGyWXFEeRMYOxu3PpkYmpWkI","-ryUH897ExUiPFqNGKyCu5_Hi8iFoFI","dV9HjDigs-TruoF6BpfFuxa2Xu0","6bmgHK8KYwseL17EBpfUhxM","862iDulTJTwSPVabD4-QocO3t90D_GgNtl15","_LGyAPlfPjsPLxKIBsq14w","-ryUOf9GOBkwN3eHLoqcu0xQRwbfsx8","-ryUXf0OYWdKYhuWG42XoR7Thy3nWfk8","-ryUX6heZWcWZxGWHNuU_nYNUxQ9TxWl","ryUXqULbm1ANRLHGNrBpfaFJp9aSx6I","-ryUHtNdMwIxEGaZCqGPu0BJWK_vopg","ryULspMMCcbC1O7GbmHu8v","ryUXvgKZW1FMRPAT47FoystCZ1RfWyr","-ryUJ911OiwnOmqhA5uFu_of2epy1yQ","oe7_Ua4MbmVAfhHGTtzB8jCuaVjOXKTg","ryUGfl2NDoeNkqcDpGyu0So7wWrpeE"]
Jan 09 20:00:10 
Jan 09 20:00:10 18055698302_p 开始助力 助力池 【-ryUX_8JM2dKZxXMH4jGpZgbDZVGDSfw】
Jan 09 20:00:12 助力次数已耗尽，跳出
Jan 09 20:00:13 
Jan 09 20:00:13 🔔城城领现金, 结束! 🕛 12.687 秒
Jan 09 20:00:13 
Jan 09 21:00:00 
Jan 09 21:00:00 🔔城城领现金, 开始!
Jan 09 21:00:00 
Jan 09 21:00:00 ====================共1个京东账号Cookie=========
Jan 09 21:00:00 
Jan 09 21:00:00 ==================脚本执行- 北京时间(UTC+8)：2022/1/9 下午9:00:00=====================
Jan 09 21:00:00 
Jan 09 21:00:00 脚本不会自动抽奖，建议活动快结束开启，默认关闭(在10.29日自动开启抽奖),如需自动抽奖请设置环境变量  JD_CITY_EXCHANGE 为true
Jan 09 21:00:02 
Jan 09 21:00:02 ******开始【京东账号1】18055698302_p*********
Jan 09 21:00:02 
Jan 09 21:00:02 【京东账号1（18055698302_p）的城城领现金好友互助码】oeD7XKkKb2xAYxCrCpeJ9y8YcyJN
Jan 09 21:00:02 剩余金额：8.10
Jan 09 21:00:02 
Jan 09 21:00:02 ❗️城城领现金, 错误!
Jan 09 21:00:02 TypeError: Cannot destructure property 'taskDetailResultVo' of 'data.data.result.taskInfo' as it is undefined.
Jan 09 21:00:02     at /scripts/jd_city.js:175:27
Jan 09 21:00:02     at got.post.then.message (/scripts/jd_city.js:501:5772)
Jan 09 21:00:02     at processTicksAndRejections (node:internal/process/task_queues:96:5)
Jan 09 21:00:11 
Jan 09 21:00:11 第1个京东账号将要助力的好友["oeD7XKkKb2xAYxCrCpeJ9y8YcyJN","-ryUX_8JM2dKZxXMH4jGpZgbDZVGDSfw","-ryUL8leIjUDAnSfNoCYu8ar4zkff9w","-ryUXagOMDFAMRuXSYmQ9fvalNRt20ai","-ryUXqUOb2EWa0SXHt_E8mjxxHf0SrBW","-ryUXaQFNTIXNUfGQojNo6DztNY13hRf","-ryUXK0LZmVDa0eXT93EpluBaePOebhI","-ryUXa0OZTYVMBWRQtyR91AGunl7CG9r","-ryUI_hkFwwiA3O9CZyPu4vf_SAbFtw","-ryUXqQOMGQVYEfGGImX8qN8Rc5qxrwG","-rmyGvRZJDgcMEmIBtuJu4eMag","-ryUX6kKYDdKYhTASYiW9xSQsVMNE1Ms","-ryUX64EY2ZAYhDDHNvMo3bgq78o8Fn2","-ryUXqtYYmVKZxvGHo3M8nUjMKLDUDJC","our8X6wFZmFLfhPCQt7E_gBqYpK29drw","-ryUX64MYWxLakTDT4_Font1ICMu4DEI","-ryUXKtZMGVEZhDGGdLB82bD17ElrJJb","-ryUXK4OZGdLZUDDSI3B9COpAMYStrmt","-ryUX60EZmIQahfMTt6R_vJnFAlC-06o","97ekDasOZWRFaxGIBtuJu8QPJw","-ryUX6xdM2ASZhfFQ4jG9RYWmrN6eCHo","-ryUBfV1JD4ABkGNG6OXu9dYD-YqNGA","-ryUXvgIYW1AYhLEGNzG8rDe06ZjSquB","-ryUXfgFZmBBZRTNGdiU9DDXXrCULQsP","-ryUXK9fY2AWZxPCHorM9kQU5m5BnOPt","Vt-vkL_8FFTvMs-aW5h_jzXymy4T8IeocsZdlrs","oeDyW64FY2FLYRCrCpeJ98Qlbsef","oe39W6oJYmFBZBerCpeJ9xoIPpoQ","oej4XK0Kb2VEZX2ZBpfFu2RcdR0","dWBmjC6VvvvpurtCk1BuL3H5eOA_OjFKUEXaRL31","-ryUXagOMzdGMRvASoqWo1gvOxnCycp6","dWhEgRGfZmNAY16ISpeJ5gXt","-ryUHuVqHj0LKkyhD7qsu8kylOR1d7Q","ryUIvd0Ix4ZBVO-MruTu0wep0c_ViE","-ryUXKgJb2BGMhOWHonE81vJPMQ596i2","d39ZgByjsu7ntqxsnVpGIlJmDxIfGtV50E4","ryUX6wEMDURNRXDG42QpNTVecHx5FEw","-ryUM_lVHhMLB1i3D5yiu64UzIzZ2tY","oujyX6oIZGReaxfETNjNu5WqxlW7ZA4","RtGKsZfbFlD_AeTlRoN3mppHvcDP9Yx7g7xWcEE58PiOcNxY","-ryUL_1YNDUnH06_DIW4u8wfeTss0-s","-ryUB9peGy01FFqfArOEu15VcaT_-so"]
Jan 09 21:00:11 
Jan 09 21:00:11 18055698302_p 开始助力 助力池 【-ryUX_8JM2dKZxXMH4jGpZgbDZVGDSfw】
Jan 09 21:00:12 助力次数已耗尽，跳出
Jan 09 21:00:14 
Jan 09 21:00:14 🔔城城领现金, 结束! 🕛 13.209 秒
Jan 09 21:00:14 
