Jan 07 00:10:00 
Jan 07 00:10:00 🔔签到领现金, 开始!
Jan 07 00:10:00 
Jan 07 00:10:00 ====================共1个京东账号Cookie=========
Jan 07 00:10:00 
Jan 07 00:10:00 ==================脚本执行- 北京时间(UTC+8)：2022/1/7 上午12:10:00=====================
Jan 07 00:10:00 
Jan 07 00:10:00 开始获取签到领现金配置文件
Jan 07 00:10:00 
Jan 07 00:10:00 共1个京东账号
Jan 07 00:10:00 
Jan 07 00:10:00 您提供了1个账号的签到领现金助力码
Jan 07 00:10:00 
Jan 07 00:11:38 
Jan 07 00:11:38 ******开始【京东账号1】18055698302_p*********
Jan 07 00:11:38 
Jan 07 00:11:40 
Jan 07 00:11:40 【京东账号1（18055698302_p）的签到领现金好友互助码】IhM3aem0b_Ql8Wy6iw
Jan 07 00:11:40 
Jan 07 00:11:40 去做逛一逛任务 1/1
Jan 07 00:11:45 任务完成成功
Jan 07 00:11:50 去做逛互动任务 1/1
Jan 07 00:11:54 任务完成成功
Jan 07 00:11:59 去做逛一逛任务 1/1
Jan 07 00:11:59 任务完成成功
Jan 07 00:12:04 开始
Jan 07 00:12:07 "connect ECONNREFUSED 103.242.135.130:80"
Jan 07 00:12:07 签到领现金 API请求失败，请检查网路重试
Jan 07 00:12:07 第1个京东账号将要助力的好友[{"inviteCode":"eU9Ya--7Mvkjo2nTwydC1g"}]
Jan 07 00:12:13 
Jan 07 00:12:13 
Jan 07 00:12:13 当前现金：37.9元
Jan 07 00:12:13 
Jan 07 00:12:13 🔔签到领现金, 结束! 🕛 133.346 秒
Jan 07 00:12:13 
Jan 07 04:10:00 
Jan 07 04:10:00 🔔签到领现金, 开始!
Jan 07 04:10:00 
Jan 07 04:10:00 ====================共1个京东账号Cookie=========
Jan 07 04:10:00 
Jan 07 04:10:00 ==================脚本执行- 北京时间(UTC+8)：2022/1/7 上午4:10:00=====================
Jan 07 04:10:00 
Jan 07 04:10:00 开始获取签到领现金配置文件
Jan 07 04:10:00 
Jan 07 04:10:00 共1个京东账号
Jan 07 04:10:00 
Jan 07 04:10:00 您提供了1个账号的签到领现金助力码
Jan 07 04:10:00 
Jan 07 04:11:36 
Jan 07 04:11:36 ******开始【京东账号1】153*****330_p*********
Jan 07 04:11:36 
Jan 07 04:11:37 
Jan 07 04:11:37 【京东账号1（18055698302_p）的签到领现金好友互助码】IhM3aem0b_Ql8Wy6iw
Jan 07 04:11:37 
Jan 07 04:11:38 开始
Jan 07 04:11:41 "connect ECONNREFUSED 103.242.135.130:80"
Jan 07 04:11:41 签到领现金 API请求失败，请检查网路重试
Jan 07 04:11:41 第1个京东账号将要助力的好友[{"inviteCode":"eU9Ya--7Mvkjo2nTwydC1g"}]
Jan 07 04:11:47 
Jan 07 04:11:47 
Jan 07 04:11:47 当前现金：37.99元
Jan 07 04:11:47 
Jan 07 04:11:47 🔔签到领现金, 结束! 🕛 106.336 秒
Jan 07 04:11:47 
Jan 07 08:10:00 
Jan 07 08:10:00 🔔签到领现金, 开始!
Jan 07 08:10:00 
Jan 07 08:10:00 ====================共1个京东账号Cookie=========
Jan 07 08:10:00 
Jan 07 08:10:00 ==================脚本执行- 北京时间(UTC+8)：2022/1/7 上午8:10:00=====================
Jan 07 08:10:00 
Jan 07 08:10:00 开始获取签到领现金配置文件
Jan 07 08:10:00 
Jan 07 08:10:00 共1个京东账号
Jan 07 08:10:00 
Jan 07 08:10:00 您提供了1个账号的签到领现金助力码
Jan 07 08:10:00 
Jan 07 08:11:06 
Jan 07 08:11:06 ******开始【京东账号1】18055698302_p*********
Jan 07 08:11:06 
Jan 07 08:11:10 
Jan 07 08:11:10 【京东账号1（18055698302_p）的签到领现金好友互助码】IhM3aem0b_Ql8Wy6iw
Jan 07 08:11:10 
Jan 07 08:11:10 开始
Jan 07 08:11:13 "connect ECONNREFUSED 103.242.135.130:80"
Jan 07 08:11:13 签到领现金 API请求失败，请检查网路重试
Jan 07 08:11:13 第1个京东账号将要助力的好友[{"inviteCode":"eU9Ya--7Mvkjo2nTwydC1g"}]
Jan 07 08:11:17 
Jan 07 08:11:17 
Jan 07 08:11:17 当前现金：37.99元
Jan 07 08:11:17 
Jan 07 08:11:17 🔔签到领现金, 结束! 🕛 76.641 秒
Jan 07 08:11:17 
Jan 07 12:10:01 
Jan 07 12:10:01 🔔签到领现金, 开始!
Jan 07 12:10:01 
Jan 07 12:10:01 ====================共1个京东账号Cookie=========
Jan 07 12:10:01 
Jan 07 12:10:01 ==================脚本执行- 北京时间(UTC+8)：2022/1/7 下午12:10:01=====================
Jan 07 12:10:01 
Jan 07 12:10:01 开始获取签到领现金配置文件
Jan 07 12:10:01 
Jan 07 12:10:01 共1个京东账号
Jan 07 12:10:01 
Jan 07 12:10:01 您提供了1个账号的签到领现金助力码
Jan 07 12:10:01 
Jan 07 12:11:38 
Jan 07 12:11:38 ******开始【京东账号1】153*****330_p*********
Jan 07 12:11:38 
Jan 07 12:11:40 
Jan 07 12:11:40 【京东账号1（18055698302_p）的签到领现金好友互助码】IhM3aem0b_Ql8Wy6iw
Jan 07 12:11:40 
Jan 07 12:11:41 开始
Jan 07 12:11:44 "connect ECONNREFUSED 103.242.135.130:80"
Jan 07 12:11:44 签到领现金 API请求失败，请检查网路重试
Jan 07 12:11:44 第1个京东账号将要助力的好友[{"inviteCode":"eU9Ya--7Mvkjo2nTwydC1g"}]
Jan 07 12:11:46 
Jan 07 12:11:46 
Jan 07 12:11:46 当前现金：37.99元
Jan 07 12:11:46 
Jan 07 12:11:46 🔔签到领现金, 结束! 🕛 104.909 秒
Jan 07 12:11:46 
Jan 07 16:10:01 
Jan 07 16:10:01 🔔签到领现金, 开始!
Jan 07 16:10:01 
Jan 07 16:10:01 ====================共1个京东账号Cookie=========
Jan 07 16:10:01 
Jan 07 16:10:01 ==================脚本执行- 北京时间(UTC+8)：2022/1/7 下午4:10:01=====================
Jan 07 16:10:01 
Jan 07 16:10:01 开始获取签到领现金配置文件
Jan 07 16:10:01 
Jan 07 16:10:01 共1个京东账号
Jan 07 16:10:01 
Jan 07 16:10:01 您提供了1个账号的签到领现金助力码
Jan 07 16:10:01 
Jan 07 16:11:37 
Jan 07 16:11:37 ******开始【京东账号1】153*****330_p*********
Jan 07 16:11:37 
Jan 07 16:11:39 
Jan 07 16:11:39 【京东账号1（18055698302_p）的签到领现金好友互助码】IhM3aem0b_Ql8Wy6iw
Jan 07 16:11:39 
Jan 07 16:11:39 开始
Jan 07 16:11:42 "connect ECONNREFUSED 103.242.135.130:80"
Jan 07 16:11:42 签到领现金 API请求失败，请检查网路重试
Jan 07 16:11:42 第1个京东账号将要助力的好友[{"inviteCode":"eU9Ya--7Mvkjo2nTwydC1g"}]
Jan 07 16:11:44 
Jan 07 16:11:44 
Jan 07 16:11:44 当前现金：37.99元
Jan 07 16:11:44 
Jan 07 16:11:44 🔔签到领现金, 结束! 🕛 103.142 秒
Jan 07 16:11:44 
Jan 07 20:10:01 
Jan 07 20:10:01 🔔签到领现金, 开始!
Jan 07 20:10:01 
Jan 07 20:10:01 ====================共1个京东账号Cookie=========
Jan 07 20:10:01 
Jan 07 20:10:01 ==================脚本执行- 北京时间(UTC+8)：2022/1/7 下午8:10:01=====================
Jan 07 20:10:01 
Jan 07 20:10:01 开始获取签到领现金配置文件
Jan 07 20:10:01 
Jan 07 20:10:01 共1个京东账号
Jan 07 20:10:01 
Jan 07 20:10:01 您提供了1个账号的签到领现金助力码
Jan 07 20:10:01 
Jan 07 20:10:04 
Jan 07 20:10:04 ******开始【京东账号1】18055698302_p*********
Jan 07 20:10:04 
Jan 07 20:10:08 
Jan 07 20:10:08 【京东账号1（18055698302_p）的签到领现金好友互助码】IhM3aem0b_Ql8Wy6iw
Jan 07 20:10:08 
Jan 07 20:10:08 开始
Jan 07 20:10:11 "connect ECONNREFUSED 103.242.135.130:80"
Jan 07 20:10:11 签到领现金 API请求失败，请检查网路重试
Jan 07 20:10:11 第1个京东账号将要助力的好友[{"inviteCode":"eU9Ya--7Mvkjo2nTwydC1g"}]
Jan 07 20:10:15 
Jan 07 20:10:15 
Jan 07 20:10:15 当前现金：37.99元
Jan 07 20:10:15 
Jan 07 20:10:15 🔔签到领现金, 结束! 🕛 14.195 秒
Jan 07 20:10:15 
Jan 08 00:10:00 
Jan 08 00:10:00 🔔签到领现金, 开始!
Jan 08 00:10:00 
Jan 08 00:10:00 ====================共1个京东账号Cookie=========
Jan 08 00:10:00 
Jan 08 00:10:00 ==================脚本执行- 北京时间(UTC+8)：2022/1/8 上午12:10:00=====================
Jan 08 00:10:00 
Jan 08 00:10:00 开始获取签到领现金配置文件
Jan 08 00:10:00 
Jan 08 00:10:00 共1个京东账号
Jan 08 00:10:00 
Jan 08 00:10:00 您提供了1个账号的签到领现金助力码
Jan 08 00:10:00 
Jan 08 00:11:05 
Jan 08 00:11:05 ******开始【京东账号1】153*****330_p*********
Jan 08 00:11:05 
Jan 08 00:11:14 
Jan 08 00:11:14 【京东账号1（18055698302_p）的签到领现金好友互助码】IhM3aem0b_Ql8Wy6iw
Jan 08 00:11:14 
Jan 08 00:11:14 去做逛一逛任务 1/1
Jan 08 00:11:14 任务完成成功
Jan 08 00:11:19 开始
Jan 08 00:11:23 "connect ECONNREFUSED 103.242.135.130:80"
Jan 08 00:11:23 签到领现金 API请求失败，请检查网路重试
Jan 08 00:11:23 第1个京东账号将要助力的好友[{"inviteCode":"eU9Ya--7Mvkjo2nTwydC1g"}]
Jan 08 00:11:27 
Jan 08 00:11:27 
Jan 08 00:11:27 当前现金：37.99元
Jan 08 00:11:27 
Jan 08 00:11:27 🔔签到领现金, 结束! 🕛 87.219 秒
Jan 08 00:11:27 
Jan 08 04:10:00 
Jan 08 04:10:00 🔔签到领现金, 开始!
Jan 08 04:10:00 
Jan 08 04:10:00 ====================共1个京东账号Cookie=========
Jan 08 04:10:00 
Jan 08 04:10:00 ==================脚本执行- 北京时间(UTC+8)：2022/1/8 上午4:10:00=====================
Jan 08 04:10:00 
Jan 08 04:10:00 开始获取签到领现金配置文件
Jan 08 04:10:00 
Jan 08 04:10:00 共1个京东账号
Jan 08 04:10:00 
Jan 08 04:10:00 您提供了1个账号的签到领现金助力码
Jan 08 04:10:00 
Jan 08 04:10:01 
Jan 08 04:10:01 ******开始【京东账号1】153*****330_p*********
Jan 08 04:10:01 
Jan 08 04:10:31 "Timeout awaiting 'request' for 30000ms"
Jan 08 04:10:31 签到领现金 getSign API请求失败，请检查网路重试
Jan 08 04:10:31 去做逛一逛任务 1/1
Jan 08 04:10:32 任务完成成功
Jan 08 04:10:37 开始
Jan 08 04:10:40 "connect ECONNREFUSED 103.242.135.130:80"
Jan 08 04:10:40 签到领现金 API请求失败，请检查网路重试
Jan 08 04:10:40 第1个京东账号将要助力的好友[{"inviteCode":"eU9Ya--7Mvkjo2nTwydC1g"}]
Jan 08 04:10:49 
Jan 08 04:10:49 
Jan 08 04:10:49 当前现金：38.04元
Jan 08 04:10:49 
Jan 08 04:10:49 🔔签到领现金, 结束! 🕛 48.686 秒
Jan 08 04:10:49 
Jan 08 08:10:01 
Jan 08 08:10:01 🔔签到领现金, 开始!
Jan 08 08:10:01 
Jan 08 08:10:01 ====================共1个京东账号Cookie=========
Jan 08 08:10:01 
Jan 08 08:10:01 ==================脚本执行- 北京时间(UTC+8)：2022/1/8 上午8:10:01=====================
Jan 08 08:10:01 
Jan 08 08:10:01 开始获取签到领现金配置文件
Jan 08 08:10:01 
Jan 08 08:10:01 共1个京东账号
Jan 08 08:10:01 
Jan 08 08:10:01 您提供了1个账号的签到领现金助力码
Jan 08 08:10:01 
Jan 08 08:11:06 
Jan 08 08:11:06 ******开始【京东账号1】153*****330_p*********
Jan 08 08:11:06 
Jan 08 08:11:15 
Jan 08 08:11:15 【京东账号1（18055698302_p）的签到领现金好友互助码】IhM3aem0b_Ql8Wy6iw
Jan 08 08:11:15 
Jan 08 08:11:15 去做逛商品任务 1/7
Jan 08 08:11:22 任务完成成功
Jan 08 08:11:27 去做逛商品任务 2/7
Jan 08 08:11:32 任务完成成功
Jan 08 08:11:37 去做逛商品任务 3/7
Jan 08 08:11:44 任务完成成功
Jan 08 08:11:49 去做逛商品任务 4/7
Jan 08 08:11:58 任务完成成功
Jan 08 08:12:03 去做逛商品任务 5/7
Jan 08 08:12:12 任务完成成功
Jan 08 08:12:17 去做逛商品任务 6/7
Jan 08 08:12:26 任务完成成功
Jan 08 08:12:31 去做逛商品任务 7/7
Jan 08 08:12:37 任务完成成功
Jan 08 08:12:42 去做逛一逛任务 1/1
Jan 08 08:12:50 任务完成成功
Jan 08 08:12:55 去做逛互动任务 1/1
Jan 08 08:13:04 任务完成成功
Jan 08 08:13:09 开始
Jan 08 08:13:12 "connect ECONNREFUSED 103.242.135.130:80"
Jan 08 08:13:12 签到领现金 API请求失败，请检查网路重试
Jan 08 08:13:12 第1个京东账号将要助力的好友[{"inviteCode":"eU9Ya--7Mvkjo2nTwydC1g"}]
Jan 08 08:13:22 
Jan 08 08:13:22 
Jan 08 08:13:22 当前现金：38.07元
Jan 08 08:13:22 
Jan 08 08:13:22 🔔签到领现金, 结束! 🕛 201.078 秒
Jan 08 08:13:22 
Jan 08 12:10:00 
Jan 08 12:10:00 🔔签到领现金, 开始!
Jan 08 12:10:00 
Jan 08 12:10:00 ====================共1个京东账号Cookie=========
Jan 08 12:10:00 
Jan 08 12:10:00 ==================脚本执行- 北京时间(UTC+8)：2022/1/8 下午12:10:00=====================
Jan 08 12:10:00 
Jan 08 12:10:00 开始获取签到领现金配置文件
Jan 08 12:10:00 
Jan 08 12:10:00 共1个京东账号
Jan 08 12:10:00 
Jan 08 12:10:00 您提供了1个账号的签到领现金助力码
Jan 08 12:10:00 
Jan 08 12:10:34 
Jan 08 12:10:34 ******开始【京东账号1】153*****330_p*********
Jan 08 12:10:34 
Jan 08 12:10:43 
Jan 08 12:10:43 【京东账号1（18055698302_p）的签到领现金好友互助码】IhM3aem0b_Ql8Wy6iw
Jan 08 12:10:43 
Jan 08 12:10:43 去做逛商品任务 2/7
Jan 08 12:10:52 任务完成成功
Jan 08 12:10:57 去做逛商品任务 3/7
Jan 08 12:11:06 任务完成成功
Jan 08 12:11:11 去做逛商品任务 4/7
Jan 08 12:11:32 任务完成成功
Jan 08 12:11:37 去做逛商品任务 5/7
Jan 08 12:11:45 任务完成成功
Jan 08 12:11:50 去做逛商品任务 6/7
Jan 08 12:11:59 任务完成成功
Jan 08 12:12:04 去做逛商品任务 7/7
Jan 08 12:12:12 任务完成成功
Jan 08 12:12:18 开始
Jan 08 12:12:21 "connect ECONNREFUSED 103.242.135.130:80"
Jan 08 12:12:21 签到领现金 API请求失败，请检查网路重试
Jan 08 12:12:21 第1个京东账号将要助力的好友[{"inviteCode":"eU9Ya--7Mvkjo2nTwydC1g"}]
Jan 08 12:12:29 
Jan 08 12:12:29 
Jan 08 12:12:29 当前现金：38.08元
Jan 08 12:12:29 
Jan 08 12:12:29 🔔签到领现金, 结束! 🕛 148.586 秒
Jan 08 12:12:29 
Jan 08 16:10:00 
Jan 08 16:10:00 🔔签到领现金, 开始!
Jan 08 16:10:00 
Jan 08 16:10:00 ====================共1个京东账号Cookie=========
Jan 08 16:10:00 
Jan 08 16:10:00 ==================脚本执行- 北京时间(UTC+8)：2022/1/8 下午4:10:00=====================
Jan 08 16:10:00 
Jan 08 16:10:00 开始获取签到领现金配置文件
Jan 08 16:10:00 
Jan 08 16:10:00 共1个京东账号
Jan 08 16:10:00 
Jan 08 16:10:00 您提供了1个账号的签到领现金助力码
Jan 08 16:10:00 
Jan 08 16:10:34 
Jan 08 16:10:34 ******开始【京东账号1】153*****330_p*********
Jan 08 16:10:34 
Jan 08 16:10:44 
Jan 08 16:10:44 【京东账号1（18055698302_p）的签到领现金好友互助码】IhM3aem0b_Ql8Wy6iw
Jan 08 16:10:44 
Jan 08 16:10:44 去做逛商品任务 3/7
Jan 08 16:10:53 任务完成成功
Jan 08 16:10:58 去做逛商品任务 4/7
Jan 08 16:11:07 任务完成成功
Jan 08 16:11:12 去做逛商品任务 5/7
Jan 08 16:11:21 任务完成成功
Jan 08 16:11:26 去做逛商品任务 6/7
Jan 08 16:11:35 任务完成成功
Jan 08 16:11:40 去做逛商品任务 7/7
Jan 08 16:11:50 任务完成成功
Jan 08 16:11:55 开始
Jan 08 16:11:58 "connect ECONNREFUSED 103.242.135.130:80"
Jan 08 16:11:58 签到领现金 API请求失败，请检查网路重试
Jan 08 16:11:58 第1个京东账号将要助力的好友[{"inviteCode":"eU9Ya--7Mvkjo2nTwydC1g"}]
Jan 08 16:12:07 
Jan 08 16:12:07 
Jan 08 16:12:07 当前现金：38.09元
Jan 08 16:12:07 
Jan 08 16:12:07 🔔签到领现金, 结束! 🕛 126.681 秒
Jan 08 16:12:07 
Jan 08 20:10:01 
Jan 08 20:10:01 🔔签到领现金, 开始!
Jan 08 20:10:01 
Jan 08 20:10:01 ====================共1个京东账号Cookie=========
Jan 08 20:10:01 
Jan 08 20:10:01 ==================脚本执行- 北京时间(UTC+8)：2022/1/8 下午8:10:01=====================
Jan 08 20:10:01 
Jan 08 20:10:01 开始获取签到领现金配置文件
Jan 08 20:10:01 
Jan 08 20:10:01 共1个京东账号
Jan 08 20:10:01 
Jan 08 20:10:01 您提供了1个账号的签到领现金助力码
Jan 08 20:10:01 
Jan 08 20:10:04 
Jan 08 20:10:04 ******开始【京东账号1】153*****330_p*********
Jan 08 20:10:04 
Jan 08 20:10:12 
Jan 08 20:10:12 【京东账号1（18055698302_p）的签到领现金好友互助码】IhM3aem0b_Ql8Wy6iw
Jan 08 20:10:12 
Jan 08 20:10:12 去做逛商品任务 4/7
Jan 08 20:10:20 任务完成成功
Jan 08 20:10:25 去做逛商品任务 5/7
Jan 08 20:10:32 任务完成成功
Jan 08 20:10:37 去做逛商品任务 6/7
Jan 08 20:10:45 任务完成成功
Jan 08 20:10:50 去做逛商品任务 7/7
Jan 08 20:10:57 任务完成成功
Jan 08 20:11:02 开始
Jan 08 20:11:05 "connect ECONNREFUSED 103.242.135.130:80"
Jan 08 20:11:05 签到领现金 API请求失败，请检查网路重试
Jan 08 20:11:05 第1个京东账号将要助力的好友[{"inviteCode":"eU9Ya--7Mvkjo2nTwydC1g"}]
Jan 08 20:11:13 
Jan 08 20:11:13 
Jan 08 20:11:13 当前现金：38.1元
Jan 08 20:11:13 
Jan 08 20:11:13 🔔签到领现金, 结束! 🕛 72.242 秒
Jan 08 20:11:13 
Jan 09 00:10:00 
Jan 09 00:10:00 🔔签到领现金, 开始!
Jan 09 00:10:00 
Jan 09 00:10:00 ====================共1个京东账号Cookie=========
Jan 09 00:10:00 
Jan 09 00:10:00 ==================脚本执行- 北京时间(UTC+8)：2022/1/9 上午12:10:00=====================
Jan 09 00:10:00 
Jan 09 00:10:00 开始获取签到领现金配置文件
Jan 09 00:10:00 
Jan 09 00:10:00 共1个京东账号
Jan 09 00:10:00 
Jan 09 00:10:00 您提供了1个账号的签到领现金助力码
Jan 09 00:10:00 
Jan 09 00:10:02 
Jan 09 00:10:02 ******开始【京东账号1】153*****330_p*********
Jan 09 00:10:02 
Jan 09 00:10:10 
Jan 09 00:10:10 【京东账号1（18055698302_p）的签到领现金好友互助码】IhM3aem0b_Ql8Wy6iw
Jan 09 00:10:10 
Jan 09 00:10:10 去做逛商品任务 1/2
Jan 09 00:10:20 任务完成成功
Jan 09 00:10:25 去做逛商品任务 2/2
Jan 09 00:10:29 任务完成成功
Jan 09 00:10:34 去做逛一逛任务 1/3
Jan 09 00:10:41 任务完成成功
Jan 09 00:10:46 去做逛一逛任务 2/3
Jan 09 00:10:52 任务完成成功
Jan 09 00:10:57 去做逛一逛任务 3/3
Jan 09 00:11:20 任务完成成功
Jan 09 00:11:25 去做逛会场任务 1/1
Jan 09 00:11:32 任务完成成功
Jan 09 00:11:37 去做逛好物任务 1/1
Jan 09 00:11:46 任务完成成功
Jan 09 00:11:51 去做逛互动任务 1/3
Jan 09 00:11:56 任务完成成功
Jan 09 00:12:01 去做逛互动任务 2/3
Jan 09 00:12:07 任务完成成功
Jan 09 00:12:12 去做逛互动任务 3/3
Jan 09 00:12:17 任务完成成功
Jan 09 00:12:22 去做逛一逛任务 1/1
Jan 09 00:12:23 任务完成成功
Jan 09 00:12:28 开始
Jan 09 00:12:31 "connect ECONNREFUSED 103.242.135.130:80"
Jan 09 00:12:31 签到领现金 API请求失败，请检查网路重试
Jan 09 00:12:31 第1个京东账号将要助力的好友[{"inviteCode":"eU9Ya--7Mvkjo2nTwydC1g"}]
Jan 09 00:12:39 
Jan 09 00:12:39 
Jan 09 00:12:39 当前现金：38.24元
Jan 09 00:12:39 
Jan 09 00:12:39 🔔签到领现金, 结束! 🕛 158.98 秒
Jan 09 00:12:39 
Jan 09 04:10:00 
Jan 09 04:10:00 🔔签到领现金, 开始!
Jan 09 04:10:00 
Jan 09 04:10:00 ====================共1个京东账号Cookie=========
Jan 09 04:10:00 
Jan 09 04:10:00 ==================脚本执行- 北京时间(UTC+8)：2022/1/9 上午4:10:00=====================
Jan 09 04:10:00 
Jan 09 04:10:00 开始获取签到领现金配置文件
Jan 09 04:10:00 
Jan 09 04:10:00 共1个京东账号
Jan 09 04:10:00 
Jan 09 04:10:00 您提供了1个账号的签到领现金助力码
Jan 09 04:10:00 
Jan 09 04:10:01 
Jan 09 04:10:01 ******开始【京东账号1】153*****330_p*********
Jan 09 04:10:01 
Jan 09 04:10:08 
Jan 09 04:10:08 【京东账号1（18055698302_p）的签到领现金好友互助码】IhM3aem0b_Ql8Wy6iw
Jan 09 04:10:08 
Jan 09 04:10:08 去做逛商品任务 2/2
Jan 09 04:10:16 任务完成成功
Jan 09 04:10:21 开始
Jan 09 04:10:24 "connect ECONNREFUSED 103.242.135.130:80"
Jan 09 04:10:24 签到领现金 API请求失败，请检查网路重试
Jan 09 04:10:24 第1个京东账号将要助力的好友[{"inviteCode":"eU9Ya--7Mvkjo2nTwydC1g"}]
Jan 09 04:10:29 
Jan 09 04:10:29 
Jan 09 04:10:29 当前现金：38.31元
Jan 09 04:10:29 
Jan 09 04:10:29 🔔签到领现金, 结束! 🕛 29.554 秒
Jan 09 04:10:29 
Jan 09 08:10:01 
Jan 09 08:10:01 🔔签到领现金, 开始!
Jan 09 08:10:01 
Jan 09 08:10:01 ====================共1个京东账号Cookie=========
Jan 09 08:10:01 
Jan 09 08:10:01 ==================脚本执行- 北京时间(UTC+8)：2022/1/9 上午8:10:01=====================
Jan 09 08:10:01 
Jan 09 08:10:01 开始获取签到领现金配置文件
Jan 09 08:10:01 
Jan 09 08:10:01 共1个京东账号
Jan 09 08:10:01 
Jan 09 08:10:01 您提供了1个账号的签到领现金助力码
Jan 09 08:10:01 
Jan 09 08:10:03 
Jan 09 08:10:03 ******开始【京东账号1】153*****330_p*********
Jan 09 08:10:03 
Jan 09 08:10:06 
Jan 09 08:10:06 【京东账号1（18055698302_p）的签到领现金好友互助码】IhM3aem0b_Ql8Wy6iw
Jan 09 08:10:06 
Jan 09 08:10:06 开始
Jan 09 08:10:09 "connect ECONNREFUSED 103.242.135.130:80"
Jan 09 08:10:09 签到领现金 API请求失败，请检查网路重试
Jan 09 08:10:09 第1个京东账号将要助力的好友[{"inviteCode":"eU9Ya--7Mvkjo2nTwydC1g"}]
Jan 09 08:10:12 
Jan 09 08:10:12 
Jan 09 08:10:12 当前现金：38.31元
Jan 09 08:10:12 
Jan 09 08:10:12 🔔签到领现金, 结束! 🕛 11.718 秒
Jan 09 08:10:12 
Jan 09 12:10:02 
Jan 09 12:10:02 🔔签到领现金, 开始!
Jan 09 12:10:02 
Jan 09 12:10:02 ====================共1个京东账号Cookie=========
Jan 09 12:10:02 
Jan 09 12:10:02 ==================脚本执行- 北京时间(UTC+8)：2022/1/9 下午12:10:02=====================
Jan 09 12:10:02 
Jan 09 12:10:02 开始获取签到领现金配置文件
Jan 09 12:10:02 
Jan 09 12:10:02 共1个京东账号
Jan 09 12:10:02 
Jan 09 12:10:02 您提供了1个账号的签到领现金助力码
Jan 09 12:10:02 
Jan 09 12:10:04 
Jan 09 12:10:04 ******开始【京东账号1】18055698302_p*********
Jan 09 12:10:04 
Jan 09 12:10:06 
Jan 09 12:10:06 【京东账号1（18055698302_p）的签到领现金好友互助码】IhM3aem0b_Ql8Wy6iw
Jan 09 12:10:06 
Jan 09 12:10:06 开始
Jan 09 12:10:17 "connect ECONNREFUSED 103.242.135.130:80"
Jan 09 12:10:17 签到领现金 API请求失败，请检查网路重试
Jan 09 12:10:17 第1个京东账号将要助力的好友[{"inviteCode":"eU9Ya--7Mvkjo2nTwydC1g"}]
Jan 09 12:10:18 
Jan 09 12:10:18 
Jan 09 12:10:18 当前现金：38.31元
Jan 09 12:10:18 
Jan 09 12:10:18 🔔签到领现金, 结束! 🕛 16.33 秒
Jan 09 12:10:18 
Jan 09 16:10:00 
Jan 09 16:10:00 🔔签到领现金, 开始!
Jan 09 16:10:00 
Jan 09 16:10:00 ====================共1个京东账号Cookie=========
Jan 09 16:10:00 
Jan 09 16:10:00 ==================脚本执行- 北京时间(UTC+8)：2022/1/9 下午4:10:00=====================
Jan 09 16:10:00 
Jan 09 16:10:00 开始获取签到领现金配置文件
Jan 09 16:10:00 
Jan 09 16:10:00 共1个京东账号
Jan 09 16:10:00 
Jan 09 16:10:00 您提供了1个账号的签到领现金助力码
Jan 09 16:10:00 
Jan 09 16:10:33 
Jan 09 16:10:33 ******开始【京东账号1】153*****330_p*********
Jan 09 16:10:33 
Jan 09 16:10:34 
Jan 09 16:10:34 【京东账号1（18055698302_p）的签到领现金好友互助码】IhM3aem0b_Ql8Wy6iw
Jan 09 16:10:34 
Jan 09 16:10:34 开始
Jan 09 16:10:38 "connect ECONNREFUSED 103.242.135.130:80"
Jan 09 16:10:38 签到领现金 API请求失败，请检查网路重试
Jan 09 16:10:38 第1个京东账号将要助力的好友[{"inviteCode":"eU9Ya--7Mvkjo2nTwydC1g"}]
Jan 09 16:10:39 
Jan 09 16:10:39 
Jan 09 16:10:39 当前现金：38.31元
Jan 09 16:10:39 
Jan 09 16:10:39 🔔签到领现金, 结束! 🕛 38.917 秒
Jan 09 16:10:39 
Jan 09 20:10:00 
Jan 09 20:10:00 🔔签到领现金, 开始!
Jan 09 20:10:00 
Jan 09 20:10:00 ====================共1个京东账号Cookie=========
Jan 09 20:10:00 
Jan 09 20:10:00 ==================脚本执行- 北京时间(UTC+8)：2022/1/9 下午8:10:00=====================
Jan 09 20:10:00 
Jan 09 20:10:00 开始获取签到领现金配置文件
Jan 09 20:10:00 
Jan 09 20:10:00 共1个京东账号
Jan 09 20:10:00 
Jan 09 20:10:00 您提供了1个账号的签到领现金助力码
Jan 09 20:10:00 
Jan 09 20:10:02 
Jan 09 20:10:02 ******开始【京东账号1】18055698302_p*********
Jan 09 20:10:02 
Jan 09 20:10:03 
Jan 09 20:10:03 【京东账号1（18055698302_p）的签到领现金好友互助码】IhM3aem0b_Ql8Wy6iw
Jan 09 20:10:03 
Jan 09 20:10:04 开始
Jan 09 20:10:07 "connect ECONNREFUSED 103.242.135.130:80"
Jan 09 20:10:07 签到领现金 API请求失败，请检查网路重试
Jan 09 20:10:07 第1个京东账号将要助力的好友[{"inviteCode":"eU9Ya--7Mvkjo2nTwydC1g"}]
Jan 09 20:10:08 
Jan 09 20:10:08 
Jan 09 20:10:08 当前现金：38.31元
Jan 09 20:10:08 
Jan 09 20:10:08 🔔签到领现金, 结束! 🕛 7.761 秒
Jan 09 20:10:08 
