Jan 07 02:15:00 
Jan 07 02:15:00 🔔内容鉴赏官, 开始!
Jan 07 02:15:01 
Jan 07 02:15:01 ====================共1个京东账号Cookie=========
Jan 07 02:15:01 
Jan 07 02:15:01 ==================脚本执行- 北京时间(UTC+8)：2022/1/7 上午2:15:01=====================
Jan 07 02:15:01 
Jan 07 02:15:02 
Jan 07 02:15:02 ******开始【京东账号1】18055698302_p*********
Jan 07 02:15:02 
Jan 07 02:15:02 去做【每日签到领京豆】
Jan 07 02:15:03 恭喜获得4个京豆
Jan 07 02:15:07 去做【看看喜欢的内容赢1京豆】
Jan 07 02:15:10 恭喜获得1个京豆
Jan 07 02:15:12 去做【PICK你喜欢的视频赢1个京豆】
Jan 07 02:15:27 恭喜获得1个京豆
Jan 07 02:15:27 去做【PICK你喜欢的种草秀赢1个京豆】
Jan 07 02:15:43 恭喜获得1个京豆
Jan 07 02:15:45 去做【看大咖种草秀赢京豆】
Jan 07 02:15:45 奖品与你擦肩而过，明天再来试试看
Jan 07 02:15:49 去做【看精选视频赢京豆】
Jan 07 02:15:53 恭喜获得2个京豆
Jan 07 02:15:55 
Jan 07 02:15:55 🔔内容鉴赏官, 结束! 🕛 54.22 秒
Jan 07 02:15:55 
Jan 07 05:15:01 
Jan 07 05:15:01 🔔内容鉴赏官, 开始!
Jan 07 05:15:01 
Jan 07 05:15:01 ====================共1个京东账号Cookie=========
Jan 07 05:15:01 
Jan 07 05:15:01 ==================脚本执行- 北京时间(UTC+8)：2022/1/7 上午5:15:01=====================
Jan 07 05:15:01 
Jan 07 05:15:03 
Jan 07 05:15:03 ******开始【京东账号1】18055698302_p*********
Jan 07 05:15:03 
Jan 07 05:15:03 去做【每日签到领京豆】
Jan 07 05:15:03 今日已签到
Jan 07 05:15:05 去做【看看喜欢的内容赢1京豆】
Jan 07 05:15:05 任务已完成
Jan 07 05:15:07 去做【PICK你喜欢的视频赢1个京豆】
Jan 07 05:15:07 任务已完成
Jan 07 05:15:07 去做【PICK你喜欢的种草秀赢1个京豆】
Jan 07 05:15:07 任务已完成
Jan 07 05:15:10 去做【看大咖种草秀赢京豆】
Jan 07 05:15:10 任务已完成
Jan 07 05:15:12 去做【看精选视频赢京豆】
Jan 07 05:15:12 任务已完成
Jan 07 05:15:14 
Jan 07 05:15:14 🔔内容鉴赏官, 结束! 🕛 12.698 秒
Jan 07 05:15:14 
Jan 08 02:15:00 
Jan 08 02:15:00 🔔内容鉴赏官, 开始!
Jan 08 02:15:00 
Jan 08 02:15:00 ====================共1个京东账号Cookie=========
Jan 08 02:15:00 
Jan 08 02:15:00 ==================脚本执行- 北京时间(UTC+8)：2022/1/8 上午2:15:00=====================
Jan 08 02:15:00 
Jan 08 02:15:01 
Jan 08 02:15:01 ******开始【京东账号1】18055698302_p*********
Jan 08 02:15:01 
Jan 08 02:15:02 去做【每日签到领京豆】
Jan 08 02:15:02 恭喜获得1个京豆
Jan 08 02:15:06 去做【看看喜欢的内容赢1京豆】
Jan 08 02:15:10 恭喜获得1个京豆
Jan 08 02:15:12 去做【PICK你喜欢的视频赢1个京豆】
Jan 08 02:15:27 恭喜获得1个京豆
Jan 08 02:15:27 去做【PICK你喜欢的种草秀赢1个京豆】
Jan 08 02:15:43 恭喜获得1个京豆
Jan 08 02:15:43 去做【看大咖种草秀赢京豆】
Jan 08 02:15:43 活动太火爆了,请稍后再试~
Jan 08 02:15:47 去做【看精选视频赢京豆】
Jan 08 02:15:51 恭喜获得2个京豆
Jan 08 02:15:55 
Jan 08 02:15:55 🔔内容鉴赏官, 结束! 🕛 54.638 秒
Jan 08 02:15:55 
Jan 08 05:15:01 
Jan 08 05:15:01 🔔内容鉴赏官, 开始!
Jan 08 05:15:01 
Jan 08 05:15:01 ====================共1个京东账号Cookie=========
Jan 08 05:15:01 
Jan 08 05:15:01 ==================脚本执行- 北京时间(UTC+8)：2022/1/8 上午5:15:01=====================
Jan 08 05:15:01 
Jan 08 05:15:02 
Jan 08 05:15:02 ******开始【京东账号1】18055698302_p*********
Jan 08 05:15:02 
Jan 08 05:15:03 去做【每日签到领京豆】
Jan 08 05:15:03 今日已签到
Jan 08 05:15:05 去做【看看喜欢的内容赢1京豆】
Jan 08 05:15:05 任务已完成
Jan 08 05:15:07 去做【PICK你喜欢的视频赢1个京豆】
Jan 08 05:15:07 任务已完成
Jan 08 05:15:07 去做【PICK你喜欢的种草秀赢1个京豆】
Jan 08 05:15:07 任务已完成
Jan 08 05:15:07 去做【看大咖种草秀赢京豆】
Jan 08 05:15:08 奖品与你擦肩而过，明天再来试试看
Jan 08 05:15:12 去做【看精选视频赢京豆】
Jan 08 05:15:12 任务已完成
Jan 08 05:15:16 
Jan 08 05:15:16 🔔内容鉴赏官, 结束! 🕛 15.162 秒
Jan 08 05:15:16 
Jan 09 02:15:00 
Jan 09 02:15:00 🔔内容鉴赏官, 开始!
Jan 09 02:15:00 
Jan 09 02:15:00 ====================共1个京东账号Cookie=========
Jan 09 02:15:00 
Jan 09 02:15:00 ==================脚本执行- 北京时间(UTC+8)：2022/1/9 上午2:15:00=====================
Jan 09 02:15:00 
Jan 09 02:15:02 
Jan 09 02:15:02 ******开始【京东账号1】18055698302_p*********
Jan 09 02:15:02 
Jan 09 02:15:02 去做【每日签到领京豆】
Jan 09 02:15:02 恭喜获得1个京豆
Jan 09 02:15:06 去做【看看喜欢的内容赢1京豆】
Jan 09 02:15:10 恭喜获得1个京豆
Jan 09 02:15:12 去做【PICK你喜欢的视频赢1个京豆】
Jan 09 02:15:27 恭喜获得1个京豆
Jan 09 02:15:27 去做【PICK你喜欢的种草秀赢1个京豆】
Jan 09 02:15:43 恭喜获得1个京豆
Jan 09 02:15:43 去做【看大咖种草秀赢京豆】
Jan 09 02:15:43 活动太火爆了,请稍后再试~
Jan 09 02:15:47 去做【看精选视频赢京豆】
Jan 09 02:15:51 恭喜获得2个京豆
Jan 09 02:15:55 
Jan 09 02:15:55 🔔内容鉴赏官, 结束! 🕛 55.029 秒
Jan 09 02:15:55 
Jan 09 05:15:00 
Jan 09 05:15:00 🔔内容鉴赏官, 开始!
Jan 09 05:15:00 
Jan 09 05:15:00 ====================共1个京东账号Cookie=========
Jan 09 05:15:00 
Jan 09 05:15:00 ==================脚本执行- 北京时间(UTC+8)：2022/1/9 上午5:15:00=====================
Jan 09 05:15:00 
Jan 09 05:15:02 
Jan 09 05:15:02 ******开始【京东账号1】18055698302_p*********
Jan 09 05:15:02 
Jan 09 05:15:02 去做【每日签到领京豆】
Jan 09 05:15:02 今日已签到
Jan 09 05:15:04 去做【看看喜欢的内容赢1京豆】
Jan 09 05:15:04 任务已完成
Jan 09 05:15:06 去做【PICK你喜欢的视频赢1个京豆】
Jan 09 05:15:07 任务已完成
Jan 09 05:15:07 去做【PICK你喜欢的种草秀赢1个京豆】
Jan 09 05:15:07 任务已完成
Jan 09 05:15:07 去做【看大咖种草秀赢京豆】
Jan 09 05:15:07 奖品与你擦肩而过，明天再来试试看
Jan 09 05:15:11 去做【看精选视频赢京豆】
Jan 09 05:15:11 任务已完成
Jan 09 05:15:15 
Jan 09 05:15:15 🔔内容鉴赏官, 结束! 🕛 15.22 秒
Jan 09 05:15:15 
