Jan 07 00:11:00 
Jan 07 00:11:00 🔔领券中心签到, 开始!
Jan 07 00:11:00 
Jan 07 00:11:00 ====================共1个京东账号Cookie=========
Jan 07 00:11:00 
Jan 07 00:11:00 ==================脚本执行- 北京时间(UTC+8)：2022/1/7 上午12:11:00=====================
Jan 07 00:11:00 
Jan 07 00:11:00 
Jan 07 00:11:00 ******开始【京东账号1】18055698302_p*********
Jan 07 00:11:00 
Jan 07 00:11:10 签到成功：获得 30 点点券，可兑¥0.03红包
Jan 07 00:11:12 
Jan 07 00:11:12 🔔领券中心签到, 结束! 🕛 12.262 秒
Jan 07 00:11:12 
Jan 08 00:11:00 
Jan 08 00:11:00 🔔领券中心签到, 开始!
Jan 08 00:11:00 
Jan 08 00:11:00 ====================共1个京东账号Cookie=========
Jan 08 00:11:00 
Jan 08 00:11:00 ==================脚本执行- 北京时间(UTC+8)：2022/1/8 上午12:11:00=====================
Jan 08 00:11:00 
Jan 08 00:11:00 
Jan 08 00:11:00 ******开始【京东账号1】18055698302_p*********
Jan 08 00:11:00 
Jan 08 00:11:19 签到成功：获得 60 点点券，可兑¥0.06红包
Jan 08 00:11:21 
Jan 08 00:11:21 🔔领券中心签到, 结束! 🕛 21.059 秒
Jan 08 00:11:21 
Jan 09 00:11:00 
Jan 09 00:11:00 🔔领券中心签到, 开始!
Jan 09 00:11:00 
Jan 09 00:11:00 ====================共1个京东账号Cookie=========
Jan 09 00:11:00 
Jan 09 00:11:00 ==================脚本执行- 北京时间(UTC+8)：2022/1/9 上午12:11:00=====================
Jan 09 00:11:00 
Jan 09 00:11:00 
Jan 09 00:11:00 ******开始【京东账号1】18055698302_p*********
Jan 09 00:11:00 
Jan 09 00:11:07 签到成功：获得 30 点点券，可兑¥0.03红包
Jan 09 00:11:09 
Jan 09 00:11:09 🔔领券中心签到, 结束! 🕛 9.776 秒
Jan 09 00:11:09 
