Jan 07 00:28:00 
Jan 07 00:28:00 🔔天天提鹅, 开始!
Jan 07 00:28:00 
Jan 07 00:28:00 ====================共1个京东账号Cookie=========
Jan 07 00:28:00 
Jan 07 00:28:00 ==================脚本执行- 北京时间(UTC+8)：2022/1/7 上午12:28:00=====================
Jan 07 00:28:00 
Jan 07 00:28:04 
Jan 07 00:28:04 ***********开始【京东账号1】153*****330_p********
Jan 07 00:28:04 
Jan 07 00:28:05 每日首次登陆签到礼包：10
Jan 07 00:28:05 收取鹅蛋:40个成功
Jan 07 00:28:05 当前总鹅蛋数量:5690
Jan 07 00:28:06 领任务'猜猜大盘涨跌'结果：成功！
Jan 07 00:28:09 兑换金币失败:活动太火爆，请稍后尝试
Jan 07 00:28:09 
Jan 07 00:28:09 🔔天天提鹅, 结束! 🕛 9.228 秒
Jan 07 00:28:09 
Jan 07 01:28:00 
Jan 07 01:28:00 🔔天天提鹅, 开始!
Jan 07 01:28:00 
Jan 07 01:28:00 ====================共1个京东账号Cookie=========
Jan 07 01:28:00 
Jan 07 01:28:00 ==================脚本执行- 北京时间(UTC+8)：2022/1/7 上午1:28:00=====================
Jan 07 01:28:00 
Jan 07 01:28:04 
Jan 07 01:28:04 ***********开始【京东账号1】153*****330_p********
Jan 07 01:28:04 
Jan 07 01:28:05 收取鹅蛋:70个成功
Jan 07 01:28:05 当前总鹅蛋数量:5720
Jan 07 01:28:05 领任务'免费领无限次分期免息'结果：成功！
Jan 07 01:28:09 做任务'免费领无限次分期免息'结果：成功！领奖励结果：成功！获得25个鹅蛋
Jan 07 01:28:10 兑换金币失败:活动太火爆，请稍后尝试
Jan 07 01:28:10 
Jan 07 01:28:10 🔔天天提鹅, 结束! 🕛 9.369 秒
Jan 07 01:28:10 
Jan 07 02:28:00 
Jan 07 02:28:00 🔔天天提鹅, 开始!
Jan 07 02:28:00 
Jan 07 02:28:00 ====================共1个京东账号Cookie=========
Jan 07 02:28:00 
Jan 07 02:28:00 ==================脚本执行- 北京时间(UTC+8)：2022/1/7 上午2:28:00=====================
Jan 07 02:28:00 
Jan 07 02:28:04 
Jan 07 02:28:04 ***********开始【京东账号1】153*****330_p********
Jan 07 02:28:04 
Jan 07 02:28:05 天天提鹅（toDailyHome）：活动太火爆，请稍后尝试
Jan 07 02:28:05 
Jan 07 02:28:05 🔔天天提鹅, 结束! 🕛 4.231 秒
Jan 07 02:28:05 
Jan 07 03:28:00 
Jan 07 03:28:00 🔔天天提鹅, 开始!
Jan 07 03:28:00 
Jan 07 03:28:00 ====================共1个京东账号Cookie=========
Jan 07 03:28:00 
Jan 07 03:28:00 ==================脚本执行- 北京时间(UTC+8)：2022/1/7 上午3:28:00=====================
Jan 07 03:28:00 
Jan 07 03:28:04 
Jan 07 03:28:04 ***********开始【京东账号1】153*****330_p********
Jan 07 03:28:04 
Jan 07 03:28:05 收取鹅蛋:125个成功
Jan 07 03:28:05 当前总鹅蛋数量:5775
Jan 07 03:28:06 领任务'分享最高领88元'结果：成功！
Jan 07 03:28:20 做任务'分享最高领88元'结果：成功！领奖励结果：失败！原因：活动太火爆，请稍后尝试
Jan 07 03:28:20 兑换金币:12
Jan 07 03:28:20 当前总金币:4521
Jan 07 03:28:20 
Jan 07 03:28:20 🔔天天提鹅, 结束! 🕛 19.692 秒
Jan 07 03:28:20 
Jan 07 04:28:00 
Jan 07 04:28:00 🔔天天提鹅, 开始!
Jan 07 04:28:00 
Jan 07 04:28:00 ====================共1个京东账号Cookie=========
Jan 07 04:28:00 
Jan 07 04:28:01 ==================脚本执行- 北京时间(UTC+8)：2022/1/7 上午4:28:00=====================
Jan 07 04:28:01 
Jan 07 04:28:04 
Jan 07 04:28:04 ***********开始【京东账号1】153*****330_p********
Jan 07 04:28:04 
Jan 07 04:28:05 收取鹅蛋:35个成功
Jan 07 04:28:05 当前总鹅蛋数量:5805
Jan 07 04:28:06 任务'分享最高领88元'已可领奖。领奖励结果：失败！原因：活动太火爆，请稍后尝试
Jan 07 04:28:06 领任务'逛逛二手好物集市'结果：成功！
Jan 07 04:28:20 做任务'逛逛二手好物集市'结果：成功！领奖励结果：成功！获得10个鹅蛋
Jan 07 04:28:20 兑换金币:4
Jan 07 04:28:20 当前总金币:4525
Jan 07 04:28:20 
Jan 07 04:28:20 🔔天天提鹅, 结束! 🕛 19.863 秒
Jan 07 04:28:20 
Jan 07 05:28:01 
Jan 07 05:28:01 🔔天天提鹅, 开始!
Jan 07 05:28:01 
Jan 07 05:28:01 ====================共1个京东账号Cookie=========
Jan 07 05:28:01 
Jan 07 05:28:01 ==================脚本执行- 北京时间(UTC+8)：2022/1/7 上午5:28:01=====================
Jan 07 05:28:01 
Jan 07 05:28:04 
Jan 07 05:28:04 ***********开始【京东账号1】153*****330_p********
Jan 07 05:28:04 
Jan 07 05:28:05 收取鹅蛋失败:活动太火爆，请稍后尝试
Jan 07 05:28:06 任务'分享最高领88元'已可领奖。领奖励结果：失败！原因：活动太火爆，请稍后尝试
Jan 07 05:28:06 领任务'完成一笔手机话费充值'结果：失败！原因：活动太火爆，请稍后尝试
Jan 07 05:28:09 领任务'完成一笔500元信用卡还款'结果：失败！原因：活动太火爆，请稍后尝试
Jan 07 05:28:12 领任务'购买1000元黄金产品'结果：成功！
Jan 07 05:28:16 兑换金币失败:剩余数量不足
Jan 07 05:28:16 
Jan 07 05:28:16 🔔天天提鹅, 结束! 🕛 15.207 秒
Jan 07 05:28:16 
Jan 07 06:28:01 
Jan 07 06:28:01 🔔天天提鹅, 开始!
Jan 07 06:28:01 
Jan 07 06:28:01 ====================共1个京东账号Cookie=========
Jan 07 06:28:01 
Jan 07 06:28:01 ==================脚本执行- 北京时间(UTC+8)：2022/1/7 上午6:28:01=====================
Jan 07 06:28:01 
Jan 07 06:28:04 
Jan 07 06:28:04 ***********开始【京东账号1】153*****330_p********
Jan 07 06:28:04 
Jan 07 06:28:05 天天提鹅（toDailyHome）：活动太火爆，请稍后尝试
Jan 07 06:28:05 
Jan 07 06:28:05 🔔天天提鹅, 结束! 🕛 3.87 秒
Jan 07 06:28:05 
Jan 07 07:28:01 
Jan 07 07:28:01 🔔天天提鹅, 开始!
Jan 07 07:28:01 
Jan 07 07:28:01 ====================共1个京东账号Cookie=========
Jan 07 07:28:01 
Jan 07 07:28:01 ==================脚本执行- 北京时间(UTC+8)：2022/1/7 上午7:28:01=====================
Jan 07 07:28:01 
Jan 07 07:28:04 
Jan 07 07:28:04 ***********开始【京东账号1】153*****330_p********
Jan 07 07:28:04 
Jan 07 07:28:05 收取鹅蛋:35个成功
Jan 07 07:28:05 当前总鹅蛋数量:5845
Jan 07 07:28:06 任务'分享最高领88元'已可领奖。领奖励结果：失败！原因：活动太火爆，请稍后尝试
Jan 07 07:28:06 领任务'完成一笔手机话费充值'结果：成功！
Jan 07 07:28:10 兑换金币:3
Jan 07 07:28:10 当前总金币:4528
Jan 07 07:28:10 
Jan 07 07:28:10 🔔天天提鹅, 结束! 🕛 8.694 秒
Jan 07 07:28:10 
Jan 07 08:28:00 
Jan 07 08:28:00 🔔天天提鹅, 开始!
Jan 07 08:28:00 
Jan 07 08:28:00 ====================共1个京东账号Cookie=========
Jan 07 08:28:00 
Jan 07 08:28:00 ==================脚本执行- 北京时间(UTC+8)：2022/1/7 上午8:28:00=====================
Jan 07 08:28:00 
Jan 07 08:28:05 
Jan 07 08:28:05 ***********开始【京东账号1】153*****330_p********
Jan 07 08:28:05 
Jan 07 08:28:06 收取鹅蛋:35个成功
Jan 07 08:28:06 当前总鹅蛋数量:5875
Jan 07 08:28:06 任务'分享最高领88元'已可领奖。领奖励结果：成功！获得10个鹅蛋
Jan 07 08:28:06 领任务'完成一笔500元信用卡还款'结果：成功！
Jan 07 08:28:10 兑换金币:4
Jan 07 08:28:10 当前总金币:4532
Jan 07 08:28:10 
Jan 07 08:28:10 🔔天天提鹅, 结束! 🕛 10.115 秒
Jan 07 08:28:10 
Jan 07 09:28:00 
Jan 07 09:28:00 🔔天天提鹅, 开始!
Jan 07 09:28:00 
Jan 07 09:28:00 ====================共1个京东账号Cookie=========
Jan 07 09:28:00 
Jan 07 09:28:00 ==================脚本执行- 北京时间(UTC+8)：2022/1/7 上午9:28:00=====================
Jan 07 09:28:00 
Jan 07 09:28:04 
Jan 07 09:28:04 ***********开始【京东账号1】153*****330_p********
Jan 07 09:28:04 
Jan 07 09:28:05 天天提鹅（toDailyHome）：活动太火爆，请稍后尝试
Jan 07 09:28:05 
Jan 07 09:28:05 🔔天天提鹅, 结束! 🕛 5.228 秒
Jan 07 09:28:05 
Jan 07 10:28:00 
Jan 07 10:28:00 🔔天天提鹅, 开始!
Jan 07 10:28:00 
Jan 07 10:28:00 ====================共1个京东账号Cookie=========
Jan 07 10:28:00 
Jan 07 10:28:00 ==================脚本执行- 北京时间(UTC+8)：2022/1/7 上午10:28:00=====================
Jan 07 10:28:00 
Jan 07 10:28:04 
Jan 07 10:28:04 ***********开始【京东账号1】153*****330_p********
Jan 07 10:28:04 
Jan 07 10:28:05 收取鹅蛋:35个成功
Jan 07 10:28:05 当前总鹅蛋数量:5915
Jan 07 10:28:05 兑换金币失败:活动太火爆，请稍后尝试
Jan 07 10:28:05 
Jan 07 10:28:05 🔔天天提鹅, 结束! 🕛 5.31 秒
Jan 07 10:28:05 
Jan 07 11:28:00 
Jan 07 11:28:00 🔔天天提鹅, 开始!
Jan 07 11:28:00 
Jan 07 11:28:00 ====================共1个京东账号Cookie=========
Jan 07 11:28:00 
Jan 07 11:28:00 ==================脚本执行- 北京时间(UTC+8)：2022/1/7 上午11:28:00=====================
Jan 07 11:28:00 
Jan 07 11:28:04 
Jan 07 11:28:04 ***********开始【京东账号1】153*****330_p********
Jan 07 11:28:04 
Jan 07 11:28:05 天天提鹅（toDailyHome）：活动太火爆，请稍后尝试
Jan 07 11:28:05 
Jan 07 11:28:05 🔔天天提鹅, 结束! 🕛 5.205 秒
Jan 07 11:28:05 
Jan 07 12:28:00 
Jan 07 12:28:00 🔔天天提鹅, 开始!
Jan 07 12:28:00 
Jan 07 12:28:00 ====================共1个京东账号Cookie=========
Jan 07 12:28:00 
Jan 07 12:28:00 ==================脚本执行- 北京时间(UTC+8)：2022/1/7 下午12:28:00=====================
Jan 07 12:28:00 
Jan 07 12:28:04 
Jan 07 12:28:04 ***********开始【京东账号1】153*****330_p********
Jan 07 12:28:04 
Jan 07 12:28:05 收取鹅蛋:65个成功
Jan 07 12:28:05 当前总鹅蛋数量:5945
Jan 07 12:28:06 兑换金币失败:活动太火爆，请稍后尝试
Jan 07 12:28:06 
Jan 07 12:28:06 🔔天天提鹅, 结束! 🕛 5.664 秒
Jan 07 12:28:06 
Jan 07 13:28:00 
Jan 07 13:28:00 🔔天天提鹅, 开始!
Jan 07 13:28:00 
Jan 07 13:28:00 ====================共1个京东账号Cookie=========
Jan 07 13:28:00 
Jan 07 13:28:00 ==================脚本执行- 北京时间(UTC+8)：2022/1/7 下午1:28:00=====================
Jan 07 13:28:00 
Jan 07 13:28:05 
Jan 07 13:28:05 ***********开始【京东账号1】153*****330_p********
Jan 07 13:28:05 
Jan 07 13:28:06 收取鹅蛋:75个成功
Jan 07 13:28:06 当前总鹅蛋数量:5955
Jan 07 13:28:06 兑换金币:7
Jan 07 13:28:06 当前总金币:5205
Jan 07 13:28:06 
Jan 07 13:28:06 🔔天天提鹅, 结束! 🕛 6.058 秒
Jan 07 13:28:06 
Jan 07 14:28:00 
Jan 07 14:28:00 🔔天天提鹅, 开始!
Jan 07 14:28:00 
Jan 07 14:28:00 ====================共1个京东账号Cookie=========
Jan 07 14:28:00 
Jan 07 14:28:00 ==================脚本执行- 北京时间(UTC+8)：2022/1/7 下午2:28:00=====================
Jan 07 14:28:00 
Jan 07 14:28:04 
Jan 07 14:28:04 ***********开始【京东账号1】153*****330_p********
Jan 07 14:28:04 
Jan 07 14:28:05 收取鹅蛋:13个成功
Jan 07 14:28:05 当前总鹅蛋数量:5963
Jan 07 14:28:06 兑换金币:1
Jan 07 14:28:06 当前总金币:5206
Jan 07 14:28:06 
Jan 07 14:28:06 🔔天天提鹅, 结束! 🕛 5.453 秒
Jan 07 14:28:06 
Jan 07 15:28:00 
Jan 07 15:28:00 🔔天天提鹅, 开始!
Jan 07 15:28:00 
Jan 07 15:28:00 ====================共1个京东账号Cookie=========
Jan 07 15:28:00 
Jan 07 15:28:01 ==================脚本执行- 北京时间(UTC+8)：2022/1/7 下午3:28:00=====================
Jan 07 15:28:01 
Jan 07 15:28:04 
Jan 07 15:28:04 ***********开始【京东账号1】153*****330_p********
Jan 07 15:28:04 
Jan 07 15:28:05 天天提鹅（toDailyHome）：活动太火爆，请稍后尝试
Jan 07 15:28:05 
Jan 07 15:28:05 🔔天天提鹅, 结束! 🕛 4.521 秒
Jan 07 15:28:05 
Jan 07 16:28:01 
Jan 07 16:28:01 🔔天天提鹅, 开始!
Jan 07 16:28:01 
Jan 07 16:28:01 ====================共1个京东账号Cookie=========
Jan 07 16:28:01 
Jan 07 16:28:01 ==================脚本执行- 北京时间(UTC+8)：2022/1/7 下午4:28:01=====================
Jan 07 16:28:01 
Jan 07 16:28:04 
Jan 07 16:28:04 ***********开始【京东账号1】153*****330_p********
Jan 07 16:28:04 
Jan 07 16:28:05 收取鹅蛋:20个成功
Jan 07 16:28:05 当前总鹅蛋数量:5980
Jan 07 16:28:06 兑换金币:2
Jan 07 16:28:06 当前总金币:5208
Jan 07 16:28:06 
Jan 07 16:28:06 🔔天天提鹅, 结束! 🕛 5.452 秒
Jan 07 16:28:06 
Jan 07 17:28:01 
Jan 07 17:28:01 🔔天天提鹅, 开始!
Jan 07 17:28:01 
Jan 07 17:28:01 ====================共1个京东账号Cookie=========
Jan 07 17:28:01 
Jan 07 17:28:01 ==================脚本执行- 北京时间(UTC+8)：2022/1/7 下午5:28:01=====================
Jan 07 17:28:01 
Jan 07 17:28:04 
Jan 07 17:28:04 ***********开始【京东账号1】153*****330_p********
Jan 07 17:28:04 
Jan 07 17:28:05 收取鹅蛋:9个成功
Jan 07 17:28:05 当前总鹅蛋数量:5989
Jan 07 17:28:06 兑换金币失败:剩余数量不足
Jan 07 17:28:06 
Jan 07 17:28:06 🔔天天提鹅, 结束! 🕛 5.094 秒
Jan 07 17:28:06 
Jan 07 18:28:01 
Jan 07 18:28:01 🔔天天提鹅, 开始!
Jan 07 18:28:01 
Jan 07 18:28:01 ====================共1个京东账号Cookie=========
Jan 07 18:28:01 
Jan 07 18:28:01 ==================脚本执行- 北京时间(UTC+8)：2022/1/7 下午6:28:01=====================
Jan 07 18:28:01 
Jan 07 18:28:04 
Jan 07 18:28:04 ***********开始【京东账号1】153*****330_p********
Jan 07 18:28:04 
Jan 07 18:28:05 收取鹅蛋:18个成功
Jan 07 18:28:05 当前总鹅蛋数量:5998
Jan 07 18:28:06 兑换金币失败:活动太火爆，请稍后尝试
Jan 07 18:28:06 
Jan 07 18:28:06 🔔天天提鹅, 结束! 🕛 5.256 秒
Jan 07 18:28:06 
Jan 07 19:28:01 
Jan 07 19:28:01 🔔天天提鹅, 开始!
Jan 07 19:28:01 
Jan 07 19:28:01 ====================共1个京东账号Cookie=========
Jan 07 19:28:01 
Jan 07 19:28:01 ==================脚本执行- 北京时间(UTC+8)：2022/1/7 下午7:28:01=====================
Jan 07 19:28:01 
Jan 07 19:28:04 
Jan 07 19:28:04 ***********开始【京东账号1】153*****330_p********
Jan 07 19:28:04 
Jan 07 19:28:05 收取鹅蛋:26个成功
Jan 07 19:28:05 当前总鹅蛋数量:6006
Jan 07 19:28:06 兑换金币:2
Jan 07 19:28:06 当前总金币:5210
Jan 07 19:28:06 
Jan 07 19:28:06 🔔天天提鹅, 结束! 🕛 5.037 秒
Jan 07 19:28:06 
Jan 07 20:28:01 
Jan 07 20:28:01 🔔天天提鹅, 开始!
Jan 07 20:28:01 
Jan 07 20:28:01 ====================共1个京东账号Cookie=========
Jan 07 20:28:01 
Jan 07 20:28:01 ==================脚本执行- 北京时间(UTC+8)：2022/1/7 下午8:28:01=====================
Jan 07 20:28:01 
Jan 07 20:28:05 
Jan 07 20:28:05 ***********开始【京东账号1】153*****330_p********
Jan 07 20:28:05 
Jan 07 20:28:06 收取鹅蛋:12个成功
Jan 07 20:28:06 当前总鹅蛋数量:6012
Jan 07 20:28:06 兑换金币:1
Jan 07 20:28:06 当前总金币:5211
Jan 07 20:28:06 
Jan 07 20:28:06 🔔天天提鹅, 结束! 🕛 5.294 秒
Jan 07 20:28:06 
Jan 07 21:28:00 
Jan 07 21:28:00 🔔天天提鹅, 开始!
Jan 07 21:28:00 
Jan 07 21:28:00 ====================共1个京东账号Cookie=========
Jan 07 21:28:00 
Jan 07 21:28:00 ==================脚本执行- 北京时间(UTC+8)：2022/1/7 下午9:28:00=====================
Jan 07 21:28:00 
Jan 07 21:28:04 
Jan 07 21:28:04 ***********开始【京东账号1】153*****330_p********
Jan 07 21:28:04 
Jan 07 21:28:05 收取鹅蛋:8个成功
Jan 07 21:28:05 当前总鹅蛋数量:6018
Jan 07 21:28:06 兑换金币失败:活动太火爆，请稍后尝试
Jan 07 21:28:06 
Jan 07 21:28:06 🔔天天提鹅, 结束! 🕛 5.917 秒
Jan 07 21:28:06 
Jan 07 22:28:00 
Jan 07 22:28:00 🔔天天提鹅, 开始!
Jan 07 22:28:00 
Jan 07 22:28:00 ====================共1个京东账号Cookie=========
Jan 07 22:28:00 
Jan 07 22:28:00 ==================脚本执行- 北京时间(UTC+8)：2022/1/7 下午10:28:00=====================
Jan 07 22:28:00 
Jan 07 22:28:04 
Jan 07 22:28:04 ***********开始【京东账号1】153*****330_p********
Jan 07 22:28:04 
Jan 07 22:28:05 收取鹅蛋失败:活动太火爆，请稍后尝试
Jan 07 22:28:05 兑换金币失败:剩余数量不足
Jan 07 22:28:05 
Jan 07 22:28:05 🔔天天提鹅, 结束! 🕛 5.787 秒
Jan 07 22:28:05 
Jan 07 23:28:00 
Jan 07 23:28:00 🔔天天提鹅, 开始!
Jan 07 23:28:00 
Jan 07 23:28:00 ====================共1个京东账号Cookie=========
Jan 07 23:28:00 
Jan 07 23:28:00 ==================脚本执行- 北京时间(UTC+8)：2022/1/7 下午11:28:00=====================
Jan 07 23:28:00 
Jan 07 23:28:04 
Jan 07 23:28:04 ***********开始【京东账号1】153*****330_p********
Jan 07 23:28:04 
Jan 07 23:28:05 收取鹅蛋:19个成功
Jan 07 23:28:05 当前总鹅蛋数量:6029
Jan 07 23:28:06 兑换金币失败:活动太火爆，请稍后尝试
Jan 07 23:28:06 
Jan 07 23:28:06 🔔天天提鹅, 结束! 🕛 5.899 秒
Jan 07 23:28:06 
Jan 08 00:28:00 
Jan 08 00:28:00 🔔天天提鹅, 开始!
Jan 08 00:28:00 
Jan 08 00:28:00 ====================共1个京东账号Cookie=========
Jan 08 00:28:00 
Jan 08 00:28:00 ==================脚本执行- 北京时间(UTC+8)：2022/1/8 上午12:28:00=====================
Jan 08 00:28:00 
Jan 08 00:28:04 
Jan 08 00:28:04 ***********开始【京东账号1】153*****330_p********
Jan 08 00:28:04 
Jan 08 00:28:08 每日首次登陆签到礼包：20
Jan 08 00:28:08 收取鹅蛋失败:活动太火爆，请稍后尝试
Jan 08 00:28:09 领任务'猜猜大盘涨跌'结果：成功！
Jan 08 00:28:12 兑换金币:3
Jan 08 00:28:12 当前总金币:5214
Jan 08 00:28:12 
Jan 08 00:28:12 🔔天天提鹅, 结束! 🕛 12.332 秒
Jan 08 00:28:12 
Jan 08 01:28:00 
Jan 08 01:28:00 🔔天天提鹅, 开始!
Jan 08 01:28:00 
Jan 08 01:28:00 ====================共1个京东账号Cookie=========
Jan 08 01:28:00 
Jan 08 01:28:00 ==================脚本执行- 北京时间(UTC+8)：2022/1/8 上午1:28:00=====================
Jan 08 01:28:00 
Jan 08 01:28:04 
Jan 08 01:28:04 ***********开始【京东账号1】153*****330_p********
Jan 08 01:28:04 
Jan 08 01:28:05 收取鹅蛋:39个成功
Jan 08 01:28:05 当前总鹅蛋数量:6079
Jan 08 01:28:05 领任务'免费领无限次分期免息'结果：成功！
Jan 08 01:28:09 做任务'免费领无限次分期免息'结果：成功！领奖励结果：成功！获得25个鹅蛋
Jan 08 01:28:10 兑换金币:6
Jan 08 01:28:10 当前总金币:5220
Jan 08 01:28:10 
Jan 08 01:28:10 🔔天天提鹅, 结束! 🕛 9.568 秒
Jan 08 01:28:10 
Jan 08 02:28:00 
Jan 08 02:28:00 🔔天天提鹅, 开始!
Jan 08 02:28:00 
Jan 08 02:28:00 ====================共1个京东账号Cookie=========
Jan 08 02:28:00 
Jan 08 02:28:00 ==================脚本执行- 北京时间(UTC+8)：2022/1/8 上午2:28:00=====================
Jan 08 02:28:00 
Jan 08 02:28:04 
Jan 08 02:28:04 ***********开始【京东账号1】153*****330_p********
Jan 08 02:28:04 
Jan 08 02:28:05 收取鹅蛋:34个成功
Jan 08 02:28:05 当前总鹅蛋数量:6134
Jan 08 02:28:05 领任务'分享最高领88元'结果：成功！
Jan 08 02:28:19 做任务'分享最高领88元'结果：成功！领奖励结果：失败！原因：活动太火爆，请稍后尝试
Jan 08 02:28:20 兑换金币:3
Jan 08 02:28:20 当前总金币:5223
Jan 08 02:28:20 
Jan 08 02:28:20 🔔天天提鹅, 结束! 🕛 19.7 秒
Jan 08 02:28:20 
Jan 08 03:28:00 
Jan 08 03:28:00 🔔天天提鹅, 开始!
Jan 08 03:28:00 
Jan 08 03:28:00 ====================共1个京东账号Cookie=========
Jan 08 03:28:00 
Jan 08 03:28:00 ==================脚本执行- 北京时间(UTC+8)：2022/1/8 上午3:28:00=====================
Jan 08 03:28:00 
Jan 08 03:28:04 
Jan 08 03:28:04 ***********开始【京东账号1】153*****330_p********
Jan 08 03:28:04 
Jan 08 03:28:05 收取鹅蛋:34个成功
Jan 08 03:28:05 当前总鹅蛋数量:6164
Jan 08 03:28:07 任务'分享最高领88元'已可领奖。领奖励结果：失败！原因：活动太火爆，请稍后尝试
Jan 08 03:28:07 领任务'逛逛二手好物集市'结果：成功！
Jan 08 03:28:21 做任务'逛逛二手好物集市'结果：成功！领奖励结果：成功！获得10个鹅蛋
Jan 08 03:28:21 兑换金币:4
Jan 08 03:28:21 当前总金币:5227
Jan 08 03:28:21 
Jan 08 03:28:21 🔔天天提鹅, 结束! 🕛 21.106 秒
Jan 08 03:28:21 
Jan 08 04:28:00 
Jan 08 04:28:00 🔔天天提鹅, 开始!
Jan 08 04:28:00 
Jan 08 04:28:00 ====================共1个京东账号Cookie=========
Jan 08 04:28:00 
Jan 08 04:28:01 ==================脚本执行- 北京时间(UTC+8)：2022/1/8 上午4:28:00=====================
Jan 08 04:28:01 
Jan 08 04:28:05 
Jan 08 04:28:05 ***********开始【京东账号1】153*****330_p********
Jan 08 04:28:05 
Jan 08 04:28:06 收取鹅蛋:34个成功
Jan 08 04:28:06 当前总鹅蛋数量:6204
Jan 08 04:28:06 任务'分享最高领88元'已可领奖。领奖励结果：成功！获得10个鹅蛋
Jan 08 04:28:07 领任务'完成一笔手机话费充值'结果：成功！
Jan 08 04:28:10 兑换金币:4
Jan 08 04:28:10 当前总金币:5231
Jan 08 04:28:10 
Jan 08 04:28:10 🔔天天提鹅, 结束! 🕛 9.794 秒
Jan 08 04:28:10 
Jan 08 05:28:00 
Jan 08 05:28:00 🔔天天提鹅, 开始!
Jan 08 05:28:00 
Jan 08 05:28:00 ====================共1个京东账号Cookie=========
Jan 08 05:28:00 
Jan 08 05:28:01 ==================脚本执行- 北京时间(UTC+8)：2022/1/8 上午5:28:00=====================
Jan 08 05:28:01 
Jan 08 05:28:04 
Jan 08 05:28:04 ***********开始【京东账号1】153*****330_p********
Jan 08 05:28:04 
Jan 08 05:28:05 收取鹅蛋:34个成功
Jan 08 05:28:05 当前总鹅蛋数量:6244
Jan 08 05:28:06 领任务'完成一笔500元信用卡还款'结果：失败！原因：活动太火爆，请稍后尝试
Jan 08 05:28:09 领任务'购买1000元黄金产品'结果：成功！
Jan 08 05:28:13 兑换金币:3
Jan 08 05:28:13 当前总金币:5234
Jan 08 05:28:13 
Jan 08 05:28:13 🔔天天提鹅, 结束! 🕛 12.09 秒
Jan 08 05:28:13 
Jan 08 06:28:01 
Jan 08 06:28:01 🔔天天提鹅, 开始!
Jan 08 06:28:01 
Jan 08 06:28:01 ====================共1个京东账号Cookie=========
Jan 08 06:28:01 
Jan 08 06:28:01 ==================脚本执行- 北京时间(UTC+8)：2022/1/8 上午6:28:01=====================
Jan 08 06:28:01 
Jan 08 06:28:04 
Jan 08 06:28:04 ***********开始【京东账号1】153*****330_p********
Jan 08 06:28:04 
Jan 08 06:28:05 收取鹅蛋:34个成功
Jan 08 06:28:05 当前总鹅蛋数量:6274
Jan 08 06:28:06 领任务'完成一笔500元信用卡还款'结果：成功！
Jan 08 06:28:09 兑换金币:3
Jan 08 06:28:09 当前总金币:5237
Jan 08 06:28:09 
Jan 08 06:28:09 🔔天天提鹅, 结束! 🕛 8.616 秒
Jan 08 06:28:09 
Jan 08 07:28:01 
Jan 08 07:28:01 🔔天天提鹅, 开始!
Jan 08 07:28:01 
Jan 08 07:28:01 ====================共1个京东账号Cookie=========
Jan 08 07:28:01 
Jan 08 07:28:01 ==================脚本执行- 北京时间(UTC+8)：2022/1/8 上午7:28:01=====================
Jan 08 07:28:01 
Jan 08 07:28:04 
Jan 08 07:28:04 ***********开始【京东账号1】153*****330_p********
Jan 08 07:28:04 
Jan 08 07:28:06 收取鹅蛋:34个成功
Jan 08 07:28:06 当前总鹅蛋数量:6304
Jan 08 07:28:07 兑换金币:3
Jan 08 07:28:07 当前总金币:5240
Jan 08 07:28:07 
Jan 08 07:28:07 🔔天天提鹅, 结束! 🕛 6.164 秒
Jan 08 07:28:07 
Jan 08 08:28:01 
Jan 08 08:28:01 🔔天天提鹅, 开始!
Jan 08 08:28:01 
Jan 08 08:28:01 ====================共1个京东账号Cookie=========
Jan 08 08:28:01 
Jan 08 08:28:01 ==================脚本执行- 北京时间(UTC+8)：2022/1/8 上午8:28:01=====================
Jan 08 08:28:01 
Jan 08 08:28:04 
Jan 08 08:28:04 ***********开始【京东账号1】153*****330_p********
Jan 08 08:28:04 
Jan 08 08:28:05 收取鹅蛋失败:活动太火爆，请稍后尝试
Jan 08 08:28:09 兑换金币失败:剩余数量不足
Jan 08 08:28:09 
Jan 08 08:28:09 🔔天天提鹅, 结束! 🕛 8.126 秒
Jan 08 08:28:09 
Jan 08 09:28:01 
Jan 08 09:28:01 🔔天天提鹅, 开始!
Jan 08 09:28:01 
Jan 08 09:28:01 ====================共1个京东账号Cookie=========
Jan 08 09:28:01 
Jan 08 09:28:01 ==================脚本执行- 北京时间(UTC+8)：2022/1/8 上午9:28:01=====================
Jan 08 09:28:01 
Jan 08 09:28:04 
Jan 08 09:28:04 ***********开始【京东账号1】153*****330_p********
Jan 08 09:28:04 
Jan 08 09:28:05 收取鹅蛋:34个成功
Jan 08 09:28:05 当前总鹅蛋数量:6334
Jan 08 09:28:06 兑换金币:3
Jan 08 09:28:06 当前总金币:5243
Jan 08 09:28:06 
Jan 08 09:28:06 🔔天天提鹅, 结束! 🕛 5.159 秒
Jan 08 09:28:06 
Jan 08 10:28:00 
Jan 08 10:28:00 🔔天天提鹅, 开始!
Jan 08 10:28:00 
Jan 08 10:28:00 ====================共1个京东账号Cookie=========
Jan 08 10:28:00 
Jan 08 10:28:00 ==================脚本执行- 北京时间(UTC+8)：2022/1/8 上午10:28:00=====================
Jan 08 10:28:00 
Jan 08 10:28:04 
Jan 08 10:28:04 ***********开始【京东账号1】153*****330_p********
Jan 08 10:28:04 
Jan 08 10:28:06 天天提鹅（toDailyHome）：活动太火爆，请稍后尝试
Jan 08 10:28:06 
Jan 08 10:28:06 🔔天天提鹅, 结束! 🕛 5.915 秒
Jan 08 10:28:06 
Jan 08 11:28:00 
Jan 08 11:28:00 🔔天天提鹅, 开始!
Jan 08 11:28:00 
Jan 08 11:28:00 ====================共1个京东账号Cookie=========
Jan 08 11:28:00 
Jan 08 11:28:00 ==================脚本执行- 北京时间(UTC+8)：2022/1/8 上午11:28:00=====================
Jan 08 11:28:00 
Jan 08 11:28:03 
Jan 08 11:28:03 ***********开始【京东账号1】153*****330_p********
Jan 08 11:28:03 
Jan 08 11:28:04 收取鹅蛋:21个成功
Jan 08 11:28:04 当前总鹅蛋数量:6351
Jan 08 11:28:05 兑换金币:2
Jan 08 11:28:05 当前总金币:5245
Jan 08 11:28:05 
Jan 08 11:28:05 🔔天天提鹅, 结束! 🕛 5.003 秒
Jan 08 11:28:05 
Jan 08 12:28:00 
Jan 08 12:28:00 🔔天天提鹅, 开始!
Jan 08 12:28:00 
Jan 08 12:28:00 ====================共1个京东账号Cookie=========
Jan 08 12:28:00 
Jan 08 12:28:00 ==================脚本执行- 北京时间(UTC+8)：2022/1/8 下午12:28:00=====================
Jan 08 12:28:00 
Jan 08 12:28:04 
Jan 08 12:28:04 ***********开始【京东账号1】153*****330_p********
Jan 08 12:28:04 
Jan 08 12:28:05 收取鹅蛋失败:活动太火爆，请稍后尝试
Jan 08 12:28:05 兑换金币失败:剩余数量不足
Jan 08 12:28:05 
Jan 08 12:28:05 🔔天天提鹅, 结束! 🕛 5.538 秒
Jan 08 12:28:05 
Jan 08 13:28:00 
Jan 08 13:28:00 🔔天天提鹅, 开始!
Jan 08 13:28:00 
Jan 08 13:28:00 ====================共1个京东账号Cookie=========
Jan 08 13:28:00 
Jan 08 13:28:00 ==================脚本执行- 北京时间(UTC+8)：2022/1/8 下午1:28:00=====================
Jan 08 13:28:00 
Jan 08 13:28:04 
Jan 08 13:28:04 ***********开始【京东账号1】153*****330_p********
Jan 08 13:28:04 
Jan 08 13:28:04 天天提鹅（toDailyHome）：活动太火爆，请稍后尝试
Jan 08 13:28:04 
Jan 08 13:28:04 🔔天天提鹅, 结束! 🕛 4.541 秒
Jan 08 13:28:04 
Jan 08 14:28:00 
Jan 08 14:28:00 🔔天天提鹅, 开始!
Jan 08 14:28:00 
Jan 08 14:28:00 ====================共1个京东账号Cookie=========
Jan 08 14:28:00 
Jan 08 14:28:00 ==================脚本执行- 北京时间(UTC+8)：2022/1/8 下午2:28:00=====================
Jan 08 14:28:00 
Jan 08 14:28:03 
Jan 08 14:28:03 ***********开始【京东账号1】153*****330_p********
Jan 08 14:28:03 
Jan 08 14:28:05 收取鹅蛋失败:活动太火爆，请稍后尝试
Jan 08 14:28:06 兑换金币失败:剩余数量不足
Jan 08 14:28:06 
Jan 08 14:28:06 🔔天天提鹅, 结束! 🕛 5.957 秒
Jan 08 14:28:06 
Jan 08 15:28:00 
Jan 08 15:28:00 🔔天天提鹅, 开始!
Jan 08 15:28:00 
Jan 08 15:28:00 ====================共1个京东账号Cookie=========
Jan 08 15:28:00 
Jan 08 15:28:00 ==================脚本执行- 北京时间(UTC+8)：2022/1/8 下午3:28:00=====================
Jan 08 15:28:00 
Jan 08 15:28:04 
Jan 08 15:28:04 ***********开始【京东账号1】153*****330_p********
Jan 08 15:28:04 
Jan 08 15:28:05 收取鹅蛋失败:活动太火爆，请稍后尝试
Jan 08 15:28:06 兑换金币失败:剩余数量不足
Jan 08 15:28:06 
Jan 08 15:28:06 🔔天天提鹅, 结束! 🕛 5.883 秒
Jan 08 15:28:06 
Jan 08 16:28:00 
Jan 08 16:28:00 🔔天天提鹅, 开始!
Jan 08 16:28:00 
Jan 08 16:28:00 ====================共1个京东账号Cookie=========
Jan 08 16:28:00 
Jan 08 16:28:00 ==================脚本执行- 北京时间(UTC+8)：2022/1/8 下午4:28:00=====================
Jan 08 16:28:00 
Jan 08 16:28:04 
Jan 08 16:28:04 ***********开始【京东账号1】153*****330_p********
Jan 08 16:28:04 
Jan 08 16:28:04 天天提鹅（toDailyHome）：活动太火爆，请稍后尝试
Jan 08 16:28:04 
Jan 08 16:28:04 🔔天天提鹅, 结束! 🕛 4.435 秒
Jan 08 16:28:04 
Jan 08 17:28:00 
Jan 08 17:28:00 🔔天天提鹅, 开始!
Jan 08 17:28:00 
Jan 08 17:28:00 ====================共1个京东账号Cookie=========
Jan 08 17:28:00 
Jan 08 17:28:00 ==================脚本执行- 北京时间(UTC+8)：2022/1/8 下午5:28:00=====================
Jan 08 17:28:00 
Jan 08 17:28:04 
Jan 08 17:28:04 ***********开始【京东账号1】153*****330_p********
Jan 08 17:28:04 
Jan 08 17:28:05 收取鹅蛋:31个成功
Jan 08 17:28:05 当前总鹅蛋数量:6381
Jan 08 17:28:06 兑换金币:3
Jan 08 17:28:06 当前总金币:5248
Jan 08 17:28:06 
Jan 08 17:28:06 🔔天天提鹅, 结束! 🕛 6.126 秒
Jan 08 17:28:06 
Jan 08 18:28:00 
Jan 08 18:28:00 🔔天天提鹅, 开始!
Jan 08 18:28:00 
Jan 08 18:28:00 ====================共1个京东账号Cookie=========
Jan 08 18:28:00 
Jan 08 18:28:00 ==================脚本执行- 北京时间(UTC+8)：2022/1/8 下午6:28:00=====================
Jan 08 18:28:00 
Jan 08 18:28:04 
Jan 08 18:28:04 ***********开始【京东账号1】153*****330_p********
Jan 08 18:28:04 
Jan 08 18:28:05 收取鹅蛋:9个成功
Jan 08 18:28:05 当前总鹅蛋数量:6389
Jan 08 18:28:05 兑换金币失败:活动太火爆，请稍后尝试
Jan 08 18:28:05 
Jan 08 18:28:05 🔔天天提鹅, 结束! 🕛 5.047 秒
Jan 08 18:28:05 
Jan 08 19:28:00 
Jan 08 19:28:00 🔔天天提鹅, 开始!
Jan 08 19:28:00 
Jan 08 19:28:00 ====================共1个京东账号Cookie=========
Jan 08 19:28:00 
Jan 08 19:28:01 ==================脚本执行- 北京时间(UTC+8)：2022/1/8 下午7:28:00=====================
Jan 08 19:28:01 
Jan 08 19:28:04 
Jan 08 19:28:04 ***********开始【京东账号1】153*****330_p********
Jan 08 19:28:04 
Jan 08 19:28:05 收取鹅蛋:16个成功
Jan 08 19:28:05 当前总鹅蛋数量:6396
Jan 08 19:28:07 兑换金币:1
Jan 08 19:28:07 当前总金币:5249
Jan 08 19:28:07 
Jan 08 19:28:07 🔔天天提鹅, 结束! 🕛 6.261 秒
Jan 08 19:28:07 
Jan 08 20:28:00 
Jan 08 20:28:00 🔔天天提鹅, 开始!
Jan 08 20:28:01 
Jan 08 20:28:01 ====================共1个京东账号Cookie=========
Jan 08 20:28:01 
Jan 08 20:28:01 ==================脚本执行- 北京时间(UTC+8)：2022/1/8 下午8:28:01=====================
Jan 08 20:28:01 
Jan 08 20:28:04 
Jan 08 20:28:04 ***********开始【京东账号1】153*****330_p********
Jan 08 20:28:04 
Jan 08 20:28:05 收取鹅蛋失败:活动太火爆，请稍后尝试
Jan 08 20:28:06 兑换金币失败:活动太火爆，请稍后尝试
Jan 08 20:28:06 
Jan 08 20:28:06 🔔天天提鹅, 结束! 🕛 5.198 秒
Jan 08 20:28:06 
Jan 08 21:28:01 
Jan 08 21:28:01 🔔天天提鹅, 开始!
Jan 08 21:28:01 
Jan 08 21:28:01 ====================共1个京东账号Cookie=========
Jan 08 21:28:01 
Jan 08 21:28:01 ==================脚本执行- 北京时间(UTC+8)：2022/1/8 下午9:28:01=====================
Jan 08 21:28:01 
Jan 08 21:28:04 
Jan 08 21:28:04 ***********开始【京东账号1】153*****330_p********
Jan 08 21:28:04 
Jan 08 21:28:06 收取鹅蛋:18个成功
Jan 08 21:28:06 当前总鹅蛋数量:6408
Jan 08 21:28:07 兑换金币:1
Jan 08 21:28:07 当前总金币:5250
Jan 08 21:28:07 
Jan 08 21:28:07 🔔天天提鹅, 结束! 🕛 6.294 秒
Jan 08 21:28:07 
Jan 08 22:28:01 
Jan 08 22:28:01 🔔天天提鹅, 开始!
Jan 08 22:28:01 
Jan 08 22:28:01 ====================共1个京东账号Cookie=========
Jan 08 22:28:01 
Jan 08 22:28:01 ==================脚本执行- 北京时间(UTC+8)：2022/1/8 下午10:28:01=====================
Jan 08 22:28:01 
Jan 08 22:28:04 
Jan 08 22:28:04 ***********开始【京东账号1】153*****330_p********
Jan 08 22:28:04 
Jan 08 22:28:05 收取鹅蛋失败:活动太火爆，请稍后尝试
Jan 08 22:28:06 兑换金币失败:剩余数量不足
Jan 08 22:28:06 
Jan 08 22:28:06 🔔天天提鹅, 结束! 🕛 5.022 秒
Jan 08 22:28:06 
Jan 08 23:28:01 
Jan 08 23:28:01 🔔天天提鹅, 开始!
Jan 08 23:28:01 
Jan 08 23:28:01 ====================共1个京东账号Cookie=========
Jan 08 23:28:01 
Jan 08 23:28:01 ==================脚本执行- 北京时间(UTC+8)：2022/1/8 下午11:28:01=====================
Jan 08 23:28:01 
Jan 08 23:28:04 
Jan 08 23:28:04 ***********开始【京东账号1】153*****330_p********
Jan 08 23:28:04 
Jan 08 23:28:05 收取鹅蛋:19个成功
Jan 08 23:28:05 当前总鹅蛋数量:6419
Jan 08 23:28:06 兑换金币:1
Jan 08 23:28:06 当前总金币:5251
Jan 08 23:28:06 
Jan 08 23:28:06 🔔天天提鹅, 结束! 🕛 5.039 秒
Jan 08 23:28:06 
Jan 09 00:28:00 
Jan 09 00:28:00 🔔天天提鹅, 开始!
Jan 09 00:28:00 
Jan 09 00:28:00 ====================共1个京东账号Cookie=========
Jan 09 00:28:00 
Jan 09 00:28:00 ==================脚本执行- 北京时间(UTC+8)：2022/1/9 上午12:28:00=====================
Jan 09 00:28:00 
Jan 09 00:28:04 
Jan 09 00:28:04 ***********开始【京东账号1】153*****330_p********
Jan 09 00:28:04 
Jan 09 00:28:04 天天提鹅（toDailyHome）：活动太火爆，请稍后尝试
Jan 09 00:28:04 
Jan 09 00:28:04 🔔天天提鹅, 结束! 🕛 4.664 秒
Jan 09 00:28:04 
Jan 09 01:28:00 
Jan 09 01:28:00 🔔天天提鹅, 开始!
Jan 09 01:28:00 
Jan 09 01:28:00 ====================共1个京东账号Cookie=========
Jan 09 01:28:00 
Jan 09 01:28:00 ==================脚本执行- 北京时间(UTC+8)：2022/1/9 上午1:28:00=====================
Jan 09 01:28:00 
Jan 09 01:28:03 
Jan 09 01:28:03 ***********开始【京东账号1】153*****330_p********
Jan 09 01:28:03 
Jan 09 01:28:07 每日首次登陆签到礼包：30
Jan 09 01:28:08 收取鹅蛋:67个成功
Jan 09 01:28:08 当前总鹅蛋数量:6477
Jan 09 01:28:08 领任务'逛京东金融年货节'结果：成功！
Jan 09 01:28:22 做任务'逛京东金融年货节'结果：成功！领奖励结果：成功！获得10个鹅蛋
Jan 09 01:28:23 兑换金币:7
Jan 09 01:28:23 当前总金币:5258
Jan 09 01:28:23 
Jan 09 01:28:23 🔔天天提鹅, 结束! 🕛 22.888 秒
Jan 09 01:28:23 
Jan 09 02:28:00 
Jan 09 02:28:00 🔔天天提鹅, 开始!
Jan 09 02:28:00 
Jan 09 02:28:00 ====================共1个京东账号Cookie=========
Jan 09 02:28:00 
Jan 09 02:28:00 ==================脚本执行- 北京时间(UTC+8)：2022/1/9 上午2:28:00=====================
Jan 09 02:28:00 
Jan 09 02:28:04 
Jan 09 02:28:04 ***********开始【京东账号1】153*****330_p********
Jan 09 02:28:04 
Jan 09 02:28:05 收取鹅蛋:37个成功
Jan 09 02:28:05 当前总鹅蛋数量:6517
Jan 09 02:28:05 领任务'猜猜大盘涨跌'结果：成功！
Jan 09 02:28:09 兑换金币失败:活动太火爆，请稍后尝试
Jan 09 02:28:09 
Jan 09 02:28:09 🔔天天提鹅, 结束! 🕛 8.855 秒
Jan 09 02:28:09 
Jan 09 03:28:00 
Jan 09 03:28:00 🔔天天提鹅, 开始!
Jan 09 03:28:00 
Jan 09 03:28:00 ====================共1个京东账号Cookie=========
Jan 09 03:28:00 
Jan 09 03:28:00 ==================脚本执行- 北京时间(UTC+8)：2022/1/9 上午3:28:00=====================
Jan 09 03:28:00 
Jan 09 03:28:04 
Jan 09 03:28:04 ***********开始【京东账号1】153*****330_p********
Jan 09 03:28:04 
Jan 09 03:28:05 天天提鹅（toDailyHome）：活动太火爆，请稍后尝试
Jan 09 03:28:05 
Jan 09 03:28:05 🔔天天提鹅, 结束! 🕛 4.884 秒
Jan 09 03:28:05 
Jan 09 04:28:00 
Jan 09 04:28:00 🔔天天提鹅, 开始!
Jan 09 04:28:00 
Jan 09 04:28:00 ====================共1个京东账号Cookie=========
Jan 09 04:28:00 
Jan 09 04:28:00 ==================脚本执行- 北京时间(UTC+8)：2022/1/9 上午4:28:00=====================
Jan 09 04:28:00 
Jan 09 04:28:04 
Jan 09 04:28:04 ***********开始【京东账号1】153*****330_p********
Jan 09 04:28:04 
Jan 09 04:28:05 收取鹅蛋:67个成功
Jan 09 04:28:05 当前总鹅蛋数量:6547
Jan 09 04:28:06 领任务'免费领无限次分期免息'结果：成功！
Jan 09 04:28:09 做任务'免费领无限次分期免息'结果：成功！领奖励结果：失败！原因：活动太火爆，请稍后尝试
Jan 09 04:28:10 兑换金币失败:活动太火爆，请稍后尝试
Jan 09 04:28:10 
Jan 09 04:28:10 🔔天天提鹅, 结束! 🕛 9.694 秒
Jan 09 04:28:10 
Jan 09 05:28:00 
Jan 09 05:28:00 🔔天天提鹅, 开始!
Jan 09 05:28:00 
Jan 09 05:28:00 ====================共1个京东账号Cookie=========
Jan 09 05:28:00 
Jan 09 05:28:00 ==================脚本执行- 北京时间(UTC+8)：2022/1/9 上午5:28:00=====================
Jan 09 05:28:00 
Jan 09 05:28:03 
Jan 09 05:28:03 ***********开始【京东账号1】153*****330_p********
Jan 09 05:28:03 
Jan 09 05:28:04 天天提鹅（toDailyHome）：活动太火爆，请稍后尝试
Jan 09 05:28:04 
Jan 09 05:28:04 🔔天天提鹅, 结束! 🕛 4.047 秒
Jan 09 05:28:04 
Jan 09 06:28:00 
Jan 09 06:28:00 🔔天天提鹅, 开始!
Jan 09 06:28:00 
Jan 09 06:28:00 ====================共1个京东账号Cookie=========
Jan 09 06:28:00 
Jan 09 06:28:00 ==================脚本执行- 北京时间(UTC+8)：2022/1/9 上午6:28:00=====================
Jan 09 06:28:00 
Jan 09 06:28:04 
Jan 09 06:28:04 ***********开始【京东账号1】153*****330_p********
Jan 09 06:28:04 
Jan 09 06:28:04 天天提鹅（toDailyHome）：活动太火爆，请稍后尝试
Jan 09 06:28:04 
Jan 09 06:28:04 🔔天天提鹅, 结束! 🕛 4.101 秒
Jan 09 06:28:04 
Jan 09 07:28:00 
Jan 09 07:28:00 🔔天天提鹅, 开始!
Jan 09 07:28:00 
Jan 09 07:28:00 ====================共1个京东账号Cookie=========
Jan 09 07:28:00 
Jan 09 07:28:00 ==================脚本执行- 北京时间(UTC+8)：2022/1/9 上午7:28:00=====================
Jan 09 07:28:00 
Jan 09 07:28:04 
Jan 09 07:28:04 ***********开始【京东账号1】153*****330_p********
Jan 09 07:28:04 
Jan 09 07:28:08 收取鹅蛋:97个成功
Jan 09 07:28:08 当前总鹅蛋数量:6577
Jan 09 07:28:09 任务'免费领无限次分期免息'已可领奖。领奖励结果：成功！获得25个鹅蛋
Jan 09 07:28:09 领任务'分享最高领88元'结果：成功！
Jan 09 07:28:23 做任务'分享最高领88元'结果：成功！领奖励结果：失败！原因：活动太火爆，请稍后尝试
Jan 09 07:28:23 兑换金币:12
Jan 09 07:28:23 当前总金币:5270
Jan 09 07:28:23 
Jan 09 07:28:23 🔔天天提鹅, 结束! 🕛 22.896 秒
Jan 09 07:28:23 
Jan 09 08:28:00 
Jan 09 08:28:00 🔔天天提鹅, 开始!
Jan 09 08:28:01 
Jan 09 08:28:01 ====================共1个京东账号Cookie=========
Jan 09 08:28:01 
Jan 09 08:28:01 ==================脚本执行- 北京时间(UTC+8)：2022/1/9 上午8:28:01=====================
Jan 09 08:28:01 
Jan 09 08:28:05 
Jan 09 08:28:05 ***********开始【京东账号1】153*****330_p********
Jan 09 08:28:05 
Jan 09 08:28:06 收取鹅蛋失败:活动太火爆，请稍后尝试
Jan 09 08:28:07 任务'分享最高领88元'已可领奖。领奖励结果：失败！原因：活动太火爆，请稍后尝试
Jan 09 08:28:07 领任务'逛逛二手好物集市'结果：成功！
Jan 09 08:28:21 做任务'逛逛二手好物集市'结果：成功！领奖励结果：失败！原因：活动太火爆，请稍后尝试
Jan 09 08:28:21 兑换金币失败:剩余数量不足
Jan 09 08:28:21 
Jan 09 08:28:21 🔔天天提鹅, 结束! 🕛 20.53 秒
Jan 09 08:28:21 
Jan 09 09:28:00 
Jan 09 09:28:00 🔔天天提鹅, 开始!
Jan 09 09:28:00 
Jan 09 09:28:00 ====================共1个京东账号Cookie=========
Jan 09 09:28:00 
Jan 09 09:28:01 ==================脚本执行- 北京时间(UTC+8)：2022/1/9 上午9:28:00=====================
Jan 09 09:28:01 
Jan 09 09:28:04 
Jan 09 09:28:04 ***********开始【京东账号1】153*****330_p********
Jan 09 09:28:04 
Jan 09 09:28:05 收取鹅蛋:32个成功
Jan 09 09:28:05 当前总鹅蛋数量:6632
Jan 09 09:28:06 任务'分享最高领88元'已可领奖。领奖励结果：成功！获得10个鹅蛋
Jan 09 09:28:06 任务'逛逛二手好物集市'已可领奖。领奖励结果：失败！原因：活动太火爆，请稍后尝试
Jan 09 09:28:06 领任务'浏览MaxBox年货礼盒'结果：成功！
Jan 09 09:28:20 做任务'浏览MaxBox年货礼盒'结果：成功！领奖励结果：失败！原因：活动太火爆，请稍后尝试
Jan 09 09:28:20 兑换金币失败:活动太火爆，请稍后尝试
Jan 09 09:28:20 
Jan 09 09:28:20 🔔天天提鹅, 结束! 🕛 19.921 秒
Jan 09 09:28:20 
Jan 09 10:28:01 
Jan 09 10:28:01 🔔天天提鹅, 开始!
Jan 09 10:28:01 
Jan 09 10:28:01 ====================共1个京东账号Cookie=========
Jan 09 10:28:01 
Jan 09 10:28:01 ==================脚本执行- 北京时间(UTC+8)：2022/1/9 上午10:28:01=====================
Jan 09 10:28:01 
Jan 09 10:28:04 
Jan 09 10:28:04 ***********开始【京东账号1】153*****330_p********
Jan 09 10:28:04 
Jan 09 10:28:05 天天提鹅（toDailyHome）：活动太火爆，请稍后尝试
Jan 09 10:28:05 
Jan 09 10:28:05 🔔天天提鹅, 结束! 🕛 3.894 秒
Jan 09 10:28:05 
Jan 09 11:28:01 
Jan 09 11:28:01 🔔天天提鹅, 开始!
Jan 09 11:28:01 
Jan 09 11:28:01 ====================共1个京东账号Cookie=========
Jan 09 11:28:01 
Jan 09 11:28:01 ==================脚本执行- 北京时间(UTC+8)：2022/1/9 上午11:28:01=====================
Jan 09 11:28:01 
Jan 09 11:28:04 
Jan 09 11:28:04 ***********开始【京东账号1】153*****330_p********
Jan 09 11:28:04 
Jan 09 11:28:05 收取鹅蛋:72个成功
Jan 09 11:28:05 当前总鹅蛋数量:6672
Jan 09 11:28:06 任务'逛逛二手好物集市'已可领奖。领奖励结果：成功！获得10个鹅蛋
Jan 09 11:28:06 任务'浏览MaxBox年货礼盒'已可领奖。领奖励结果：成功！获得10个鹅蛋
Jan 09 11:28:06 领任务'完成一笔手机话费充值'结果：成功！
Jan 09 11:28:10 兑换金币:9
Jan 09 11:28:10 当前总金币:5279
Jan 09 11:28:10 
Jan 09 11:28:10 🔔天天提鹅, 结束! 🕛 8.971 秒
Jan 09 11:28:10 
Jan 09 12:28:01 
Jan 09 12:28:01 🔔天天提鹅, 开始!
Jan 09 12:28:01 
Jan 09 12:28:01 ====================共1个京东账号Cookie=========
Jan 09 12:28:01 
Jan 09 12:28:01 ==================脚本执行- 北京时间(UTC+8)：2022/1/9 下午12:28:01=====================
Jan 09 12:28:01 
Jan 09 12:28:04 
Jan 09 12:28:04 ***********开始【京东账号1】153*****330_p********
Jan 09 12:28:04 
Jan 09 12:28:06 收取鹅蛋:32个成功
Jan 09 12:28:06 当前总鹅蛋数量:6722
Jan 09 12:28:06 领任务'完成一笔500元信用卡还款'结果：成功！
Jan 09 12:28:10 兑换金币:3
Jan 09 12:28:10 当前总金币:5282
Jan 09 12:28:10 
Jan 09 12:28:10 🔔天天提鹅, 结束! 🕛 8.871 秒
Jan 09 12:28:10 
Jan 09 13:28:00 
Jan 09 13:28:00 🔔天天提鹅, 开始!
Jan 09 13:28:00 
Jan 09 13:28:00 ====================共1个京东账号Cookie=========
Jan 09 13:28:00 
Jan 09 13:28:00 ==================脚本执行- 北京时间(UTC+8)：2022/1/9 下午1:28:00=====================
Jan 09 13:28:00 
Jan 09 13:28:03 
Jan 09 13:28:03 ***********开始【京东账号1】153*****330_p********
Jan 09 13:28:03 
Jan 09 13:28:05 天天提鹅（toDailyHome）：活动太火爆，请稍后尝试
Jan 09 13:28:05 
Jan 09 13:28:05 🔔天天提鹅, 结束! 🕛 5.276 秒
Jan 09 13:28:05 
Jan 09 14:28:00 
Jan 09 14:28:00 🔔天天提鹅, 开始!
Jan 09 14:28:00 
Jan 09 14:28:00 ====================共1个京东账号Cookie=========
Jan 09 14:28:00 
Jan 09 14:28:00 ==================脚本执行- 北京时间(UTC+8)：2022/1/9 下午2:28:00=====================
Jan 09 14:28:00 
Jan 09 14:28:03 
Jan 09 14:28:03 ***********开始【京东账号1】153*****330_p********
Jan 09 14:28:03 
Jan 09 14:28:04 收取鹅蛋:32个成功
Jan 09 14:28:04 当前总鹅蛋数量:6752
Jan 09 14:28:07 领任务'购买1000元黄金产品'结果：失败！原因：活动太火爆，请稍后尝试
Jan 09 14:28:11 兑换金币:3
Jan 09 14:28:11 当前总金币:5285
Jan 09 14:28:11 
Jan 09 14:28:11 🔔天天提鹅, 结束! 🕛 11.059 秒
Jan 09 14:28:11 
Jan 09 15:28:00 
Jan 09 15:28:00 🔔天天提鹅, 开始!
Jan 09 15:28:00 
Jan 09 15:28:00 ====================共1个京东账号Cookie=========
Jan 09 15:28:00 
Jan 09 15:28:00 ==================脚本执行- 北京时间(UTC+8)：2022/1/9 下午3:28:00=====================
Jan 09 15:28:00 
Jan 09 15:28:04 
Jan 09 15:28:04 ***********开始【京东账号1】153*****330_p********
Jan 09 15:28:04 
Jan 09 15:28:06 收取鹅蛋:12个成功
Jan 09 15:28:06 当前总鹅蛋数量:6762
Jan 09 15:28:07 领任务'购买1000元黄金产品'结果：失败！原因：活动太火爆，请稍后尝试
Jan 09 15:28:10 兑换金币失败:活动太火爆，请稍后尝试
Jan 09 15:28:10 
Jan 09 15:28:10 🔔天天提鹅, 结束! 🕛 10.198 秒
Jan 09 15:28:10 
Jan 09 16:28:00 
Jan 09 16:28:00 🔔天天提鹅, 开始!
Jan 09 16:28:00 
Jan 09 16:28:00 ====================共1个京东账号Cookie=========
Jan 09 16:28:00 
Jan 09 16:28:00 ==================脚本执行- 北京时间(UTC+8)：2022/1/9 下午4:28:00=====================
Jan 09 16:28:00 
Jan 09 16:28:04 
Jan 09 16:28:04 ***********开始【京东账号1】153*****330_p********
Jan 09 16:28:04 
Jan 09 16:28:05 收取鹅蛋失败:活动太火爆，请稍后尝试
Jan 09 16:28:05 领任务'购买1000元黄金产品'结果：失败！原因：活动太火爆，请稍后尝试
Jan 09 16:28:08 兑换金币:1
Jan 09 16:28:08 当前总金币:5286
Jan 09 16:28:08 
Jan 09 16:28:08 🔔天天提鹅, 结束! 🕛 8.65 秒
Jan 09 16:28:08 
Jan 09 17:28:00 
Jan 09 17:28:00 🔔天天提鹅, 开始!
Jan 09 17:28:00 
Jan 09 17:28:00 ====================共1个京东账号Cookie=========
Jan 09 17:28:00 
Jan 09 17:28:00 ==================脚本执行- 北京时间(UTC+8)：2022/1/9 下午5:28:00=====================
Jan 09 17:28:00 
Jan 09 17:28:03 
Jan 09 17:28:03 ***********开始【京东账号1】153*****330_p********
Jan 09 17:28:03 
Jan 09 17:28:05 收取鹅蛋:19个成功
Jan 09 17:28:05 当前总鹅蛋数量:6779
Jan 09 17:28:05 领任务'购买1000元黄金产品'结果：成功！
Jan 09 17:28:09 兑换金币:1
Jan 09 17:28:09 当前总金币:5287
Jan 09 17:28:09 
Jan 09 17:28:09 🔔天天提鹅, 结束! 🕛 8.84 秒
Jan 09 17:28:09 
Jan 09 18:28:00 
Jan 09 18:28:00 🔔天天提鹅, 开始!
Jan 09 18:28:00 
Jan 09 18:28:00 ====================共1个京东账号Cookie=========
Jan 09 18:28:00 
Jan 09 18:28:00 ==================脚本执行- 北京时间(UTC+8)：2022/1/9 下午6:28:00=====================
Jan 09 18:28:00 
Jan 09 18:28:03 
Jan 09 18:28:03 ***********开始【京东账号1】153*****330_p********
Jan 09 18:28:03 
Jan 09 18:28:04 收取鹅蛋:17个成功
Jan 09 18:28:04 当前总鹅蛋数量:6787
Jan 09 18:28:05 兑换金币:1
Jan 09 18:28:05 当前总金币:5288
Jan 09 18:28:05 
Jan 09 18:28:05 🔔天天提鹅, 结束! 🕛 5.007 秒
Jan 09 18:28:05 
Jan 09 19:28:00 
Jan 09 19:28:00 🔔天天提鹅, 开始!
Jan 09 19:28:00 
Jan 09 19:28:00 ====================共1个京东账号Cookie=========
Jan 09 19:28:00 
Jan 09 19:28:00 ==================脚本执行- 北京时间(UTC+8)：2022/1/9 下午7:28:00=====================
Jan 09 19:28:00 
Jan 09 19:28:04 
Jan 09 19:28:04 ***********开始【京东账号1】153*****330_p********
Jan 09 19:28:04 
Jan 09 19:28:05 收取鹅蛋:16个成功
Jan 09 19:28:05 当前总鹅蛋数量:6796
Jan 09 19:28:06 兑换金币失败:活动太火爆，请稍后尝试
Jan 09 19:28:06 
Jan 09 19:28:06 🔔天天提鹅, 结束! 🕛 5.52 秒
Jan 09 19:28:06 
Jan 09 20:28:00 
Jan 09 20:28:00 🔔天天提鹅, 开始!
Jan 09 20:28:00 
Jan 09 20:28:00 ====================共1个京东账号Cookie=========
Jan 09 20:28:00 
Jan 09 20:28:00 ==================脚本执行- 北京时间(UTC+8)：2022/1/9 下午8:28:00=====================
Jan 09 20:28:00 
Jan 09 20:28:04 
Jan 09 20:28:04 ***********开始【京东账号1】153*****330_p********
Jan 09 20:28:04 
Jan 09 20:28:05 收取鹅蛋:25个成功
Jan 09 20:28:05 当前总鹅蛋数量:6805
Jan 09 20:28:06 兑换金币:2
Jan 09 20:28:06 当前总金币:5290
Jan 09 20:28:06 
Jan 09 20:28:06 🔔天天提鹅, 结束! 🕛 5.485 秒
Jan 09 20:28:06 
Jan 09 21:28:00 
Jan 09 21:28:00 🔔天天提鹅, 开始!
Jan 09 21:28:00 
Jan 09 21:28:00 ====================共1个京东账号Cookie=========
Jan 09 21:28:00 
Jan 09 21:28:00 ==================脚本执行- 北京时间(UTC+8)：2022/1/9 下午9:28:00=====================
Jan 09 21:28:00 
Jan 09 21:28:04 
Jan 09 21:28:04 ***********开始【京东账号1】153*****330_p********
Jan 09 21:28:04 
Jan 09 21:28:05 天天提鹅（toDailyHome）：活动太火爆，请稍后尝试
Jan 09 21:28:05 
Jan 09 21:28:05 🔔天天提鹅, 结束! 🕛 4.33 秒
Jan 09 21:28:05 
