Jan 07 01:30:01 
Jan 07 01:30:01 🔔小鸽有礼-每日抽奖, 开始!
Jan 07 01:30:01 
Jan 07 01:30:01 ====================共1个京东账号Cookie=========
Jan 07 01:30:01 
Jan 07 01:30:02 ==================脚本执行- 北京时间(UTC+8)：2022/1/7 上午1:30:01=====================
Jan 07 01:30:02 
Jan 07 01:30:03 
Jan 07 01:30:03 *****开始【京东账号1】18055698302_p*****
Jan 07 01:30:03 
Jan 07 01:30:03 =============小哥有礼=============
Jan 07 01:30:04 初始化
Jan 07 01:30:04 开始执行任务:每日签到  每日可获得1次抽奖机会
Jan 07 01:30:04 每日签到，任务执行成功
Jan 07 01:30:05 开始执行任务:每日分享好友  分享后点击“领取”获得抽奖机会，每日0点刷新
Jan 07 01:30:05 每日分享好友，任务执行成功
Jan 07 01:30:06 开始执行任务:浏览会场  关注大牌好物，浏览得抽奖次数
Jan 07 01:30:06 浏览会场，任务执行成功
Jan 07 01:30:07 开始执行任务:浏览会场  关注大牌好物，浏览得抽奖次数
Jan 07 01:30:07 浏览会场，任务执行成功
Jan 07 01:30:11 领取奖励:每日签到  每日可获得1次抽奖机会
Jan 07 01:30:11 每日签到，领取任务奖励成功
Jan 07 01:30:12 领取奖励:每日分享好友  分享后点击“领取”获得抽奖机会，每日0点刷新
Jan 07 01:30:12 每日分享好友，领取任务奖励成功
Jan 07 01:30:15 开始执行任务:浏览会场  浏览小哥寻鲜寄
Jan 07 01:30:16 浏览会场，任务执行成功
Jan 07 01:30:17 开始执行任务:浏览会场  浏览小哥寻鲜寄
Jan 07 01:30:17 浏览会场，任务执行成功
Jan 07 01:30:20 领取奖励:浏览会场  浏览会场达规定次数后可点击“领取”获得抽奖机会，每日0点刷新次数
Jan 07 01:30:20 浏览会场，领取任务奖励成功
Jan 07 01:30:21 领取奖励:浏览会场  浏览会场达规定次数后可点击“领取”获得抽奖机会，每日0点刷新次数
Jan 07 01:30:21 浏览会场，领取任务奖励成功
Jan 07 01:30:25 共有5次抽奖机会
Jan 07 01:30:26 小鸽有礼-每日抽奖第1次抽奖，获得：未中奖
Jan 07 01:30:27 小鸽有礼-每日抽奖第2次抽奖，获得：未中奖
Jan 07 01:30:28 小鸽有礼-每日抽奖第3次抽奖，获得：未中奖
Jan 07 01:30:29 小鸽有礼-每日抽奖第4次抽奖失败
Jan 07 01:30:30 小鸽有礼-每日抽奖第5次抽奖失败
Jan 07 01:30:32 获得京豆总计0
Jan 07 01:30:32 =============每日转盘=============
Jan 07 01:30:32 初始化
Jan 07 01:30:32 18055698302_p数据异常，执行失败
Jan 07 01:30:32 
Jan 07 01:30:32 🔔小鸽有礼-每日抽奖, 结束! 🕛 30.516 秒
Jan 07 01:30:32 
Jan 07 22:30:01 
Jan 07 22:30:01 🔔小鸽有礼-每日抽奖, 开始!
Jan 07 22:30:01 
Jan 07 22:30:01 ====================共1个京东账号Cookie=========
Jan 07 22:30:01 
Jan 07 22:30:01 ==================脚本执行- 北京时间(UTC+8)：2022/1/7 下午10:30:01=====================
Jan 07 22:30:01 
Jan 07 22:30:03 
Jan 07 22:30:03 *****开始【京东账号1】18055698302_p*****
Jan 07 22:30:03 
Jan 07 22:30:03 =============小哥有礼=============
Jan 07 22:30:04 初始化
Jan 07 22:30:04 开始执行任务:浏览会场  浏览大牌年终盛典 部分599减240元
Jan 07 22:30:04 {"error_response":{"en_desc":"API Call Limited","zh_desc":"API调用次数超限","code":2}}
Jan 07 22:30:04 浏览会场，任务执行失败
Jan 07 22:30:05 开始执行任务:浏览会场  浏览大牌年终盛典 部分599减240元
Jan 07 22:30:06 {"error_response":{"en_desc":"API Call Limited","zh_desc":"API调用次数超限","code":2}}
Jan 07 22:30:06 浏览会场，任务执行失败
Jan 07 22:30:07 开始执行任务:关注店铺  关注“美素佳儿京东自营官方旗舰店”，浏览得抽奖机会
Jan 07 22:30:07 关注店铺，任务执行成功
Jan 07 22:30:08 开始执行任务:关注店铺  关注“美素佳儿京东自营官方旗舰店”，浏览得抽奖机会
Jan 07 22:30:08 {"error_response":{"en_desc":"API Call Limited","zh_desc":"API调用次数超限","code":2}}
Jan 07 22:30:08 关注店铺，任务执行失败
Jan 07 22:30:09 开始执行任务:商品加购  浏览“美素佳儿（Friso Prestige）皇家幼儿配方奶粉 3段（1-3岁幼儿适用） 800克*4 《最后的赢家》联名礼盒”得抽奖机会，浏览后商品将自动加入购物车
Jan 07 22:30:09 {"error_response":{"en_desc":"API Call Limited","zh_desc":"API调用次数超限","code":2}}
Jan 07 22:30:09 商品加购，任务执行失败
Jan 07 22:30:10 开始执行任务:商品加购  浏览“美素佳儿（Friso Prestige）皇家幼儿配方奶粉 3段（1-3岁幼儿适用） 800克*4 《最后的赢家》联名礼盒”得抽奖机会，浏览后商品将自动加入购物车
Jan 07 22:30:10 {"error_response":{"en_desc":"API Call Limited","zh_desc":"API调用次数超限","code":2}}
Jan 07 22:30:10 商品加购，任务执行失败
Jan 07 22:30:13 开始执行任务:浏览会场  浏览大牌年终盛典 部分599减240元
Jan 07 22:30:14 浏览会场，任务执行成功
Jan 07 22:30:15 开始执行任务:浏览会场  浏览大牌年终盛典 部分599减240元
Jan 07 22:30:15 浏览会场，任务执行成功
Jan 07 22:30:16 开始执行任务:关注店铺  关注“雀巢休闲零食自营旗舰店”，浏览得抽奖机会
Jan 07 22:30:16 {"error_response":{"en_desc":"API Call Limited","zh_desc":"API调用次数超限","code":2}}
Jan 07 22:30:16 关注店铺，任务执行失败
Jan 07 22:30:17 开始执行任务:关注店铺  关注“美素佳儿京东自营官方旗舰店”，浏览得抽奖机会
Jan 07 22:30:17 {"error_response":{"en_desc":"API Call Limited","zh_desc":"API调用次数超限","code":2}}
Jan 07 22:30:17 关注店铺，任务执行失败
Jan 07 22:30:18 开始执行任务:商品加购  浏览“美素佳儿（Friso Prestige）皇家幼儿配方奶粉 3段（1-3岁幼儿适用） 800克*4 《最后的赢家》联名礼盒”得抽奖机会，浏览后商品将自动加入购物车
Jan 07 22:30:18 {"error_response":{"en_desc":"API Call Limited","zh_desc":"API调用次数超限","code":2}}
Jan 07 22:30:18 商品加购，任务执行失败
Jan 07 22:30:19 开始执行任务:商品加购  浏览“美素佳儿（Friso Prestige）皇家幼儿配方奶粉 3段（1-3岁幼儿适用） 800克*4 《最后的赢家》联名礼盒”得抽奖机会，浏览后商品将自动加入购物车
Jan 07 22:30:19 {"error_response":{"en_desc":"API Call Limited","zh_desc":"API调用次数超限","code":2}}
Jan 07 22:30:19 商品加购，任务执行失败
Jan 07 22:30:23 开始执行任务:浏览会场  逛百草味年货礼盒低至48元
Jan 07 22:30:23 浏览会场，任务执行成功
Jan 07 22:30:24 开始执行任务:浏览会场  逛百草味年货礼盒低至48元
Jan 07 22:30:24 {"error_response":{"en_desc":"API Call Limited","zh_desc":"API调用次数超限","code":2}}
Jan 07 22:30:24 浏览会场，任务执行失败
Jan 07 22:30:25 开始执行任务:关注店铺  关注“雀巢休闲零食自营旗舰店”，浏览得抽奖机会
Jan 07 22:30:25 {"error_response":{"en_desc":"API Call Limited","zh_desc":"API调用次数超限","code":2}}
Jan 07 22:30:25 关注店铺，任务执行失败
Jan 07 22:30:26 开始执行任务:关注店铺  关注“美素佳儿京东自营官方旗舰店”，浏览得抽奖机会
Jan 07 22:30:26 {"error_response":{"en_desc":"API Call Limited","zh_desc":"API调用次数超限","code":2}}
Jan 07 22:30:26 关注店铺，任务执行失败
Jan 07 22:30:27 开始执行任务:商品加购  浏览“美素佳儿（Friso Prestige）皇家幼儿配方奶粉 3段（1-3岁幼儿适用） 800克*4 《最后的赢家》联名礼盒”得抽奖机会，浏览后商品将自动加入购物车
Jan 07 22:30:27 {"error_response":{"en_desc":"API Call Limited","zh_desc":"API调用次数超限","code":2}}
Jan 07 22:30:27 商品加购，任务执行失败
Jan 07 22:30:28 开始执行任务:商品加购  浏览“美素佳儿（Friso Prestige）皇家幼儿配方奶粉 3段（1-3岁幼儿适用） 800克*4 《最后的赢家》联名礼盒”得抽奖机会，浏览后商品将自动加入购物车
Jan 07 22:30:28 {"error_response":{"en_desc":"API Call Limited","zh_desc":"API调用次数超限","code":2}}
Jan 07 22:30:28 商品加购，任务执行失败
Jan 07 22:30:32 领取奖励:浏览会场  浏览会场达规定次数后可点击“领取”获得抽奖机会，每日0点刷新次数
Jan 07 22:30:32 浏览会场，领取任务奖励成功
Jan 07 22:30:35 开始执行任务:浏览会场  逛百草味年货礼盒低至48元
Jan 07 22:30:35 {"error_response":{"en_desc":"API Call Limited","zh_desc":"API调用次数超限","code":2}}
Jan 07 22:30:35 浏览会场，任务执行失败
Jan 07 22:30:36 开始执行任务:关注店铺  关注“雀巢休闲零食自营旗舰店”，浏览得抽奖机会
Jan 07 22:30:37 关注店铺，任务执行成功
Jan 07 22:30:38 开始执行任务:关注店铺  关注“美素佳儿京东自营官方旗舰店”，浏览得抽奖机会
Jan 07 22:30:38 关注店铺，任务执行成功
Jan 07 22:30:39 开始执行任务:商品加购  浏览“美素佳儿（Friso Prestige）皇家幼儿配方奶粉 3段（1-3岁幼儿适用） 800克*4 《最后的赢家》联名礼盒”得抽奖机会，浏览后商品将自动加入购物车
Jan 07 22:30:39 {"error_response":{"en_desc":"API Call Limited","zh_desc":"API调用次数超限","code":2}}
Jan 07 22:30:39 商品加购，任务执行失败
Jan 07 22:30:40 开始执行任务:商品加购  浏览“美素佳儿（Friso Prestige）皇家幼儿配方奶粉 3段（1-3岁幼儿适用） 800克*4 《最后的赢家》联名礼盒”得抽奖机会，浏览后商品将自动加入购物车
Jan 07 22:30:40 {"error_response":{"en_desc":"API Call Limited","zh_desc":"API调用次数超限","code":2}}
Jan 07 22:30:40 商品加购，任务执行失败
Jan 07 22:30:43 开始执行任务:浏览会场  逛百草味年货礼盒低至48元
Jan 07 22:30:43 {"error_response":{"en_desc":"API Call Limited","zh_desc":"API调用次数超限","code":2}}
Jan 07 22:30:43 浏览会场，任务执行失败
Jan 07 22:30:44 开始执行任务:关注店铺  关注“大华京东自营官方旗舰店”，浏览得抽奖机会
Jan 07 22:30:45 关注店铺，任务执行成功
Jan 07 22:30:46 开始执行任务:关注店铺  关注“雀巢休闲零食自营旗舰店”，浏览得抽奖机会
Jan 07 22:30:46 关注店铺，任务执行成功
Jan 07 22:30:47 开始执行任务:商品加购  浏览“美素佳儿（Friso Prestige）皇家幼儿配方奶粉 3段（1-3岁幼儿适用） 800克*4 《最后的赢家》联名礼盒”得抽奖机会，浏览后商品将自动加入购物车
Jan 07 22:30:47 {"error_response":{"en_desc":"API Call Limited","zh_desc":"API调用次数超限","code":2}}
Jan 07 22:30:47 商品加购，任务执行失败
Jan 07 22:30:48 开始执行任务:商品加购  浏览“美素佳儿（Friso Prestige）皇家幼儿配方奶粉 3段（1-3岁幼儿适用） 800克*4 《最后的赢家》联名礼盒”得抽奖机会，浏览后商品将自动加入购物车
Jan 07 22:30:48 {"error_response":{"en_desc":"API Call Limited","zh_desc":"API调用次数超限","code":2}}
Jan 07 22:30:48 商品加购，任务执行失败
Jan 07 22:30:52 开始执行任务:浏览会场  逛百草味年货礼盒低至48元
Jan 07 22:30:52 浏览会场，任务执行成功
Jan 07 22:30:53 开始执行任务:关注店铺  关注“施华蔻京东自营官方旗舰店”
Jan 07 22:30:53 {"error_response":{"en_desc":"API Call Limited","zh_desc":"API调用次数超限","code":2}}
Jan 07 22:30:53 关注店铺，任务执行失败
Jan 07 22:30:54 开始执行任务:关注店铺  关注“大华京东自营官方旗舰店”，浏览得抽奖机会
Jan 07 22:30:54 {"error_response":{"en_desc":"API Call Limited","zh_desc":"API调用次数超限","code":2}}
Jan 07 22:30:54 关注店铺，任务执行失败
Jan 07 22:30:55 开始执行任务:商品加购  浏览“美素佳儿（Friso Prestige）皇家幼儿配方奶粉 3段（1-3岁幼儿适用） 800克*4 《最后的赢家》联名礼盒”得抽奖机会，浏览后商品将自动加入购物车
Jan 07 22:30:55 {"error_response":{"en_desc":"API Call Limited","zh_desc":"API调用次数超限","code":2}}
Jan 07 22:30:55 商品加购，任务执行失败
Jan 07 22:30:56 开始执行任务:商品加购  浏览“美素佳儿（Friso Prestige）皇家幼儿配方奶粉 3段（1-3岁幼儿适用） 800克*4 《最后的赢家》联名礼盒”得抽奖机会，浏览后商品将自动加入购物车
Jan 07 22:30:56 {"error_response":{"en_desc":"API Call Limited","zh_desc":"API调用次数超限","code":2}}
Jan 07 22:30:56 商品加购，任务执行失败
Jan 07 22:31:00 领取奖励:浏览会场  浏览会场达规定次数后可点击“领取”获得抽奖机会，每日0点刷新次数
Jan 07 22:31:00 浏览会场，领取任务奖励成功
Jan 07 22:31:03 开始执行任务:关注店铺  关注“施华蔻京东自营官方旗舰店”
Jan 07 22:31:03 {"error_response":{"en_desc":"API Call Limited","zh_desc":"API调用次数超限","code":2}}
Jan 07 22:31:03 关注店铺，任务执行失败
Jan 07 22:31:04 开始执行任务:关注店铺  关注“大华京东自营官方旗舰店”，浏览得抽奖机会
Jan 07 22:31:04 {"error_response":{"en_desc":"API Call Limited","zh_desc":"API调用次数超限","code":2}}
Jan 07 22:31:04 关注店铺，任务执行失败
Jan 07 22:31:05 开始执行任务:商品加购  浏览“美素佳儿（Friso Prestige）皇家幼儿配方奶粉 3段（1-3岁幼儿适用） 800克*4 《最后的赢家》联名礼盒”得抽奖机会，浏览后商品将自动加入购物车
Jan 07 22:31:05 {"error_response":{"en_desc":"API Call Limited","zh_desc":"API调用次数超限","code":2}}
Jan 07 22:31:05 商品加购，任务执行失败
Jan 07 22:31:06 开始执行任务:商品加购  浏览“美素佳儿（Friso Prestige）皇家幼儿配方奶粉 3段（1-3岁幼儿适用） 800克*4 《最后的赢家》联名礼盒”得抽奖机会，浏览后商品将自动加入购物车
Jan 07 22:31:07 商品加购，任务执行成功
Jan 07 22:31:10 开始执行任务:关注店铺  关注“施华蔻京东自营官方旗舰店”
Jan 07 22:31:10 {"error_response":{"en_desc":"API Call Limited","zh_desc":"API调用次数超限","code":2}}
Jan 07 22:31:10 关注店铺，任务执行失败
Jan 07 22:31:11 开始执行任务:关注店铺  关注“大华京东自营官方旗舰店”，浏览得抽奖机会
Jan 07 22:31:11 {"error_response":{"en_desc":"API Call Limited","zh_desc":"API调用次数超限","code":2}}
Jan 07 22:31:11 关注店铺，任务执行失败
Jan 07 22:31:12 开始执行任务:商品加购  浏览“美素佳儿（Friso Prestige）皇家幼儿配方奶粉 3段（1-3岁幼儿适用） 800克*4 《最后的赢家》联名礼盒”得抽奖机会，浏览后商品将自动加入购物车
Jan 07 22:31:12 {"error_response":{"en_desc":"API Call Limited","zh_desc":"API调用次数超限","code":2}}
Jan 07 22:31:12 商品加购，任务执行失败
Jan 07 22:31:13 开始执行任务:商品加购  浏览“雀巢脆脆鲨休闲零食鲨可棒芝士味注心饼干60g”得抽奖机会，浏览后商品将自动加入购物车
Jan 07 22:31:14 商品加购，任务执行成功
Jan 07 22:31:17 开始执行任务:关注店铺  关注“施华蔻京东自营官方旗舰店”
Jan 07 22:31:17 {"error_response":{"en_desc":"API Call Limited","zh_desc":"API调用次数超限","code":2}}
Jan 07 22:31:17 关注店铺，任务执行失败
Jan 07 22:31:18 开始执行任务:关注店铺  关注“大华京东自营官方旗舰店”，浏览得抽奖机会
Jan 07 22:31:18 {"error_response":{"en_desc":"API Call Limited","zh_desc":"API调用次数超限","code":2}}
Jan 07 22:31:18 关注店铺，任务执行失败
Jan 07 22:31:19 开始执行任务:商品加购  浏览“美素佳儿（Friso Prestige）皇家幼儿配方奶粉 3段（1-3岁幼儿适用） 800克*4 《最后的赢家》联名礼盒”得抽奖机会，浏览后商品将自动加入购物车
Jan 07 22:31:19 {"error_response":{"en_desc":"API Call Limited","zh_desc":"API调用次数超限","code":2}}
Jan 07 22:31:19 商品加购，任务执行失败
Jan 07 22:31:20 开始执行任务:商品加购  浏览“雀巢(Nestle)脆脆鲨 鲨明治 威化饼干 芝士味小粒装77g”得抽奖机会，浏览后商品将自动加入购物车
Jan 07 22:31:20 {"error_response":{"en_desc":"API Call Limited","zh_desc":"API调用次数超限","code":2}}
Jan 07 22:31:20 商品加购，任务执行失败
Jan 07 22:31:24 共有4次抽奖机会
Jan 07 22:31:25 小鸽有礼-每日抽奖第1次抽奖，获得：未中奖
Jan 07 22:31:26 小鸽有礼-每日抽奖第2次抽奖，获得：未中奖
Jan 07 22:31:27 小鸽有礼-每日抽奖第3次抽奖，获得：未中奖
Jan 07 22:31:29 小鸽有礼-每日抽奖第4次抽奖，获得：未中奖
Jan 07 22:31:30 获得京豆总计0
Jan 07 22:31:30 =============每日转盘=============
Jan 07 22:31:30 初始化
Jan 07 22:31:30 18055698302_p数据异常，执行失败
Jan 07 22:31:30 
Jan 07 22:31:30 🔔小鸽有礼-每日抽奖, 结束! 🕛 89.437 秒
Jan 07 22:31:30 
Jan 07 23:30:00 
Jan 07 23:30:00 🔔小鸽有礼-每日抽奖, 开始!
Jan 07 23:30:00 
Jan 07 23:30:00 ====================共1个京东账号Cookie=========
Jan 07 23:30:00 
Jan 07 23:30:00 ==================脚本执行- 北京时间(UTC+8)：2022/1/7 下午11:30:00=====================
Jan 07 23:30:00 
Jan 07 23:30:02 
Jan 07 23:30:02 *****开始【京东账号1】18055698302_p*****
Jan 07 23:30:02 
Jan 07 23:30:02 =============小哥有礼=============
Jan 07 23:30:02 初始化
Jan 07 23:30:02 开始执行任务:关注店铺  关注“施华蔻京东自营官方旗舰店”
Jan 07 23:30:02 {"error_response":{"en_desc":"API Call Limited","zh_desc":"API调用次数超限","code":2}}
Jan 07 23:30:02 关注店铺，任务执行失败
Jan 07 23:30:03 开始执行任务:关注店铺  关注“大华京东自营官方旗舰店”，浏览得抽奖机会
Jan 07 23:30:04 关注店铺，任务执行成功
Jan 07 23:30:05 开始执行任务:商品加购  浏览“美素佳儿（Friso Prestige）皇家幼儿配方奶粉 3段（1-3岁幼儿适用） 800克*4 《最后的赢家》联名礼盒”得抽奖机会，浏览后商品将自动加入购物车
Jan 07 23:30:05 商品加购，任务执行成功
Jan 07 23:30:06 开始执行任务:商品加购  浏览“雀巢(Nestle)脆脆鲨 鲨明治 威化饼干 芝士味小粒装77g”得抽奖机会，浏览后商品将自动加入购物车
Jan 07 23:30:06 商品加购，任务执行成功
Jan 07 23:30:09 开始执行任务:关注店铺  关注“施华蔻京东自营官方旗舰店”
Jan 07 23:30:09 {"error_response":{"en_desc":"API Call Limited","zh_desc":"API调用次数超限","code":2}}
Jan 07 23:30:09 关注店铺，任务执行失败
Jan 07 23:30:10 开始执行任务:关注店铺  关注“施华蔻京东自营官方旗舰店”
Jan 07 23:30:10 {"error_response":{"en_desc":"API Call Limited","zh_desc":"API调用次数超限","code":2}}
Jan 07 23:30:10 关注店铺，任务执行失败
Jan 07 23:30:11 开始执行任务:商品加购  浏览“雀巢脆脆鲨休闲零食鲨可棒芝士味注心饼干60g”得抽奖机会，浏览后商品将自动加入购物车
Jan 07 23:30:12 商品加购，任务执行成功
Jan 07 23:30:13 开始执行任务:商品加购  浏览“雀巢脆脆鲨休闲零食鲨可棒巧克力味注心饼干60g”，浏览后商品将自动加入购物车
Jan 07 23:30:13 商品加购，任务执行成功
Jan 07 23:30:16 开始执行任务:关注店铺  关注“施华蔻京东自营官方旗舰店”
Jan 07 23:30:16 {"error_response":{"en_desc":"API Call Limited","zh_desc":"API调用次数超限","code":2}}
Jan 07 23:30:16 关注店铺，任务执行失败
Jan 07 23:30:17 开始执行任务:关注店铺  关注“施华蔻京东自营官方旗舰店”
Jan 07 23:30:18 关注店铺，任务执行成功
Jan 07 23:30:19 开始执行任务:商品加购  浏览“雀巢(Nestle)脆脆鲨 鲨明治 威化饼干 芝士味小粒装77g”得抽奖机会，浏览后商品将自动加入购物车
Jan 07 23:30:19 商品加购，任务执行成功
Jan 07 23:30:20 开始执行任务:商品加购  浏览“大华dahua监控摄像头200万室外3吋网络无线旋转云台球机监控语音对讲红外夜视全景旋转手机远程DH-SD-3A1200”得抽奖机会，浏览后商品将自动加入购物车
Jan 07 23:30:20 商品加购，任务执行成功
Jan 07 23:30:23 领取奖励:关注店铺  浏览指定店铺达规定次数可点击“领取”获得抽奖机会
Jan 07 23:30:23 关注店铺，领取任务奖励成功
Jan 07 23:30:24 领取奖励:商品加购  浏览指定商品达规定次数可点击“领取”获得抽奖机会
Jan 07 23:30:25 商品加购，领取任务奖励成功
Jan 07 23:30:28 开始执行任务:关注店铺  关注“施华蔻京东自营官方旗舰店”
Jan 07 23:30:28 {"error_response":{"en_desc":"API Call Limited","zh_desc":"API调用次数超限","code":2}}
Jan 07 23:30:28 关注店铺，任务执行失败
Jan 07 23:30:29 开始执行任务:关注店铺  关注“kuyura可悠然京东自营官方旗舰店”
Jan 07 23:30:29 {"error_response":{"en_desc":"API Call Limited","zh_desc":"API调用次数超限","code":2}}
Jan 07 23:30:29 关注店铺，任务执行失败
Jan 07 23:30:30 开始执行任务:商品加购  浏览“雀巢脆脆鲨休闲零食鲨可棒巧克力味注心饼干60g”，浏览后商品将自动加入购物车
Jan 07 23:30:30 {"error_response":{"en_desc":"API Call Limited","zh_desc":"API调用次数超限","code":2}}
Jan 07 23:30:30 商品加购，任务执行失败
Jan 07 23:30:31 开始执行任务:商品加购  浏览“施华蔻多效修护洗发露600ml”得抽奖机会，浏览后商品将自动加入购物车
Jan 07 23:30:32 商品加购，任务执行成功
Jan 07 23:30:35 开始执行任务:关注店铺  关注“施华蔻京东自营官方旗舰店”
Jan 07 23:30:35 {"error_response":{"en_desc":"API Call Limited","zh_desc":"API调用次数超限","code":2}}
Jan 07 23:30:35 关注店铺，任务执行失败
Jan 07 23:30:36 开始执行任务:关注店铺  关注“kuyura可悠然京东自营官方旗舰店”
Jan 07 23:30:36 {"error_response":{"en_desc":"API Call Limited","zh_desc":"API调用次数超限","code":2}}
Jan 07 23:30:36 关注店铺，任务执行失败
Jan 07 23:30:37 开始执行任务:商品加购  浏览“雀巢脆脆鲨休闲零食鲨可棒巧克力味注心饼干60g”，浏览后商品将自动加入购物车
Jan 07 23:30:37 {"error_response":{"en_desc":"API Call Limited","zh_desc":"API调用次数超限","code":2}}
Jan 07 23:30:37 商品加购，任务执行失败
Jan 07 23:30:38 开始执行任务:商品加购  浏览“惠润(SUPER MiLD)洗发水柔净绿野芳香洗发露600ml男士女士通用原装进口0硅油蓬松柔顺弱酸性更温和洗头膏”得抽奖机会，浏览后商品将自动加入购物车
Jan 07 23:30:39 {"error_response":{"en_desc":"API Call Limited","zh_desc":"API调用次数超限","code":2}}
Jan 07 23:30:39 商品加购，任务执行失败
Jan 07 23:30:42 共有2次抽奖机会
Jan 07 23:30:43 小鸽有礼-每日抽奖第1次抽奖，获得：未中奖
Jan 07 23:30:44 小鸽有礼-每日抽奖第2次抽奖，获得：未中奖
Jan 07 23:30:46 获得京豆总计0
Jan 07 23:30:46 =============每日转盘=============
Jan 07 23:30:46 初始化
Jan 07 23:30:46 18055698302_p数据异常，执行失败
Jan 07 23:30:46 
Jan 07 23:30:46 🔔小鸽有礼-每日抽奖, 结束! 🕛 45.648 秒
Jan 07 23:30:46 
Jan 08 01:30:00 
Jan 08 01:30:00 🔔小鸽有礼-每日抽奖, 开始!
Jan 08 01:30:00 
Jan 08 01:30:00 ====================共1个京东账号Cookie=========
Jan 08 01:30:00 
Jan 08 01:30:01 ==================脚本执行- 北京时间(UTC+8)：2022/1/8 上午1:30:00=====================
Jan 08 01:30:01 
Jan 08 01:30:02 
Jan 08 01:30:02 *****开始【京东账号1】18055698302_p*****
Jan 08 01:30:02 
Jan 08 01:30:02 =============小哥有礼=============
Jan 08 01:30:02 初始化
Jan 08 01:30:02 18055698302_p获取任务列表失败
Jan 08 01:30:02 =============每日转盘=============
Jan 08 01:30:03 初始化
Jan 08 01:30:03 18055698302_p数据异常，执行失败
Jan 08 01:30:03 
Jan 08 01:30:03 🔔小鸽有礼-每日抽奖, 结束! 🕛 2.346 秒
Jan 08 01:30:03 
Jan 08 22:30:02 
Jan 08 22:30:02 🔔小鸽有礼-每日抽奖, 开始!
Jan 08 22:30:02 
Jan 08 22:30:02 ====================共1个京东账号Cookie=========
Jan 08 22:30:02 
Jan 08 22:30:02 ==================脚本执行- 北京时间(UTC+8)：2022/1/8 下午10:30:02=====================
Jan 08 22:30:02 
Jan 08 22:30:04 
Jan 08 22:30:04 *****开始【京东账号1】18055698302_p*****
Jan 08 22:30:04 
Jan 08 22:30:04 =============小哥有礼=============
Jan 08 22:30:05 初始化
Jan 08 22:30:05 开始执行任务:每日签到  每日可获得1次抽奖机会
Jan 08 22:30:05 每日签到，任务执行成功
Jan 08 22:30:06 开始执行任务:每日分享好友  分享后点击“领取”获得抽奖机会，每日0点刷新
Jan 08 22:30:06 {"error_response":{"en_desc":"API Call Limited","zh_desc":"API调用次数超限","code":2}}
Jan 08 22:30:06 每日分享好友，任务执行失败
Jan 08 22:30:07 开始执行任务:浏览会场  浏览大牌年终盛典 部分599减240元
Jan 08 22:30:07 {"error_response":{"en_desc":"API Call Limited","zh_desc":"API调用次数超限","code":2}}
Jan 08 22:30:07 浏览会场，任务执行失败
Jan 08 22:30:08 开始执行任务:浏览会场  浏览大牌年终盛典 部分599减240元
Jan 08 22:30:09 浏览会场，任务执行成功
Jan 08 22:30:10 开始执行任务:关注店铺  关注“施华蔻京东自营官方旗舰店”
Jan 08 22:30:10 关注店铺，任务执行成功
Jan 08 22:30:11 开始执行任务:关注店铺  关注“kuyura可悠然京东自营官方旗舰店”
Jan 08 22:30:11 关注店铺，任务执行成功
Jan 08 22:30:12 开始执行任务:商品加购  浏览“雀巢脆脆鲨休闲零食鲨可棒巧克力味注心饼干60g”，浏览后商品将自动加入购物车
Jan 08 22:30:12 商品加购，任务执行成功
Jan 08 22:30:13 开始执行任务:商品加购  浏览“惠润(SUPER MiLD)洗发水柔净绿野芳香洗发露600ml男士女士通用原装进口0硅油蓬松柔顺弱酸性更温和洗头膏”得抽奖机会，浏览后商品将自动加入购物车
Jan 08 22:30:13 商品加购，任务执行成功
Jan 08 22:30:17 领取奖励:每日签到  每日可获得1次抽奖机会
Jan 08 22:30:17 每日签到，领取任务奖励成功
Jan 08 22:30:18 领取奖励:关注店铺  浏览指定店铺达规定次数可点击“领取”获得抽奖机会
Jan 08 22:30:18 关注店铺，领取任务奖励成功
Jan 08 22:30:21 开始执行任务:每日分享好友  分享后点击“领取”获得抽奖机会，每日0点刷新
Jan 08 22:30:21 {"error_response":{"en_desc":"API Call Limited","zh_desc":"API调用次数超限","code":2}}
Jan 08 22:30:21 每日分享好友，任务执行失败
Jan 08 22:30:22 开始执行任务:浏览会场  浏览大牌年终盛典 部分599减240元
Jan 08 22:30:23 浏览会场，任务执行成功
Jan 08 22:30:24 开始执行任务:浏览会场  逛百草味年货礼盒低至48元
Jan 08 22:30:24 浏览会场，任务执行成功
Jan 08 22:30:25 开始执行任务:关注店铺  关注“kuyura可悠然京东自营官方旗舰店”
Jan 08 22:30:25 关注店铺，任务执行成功
Jan 08 22:30:26 开始执行任务:关注店铺  关注“吕（Ryo）京东自营官方旗舰店”
Jan 08 22:30:26 关注店铺，任务执行成功
Jan 08 22:30:27 开始执行任务:商品加购  浏览“大华dahua监控摄像头200万室外3吋网络无线旋转云台球机监控语音对讲红外夜视全景旋转手机远程DH-SD-3A1200”得抽奖机会，浏览后商品将自动加入购物车
Jan 08 22:30:27 商品加购，任务执行成功
Jan 08 22:30:28 开始执行任务:商品加购  浏览“【京东JOY联名款】吕(Ryo)滋养韧发密集强韧洗护礼盒(油性洗发水400ml*2+护发乳200ml*1) 韩国进口 紫吕礼盒”得抽奖机会，浏览后商品将自动加入购物车
Jan 08 22:30:28 {"error_response":{"en_desc":"API Call Limited","zh_desc":"API调用次数超限","code":2}}
Jan 08 22:30:28 商品加购，任务执行失败
Jan 08 22:30:32 领取奖励:浏览会场  浏览会场达规定次数后可点击“领取”获得抽奖机会，每日0点刷新次数
Jan 08 22:30:32 浏览会场，领取任务奖励成功
Jan 08 22:30:33 领取奖励:商品加购  浏览指定商品达规定次数可点击“领取”获得抽奖机会
Jan 08 22:30:33 商品加购，领取任务奖励成功
Jan 08 22:30:36 开始执行任务:每日分享好友  分享后点击“领取”获得抽奖机会，每日0点刷新
Jan 08 22:30:37 每日分享好友，任务执行成功
Jan 08 22:30:38 开始执行任务:浏览会场  逛百草味年货礼盒低至48元
Jan 08 22:30:38 浏览会场，任务执行成功
Jan 08 22:30:39 开始执行任务:关注店铺  关注“吕（Ryo）京东自营官方旗舰店”
Jan 08 22:30:39 关注店铺，任务执行成功
Jan 08 22:30:40 开始执行任务:关注店铺  关注“ 迪士尼（Disney）儿童玩具京东自营专区 ”
Jan 08 22:30:40 关注店铺，任务执行成功
Jan 08 22:30:41 开始执行任务:商品加购  浏览“施华蔻多效修护洗发露600ml”得抽奖机会，浏览后商品将自动加入购物车
Jan 08 22:30:41 {"error_response":{"en_desc":"API Call Limited","zh_desc":"API调用次数超限","code":2}}
Jan 08 22:30:41 商品加购，任务执行失败
Jan 08 22:30:42 开始执行任务:商品加购  浏览“【京东JOY联名款】吕(Ryo)滋养韧发密集强韧洗护礼盒(油性洗发水400ml*2+护发乳200ml*1) 韩国进口 紫吕礼盒”得抽奖机会，浏览后商品将自动加入购物车
Jan 08 22:30:42 {"error_response":{"en_desc":"API Call Limited","zh_desc":"API调用次数超限","code":2}}
Jan 08 22:30:42 商品加购，任务执行失败
Jan 08 22:30:46 领取奖励:每日分享好友  分享后点击“领取”获得抽奖机会，每日0点刷新
Jan 08 22:30:46 每日分享好友，领取任务奖励成功
Jan 08 22:30:47 领取奖励:浏览会场  浏览会场达规定次数后可点击“领取”获得抽奖机会，每日0点刷新次数
Jan 08 22:30:47 浏览会场，领取任务奖励成功
Jan 08 22:30:50 开始执行任务:关注店铺  关注“ 迪士尼（Disney）儿童玩具京东自营专区 ”
Jan 08 22:30:50 关注店铺，任务执行成功
Jan 08 22:30:51 开始执行任务:关注店铺  关注“云米智能京东自营旗舰店”
Jan 08 22:30:52 关注店铺，任务执行成功
Jan 08 22:30:53 开始执行任务:商品加购  浏览“施华蔻多效修护洗发露600ml”得抽奖机会，浏览后商品将自动加入购物车
Jan 08 22:30:53 商品加购，任务执行成功
Jan 08 22:30:54 开始执行任务:商品加购  浏览“【京东JOY联名款】吕(Ryo)滋养韧发密集强韧洗护礼盒(油性洗发水400ml*2+护发乳200ml*1) 韩国进口 紫吕礼盒”得抽奖机会，浏览后商品将自动加入购物车
Jan 08 22:30:54 商品加购，任务执行成功
Jan 08 22:30:57 领取奖励:关注店铺  浏览指定店铺达规定次数可点击“领取”获得抽奖机会
Jan 08 22:30:57 关注店铺，领取任务奖励成功
Jan 08 22:31:01 开始执行任务:关注店铺  关注“云米智能京东自营旗舰店”
Jan 08 22:31:01 关注店铺，任务执行成功
Jan 08 22:31:02 开始执行任务:商品加购  浏览“惠润(SUPER MiLD)洗发水柔净绿野芳香洗发露600ml男士女士通用原装进口0硅油蓬松柔顺弱酸性更温和洗头膏”得抽奖机会，浏览后商品将自动加入购物车
Jan 08 22:31:02 商品加购，任务执行成功
Jan 08 22:31:03 开始执行任务:商品加购  浏览“ 迪士尼冰雪星空投影仪充电款 ”得抽奖机会，浏览后商品将自动加入购物车
Jan 08 22:31:03 商品加购，任务执行成功
Jan 08 22:31:06 领取奖励:关注店铺  浏览指定店铺达规定次数可点击“领取”获得抽奖机会
Jan 08 22:31:07 关注店铺，领取任务奖励成功
Jan 08 22:31:10 开始执行任务:商品加购  浏览“【京东JOY联名款】吕(Ryo)滋养韧发密集强韧洗护礼盒(油性洗发水400ml*2+护发乳200ml*1) 韩国进口 紫吕礼盒”得抽奖机会，浏览后商品将自动加入购物车
Jan 08 22:31:10 商品加购，任务执行成功
Jan 08 22:31:11 开始执行任务:商品加购  浏览“云米（VIOMI）1.5匹 智能变频冷暖 Milano 2 米兰 AI语音控制 以旧换新 新一级空调挂机 KFRd-35GW/Y3YM6-A1”得抽奖机会，浏览后商品将自动加入购物车
Jan 08 22:31:11 商品加购，任务执行成功
Jan 08 22:31:15 开始执行任务:商品加购  浏览“ 迪士尼冰雪星空投影仪充电款 ”得抽奖机会，浏览后商品将自动加入购物车
Jan 08 22:31:15 商品加购，任务执行成功
Jan 08 22:31:16 开始执行任务:商品加购  浏览“云米（VIOMI）10公斤全自动滚筒洗衣机 Master2 超薄机身 洗烘一体 智能精准双投放 彩屏触控 WD10FT-G6A”得抽奖机会，浏览后商品将自动加入购物车
Jan 08 22:31:16 商品加购，任务执行成功
Jan 08 22:31:19 领取奖励:商品加购  浏览指定商品达规定次数可点击“领取”获得抽奖机会
Jan 08 22:31:19 商品加购，领取任务奖励成功
Jan 08 22:31:23 开始执行任务:商品加购  浏览“云米（VIOMI）1.5匹 智能变频冷暖 Milano 2 米兰 AI语音控制 以旧换新 新一级空调挂机 KFRd-35GW/Y3YM6-A1”得抽奖机会，浏览后商品将自动加入购物车
Jan 08 22:31:23 商品加购，任务执行成功
Jan 08 22:31:26 开始执行任务:商品加购  浏览“云米（VIOMI）10公斤全自动滚筒洗衣机 Master2 超薄机身 洗烘一体 智能精准双投放 彩屏触控 WD10FT-G6A”得抽奖机会，浏览后商品将自动加入购物车
Jan 08 22:31:26 商品加购，任务执行成功
Jan 08 22:31:29 领取奖励:商品加购  浏览指定商品达规定次数可点击“领取”获得抽奖机会
Jan 08 22:31:30 商品加购，领取任务奖励成功
Jan 08 22:31:33 共有11次抽奖机会
Jan 08 22:31:34 小鸽有礼-每日抽奖第1次抽奖，获得：未中奖
Jan 08 22:31:35 小鸽有礼-每日抽奖第2次抽奖，获得：未中奖
Jan 08 22:31:36 小鸽有礼-每日抽奖第3次抽奖，获得：未中奖
Jan 08 22:31:38 小鸽有礼-每日抽奖第4次抽奖，获得：未中奖
Jan 08 22:31:39 小鸽有礼-每日抽奖第5次抽奖，获得：未中奖
Jan 08 22:31:40 小鸽有礼-每日抽奖第6次抽奖，获得：未中奖
Jan 08 22:31:41 小鸽有礼-每日抽奖第7次抽奖，获得：未中奖
Jan 08 22:31:42 小鸽有礼-每日抽奖第8次抽奖，获得：未中奖
Jan 08 22:31:43 小鸽有礼-每日抽奖第9次抽奖，获得：未中奖
Jan 08 22:31:45 小鸽有礼-每日抽奖第10次抽奖，获得：未中奖
Jan 08 22:31:46 小鸽有礼-每日抽奖第11次抽奖，获得：未中奖
Jan 08 22:31:47 获得京豆总计0
Jan 08 22:31:47 =============每日转盘=============
Jan 08 22:31:47 初始化
Jan 08 22:31:47 18055698302_p数据异常，执行失败
Jan 08 22:31:47 
Jan 08 22:31:47 🔔小鸽有礼-每日抽奖, 结束! 🕛 105.395 秒
Jan 08 22:31:47 
Jan 08 23:30:02 
Jan 08 23:30:02 🔔小鸽有礼-每日抽奖, 开始!
Jan 08 23:30:02 
Jan 08 23:30:02 ====================共1个京东账号Cookie=========
Jan 08 23:30:02 
Jan 08 23:30:02 ==================脚本执行- 北京时间(UTC+8)：2022/1/8 下午11:30:02=====================
Jan 08 23:30:02 
Jan 08 23:30:03 
Jan 08 23:30:03 *****开始【京东账号1】18055698302_p*****
Jan 08 23:30:03 
Jan 08 23:30:03 =============小哥有礼=============
Jan 08 23:30:03 初始化
Jan 08 23:30:03 共有0次抽奖机会
Jan 08 23:30:05 获得京豆总计0
Jan 08 23:30:05 =============每日转盘=============
Jan 08 23:30:05 初始化
Jan 08 23:30:05 18055698302_p数据异常，执行失败
Jan 08 23:30:05 
Jan 08 23:30:05 🔔小鸽有礼-每日抽奖, 结束! 🕛 3.213 秒
Jan 08 23:30:05 
Jan 09 01:30:01 
Jan 09 01:30:01 🔔小鸽有礼-每日抽奖, 开始!
Jan 09 01:30:01 
Jan 09 01:30:01 ====================共1个京东账号Cookie=========
Jan 09 01:30:01 
Jan 09 01:30:01 ==================脚本执行- 北京时间(UTC+8)：2022/1/9 上午1:30:01=====================
Jan 09 01:30:01 
Jan 09 01:30:03 
Jan 09 01:30:03 *****开始【京东账号1】18055698302_p*****
Jan 09 01:30:03 
Jan 09 01:30:03 =============小哥有礼=============
Jan 09 01:30:04 初始化
Jan 09 01:30:04 开始执行任务:每日签到  每日可获得1次抽奖机会
Jan 09 01:30:04 每日签到，任务执行成功
Jan 09 01:30:05 开始执行任务:每日分享好友  分享后点击“领取”获得抽奖机会，每日0点刷新
Jan 09 01:30:05 {"error_response":{"en_desc":"API Call Limited","zh_desc":"API调用次数超限","code":2}}
Jan 09 01:30:05 每日分享好友，任务执行失败
Jan 09 01:30:06 开始执行任务:浏览会场  浏览大牌年终盛典 部分599减240元
Jan 09 01:30:06 {"error_response":{"en_desc":"API Call Limited","zh_desc":"API调用次数超限","code":2}}
Jan 09 01:30:06 浏览会场，任务执行失败
Jan 09 01:30:07 开始执行任务:浏览会场  浏览大牌年终盛典 部分599减240元
Jan 09 01:30:07 {"error_response":{"en_desc":"API Call Limited","zh_desc":"API调用次数超限","code":2}}
Jan 09 01:30:07 浏览会场，任务执行失败
Jan 09 01:30:11 领取奖励:每日签到  每日可获得1次抽奖机会
Jan 09 01:30:11 每日签到，领取任务奖励成功
Jan 09 01:30:14 开始执行任务:每日分享好友  分享后点击“领取”获得抽奖机会，每日0点刷新
Jan 09 01:30:14 {"error_response":{"en_desc":"API Call Limited","zh_desc":"API调用次数超限","code":2}}
Jan 09 01:30:14 每日分享好友，任务执行失败
Jan 09 01:30:15 开始执行任务:浏览会场  浏览大牌年终盛典 部分599减240元
Jan 09 01:30:15 {"error_response":{"en_desc":"API Call Limited","zh_desc":"API调用次数超限","code":2}}
Jan 09 01:30:15 浏览会场，任务执行失败
Jan 09 01:30:16 开始执行任务:浏览会场  浏览大牌年终盛典 部分599减240元
Jan 09 01:30:17 浏览会场，任务执行成功
Jan 09 01:30:20 开始执行任务:每日分享好友  分享后点击“领取”获得抽奖机会，每日0点刷新
Jan 09 01:30:20 每日分享好友，任务执行成功
Jan 09 01:30:21 开始执行任务:浏览会场  浏览大牌年终盛典 部分599减240元
Jan 09 01:30:21 浏览会场，任务执行成功
Jan 09 01:30:22 开始执行任务:浏览会场  逛百草味年货礼盒低至48元
Jan 09 01:30:22 浏览会场，任务执行成功
Jan 09 01:30:26 领取奖励:每日分享好友  分享后点击“领取”获得抽奖机会，每日0点刷新
Jan 09 01:30:26 每日分享好友，领取任务奖励成功
Jan 09 01:30:27 领取奖励:浏览会场  浏览会场达规定次数后可点击“领取”获得抽奖机会，每日0点刷新次数
Jan 09 01:30:27 浏览会场，领取任务奖励成功
Jan 09 01:30:30 开始执行任务:浏览会场  逛百草味年货礼盒低至48元
Jan 09 01:30:30 浏览会场，任务执行成功
Jan 09 01:30:34 领取奖励:浏览会场  浏览会场达规定次数后可点击“领取”获得抽奖机会，每日0点刷新次数
Jan 09 01:30:34 浏览会场，领取任务奖励成功
Jan 09 01:30:37 共有5次抽奖机会
Jan 09 01:30:38 小鸽有礼-每日抽奖第1次抽奖，获得：未中奖
Jan 09 01:30:39 小鸽有礼-每日抽奖第2次抽奖失败
Jan 09 01:30:41 小鸽有礼-每日抽奖第3次抽奖，获得：未中奖
Jan 09 01:30:42 小鸽有礼-每日抽奖第4次抽奖，获得：未中奖
Jan 09 01:30:43 小鸽有礼-每日抽奖第5次抽奖，获得：未中奖
Jan 09 01:30:44 获得京豆总计0
Jan 09 01:30:44 =============每日转盘=============
Jan 09 01:30:44 初始化
Jan 09 01:30:44 18055698302_p数据异常，执行失败
Jan 09 01:30:44 
Jan 09 01:30:44 🔔小鸽有礼-每日抽奖, 结束! 🕛 43.745 秒
Jan 09 01:30:44 
