Jan 07 01:00:00 
Jan 07 01:00:00 🔔金榜创造营, 开始!
Jan 07 01:00:00 
Jan 07 01:00:00 ====================共1个京东账号Cookie=========
Jan 07 01:00:00 
Jan 07 01:00:01 ==================脚本执行- 北京时间(UTC+8)：2022/1/7 上午1:00:00=====================
Jan 07 01:00:01 
Jan 07 01:00:02 
Jan 07 01:00:02 ******开始【京东账号1】18055698302_p*********
Jan 07 01:00:02 
Jan 07 01:00:02 共有5个主题
Jan 07 01:00:02 
Jan 07 01:00:02 做额外任务：金榜创造营-逛商品
Jan 07 01:00:02 成功，获得 0京豆
Jan 07 01:00:02 
Jan 07 01:00:04 
Jan 07 01:00:04 做额外任务：金榜创造营-关注店铺
Jan 07 01:00:05 成功，获得 0京豆
Jan 07 01:00:05 
Jan 07 01:00:07 
Jan 07 01:00:07 做额外任务：金榜创造营-逛会场
Jan 07 01:00:07 成功，获得 0京豆
Jan 07 01:00:07 
Jan 07 01:00:09 成功，获得 1京豆
Jan 07 01:00:09 
Jan 07 01:00:09 已投票0主题
Jan 07 01:00:09 
Jan 07 01:00:09 
Jan 07 01:00:09 开始给【年货合家欢】主题下的商品进行投票
Jan 07 01:00:09 当前剩余投票次数：5
Jan 07 01:00:09 给 【八芒星干红葡萄酒整箱】 商品投票
Jan 07 01:00:09 失败：{"isSuccess":true,"code":"-3","msg":"调用频率太快"}
Jan 07 01:00:09 
Jan 07 01:00:11 
Jan 07 01:00:11 开始给【宅家自由派】主题下的商品进行投票
Jan 07 01:00:12 当前剩余投票次数：5
Jan 07 01:00:12 给 【易开得 净水器家用直饮】 商品投票
Jan 07 01:00:12 成功，获得 0京豆
Jan 07 01:00:12 
Jan 07 01:00:14 
Jan 07 01:00:14 开始给【轻松享健康】主题下的商品进行投票
Jan 07 01:00:14 当前剩余投票次数：4
Jan 07 01:00:14 给 【帮宝适 清新帮纸尿裤】 商品投票
Jan 07 01:00:14 成功，获得 0京豆
Jan 07 01:00:14 
Jan 07 01:00:16 
Jan 07 01:00:16 开始给【潮流星势力】主题下的商品进行投票
Jan 07 01:00:17 当前剩余投票次数：3
Jan 07 01:00:17 给 【vivo X60t Pro+ 】 商品投票
Jan 07 01:00:17 成功，获得 0京豆
Jan 07 01:00:17 
Jan 07 01:00:19 
Jan 07 01:00:19 开始给【自然美出圈】主题下的商品进行投票
Jan 07 01:00:19 当前剩余投票次数：2
Jan 07 01:00:19 给 【OLAY  臻粹超红瓶面霜】 商品投票
Jan 07 01:00:20 成功，获得 0京豆
Jan 07 01:00:20 
Jan 07 01:00:25 揭榜成功：获得5京豆
Jan 07 01:00:25 
Jan 07 01:00:25 ==============📣系统通知📣==============
Jan 07 01:00:25 金榜创造营
Jan 07 01:00:25 【京东账号1】18055698302_p
Jan 07 01:00:25 本次运行获得1京豆
Jan 07 01:00:25 
Jan 07 01:00:25 🔔金榜创造营, 结束! 🕛 24.877 秒
Jan 07 01:00:25 
Jan 07 22:00:00 
Jan 07 22:00:00 🔔金榜创造营, 开始!
Jan 07 22:00:00 
Jan 07 22:00:00 ====================共1个京东账号Cookie=========
Jan 07 22:00:00 
Jan 07 22:00:00 ==================脚本执行- 北京时间(UTC+8)：2022/1/7 下午10:00:00=====================
Jan 07 22:00:00 
Jan 07 22:00:01 
Jan 07 22:00:01 ******开始【京东账号1】18055698302_p*********
Jan 07 22:00:01 
Jan 07 22:00:02 共有5个主题
Jan 07 22:00:02 已投票4主题
Jan 07 22:00:02 
Jan 07 22:00:02 
Jan 07 22:00:02 开始给【年货合家欢】主题下的商品进行投票
Jan 07 22:00:02 当前剩余投票次数：1
Jan 07 22:00:02 给 【a2牛奶 高端儿童牛奶】 商品投票
Jan 07 22:00:02 成功，获得 0京豆
Jan 07 22:00:02 
Jan 07 22:00:05 
Jan 07 22:00:05 🔔金榜创造营, 结束! 🕛 4.805 秒
Jan 07 22:00:05 
Jan 08 01:00:00 
Jan 08 01:00:00 🔔金榜创造营, 开始!
Jan 08 01:00:00 
Jan 08 01:00:00 ====================共1个京东账号Cookie=========
Jan 08 01:00:00 
Jan 08 01:00:00 ==================脚本执行- 北京时间(UTC+8)：2022/1/8 上午1:00:00=====================
Jan 08 01:00:00 
Jan 08 01:00:01 
Jan 08 01:00:01 ******开始【京东账号1】18055698302_p*********
Jan 08 01:00:01 
Jan 08 01:00:02 共有5个主题
Jan 08 01:00:02 
Jan 08 01:00:02 做额外任务：金榜创造营-逛商品
Jan 08 01:00:02 成功，获得 0京豆
Jan 08 01:00:02 
Jan 08 01:00:04 
Jan 08 01:00:04 做额外任务：金榜创造营-关注店铺
Jan 08 01:00:05 成功，获得 0京豆
Jan 08 01:00:05 
Jan 08 01:00:07 
Jan 08 01:00:07 做额外任务：金榜创造营-逛会场
Jan 08 01:00:07 成功，获得 0京豆
Jan 08 01:00:07 
Jan 08 01:00:09 成功，获得 1京豆
Jan 08 01:00:09 
Jan 08 01:00:09 已投票0主题
Jan 08 01:00:09 
Jan 08 01:00:09 
Jan 08 01:00:09 开始给【年货合家欢】主题下的商品进行投票
Jan 08 01:00:09 当前剩余投票次数：5
Jan 08 01:00:09 给 【伊利 QQ星儿童纯牛奶】 商品投票
Jan 08 01:00:09 失败：{"isSuccess":true,"code":"-3","msg":"调用频率太快"}
Jan 08 01:00:09 
Jan 08 01:00:11 
Jan 08 01:00:11 开始给【潮流星势力】主题下的商品进行投票
Jan 08 01:00:12 当前剩余投票次数：5
Jan 08 01:00:12 给 【小米RedmiBook Pro】 商品投票
Jan 08 01:00:12 成功，获得 0京豆
Jan 08 01:00:12 
Jan 08 01:00:14 
Jan 08 01:00:14 开始给【宅家自由派】主题下的商品进行投票
Jan 08 01:00:14 当前剩余投票次数：4
Jan 08 01:00:14 给 【九牧 JOMOO 智能马桶】 商品投票
Jan 08 01:00:15 成功，获得 0京豆
Jan 08 01:00:15 
Jan 08 01:00:17 
Jan 08 01:00:17 开始给【自然美出圈】主题下的商品进行投票
Jan 08 01:00:17 当前剩余投票次数：3
Jan 08 01:00:17 给 【欧莱雅 玻尿酸淡纹眼霜】 商品投票
Jan 08 01:00:17 成功，获得 0京豆
Jan 08 01:00:17 
Jan 08 01:00:19 
Jan 08 01:00:19 开始给【轻松享健康】主题下的商品进行投票
Jan 08 01:00:19 当前剩余投票次数：2
Jan 08 01:00:19 给 【惠氏启赋 幼儿配方奶粉】 商品投票
Jan 08 01:00:20 成功，获得 0京豆
Jan 08 01:00:20 
Jan 08 01:00:22 
Jan 08 01:00:22 ==============📣系统通知📣==============
Jan 08 01:00:22 金榜创造营
Jan 08 01:00:22 【京东账号1】18055698302_p
Jan 08 01:00:22 本次运行获得1京豆
Jan 08 01:00:22 
Jan 08 01:00:22 🔔金榜创造营, 结束! 🕛 21.792 秒
Jan 08 01:00:22 
Jan 08 22:00:01 
Jan 08 22:00:01 🔔金榜创造营, 开始!
Jan 08 22:00:01 
Jan 08 22:00:01 ====================共1个京东账号Cookie=========
Jan 08 22:00:01 
Jan 08 22:00:01 ==================脚本执行- 北京时间(UTC+8)：2022/1/8 下午10:00:01=====================
Jan 08 22:00:01 
Jan 08 22:00:02 
Jan 08 22:00:02 ******开始【京东账号1】18055698302_p*********
Jan 08 22:00:02 
Jan 08 22:00:02 共有5个主题
Jan 08 22:00:02 已投票4主题
Jan 08 22:00:02 
Jan 08 22:00:02 
Jan 08 22:00:02 开始给【年货合家欢】主题下的商品进行投票
Jan 08 22:00:03 当前剩余投票次数：1
Jan 08 22:00:03 给 【a2牛奶 高端儿童牛奶】 商品投票
Jan 08 22:00:03 成功，获得 0京豆
Jan 08 22:00:03 
Jan 08 22:00:05 
Jan 08 22:00:05 🔔金榜创造营, 结束! 🕛 4.11 秒
Jan 08 22:00:05 
Jan 09 01:00:00 
Jan 09 01:00:00 🔔金榜创造营, 开始!
Jan 09 01:00:00 
Jan 09 01:00:00 ====================共1个京东账号Cookie=========
Jan 09 01:00:00 
Jan 09 01:00:00 ==================脚本执行- 北京时间(UTC+8)：2022/1/9 上午1:00:00=====================
Jan 09 01:00:00 
Jan 09 01:00:01 
Jan 09 01:00:01 ******开始【京东账号1】18055698302_p*********
Jan 09 01:00:01 
Jan 09 01:00:02 共有5个主题
Jan 09 01:00:02 
Jan 09 01:00:02 做额外任务：金榜创造营-逛商品
Jan 09 01:00:02 成功，获得 0京豆
Jan 09 01:00:02 
Jan 09 01:00:04 
Jan 09 01:00:04 做额外任务：金榜创造营-关注店铺
Jan 09 01:00:04 成功，获得 0京豆
Jan 09 01:00:04 
Jan 09 01:00:06 
Jan 09 01:00:06 做额外任务：金榜创造营-逛会场
Jan 09 01:00:07 成功，获得 0京豆
Jan 09 01:00:07 
Jan 09 01:00:09 成功，获得 1京豆
Jan 09 01:00:09 
Jan 09 01:00:09 已投票0主题
Jan 09 01:00:09 
Jan 09 01:00:09 
Jan 09 01:00:09 开始给【自然美出圈】主题下的商品进行投票
Jan 09 01:00:09 当前剩余投票次数：5
Jan 09 01:00:09 给 【浪琴手表 心月系列 】 商品投票
Jan 09 01:00:09 失败：{"isSuccess":true,"code":"-3","msg":"调用频率太快"}
Jan 09 01:00:09 
Jan 09 01:00:11 
Jan 09 01:00:11 开始给【轻松享健康】主题下的商品进行投票
Jan 09 01:00:12 当前剩余投票次数：5
Jan 09 01:00:12 给 【好奇 真蚕丝拉拉裤 】 商品投票
Jan 09 01:00:12 成功，获得 0京豆
Jan 09 01:00:12 
Jan 09 01:00:14 
Jan 09 01:00:14 开始给【宅家自由派】主题下的商品进行投票
Jan 09 01:00:14 当前剩余投票次数：4
Jan 09 01:00:14 给 【德施曼 智能锁指纹锁】 商品投票
Jan 09 01:00:15 成功，获得 0京豆
Jan 09 01:00:15 
Jan 09 01:00:17 
Jan 09 01:00:17 开始给【潮流星势力】主题下的商品进行投票
Jan 09 01:00:17 当前剩余投票次数：3
Jan 09 01:00:17 给 【Costa 黑咖啡】 商品投票
Jan 09 01:00:17 成功，获得 0京豆
Jan 09 01:00:17 
Jan 09 01:00:19 
Jan 09 01:00:19 开始给【年货合家欢】主题下的商品进行投票
Jan 09 01:00:19 当前剩余投票次数：2
Jan 09 01:00:19 给 【布多格 法国进口红酒 】 商品投票
Jan 09 01:00:20 成功，获得 0京豆
Jan 09 01:00:20 
Jan 09 01:00:22 
Jan 09 01:00:22 ==============📣系统通知📣==============
Jan 09 01:00:22 金榜创造营
Jan 09 01:00:22 【京东账号1】18055698302_p
Jan 09 01:00:22 本次运行获得1京豆
Jan 09 01:00:22 
Jan 09 01:00:22 🔔金榜创造营, 结束! 🕛 22.03 秒
Jan 09 01:00:22 
