Jan 07 07:23:01 
Jan 07 07:23:01 🔔获取互助码, 开始!
Jan 07 07:23:01 
Jan 07 07:23:01 ====================共1个京东账号Cookie=========
Jan 07 07:23:01 
Jan 07 07:23:01 ==================脚本执行- 北京时间(UTC+8)：2022/1/7 上午7:23:01=====================
Jan 07 07:23:01 
Jan 07 07:23:01 
Jan 07 07:23:01 注：临时活动的互助码不添加到此处，如有需要请手动运行对应临时活动脚本
Jan 07 07:23:01 
Jan 07 07:23:01 ======账号1开始======
Jan 07 07:23:01 【京东账号1（18055698302_p）京东农场】0a93361fe5a648cda1653dcd48a60011
Jan 07 07:23:01 【京东账号1（18055698302_p）京东萌宠】MTE1NDAxNzcwMDAwMDAwMzg2NDk3MDM=
Jan 07 07:23:01 【京东账号1（18055698302_p）种豆得豆】ht6k55gvldxtokby7m3mt6o3wa3h7wlwy7o5jii
Jan 07 07:23:02 【京东账号1（18055698302_p）东东工厂】T018v_VzRRsf_FzUIBib1ACjVWnYaS5kRrbA
Jan 07 07:23:02 【京东账号1（18055698302_p）京喜工厂】yA2l7WcJYNjy2GFpUagm0w==
Jan 07 07:23:02 注意：京喜农场 种植种子发生变化的时候，互助码也会变！！
Jan 07 07:23:02 【京东账号1（18055698302_p）京喜农场】{"smp":"4ed1dd34e713cc588124110bd01ac999","active":"jdnc_1_3yuanyoutao210616_2","joinnum":1}
Jan 07 07:23:02 【京东账号1（18055698302_p）闪购盲盒】T018v_VzRRsf_FzUIBib1ACjVQmoaT5kRrbA
Jan 07 07:23:03 【京东账号1（18055698302_p）签到领现金】IhM3aem0b_Ql8Wy6iw
Jan 07 07:23:03 ======账号1结束======
Jan 07 07:23:03 
Jan 07 07:23:03 
Jan 07 07:23:03 🔔获取互助码, 结束! 🕛 1.995 秒
Jan 07 07:23:03 
Jan 08 07:23:00 
Jan 08 07:23:00 🔔获取互助码, 开始!
Jan 08 07:23:00 
Jan 08 07:23:00 ====================共1个京东账号Cookie=========
Jan 08 07:23:00 
Jan 08 07:23:00 ==================脚本执行- 北京时间(UTC+8)：2022/1/8 上午7:23:00=====================
Jan 08 07:23:00 
Jan 08 07:23:00 
Jan 08 07:23:00 注：临时活动的互助码不添加到此处，如有需要请手动运行对应临时活动脚本
Jan 08 07:23:00 
Jan 08 07:23:01 ======账号1开始======
Jan 08 07:23:01 【京东账号1（18055698302_p）京东农场】0a93361fe5a648cda1653dcd48a60011
Jan 08 07:23:01 【京东账号1（18055698302_p）京东萌宠】MTE1NDAxNzcwMDAwMDAwMzg2NDk3MDM=
Jan 08 07:23:01 【京东账号1（18055698302_p）种豆得豆】ht6k55gvldxtokby7m3mt6o3wa3h7wlwy7o5jii
Jan 08 07:23:02 【京东账号1（18055698302_p）东东工厂】T018v_VzRRsf_FzUIBib1ACjVWnYaS5kRrbA
Jan 08 07:23:02 【京东账号1（18055698302_p）京喜工厂】yA2l7WcJYNjy2GFpUagm0w==
Jan 08 07:23:02 注意：京喜农场 种植种子发生变化的时候，互助码也会变！！
Jan 08 07:23:02 【京东账号1（18055698302_p）京喜农场】{"smp":"4ed1dd34e713cc588124110bd01ac999","active":"jdnc_1_3yuanyoutao210616_2","joinnum":1}
Jan 08 07:23:02 【京东账号1（18055698302_p）闪购盲盒】T018v_VzRRsf_FzUIBib1ACjVQmoaT5kRrbA
Jan 08 07:23:03 【京东账号1（18055698302_p）签到领现金】IhM3aem0b_Ql8Wy6iw
Jan 08 07:23:03 ======账号1结束======
Jan 08 07:23:03 
Jan 08 07:23:03 
Jan 08 07:23:03 🔔获取互助码, 结束! 🕛 2.102 秒
Jan 08 07:23:03 
Jan 09 07:23:00 
Jan 09 07:23:00 🔔获取互助码, 开始!
Jan 09 07:23:00 
Jan 09 07:23:00 ====================共1个京东账号Cookie=========
Jan 09 07:23:00 
Jan 09 07:23:00 ==================脚本执行- 北京时间(UTC+8)：2022/1/9 上午7:23:00=====================
Jan 09 07:23:00 
Jan 09 07:23:00 
Jan 09 07:23:00 注：临时活动的互助码不添加到此处，如有需要请手动运行对应临时活动脚本
Jan 09 07:23:00 
Jan 09 07:23:01 ======账号1开始======
Jan 09 07:23:01 【京东账号1（18055698302_p）京东农场】0a93361fe5a648cda1653dcd48a60011
Jan 09 07:23:01 【京东账号1（18055698302_p）京东萌宠】MTE1NDAxNzcwMDAwMDAwMzg2NDk3MDM=
Jan 09 07:23:01 【京东账号1（18055698302_p）种豆得豆】ht6k55gvldxtokby7m3mt6o3wa3h7wlwy7o5jii
Jan 09 07:23:01 【京东账号1（18055698302_p）东东工厂】T018v_VzRRsf_FzUIBib1ACjVWnYaS5kRrbA
Jan 09 07:23:01 【京东账号1（18055698302_p）京喜工厂】yA2l7WcJYNjy2GFpUagm0w==
Jan 09 07:23:02 注意：京喜农场 种植种子发生变化的时候，互助码也会变！！
Jan 09 07:23:02 【京东账号1（18055698302_p）京喜农场】{"smp":"4ed1dd34e713cc588124110bd01ac999","active":"jdnc_1_3yuanyoutao210616_2","joinnum":1}
Jan 09 07:23:02 【京东账号1（18055698302_p）闪购盲盒】T018v_VzRRsf_FzUIBib1ACjVQmoaT5kRrbA
Jan 09 07:23:02 【京东账号1（18055698302_p）签到领现金】IhM3aem0b_Ql8Wy6iw
Jan 09 07:23:02 ======账号1结束======
Jan 09 07:23:02 
Jan 09 07:23:02 
Jan 09 07:23:02 🔔获取互助码, 结束! 🕛 1.978 秒
Jan 09 07:23:02 
