Jan 07 00:20:00 
Jan 07 00:20:00 🔔东东健康社区, 开始!
Jan 07 00:20:00 
Jan 07 00:20:00 ====================共1个京东账号Cookie=========
Jan 07 00:20:00 
Jan 07 00:20:01 ==================脚本执行- 北京时间(UTC+8)：2022/1/7 上午12:20:00=====================
Jan 07 00:20:01 
Jan 07 00:20:01 如果出现提示 ?.data. 错误，请升级nodejs版本(进入容器后，apk add nodejs-current)
Jan 07 00:20:01 开始获取东东健康社区配置文件
Jan 07 00:20:01 
Jan 07 00:20:01 共1个京东账号
Jan 07 00:20:01 
Jan 07 00:20:01 您提供了0个账号的东东健康社区助力码
Jan 07 00:20:01 
Jan 07 00:20:01 
Jan 07 00:20:01 ******开始【京东账号1】18055698302_p*********
Jan 07 00:20:01 
Jan 07 00:20:01 由于您第1个京东账号未提供shareCode,将采纳本脚本自带的助力码
Jan 07 00:20:01 
Jan 07 00:20:01 开始
Jan 07 00:20:04 随机取20个码放到您固定的互助码后面(不影响已有固定互助)
Jan 07 00:20:04 第1个京东账号将要助力的好友["T0225KkcRh9P9FbRKUygl_UJcgCjVfnoaW5kRrbA","T0205KkcF3dzsQ-ldnq09pFMCjVfnoaW5kRrbA","T0225KkcRB9No12FJBulwv8LdACjVfnoaW5kRrbA","T0159KUiH11Mq1bSKBoCjVfnoaW5kRrbA","T0205KkcAXpNiBOKekym_oN2CjVfnoaW5kRrbA","T016v_5zQRYc_VbQIHWpCjVfnoaW5kRrbA","T016a2Dnl4WQIdxT-YlKCjVfnoaW5kRrbA","T0205KkcIElqljK9RXiN0JFVCjVfnoaW5kRrbA","T0225KkcRx5L9AbUchmmxqQCcgCjVfnoaW5kRrbA","T0225KkcRRcf9gbRJB78kfVeJQCjVfnoaW5kRrbA","T0225KkcRk8epgDRdRzwl_VfdgCjVfnoaW5kRrbA","T0225KkcRR8f_FzRKUjzkaQPdgCjVfnoaW5kRrbA","T0205KkcI35irzOAaluUzqZWCjVfnoaW5kRrbA","T0114qI2GR8Q8l0CjVfnoaW5kRrbA","T0225KkcRh4YpwCCJBunlPENJgCjVfnoaW5kRrbA","T018v_hzRhkd9FHTIhib1ACjVfnoaW5kRrbA","T0225KkcRRwZ9QfWIRryx_dcJQCjVfnoaW5kRrbA","T0126qgxFUUe8lzfCjVfnoaW5kRrbA","T012ZkfJmKSjohGICjVfnoaW5kRrbA","T0205KkcElhwnBaLfUaOwZ1SCjVfnoaW5kRrbA","T0205KkcJVtjkAyke3ur3IFqCjVfnoaW5kRrbA","T0149KU2HEdHvRHXIQCjVfnoaW5kRrbA","T022aEXMloyPId5d975blPAJdQCjVfnoaW5kRrbA","T0225KkcRxlP81zeIEvxkP8MdACjVfnoaW5kRrbA"]
Jan 07 00:20:05 签到领健康能量任务，完成次数：0/1
Jan 07 00:20:05 去完成签到领健康能量任务
Jan 07 00:20:05 任务完成成功，获得：100能量
Jan 07 00:20:07 
Jan 07 00:20:07 【京东账号1（18055698302_p）的东东健康社区好友互助码】T018v_VzRRsf_FzUIBib1ACjVfnoaW5kRrbA
Jan 07 00:20:07 
Jan 07 00:20:07 健康暖心礼定金翻10倍任务，完成次数：0/5
Jan 07 00:20:07 去完成健康暖心礼定金翻10倍任务
Jan 07 00:20:07 任务领取结果：任务领取成功
Jan 07 00:20:17 任务完成成功，获得：300能量
Jan 07 00:20:19 去完成健康暖心礼定金翻10倍任务
Jan 07 00:20:19 任务领取结果：任务领取成功
Jan 07 00:20:30 任务完成失败：这个任务做完啦！
Jan 07 00:20:32 去完成健康暖心礼定金翻10倍任务
Jan 07 00:20:32 任务领取结果：任务领取成功
Jan 07 00:20:42 任务完成失败：这个任务做完啦！
Jan 07 00:20:44 去完成健康暖心礼定金翻10倍任务
Jan 07 00:20:44 任务领取结果：任务领取成功
Jan 07 00:20:54 任务完成失败：这个任务做完啦！
Jan 07 00:20:56 去完成健康暖心礼定金翻10倍任务
Jan 07 00:20:56 任务领取结果：任务领取成功
Jan 07 00:21:06 任务完成失败：这个任务做完啦！
Jan 07 00:21:08 早起打卡(06:00-09:00)任务，完成次数：0/1
Jan 07 00:21:08 去完成早起打卡(06:00-09:00)任务
Jan 07 00:21:09 任务完成失败：不在打卡时间哦!
Jan 07 00:21:11 点击抢超市大红包任务，完成次数：0/5
Jan 07 00:21:11 去完成点击抢超市大红包任务
Jan 07 00:21:11 任务领取结果：任务领取成功
Jan 07 00:21:21 任务完成成功，获得：300能量
Jan 07 00:21:23 去完成点击抢超市大红包任务
Jan 07 00:21:23 任务领取结果：任务领取成功
Jan 07 00:21:33 任务完成失败：这个任务做完啦！
Jan 07 00:21:35 去完成点击抢超市大红包任务
Jan 07 00:21:35 任务领取结果：任务领取成功
Jan 07 00:21:45 任务完成失败：这个任务做完啦！
Jan 07 00:21:47 去完成点击抢超市大红包任务
Jan 07 00:21:48 任务领取结果：任务领取成功
Jan 07 00:21:58 任务完成失败：这个任务做完啦！
Jan 07 00:22:00 去完成点击抢超市大红包任务
Jan 07 00:22:00 任务领取结果：任务领取成功
Jan 07 00:22:10 任务完成失败：这个任务做完啦！
Jan 07 00:22:12 去浏览并加购商品任务，完成次数：0/8
Jan 07 00:22:12 去完成去浏览并加购商品任务
Jan 07 00:22:14 去完成去浏览并加购商品任务
Jan 07 00:22:16 去完成去浏览并加购商品任务
Jan 07 00:22:18 去完成去浏览并加购商品任务
Jan 07 00:22:20 去完成去浏览并加购商品任务
Jan 07 00:22:22 去完成去浏览并加购商品任务
Jan 07 00:22:24 去完成去浏览并加购商品任务
Jan 07 00:22:26 去完成去浏览并加购商品任务
Jan 07 00:22:28 早睡打卡(21:00-23:00)任务，完成次数：0/1
Jan 07 00:22:28 去完成早睡打卡(21:00-23:00)任务
Jan 07 00:22:28 任务完成失败：不在打卡时间哦!
Jan 07 00:22:30 加入瘦身社群1元得体脂秤任务，完成次数：0/1
Jan 07 00:22:30 去完成加入瘦身社群1元得体脂秤任务
Jan 07 00:22:30 任务完成成功，获得：300能量
Jan 07 00:22:33 健康大牌首购低至1元任务，完成次数：1/5
Jan 07 00:22:33 去完成健康大牌首购低至1元任务
Jan 07 00:22:34 任务领取结果：任务领取成功
Jan 07 00:22:44 任务完成成功，获得：300能量
Jan 07 00:22:46 去完成健康大牌首购低至1元任务
Jan 07 00:22:46 任务领取结果：任务领取成功
Jan 07 00:22:56 任务完成失败：这个任务做完啦！
Jan 07 00:22:58 去完成健康大牌首购低至1元任务
Jan 07 00:22:58 任务领取结果：任务领取成功
Jan 07 00:23:08 任务完成失败：这个任务做完啦！
Jan 07 00:23:10 去完成健康大牌首购低至1元任务
Jan 07 00:23:10 任务领取结果：任务领取成功
Jan 07 00:23:21 任务完成失败：这个任务做完啦！
Jan 07 00:23:23 早起打卡(06:00-09:00)任务，完成次数：0/1
Jan 07 00:23:23 去完成早起打卡(06:00-09:00)任务
Jan 07 00:23:23 任务完成失败：不在打卡时间哦!
Jan 07 00:23:25 兑换好物0元起任务，完成次数：1/5
Jan 07 00:23:25 去完成兑换好物0元起任务
Jan 07 00:23:25 任务领取结果：任务领取成功
Jan 07 00:23:35 任务完成成功，获得：300能量
Jan 07 00:23:37 去完成兑换好物0元起任务
Jan 07 00:23:37 任务领取结果：任务领取成功
Jan 07 00:23:47 任务完成失败：这个任务做完啦！
Jan 07 00:23:49 去完成兑换好物0元起任务
Jan 07 00:23:49 任务领取结果：任务领取成功
Jan 07 00:24:00 任务完成失败：这个任务做完啦！
Jan 07 00:24:02 去完成兑换好物0元起任务
Jan 07 00:24:02 任务领取结果：任务领取成功
Jan 07 00:24:12 任务完成失败：这个任务做完啦！
Jan 07 00:24:14 去浏览并加购商品任务，完成次数：0/8
Jan 07 00:24:14 去完成去浏览并加购商品任务
Jan 07 00:24:16 去完成去浏览并加购商品任务
Jan 07 00:24:18 去完成去浏览并加购商品任务
Jan 07 00:24:20 去完成去浏览并加购商品任务
Jan 07 00:24:22 去完成去浏览并加购商品任务
Jan 07 00:24:24 去完成去浏览并加购商品任务
Jan 07 00:24:26 去完成去浏览并加购商品任务
Jan 07 00:24:28 去完成去浏览并加购商品任务
Jan 07 00:24:30 早睡打卡(21:00-23:00)任务，完成次数：0/1
Jan 07 00:24:30 去完成早睡打卡(21:00-23:00)任务
Jan 07 00:24:30 任务完成失败：不在打卡时间哦!
Jan 07 00:24:32 开通Toyshea会员任务，完成次数：0/3
Jan 07 00:24:32 去完成开通Toyshea会员任务
Jan 07 00:24:34 去完成开通Toyshea会员任务
Jan 07 00:24:36 去完成开通Toyshea会员任务
Jan 07 00:24:39 发现更多爱心好物任务，完成次数：2/5
Jan 07 00:24:39 去完成发现更多爱心好物任务
Jan 07 00:24:39 任务领取结果：任务领取成功
Jan 07 00:24:49 任务完成成功，获得：300能量
Jan 07 00:24:51 去完成发现更多爱心好物任务
Jan 07 00:24:52 任务领取结果：任务领取成功
Jan 07 00:25:02 任务完成失败：这个任务做完啦！
Jan 07 00:25:04 去完成发现更多爱心好物任务
Jan 07 00:25:04 任务领取结果：任务领取成功
Jan 07 00:25:14 任务完成失败：这个任务做完啦！
Jan 07 00:25:16 早起打卡(06:00-09:00)任务，完成次数：0/1
Jan 07 00:25:16 去完成早起打卡(06:00-09:00)任务
Jan 07 00:25:16 任务完成失败：不在打卡时间哦!
Jan 07 00:25:18 一分钱造爆款电器任务，完成次数：2/5
Jan 07 00:25:18 去完成一分钱造爆款电器任务
Jan 07 00:25:18 任务领取结果：任务领取成功
Jan 07 00:25:28 任务完成成功，获得：300能量
Jan 07 00:25:30 去完成一分钱造爆款电器任务
Jan 07 00:25:31 任务领取结果：任务领取成功
Jan 07 00:25:41 任务完成失败：这个任务做完啦！
Jan 07 00:25:43 去完成一分钱造爆款电器任务
Jan 07 00:25:43 任务领取结果：任务领取成功
Jan 07 00:25:53 任务完成失败：这个任务做完啦！
Jan 07 00:25:55 去浏览并加购商品任务，完成次数：0/8
Jan 07 00:25:55 去完成去浏览并加购商品任务
Jan 07 00:25:57 去完成去浏览并加购商品任务
Jan 07 00:25:59 去完成去浏览并加购商品任务
Jan 07 00:26:01 去完成去浏览并加购商品任务
Jan 07 00:26:03 去完成去浏览并加购商品任务
Jan 07 00:26:05 去完成去浏览并加购商品任务
Jan 07 00:26:07 去完成去浏览并加购商品任务
Jan 07 00:26:09 去完成去浏览并加购商品任务
Jan 07 00:26:11 早睡打卡(21:00-23:00)任务，完成次数：0/1
Jan 07 00:26:11 去完成早睡打卡(21:00-23:00)任务
Jan 07 00:26:11 任务完成失败：不在打卡时间哦!
Jan 07 00:26:13 开通Toyshea会员任务，完成次数：0/3
Jan 07 00:26:13 去完成开通Toyshea会员任务
Jan 07 00:26:15 去完成开通Toyshea会员任务
Jan 07 00:26:17 去完成开通Toyshea会员任务
Jan 07 00:26:20 健康种植园“种”大奖任务，完成次数：3/5
Jan 07 00:26:20 去完成健康种植园“种”大奖任务
Jan 07 00:26:20 任务领取结果：任务领取成功
Jan 07 00:26:31 任务完成成功，获得：300能量
Jan 07 00:26:33 去完成健康种植园“种”大奖任务
Jan 07 00:26:33 任务领取结果：任务领取成功
Jan 07 00:26:43 任务完成失败：这个任务做完啦！
Jan 07 00:26:45 早起打卡(06:00-09:00)任务，完成次数：0/1
Jan 07 00:26:45 去完成早起打卡(06:00-09:00)任务
Jan 07 00:26:45 任务完成失败：不在打卡时间哦!
Jan 07 00:26:47 颜究院大牌小样1元领任务，完成次数：3/5
Jan 07 00:26:47 去完成颜究院大牌小样1元领任务
Jan 07 00:26:47 任务领取结果：任务领取成功
Jan 07 00:26:57 任务完成成功，获得：300能量
Jan 07 00:26:59 去完成颜究院大牌小样1元领任务
Jan 07 00:26:59 任务领取结果：任务领取成功
Jan 07 00:27:10 任务完成失败：这个任务做完啦！
Jan 07 00:27:12 去浏览并加购商品任务，完成次数：0/8
Jan 07 00:27:12 去完成去浏览并加购商品任务
Jan 07 00:27:14 去完成去浏览并加购商品任务
Jan 07 00:27:16 去完成去浏览并加购商品任务
Jan 07 00:27:18 去完成去浏览并加购商品任务
Jan 07 00:27:20 去完成去浏览并加购商品任务
Jan 07 00:27:22 去完成去浏览并加购商品任务
Jan 07 00:27:24 去完成去浏览并加购商品任务
Jan 07 00:27:26 去完成去浏览并加购商品任务
Jan 07 00:27:28 早睡打卡(21:00-23:00)任务，完成次数：0/1
Jan 07 00:27:28 去完成早睡打卡(21:00-23:00)任务
Jan 07 00:27:28 任务完成失败：不在打卡时间哦!
Jan 07 00:27:30 开通Toyshea会员任务，完成次数：0/3
Jan 07 00:27:30 去完成开通Toyshea会员任务
Jan 07 00:27:32 去完成开通Toyshea会员任务
Jan 07 00:27:34 去完成开通Toyshea会员任务
Jan 07 00:27:37 健康好物券后1分钱包邮任务，完成次数：4/5
Jan 07 00:27:37 去完成健康好物券后1分钱包邮任务
Jan 07 00:27:37 任务领取结果：任务领取成功
Jan 07 00:27:47 任务完成成功，获得：300能量
Jan 07 00:27:49 早起打卡(06:00-09:00)任务，完成次数：0/1
Jan 07 00:27:49 去完成早起打卡(06:00-09:00)任务
Jan 07 00:27:49 任务完成失败：不在打卡时间哦!
Jan 07 00:27:51 去会员频道摇京豆任务，完成次数：4/5
Jan 07 00:27:51 去完成去会员频道摇京豆任务
Jan 07 00:27:51 任务领取结果：任务领取成功
Jan 07 00:28:02 任务完成成功，获得：300能量
Jan 07 00:28:04 去浏览并加购商品任务，完成次数：0/8
Jan 07 00:28:04 去完成去浏览并加购商品任务
Jan 07 00:28:06 去完成去浏览并加购商品任务
Jan 07 00:28:08 去完成去浏览并加购商品任务
Jan 07 00:28:10 去完成去浏览并加购商品任务
Jan 07 00:28:12 去完成去浏览并加购商品任务
Jan 07 00:28:14 去完成去浏览并加购商品任务
Jan 07 00:28:16 去完成去浏览并加购商品任务
Jan 07 00:28:18 去完成去浏览并加购商品任务
Jan 07 00:28:20 早睡打卡(21:00-23:00)任务，完成次数：0/1
Jan 07 00:28:20 去完成早睡打卡(21:00-23:00)任务
Jan 07 00:28:20 任务完成失败：不在打卡时间哦!
Jan 07 00:28:22 开通Toyshea会员任务，完成次数：0/3
Jan 07 00:28:22 去完成开通Toyshea会员任务
Jan 07 00:28:24 去完成开通Toyshea会员任务
Jan 07 00:28:26 去完成开通Toyshea会员任务
Jan 07 00:28:29 任务完成成功，获得：82能量
Jan 07 00:28:29 去助力好友T0225KkcRh9P9FbRKUygl_UJcgCjVfnoaW5kRrbA
Jan 07 00:28:29 任务完成失败：助力失败丨助力已满员！谢谢你哦~
Jan 07 00:28:30 去助力好友T0205KkcF3dzsQ-ldnq09pFMCjVfnoaW5kRrbA
Jan 07 00:28:30 任务完成失败：助力失败丨助力已满员！谢谢你哦~
Jan 07 00:28:31 去助力好友T0225KkcRB9No12FJBulwv8LdACjVfnoaW5kRrbA
Jan 07 00:28:31 任务完成失败：助力失败丨助力已满员！谢谢你哦~
Jan 07 00:28:32 去助力好友T0159KUiH11Mq1bSKBoCjVfnoaW5kRrbA
Jan 07 00:28:32 任务完成失败：助力失败丨助力已满员！谢谢你哦~
Jan 07 00:28:33 去助力好友T0205KkcAXpNiBOKekym_oN2CjVfnoaW5kRrbA
Jan 07 00:28:34 任务完成成功，获得：800能量
Jan 07 00:28:35 去助力好友T016v_5zQRYc_VbQIHWpCjVfnoaW5kRrbA
Jan 07 00:28:35 任务完成成功，获得：800能量
Jan 07 00:28:36 去助力好友T016a2Dnl4WQIdxT-YlKCjVfnoaW5kRrbA
Jan 07 00:28:36 任务完成成功，获得：800能量
Jan 07 00:28:37 去助力好友T0205KkcIElqljK9RXiN0JFVCjVfnoaW5kRrbA
Jan 07 00:28:37 任务完成失败：助力失败丨啊哦您今日的爱心值已爆棚，明天继续吧
Jan 07 00:28:37 助力次数已满，跳出
Jan 07 00:28:37 健康一下任务，完成次数：0/1
Jan 07 00:28:37 任务领取结果：任务领取成功
Jan 07 00:28:41 任务完成成功，获得：100能量
Jan 07 00:28:41 
Jan 07 00:28:41 ==============📣系统通知📣==============
Jan 07 00:28:41 东东健康社区
Jan 07 00:28:41 京东账号1 18055698302_p
Jan 07 00:28:41 本次获得4060健康值，累计2134832健康值
Jan 07 00:28:41 
Jan 07 00:28:41 
Jan 07 00:28:41 🔔东东健康社区, 结束! 🕛 520.429 秒
Jan 07 00:28:41 
Jan 07 06:20:01 
Jan 07 06:20:01 🔔东东健康社区, 开始!
Jan 07 06:20:01 
Jan 07 06:20:01 ====================共1个京东账号Cookie=========
Jan 07 06:20:01 
Jan 07 06:20:01 ==================脚本执行- 北京时间(UTC+8)：2022/1/7 上午6:20:01=====================
Jan 07 06:20:01 
Jan 07 06:20:01 如果出现提示 ?.data. 错误，请升级nodejs版本(进入容器后，apk add nodejs-current)
Jan 07 06:20:01 开始获取东东健康社区配置文件
Jan 07 06:20:01 
Jan 07 06:20:01 共1个京东账号
Jan 07 06:20:01 
Jan 07 06:20:01 您提供了0个账号的东东健康社区助力码
Jan 07 06:20:01 
Jan 07 06:20:01 
Jan 07 06:20:01 ******开始【京东账号1】18055698302_p*********
Jan 07 06:20:01 
Jan 07 06:20:01 由于您第1个京东账号未提供shareCode,将采纳本脚本自带的助力码
Jan 07 06:20:01 
Jan 07 06:20:01 开始
Jan 07 06:20:02 随机取20个码放到您固定的互助码后面(不影响已有固定互助)
Jan 07 06:20:02 第1个京东账号将要助力的好友["T0225KkcRh9P9FbRKUygl_UJcgCjVfnoaW5kRrbA","T0205KkcF3dzsQ-ldnq09pFMCjVfnoaW5kRrbA","T0225KkcRB9No12FJBulwv8LdACjVfnoaW5kRrbA","T0159KUiH11Mq1bSKBoCjVfnoaW5kRrbA","T0205KkcAE9fnDCtdWGM4LROCjVfnoaW5kRrbA","T008_KYlGEZHCjVfnoaW5kRrbA","T0205KkcBn1utQegWXuNxY1SCjVfnoaW5kRrbA","T0205KkcCl9IkBCwX1ir7L1zCjVfnoaW5kRrbA","T015-KQgG1fPXsLSIhoCjVfnoaW5kRrbA","T0225KkcRUxL9VyCcRzznPIDdwCjVfnoaW5kRrbA","T0225KkcRBsc81PSKU7wx_QIIQCjVfnoaW5kRrbA","T016_aUuGUJQ8FfRJnWpCjVfnoaW5kRrbA","T011_agmFBsb8FICjVfnoaW5kRrbA","T0225KkcRBwY9VTRdk_0kaYNcgCjVfnoaW5kRrbA","T0205KkcI0hDkjGjdkeJ94RjCjVfnoaW5kRrbA","T0205KkcCVlErx2EdUOz6IZ7CjVfnoaW5kRrbA","T01296I2CFtKrQGJCjVfnoaW5kRrbA","T0225KkcR00c8AXXcxz9x_8LJgCjVfnoaW5kRrbA","T0144KQtGR4e9VfVIQCjVfnoaW5kRrbA","T0205KkcMnlilx6sVG2s6ZB5CjVfnoaW5kRrbA","T0225KkcR0pI81OCKBrxxf8CfACjVfnoaW5kRrbA","T022uvt2RR0Q9lDSPR70l_cLdACjVfnoaW5kRrbA","T0225KkcRUgc9lLRIR7wlfdZdgCjVfnoaW5kRrbA","T0126LkxlZ6mIMBOCjVfnoaW5kRrbA"]
Jan 07 06:20:03 签到领健康能量任务，完成次数：1/1
Jan 07 06:20:03 
Jan 07 06:20:03 【京东账号1（18055698302_p）的东东健康社区好友互助码】T018v_VzRRsf_FzUIBib1ACjVfnoaW5kRrbA
Jan 07 06:20:03 
Jan 07 06:20:03 健康暖心礼定金翻10倍任务，完成次数：5/5
Jan 07 06:20:03 早起打卡(06:00-09:00)任务，完成次数：0/1
Jan 07 06:20:03 去完成早起打卡(06:00-09:00)任务
Jan 07 06:20:03 任务完成成功，获得：500能量
Jan 07 06:20:05 去浏览并加购商品任务，完成次数：0/8
Jan 07 06:20:05 去完成去浏览并加购商品任务
Jan 07 06:20:07 去完成去浏览并加购商品任务
Jan 07 06:20:09 去完成去浏览并加购商品任务
Jan 07 06:20:11 去完成去浏览并加购商品任务
Jan 07 06:20:13 去完成去浏览并加购商品任务
Jan 07 06:20:15 去完成去浏览并加购商品任务
Jan 07 06:20:17 去完成去浏览并加购商品任务
Jan 07 06:20:19 去完成去浏览并加购商品任务
Jan 07 06:20:21 早睡打卡(21:00-23:00)任务，完成次数：0/1
Jan 07 06:20:21 去完成早睡打卡(21:00-23:00)任务
Jan 07 06:20:21 任务完成失败：不在打卡时间哦!
Jan 07 06:20:23 开通Toyshea会员任务，完成次数：0/3
Jan 07 06:20:23 去完成开通Toyshea会员任务
Jan 07 06:20:25 去完成开通Toyshea会员任务
Jan 07 06:20:27 去完成开通Toyshea会员任务
Jan 07 06:20:29 去浏览并加购商品任务，完成次数：0/8
Jan 07 06:20:29 去完成去浏览并加购商品任务
Jan 07 06:20:31 去完成去浏览并加购商品任务
Jan 07 06:20:33 去完成去浏览并加购商品任务
Jan 07 06:20:35 去完成去浏览并加购商品任务
Jan 07 06:20:37 去完成去浏览并加购商品任务
Jan 07 06:20:39 去完成去浏览并加购商品任务
Jan 07 06:20:41 去完成去浏览并加购商品任务
Jan 07 06:20:43 去完成去浏览并加购商品任务
Jan 07 06:20:46 健康暖心礼定金翻10倍任务，完成次数：5/5
Jan 07 06:20:46 去浏览并加购商品任务，完成次数：0/8
Jan 07 06:20:46 去完成去浏览并加购商品任务
Jan 07 06:20:48 去完成去浏览并加购商品任务
Jan 07 06:20:50 去完成去浏览并加购商品任务
Jan 07 06:20:52 去完成去浏览并加购商品任务
Jan 07 06:20:54 去完成去浏览并加购商品任务
Jan 07 06:20:56 去完成去浏览并加购商品任务
Jan 07 06:20:58 去完成去浏览并加购商品任务
Jan 07 06:21:00 去完成去浏览并加购商品任务
Jan 07 06:21:02 早睡打卡(21:00-23:00)任务，完成次数：0/1
Jan 07 06:21:02 去完成早睡打卡(21:00-23:00)任务
Jan 07 06:21:02 任务完成失败：不在打卡时间哦!
Jan 07 06:21:04 开通Toyshea会员任务，完成次数：0/3
Jan 07 06:21:04 去完成开通Toyshea会员任务
Jan 07 06:21:06 去完成开通Toyshea会员任务
Jan 07 06:21:08 去完成开通Toyshea会员任务
Jan 07 06:21:10 去浏览并加购商品任务，完成次数：0/8
Jan 07 06:21:10 去完成去浏览并加购商品任务
Jan 07 06:21:12 去完成去浏览并加购商品任务
Jan 07 06:21:14 去完成去浏览并加购商品任务
Jan 07 06:21:16 去完成去浏览并加购商品任务
Jan 07 06:21:18 去完成去浏览并加购商品任务
Jan 07 06:21:20 去完成去浏览并加购商品任务
Jan 07 06:21:22 去完成去浏览并加购商品任务
Jan 07 06:21:24 去完成去浏览并加购商品任务
Jan 07 06:21:26 逛逛京东大药房会场任务，完成次数：0/1
Jan 07 06:21:26 去完成逛逛京东大药房会场任务
Jan 07 06:21:27 任务领取结果：任务领取成功
Jan 07 06:21:37 任务完成成功，获得：300能量
Jan 07 06:21:40 健康暖心礼定金翻10倍任务，完成次数：5/5
Jan 07 06:21:40 去浏览并加购商品任务，完成次数：0/8
Jan 07 06:21:40 去完成去浏览并加购商品任务
Jan 07 06:21:42 去完成去浏览并加购商品任务
Jan 07 06:21:44 去完成去浏览并加购商品任务
Jan 07 06:21:46 去完成去浏览并加购商品任务
Jan 07 06:21:48 去完成去浏览并加购商品任务
Jan 07 06:21:50 去完成去浏览并加购商品任务
Jan 07 06:21:52 去完成去浏览并加购商品任务
Jan 07 06:21:54 去完成去浏览并加购商品任务
Jan 07 06:21:56 早睡打卡(21:00-23:00)任务，完成次数：0/1
Jan 07 06:21:56 去完成早睡打卡(21:00-23:00)任务
Jan 07 06:21:56 任务完成失败：不在打卡时间哦!
Jan 07 06:21:58 开通Toyshea会员任务，完成次数：0/3
Jan 07 06:21:58 去完成开通Toyshea会员任务
Jan 07 06:22:00 去完成开通Toyshea会员任务
Jan 07 06:22:02 去完成开通Toyshea会员任务
Jan 07 06:22:04 去浏览并加购商品任务，完成次数：0/8
Jan 07 06:22:04 去完成去浏览并加购商品任务
Jan 07 06:22:06 去完成去浏览并加购商品任务
Jan 07 06:22:08 去完成去浏览并加购商品任务
Jan 07 06:22:10 去完成去浏览并加购商品任务
Jan 07 06:22:12 去完成去浏览并加购商品任务
Jan 07 06:22:14 去完成去浏览并加购商品任务
Jan 07 06:22:16 去完成去浏览并加购商品任务
Jan 07 06:22:18 去完成去浏览并加购商品任务
Jan 07 06:22:20 名医限量义诊任务，完成次数：0/2
Jan 07 06:22:20 去完成名医限量义诊任务
Jan 07 06:22:20 任务领取结果：任务领取成功
Jan 07 06:22:30 任务完成成功，获得：300能量
Jan 07 06:22:32 去完成名医限量义诊任务
Jan 07 06:22:33 任务领取结果：任务领取成功
Jan 07 06:22:43 任务完成失败：这个任务做完啦！
Jan 07 06:22:46 健康暖心礼定金翻10倍任务，完成次数：5/5
Jan 07 06:22:46 去浏览并加购商品任务，完成次数：0/8
Jan 07 06:22:46 去完成去浏览并加购商品任务
Jan 07 06:22:48 去完成去浏览并加购商品任务
Jan 07 06:22:50 去完成去浏览并加购商品任务
Jan 07 06:22:52 去完成去浏览并加购商品任务
Jan 07 06:22:54 去完成去浏览并加购商品任务
Jan 07 06:22:56 去完成去浏览并加购商品任务
Jan 07 06:22:58 去完成去浏览并加购商品任务
Jan 07 06:23:00 去完成去浏览并加购商品任务
Jan 07 06:23:02 早睡打卡(21:00-23:00)任务，完成次数：0/1
Jan 07 06:23:02 去完成早睡打卡(21:00-23:00)任务
Jan 07 06:23:02 任务完成失败：不在打卡时间哦!
Jan 07 06:23:04 开通Toyshea会员任务，完成次数：0/3
Jan 07 06:23:04 去完成开通Toyshea会员任务
Jan 07 06:23:06 去完成开通Toyshea会员任务
Jan 07 06:23:08 去完成开通Toyshea会员任务
Jan 07 06:23:10 去浏览并加购商品任务，完成次数：0/8
Jan 07 06:23:10 去完成去浏览并加购商品任务
Jan 07 06:23:12 去完成去浏览并加购商品任务
Jan 07 06:23:14 去完成去浏览并加购商品任务
Jan 07 06:23:16 去完成去浏览并加购商品任务
Jan 07 06:23:18 去完成去浏览并加购商品任务
Jan 07 06:23:20 去完成去浏览并加购商品任务
Jan 07 06:23:22 去完成去浏览并加购商品任务
Jan 07 06:23:24 去完成去浏览并加购商品任务
Jan 07 06:23:26 全国良医 在线坐诊任务，完成次数：1/2
Jan 07 06:23:26 去完成全国良医 在线坐诊任务
Jan 07 06:23:26 任务领取结果：任务领取成功
Jan 07 06:23:36 任务完成成功，获得：300能量
Jan 07 06:23:39 健康暖心礼定金翻10倍任务，完成次数：5/5
Jan 07 06:23:39 去浏览并加购商品任务，完成次数：0/8
Jan 07 06:23:39 去完成去浏览并加购商品任务
Jan 07 06:23:41 去完成去浏览并加购商品任务
Jan 07 06:23:43 去完成去浏览并加购商品任务
Jan 07 06:23:45 去完成去浏览并加购商品任务
Jan 07 06:23:47 去完成去浏览并加购商品任务
Jan 07 06:23:49 去完成去浏览并加购商品任务
Jan 07 06:23:51 去完成去浏览并加购商品任务
Jan 07 06:23:53 去完成去浏览并加购商品任务
Jan 07 06:23:55 早睡打卡(21:00-23:00)任务，完成次数：0/1
Jan 07 06:23:55 去完成早睡打卡(21:00-23:00)任务
Jan 07 06:23:56 任务完成失败：不在打卡时间哦!
Jan 07 06:23:58 开通Toyshea会员任务，完成次数：0/3
Jan 07 06:23:58 去完成开通Toyshea会员任务
Jan 07 06:24:00 去完成开通Toyshea会员任务
Jan 07 06:24:02 去完成开通Toyshea会员任务
Jan 07 06:24:04 去浏览并加购商品任务，完成次数：0/8
Jan 07 06:24:04 去完成去浏览并加购商品任务
Jan 07 06:24:06 去完成去浏览并加购商品任务
Jan 07 06:24:08 去完成去浏览并加购商品任务
Jan 07 06:24:10 去完成去浏览并加购商品任务
Jan 07 06:24:12 去完成去浏览并加购商品任务
Jan 07 06:24:14 去完成去浏览并加购商品任务
Jan 07 06:24:16 去完成去浏览并加购商品任务
Jan 07 06:24:18 去完成去浏览并加购商品任务
Jan 07 06:24:20 名医限量义诊任务，完成次数：2/2
Jan 07 06:24:20 任务完成成功，获得：0能量
Jan 07 06:24:20 去助力好友T0225KkcRh9P9FbRKUygl_UJcgCjVfnoaW5kRrbA
Jan 07 06:24:20 任务完成失败：助力失败丨助力已满员！谢谢你哦~
Jan 07 06:24:21 去助力好友T0205KkcF3dzsQ-ldnq09pFMCjVfnoaW5kRrbA
Jan 07 06:24:21 任务完成失败：助力失败丨助力已满员！谢谢你哦~
Jan 07 06:24:22 去助力好友T0225KkcRB9No12FJBulwv8LdACjVfnoaW5kRrbA
Jan 07 06:24:22 任务完成失败：助力失败丨助力已满员！谢谢你哦~
Jan 07 06:24:23 去助力好友T0159KUiH11Mq1bSKBoCjVfnoaW5kRrbA
Jan 07 06:24:23 任务完成失败：助力失败丨助力已满员！谢谢你哦~
Jan 07 06:24:24 去助力好友T0205KkcAE9fnDCtdWGM4LROCjVfnoaW5kRrbA
Jan 07 06:24:24 任务完成失败：助力失败丨助力已满员！谢谢你哦~
Jan 07 06:24:25 去助力好友T008_KYlGEZHCjVfnoaW5kRrbA
Jan 07 06:24:26 任务完成失败：助力失败丨助力已满员！谢谢你哦~
Jan 07 06:24:27 去助力好友T0205KkcBn1utQegWXuNxY1SCjVfnoaW5kRrbA
Jan 07 06:24:27 任务完成失败：助力失败丨助力已满员！谢谢你哦~
Jan 07 06:24:28 去助力好友T0205KkcCl9IkBCwX1ir7L1zCjVfnoaW5kRrbA
Jan 07 06:24:28 任务完成失败：助力失败丨助力已满员！谢谢你哦~
Jan 07 06:24:29 去助力好友T015-KQgG1fPXsLSIhoCjVfnoaW5kRrbA
Jan 07 06:24:29 任务完成失败：助力失败丨助力已满员！谢谢你哦~
Jan 07 06:24:30 去助力好友T0225KkcRUxL9VyCcRzznPIDdwCjVfnoaW5kRrbA
Jan 07 06:24:30 任务完成失败：助力失败丨助力已满员！谢谢你哦~
Jan 07 06:24:31 去助力好友T0225KkcRBsc81PSKU7wx_QIIQCjVfnoaW5kRrbA
Jan 07 06:24:31 任务完成失败：助力失败丨助力已满员！谢谢你哦~
Jan 07 06:24:32 去助力好友T016_aUuGUJQ8FfRJnWpCjVfnoaW5kRrbA
Jan 07 06:24:32 任务完成失败：助力失败丨助力已满员！谢谢你哦~
Jan 07 06:24:33 去助力好友T011_agmFBsb8FICjVfnoaW5kRrbA
Jan 07 06:24:33 任务完成失败：助力失败丨助力已满员！谢谢你哦~
Jan 07 06:24:34 去助力好友T0225KkcRBwY9VTRdk_0kaYNcgCjVfnoaW5kRrbA
Jan 07 06:24:35 任务完成失败：助力失败丨助力已满员！谢谢你哦~
Jan 07 06:24:36 去助力好友T0205KkcI0hDkjGjdkeJ94RjCjVfnoaW5kRrbA
Jan 07 06:24:36 任务完成失败：助力失败丨助力已满员！谢谢你哦~
Jan 07 06:24:37 去助力好友T0205KkcCVlErx2EdUOz6IZ7CjVfnoaW5kRrbA
Jan 07 06:24:37 任务完成失败：助力失败丨助力已满员！谢谢你哦~
Jan 07 06:24:38 去助力好友T01296I2CFtKrQGJCjVfnoaW5kRrbA
Jan 07 06:24:38 任务完成失败：助力失败丨助力已满员！谢谢你哦~
Jan 07 06:24:39 去助力好友T0225KkcR00c8AXXcxz9x_8LJgCjVfnoaW5kRrbA
Jan 07 06:24:39 任务完成失败：助力失败丨助力已满员！谢谢你哦~
Jan 07 06:24:40 去助力好友T0144KQtGR4e9VfVIQCjVfnoaW5kRrbA
Jan 07 06:24:40 任务完成失败：助力失败丨助力已满员！谢谢你哦~
Jan 07 06:24:41 去助力好友T0205KkcMnlilx6sVG2s6ZB5CjVfnoaW5kRrbA
Jan 07 06:24:41 任务完成失败：助力失败丨助力已满员！谢谢你哦~
Jan 07 06:24:42 去助力好友T0225KkcR0pI81OCKBrxxf8CfACjVfnoaW5kRrbA
Jan 07 06:24:43 任务完成失败：助力失败丨助力已满员！谢谢你哦~
Jan 07 06:24:44 去助力好友T022uvt2RR0Q9lDSPR70l_cLdACjVfnoaW5kRrbA
Jan 07 06:24:44 任务完成失败：助力失败丨啊哦您今日的爱心值已爆棚，明天继续吧
Jan 07 06:24:44 助力次数已满，跳出
Jan 07 06:24:44 健康一下任务，完成次数：1/1
Jan 07 06:24:44 
Jan 07 06:24:44 ==============📣系统通知📣==============
Jan 07 06:24:44 东东健康社区
Jan 07 06:24:44 京东账号1 18055698302_p
Jan 07 06:24:44 本次获得1400健康值，累计2140460健康值
Jan 07 06:24:44 
Jan 07 06:24:44 
Jan 07 06:24:44 🔔东东健康社区, 结束! 🕛 283.021 秒
Jan 07 06:24:44 
Jan 07 22:20:00 
Jan 07 22:20:00 🔔东东健康社区, 开始!
Jan 07 22:20:00 
Jan 07 22:20:00 ====================共1个京东账号Cookie=========
Jan 07 22:20:00 
Jan 07 22:20:00 ==================脚本执行- 北京时间(UTC+8)：2022/1/7 下午10:20:00=====================
Jan 07 22:20:00 
Jan 07 22:20:00 如果出现提示 ?.data. 错误，请升级nodejs版本(进入容器后，apk add nodejs-current)
Jan 07 22:20:00 开始获取东东健康社区配置文件
Jan 07 22:20:00 
Jan 07 22:20:00 共1个京东账号
Jan 07 22:20:00 
Jan 07 22:20:00 您提供了0个账号的东东健康社区助力码
Jan 07 22:20:00 
Jan 07 22:20:00 
Jan 07 22:20:00 ******开始【京东账号1】18055698302_p*********
Jan 07 22:20:00 
Jan 07 22:20:00 由于您第1个京东账号未提供shareCode,将采纳本脚本自带的助力码
Jan 07 22:20:00 
Jan 07 22:20:00 开始
Jan 07 22:20:04 随机取20个码放到您固定的互助码后面(不影响已有固定互助)
Jan 07 22:20:04 第1个京东账号将要助力的好友["T0225KkcRh9P9FbRKUygl_UJcgCjVfnoaW5kRrbA","T0205KkcF3dzsQ-ldnq09pFMCjVfnoaW5kRrbA","T0225KkcRB9No12FJBulwv8LdACjVfnoaW5kRrbA","T0159KUiH11Mq1bSKBoCjVfnoaW5kRrbA","T0205KkcAlRQiQGRamW966liCjVfnoaW5kRrbA","T0205KkcP2l5hxGCcVyQ6rFfCjVfnoaW5kRrbA","T0225KkcRB5K8QGBIE78wvcIcwCjVfnoaW5kRrbA","T018v_5wSBkf8lHVKB2b1ACjVfnoaW5kRrbA","T0077KQtGkoCjVfnoaW5kRrbA","T019-akEB1d5kjS2QEuG8KYCjVfnoaW5kRrbA","T026tv56QRsY9VzTTx_znfYMdoCaXgCjVfnoaW5kRrbA","T0205KkcBWRYlyy1V0yXwoNrCjVfnoaW5kRrbA","T0205KkcKFt6rC6XZkOU0pBcCjVfnoaW5kRrbA","T0205KkcJWRxvDauSHyV1YVPCjVfnoaW5kRrbA","T011aHnClq6IqRECjVfnoaW5kRrbA","T0079qouEUACjVfnoaW5kRrbA","T019-aQvHExMoguIdBj0lfICjVfnoaW5kRrbA","T0225KkcRhhLpgXUIBPxl6IKJwCjVfnoaW5kRrbA","T0225KkcRx1P8V3RJx39waNbdQCjVfnoaW5kRrbA","T0205KkcO2JEpy-gZWe28YVXCjVfnoaW5kRrbA","T0225KkcR0sb8QHfdhL8wqFbIgCjVfnoaW5kRrbA","T0155aQtF0hFvFbXIBMCjVfnoaW5kRrbA","T01176MkAldLpwUCjVfnoaW5kRrbA","T0205KkcNl9_lT2BXX6s0797CjVfnoaW5kRrbA"]
Jan 07 22:20:04 签到领健康能量任务，完成次数：1/1
Jan 07 22:20:04 
Jan 07 22:20:04 【京东账号1（18055698302_p）的东东健康社区好友互助码】T018v_VzRRsf_FzUIBib1ACjVfnoaW5kRrbA
Jan 07 22:20:04 
Jan 07 22:20:05 健康暖心礼定金翻10倍任务，完成次数：5/5
Jan 07 22:20:05 去浏览并加购商品任务，完成次数：0/8
Jan 07 22:20:05 去完成去浏览并加购商品任务
Jan 07 22:20:07 去完成去浏览并加购商品任务
Jan 07 22:20:09 去完成去浏览并加购商品任务
Jan 07 22:20:11 去完成去浏览并加购商品任务
Jan 07 22:20:13 去完成去浏览并加购商品任务
Jan 07 22:20:15 去完成去浏览并加购商品任务
Jan 07 22:20:17 去完成去浏览并加购商品任务
Jan 07 22:20:19 去完成去浏览并加购商品任务
Jan 07 22:20:21 早睡打卡(21:00-23:00)任务，完成次数：0/1
Jan 07 22:20:21 去完成早睡打卡(21:00-23:00)任务
Jan 07 22:20:21 任务完成成功，获得：500能量
Jan 07 22:20:23 开通Toyshea会员任务，完成次数：0/3
Jan 07 22:20:23 去完成开通Toyshea会员任务
Jan 07 22:20:25 去完成开通Toyshea会员任务
Jan 07 22:20:27 去完成开通Toyshea会员任务
Jan 07 22:20:29 去浏览并加购商品任务，完成次数：0/8
Jan 07 22:20:29 去完成去浏览并加购商品任务
Jan 07 22:20:31 去完成去浏览并加购商品任务
Jan 07 22:20:33 去完成去浏览并加购商品任务
Jan 07 22:20:35 去完成去浏览并加购商品任务
Jan 07 22:20:37 去完成去浏览并加购商品任务
Jan 07 22:20:39 去完成去浏览并加购商品任务
Jan 07 22:20:41 去完成去浏览并加购商品任务
Jan 07 22:20:43 去完成去浏览并加购商品任务
Jan 07 22:20:45 名医限量义诊任务，完成次数：2/2
Jan 07 22:20:46 健康暖心礼定金翻10倍任务，完成次数：5/5
Jan 07 22:20:46 去浏览并加购商品任务，完成次数：0/8
Jan 07 22:20:46 去完成去浏览并加购商品任务
Jan 07 22:20:48 去完成去浏览并加购商品任务
Jan 07 22:20:50 去完成去浏览并加购商品任务
Jan 07 22:20:52 去完成去浏览并加购商品任务
Jan 07 22:20:54 去完成去浏览并加购商品任务
Jan 07 22:20:56 去完成去浏览并加购商品任务
Jan 07 22:20:58 去完成去浏览并加购商品任务
Jan 07 22:21:00 去完成去浏览并加购商品任务
Jan 07 22:21:02 开通Toyshea会员任务，完成次数：0/3
Jan 07 22:21:02 去完成开通Toyshea会员任务
Jan 07 22:21:04 去完成开通Toyshea会员任务
Jan 07 22:21:06 去完成开通Toyshea会员任务
Jan 07 22:21:08 去浏览并加购商品任务，完成次数：0/8
Jan 07 22:21:08 去完成去浏览并加购商品任务
Jan 07 22:21:10 去完成去浏览并加购商品任务
Jan 07 22:21:12 去完成去浏览并加购商品任务
Jan 07 22:21:14 去完成去浏览并加购商品任务
Jan 07 22:21:16 去完成去浏览并加购商品任务
Jan 07 22:21:18 去完成去浏览并加购商品任务
Jan 07 22:21:20 去完成去浏览并加购商品任务
Jan 07 22:21:22 去完成去浏览并加购商品任务
Jan 07 22:21:24 名医限量义诊任务，完成次数：2/2
Jan 07 22:21:24 浏览会场任务，完成次数：0/2
Jan 07 22:21:24 去完成浏览会场任务
Jan 07 22:21:24 TypeError: Cannot read properties of undefined (reading '0')
Jan 07 22:21:24     at /scripts/jd_health.js:159:56
Jan 07 22:21:24 任务完成成功，获得：0能量
Jan 07 22:21:24 去助力好友T0225KkcRh9P9FbRKUygl_UJcgCjVfnoaW5kRrbA
Jan 07 22:21:24 任务完成失败：助力失败丨助力已满员！谢谢你哦~
Jan 07 22:21:25 去助力好友T0205KkcF3dzsQ-ldnq09pFMCjVfnoaW5kRrbA
Jan 07 22:21:25 任务完成失败：助力失败丨助力已满员！谢谢你哦~
Jan 07 22:21:26 去助力好友T0225KkcRB9No12FJBulwv8LdACjVfnoaW5kRrbA
Jan 07 22:21:27 任务完成失败：助力失败丨助力已满员！谢谢你哦~
Jan 07 22:21:28 去助力好友T0159KUiH11Mq1bSKBoCjVfnoaW5kRrbA
Jan 07 22:21:28 任务完成失败：助力失败丨助力已满员！谢谢你哦~
Jan 07 22:21:29 去助力好友T0205KkcAlRQiQGRamW966liCjVfnoaW5kRrbA
Jan 07 22:21:29 任务完成失败：助力失败丨助力已满员！谢谢你哦~
Jan 07 22:21:30 去助力好友T0205KkcP2l5hxGCcVyQ6rFfCjVfnoaW5kRrbA
Jan 07 22:21:30 任务完成失败：助力失败丨助力已满员！谢谢你哦~
Jan 07 22:21:31 去助力好友T0225KkcRB5K8QGBIE78wvcIcwCjVfnoaW5kRrbA
Jan 07 22:21:31 任务完成失败：助力失败丨助力已满员！谢谢你哦~
Jan 07 22:21:32 去助力好友T018v_5wSBkf8lHVKB2b1ACjVfnoaW5kRrbA
Jan 07 22:21:32 任务完成失败：助力失败丨助力已满员！谢谢你哦~
Jan 07 22:21:33 去助力好友T0077KQtGkoCjVfnoaW5kRrbA
Jan 07 22:21:33 任务完成失败：助力失败丨助力已满员！谢谢你哦~
Jan 07 22:21:34 去助力好友T019-akEB1d5kjS2QEuG8KYCjVfnoaW5kRrbA
Jan 07 22:21:35 任务完成失败：助力失败丨助力已满员！谢谢你哦~
Jan 07 22:21:36 去助力好友T026tv56QRsY9VzTTx_znfYMdoCaXgCjVfnoaW5kRrbA
Jan 07 22:21:36 任务完成失败：助力失败丨助力已满员！谢谢你哦~
Jan 07 22:21:37 去助力好友T0205KkcBWRYlyy1V0yXwoNrCjVfnoaW5kRrbA
Jan 07 22:21:37 任务完成失败：助力失败丨助力已满员！谢谢你哦~
Jan 07 22:21:38 去助力好友T0205KkcKFt6rC6XZkOU0pBcCjVfnoaW5kRrbA
Jan 07 22:21:38 任务完成失败：助力失败丨助力已满员！谢谢你哦~
Jan 07 22:21:39 去助力好友T0205KkcJWRxvDauSHyV1YVPCjVfnoaW5kRrbA
Jan 07 22:21:39 任务完成失败：助力失败丨助力已满员！谢谢你哦~
Jan 07 22:21:40 去助力好友T011aHnClq6IqRECjVfnoaW5kRrbA
Jan 07 22:21:40 任务完成失败：助力失败丨助力已满员！谢谢你哦~
Jan 07 22:21:41 去助力好友T0079qouEUACjVfnoaW5kRrbA
Jan 07 22:21:41 任务完成失败：助力失败丨助力已满员！谢谢你哦~
Jan 07 22:21:42 去助力好友T019-aQvHExMoguIdBj0lfICjVfnoaW5kRrbA
Jan 07 22:21:43 任务完成失败：助力失败丨助力已满员！谢谢你哦~
Jan 07 22:21:44 去助力好友T0225KkcRhhLpgXUIBPxl6IKJwCjVfnoaW5kRrbA
Jan 07 22:21:44 任务完成失败：助力失败丨助力已满员！谢谢你哦~
Jan 07 22:21:45 去助力好友T0225KkcRx1P8V3RJx39waNbdQCjVfnoaW5kRrbA
Jan 07 22:21:45 任务完成失败：助力失败丨助力已满员！谢谢你哦~
Jan 07 22:21:46 去助力好友T0205KkcO2JEpy-gZWe28YVXCjVfnoaW5kRrbA
Jan 07 22:21:46 任务完成失败：助力失败丨助力已满员！谢谢你哦~
Jan 07 22:21:47 去助力好友T0225KkcR0sb8QHfdhL8wqFbIgCjVfnoaW5kRrbA
Jan 07 22:21:47 任务完成失败：助力失败丨助力已满员！谢谢你哦~
Jan 07 22:21:48 去助力好友T0155aQtF0hFvFbXIBMCjVfnoaW5kRrbA
Jan 07 22:21:48 任务完成失败：助力失败丨助力已满员！谢谢你哦~
Jan 07 22:21:49 去助力好友T01176MkAldLpwUCjVfnoaW5kRrbA
Jan 07 22:21:49 任务完成失败：助力失败丨助力已满员！谢谢你哦~
Jan 07 22:21:50 去助力好友T0205KkcNl9_lT2BXX6s0797CjVfnoaW5kRrbA
Jan 07 22:21:51 任务完成失败：助力失败丨助力已满员！谢谢你哦~
Jan 07 22:21:52 健康一下任务，完成次数：1/1
Jan 07 22:21:52 
Jan 07 22:21:52 ==============📣系统通知📣==============
Jan 07 22:21:52 东东健康社区
Jan 07 22:21:52 京东账号1 18055698302_p
Jan 07 22:21:52 本次获得500健康值，累计2140960健康值
Jan 07 22:21:52 
Jan 07 22:21:52 
Jan 07 22:21:52 🔔东东健康社区, 结束! 🕛 112.027 秒
Jan 07 22:21:52 
Jan 08 00:20:00 
Jan 08 00:20:00 🔔东东健康社区, 开始!
Jan 08 00:20:00 
Jan 08 00:20:00 ====================共1个京东账号Cookie=========
Jan 08 00:20:00 
Jan 08 00:20:00 ==================脚本执行- 北京时间(UTC+8)：2022/1/8 上午12:20:00=====================
Jan 08 00:20:00 
Jan 08 00:20:00 如果出现提示 ?.data. 错误，请升级nodejs版本(进入容器后，apk add nodejs-current)
Jan 08 00:20:00 开始获取东东健康社区配置文件
Jan 08 00:20:00 
Jan 08 00:20:00 共1个京东账号
Jan 08 00:20:00 
Jan 08 00:20:00 您提供了0个账号的东东健康社区助力码
Jan 08 00:20:00 
Jan 08 00:20:00 
Jan 08 00:20:00 ******开始【京东账号1】18055698302_p*********
Jan 08 00:20:00 
Jan 08 00:20:00 由于您第1个京东账号未提供shareCode,将采纳本脚本自带的助力码
Jan 08 00:20:00 
Jan 08 00:20:00 开始
Jan 08 00:20:03 随机取20个码放到您固定的互助码后面(不影响已有固定互助)
Jan 08 00:20:03 第1个京东账号将要助力的好友["T0225KkcRh9P9FbRKUygl_UJcgCjVfnoaW5kRrbA","T0205KkcF3dzsQ-ldnq09pFMCjVfnoaW5kRrbA","T0225KkcRB9No12FJBulwv8LdACjVfnoaW5kRrbA","T0159KUiH11Mq1bSKBoCjVfnoaW5kRrbA","T015uPp3Qxgc9lTXT0cCjVfnoaW5kRrbA","T019-akzKEhetAe3ZWKrwKwCjVfnoaW5kRrbA","T023v_l0SRcQ_FLUJQfwkfELdsUCjVfnoaW5kRrbA","T0225KkcRkpLowHedR_znfZYJgCjVfnoaW5kRrbA","T012v_9wQR8b91DUCjVfnoaW5kRrbA","T024aEXSlqqWLP5o-YlKQlOErShICjVfnoaW5kRrbA","T0205KkcF157pz2-cmSP1aNuCjVfnoaW5kRrbA","T014-awtF0RcoFzSIgCjVfnoaW5kRrbA","T0225KkcRB1N8VXSJk_yk6RYJgCjVfnoaW5kRrbA","T016a33MlaieIMp6aEamCjVfnoaW5kRrbA","T0225KkcR08RoVzRJRKnkaYCcQCjVfnoaW5kRrbA","T0225KkcRRkeoFeCdEunnfcIdQCjVfnoaW5kRrbA","T0225KkcREoa9gCBdBv1kfUDcgCjVfnoaW5kRrbA","T023ufxyQxkR81HKJh39l_cCcy0CjVfnoaW5kRrbA","T012zZ8CKndmkTCoCjVfnoaW5kRrbA","T019-akbCHd9nAudc2mm0ZICjVfnoaW5kRrbA","T0115qg5GUBApAsCjVfnoaW5kRrbA","T0225KkcR01I9gGCJkmgnfdeJQCjVfnoaW5kRrbA","T0205KkcFltqkzO1aEaIw5ZxCjVfnoaW5kRrbA","T0225KkcRRtKplTUKB_9kfQIcQCjVfnoaW5kRrbA"]
Jan 08 00:20:04 签到领健康能量任务，完成次数：0/1
Jan 08 00:20:04 去完成签到领健康能量任务
Jan 08 00:20:04 任务完成成功，获得：200能量
Jan 08 00:20:06 
Jan 08 00:20:06 【京东账号1（18055698302_p）的东东健康社区好友互助码】T018v_VzRRsf_FzUIBib1ACjVfnoaW5kRrbA
Jan 08 00:20:06 
Jan 08 00:20:06 健康暖心礼定金翻10倍任务，完成次数：0/5
Jan 08 00:20:06 去完成健康暖心礼定金翻10倍任务
Jan 08 00:20:06 任务领取结果：任务领取成功
Jan 08 00:20:17 任务完成成功，获得：300能量
Jan 08 00:20:19 去完成健康暖心礼定金翻10倍任务
Jan 08 00:20:19 任务领取结果：任务领取成功
Jan 08 00:20:29 任务完成失败：这个任务做完啦！
Jan 08 00:20:31 去完成健康暖心礼定金翻10倍任务
Jan 08 00:20:31 任务领取结果：任务领取成功
Jan 08 00:20:41 任务完成失败：这个任务做完啦！
Jan 08 00:20:43 去完成健康暖心礼定金翻10倍任务
Jan 08 00:20:43 任务领取结果：任务领取成功
Jan 08 00:20:53 任务完成失败：这个任务做完啦！
Jan 08 00:20:55 去完成健康暖心礼定金翻10倍任务
Jan 08 00:20:56 任务领取结果：任务领取成功
Jan 08 00:21:06 任务完成失败：这个任务做完啦！
Jan 08 00:21:08 早起打卡(06:00-09:00)任务，完成次数：0/1
Jan 08 00:21:08 去完成早起打卡(06:00-09:00)任务
Jan 08 00:21:08 任务完成失败：不在打卡时间哦!
Jan 08 00:21:10 点击抢超市大红包任务，完成次数：0/5
Jan 08 00:21:10 去完成点击抢超市大红包任务
Jan 08 00:21:10 任务领取结果：任务领取成功
Jan 08 00:21:20 任务完成成功，获得：300能量
Jan 08 00:21:22 去完成点击抢超市大红包任务
Jan 08 00:21:22 任务领取结果：任务领取成功
Jan 08 00:21:32 任务完成失败：这个任务做完啦！
Jan 08 00:21:34 去完成点击抢超市大红包任务
Jan 08 00:21:35 任务领取结果：任务领取成功
Jan 08 00:21:45 任务完成失败：这个任务做完啦！
Jan 08 00:21:47 去完成点击抢超市大红包任务
Jan 08 00:21:47 任务领取结果：任务领取成功
Jan 08 00:21:57 任务完成失败：这个任务做完啦！
Jan 08 00:21:59 去完成点击抢超市大红包任务
Jan 08 00:21:59 任务领取结果：任务领取成功
Jan 08 00:22:09 任务完成失败：这个任务做完啦！
Jan 08 00:22:11 去浏览并加购商品任务，完成次数：0/8
Jan 08 00:22:11 去完成去浏览并加购商品任务
Jan 08 00:22:13 去完成去浏览并加购商品任务
Jan 08 00:22:15 去完成去浏览并加购商品任务
Jan 08 00:22:17 去完成去浏览并加购商品任务
Jan 08 00:22:19 去完成去浏览并加购商品任务
Jan 08 00:22:21 去完成去浏览并加购商品任务
Jan 08 00:22:23 去完成去浏览并加购商品任务
Jan 08 00:22:25 去完成去浏览并加购商品任务
Jan 08 00:22:27 早睡打卡(21:00-23:00)任务，完成次数：0/1
Jan 08 00:22:27 去完成早睡打卡(21:00-23:00)任务
Jan 08 00:22:28 任务完成失败：不在打卡时间哦!
Jan 08 00:22:30 加入瘦身社群1元得体脂秤任务，完成次数：0/1
Jan 08 00:22:30 去完成加入瘦身社群1元得体脂秤任务
Jan 08 00:22:30 任务完成成功，获得：300能量
Jan 08 00:22:33 健康大牌首购低至1元任务，完成次数：1/5
Jan 08 00:22:33 去完成健康大牌首购低至1元任务
Jan 08 00:22:33 任务领取结果：任务领取成功
Jan 08 00:22:43 任务完成成功，获得：300能量
Jan 08 00:22:45 去完成健康大牌首购低至1元任务
Jan 08 00:22:45 任务领取结果：任务领取成功
Jan 08 00:22:55 任务完成失败：这个任务做完啦！
Jan 08 00:22:57 去完成健康大牌首购低至1元任务
Jan 08 00:22:58 任务领取结果：任务领取成功
Jan 08 00:23:08 任务完成失败：这个任务做完啦！
Jan 08 00:23:10 去完成健康大牌首购低至1元任务
Jan 08 00:23:10 任务领取结果：任务领取成功
Jan 08 00:23:20 任务完成失败：这个任务做完啦！
Jan 08 00:23:22 早起打卡(06:00-09:00)任务，完成次数：0/1
Jan 08 00:23:22 去完成早起打卡(06:00-09:00)任务
Jan 08 00:23:22 任务完成失败：不在打卡时间哦!
Jan 08 00:23:24 兑换好物0元起任务，完成次数：1/5
Jan 08 00:23:24 去完成兑换好物0元起任务
Jan 08 00:23:24 任务领取结果：任务领取成功
Jan 08 00:23:34 任务完成成功，获得：300能量
Jan 08 00:23:36 去完成兑换好物0元起任务
Jan 08 00:23:37 任务领取结果：任务领取成功
Jan 08 00:23:47 任务完成失败：这个任务做完啦！
Jan 08 00:23:49 去完成兑换好物0元起任务
Jan 08 00:23:49 任务领取结果：任务领取成功
Jan 08 00:23:59 任务完成失败：这个任务做完啦！
Jan 08 00:24:01 去完成兑换好物0元起任务
Jan 08 00:24:01 任务领取结果：任务领取成功
Jan 08 00:24:11 任务完成失败：这个任务做完啦！
Jan 08 00:24:13 去浏览并加购商品任务，完成次数：0/8
Jan 08 00:24:13 去完成去浏览并加购商品任务
Jan 08 00:24:15 去完成去浏览并加购商品任务
Jan 08 00:24:17 去完成去浏览并加购商品任务
Jan 08 00:24:19 去完成去浏览并加购商品任务
Jan 08 00:24:21 去完成去浏览并加购商品任务
Jan 08 00:24:23 去完成去浏览并加购商品任务
Jan 08 00:24:25 去完成去浏览并加购商品任务
Jan 08 00:24:27 去完成去浏览并加购商品任务
Jan 08 00:24:29 早睡打卡(21:00-23:00)任务，完成次数：0/1
Jan 08 00:24:29 去完成早睡打卡(21:00-23:00)任务
Jan 08 00:24:29 任务完成失败：不在打卡时间哦!
Jan 08 00:24:31 开通力威豹会员任务，完成次数：0/3
Jan 08 00:24:31 去完成开通力威豹会员任务
Jan 08 00:24:33 去完成开通力威豹会员任务
Jan 08 00:24:35 去完成开通力威豹会员任务
Jan 08 00:24:39 发现更多爱心好物任务，完成次数：2/5
Jan 08 00:24:39 去完成发现更多爱心好物任务
Jan 08 00:24:39 任务领取结果：任务领取成功
Jan 08 00:24:49 任务完成成功，获得：300能量
Jan 08 00:24:51 去完成发现更多爱心好物任务
Jan 08 00:24:51 任务领取结果：任务领取成功
Jan 08 00:25:01 任务完成失败：这个任务做完啦！
Jan 08 00:25:03 去完成发现更多爱心好物任务
Jan 08 00:25:03 任务领取结果：任务领取成功
Jan 08 00:25:14 任务完成失败：这个任务做完啦！
Jan 08 00:25:16 早起打卡(06:00-09:00)任务，完成次数：0/1
Jan 08 00:25:16 去完成早起打卡(06:00-09:00)任务
Jan 08 00:25:16 任务完成失败：不在打卡时间哦!
Jan 08 00:25:18 一分钱造爆款电器任务，完成次数：2/5
Jan 08 00:25:18 去完成一分钱造爆款电器任务
Jan 08 00:25:18 任务领取结果：任务领取成功
Jan 08 00:25:28 任务完成成功，获得：300能量
Jan 08 00:25:30 去完成一分钱造爆款电器任务
Jan 08 00:25:30 任务领取结果：任务领取成功
Jan 08 00:25:40 任务完成失败：这个任务做完啦！
Jan 08 00:25:42 去完成一分钱造爆款电器任务
Jan 08 00:25:42 任务领取结果：任务领取成功
Jan 08 00:25:53 任务完成失败：这个任务做完啦！
Jan 08 00:25:55 去浏览并加购商品任务，完成次数：0/8
Jan 08 00:25:55 去完成去浏览并加购商品任务
Jan 08 00:25:57 去完成去浏览并加购商品任务
Jan 08 00:25:59 去完成去浏览并加购商品任务
Jan 08 00:26:01 去完成去浏览并加购商品任务
Jan 08 00:26:03 去完成去浏览并加购商品任务
Jan 08 00:26:05 去完成去浏览并加购商品任务
Jan 08 00:26:07 去完成去浏览并加购商品任务
Jan 08 00:26:09 去完成去浏览并加购商品任务
Jan 08 00:26:11 早睡打卡(21:00-23:00)任务，完成次数：0/1
Jan 08 00:26:11 去完成早睡打卡(21:00-23:00)任务
Jan 08 00:26:11 任务完成失败：不在打卡时间哦!
Jan 08 00:26:13 开通力威豹会员任务，完成次数：0/3
Jan 08 00:26:13 去完成开通力威豹会员任务
Jan 08 00:26:15 去完成开通力威豹会员任务
Jan 08 00:26:17 去完成开通力威豹会员任务
Jan 08 00:26:20 健康种植园“种”大奖任务，完成次数：3/5
Jan 08 00:26:20 去完成健康种植园“种”大奖任务
Jan 08 00:26:20 任务领取结果：任务领取成功
Jan 08 00:26:30 任务完成成功，获得：300能量
Jan 08 00:26:32 去完成健康种植园“种”大奖任务
Jan 08 00:26:32 任务领取结果：任务领取成功
Jan 08 00:26:42 任务完成失败：这个任务做完啦！
Jan 08 00:26:44 早起打卡(06:00-09:00)任务，完成次数：0/1
Jan 08 00:26:44 去完成早起打卡(06:00-09:00)任务
Jan 08 00:26:45 任务完成失败：不在打卡时间哦!
Jan 08 00:26:47 颜究院大牌小样1元领任务，完成次数：3/5
Jan 08 00:26:47 去完成颜究院大牌小样1元领任务
Jan 08 00:26:47 任务领取结果：任务领取成功
Jan 08 00:26:57 任务完成成功，获得：300能量
Jan 08 00:26:59 去完成颜究院大牌小样1元领任务
Jan 08 00:26:59 任务领取结果：任务领取成功
Jan 08 00:27:09 任务完成失败：这个任务做完啦！
Jan 08 00:27:11 去浏览并加购商品任务，完成次数：0/8
Jan 08 00:27:11 去完成去浏览并加购商品任务
Jan 08 00:27:13 去完成去浏览并加购商品任务
Jan 08 00:27:15 去完成去浏览并加购商品任务
Jan 08 00:27:17 去完成去浏览并加购商品任务
Jan 08 00:27:19 去完成去浏览并加购商品任务
Jan 08 00:27:21 去完成去浏览并加购商品任务
Jan 08 00:27:23 去完成去浏览并加购商品任务
Jan 08 00:27:25 去完成去浏览并加购商品任务
Jan 08 00:27:27 早睡打卡(21:00-23:00)任务，完成次数：0/1
Jan 08 00:27:27 去完成早睡打卡(21:00-23:00)任务
Jan 08 00:27:28 任务完成失败：不在打卡时间哦!
Jan 08 00:27:30 开通力威豹会员任务，完成次数：0/3
Jan 08 00:27:30 去完成开通力威豹会员任务
Jan 08 00:27:32 去完成开通力威豹会员任务
Jan 08 00:27:34 去完成开通力威豹会员任务
Jan 08 00:27:37 健康好物券后1分钱包邮任务，完成次数：4/5
Jan 08 00:27:37 去完成健康好物券后1分钱包邮任务
Jan 08 00:27:37 任务领取结果：任务领取成功
Jan 08 00:27:47 任务完成成功，获得：300能量
Jan 08 00:27:49 早起打卡(06:00-09:00)任务，完成次数：0/1
Jan 08 00:27:49 去完成早起打卡(06:00-09:00)任务
Jan 08 00:27:49 任务完成失败：不在打卡时间哦!
Jan 08 00:27:51 去会员频道摇京豆任务，完成次数：4/5
Jan 08 00:27:51 去完成去会员频道摇京豆任务
Jan 08 00:27:51 任务领取结果：任务领取成功
Jan 08 00:28:01 任务完成成功，获得：300能量
Jan 08 00:28:03 去浏览并加购商品任务，完成次数：0/8
Jan 08 00:28:03 去完成去浏览并加购商品任务
Jan 08 00:28:05 去完成去浏览并加购商品任务
Jan 08 00:28:07 去完成去浏览并加购商品任务
Jan 08 00:28:09 去完成去浏览并加购商品任务
Jan 08 00:28:11 去完成去浏览并加购商品任务
Jan 08 00:28:13 去完成去浏览并加购商品任务
Jan 08 00:28:15 去完成去浏览并加购商品任务
Jan 08 00:28:17 去完成去浏览并加购商品任务
Jan 08 00:28:19 早睡打卡(21:00-23:00)任务，完成次数：0/1
Jan 08 00:28:19 去完成早睡打卡(21:00-23:00)任务
Jan 08 00:28:20 任务完成失败：不在打卡时间哦!
Jan 08 00:28:22 开通力威豹会员任务，完成次数：0/3
Jan 08 00:28:22 去完成开通力威豹会员任务
Jan 08 00:28:24 去完成开通力威豹会员任务
Jan 08 00:28:26 去完成开通力威豹会员任务
Jan 08 00:28:29 任务完成成功，获得：82能量
Jan 08 00:28:29 去助力好友T0225KkcRh9P9FbRKUygl_UJcgCjVfnoaW5kRrbA
Jan 08 00:28:29 任务完成失败：助力失败丨助力已满员！谢谢你哦~
Jan 08 00:28:30 去助力好友T0205KkcF3dzsQ-ldnq09pFMCjVfnoaW5kRrbA
Jan 08 00:28:30 任务完成失败：助力失败丨助力已满员！谢谢你哦~
Jan 08 00:28:31 去助力好友T0225KkcRB9No12FJBulwv8LdACjVfnoaW5kRrbA
Jan 08 00:28:31 任务完成失败：助力失败丨助力已满员！谢谢你哦~
Jan 08 00:28:32 去助力好友T0159KUiH11Mq1bSKBoCjVfnoaW5kRrbA
Jan 08 00:28:32 任务完成失败：助力失败丨助力已满员！谢谢你哦~
Jan 08 00:28:33 去助力好友T015uPp3Qxgc9lTXT0cCjVfnoaW5kRrbA
Jan 08 00:28:33 任务完成失败：助力失败丨助力已满员！谢谢你哦~
Jan 08 00:28:34 去助力好友T019-akzKEhetAe3ZWKrwKwCjVfnoaW5kRrbA
Jan 08 00:28:35 任务完成成功，获得：800能量
Jan 08 00:28:36 去助力好友T023v_l0SRcQ_FLUJQfwkfELdsUCjVfnoaW5kRrbA
Jan 08 00:28:36 任务完成成功，获得：800能量
Jan 08 00:28:37 去助力好友T0225KkcRkpLowHedR_znfZYJgCjVfnoaW5kRrbA
Jan 08 00:28:37 任务完成成功，获得：800能量
Jan 08 00:28:38 去助力好友T012v_9wQR8b91DUCjVfnoaW5kRrbA
Jan 08 00:28:38 任务完成失败：助力失败丨啊哦您今日的爱心值已爆棚，明天继续吧
Jan 08 00:28:38 助力次数已满，跳出
Jan 08 00:28:38 健康一下任务，完成次数：0/1
Jan 08 00:28:38 任务领取结果：任务领取成功
Jan 08 00:28:42 任务完成成功，获得：100能量
Jan 08 00:28:42 
Jan 08 00:28:42 ==============📣系统通知📣==============
Jan 08 00:28:42 东东健康社区
Jan 08 00:28:42 京东账号1 18055698302_p
Jan 08 00:28:42 本次获得4160健康值，累计2145600健康值
Jan 08 00:28:42 
Jan 08 00:28:42 
Jan 08 00:28:42 🔔东东健康社区, 结束! 🕛 521.543 秒
Jan 08 00:28:42 
Jan 08 06:20:01 
Jan 08 06:20:01 🔔东东健康社区, 开始!
Jan 08 06:20:01 
Jan 08 06:20:01 ====================共1个京东账号Cookie=========
Jan 08 06:20:01 
Jan 08 06:20:01 ==================脚本执行- 北京时间(UTC+8)：2022/1/8 上午6:20:01=====================
Jan 08 06:20:01 
Jan 08 06:20:01 如果出现提示 ?.data. 错误，请升级nodejs版本(进入容器后，apk add nodejs-current)
Jan 08 06:20:01 开始获取东东健康社区配置文件
Jan 08 06:20:01 
Jan 08 06:20:01 共1个京东账号
Jan 08 06:20:01 
Jan 08 06:20:01 您提供了0个账号的东东健康社区助力码
Jan 08 06:20:01 
Jan 08 06:20:01 
Jan 08 06:20:01 ******开始【京东账号1】18055698302_p*********
Jan 08 06:20:01 
Jan 08 06:20:01 由于您第1个京东账号未提供shareCode,将采纳本脚本自带的助力码
Jan 08 06:20:01 
Jan 08 06:20:01 开始
Jan 08 06:20:02 随机取20个码放到您固定的互助码后面(不影响已有固定互助)
Jan 08 06:20:02 第1个京东账号将要助力的好友["T0225KkcRh9P9FbRKUygl_UJcgCjVfnoaW5kRrbA","T0205KkcF3dzsQ-ldnq09pFMCjVfnoaW5kRrbA","T0225KkcRB9No12FJBulwv8LdACjVfnoaW5kRrbA","T0159KUiH11Mq1bSKBoCjVfnoaW5kRrbA","T0205KkcAXpNiBOKekym_oN2CjVfnoaW5kRrbA","T0225KkcRx9P9F3UcxOnkaMMIACjVfnoaW5kRrbA","T0225KkcRU9L9FHXJx2ik6RecACjVfnoaW5kRrbA","T010xIl3Rxsc8wCjVfnoaW5kRrbA","T0225KkcRk8c9VHedRv0naQPfACjVfnoaW5kRrbA","T0149q97RBkf9VLXJwCjVfnoaW5kRrbA","T0205KkcP1hqhA-zZUm195VMCjVfnoaW5kRrbA","T0205KkcJFRNii-GRkG-1IZbCjVfnoaW5kRrbA","T0225KkcR0sQoFTRcxqmkaMJcQCjVfnoaW5kRrbA","T010xKg6HUdHogCjVfnoaW5kRrbA","T019-ak6NE9TkTaRY1qe_aUCjVfnoaW5kRrbA","T022v_h1RRYQ8FXUPRzylPIDdgCjVfnoaW5kRrbA","T0225KkcRBwRp1fXJh7xlKFZfQCjVfnoaW5kRrbA","T0225KkcRhtLpFWBck72wfYDdwCjVfnoaW5kRrbA","T0225KkcRUxN81HXJRj3nKUNIgCjVfnoaW5kRrbA","T023v_90QRkZ9F3KKBvylPACd3sCjVfnoaW5kRrbA","T01296I2CFtKrQGJCjVfnoaW5kRrbA","T0205KkcO2JEpy-gZWe28YVXCjVfnoaW5kRrbA","T0127aEmEVxFvAqKCjVQmoaT5kRrbA","T0195KI6E0tKrQGSfk31lvQCjVfnoaW5kRrbA"]
Jan 08 06:20:03 签到领健康能量任务，完成次数：1/1
Jan 08 06:20:03 
Jan 08 06:20:03 【京东账号1（18055698302_p）的东东健康社区好友互助码】T018v_VzRRsf_FzUIBib1ACjVfnoaW5kRrbA
Jan 08 06:20:03 
Jan 08 06:20:03 健康暖心礼定金翻10倍任务，完成次数：5/5
Jan 08 06:20:03 早起打卡(06:00-09:00)任务，完成次数：0/1
Jan 08 06:20:03 去完成早起打卡(06:00-09:00)任务
Jan 08 06:20:03 任务完成成功，获得：500能量
Jan 08 06:20:05 去浏览并加购商品任务，完成次数：0/8
Jan 08 06:20:05 去完成去浏览并加购商品任务
Jan 08 06:20:07 去完成去浏览并加购商品任务
Jan 08 06:20:09 去完成去浏览并加购商品任务
Jan 08 06:20:11 去完成去浏览并加购商品任务
Jan 08 06:20:13 去完成去浏览并加购商品任务
Jan 08 06:20:15 去完成去浏览并加购商品任务
Jan 08 06:20:17 去完成去浏览并加购商品任务
Jan 08 06:20:19 去完成去浏览并加购商品任务
Jan 08 06:20:21 早睡打卡(21:00-23:00)任务，完成次数：0/1
Jan 08 06:20:21 去完成早睡打卡(21:00-23:00)任务
Jan 08 06:20:21 任务完成失败：不在打卡时间哦!
Jan 08 06:20:23 开通力威豹会员任务，完成次数：0/3
Jan 08 06:20:23 去完成开通力威豹会员任务
Jan 08 06:20:25 去完成开通力威豹会员任务
Jan 08 06:20:27 去完成开通力威豹会员任务
Jan 08 06:20:29 去浏览并加购商品任务，完成次数：0/8
Jan 08 06:20:29 去完成去浏览并加购商品任务
Jan 08 06:20:31 去完成去浏览并加购商品任务
Jan 08 06:20:33 去完成去浏览并加购商品任务
Jan 08 06:20:35 去完成去浏览并加购商品任务
Jan 08 06:20:37 去完成去浏览并加购商品任务
Jan 08 06:20:39 去完成去浏览并加购商品任务
Jan 08 06:20:41 去完成去浏览并加购商品任务
Jan 08 06:20:43 去完成去浏览并加购商品任务
Jan 08 06:20:46 健康暖心礼定金翻10倍任务，完成次数：5/5
Jan 08 06:20:46 去浏览并加购商品任务，完成次数：0/8
Jan 08 06:20:46 去完成去浏览并加购商品任务
Jan 08 06:20:48 去完成去浏览并加购商品任务
Jan 08 06:20:50 去完成去浏览并加购商品任务
Jan 08 06:20:52 去完成去浏览并加购商品任务
Jan 08 06:20:54 去完成去浏览并加购商品任务
Jan 08 06:20:56 去完成去浏览并加购商品任务
Jan 08 06:20:58 去完成去浏览并加购商品任务
Jan 08 06:21:00 去完成去浏览并加购商品任务
Jan 08 06:21:02 早睡打卡(21:00-23:00)任务，完成次数：0/1
Jan 08 06:21:02 去完成早睡打卡(21:00-23:00)任务
Jan 08 06:21:02 任务完成失败：不在打卡时间哦!
Jan 08 06:21:04 开通力威豹会员任务，完成次数：0/3
Jan 08 06:21:04 去完成开通力威豹会员任务
Jan 08 06:21:06 去完成开通力威豹会员任务
Jan 08 06:21:08 去完成开通力威豹会员任务
Jan 08 06:21:10 去浏览并加购商品任务，完成次数：0/8
Jan 08 06:21:10 去完成去浏览并加购商品任务
Jan 08 06:21:12 去完成去浏览并加购商品任务
Jan 08 06:21:14 去完成去浏览并加购商品任务
Jan 08 06:21:16 去完成去浏览并加购商品任务
Jan 08 06:21:18 去完成去浏览并加购商品任务
Jan 08 06:21:20 去完成去浏览并加购商品任务
Jan 08 06:21:22 去完成去浏览并加购商品任务
Jan 08 06:21:24 去完成去浏览并加购商品任务
Jan 08 06:21:26 逛逛京东大药房会场任务，完成次数：0/1
Jan 08 06:21:26 去完成逛逛京东大药房会场任务
Jan 08 06:21:27 任务领取结果：任务领取成功
Jan 08 06:21:37 任务完成成功，获得：300能量
Jan 08 06:21:40 健康暖心礼定金翻10倍任务，完成次数：5/5
Jan 08 06:21:40 去浏览并加购商品任务，完成次数：0/8
Jan 08 06:21:40 去完成去浏览并加购商品任务
Jan 08 06:21:42 去完成去浏览并加购商品任务
Jan 08 06:21:44 去完成去浏览并加购商品任务
Jan 08 06:21:46 去完成去浏览并加购商品任务
Jan 08 06:21:48 去完成去浏览并加购商品任务
Jan 08 06:21:50 去完成去浏览并加购商品任务
Jan 08 06:21:52 去完成去浏览并加购商品任务
Jan 08 06:21:54 去完成去浏览并加购商品任务
Jan 08 06:21:56 早睡打卡(21:00-23:00)任务，完成次数：0/1
Jan 08 06:21:56 去完成早睡打卡(21:00-23:00)任务
Jan 08 06:21:56 任务完成失败：不在打卡时间哦!
Jan 08 06:21:58 开通力威豹会员任务，完成次数：0/3
Jan 08 06:21:58 去完成开通力威豹会员任务
Jan 08 06:22:00 去完成开通力威豹会员任务
Jan 08 06:22:02 去完成开通力威豹会员任务
Jan 08 06:22:04 去浏览并加购商品任务，完成次数：0/8
Jan 08 06:22:04 去完成去浏览并加购商品任务
Jan 08 06:22:06 去完成去浏览并加购商品任务
Jan 08 06:22:08 去完成去浏览并加购商品任务
Jan 08 06:22:10 去完成去浏览并加购商品任务
Jan 08 06:22:12 去完成去浏览并加购商品任务
Jan 08 06:22:14 去完成去浏览并加购商品任务
Jan 08 06:22:16 去完成去浏览并加购商品任务
Jan 08 06:22:18 去完成去浏览并加购商品任务
Jan 08 06:22:20 名医限量义诊任务，完成次数：0/2
Jan 08 06:22:20 去完成名医限量义诊任务
Jan 08 06:22:20 任务领取结果：任务领取成功
Jan 08 06:22:30 任务完成成功，获得：300能量
Jan 08 06:22:32 去完成名医限量义诊任务
Jan 08 06:22:33 任务领取结果：任务领取成功
Jan 08 06:22:43 任务完成失败：这个任务做完啦！
Jan 08 06:22:46 健康暖心礼定金翻10倍任务，完成次数：5/5
Jan 08 06:22:46 去浏览并加购商品任务，完成次数：0/8
Jan 08 06:22:46 去完成去浏览并加购商品任务
Jan 08 06:22:48 去完成去浏览并加购商品任务
Jan 08 06:22:50 去完成去浏览并加购商品任务
Jan 08 06:22:52 去完成去浏览并加购商品任务
Jan 08 06:22:54 去完成去浏览并加购商品任务
Jan 08 06:22:56 去完成去浏览并加购商品任务
Jan 08 06:22:58 去完成去浏览并加购商品任务
Jan 08 06:23:00 去完成去浏览并加购商品任务
Jan 08 06:23:02 早睡打卡(21:00-23:00)任务，完成次数：0/1
Jan 08 06:23:02 去完成早睡打卡(21:00-23:00)任务
Jan 08 06:23:02 任务完成失败：不在打卡时间哦!
Jan 08 06:23:04 开通力威豹会员任务，完成次数：0/3
Jan 08 06:23:04 去完成开通力威豹会员任务
Jan 08 06:23:06 去完成开通力威豹会员任务
Jan 08 06:23:08 去完成开通力威豹会员任务
Jan 08 06:23:10 去浏览并加购商品任务，完成次数：0/8
Jan 08 06:23:10 去完成去浏览并加购商品任务
Jan 08 06:23:12 去完成去浏览并加购商品任务
Jan 08 06:23:14 去完成去浏览并加购商品任务
Jan 08 06:23:16 去完成去浏览并加购商品任务
Jan 08 06:23:18 去完成去浏览并加购商品任务
Jan 08 06:23:20 去完成去浏览并加购商品任务
Jan 08 06:23:22 去完成去浏览并加购商品任务
Jan 08 06:23:24 去完成去浏览并加购商品任务
Jan 08 06:23:26 全国良医 在线坐诊任务，完成次数：1/2
Jan 08 06:23:26 去完成全国良医 在线坐诊任务
Jan 08 06:23:26 任务领取结果：任务领取成功
Jan 08 06:23:36 任务完成成功，获得：300能量
Jan 08 06:23:39 健康暖心礼定金翻10倍任务，完成次数：5/5
Jan 08 06:23:39 去浏览并加购商品任务，完成次数：0/8
Jan 08 06:23:39 去完成去浏览并加购商品任务
Jan 08 06:23:41 去完成去浏览并加购商品任务
Jan 08 06:23:43 去完成去浏览并加购商品任务
Jan 08 06:23:45 去完成去浏览并加购商品任务
Jan 08 06:23:47 去完成去浏览并加购商品任务
Jan 08 06:23:49 去完成去浏览并加购商品任务
Jan 08 06:23:51 去完成去浏览并加购商品任务
Jan 08 06:23:53 去完成去浏览并加购商品任务
Jan 08 06:23:55 早睡打卡(21:00-23:00)任务，完成次数：0/1
Jan 08 06:23:55 去完成早睡打卡(21:00-23:00)任务
Jan 08 06:23:56 任务完成失败：不在打卡时间哦!
Jan 08 06:23:58 开通力威豹会员任务，完成次数：0/3
Jan 08 06:23:58 去完成开通力威豹会员任务
Jan 08 06:24:00 去完成开通力威豹会员任务
Jan 08 06:24:02 去完成开通力威豹会员任务
Jan 08 06:24:04 去浏览并加购商品任务，完成次数：0/8
Jan 08 06:24:04 去完成去浏览并加购商品任务
Jan 08 06:24:06 去完成去浏览并加购商品任务
Jan 08 06:24:08 去完成去浏览并加购商品任务
Jan 08 06:24:10 去完成去浏览并加购商品任务
Jan 08 06:24:12 去完成去浏览并加购商品任务
Jan 08 06:24:14 去完成去浏览并加购商品任务
Jan 08 06:24:16 去完成去浏览并加购商品任务
Jan 08 06:24:18 去完成去浏览并加购商品任务
Jan 08 06:24:20 名医限量义诊任务，完成次数：2/2
Jan 08 06:24:20 任务完成成功，获得：0能量
Jan 08 06:24:20 去助力好友T0225KkcRh9P9FbRKUygl_UJcgCjVfnoaW5kRrbA
Jan 08 06:24:20 任务完成失败：助力失败丨助力已满员！谢谢你哦~
Jan 08 06:24:21 去助力好友T0205KkcF3dzsQ-ldnq09pFMCjVfnoaW5kRrbA
Jan 08 06:24:21 任务完成失败：助力失败丨助力已满员！谢谢你哦~
Jan 08 06:24:22 去助力好友T0225KkcRB9No12FJBulwv8LdACjVfnoaW5kRrbA
Jan 08 06:24:22 任务完成失败：助力失败丨助力已满员！谢谢你哦~
Jan 08 06:24:23 去助力好友T0159KUiH11Mq1bSKBoCjVfnoaW5kRrbA
Jan 08 06:24:23 任务完成失败：助力失败丨助力已满员！谢谢你哦~
Jan 08 06:24:24 去助力好友T0205KkcAXpNiBOKekym_oN2CjVfnoaW5kRrbA
Jan 08 06:24:24 任务完成失败：助力失败丨助力已满员！谢谢你哦~
Jan 08 06:24:25 去助力好友T0225KkcRx9P9F3UcxOnkaMMIACjVfnoaW5kRrbA
Jan 08 06:24:28 任务完成失败：助力失败丨助力已满员！谢谢你哦~
Jan 08 06:24:29 去助力好友T0225KkcRU9L9FHXJx2ik6RecACjVfnoaW5kRrbA
Jan 08 06:24:29 任务完成失败：助力失败丨助力已满员！谢谢你哦~
Jan 08 06:24:30 去助力好友T010xIl3Rxsc8wCjVfnoaW5kRrbA
Jan 08 06:24:30 任务完成失败：助力失败丨助力已满员！谢谢你哦~
Jan 08 06:24:31 去助力好友T0225KkcRk8c9VHedRv0naQPfACjVfnoaW5kRrbA
Jan 08 06:24:31 任务完成失败：助力失败丨助力已满员！谢谢你哦~
Jan 08 06:24:32 去助力好友T0149q97RBkf9VLXJwCjVfnoaW5kRrbA
Jan 08 06:24:32 任务完成失败：助力失败丨助力已满员！谢谢你哦~
Jan 08 06:24:33 去助力好友T0205KkcP1hqhA-zZUm195VMCjVfnoaW5kRrbA
Jan 08 06:24:33 任务完成失败：助力失败丨助力已满员！谢谢你哦~
Jan 08 06:24:34 去助力好友T0205KkcJFRNii-GRkG-1IZbCjVfnoaW5kRrbA
Jan 08 06:24:35 任务完成失败：助力失败丨助力已满员！谢谢你哦~
Jan 08 06:24:36 去助力好友T0225KkcR0sQoFTRcxqmkaMJcQCjVfnoaW5kRrbA
Jan 08 06:24:36 任务完成失败：助力失败丨助力已满员！谢谢你哦~
Jan 08 06:24:37 去助力好友T010xKg6HUdHogCjVfnoaW5kRrbA
Jan 08 06:24:37 任务完成失败：助力失败丨助力已满员！谢谢你哦~
Jan 08 06:24:38 去助力好友T019-ak6NE9TkTaRY1qe_aUCjVfnoaW5kRrbA
Jan 08 06:24:38 任务完成失败：助力失败丨助力已满员！谢谢你哦~
Jan 08 06:24:39 去助力好友T022v_h1RRYQ8FXUPRzylPIDdgCjVfnoaW5kRrbA
Jan 08 06:24:39 任务完成失败：助力失败丨助力已满员！谢谢你哦~
Jan 08 06:24:40 去助力好友T0225KkcRBwRp1fXJh7xlKFZfQCjVfnoaW5kRrbA
Jan 08 06:24:40 任务完成失败：助力失败丨助力已满员！谢谢你哦~
Jan 08 06:24:41 去助力好友T0225KkcRhtLpFWBck72wfYDdwCjVfnoaW5kRrbA
Jan 08 06:24:41 任务完成失败：助力失败丨助力已满员！谢谢你哦~
Jan 08 06:24:42 去助力好友T0225KkcRUxN81HXJRj3nKUNIgCjVfnoaW5kRrbA
Jan 08 06:24:43 任务完成失败：助力失败丨助力已满员！谢谢你哦~
Jan 08 06:24:44 去助力好友T023v_90QRkZ9F3KKBvylPACd3sCjVfnoaW5kRrbA
Jan 08 06:24:44 任务完成失败：助力失败丨助力已满员！谢谢你哦~
Jan 08 06:24:45 去助力好友T01296I2CFtKrQGJCjVfnoaW5kRrbA
Jan 08 06:24:45 任务完成失败：助力失败丨助力已满员！谢谢你哦~
Jan 08 06:24:46 去助力好友T0205KkcO2JEpy-gZWe28YVXCjVfnoaW5kRrbA
Jan 08 06:24:46 任务完成失败：助力失败丨助力已满员！谢谢你哦~
Jan 08 06:24:47 去助力好友T0127aEmEVxFvAqKCjVQmoaT5kRrbA
Jan 08 06:24:47 任务完成失败：助力失败丨助力已满员！谢谢你哦~
Jan 08 06:24:48 去助力好友T0195KI6E0tKrQGSfk31lvQCjVfnoaW5kRrbA
Jan 08 06:24:48 任务完成失败：助力失败丨助力已满员！谢谢你哦~
Jan 08 06:24:49 健康一下任务，完成次数：1/1
Jan 08 06:24:50 
Jan 08 06:24:50 ==============📣系统通知📣==============
Jan 08 06:24:50 东东健康社区
Jan 08 06:24:50 京东账号1 18055698302_p
Jan 08 06:24:50 本次获得1400健康值，累计2151230健康值
Jan 08 06:24:50 
Jan 08 06:24:50 
Jan 08 06:24:50 🔔东东健康社区, 结束! 🕛 288.746 秒
Jan 08 06:24:50 
Jan 08 22:20:01 
Jan 08 22:20:01 🔔东东健康社区, 开始!
Jan 08 22:20:01 
Jan 08 22:20:01 ====================共1个京东账号Cookie=========
Jan 08 22:20:01 
Jan 08 22:20:01 ==================脚本执行- 北京时间(UTC+8)：2022/1/8 下午10:20:01=====================
Jan 08 22:20:01 
Jan 08 22:20:01 如果出现提示 ?.data. 错误，请升级nodejs版本(进入容器后，apk add nodejs-current)
Jan 08 22:20:01 开始获取东东健康社区配置文件
Jan 08 22:20:01 
Jan 08 22:20:01 共1个京东账号
Jan 08 22:20:01 
Jan 08 22:20:01 您提供了0个账号的东东健康社区助力码
Jan 08 22:20:01 
Jan 08 22:20:01 
Jan 08 22:20:01 ******开始【京东账号1】18055698302_p*********
Jan 08 22:20:01 
Jan 08 22:20:01 由于您第1个京东账号未提供shareCode,将采纳本脚本自带的助力码
Jan 08 22:20:01 
Jan 08 22:20:01 开始
Jan 08 22:20:03 随机取20个码放到您固定的互助码后面(不影响已有固定互助)
Jan 08 22:20:03 第1个京东账号将要助力的好友["T0225KkcRh9P9FbRKUygl_UJcgCjVfnoaW5kRrbA","T0205KkcF3dzsQ-ldnq09pFMCjVfnoaW5kRrbA","T0225KkcRB9No12FJBulwv8LdACjVfnoaW5kRrbA","T0159KUiH11Mq1bSKBoCjVfnoaW5kRrbA","T022v_10QBsY9knWIR3wlvQIfQCjVfnoaW5kRrbA","T0225KkcRUsboACFJRilkPRZcACjVfnoaW5kRrbA","T0157awsHkdEpFTeIhMCjVfnoaW5kRrbA","T010yawtG0FGqQCjVfnoaW5kRrbA","T016Z1X8l5y7Lepe-KR9CjVfnoaW5kRrbA","T0225KkcRx0cpFHRKEv8nPRcdwCjVfnoaW5kRrbA","T008a0H5mbqPCjVfnoaW5kRrbA","T007-6Q0RVwCjVfnoaW5kRrbA","T0205KkcA2BhrwmsQX6M6otzCjVfnoaW5kRrbA","T016aGTblYO5Itpp9JB-CjVfnoaW5kRrbA","T0205KkcM2pCgyOvYHmx5pBuCjVfnoaW5kRrbA","T0225KkcRBtLpgDUJRP2nKYLcgCjVfnoaW5kRrbA","T0225KkcRExMpwCCJRumnP4IcgCjVfnoaW5kRrbA","T0124qggGEtb9FXXCjVfnoaW5kRrbA","T0205KkcCmhRvQWMdXy04IhTCjVfnoaW5kRrbA","T018v_V1Rxsc8FzTKRmb1ACjVfnoaW5kRrbA","T0225KkcR0wfp13TKUzwwvUNJwCjVfnoaW5kRrbA","T0225KkcRxkdoFLRcx73wPYIcQCjVfnoaW5kRrbA","T0205KkcJVhGghOOU1iW1q5XCjVfnoaW5kRrbA","T008_KI6SBweCjVfnoaW5kRrbA"]
Jan 08 22:20:03 签到领健康能量任务，完成次数：1/1
Jan 08 22:20:03 
Jan 08 22:20:03 【京东账号1（18055698302_p）的东东健康社区好友互助码】T018v_VzRRsf_FzUIBib1ACjVfnoaW5kRrbA
Jan 08 22:20:03 
Jan 08 22:20:04 健康暖心礼定金翻10倍任务，完成次数：5/5
Jan 08 22:20:04 去浏览并加购商品任务，完成次数：0/8
Jan 08 22:20:04 去完成去浏览并加购商品任务
Jan 08 22:20:06 去完成去浏览并加购商品任务
Jan 08 22:20:08 去完成去浏览并加购商品任务
Jan 08 22:20:10 去完成去浏览并加购商品任务
Jan 08 22:20:12 去完成去浏览并加购商品任务
Jan 08 22:20:14 去完成去浏览并加购商品任务
Jan 08 22:20:16 去完成去浏览并加购商品任务
Jan 08 22:20:18 去完成去浏览并加购商品任务
Jan 08 22:20:20 早睡打卡(21:00-23:00)任务，完成次数：0/1
Jan 08 22:20:20 去完成早睡打卡(21:00-23:00)任务
Jan 08 22:20:20 任务完成成功，获得：500能量
Jan 08 22:20:22 开通力威豹会员任务，完成次数：0/3
Jan 08 22:20:22 去完成开通力威豹会员任务
Jan 08 22:20:24 去完成开通力威豹会员任务
Jan 08 22:20:26 去完成开通力威豹会员任务
Jan 08 22:20:28 去浏览并加购商品任务，完成次数：0/8
Jan 08 22:20:28 去完成去浏览并加购商品任务
Jan 08 22:20:30 去完成去浏览并加购商品任务
Jan 08 22:20:32 去完成去浏览并加购商品任务
Jan 08 22:20:34 去完成去浏览并加购商品任务
Jan 08 22:20:36 去完成去浏览并加购商品任务
Jan 08 22:20:38 去完成去浏览并加购商品任务
Jan 08 22:20:40 去完成去浏览并加购商品任务
Jan 08 22:20:42 去完成去浏览并加购商品任务
Jan 08 22:20:44 名医限量义诊任务，完成次数：2/2
Jan 08 22:20:45 健康暖心礼定金翻10倍任务，完成次数：5/5
Jan 08 22:20:45 去浏览并加购商品任务，完成次数：0/8
Jan 08 22:20:45 去完成去浏览并加购商品任务
Jan 08 22:20:47 去完成去浏览并加购商品任务
Jan 08 22:20:49 去完成去浏览并加购商品任务
Jan 08 22:20:51 去完成去浏览并加购商品任务
Jan 08 22:20:53 去完成去浏览并加购商品任务
Jan 08 22:20:55 去完成去浏览并加购商品任务
Jan 08 22:20:57 去完成去浏览并加购商品任务
Jan 08 22:20:59 去完成去浏览并加购商品任务
Jan 08 22:21:01 开通力威豹会员任务，完成次数：0/3
Jan 08 22:21:01 去完成开通力威豹会员任务
Jan 08 22:21:03 去完成开通力威豹会员任务
Jan 08 22:21:05 去完成开通力威豹会员任务
Jan 08 22:21:07 去浏览并加购商品任务，完成次数：0/8
Jan 08 22:21:07 去完成去浏览并加购商品任务
Jan 08 22:21:09 去完成去浏览并加购商品任务
Jan 08 22:21:11 去完成去浏览并加购商品任务
Jan 08 22:21:13 去完成去浏览并加购商品任务
Jan 08 22:21:15 去完成去浏览并加购商品任务
Jan 08 22:21:17 去完成去浏览并加购商品任务
Jan 08 22:21:19 去完成去浏览并加购商品任务
Jan 08 22:21:21 去完成去浏览并加购商品任务
Jan 08 22:21:23 名医限量义诊任务，完成次数：2/2
Jan 08 22:21:23 浏览会场任务，完成次数：0/2
Jan 08 22:21:23 去完成浏览会场任务
Jan 08 22:21:23 TypeError: Cannot read properties of undefined (reading '0')
Jan 08 22:21:23     at /scripts/jd_health.js:159:56
Jan 08 22:21:23 任务完成成功，获得：0能量
Jan 08 22:21:23 去助力好友T0225KkcRh9P9FbRKUygl_UJcgCjVfnoaW5kRrbA
Jan 08 22:21:23 任务完成失败：助力失败丨助力已满员！谢谢你哦~
Jan 08 22:21:24 去助力好友T0205KkcF3dzsQ-ldnq09pFMCjVfnoaW5kRrbA
Jan 08 22:21:24 任务完成失败：助力失败丨助力已满员！谢谢你哦~
Jan 08 22:21:25 去助力好友T0225KkcRB9No12FJBulwv8LdACjVfnoaW5kRrbA
Jan 08 22:21:25 任务完成失败：助力失败丨助力已满员！谢谢你哦~
Jan 08 22:21:26 去助力好友T0159KUiH11Mq1bSKBoCjVfnoaW5kRrbA
Jan 08 22:21:27 任务完成失败：助力失败丨助力已满员！谢谢你哦~
Jan 08 22:21:28 去助力好友T022v_10QBsY9knWIR3wlvQIfQCjVfnoaW5kRrbA
Jan 08 22:21:28 任务完成失败：助力失败丨助力已满员！谢谢你哦~
Jan 08 22:21:29 去助力好友T0225KkcRUsboACFJRilkPRZcACjVfnoaW5kRrbA
Jan 08 22:21:29 任务完成失败：助力失败丨助力已满员！谢谢你哦~
Jan 08 22:21:30 去助力好友T0157awsHkdEpFTeIhMCjVfnoaW5kRrbA
Jan 08 22:21:30 任务完成失败：助力失败丨助力已满员！谢谢你哦~
Jan 08 22:21:31 去助力好友T010yawtG0FGqQCjVfnoaW5kRrbA
Jan 08 22:21:31 任务完成失败：助力失败丨助力已满员！谢谢你哦~
Jan 08 22:21:32 去助力好友T016Z1X8l5y7Lepe-KR9CjVfnoaW5kRrbA
Jan 08 22:21:32 任务完成失败：助力失败丨助力已满员！谢谢你哦~
Jan 08 22:21:33 去助力好友T0225KkcRx0cpFHRKEv8nPRcdwCjVfnoaW5kRrbA
Jan 08 22:21:33 任务完成失败：助力失败丨助力已满员！谢谢你哦~
Jan 08 22:21:34 去助力好友T008a0H5mbqPCjVfnoaW5kRrbA
Jan 08 22:21:35 任务完成失败：助力失败丨助力已满员！谢谢你哦~
Jan 08 22:21:36 去助力好友T007-6Q0RVwCjVfnoaW5kRrbA
Jan 08 22:21:36 任务完成失败：助力失败丨助力已满员！谢谢你哦~
Jan 08 22:21:37 去助力好友T0205KkcA2BhrwmsQX6M6otzCjVfnoaW5kRrbA
Jan 08 22:21:37 任务完成失败：助力失败丨助力已满员！谢谢你哦~
Jan 08 22:21:38 去助力好友T016aGTblYO5Itpp9JB-CjVfnoaW5kRrbA
Jan 08 22:21:38 任务完成失败：助力失败丨啊哦您今日的爱心值已爆棚，明天继续吧
Jan 08 22:21:38 助力次数已满，跳出
Jan 08 22:21:38 健康一下任务，完成次数：1/1
Jan 08 22:21:38 
Jan 08 22:21:38 ==============📣系统通知📣==============
Jan 08 22:21:38 东东健康社区
Jan 08 22:21:38 京东账号1 18055698302_p
Jan 08 22:21:38 本次获得500健康值，累计2151730健康值
Jan 08 22:21:38 
Jan 08 22:21:38 
Jan 08 22:21:38 🔔东东健康社区, 结束! 🕛 97.151 秒
Jan 08 22:21:38 
Jan 09 00:20:00 
Jan 09 00:20:00 🔔东东健康社区, 开始!
Jan 09 00:20:00 
Jan 09 00:20:00 ====================共1个京东账号Cookie=========
Jan 09 00:20:00 
Jan 09 00:20:00 ==================脚本执行- 北京时间(UTC+8)：2022/1/9 上午12:20:00=====================
Jan 09 00:20:00 
Jan 09 00:20:00 如果出现提示 ?.data. 错误，请升级nodejs版本(进入容器后，apk add nodejs-current)
Jan 09 00:20:00 开始获取东东健康社区配置文件
Jan 09 00:20:00 
Jan 09 00:20:00 共1个京东账号
Jan 09 00:20:00 
Jan 09 00:20:00 您提供了0个账号的东东健康社区助力码
Jan 09 00:20:00 
Jan 09 00:20:00 
Jan 09 00:20:00 ******开始【京东账号1】18055698302_p*********
Jan 09 00:20:00 
Jan 09 00:20:01 由于您第1个京东账号未提供shareCode,将采纳本脚本自带的助力码
Jan 09 00:20:01 
Jan 09 00:20:01 开始
Jan 09 00:20:04 随机取20个码放到您固定的互助码后面(不影响已有固定互助)
Jan 09 00:20:04 第1个京东账号将要助力的好友["T0225KkcRh9P9FbRKUygl_UJcgCjVfnoaW5kRrbA","T0205KkcF3dzsQ-ldnq09pFMCjVfnoaW5kRrbA","T0225KkcRB9No12FJBulwv8LdACjVfnoaW5kRrbA","T0159KUiH11Mq1bSKBoCjVfnoaW5kRrbA","T0205KkcNEB4oA2dSX6x5Z9PCjVfnoaW5kRrbA","T0225KkcRxcf8QDSJR78xqJZJwCjVfnoaW5kRrbA","T0087KIxCUFcCjVfnoaW5kRrbA","T008-qg0B1xYCjVfnoaW5kRrbA","T0205KkcIWt-vCGWanmQ9Z12CjVfnoaW5kRrbA","T0205KkcA2JmpiO3UWSm1pFOCjVfnoaW5kRrbA","T0084qooRhgbCjVQmoaT5kRrbA","T008zJR2RRgfCjVfnoaW5kRrbA","T0205KkcF3pnvzG-dmmv_a1RCjVfnoaW5kRrbA","T0205KkcOVRilDGmY2Sl5r5gCjVfnoaW5kRrbA","T0205KkcCHpkvCmKd0GI9rd1CjVfnoaW5kRrbA","T0225KkcRR0c_VyEKE_3wqQNIQCjVfnoaW5kRrbA","T0225KkcRhhN8FTWJUj1kaNfcgCjVfnoaW5kRrbA","T0225KkcRR4ZoV2GcxzwwaMOdgCjVfnoaW5kRrbA","T0225KkcRxlM9lODJx3xkfYOfQCjVfnoaW5kRrbA","T0126LlxQRwY9VHeCjVfnoaW5kRrbA","T024anHZmYO9I9dy97BAQ0uQowfSCjVfnoaW5kRrbA","T0086awtFEJACjVfnoaW5kRrbA","T0205KkcMmNstRGKSkOX0ZJ-CjVfnoaW5kRrbA","T0205KkcEUZ_rhG-fHyrxaJJCjVfnoaW5kRrbA"]
Jan 09 00:20:04 签到领健康能量任务，完成次数：0/1
Jan 09 00:20:04 去完成签到领健康能量任务
Jan 09 00:20:04 任务完成失败：点太快啦！等下再来吧
Jan 09 00:20:07 
Jan 09 00:20:07 【京东账号1（18055698302_p）的东东健康社区好友互助码】T018v_VzRRsf_FzUIBib1ACjVfnoaW5kRrbA
Jan 09 00:20:07 
Jan 09 00:20:07 健康暖心礼定金翻10倍任务，完成次数：0/5
Jan 09 00:20:07 去完成健康暖心礼定金翻10倍任务
Jan 09 00:20:07 任务领取结果：任务领取成功
Jan 09 00:20:17 任务完成成功，获得：300能量
Jan 09 00:20:19 去完成健康暖心礼定金翻10倍任务
Jan 09 00:20:19 任务领取结果：任务领取成功
Jan 09 00:20:29 任务完成失败：这个任务做完啦！
Jan 09 00:20:31 去完成健康暖心礼定金翻10倍任务
Jan 09 00:20:31 任务领取结果：任务领取成功
Jan 09 00:20:42 任务完成失败：这个任务做完啦！
Jan 09 00:20:44 去完成健康暖心礼定金翻10倍任务
Jan 09 00:20:44 任务领取结果：任务领取成功
Jan 09 00:20:54 任务完成失败：这个任务做完啦！
Jan 09 00:20:56 去完成健康暖心礼定金翻10倍任务
Jan 09 00:20:56 任务领取结果：任务领取成功
Jan 09 00:21:06 任务完成失败：这个任务做完啦！
Jan 09 00:21:08 早起打卡(06:00-09:00)任务，完成次数：0/1
Jan 09 00:21:08 去完成早起打卡(06:00-09:00)任务
Jan 09 00:21:08 任务完成失败：不在打卡时间哦!
Jan 09 00:21:10 点击抢超市大红包任务，完成次数：0/5
Jan 09 00:21:10 去完成点击抢超市大红包任务
Jan 09 00:21:10 任务领取结果：任务领取成功
Jan 09 00:21:21 任务完成成功，获得：300能量
Jan 09 00:21:23 去完成点击抢超市大红包任务
Jan 09 00:21:23 任务领取结果：任务领取成功
Jan 09 00:21:33 任务完成失败：这个任务做完啦！
Jan 09 00:21:35 去完成点击抢超市大红包任务
Jan 09 00:21:35 任务领取结果：任务领取成功
Jan 09 00:21:45 任务完成失败：这个任务做完啦！
Jan 09 00:21:47 去完成点击抢超市大红包任务
Jan 09 00:21:48 任务领取结果：任务领取成功
Jan 09 00:21:58 任务完成失败：这个任务做完啦！
Jan 09 00:22:00 去完成点击抢超市大红包任务
Jan 09 00:22:00 任务领取结果：任务领取成功
Jan 09 00:22:10 任务完成失败：这个任务做完啦！
Jan 09 00:22:12 去浏览并加购商品任务，完成次数：0/8
Jan 09 00:22:12 去完成去浏览并加购商品任务
Jan 09 00:22:14 去完成去浏览并加购商品任务
Jan 09 00:22:16 去完成去浏览并加购商品任务
Jan 09 00:22:18 去完成去浏览并加购商品任务
Jan 09 00:22:20 去完成去浏览并加购商品任务
Jan 09 00:22:22 去完成去浏览并加购商品任务
Jan 09 00:22:24 去完成去浏览并加购商品任务
Jan 09 00:22:26 去完成去浏览并加购商品任务
Jan 09 00:22:28 早睡打卡(21:00-23:00)任务，完成次数：0/1
Jan 09 00:22:28 去完成早睡打卡(21:00-23:00)任务
Jan 09 00:22:28 任务完成失败：不在打卡时间哦!
Jan 09 00:22:30 加入瘦身社群1元得体脂秤任务，完成次数：0/1
Jan 09 00:22:30 去完成加入瘦身社群1元得体脂秤任务
Jan 09 00:22:30 任务完成成功，获得：300能量
Jan 09 00:22:33 健康大牌首购低至1元任务，完成次数：1/5
Jan 09 00:22:33 去完成健康大牌首购低至1元任务
Jan 09 00:22:34 任务领取结果：任务领取成功
Jan 09 00:22:44 任务完成成功，获得：300能量
Jan 09 00:22:46 去完成健康大牌首购低至1元任务
Jan 09 00:22:46 任务领取结果：任务领取成功
Jan 09 00:22:56 任务完成失败：这个任务做完啦！
Jan 09 00:22:58 去完成健康大牌首购低至1元任务
Jan 09 00:22:58 任务领取结果：任务领取成功
Jan 09 00:23:08 任务完成失败：这个任务做完啦！
Jan 09 00:23:10 去完成健康大牌首购低至1元任务
Jan 09 00:23:10 任务领取结果：任务领取成功
Jan 09 00:23:21 任务完成失败：这个任务做完啦！
Jan 09 00:23:23 早起打卡(06:00-09:00)任务，完成次数：0/1
Jan 09 00:23:23 去完成早起打卡(06:00-09:00)任务
Jan 09 00:23:23 任务完成失败：不在打卡时间哦!
Jan 09 00:23:25 去炸年兽瓜分10亿任务，完成次数：1/5
Jan 09 00:23:25 去完成去炸年兽瓜分10亿任务
Jan 09 00:23:25 任务领取结果：任务领取成功
Jan 09 00:23:35 任务完成成功，获得：300能量
Jan 09 00:23:37 去完成去炸年兽瓜分10亿任务
Jan 09 00:23:37 任务领取结果：任务领取成功
Jan 09 00:23:47 任务完成失败：这个任务做完啦！
Jan 09 00:23:49 去完成去炸年兽瓜分10亿任务
Jan 09 00:23:49 任务领取结果：任务领取成功
Jan 09 00:24:00 任务完成失败：这个任务做完啦！
Jan 09 00:24:02 去完成去炸年兽瓜分10亿任务
Jan 09 00:24:02 任务领取结果：任务领取成功
Jan 09 00:24:12 任务完成失败：这个任务做完啦！
Jan 09 00:24:14 去浏览并加购商品任务，完成次数：0/8
Jan 09 00:24:14 去完成去浏览并加购商品任务
Jan 09 00:24:16 去完成去浏览并加购商品任务
Jan 09 00:24:18 去完成去浏览并加购商品任务
Jan 09 00:24:20 去完成去浏览并加购商品任务
Jan 09 00:24:22 去完成去浏览并加购商品任务
Jan 09 00:24:24 去完成去浏览并加购商品任务
Jan 09 00:24:26 去完成去浏览并加购商品任务
Jan 09 00:24:28 去完成去浏览并加购商品任务
Jan 09 00:24:30 早睡打卡(21:00-23:00)任务，完成次数：0/1
Jan 09 00:24:30 去完成早睡打卡(21:00-23:00)任务
Jan 09 00:24:30 任务完成失败：不在打卡时间哦!
Jan 09 00:24:32 开通乐普会员任务，完成次数：0/3
Jan 09 00:24:32 去完成开通乐普会员任务
Jan 09 00:24:34 去完成开通乐普会员任务
Jan 09 00:24:36 去完成开通乐普会员任务
Jan 09 00:24:39 发现更多爱心好物任务，完成次数：2/5
Jan 09 00:24:39 去完成发现更多爱心好物任务
Jan 09 00:24:39 任务领取结果：任务领取成功
Jan 09 00:24:49 任务完成成功，获得：300能量
Jan 09 00:24:51 去完成发现更多爱心好物任务
Jan 09 00:24:52 任务领取结果：任务领取成功
Jan 09 00:25:02 任务完成失败：这个任务做完啦！
Jan 09 00:25:04 去完成发现更多爱心好物任务
Jan 09 00:25:04 任务领取结果：任务领取成功
Jan 09 00:25:14 任务完成失败：这个任务做完啦！
Jan 09 00:25:16 早起打卡(06:00-09:00)任务，完成次数：0/1
Jan 09 00:25:16 去完成早起打卡(06:00-09:00)任务
Jan 09 00:25:16 任务完成失败：不在打卡时间哦!
Jan 09 00:25:18 一分钱造爆款电器任务，完成次数：2/5
Jan 09 00:25:18 去完成一分钱造爆款电器任务
Jan 09 00:25:18 任务领取结果：任务领取成功
Jan 09 00:25:28 任务完成成功，获得：300能量
Jan 09 00:25:30 去完成一分钱造爆款电器任务
Jan 09 00:25:31 任务领取结果：任务领取成功
Jan 09 00:25:41 任务完成失败：这个任务做完啦！
Jan 09 00:25:43 去完成一分钱造爆款电器任务
Jan 09 00:25:43 任务领取结果：任务领取成功
Jan 09 00:25:53 任务完成失败：这个任务做完啦！
Jan 09 00:25:55 去浏览并加购商品任务，完成次数：0/8
Jan 09 00:25:55 去完成去浏览并加购商品任务
Jan 09 00:25:57 去完成去浏览并加购商品任务
Jan 09 00:25:59 去完成去浏览并加购商品任务
Jan 09 00:26:01 去完成去浏览并加购商品任务
Jan 09 00:26:03 去完成去浏览并加购商品任务
Jan 09 00:26:05 去完成去浏览并加购商品任务
Jan 09 00:26:07 去完成去浏览并加购商品任务
Jan 09 00:26:09 去完成去浏览并加购商品任务
Jan 09 00:26:11 早睡打卡(21:00-23:00)任务，完成次数：0/1
Jan 09 00:26:11 去完成早睡打卡(21:00-23:00)任务
Jan 09 00:26:11 任务完成失败：不在打卡时间哦!
Jan 09 00:26:13 开通乐普会员任务，完成次数：0/3
Jan 09 00:26:13 去完成开通乐普会员任务
Jan 09 00:26:15 去完成开通乐普会员任务
Jan 09 00:26:17 去完成开通乐普会员任务
Jan 09 00:26:20 健康种植园“种”大奖任务，完成次数：3/5
Jan 09 00:26:20 去完成健康种植园“种”大奖任务
Jan 09 00:26:21 任务领取结果：任务领取成功
Jan 09 00:26:31 任务完成成功，获得：300能量
Jan 09 00:26:33 去完成健康种植园“种”大奖任务
Jan 09 00:26:33 任务领取结果：任务领取成功
Jan 09 00:26:43 任务完成失败：这个任务做完啦！
Jan 09 00:26:45 早起打卡(06:00-09:00)任务，完成次数：0/1
Jan 09 00:26:45 去完成早起打卡(06:00-09:00)任务
Jan 09 00:26:45 任务完成失败：不在打卡时间哦!
Jan 09 00:26:47 颜究院大牌小样1元领任务，完成次数：3/5
Jan 09 00:26:47 去完成颜究院大牌小样1元领任务
Jan 09 00:26:47 任务领取结果：任务领取成功
Jan 09 00:26:57 任务完成成功，获得：300能量
Jan 09 00:26:59 去完成颜究院大牌小样1元领任务
Jan 09 00:26:59 任务领取结果：任务领取成功
Jan 09 00:27:10 任务完成失败：这个任务做完啦！
Jan 09 00:27:12 去浏览并加购商品任务，完成次数：0/8
Jan 09 00:27:12 去完成去浏览并加购商品任务
Jan 09 00:27:14 去完成去浏览并加购商品任务
Jan 09 00:27:16 去完成去浏览并加购商品任务
Jan 09 00:27:18 去完成去浏览并加购商品任务
Jan 09 00:27:20 去完成去浏览并加购商品任务
Jan 09 00:27:22 去完成去浏览并加购商品任务
Jan 09 00:27:24 去完成去浏览并加购商品任务
Jan 09 00:27:26 去完成去浏览并加购商品任务
Jan 09 00:27:28 早睡打卡(21:00-23:00)任务，完成次数：0/1
Jan 09 00:27:28 去完成早睡打卡(21:00-23:00)任务
Jan 09 00:27:28 任务完成失败：不在打卡时间哦!
Jan 09 00:27:30 开通乐普会员任务，完成次数：0/3
Jan 09 00:27:30 去完成开通乐普会员任务
Jan 09 00:27:32 去完成开通乐普会员任务
Jan 09 00:27:34 去完成开通乐普会员任务
Jan 09 00:27:37 健康好物券后1分钱包邮任务，完成次数：4/5
Jan 09 00:27:37 去完成健康好物券后1分钱包邮任务
Jan 09 00:27:37 任务领取结果：任务领取成功
Jan 09 00:27:47 任务完成成功，获得：300能量
Jan 09 00:27:49 早起打卡(06:00-09:00)任务，完成次数：0/1
Jan 09 00:27:49 去完成早起打卡(06:00-09:00)任务
Jan 09 00:27:49 任务完成失败：不在打卡时间哦!
Jan 09 00:27:51 去玩城城领千元红包任务，完成次数：4/5
Jan 09 00:27:51 去完成去玩城城领千元红包任务
Jan 09 00:27:52 任务领取结果：任务领取成功
Jan 09 00:28:02 任务完成成功，获得：300能量
Jan 09 00:28:04 去浏览并加购商品任务，完成次数：0/8
Jan 09 00:28:04 去完成去浏览并加购商品任务
Jan 09 00:28:06 去完成去浏览并加购商品任务
Jan 09 00:28:08 去完成去浏览并加购商品任务
Jan 09 00:28:10 去完成去浏览并加购商品任务
Jan 09 00:28:12 去完成去浏览并加购商品任务
Jan 09 00:28:14 去完成去浏览并加购商品任务
Jan 09 00:28:16 去完成去浏览并加购商品任务
Jan 09 00:28:18 去完成去浏览并加购商品任务
Jan 09 00:28:20 早睡打卡(21:00-23:00)任务，完成次数：0/1
Jan 09 00:28:20 去完成早睡打卡(21:00-23:00)任务
Jan 09 00:28:20 任务完成失败：不在打卡时间哦!
Jan 09 00:28:22 开通乐普会员任务，完成次数：0/3
Jan 09 00:28:22 去完成开通乐普会员任务
Jan 09 00:28:24 去完成开通乐普会员任务
Jan 09 00:28:26 去完成开通乐普会员任务
Jan 09 00:28:29 任务完成成功，获得：82能量
Jan 09 00:28:29 去助力好友T0225KkcRh9P9FbRKUygl_UJcgCjVfnoaW5kRrbA
Jan 09 00:28:29 任务完成失败：助力失败丨助力已满员！谢谢你哦~
Jan 09 00:28:30 去助力好友T0205KkcF3dzsQ-ldnq09pFMCjVfnoaW5kRrbA
Jan 09 00:28:30 任务完成失败：助力失败丨助力已满员！谢谢你哦~
Jan 09 00:28:31 去助力好友T0225KkcRB9No12FJBulwv8LdACjVfnoaW5kRrbA
Jan 09 00:28:31 任务完成失败：助力失败丨助力已满员！谢谢你哦~
Jan 09 00:28:32 去助力好友T0159KUiH11Mq1bSKBoCjVfnoaW5kRrbA
Jan 09 00:28:33 任务完成失败：助力失败丨助力已满员！谢谢你哦~
Jan 09 00:28:34 去助力好友T0205KkcNEB4oA2dSX6x5Z9PCjVfnoaW5kRrbA
Jan 09 00:28:34 任务完成成功，获得：800能量
Jan 09 00:28:35 去助力好友T0225KkcRxcf8QDSJR78xqJZJwCjVfnoaW5kRrbA
Jan 09 00:28:35 任务完成成功，获得：800能量
Jan 09 00:28:36 去助力好友T0087KIxCUFcCjVfnoaW5kRrbA
Jan 09 00:28:36 任务完成成功，获得：800能量
Jan 09 00:28:37 去助力好友T008-qg0B1xYCjVfnoaW5kRrbA
Jan 09 00:28:37 任务完成失败：助力失败丨啊哦您今日的爱心值已爆棚，明天继续吧
Jan 09 00:28:37 助力次数已满，跳出
Jan 09 00:28:37 健康一下任务，完成次数：0/1
Jan 09 00:28:37 任务领取结果：任务领取成功
Jan 09 00:28:41 任务完成成功，获得：100能量
Jan 09 00:28:41 
Jan 09 00:28:41 ==============📣系统通知📣==============
Jan 09 00:28:41 东东健康社区
Jan 09 00:28:41 京东账号1 18055698302_p
Jan 09 00:28:41 本次获得3960健康值，累计2156170健康值
Jan 09 00:28:41 
Jan 09 00:28:41 
Jan 09 00:28:41 🔔东东健康社区, 结束! 🕛 520.681 秒
Jan 09 00:28:41 
Jan 09 06:20:00 
Jan 09 06:20:00 🔔东东健康社区, 开始!
Jan 09 06:20:00 
Jan 09 06:20:00 ====================共1个京东账号Cookie=========
Jan 09 06:20:00 
Jan 09 06:20:00 ==================脚本执行- 北京时间(UTC+8)：2022/1/9 上午6:20:00=====================
Jan 09 06:20:00 
Jan 09 06:20:00 如果出现提示 ?.data. 错误，请升级nodejs版本(进入容器后，apk add nodejs-current)
Jan 09 06:20:00 开始获取东东健康社区配置文件
Jan 09 06:20:00 
Jan 09 06:20:00 共1个京东账号
Jan 09 06:20:00 
Jan 09 06:20:00 您提供了0个账号的东东健康社区助力码
Jan 09 06:20:00 
Jan 09 06:20:00 
Jan 09 06:20:00 ******开始【京东账号1】18055698302_p*********
Jan 09 06:20:00 
Jan 09 06:20:00 由于您第1个京东账号未提供shareCode,将采纳本脚本自带的助力码
Jan 09 06:20:00 
Jan 09 06:20:00 开始
Jan 09 06:20:02 随机取20个码放到您固定的互助码后面(不影响已有固定互助)
Jan 09 06:20:02 第1个京东账号将要助力的好友["T0225KkcRh9P9FbRKUygl_UJcgCjVfnoaW5kRrbA","T0205KkcF3dzsQ-ldnq09pFMCjVfnoaW5kRrbA","T0225KkcRB9No12FJBulwv8LdACjVfnoaW5kRrbA","T0159KUiH11Mq1bSKBoCjVfnoaW5kRrbA","T016-awtF0JArRGOfEOxCjVfnoaW5kRrbA","T0225KkcR0obowXWdBKnnKELdACjVfnoaW5kRrbA","T014_6Q2EkdHolLUJQCjVfnoaW5kRrbA","T0205KkcPHttnwqMSW6NxYBgCjVfnoaW5kRrbA","T0225KkcRk0Rp1XXcUuhx_4IJwCjVfnoaW5kRrbA","T0184qQ6EUBQrAqAIBr0lACjVfnoaW5kRrbA","T0085qMhB0NPCjVfnoaW5kRrbA","T014__hzQhgb9FDeIQCjVfnoaW5kRrbA","T0225KkcRh1I8l3Tc0-lxfQPJwCjVfnoaW5kRrbA","T0147KIhHx4d9VbXIgCjVfnoaW5kRrbA","T0225KkcREgQ_QDVdRKilqZZIQCjVfnoaW5kRrbA","T0225KkcRhsc9ADeJU_8laUMcwCjVfnoaW5kRrbA","T0205KkcBUZLgBehW3y2zaNJCjVfnoaW5kRrbA","T0225KkcRhsb8wXRI0_8lPMKfQCjVfnoaW5kRrbA","T0205KkcGG1qtymfZVup5b5ICjVfnoaW5kRrbA","T024uvtySBob9FHUPR3ykfUId2q8CjVfnoaW5kRrbA","T0225KkcR0pN8lCFKEjwkvBcJwCjVfnoaW5kRrbA","T0225KkcRRkdpFfVIx2mwvANdgCjVfnoaW5kRrbA","T0205KkcP2l5hxGCcVyQ6rFfCjVfnoaW5kRrbA","T0225KkcRRwepgXUcRmnwaEPJwCjVfnoaW5kRrbA"]
Jan 09 06:20:02 签到领健康能量任务，完成次数：0/1
Jan 09 06:20:02 去完成签到领健康能量任务
Jan 09 06:20:02 任务完成成功，获得：300能量
Jan 09 06:20:04 
Jan 09 06:20:04 【京东账号1（18055698302_p）的东东健康社区好友互助码】T018v_VzRRsf_FzUIBib1ACjVfnoaW5kRrbA
Jan 09 06:20:04 
Jan 09 06:20:04 健康暖心礼定金翻10倍任务，完成次数：5/5
Jan 09 06:20:04 早起打卡(06:00-09:00)任务，完成次数：0/1
Jan 09 06:20:04 去完成早起打卡(06:00-09:00)任务
Jan 09 06:20:04 任务完成成功，获得：500能量
Jan 09 06:20:06 去浏览并加购商品任务，完成次数：0/8
Jan 09 06:20:06 去完成去浏览并加购商品任务
Jan 09 06:20:08 去完成去浏览并加购商品任务
Jan 09 06:20:10 去完成去浏览并加购商品任务
Jan 09 06:20:12 去完成去浏览并加购商品任务
Jan 09 06:20:14 去完成去浏览并加购商品任务
Jan 09 06:20:16 去完成去浏览并加购商品任务
Jan 09 06:20:18 去完成去浏览并加购商品任务
Jan 09 06:20:20 去完成去浏览并加购商品任务
Jan 09 06:20:22 早睡打卡(21:00-23:00)任务，完成次数：0/1
Jan 09 06:20:22 去完成早睡打卡(21:00-23:00)任务
Jan 09 06:20:23 任务完成失败：不在打卡时间哦!
Jan 09 06:20:25 开通乐普会员任务，完成次数：0/3
Jan 09 06:20:25 去完成开通乐普会员任务
Jan 09 06:20:27 去完成开通乐普会员任务
Jan 09 06:20:29 去完成开通乐普会员任务
Jan 09 06:20:31 去浏览并加购商品任务，完成次数：0/8
Jan 09 06:20:31 去完成去浏览并加购商品任务
Jan 09 06:20:33 去完成去浏览并加购商品任务
Jan 09 06:20:35 去完成去浏览并加购商品任务
Jan 09 06:20:37 去完成去浏览并加购商品任务
Jan 09 06:20:39 去完成去浏览并加购商品任务
Jan 09 06:20:41 去完成去浏览并加购商品任务
Jan 09 06:20:43 去完成去浏览并加购商品任务
Jan 09 06:20:45 去完成去浏览并加购商品任务
Jan 09 06:20:48 健康暖心礼定金翻10倍任务，完成次数：5/5
Jan 09 06:20:48 去浏览并加购商品任务，完成次数：0/8
Jan 09 06:20:48 去完成去浏览并加购商品任务
Jan 09 06:20:50 去完成去浏览并加购商品任务
Jan 09 06:20:52 去完成去浏览并加购商品任务
Jan 09 06:20:54 去完成去浏览并加购商品任务
Jan 09 06:20:56 去完成去浏览并加购商品任务
Jan 09 06:20:58 去完成去浏览并加购商品任务
Jan 09 06:21:00 去完成去浏览并加购商品任务
Jan 09 06:21:02 去完成去浏览并加购商品任务
Jan 09 06:21:04 早睡打卡(21:00-23:00)任务，完成次数：0/1
Jan 09 06:21:04 去完成早睡打卡(21:00-23:00)任务
Jan 09 06:21:04 任务完成失败：不在打卡时间哦!
Jan 09 06:21:06 开通乐普会员任务，完成次数：0/3
Jan 09 06:21:06 去完成开通乐普会员任务
Jan 09 06:21:08 去完成开通乐普会员任务
Jan 09 06:21:10 去完成开通乐普会员任务
Jan 09 06:21:12 去浏览并加购商品任务，完成次数：0/8
Jan 09 06:21:12 去完成去浏览并加购商品任务
Jan 09 06:21:14 去完成去浏览并加购商品任务
Jan 09 06:21:16 去完成去浏览并加购商品任务
Jan 09 06:21:18 去完成去浏览并加购商品任务
Jan 09 06:21:20 去完成去浏览并加购商品任务
Jan 09 06:21:22 去完成去浏览并加购商品任务
Jan 09 06:21:24 去完成去浏览并加购商品任务
Jan 09 06:21:26 去完成去浏览并加购商品任务
Jan 09 06:21:28 逛逛京东大药房会场任务，完成次数：0/1
Jan 09 06:21:28 去完成逛逛京东大药房会场任务
Jan 09 06:21:28 任务领取结果：任务领取成功
Jan 09 06:21:38 任务完成成功，获得：300能量
Jan 09 06:21:41 健康暖心礼定金翻10倍任务，完成次数：5/5
Jan 09 06:21:41 去浏览并加购商品任务，完成次数：0/8
Jan 09 06:21:41 去完成去浏览并加购商品任务
Jan 09 06:21:43 去完成去浏览并加购商品任务
Jan 09 06:21:45 去完成去浏览并加购商品任务
Jan 09 06:21:47 去完成去浏览并加购商品任务
Jan 09 06:21:49 去完成去浏览并加购商品任务
Jan 09 06:21:51 去完成去浏览并加购商品任务
Jan 09 06:21:53 去完成去浏览并加购商品任务
Jan 09 06:21:55 去完成去浏览并加购商品任务
Jan 09 06:21:57 早睡打卡(21:00-23:00)任务，完成次数：0/1
Jan 09 06:21:57 去完成早睡打卡(21:00-23:00)任务
Jan 09 06:21:58 任务完成失败：不在打卡时间哦!
Jan 09 06:22:00 开通乐普会员任务，完成次数：0/3
Jan 09 06:22:00 去完成开通乐普会员任务
Jan 09 06:22:02 去完成开通乐普会员任务
Jan 09 06:22:04 去完成开通乐普会员任务
Jan 09 06:22:06 去浏览并加购商品任务，完成次数：0/8
Jan 09 06:22:06 去完成去浏览并加购商品任务
Jan 09 06:22:08 去完成去浏览并加购商品任务
Jan 09 06:22:10 去完成去浏览并加购商品任务
Jan 09 06:22:12 去完成去浏览并加购商品任务
Jan 09 06:22:14 去完成去浏览并加购商品任务
Jan 09 06:22:16 去完成去浏览并加购商品任务
Jan 09 06:22:18 去完成去浏览并加购商品任务
Jan 09 06:22:20 去完成去浏览并加购商品任务
Jan 09 06:22:22 名医限量义诊任务，完成次数：0/2
Jan 09 06:22:22 去完成名医限量义诊任务
Jan 09 06:22:22 任务领取结果：任务领取成功
Jan 09 06:22:32 任务完成成功，获得：300能量
Jan 09 06:22:34 去完成名医限量义诊任务
Jan 09 06:22:34 任务领取结果：任务领取成功
Jan 09 06:22:44 任务完成失败：这个任务做完啦！
Jan 09 06:22:47 健康暖心礼定金翻10倍任务，完成次数：5/5
Jan 09 06:22:47 去浏览并加购商品任务，完成次数：0/8
Jan 09 06:22:47 去完成去浏览并加购商品任务
Jan 09 06:22:49 去完成去浏览并加购商品任务
Jan 09 06:22:51 去完成去浏览并加购商品任务
Jan 09 06:22:53 去完成去浏览并加购商品任务
Jan 09 06:22:55 去完成去浏览并加购商品任务
Jan 09 06:22:57 去完成去浏览并加购商品任务
Jan 09 06:22:59 去完成去浏览并加购商品任务
Jan 09 06:23:01 去完成去浏览并加购商品任务
Jan 09 06:23:03 早睡打卡(21:00-23:00)任务，完成次数：0/1
Jan 09 06:23:03 去完成早睡打卡(21:00-23:00)任务
Jan 09 06:23:03 任务完成失败：不在打卡时间哦!
Jan 09 06:23:05 开通乐普会员任务，完成次数：0/3
Jan 09 06:23:05 去完成开通乐普会员任务
Jan 09 06:23:07 去完成开通乐普会员任务
Jan 09 06:23:09 去完成开通乐普会员任务
Jan 09 06:23:11 去浏览并加购商品任务，完成次数：0/8
Jan 09 06:23:11 去完成去浏览并加购商品任务
Jan 09 06:23:13 去完成去浏览并加购商品任务
Jan 09 06:23:15 去完成去浏览并加购商品任务
Jan 09 06:23:17 去完成去浏览并加购商品任务
Jan 09 06:23:19 去完成去浏览并加购商品任务
Jan 09 06:23:21 去完成去浏览并加购商品任务
Jan 09 06:23:23 去完成去浏览并加购商品任务
Jan 09 06:23:25 去完成去浏览并加购商品任务
Jan 09 06:23:27 全国良医 在线坐诊任务，完成次数：1/2
Jan 09 06:23:27 去完成全国良医 在线坐诊任务
Jan 09 06:23:28 任务领取结果：任务领取成功
Jan 09 06:23:38 任务完成成功，获得：300能量
Jan 09 06:23:41 健康暖心礼定金翻10倍任务，完成次数：5/5
Jan 09 06:23:41 去浏览并加购商品任务，完成次数：0/8
Jan 09 06:23:41 去完成去浏览并加购商品任务
Jan 09 06:23:43 去完成去浏览并加购商品任务
Jan 09 06:23:45 去完成去浏览并加购商品任务
Jan 09 06:23:47 去完成去浏览并加购商品任务
Jan 09 06:23:49 去完成去浏览并加购商品任务
Jan 09 06:23:51 去完成去浏览并加购商品任务
Jan 09 06:23:53 去完成去浏览并加购商品任务
Jan 09 06:23:55 去完成去浏览并加购商品任务
Jan 09 06:23:57 早睡打卡(21:00-23:00)任务，完成次数：0/1
Jan 09 06:23:57 去完成早睡打卡(21:00-23:00)任务
Jan 09 06:23:57 任务完成失败：不在打卡时间哦!
Jan 09 06:23:59 开通乐普会员任务，完成次数：0/3
Jan 09 06:23:59 去完成开通乐普会员任务
Jan 09 06:24:01 去完成开通乐普会员任务
Jan 09 06:24:03 去完成开通乐普会员任务
Jan 09 06:24:05 去浏览并加购商品任务，完成次数：0/8
Jan 09 06:24:05 去完成去浏览并加购商品任务
Jan 09 06:24:07 去完成去浏览并加购商品任务
Jan 09 06:24:09 去完成去浏览并加购商品任务
Jan 09 06:24:11 去完成去浏览并加购商品任务
Jan 09 06:24:13 去完成去浏览并加购商品任务
Jan 09 06:24:15 去完成去浏览并加购商品任务
Jan 09 06:24:17 去完成去浏览并加购商品任务
Jan 09 06:24:19 去完成去浏览并加购商品任务
Jan 09 06:24:21 名医限量义诊任务，完成次数：2/2
Jan 09 06:24:21 任务完成成功，获得：0能量
Jan 09 06:24:21 去助力好友T0225KkcRh9P9FbRKUygl_UJcgCjVfnoaW5kRrbA
Jan 09 06:24:21 任务完成失败：助力失败丨助力已满员！谢谢你哦~
Jan 09 06:24:22 去助力好友T0205KkcF3dzsQ-ldnq09pFMCjVfnoaW5kRrbA
Jan 09 06:24:22 任务完成失败：助力失败丨助力已满员！谢谢你哦~
Jan 09 06:24:23 去助力好友T0225KkcRB9No12FJBulwv8LdACjVfnoaW5kRrbA
Jan 09 06:24:24 任务完成失败：助力失败丨助力已满员！谢谢你哦~
Jan 09 06:24:25 去助力好友T0159KUiH11Mq1bSKBoCjVfnoaW5kRrbA
Jan 09 06:24:25 任务完成失败：助力失败丨助力已满员！谢谢你哦~
Jan 09 06:24:26 去助力好友T016-awtF0JArRGOfEOxCjVfnoaW5kRrbA
Jan 09 06:24:26 任务完成失败：助力失败丨助力已满员！谢谢你哦~
Jan 09 06:24:27 去助力好友T0225KkcR0obowXWdBKnnKELdACjVfnoaW5kRrbA
Jan 09 06:24:27 任务完成失败：助力失败丨助力已满员！谢谢你哦~
Jan 09 06:24:28 去助力好友T014_6Q2EkdHolLUJQCjVfnoaW5kRrbA
Jan 09 06:24:28 任务完成失败：助力失败丨助力已满员！谢谢你哦~
Jan 09 06:24:29 去助力好友T0205KkcPHttnwqMSW6NxYBgCjVfnoaW5kRrbA
Jan 09 06:24:29 任务完成失败：助力失败丨助力已满员！谢谢你哦~
Jan 09 06:24:30 去助力好友T0225KkcRk0Rp1XXcUuhx_4IJwCjVfnoaW5kRrbA
Jan 09 06:24:30 任务完成失败：助力失败丨助力已满员！谢谢你哦~
Jan 09 06:24:31 去助力好友T0184qQ6EUBQrAqAIBr0lACjVfnoaW5kRrbA
Jan 09 06:24:32 任务完成失败：助力失败丨助力已满员！谢谢你哦~
Jan 09 06:24:33 去助力好友T0085qMhB0NPCjVfnoaW5kRrbA
Jan 09 06:24:33 任务完成失败：助力失败丨助力已满员！谢谢你哦~
Jan 09 06:24:34 去助力好友T014__hzQhgb9FDeIQCjVfnoaW5kRrbA
Jan 09 06:24:34 任务完成失败：助力失败丨助力已满员！谢谢你哦~
Jan 09 06:24:35 去助力好友T0225KkcRh1I8l3Tc0-lxfQPJwCjVfnoaW5kRrbA
Jan 09 06:24:35 任务完成失败：助力失败丨助力已满员！谢谢你哦~
Jan 09 06:24:36 去助力好友T0147KIhHx4d9VbXIgCjVfnoaW5kRrbA
Jan 09 06:24:36 任务完成失败：助力失败丨助力已满员！谢谢你哦~
Jan 09 06:24:37 去助力好友T0225KkcREgQ_QDVdRKilqZZIQCjVfnoaW5kRrbA
Jan 09 06:24:37 任务完成失败：助力失败丨助力已满员！谢谢你哦~
Jan 09 06:24:38 去助力好友T0225KkcRhsc9ADeJU_8laUMcwCjVfnoaW5kRrbA
Jan 09 06:24:38 任务完成失败：助力失败丨助力已满员！谢谢你哦~
Jan 09 06:24:39 去助力好友T0205KkcBUZLgBehW3y2zaNJCjVfnoaW5kRrbA
Jan 09 06:24:40 任务完成失败：助力失败丨助力已满员！谢谢你哦~
Jan 09 06:24:41 去助力好友T0225KkcRhsb8wXRI0_8lPMKfQCjVfnoaW5kRrbA
Jan 09 06:24:41 任务完成失败：助力失败丨助力已满员！谢谢你哦~
Jan 09 06:24:42 去助力好友T0205KkcGG1qtymfZVup5b5ICjVfnoaW5kRrbA
Jan 09 06:24:42 任务完成失败：助力失败丨助力已满员！谢谢你哦~
Jan 09 06:24:43 去助力好友T024uvtySBob9FHUPR3ykfUId2q8CjVfnoaW5kRrbA
Jan 09 06:24:43 任务完成失败：助力失败丨啊哦您今日的爱心值已爆棚，明天继续吧
Jan 09 06:24:43 助力次数已满，跳出
Jan 09 06:24:43 健康一下任务，完成次数：1/1
Jan 09 06:24:43 
Jan 09 06:24:43 ==============📣系统通知📣==============
Jan 09 06:24:43 东东健康社区
Jan 09 06:24:43 京东账号1 18055698302_p
Jan 09 06:24:43 本次获得1700健康值，累计2162100健康值
Jan 09 06:24:43 
Jan 09 06:24:43 
Jan 09 06:24:43 🔔东东健康社区, 结束! 🕛 283.028 秒
Jan 09 06:24:43 
