Jan 07 00:05:00 
Jan 07 00:05:00 🔔东东健康社区收集能量收集, 开始!
Jan 07 00:05:00 
Jan 07 00:05:00 ====================共1个京东账号Cookie=========
Jan 07 00:05:00 
Jan 07 00:05:01 ==================脚本执行- 北京时间(UTC+8)：2022/1/7 上午12:05:00=====================
Jan 07 00:05:01 
Jan 07 00:05:01 
Jan 07 00:05:01 ******开始【京东账号1】18055698302_p*********
Jan 07 00:05:01 
Jan 07 00:05:03 任务完成成功，获得：480能量
Jan 07 00:05:03 
Jan 07 00:05:03 🔔东东健康社区收集能量收集, 结束! 🕛 2.796 秒
Jan 07 00:05:03 
Jan 07 00:25:00 
Jan 07 00:25:00 🔔东东健康社区收集能量收集, 开始!
Jan 07 00:25:00 
Jan 07 00:25:00 ====================共1个京东账号Cookie=========
Jan 07 00:25:00 
Jan 07 00:25:00 ==================脚本执行- 北京时间(UTC+8)：2022/1/7 上午12:25:00=====================
Jan 07 00:25:00 
Jan 07 00:25:00 
Jan 07 00:25:00 ******开始【京东账号1】18055698302_p*********
Jan 07 00:25:00 
Jan 07 00:25:00 任务完成成功，获得：478能量
Jan 07 00:25:00 
Jan 07 00:25:00 🔔东东健康社区收集能量收集, 结束! 🕛 0.356 秒
Jan 07 00:25:00 
Jan 07 00:45:00 
Jan 07 00:45:00 🔔东东健康社区收集能量收集, 开始!
Jan 07 00:45:00 
Jan 07 00:45:00 ====================共1个京东账号Cookie=========
Jan 07 00:45:00 
Jan 07 00:45:01 ==================脚本执行- 北京时间(UTC+8)：2022/1/7 上午12:45:00=====================
Jan 07 00:45:01 
Jan 07 00:45:01 
Jan 07 00:45:01 ******开始【京东账号1】18055698302_p*********
Jan 07 00:45:01 
Jan 07 00:45:03 任务完成成功，获得：396能量
Jan 07 00:45:03 
Jan 07 00:45:03 🔔东东健康社区收集能量收集, 结束! 🕛 2.315 秒
Jan 07 00:45:03 
Jan 07 01:05:01 
Jan 07 01:05:01 🔔东东健康社区收集能量收集, 开始!
Jan 07 01:05:01 
Jan 07 01:05:01 ====================共1个京东账号Cookie=========
Jan 07 01:05:01 
Jan 07 01:05:01 ==================脚本执行- 北京时间(UTC+8)：2022/1/7 上午1:05:01=====================
Jan 07 01:05:01 
Jan 07 01:05:01 
Jan 07 01:05:01 ******开始【京东账号1】18055698302_p*********
Jan 07 01:05:01 
Jan 07 01:05:03 任务完成成功，获得：480能量
Jan 07 01:05:03 
Jan 07 01:05:03 🔔东东健康社区收集能量收集, 结束! 🕛 2.278 秒
Jan 07 01:05:03 
Jan 07 01:25:00 
Jan 07 01:25:00 🔔东东健康社区收集能量收集, 开始!
Jan 07 01:25:00 
Jan 07 01:25:00 ====================共1个京东账号Cookie=========
Jan 07 01:25:00 
Jan 07 01:25:00 ==================脚本执行- 北京时间(UTC+8)：2022/1/7 上午1:25:00=====================
Jan 07 01:25:00 
Jan 07 01:25:00 
Jan 07 01:25:00 ******开始【京东账号1】18055698302_p*********
Jan 07 01:25:00 
Jan 07 01:25:00 任务完成成功，获得：478能量
Jan 07 01:25:00 
Jan 07 01:25:00 🔔东东健康社区收集能量收集, 结束! 🕛 0.337 秒
Jan 07 01:25:00 
Jan 07 01:45:00 
Jan 07 01:45:00 🔔东东健康社区收集能量收集, 开始!
Jan 07 01:45:00 
Jan 07 01:45:00 ====================共1个京东账号Cookie=========
Jan 07 01:45:00 
Jan 07 01:45:00 ==================脚本执行- 北京时间(UTC+8)：2022/1/7 上午1:45:00=====================
Jan 07 01:45:00 
Jan 07 01:45:00 
Jan 07 01:45:00 ******开始【京东账号1】18055698302_p*********
Jan 07 01:45:00 
Jan 07 01:45:00 任务完成成功，获得：480能量
Jan 07 01:45:00 
Jan 07 01:45:00 🔔东东健康社区收集能量收集, 结束! 🕛 0.341 秒
Jan 07 01:45:00 
Jan 07 02:05:01 
Jan 07 02:05:01 🔔东东健康社区收集能量收集, 开始!
Jan 07 02:05:01 
Jan 07 02:05:01 ====================共1个京东账号Cookie=========
Jan 07 02:05:01 
Jan 07 02:05:01 ==================脚本执行- 北京时间(UTC+8)：2022/1/7 上午2:05:01=====================
Jan 07 02:05:01 
Jan 07 02:05:01 
Jan 07 02:05:01 ******开始【京东账号1】18055698302_p*********
Jan 07 02:05:01 
Jan 07 02:05:02 任务完成成功，获得：480能量
Jan 07 02:05:02 
Jan 07 02:05:02 🔔东东健康社区收集能量收集, 结束! 🕛 1.271 秒
Jan 07 02:05:02 
Jan 07 02:25:00 
Jan 07 02:25:00 🔔东东健康社区收集能量收集, 开始!
Jan 07 02:25:00 
Jan 07 02:25:00 ====================共1个京东账号Cookie=========
Jan 07 02:25:00 
Jan 07 02:25:00 ==================脚本执行- 北京时间(UTC+8)：2022/1/7 上午2:25:00=====================
Jan 07 02:25:00 
Jan 07 02:25:00 
Jan 07 02:25:00 ******开始【京东账号1】18055698302_p*********
Jan 07 02:25:00 
Jan 07 02:25:01 任务完成成功，获得：478能量
Jan 07 02:25:01 
Jan 07 02:25:01 🔔东东健康社区收集能量收集, 结束! 🕛 0.395 秒
Jan 07 02:25:01 
Jan 07 02:45:00 
Jan 07 02:45:00 🔔东东健康社区收集能量收集, 开始!
Jan 07 02:45:00 
Jan 07 02:45:00 ====================共1个京东账号Cookie=========
Jan 07 02:45:00 
Jan 07 02:45:00 ==================脚本执行- 北京时间(UTC+8)：2022/1/7 上午2:45:00=====================
Jan 07 02:45:00 
Jan 07 02:45:00 
Jan 07 02:45:00 ******开始【京东账号1】18055698302_p*********
Jan 07 02:45:00 
Jan 07 02:45:01 任务完成成功，获得：478能量
Jan 07 02:45:01 
Jan 07 02:45:01 🔔东东健康社区收集能量收集, 结束! 🕛 0.34 秒
Jan 07 02:45:01 
Jan 07 03:05:00 
Jan 07 03:05:00 🔔东东健康社区收集能量收集, 开始!
Jan 07 03:05:00 
Jan 07 03:05:00 ====================共1个京东账号Cookie=========
Jan 07 03:05:00 
Jan 07 03:05:01 ==================脚本执行- 北京时间(UTC+8)：2022/1/7 上午3:05:00=====================
Jan 07 03:05:01 
Jan 07 03:05:01 
Jan 07 03:05:01 ******开始【京东账号1】18055698302_p*********
Jan 07 03:05:01 
Jan 07 03:05:02 任务完成成功，获得：480能量
Jan 07 03:05:02 
Jan 07 03:05:02 🔔东东健康社区收集能量收集, 结束! 🕛 1.216 秒
Jan 07 03:05:02 
Jan 07 03:25:00 
Jan 07 03:25:00 🔔东东健康社区收集能量收集, 开始!
Jan 07 03:25:00 
Jan 07 03:25:00 ====================共1个京东账号Cookie=========
Jan 07 03:25:00 
Jan 07 03:25:00 ==================脚本执行- 北京时间(UTC+8)：2022/1/7 上午3:25:00=====================
Jan 07 03:25:00 
Jan 07 03:25:00 
Jan 07 03:25:00 ******开始【京东账号1】18055698302_p*********
Jan 07 03:25:00 
Jan 07 03:25:01 任务完成成功，获得：478能量
Jan 07 03:25:01 
Jan 07 03:25:01 🔔东东健康社区收集能量收集, 结束! 🕛 0.46 秒
Jan 07 03:25:01 
Jan 07 03:45:00 
Jan 07 03:45:00 🔔东东健康社区收集能量收集, 开始!
Jan 07 03:45:00 
Jan 07 03:45:00 ====================共1个京东账号Cookie=========
Jan 07 03:45:00 
Jan 07 03:45:00 ==================脚本执行- 北京时间(UTC+8)：2022/1/7 上午3:45:00=====================
Jan 07 03:45:00 
Jan 07 03:45:00 
Jan 07 03:45:00 ******开始【京东账号1】18055698302_p*********
Jan 07 03:45:00 
Jan 07 03:45:01 任务完成成功，获得：0能量
Jan 07 03:45:01 
Jan 07 03:45:01 🔔东东健康社区收集能量收集, 结束! 🕛 0.38 秒
Jan 07 03:45:01 
Jan 07 04:05:01 
Jan 07 04:05:01 🔔东东健康社区收集能量收集, 开始!
Jan 07 04:05:01 
Jan 07 04:05:01 ====================共1个京东账号Cookie=========
Jan 07 04:05:01 
Jan 07 04:05:01 ==================脚本执行- 北京时间(UTC+8)：2022/1/7 上午4:05:01=====================
Jan 07 04:05:01 
Jan 07 04:05:01 
Jan 07 04:05:01 ******开始【京东账号1】18055698302_p*********
Jan 07 04:05:01 
Jan 07 04:05:02 任务完成成功，获得：0能量
Jan 07 04:05:02 
Jan 07 04:05:02 🔔东东健康社区收集能量收集, 结束! 🕛 1.302 秒
Jan 07 04:05:02 
Jan 07 04:25:00 
Jan 07 04:25:00 🔔东东健康社区收集能量收集, 开始!
Jan 07 04:25:00 
Jan 07 04:25:00 ====================共1个京东账号Cookie=========
Jan 07 04:25:00 
Jan 07 04:25:00 ==================脚本执行- 北京时间(UTC+8)：2022/1/7 上午4:25:00=====================
Jan 07 04:25:00 
Jan 07 04:25:00 
Jan 07 04:25:00 ******开始【京东账号1】18055698302_p*********
Jan 07 04:25:00 
Jan 07 04:25:01 任务完成成功，获得：0能量
Jan 07 04:25:01 
Jan 07 04:25:01 🔔东东健康社区收集能量收集, 结束! 🕛 0.413 秒
Jan 07 04:25:01 
Jan 07 04:45:00 
Jan 07 04:45:00 🔔东东健康社区收集能量收集, 开始!
Jan 07 04:45:00 
Jan 07 04:45:00 ====================共1个京东账号Cookie=========
Jan 07 04:45:00 
Jan 07 04:45:00 ==================脚本执行- 北京时间(UTC+8)：2022/1/7 上午4:45:00=====================
Jan 07 04:45:00 
Jan 07 04:45:00 
Jan 07 04:45:00 ******开始【京东账号1】18055698302_p*********
Jan 07 04:45:00 
Jan 07 04:45:01 任务完成成功，获得：0能量
Jan 07 04:45:01 
Jan 07 04:45:01 🔔东东健康社区收集能量收集, 结束! 🕛 0.537 秒
Jan 07 04:45:01 
Jan 07 05:05:01 
Jan 07 05:05:01 🔔东东健康社区收集能量收集, 开始!
Jan 07 05:05:01 
Jan 07 05:05:01 ====================共1个京东账号Cookie=========
Jan 07 05:05:01 
Jan 07 05:05:01 ==================脚本执行- 北京时间(UTC+8)：2022/1/7 上午5:05:01=====================
Jan 07 05:05:01 
Jan 07 05:05:01 
Jan 07 05:05:01 ******开始【京东账号1】18055698302_p*********
Jan 07 05:05:01 
Jan 07 05:05:02 任务完成成功，获得：0能量
Jan 07 05:05:02 
Jan 07 05:05:02 🔔东东健康社区收集能量收集, 结束! 🕛 1.063 秒
Jan 07 05:05:02 
Jan 07 05:25:00 
Jan 07 05:25:00 🔔东东健康社区收集能量收集, 开始!
Jan 07 05:25:00 
Jan 07 05:25:00 ====================共1个京东账号Cookie=========
Jan 07 05:25:00 
Jan 07 05:25:00 ==================脚本执行- 北京时间(UTC+8)：2022/1/7 上午5:25:00=====================
Jan 07 05:25:00 
Jan 07 05:25:00 
Jan 07 05:25:00 ******开始【京东账号1】18055698302_p*********
Jan 07 05:25:00 
Jan 07 05:25:01 任务完成成功，获得：0能量
Jan 07 05:25:01 
Jan 07 05:25:01 🔔东东健康社区收集能量收集, 结束! 🕛 0.389 秒
Jan 07 05:25:01 
Jan 07 05:45:00 
Jan 07 05:45:00 🔔东东健康社区收集能量收集, 开始!
Jan 07 05:45:00 
Jan 07 05:45:00 ====================共1个京东账号Cookie=========
Jan 07 05:45:00 
Jan 07 05:45:00 ==================脚本执行- 北京时间(UTC+8)：2022/1/7 上午5:45:00=====================
Jan 07 05:45:00 
Jan 07 05:45:00 
Jan 07 05:45:00 ******开始【京东账号1】18055698302_p*********
Jan 07 05:45:00 
Jan 07 05:45:01 任务完成成功，获得：0能量
Jan 07 05:45:01 
Jan 07 05:45:01 🔔东东健康社区收集能量收集, 结束! 🕛 0.435 秒
Jan 07 05:45:01 
Jan 07 06:05:01 
Jan 07 06:05:01 🔔东东健康社区收集能量收集, 开始!
Jan 07 06:05:01 
Jan 07 06:05:01 ====================共1个京东账号Cookie=========
Jan 07 06:05:01 
Jan 07 06:05:01 ==================脚本执行- 北京时间(UTC+8)：2022/1/7 上午6:05:01=====================
Jan 07 06:05:01 
Jan 07 06:05:01 
Jan 07 06:05:01 ******开始【京东账号1】18055698302_p*********
Jan 07 06:05:01 
Jan 07 06:05:02 任务完成成功，获得：0能量
Jan 07 06:05:02 
Jan 07 06:05:02 🔔东东健康社区收集能量收集, 结束! 🕛 1.163 秒
Jan 07 06:05:02 
Jan 07 06:25:00 
Jan 07 06:25:00 🔔东东健康社区收集能量收集, 开始!
Jan 07 06:25:01 
Jan 07 06:25:01 ====================共1个京东账号Cookie=========
Jan 07 06:25:01 
Jan 07 06:25:01 ==================脚本执行- 北京时间(UTC+8)：2022/1/7 上午6:25:01=====================
Jan 07 06:25:01 
Jan 07 06:25:01 
Jan 07 06:25:01 ******开始【京东账号1】18055698302_p*********
Jan 07 06:25:01 
Jan 07 06:25:01 任务完成成功，获得：0能量
Jan 07 06:25:01 
Jan 07 06:25:01 🔔东东健康社区收集能量收集, 结束! 🕛 0.48 秒
Jan 07 06:25:01 
Jan 07 06:45:01 
Jan 07 06:45:01 🔔东东健康社区收集能量收集, 开始!
Jan 07 06:45:01 
Jan 07 06:45:01 ====================共1个京东账号Cookie=========
Jan 07 06:45:01 
Jan 07 06:45:01 ==================脚本执行- 北京时间(UTC+8)：2022/1/7 上午6:45:01=====================
Jan 07 06:45:01 
Jan 07 06:45:01 
Jan 07 06:45:01 ******开始【京东账号1】18055698302_p*********
Jan 07 06:45:01 
Jan 07 06:45:02 任务完成成功，获得：0能量
Jan 07 06:45:02 
Jan 07 06:45:02 🔔东东健康社区收集能量收集, 结束! 🕛 0.709 秒
Jan 07 06:45:02 
Jan 07 07:05:01 
Jan 07 07:05:01 🔔东东健康社区收集能量收集, 开始!
Jan 07 07:05:01 
Jan 07 07:05:01 ====================共1个京东账号Cookie=========
Jan 07 07:05:01 
Jan 07 07:05:01 ==================脚本执行- 北京时间(UTC+8)：2022/1/7 上午7:05:01=====================
Jan 07 07:05:01 
Jan 07 07:05:01 
Jan 07 07:05:01 ******开始【京东账号1】18055698302_p*********
Jan 07 07:05:01 
Jan 07 07:05:02 任务完成成功，获得：0能量
Jan 07 07:05:02 
Jan 07 07:05:02 🔔东东健康社区收集能量收集, 结束! 🕛 0.878 秒
Jan 07 07:05:02 
Jan 07 07:25:01 
Jan 07 07:25:01 🔔东东健康社区收集能量收集, 开始!
Jan 07 07:25:01 
Jan 07 07:25:01 ====================共1个京东账号Cookie=========
Jan 07 07:25:01 
Jan 07 07:25:01 ==================脚本执行- 北京时间(UTC+8)：2022/1/7 上午7:25:01=====================
Jan 07 07:25:01 
Jan 07 07:25:01 
Jan 07 07:25:01 ******开始【京东账号1】18055698302_p*********
Jan 07 07:25:01 
Jan 07 07:25:01 任务完成成功，获得：0能量
Jan 07 07:25:01 
Jan 07 07:25:01 🔔东东健康社区收集能量收集, 结束! 🕛 0.399 秒
Jan 07 07:25:01 
Jan 07 07:45:00 
Jan 07 07:45:00 🔔东东健康社区收集能量收集, 开始!
Jan 07 07:45:00 
Jan 07 07:45:00 ====================共1个京东账号Cookie=========
Jan 07 07:45:00 
Jan 07 07:45:00 ==================脚本执行- 北京时间(UTC+8)：2022/1/7 上午7:45:00=====================
Jan 07 07:45:00 
Jan 07 07:45:00 
Jan 07 07:45:00 ******开始【京东账号1】18055698302_p*********
Jan 07 07:45:00 
Jan 07 07:45:00 任务完成成功，获得：0能量
Jan 07 07:45:00 
Jan 07 07:45:00 🔔东东健康社区收集能量收集, 结束! 🕛 0.719 秒
Jan 07 07:45:00 
Jan 07 08:05:00 
Jan 07 08:05:00 🔔东东健康社区收集能量收集, 开始!
Jan 07 08:05:00 
Jan 07 08:05:00 ====================共1个京东账号Cookie=========
Jan 07 08:05:00 
Jan 07 08:05:01 ==================脚本执行- 北京时间(UTC+8)：2022/1/7 上午8:05:00=====================
Jan 07 08:05:01 
Jan 07 08:05:01 
Jan 07 08:05:01 ******开始【京东账号1】18055698302_p*********
Jan 07 08:05:01 
Jan 07 08:05:03 任务完成成功，获得：0能量
Jan 07 08:05:03 
Jan 07 08:05:03 🔔东东健康社区收集能量收集, 结束! 🕛 2.537 秒
Jan 07 08:05:03 
Jan 07 08:25:00 
Jan 07 08:25:00 🔔东东健康社区收集能量收集, 开始!
Jan 07 08:25:00 
Jan 07 08:25:00 ====================共1个京东账号Cookie=========
Jan 07 08:25:00 
Jan 07 08:25:00 ==================脚本执行- 北京时间(UTC+8)：2022/1/7 上午8:25:00=====================
Jan 07 08:25:00 
Jan 07 08:25:00 
Jan 07 08:25:00 ******开始【京东账号1】18055698302_p*********
Jan 07 08:25:00 
Jan 07 08:25:00 任务完成成功，获得：0能量
Jan 07 08:25:00 
Jan 07 08:25:00 🔔东东健康社区收集能量收集, 结束! 🕛 0.746 秒
Jan 07 08:25:00 
Jan 07 08:45:00 
Jan 07 08:45:00 🔔东东健康社区收集能量收集, 开始!
Jan 07 08:45:00 
Jan 07 08:45:00 ====================共1个京东账号Cookie=========
Jan 07 08:45:00 
Jan 07 08:45:00 ==================脚本执行- 北京时间(UTC+8)：2022/1/7 上午8:45:00=====================
Jan 07 08:45:00 
Jan 07 08:45:00 
Jan 07 08:45:00 ******开始【京东账号1】18055698302_p*********
Jan 07 08:45:00 
Jan 07 08:45:00 任务完成成功，获得：0能量
Jan 07 08:45:00 
Jan 07 08:45:00 🔔东东健康社区收集能量收集, 结束! 🕛 0.645 秒
Jan 07 08:45:00 
Jan 07 09:05:00 
Jan 07 09:05:00 🔔东东健康社区收集能量收集, 开始!
Jan 07 09:05:00 
Jan 07 09:05:00 ====================共1个京东账号Cookie=========
Jan 07 09:05:00 
Jan 07 09:05:00 ==================脚本执行- 北京时间(UTC+8)：2022/1/7 上午9:05:00=====================
Jan 07 09:05:00 
Jan 07 09:05:00 
Jan 07 09:05:00 ******开始【京东账号1】18055698302_p*********
Jan 07 09:05:00 
Jan 07 09:05:02 任务完成成功，获得：0能量
Jan 07 09:05:02 
Jan 07 09:05:02 🔔东东健康社区收集能量收集, 结束! 🕛 1.637 秒
Jan 07 09:05:02 
Jan 07 09:25:00 
Jan 07 09:25:00 🔔东东健康社区收集能量收集, 开始!
Jan 07 09:25:00 
Jan 07 09:25:00 ====================共1个京东账号Cookie=========
Jan 07 09:25:00 
Jan 07 09:25:00 ==================脚本执行- 北京时间(UTC+8)：2022/1/7 上午9:25:00=====================
Jan 07 09:25:00 
Jan 07 09:25:00 
Jan 07 09:25:00 ******开始【京东账号1】18055698302_p*********
Jan 07 09:25:00 
Jan 07 09:25:00 任务完成成功，获得：0能量
Jan 07 09:25:00 
Jan 07 09:25:00 🔔东东健康社区收集能量收集, 结束! 🕛 0.683 秒
Jan 07 09:25:00 
Jan 07 09:45:00 
Jan 07 09:45:00 🔔东东健康社区收集能量收集, 开始!
Jan 07 09:45:00 
Jan 07 09:45:00 ====================共1个京东账号Cookie=========
Jan 07 09:45:00 
Jan 07 09:45:00 ==================脚本执行- 北京时间(UTC+8)：2022/1/7 上午9:45:00=====================
Jan 07 09:45:00 
Jan 07 09:45:00 
Jan 07 09:45:00 ******开始【京东账号1】18055698302_p*********
Jan 07 09:45:00 
Jan 07 09:45:00 任务完成成功，获得：0能量
Jan 07 09:45:00 
Jan 07 09:45:00 🔔东东健康社区收集能量收集, 结束! 🕛 0.643 秒
Jan 07 09:45:00 
Jan 07 10:05:00 
Jan 07 10:05:00 🔔东东健康社区收集能量收集, 开始!
Jan 07 10:05:00 
Jan 07 10:05:00 ====================共1个京东账号Cookie=========
Jan 07 10:05:00 
Jan 07 10:05:00 ==================脚本执行- 北京时间(UTC+8)：2022/1/7 上午10:05:00=====================
Jan 07 10:05:00 
Jan 07 10:05:00 
Jan 07 10:05:00 ******开始【京东账号1】18055698302_p*********
Jan 07 10:05:00 
Jan 07 10:05:02 任务完成成功，获得：0能量
Jan 07 10:05:02 
Jan 07 10:05:02 🔔东东健康社区收集能量收集, 结束! 🕛 1.573 秒
Jan 07 10:05:02 
Jan 07 10:25:00 
Jan 07 10:25:00 🔔东东健康社区收集能量收集, 开始!
Jan 07 10:25:00 
Jan 07 10:25:00 ====================共1个京东账号Cookie=========
Jan 07 10:25:00 
Jan 07 10:25:00 ==================脚本执行- 北京时间(UTC+8)：2022/1/7 上午10:25:00=====================
Jan 07 10:25:00 
Jan 07 10:25:00 
Jan 07 10:25:00 ******开始【京东账号1】18055698302_p*********
Jan 07 10:25:00 
Jan 07 10:25:01 任务完成成功，获得：0能量
Jan 07 10:25:01 
Jan 07 10:25:01 🔔东东健康社区收集能量收集, 结束! 🕛 0.656 秒
Jan 07 10:25:01 
Jan 07 10:45:00 
Jan 07 10:45:00 🔔东东健康社区收集能量收集, 开始!
Jan 07 10:45:00 
Jan 07 10:45:00 ====================共1个京东账号Cookie=========
Jan 07 10:45:00 
Jan 07 10:45:00 ==================脚本执行- 北京时间(UTC+8)：2022/1/7 上午10:45:00=====================
Jan 07 10:45:00 
Jan 07 10:45:00 
Jan 07 10:45:00 ******开始【京东账号1】18055698302_p*********
Jan 07 10:45:00 
Jan 07 10:45:01 任务完成成功，获得：0能量
Jan 07 10:45:01 
Jan 07 10:45:01 🔔东东健康社区收集能量收集, 结束! 🕛 0.766 秒
Jan 07 10:45:01 
Jan 07 11:05:00 
Jan 07 11:05:00 🔔东东健康社区收集能量收集, 开始!
Jan 07 11:05:00 
Jan 07 11:05:00 ====================共1个京东账号Cookie=========
Jan 07 11:05:00 
Jan 07 11:05:00 ==================脚本执行- 北京时间(UTC+8)：2022/1/7 上午11:05:00=====================
Jan 07 11:05:00 
Jan 07 11:05:00 
Jan 07 11:05:00 ******开始【京东账号1】18055698302_p*********
Jan 07 11:05:00 
Jan 07 11:05:02 任务完成成功，获得：0能量
Jan 07 11:05:02 
Jan 07 11:05:02 🔔东东健康社区收集能量收集, 结束! 🕛 1.739 秒
Jan 07 11:05:02 
Jan 07 11:25:00 
Jan 07 11:25:00 🔔东东健康社区收集能量收集, 开始!
Jan 07 11:25:00 
Jan 07 11:25:00 ====================共1个京东账号Cookie=========
Jan 07 11:25:00 
Jan 07 11:25:00 ==================脚本执行- 北京时间(UTC+8)：2022/1/7 上午11:25:00=====================
Jan 07 11:25:00 
Jan 07 11:25:00 
Jan 07 11:25:00 ******开始【京东账号1】18055698302_p*********
Jan 07 11:25:00 
Jan 07 11:25:00 任务完成成功，获得：0能量
Jan 07 11:25:00 
Jan 07 11:25:00 🔔东东健康社区收集能量收集, 结束! 🕛 0.55 秒
Jan 07 11:25:00 
Jan 07 11:45:00 
Jan 07 11:45:00 🔔东东健康社区收集能量收集, 开始!
Jan 07 11:45:00 
Jan 07 11:45:00 ====================共1个京东账号Cookie=========
Jan 07 11:45:00 
Jan 07 11:45:00 ==================脚本执行- 北京时间(UTC+8)：2022/1/7 上午11:45:00=====================
Jan 07 11:45:00 
Jan 07 11:45:00 
Jan 07 11:45:00 ******开始【京东账号1】18055698302_p*********
Jan 07 11:45:00 
Jan 07 11:45:01 任务完成成功，获得：0能量
Jan 07 11:45:01 
Jan 07 11:45:01 🔔东东健康社区收集能量收集, 结束! 🕛 0.573 秒
Jan 07 11:45:01 
Jan 07 12:05:00 
Jan 07 12:05:00 🔔东东健康社区收集能量收集, 开始!
Jan 07 12:05:00 
Jan 07 12:05:00 ====================共1个京东账号Cookie=========
Jan 07 12:05:00 
Jan 07 12:05:00 ==================脚本执行- 北京时间(UTC+8)：2022/1/7 下午12:05:00=====================
Jan 07 12:05:00 
Jan 07 12:05:00 
Jan 07 12:05:00 ******开始【京东账号1】18055698302_p*********
Jan 07 12:05:00 
Jan 07 12:05:02 任务完成成功，获得：0能量
Jan 07 12:05:02 
Jan 07 12:05:02 🔔东东健康社区收集能量收集, 结束! 🕛 1.578 秒
Jan 07 12:05:02 
Jan 07 12:25:00 
Jan 07 12:25:00 🔔东东健康社区收集能量收集, 开始!
Jan 07 12:25:00 
Jan 07 12:25:00 ====================共1个京东账号Cookie=========
Jan 07 12:25:00 
Jan 07 12:25:00 ==================脚本执行- 北京时间(UTC+8)：2022/1/7 下午12:25:00=====================
Jan 07 12:25:00 
Jan 07 12:25:00 
Jan 07 12:25:00 ******开始【京东账号1】18055698302_p*********
Jan 07 12:25:00 
Jan 07 12:25:01 任务完成成功，获得：0能量
Jan 07 12:25:01 
Jan 07 12:25:01 🔔东东健康社区收集能量收集, 结束! 🕛 0.515 秒
Jan 07 12:25:01 
Jan 07 12:45:00 
Jan 07 12:45:00 🔔东东健康社区收集能量收集, 开始!
Jan 07 12:45:00 
Jan 07 12:45:00 ====================共1个京东账号Cookie=========
Jan 07 12:45:00 
Jan 07 12:45:01 ==================脚本执行- 北京时间(UTC+8)：2022/1/7 下午12:45:00=====================
Jan 07 12:45:01 
Jan 07 12:45:01 
Jan 07 12:45:01 ******开始【京东账号1】18055698302_p*********
Jan 07 12:45:01 
Jan 07 12:45:02 任务完成成功，获得：0能量
Jan 07 12:45:02 
Jan 07 12:45:02 🔔东东健康社区收集能量收集, 结束! 🕛 1.453 秒
Jan 07 12:45:02 
Jan 07 13:05:00 
Jan 07 13:05:00 🔔东东健康社区收集能量收集, 开始!
Jan 07 13:05:00 
Jan 07 13:05:00 ====================共1个京东账号Cookie=========
Jan 07 13:05:00 
Jan 07 13:05:00 ==================脚本执行- 北京时间(UTC+8)：2022/1/7 下午1:05:00=====================
Jan 07 13:05:00 
Jan 07 13:05:00 
Jan 07 13:05:00 ******开始【京东账号1】18055698302_p*********
Jan 07 13:05:00 
Jan 07 13:05:02 任务完成成功，获得：0能量
Jan 07 13:05:02 
Jan 07 13:05:02 🔔东东健康社区收集能量收集, 结束! 🕛 1.417 秒
Jan 07 13:05:02 
Jan 07 13:25:00 
Jan 07 13:25:00 🔔东东健康社区收集能量收集, 开始!
Jan 07 13:25:00 
Jan 07 13:25:00 ====================共1个京东账号Cookie=========
Jan 07 13:25:00 
Jan 07 13:25:00 ==================脚本执行- 北京时间(UTC+8)：2022/1/7 下午1:25:00=====================
Jan 07 13:25:00 
Jan 07 13:25:00 
Jan 07 13:25:00 ******开始【京东账号1】18055698302_p*********
Jan 07 13:25:00 
Jan 07 13:25:01 任务完成成功，获得：0能量
Jan 07 13:25:01 
Jan 07 13:25:01 🔔东东健康社区收集能量收集, 结束! 🕛 0.465 秒
Jan 07 13:25:01 
Jan 07 13:45:00 
Jan 07 13:45:00 🔔东东健康社区收集能量收集, 开始!
Jan 07 13:45:00 
Jan 07 13:45:00 ====================共1个京东账号Cookie=========
Jan 07 13:45:00 
Jan 07 13:45:00 ==================脚本执行- 北京时间(UTC+8)：2022/1/7 下午1:45:00=====================
Jan 07 13:45:00 
Jan 07 13:45:00 
Jan 07 13:45:00 ******开始【京东账号1】18055698302_p*********
Jan 07 13:45:00 
Jan 07 13:45:00 任务完成成功，获得：0能量
Jan 07 13:45:00 
Jan 07 13:45:00 🔔东东健康社区收集能量收集, 结束! 🕛 0.417 秒
Jan 07 13:45:00 
Jan 07 14:05:00 
Jan 07 14:05:00 🔔东东健康社区收集能量收集, 开始!
Jan 07 14:05:00 
Jan 07 14:05:00 ====================共1个京东账号Cookie=========
Jan 07 14:05:00 
Jan 07 14:05:01 ==================脚本执行- 北京时间(UTC+8)：2022/1/7 下午2:05:00=====================
Jan 07 14:05:01 
Jan 07 14:05:01 
Jan 07 14:05:01 ******开始【京东账号1】18055698302_p*********
Jan 07 14:05:01 
Jan 07 14:05:02 任务完成成功，获得：0能量
Jan 07 14:05:02 
Jan 07 14:05:02 🔔东东健康社区收集能量收集, 结束! 🕛 1.452 秒
Jan 07 14:05:02 
Jan 07 14:25:00 
Jan 07 14:25:00 🔔东东健康社区收集能量收集, 开始!
Jan 07 14:25:00 
Jan 07 14:25:00 ====================共1个京东账号Cookie=========
Jan 07 14:25:00 
Jan 07 14:25:00 ==================脚本执行- 北京时间(UTC+8)：2022/1/7 下午2:25:00=====================
Jan 07 14:25:00 
Jan 07 14:25:00 
Jan 07 14:25:00 ******开始【京东账号1】18055698302_p*********
Jan 07 14:25:00 
Jan 07 14:25:01 任务完成成功，获得：0能量
Jan 07 14:25:01 
Jan 07 14:25:01 🔔东东健康社区收集能量收集, 结束! 🕛 0.42 秒
Jan 07 14:25:01 
Jan 07 14:45:00 
Jan 07 14:45:00 🔔东东健康社区收集能量收集, 开始!
Jan 07 14:45:00 
Jan 07 14:45:00 ====================共1个京东账号Cookie=========
Jan 07 14:45:00 
Jan 07 14:45:00 ==================脚本执行- 北京时间(UTC+8)：2022/1/7 下午2:45:00=====================
Jan 07 14:45:00 
Jan 07 14:45:00 
Jan 07 14:45:00 ******开始【京东账号1】18055698302_p*********
Jan 07 14:45:00 
Jan 07 14:45:01 任务完成成功，获得：0能量
Jan 07 14:45:01 
Jan 07 14:45:01 🔔东东健康社区收集能量收集, 结束! 🕛 0.422 秒
Jan 07 14:45:01 
Jan 07 15:05:01 
Jan 07 15:05:01 🔔东东健康社区收集能量收集, 开始!
Jan 07 15:05:01 
Jan 07 15:05:01 ====================共1个京东账号Cookie=========
Jan 07 15:05:01 
Jan 07 15:05:01 ==================脚本执行- 北京时间(UTC+8)：2022/1/7 下午3:05:01=====================
Jan 07 15:05:01 
Jan 07 15:05:01 
Jan 07 15:05:01 ******开始【京东账号1】18055698302_p*********
Jan 07 15:05:01 
Jan 07 15:05:02 任务完成成功，获得：0能量
Jan 07 15:05:02 
Jan 07 15:05:02 🔔东东健康社区收集能量收集, 结束! 🕛 1.222 秒
Jan 07 15:05:02 
Jan 07 15:25:00 
Jan 07 15:25:00 🔔东东健康社区收集能量收集, 开始!
Jan 07 15:25:00 
Jan 07 15:25:00 ====================共1个京东账号Cookie=========
Jan 07 15:25:00 
Jan 07 15:25:00 ==================脚本执行- 北京时间(UTC+8)：2022/1/7 下午3:25:00=====================
Jan 07 15:25:00 
Jan 07 15:25:00 
Jan 07 15:25:00 ******开始【京东账号1】18055698302_p*********
Jan 07 15:25:00 
Jan 07 15:25:01 任务完成成功，获得：0能量
Jan 07 15:25:01 
Jan 07 15:25:01 🔔东东健康社区收集能量收集, 结束! 🕛 0.483 秒
Jan 07 15:25:01 
Jan 07 15:45:00 
Jan 07 15:45:00 🔔东东健康社区收集能量收集, 开始!
Jan 07 15:45:00 
Jan 07 15:45:00 ====================共1个京东账号Cookie=========
Jan 07 15:45:00 
Jan 07 15:45:00 ==================脚本执行- 北京时间(UTC+8)：2022/1/7 下午3:45:00=====================
Jan 07 15:45:00 
Jan 07 15:45:00 
Jan 07 15:45:00 ******开始【京东账号1】18055698302_p*********
Jan 07 15:45:00 
Jan 07 15:45:01 任务完成成功，获得：0能量
Jan 07 15:45:01 
Jan 07 15:45:01 🔔东东健康社区收集能量收集, 结束! 🕛 0.458 秒
Jan 07 15:45:01 
Jan 07 16:05:01 
Jan 07 16:05:01 🔔东东健康社区收集能量收集, 开始!
Jan 07 16:05:01 
Jan 07 16:05:01 ====================共1个京东账号Cookie=========
Jan 07 16:05:01 
Jan 07 16:05:01 ==================脚本执行- 北京时间(UTC+8)：2022/1/7 下午4:05:01=====================
Jan 07 16:05:01 
Jan 07 16:05:01 
Jan 07 16:05:01 ******开始【京东账号1】18055698302_p*********
Jan 07 16:05:01 
Jan 07 16:05:02 任务完成成功，获得：0能量
Jan 07 16:05:02 
Jan 07 16:05:02 🔔东东健康社区收集能量收集, 结束! 🕛 1.363 秒
Jan 07 16:05:02 
Jan 07 16:25:00 
Jan 07 16:25:00 🔔东东健康社区收集能量收集, 开始!
Jan 07 16:25:00 
Jan 07 16:25:00 ====================共1个京东账号Cookie=========
Jan 07 16:25:00 
Jan 07 16:25:00 ==================脚本执行- 北京时间(UTC+8)：2022/1/7 下午4:25:00=====================
Jan 07 16:25:00 
Jan 07 16:25:00 
Jan 07 16:25:00 ******开始【京东账号1】18055698302_p*********
Jan 07 16:25:00 
Jan 07 16:25:01 任务完成成功，获得：0能量
Jan 07 16:25:01 
Jan 07 16:25:01 🔔东东健康社区收集能量收集, 结束! 🕛 0.428 秒
Jan 07 16:25:01 
Jan 07 16:45:00 
Jan 07 16:45:00 🔔东东健康社区收集能量收集, 开始!
Jan 07 16:45:00 
Jan 07 16:45:00 ====================共1个京东账号Cookie=========
Jan 07 16:45:00 
Jan 07 16:45:00 ==================脚本执行- 北京时间(UTC+8)：2022/1/7 下午4:45:00=====================
Jan 07 16:45:00 
Jan 07 16:45:00 
Jan 07 16:45:00 ******开始【京东账号1】18055698302_p*********
Jan 07 16:45:00 
Jan 07 16:45:01 任务完成成功，获得：0能量
Jan 07 16:45:01 
Jan 07 16:45:01 🔔东东健康社区收集能量收集, 结束! 🕛 0.407 秒
Jan 07 16:45:01 
Jan 07 17:05:01 
Jan 07 17:05:01 🔔东东健康社区收集能量收集, 开始!
Jan 07 17:05:01 
Jan 07 17:05:01 ====================共1个京东账号Cookie=========
Jan 07 17:05:01 
Jan 07 17:05:01 ==================脚本执行- 北京时间(UTC+8)：2022/1/7 下午5:05:01=====================
Jan 07 17:05:01 
Jan 07 17:05:01 
Jan 07 17:05:01 ******开始【京东账号1】18055698302_p*********
Jan 07 17:05:01 
Jan 07 17:05:02 任务完成成功，获得：0能量
Jan 07 17:05:02 
Jan 07 17:05:02 🔔东东健康社区收集能量收集, 结束! 🕛 1.199 秒
Jan 07 17:05:02 
Jan 07 17:25:00 
Jan 07 17:25:00 🔔东东健康社区收集能量收集, 开始!
Jan 07 17:25:00 
Jan 07 17:25:00 ====================共1个京东账号Cookie=========
Jan 07 17:25:00 
Jan 07 17:25:00 ==================脚本执行- 北京时间(UTC+8)：2022/1/7 下午5:25:00=====================
Jan 07 17:25:00 
Jan 07 17:25:00 
Jan 07 17:25:00 ******开始【京东账号1】18055698302_p*********
Jan 07 17:25:00 
Jan 07 17:25:01 任务完成成功，获得：0能量
Jan 07 17:25:01 
Jan 07 17:25:01 🔔东东健康社区收集能量收集, 结束! 🕛 0.381 秒
Jan 07 17:25:01 
Jan 07 17:45:00 
Jan 07 17:45:00 🔔东东健康社区收集能量收集, 开始!
Jan 07 17:45:00 
Jan 07 17:45:00 ====================共1个京东账号Cookie=========
Jan 07 17:45:00 
Jan 07 17:45:00 ==================脚本执行- 北京时间(UTC+8)：2022/1/7 下午5:45:00=====================
Jan 07 17:45:00 
Jan 07 17:45:00 
Jan 07 17:45:00 ******开始【京东账号1】18055698302_p*********
Jan 07 17:45:00 
Jan 07 17:45:01 任务完成成功，获得：0能量
Jan 07 17:45:01 
Jan 07 17:45:01 🔔东东健康社区收集能量收集, 结束! 🕛 0.378 秒
Jan 07 17:45:01 
Jan 07 18:05:01 
Jan 07 18:05:01 🔔东东健康社区收集能量收集, 开始!
Jan 07 18:05:01 
Jan 07 18:05:01 ====================共1个京东账号Cookie=========
Jan 07 18:05:01 
Jan 07 18:05:01 ==================脚本执行- 北京时间(UTC+8)：2022/1/7 下午6:05:01=====================
Jan 07 18:05:01 
Jan 07 18:05:01 
Jan 07 18:05:01 ******开始【京东账号1】18055698302_p*********
Jan 07 18:05:01 
Jan 07 18:05:02 任务完成成功，获得：0能量
Jan 07 18:05:02 
Jan 07 18:05:02 🔔东东健康社区收集能量收集, 结束! 🕛 1.476 秒
Jan 07 18:05:02 
Jan 07 18:25:00 
Jan 07 18:25:00 🔔东东健康社区收集能量收集, 开始!
Jan 07 18:25:00 
Jan 07 18:25:00 ====================共1个京东账号Cookie=========
Jan 07 18:25:00 
Jan 07 18:25:00 ==================脚本执行- 北京时间(UTC+8)：2022/1/7 下午6:25:00=====================
Jan 07 18:25:00 
Jan 07 18:25:00 
Jan 07 18:25:00 ******开始【京东账号1】18055698302_p*********
Jan 07 18:25:00 
Jan 07 18:25:01 任务完成成功，获得：0能量
Jan 07 18:25:01 
Jan 07 18:25:01 🔔东东健康社区收集能量收集, 结束! 🕛 0.398 秒
Jan 07 18:25:01 
Jan 07 18:45:01 
Jan 07 18:45:01 🔔东东健康社区收集能量收集, 开始!
Jan 07 18:45:01 
Jan 07 18:45:01 ====================共1个京东账号Cookie=========
Jan 07 18:45:01 
Jan 07 18:45:01 ==================脚本执行- 北京时间(UTC+8)：2022/1/7 下午6:45:01=====================
Jan 07 18:45:01 
Jan 07 18:45:01 
Jan 07 18:45:01 ******开始【京东账号1】18055698302_p*********
Jan 07 18:45:01 
Jan 07 18:45:02 任务完成成功，获得：0能量
Jan 07 18:45:02 
Jan 07 18:45:02 🔔东东健康社区收集能量收集, 结束! 🕛 0.782 秒
Jan 07 18:45:02 
Jan 07 19:05:01 
Jan 07 19:05:01 🔔东东健康社区收集能量收集, 开始!
Jan 07 19:05:01 
Jan 07 19:05:01 ====================共1个京东账号Cookie=========
Jan 07 19:05:01 
Jan 07 19:05:01 ==================脚本执行- 北京时间(UTC+8)：2022/1/7 下午7:05:01=====================
Jan 07 19:05:01 
Jan 07 19:05:01 
Jan 07 19:05:01 ******开始【京东账号1】18055698302_p*********
Jan 07 19:05:01 
Jan 07 19:05:02 任务完成成功，获得：0能量
Jan 07 19:05:02 
Jan 07 19:05:02 🔔东东健康社区收集能量收集, 结束! 🕛 1.222 秒
Jan 07 19:05:02 
Jan 07 19:25:01 
Jan 07 19:25:01 🔔东东健康社区收集能量收集, 开始!
Jan 07 19:25:01 
Jan 07 19:25:01 ====================共1个京东账号Cookie=========
Jan 07 19:25:01 
Jan 07 19:25:01 ==================脚本执行- 北京时间(UTC+8)：2022/1/7 下午7:25:01=====================
Jan 07 19:25:01 
Jan 07 19:25:01 
Jan 07 19:25:01 ******开始【京东账号1】18055698302_p*********
Jan 07 19:25:01 
Jan 07 19:25:01 任务完成成功，获得：0能量
Jan 07 19:25:01 
Jan 07 19:25:01 🔔东东健康社区收集能量收集, 结束! 🕛 0.343 秒
Jan 07 19:25:01 
Jan 07 19:45:01 
Jan 07 19:45:01 🔔东东健康社区收集能量收集, 开始!
Jan 07 19:45:01 
Jan 07 19:45:01 ====================共1个京东账号Cookie=========
Jan 07 19:45:01 
Jan 07 19:45:01 ==================脚本执行- 北京时间(UTC+8)：2022/1/7 下午7:45:01=====================
Jan 07 19:45:01 
Jan 07 19:45:01 
Jan 07 19:45:01 ******开始【京东账号1】18055698302_p*********
Jan 07 19:45:01 
Jan 07 19:45:01 任务完成成功，获得：0能量
Jan 07 19:45:01 
Jan 07 19:45:01 🔔东东健康社区收集能量收集, 结束! 🕛 0.315 秒
Jan 07 19:45:01 
Jan 07 20:05:01 
Jan 07 20:05:01 🔔东东健康社区收集能量收集, 开始!
Jan 07 20:05:01 
Jan 07 20:05:01 ====================共1个京东账号Cookie=========
Jan 07 20:05:01 
Jan 07 20:05:01 ==================脚本执行- 北京时间(UTC+8)：2022/1/7 下午8:05:01=====================
Jan 07 20:05:01 
Jan 07 20:05:01 
Jan 07 20:05:01 ******开始【京东账号1】18055698302_p*********
Jan 07 20:05:01 
Jan 07 20:05:02 任务完成成功，获得：0能量
Jan 07 20:05:02 
Jan 07 20:05:02 🔔东东健康社区收集能量收集, 结束! 🕛 1.094 秒
Jan 07 20:05:02 
Jan 07 20:25:01 
Jan 07 20:25:01 🔔东东健康社区收集能量收集, 开始!
Jan 07 20:25:01 
Jan 07 20:25:01 ====================共1个京东账号Cookie=========
Jan 07 20:25:01 
Jan 07 20:25:01 ==================脚本执行- 北京时间(UTC+8)：2022/1/7 下午8:25:01=====================
Jan 07 20:25:01 
Jan 07 20:25:01 
Jan 07 20:25:01 ******开始【京东账号1】18055698302_p*********
Jan 07 20:25:01 
Jan 07 20:25:01 任务完成成功，获得：0能量
Jan 07 20:25:01 
Jan 07 20:25:01 🔔东东健康社区收集能量收集, 结束! 🕛 0.299 秒
Jan 07 20:25:01 
Jan 07 20:45:00 
Jan 07 20:45:00 🔔东东健康社区收集能量收集, 开始!
Jan 07 20:45:00 
Jan 07 20:45:00 ====================共1个京东账号Cookie=========
Jan 07 20:45:00 
Jan 07 20:45:00 ==================脚本执行- 北京时间(UTC+8)：2022/1/7 下午8:45:00=====================
Jan 07 20:45:00 
Jan 07 20:45:00 
Jan 07 20:45:00 ******开始【京东账号1】18055698302_p*********
Jan 07 20:45:00 
Jan 07 20:45:00 任务完成成功，获得：0能量
Jan 07 20:45:00 
Jan 07 20:45:00 🔔东东健康社区收集能量收集, 结束! 🕛 0.416 秒
Jan 07 20:45:00 
Jan 07 21:05:00 
Jan 07 21:05:00 🔔东东健康社区收集能量收集, 开始!
Jan 07 21:05:00 
Jan 07 21:05:00 ====================共1个京东账号Cookie=========
Jan 07 21:05:00 
Jan 07 21:05:00 ==================脚本执行- 北京时间(UTC+8)：2022/1/7 下午9:05:00=====================
Jan 07 21:05:00 
Jan 07 21:05:00 
Jan 07 21:05:00 ******开始【京东账号1】18055698302_p*********
Jan 07 21:05:00 
Jan 07 21:05:01 任务完成成功，获得：0能量
Jan 07 21:05:01 
Jan 07 21:05:01 🔔东东健康社区收集能量收集, 结束! 🕛 1.324 秒
Jan 07 21:05:01 
Jan 07 21:25:00 
Jan 07 21:25:00 🔔东东健康社区收集能量收集, 开始!
Jan 07 21:25:00 
Jan 07 21:25:00 ====================共1个京东账号Cookie=========
Jan 07 21:25:00 
Jan 07 21:25:00 ==================脚本执行- 北京时间(UTC+8)：2022/1/7 下午9:25:00=====================
Jan 07 21:25:00 
Jan 07 21:25:00 
Jan 07 21:25:00 ******开始【京东账号1】18055698302_p*********
Jan 07 21:25:00 
Jan 07 21:25:00 任务完成成功，获得：0能量
Jan 07 21:25:00 
Jan 07 21:25:00 🔔东东健康社区收集能量收集, 结束! 🕛 0.41 秒
Jan 07 21:25:00 
Jan 07 21:45:00 
Jan 07 21:45:00 🔔东东健康社区收集能量收集, 开始!
Jan 07 21:45:00 
Jan 07 21:45:00 ====================共1个京东账号Cookie=========
Jan 07 21:45:00 
Jan 07 21:45:00 ==================脚本执行- 北京时间(UTC+8)：2022/1/7 下午9:45:00=====================
Jan 07 21:45:00 
Jan 07 21:45:00 
Jan 07 21:45:00 ******开始【京东账号1】18055698302_p*********
Jan 07 21:45:00 
Jan 07 21:45:00 任务完成成功，获得：0能量
Jan 07 21:45:00 
Jan 07 21:45:00 🔔东东健康社区收集能量收集, 结束! 🕛 0.424 秒
Jan 07 21:45:00 
Jan 07 22:05:00 
Jan 07 22:05:00 🔔东东健康社区收集能量收集, 开始!
Jan 07 22:05:00 
Jan 07 22:05:00 ====================共1个京东账号Cookie=========
Jan 07 22:05:00 
Jan 07 22:05:00 ==================脚本执行- 北京时间(UTC+8)：2022/1/7 下午10:05:00=====================
Jan 07 22:05:00 
Jan 07 22:05:00 
Jan 07 22:05:00 ******开始【京东账号1】18055698302_p*********
Jan 07 22:05:00 
Jan 07 22:05:01 任务完成成功，获得：0能量
Jan 07 22:05:01 
Jan 07 22:05:01 🔔东东健康社区收集能量收集, 结束! 🕛 1.319 秒
Jan 07 22:05:01 
Jan 07 22:25:00 
Jan 07 22:25:00 🔔东东健康社区收集能量收集, 开始!
Jan 07 22:25:00 
Jan 07 22:25:00 ====================共1个京东账号Cookie=========
Jan 07 22:25:00 
Jan 07 22:25:00 ==================脚本执行- 北京时间(UTC+8)：2022/1/7 下午10:25:00=====================
Jan 07 22:25:00 
Jan 07 22:25:00 
Jan 07 22:25:00 ******开始【京东账号1】18055698302_p*********
Jan 07 22:25:00 
Jan 07 22:25:00 任务完成成功，获得：0能量
Jan 07 22:25:00 
Jan 07 22:25:00 🔔东东健康社区收集能量收集, 结束! 🕛 0.433 秒
Jan 07 22:25:00 
Jan 07 22:45:00 
Jan 07 22:45:00 🔔东东健康社区收集能量收集, 开始!
Jan 07 22:45:00 
Jan 07 22:45:00 ====================共1个京东账号Cookie=========
Jan 07 22:45:00 
Jan 07 22:45:00 ==================脚本执行- 北京时间(UTC+8)：2022/1/7 下午10:45:00=====================
Jan 07 22:45:00 
Jan 07 22:45:00 
Jan 07 22:45:00 ******开始【京东账号1】18055698302_p*********
Jan 07 22:45:00 
Jan 07 22:45:00 任务完成成功，获得：0能量
Jan 07 22:45:00 
Jan 07 22:45:00 🔔东东健康社区收集能量收集, 结束! 🕛 0.401 秒
Jan 07 22:45:00 
Jan 07 23:05:00 
Jan 07 23:05:00 🔔东东健康社区收集能量收集, 开始!
Jan 07 23:05:00 
Jan 07 23:05:00 ====================共1个京东账号Cookie=========
Jan 07 23:05:00 
Jan 07 23:05:00 ==================脚本执行- 北京时间(UTC+8)：2022/1/7 下午11:05:00=====================
Jan 07 23:05:00 
Jan 07 23:05:00 
Jan 07 23:05:00 ******开始【京东账号1】18055698302_p*********
Jan 07 23:05:00 
Jan 07 23:05:01 任务完成成功，获得：0能量
Jan 07 23:05:01 
Jan 07 23:05:01 🔔东东健康社区收集能量收集, 结束! 🕛 1.501 秒
Jan 07 23:05:01 
Jan 07 23:25:00 
Jan 07 23:25:00 🔔东东健康社区收集能量收集, 开始!
Jan 07 23:25:00 
Jan 07 23:25:00 ====================共1个京东账号Cookie=========
Jan 07 23:25:00 
Jan 07 23:25:00 ==================脚本执行- 北京时间(UTC+8)：2022/1/7 下午11:25:00=====================
Jan 07 23:25:00 
Jan 07 23:25:00 
Jan 07 23:25:00 ******开始【京东账号1】18055698302_p*********
Jan 07 23:25:00 
Jan 07 23:25:00 任务完成成功，获得：0能量
Jan 07 23:25:00 
Jan 07 23:25:00 🔔东东健康社区收集能量收集, 结束! 🕛 0.472 秒
Jan 07 23:25:00 
Jan 07 23:45:00 
Jan 07 23:45:00 🔔东东健康社区收集能量收集, 开始!
Jan 07 23:45:00 
Jan 07 23:45:00 ====================共1个京东账号Cookie=========
Jan 07 23:45:00 
Jan 07 23:45:00 ==================脚本执行- 北京时间(UTC+8)：2022/1/7 下午11:45:00=====================
Jan 07 23:45:00 
Jan 07 23:45:00 
Jan 07 23:45:00 ******开始【京东账号1】18055698302_p*********
Jan 07 23:45:00 
Jan 07 23:45:01 任务完成成功，获得：0能量
Jan 07 23:45:01 
Jan 07 23:45:01 🔔东东健康社区收集能量收集, 结束! 🕛 1.244 秒
Jan 07 23:45:01 
Jan 08 00:05:00 
Jan 08 00:05:00 🔔东东健康社区收集能量收集, 开始!
Jan 08 00:05:00 
Jan 08 00:05:00 ====================共1个京东账号Cookie=========
Jan 08 00:05:00 
Jan 08 00:05:00 ==================脚本执行- 北京时间(UTC+8)：2022/1/8 上午12:05:00=====================
Jan 08 00:05:00 
Jan 08 00:05:00 
Jan 08 00:05:00 ******开始【京东账号1】18055698302_p*********
Jan 08 00:05:00 
Jan 08 00:05:02 任务完成成功，获得：480能量
Jan 08 00:05:02 
Jan 08 00:05:02 🔔东东健康社区收集能量收集, 结束! 🕛 2.307 秒
Jan 08 00:05:02 
Jan 08 00:25:00 
Jan 08 00:25:00 🔔东东健康社区收集能量收集, 开始!
Jan 08 00:25:00 
Jan 08 00:25:00 ====================共1个京东账号Cookie=========
Jan 08 00:25:00 
Jan 08 00:25:00 ==================脚本执行- 北京时间(UTC+8)：2022/1/8 上午12:25:00=====================
Jan 08 00:25:00 
Jan 08 00:25:00 
Jan 08 00:25:00 ******开始【京东账号1】18055698302_p*********
Jan 08 00:25:00 
Jan 08 00:25:00 任务完成成功，获得：478能量
Jan 08 00:25:00 
Jan 08 00:25:00 🔔东东健康社区收集能量收集, 结束! 🕛 0.404 秒
Jan 08 00:25:00 
Jan 08 00:45:00 
Jan 08 00:45:00 🔔东东健康社区收集能量收集, 开始!
Jan 08 00:45:00 
Jan 08 00:45:00 ====================共1个京东账号Cookie=========
Jan 08 00:45:00 
Jan 08 00:45:01 ==================脚本执行- 北京时间(UTC+8)：2022/1/8 上午12:45:00=====================
Jan 08 00:45:01 
Jan 08 00:45:01 
Jan 08 00:45:01 ******开始【京东账号1】18055698302_p*********
Jan 08 00:45:01 
Jan 08 00:45:02 任务完成成功，获得：396能量
Jan 08 00:45:03 
Jan 08 00:45:03 🔔东东健康社区收集能量收集, 结束! 🕛 2.325 秒
Jan 08 00:45:03 
Jan 08 01:05:00 
Jan 08 01:05:00 🔔东东健康社区收集能量收集, 开始!
Jan 08 01:05:00 
Jan 08 01:05:00 ====================共1个京东账号Cookie=========
Jan 08 01:05:00 
Jan 08 01:05:01 ==================脚本执行- 北京时间(UTC+8)：2022/1/8 上午1:05:00=====================
Jan 08 01:05:01 
Jan 08 01:05:01 
Jan 08 01:05:01 ******开始【京东账号1】18055698302_p*********
Jan 08 01:05:01 
Jan 08 01:05:03 任务完成成功，获得：480能量
Jan 08 01:05:03 
Jan 08 01:05:03 🔔东东健康社区收集能量收集, 结束! 🕛 3.037 秒
Jan 08 01:05:03 
Jan 08 01:25:00 
Jan 08 01:25:00 🔔东东健康社区收集能量收集, 开始!
Jan 08 01:25:00 
Jan 08 01:25:00 ====================共1个京东账号Cookie=========
Jan 08 01:25:00 
Jan 08 01:25:00 ==================脚本执行- 北京时间(UTC+8)：2022/1/8 上午1:25:00=====================
Jan 08 01:25:00 
Jan 08 01:25:00 
Jan 08 01:25:00 ******开始【京东账号1】18055698302_p*********
Jan 08 01:25:00 
Jan 08 01:25:00 任务完成成功，获得：478能量
Jan 08 01:25:00 
Jan 08 01:25:00 🔔东东健康社区收集能量收集, 结束! 🕛 0.403 秒
Jan 08 01:25:00 
Jan 08 01:45:00 
Jan 08 01:45:00 🔔东东健康社区收集能量收集, 开始!
Jan 08 01:45:00 
Jan 08 01:45:00 ====================共1个京东账号Cookie=========
Jan 08 01:45:00 
Jan 08 01:45:00 ==================脚本执行- 北京时间(UTC+8)：2022/1/8 上午1:45:00=====================
Jan 08 01:45:00 
Jan 08 01:45:00 
Jan 08 01:45:00 ******开始【京东账号1】18055698302_p*********
Jan 08 01:45:00 
Jan 08 01:45:00 任务完成成功，获得：480能量
Jan 08 01:45:00 
Jan 08 01:45:00 🔔东东健康社区收集能量收集, 结束! 🕛 0.42 秒
Jan 08 01:45:00 
Jan 08 02:05:00 
Jan 08 02:05:00 🔔东东健康社区收集能量收集, 开始!
Jan 08 02:05:00 
Jan 08 02:05:00 ====================共1个京东账号Cookie=========
Jan 08 02:05:00 
Jan 08 02:05:00 ==================脚本执行- 北京时间(UTC+8)：2022/1/8 上午2:05:00=====================
Jan 08 02:05:00 
Jan 08 02:05:00 
Jan 08 02:05:00 ******开始【京东账号1】18055698302_p*********
Jan 08 02:05:00 
Jan 08 02:05:02 任务完成成功，获得：480能量
Jan 08 02:05:02 
Jan 08 02:05:02 🔔东东健康社区收集能量收集, 结束! 🕛 1.499 秒
Jan 08 02:05:02 
Jan 08 02:25:00 
Jan 08 02:25:00 🔔东东健康社区收集能量收集, 开始!
Jan 08 02:25:00 
Jan 08 02:25:00 ====================共1个京东账号Cookie=========
Jan 08 02:25:00 
Jan 08 02:25:00 ==================脚本执行- 北京时间(UTC+8)：2022/1/8 上午2:25:00=====================
Jan 08 02:25:00 
Jan 08 02:25:00 
Jan 08 02:25:00 ******开始【京东账号1】18055698302_p*********
Jan 08 02:25:00 
Jan 08 02:25:00 任务完成成功，获得：478能量
Jan 08 02:25:00 
Jan 08 02:25:00 🔔东东健康社区收集能量收集, 结束! 🕛 0.331 秒
Jan 08 02:25:00 
Jan 08 02:45:00 
Jan 08 02:45:00 🔔东东健康社区收集能量收集, 开始!
Jan 08 02:45:00 
Jan 08 02:45:00 ====================共1个京东账号Cookie=========
Jan 08 02:45:00 
Jan 08 02:45:00 ==================脚本执行- 北京时间(UTC+8)：2022/1/8 上午2:45:00=====================
Jan 08 02:45:00 
Jan 08 02:45:00 
Jan 08 02:45:00 ******开始【京东账号1】18055698302_p*********
Jan 08 02:45:00 
Jan 08 02:45:00 任务完成成功，获得：480能量
Jan 08 02:45:00 
Jan 08 02:45:00 🔔东东健康社区收集能量收集, 结束! 🕛 0.367 秒
Jan 08 02:45:00 
Jan 08 03:05:00 
Jan 08 03:05:00 🔔东东健康社区收集能量收集, 开始!
Jan 08 03:05:00 
Jan 08 03:05:00 ====================共1个京东账号Cookie=========
Jan 08 03:05:00 
Jan 08 03:05:00 ==================脚本执行- 北京时间(UTC+8)：2022/1/8 上午3:05:00=====================
Jan 08 03:05:00 
Jan 08 03:05:00 
Jan 08 03:05:00 ******开始【京东账号1】18055698302_p*********
Jan 08 03:05:00 
Jan 08 03:05:01 任务完成成功，获得：480能量
Jan 08 03:05:01 
Jan 08 03:05:01 🔔东东健康社区收集能量收集, 结束! 🕛 1.164 秒
Jan 08 03:05:01 
Jan 08 03:25:00 
Jan 08 03:25:00 🔔东东健康社区收集能量收集, 开始!
Jan 08 03:25:00 
Jan 08 03:25:00 ====================共1个京东账号Cookie=========
Jan 08 03:25:00 
Jan 08 03:25:00 ==================脚本执行- 北京时间(UTC+8)：2022/1/8 上午3:25:00=====================
Jan 08 03:25:00 
Jan 08 03:25:00 
Jan 08 03:25:00 ******开始【京东账号1】18055698302_p*********
Jan 08 03:25:00 
Jan 08 03:25:00 任务完成成功，获得：478能量
Jan 08 03:25:00 
Jan 08 03:25:00 🔔东东健康社区收集能量收集, 结束! 🕛 0.354 秒
Jan 08 03:25:00 
Jan 08 03:45:00 
Jan 08 03:45:00 🔔东东健康社区收集能量收集, 开始!
Jan 08 03:45:00 
Jan 08 03:45:00 ====================共1个京东账号Cookie=========
Jan 08 03:45:00 
Jan 08 03:45:00 ==================脚本执行- 北京时间(UTC+8)：2022/1/8 上午3:45:00=====================
Jan 08 03:45:00 
Jan 08 03:45:00 
Jan 08 03:45:00 ******开始【京东账号1】18055698302_p*********
Jan 08 03:45:00 
Jan 08 03:45:01 任务完成成功，获得：0能量
Jan 08 03:45:01 
Jan 08 03:45:01 🔔东东健康社区收集能量收集, 结束! 🕛 0.402 秒
Jan 08 03:45:01 
Jan 08 04:05:01 
Jan 08 04:05:01 🔔东东健康社区收集能量收集, 开始!
Jan 08 04:05:01 
Jan 08 04:05:01 ====================共1个京东账号Cookie=========
Jan 08 04:05:01 
Jan 08 04:05:01 ==================脚本执行- 北京时间(UTC+8)：2022/1/8 上午4:05:01=====================
Jan 08 04:05:01 
Jan 08 04:05:01 
Jan 08 04:05:01 ******开始【京东账号1】18055698302_p*********
Jan 08 04:05:01 
Jan 08 04:05:02 任务完成成功，获得：0能量
Jan 08 04:05:02 
Jan 08 04:05:02 🔔东东健康社区收集能量收集, 结束! 🕛 1.335 秒
Jan 08 04:05:02 
Jan 08 04:25:00 
Jan 08 04:25:00 🔔东东健康社区收集能量收集, 开始!
Jan 08 04:25:00 
Jan 08 04:25:00 ====================共1个京东账号Cookie=========
Jan 08 04:25:00 
Jan 08 04:25:00 ==================脚本执行- 北京时间(UTC+8)：2022/1/8 上午4:25:00=====================
Jan 08 04:25:00 
Jan 08 04:25:00 
Jan 08 04:25:00 ******开始【京东账号1】18055698302_p*********
Jan 08 04:25:00 
Jan 08 04:25:01 任务完成成功，获得：0能量
Jan 08 04:25:01 
Jan 08 04:25:01 🔔东东健康社区收集能量收集, 结束! 🕛 0.388 秒
Jan 08 04:25:01 
Jan 08 04:45:00 
Jan 08 04:45:00 🔔东东健康社区收集能量收集, 开始!
Jan 08 04:45:00 
Jan 08 04:45:00 ====================共1个京东账号Cookie=========
Jan 08 04:45:00 
Jan 08 04:45:00 ==================脚本执行- 北京时间(UTC+8)：2022/1/8 上午4:45:00=====================
Jan 08 04:45:00 
Jan 08 04:45:00 
Jan 08 04:45:00 ******开始【京东账号1】18055698302_p*********
Jan 08 04:45:00 
Jan 08 04:45:01 任务完成成功，获得：0能量
Jan 08 04:45:01 
Jan 08 04:45:01 🔔东东健康社区收集能量收集, 结束! 🕛 0.394 秒
Jan 08 04:45:01 
Jan 08 05:05:01 
Jan 08 05:05:01 🔔东东健康社区收集能量收集, 开始!
Jan 08 05:05:01 
Jan 08 05:05:01 ====================共1个京东账号Cookie=========
Jan 08 05:05:01 
Jan 08 05:05:01 ==================脚本执行- 北京时间(UTC+8)：2022/1/8 上午5:05:01=====================
Jan 08 05:05:01 
Jan 08 05:05:01 
Jan 08 05:05:01 ******开始【京东账号1】18055698302_p*********
Jan 08 05:05:01 
Jan 08 05:05:02 任务完成成功，获得：0能量
Jan 08 05:05:02 
Jan 08 05:05:02 🔔东东健康社区收集能量收集, 结束! 🕛 1.212 秒
Jan 08 05:05:02 
Jan 08 05:25:00 
Jan 08 05:25:00 🔔东东健康社区收集能量收集, 开始!
Jan 08 05:25:00 
Jan 08 05:25:00 ====================共1个京东账号Cookie=========
Jan 08 05:25:00 
Jan 08 05:25:00 ==================脚本执行- 北京时间(UTC+8)：2022/1/8 上午5:25:00=====================
Jan 08 05:25:00 
Jan 08 05:25:00 
Jan 08 05:25:00 ******开始【京东账号1】18055698302_p*********
Jan 08 05:25:00 
Jan 08 05:25:01 任务完成成功，获得：0能量
Jan 08 05:25:01 
Jan 08 05:25:01 🔔东东健康社区收集能量收集, 结束! 🕛 0.387 秒
Jan 08 05:25:01 
Jan 08 05:45:00 
Jan 08 05:45:00 🔔东东健康社区收集能量收集, 开始!
Jan 08 05:45:00 
Jan 08 05:45:00 ====================共1个京东账号Cookie=========
Jan 08 05:45:00 
Jan 08 05:45:00 ==================脚本执行- 北京时间(UTC+8)：2022/1/8 上午5:45:00=====================
Jan 08 05:45:00 
Jan 08 05:45:00 
Jan 08 05:45:00 ******开始【京东账号1】18055698302_p*********
Jan 08 05:45:00 
Jan 08 05:45:01 任务完成成功，获得：0能量
Jan 08 05:45:01 
Jan 08 05:45:01 🔔东东健康社区收集能量收集, 结束! 🕛 0.439 秒
Jan 08 05:45:01 
Jan 08 06:05:01 
Jan 08 06:05:01 🔔东东健康社区收集能量收集, 开始!
Jan 08 06:05:01 
Jan 08 06:05:01 ====================共1个京东账号Cookie=========
Jan 08 06:05:01 
Jan 08 06:05:01 ==================脚本执行- 北京时间(UTC+8)：2022/1/8 上午6:05:01=====================
Jan 08 06:05:01 
Jan 08 06:05:01 
Jan 08 06:05:01 ******开始【京东账号1】18055698302_p*********
Jan 08 06:05:01 
Jan 08 06:05:02 任务完成成功，获得：0能量
Jan 08 06:05:02 
Jan 08 06:05:02 🔔东东健康社区收集能量收集, 结束! 🕛 1.338 秒
Jan 08 06:05:02 
Jan 08 06:25:00 
Jan 08 06:25:00 🔔东东健康社区收集能量收集, 开始!
Jan 08 06:25:00 
Jan 08 06:25:00 ====================共1个京东账号Cookie=========
Jan 08 06:25:00 
Jan 08 06:25:00 ==================脚本执行- 北京时间(UTC+8)：2022/1/8 上午6:25:00=====================
Jan 08 06:25:00 
Jan 08 06:25:00 
Jan 08 06:25:00 ******开始【京东账号1】18055698302_p*********
Jan 08 06:25:00 
Jan 08 06:25:01 任务完成成功，获得：0能量
Jan 08 06:25:01 
Jan 08 06:25:01 🔔东东健康社区收集能量收集, 结束! 🕛 0.429 秒
Jan 08 06:25:01 
Jan 08 06:45:01 
Jan 08 06:45:01 🔔东东健康社区收集能量收集, 开始!
Jan 08 06:45:01 
Jan 08 06:45:01 ====================共1个京东账号Cookie=========
Jan 08 06:45:01 
Jan 08 06:45:01 ==================脚本执行- 北京时间(UTC+8)：2022/1/8 上午6:45:01=====================
Jan 08 06:45:01 
Jan 08 06:45:01 
Jan 08 06:45:01 ******开始【京东账号1】18055698302_p*********
Jan 08 06:45:01 
Jan 08 06:45:02 任务完成成功，获得：0能量
Jan 08 06:45:02 
Jan 08 06:45:02 🔔东东健康社区收集能量收集, 结束! 🕛 1.048 秒
Jan 08 06:45:02 
Jan 08 07:05:01 
Jan 08 07:05:01 🔔东东健康社区收集能量收集, 开始!
Jan 08 07:05:01 
Jan 08 07:05:01 ====================共1个京东账号Cookie=========
Jan 08 07:05:01 
Jan 08 07:05:01 ==================脚本执行- 北京时间(UTC+8)：2022/1/8 上午7:05:01=====================
Jan 08 07:05:01 
Jan 08 07:05:01 
Jan 08 07:05:01 ******开始【京东账号1】18055698302_p*********
Jan 08 07:05:01 
Jan 08 07:05:02 任务完成成功，获得：0能量
Jan 08 07:05:02 
Jan 08 07:05:02 🔔东东健康社区收集能量收集, 结束! 🕛 1.349 秒
Jan 08 07:05:02 
Jan 08 07:25:00 
Jan 08 07:25:00 🔔东东健康社区收集能量收集, 开始!
Jan 08 07:25:00 
Jan 08 07:25:00 ====================共1个京东账号Cookie=========
Jan 08 07:25:00 
Jan 08 07:25:00 ==================脚本执行- 北京时间(UTC+8)：2022/1/8 上午7:25:00=====================
Jan 08 07:25:00 
Jan 08 07:25:00 
Jan 08 07:25:00 ******开始【京东账号1】18055698302_p*********
Jan 08 07:25:00 
Jan 08 07:25:01 任务完成成功，获得：0能量
Jan 08 07:25:01 
Jan 08 07:25:01 🔔东东健康社区收集能量收集, 结束! 🕛 0.428 秒
Jan 08 07:25:01 
Jan 08 07:45:00 
Jan 08 07:45:00 🔔东东健康社区收集能量收集, 开始!
Jan 08 07:45:00 
Jan 08 07:45:00 ====================共1个京东账号Cookie=========
Jan 08 07:45:00 
Jan 08 07:45:00 ==================脚本执行- 北京时间(UTC+8)：2022/1/8 上午7:45:00=====================
Jan 08 07:45:00 
Jan 08 07:45:00 
Jan 08 07:45:00 ******开始【京东账号1】18055698302_p*********
Jan 08 07:45:00 
Jan 08 07:45:01 任务完成成功，获得：0能量
Jan 08 07:45:01 
Jan 08 07:45:01 🔔东东健康社区收集能量收集, 结束! 🕛 0.289 秒
Jan 08 07:45:01 
Jan 08 08:05:01 
Jan 08 08:05:01 🔔东东健康社区收集能量收集, 开始!
Jan 08 08:05:01 
Jan 08 08:05:01 ====================共1个京东账号Cookie=========
Jan 08 08:05:01 
Jan 08 08:05:02 ==================脚本执行- 北京时间(UTC+8)：2022/1/8 上午8:05:01=====================
Jan 08 08:05:02 
Jan 08 08:05:02 
Jan 08 08:05:02 ******开始【京东账号1】18055698302_p*********
Jan 08 08:05:02 
Jan 08 08:05:04 任务完成成功，获得：0能量
Jan 08 08:05:04 
Jan 08 08:05:04 🔔东东健康社区收集能量收集, 结束! 🕛 2.151 秒
Jan 08 08:05:04 
Jan 08 08:25:01 
Jan 08 08:25:01 🔔东东健康社区收集能量收集, 开始!
Jan 08 08:25:01 
Jan 08 08:25:01 ====================共1个京东账号Cookie=========
Jan 08 08:25:01 
Jan 08 08:25:01 ==================脚本执行- 北京时间(UTC+8)：2022/1/8 上午8:25:01=====================
Jan 08 08:25:01 
Jan 08 08:25:01 
Jan 08 08:25:01 ******开始【京东账号1】18055698302_p*********
Jan 08 08:25:01 
Jan 08 08:25:01 任务完成成功，获得：0能量
Jan 08 08:25:01 
Jan 08 08:25:01 🔔东东健康社区收集能量收集, 结束! 🕛 0.31 秒
Jan 08 08:25:01 
Jan 08 08:45:01 
Jan 08 08:45:01 🔔东东健康社区收集能量收集, 开始!
Jan 08 08:45:01 
Jan 08 08:45:01 ====================共1个京东账号Cookie=========
Jan 08 08:45:01 
Jan 08 08:45:01 ==================脚本执行- 北京时间(UTC+8)：2022/1/8 上午8:45:01=====================
Jan 08 08:45:01 
Jan 08 08:45:01 
Jan 08 08:45:01 ******开始【京东账号1】18055698302_p*********
Jan 08 08:45:01 
Jan 08 08:45:01 任务完成成功，获得：0能量
Jan 08 08:45:01 
Jan 08 08:45:01 🔔东东健康社区收集能量收集, 结束! 🕛 0.293 秒
Jan 08 08:45:01 
Jan 08 09:05:01 
Jan 08 09:05:01 🔔东东健康社区收集能量收集, 开始!
Jan 08 09:05:01 
Jan 08 09:05:01 ====================共1个京东账号Cookie=========
Jan 08 09:05:01 
Jan 08 09:05:01 ==================脚本执行- 北京时间(UTC+8)：2022/1/8 上午9:05:01=====================
Jan 08 09:05:01 
Jan 08 09:05:01 
Jan 08 09:05:01 ******开始【京东账号1】18055698302_p*********
Jan 08 09:05:01 
Jan 08 09:05:02 任务完成成功，获得：0能量
Jan 08 09:05:02 
Jan 08 09:05:02 🔔东东健康社区收集能量收集, 结束! 🕛 1.127 秒
Jan 08 09:05:02 
Jan 08 09:25:01 
Jan 08 09:25:01 🔔东东健康社区收集能量收集, 开始!
Jan 08 09:25:01 
Jan 08 09:25:01 ====================共1个京东账号Cookie=========
Jan 08 09:25:01 
Jan 08 09:25:01 ==================脚本执行- 北京时间(UTC+8)：2022/1/8 上午9:25:01=====================
Jan 08 09:25:01 
Jan 08 09:25:01 
Jan 08 09:25:01 ******开始【京东账号1】18055698302_p*********
Jan 08 09:25:01 
Jan 08 09:25:01 任务完成成功，获得：0能量
Jan 08 09:25:01 
Jan 08 09:25:01 🔔东东健康社区收集能量收集, 结束! 🕛 0.313 秒
Jan 08 09:25:01 
Jan 08 09:45:01 
Jan 08 09:45:01 🔔东东健康社区收集能量收集, 开始!
Jan 08 09:45:01 
Jan 08 09:45:01 ====================共1个京东账号Cookie=========
Jan 08 09:45:01 
Jan 08 09:45:01 ==================脚本执行- 北京时间(UTC+8)：2022/1/8 上午9:45:01=====================
Jan 08 09:45:01 
Jan 08 09:45:01 
Jan 08 09:45:01 ******开始【京东账号1】18055698302_p*********
Jan 08 09:45:01 
Jan 08 09:45:01 任务完成成功，获得：0能量
Jan 08 09:45:01 
Jan 08 09:45:01 🔔东东健康社区收集能量收集, 结束! 🕛 0.303 秒
Jan 08 09:45:01 
Jan 08 10:05:00 
Jan 08 10:05:00 🔔东东健康社区收集能量收集, 开始!
Jan 08 10:05:00 
Jan 08 10:05:00 ====================共1个京东账号Cookie=========
Jan 08 10:05:00 
Jan 08 10:05:00 ==================脚本执行- 北京时间(UTC+8)：2022/1/8 上午10:05:00=====================
Jan 08 10:05:00 
Jan 08 10:05:00 
Jan 08 10:05:00 ******开始【京东账号1】18055698302_p*********
Jan 08 10:05:00 
Jan 08 10:05:01 任务完成成功，获得：0能量
Jan 08 10:05:01 
Jan 08 10:05:01 🔔东东健康社区收集能量收集, 结束! 🕛 1.529 秒
Jan 08 10:05:01 
Jan 08 10:25:00 
Jan 08 10:25:00 🔔东东健康社区收集能量收集, 开始!
Jan 08 10:25:00 
Jan 08 10:25:00 ====================共1个京东账号Cookie=========
Jan 08 10:25:00 
Jan 08 10:25:00 ==================脚本执行- 北京时间(UTC+8)：2022/1/8 上午10:25:00=====================
Jan 08 10:25:00 
Jan 08 10:25:00 
Jan 08 10:25:00 ******开始【京东账号1】18055698302_p*********
Jan 08 10:25:00 
Jan 08 10:25:00 任务完成成功，获得：0能量
Jan 08 10:25:00 
Jan 08 10:25:00 🔔东东健康社区收集能量收集, 结束! 🕛 0.399 秒
Jan 08 10:25:00 
Jan 08 10:45:00 
Jan 08 10:45:00 🔔东东健康社区收集能量收集, 开始!
Jan 08 10:45:00 
Jan 08 10:45:00 ====================共1个京东账号Cookie=========
Jan 08 10:45:00 
Jan 08 10:45:00 ==================脚本执行- 北京时间(UTC+8)：2022/1/8 上午10:45:00=====================
Jan 08 10:45:00 
Jan 08 10:45:00 
Jan 08 10:45:00 ******开始【京东账号1】18055698302_p*********
Jan 08 10:45:00 
Jan 08 10:45:00 任务完成成功，获得：0能量
Jan 08 10:45:00 
Jan 08 10:45:00 🔔东东健康社区收集能量收集, 结束! 🕛 0.391 秒
Jan 08 10:45:00 
Jan 08 11:05:00 
Jan 08 11:05:00 🔔东东健康社区收集能量收集, 开始!
Jan 08 11:05:00 
Jan 08 11:05:00 ====================共1个京东账号Cookie=========
Jan 08 11:05:00 
Jan 08 11:05:00 ==================脚本执行- 北京时间(UTC+8)：2022/1/8 上午11:05:00=====================
Jan 08 11:05:00 
Jan 08 11:05:00 
Jan 08 11:05:00 ******开始【京东账号1】18055698302_p*********
Jan 08 11:05:00 
Jan 08 11:05:01 任务完成成功，获得：0能量
Jan 08 11:05:01 
Jan 08 11:05:01 🔔东东健康社区收集能量收集, 结束! 🕛 1.365 秒
Jan 08 11:05:01 
Jan 08 11:25:00 
Jan 08 11:25:00 🔔东东健康社区收集能量收集, 开始!
Jan 08 11:25:00 
Jan 08 11:25:00 ====================共1个京东账号Cookie=========
Jan 08 11:25:00 
Jan 08 11:25:00 ==================脚本执行- 北京时间(UTC+8)：2022/1/8 上午11:25:00=====================
Jan 08 11:25:00 
Jan 08 11:25:00 
Jan 08 11:25:00 ******开始【京东账号1】18055698302_p*********
Jan 08 11:25:00 
Jan 08 11:25:00 任务完成成功，获得：0能量
Jan 08 11:25:00 
Jan 08 11:25:00 🔔东东健康社区收集能量收集, 结束! 🕛 0.452 秒
Jan 08 11:25:00 
Jan 08 11:45:00 
Jan 08 11:45:00 🔔东东健康社区收集能量收集, 开始!
Jan 08 11:45:00 
Jan 08 11:45:00 ====================共1个京东账号Cookie=========
Jan 08 11:45:00 
Jan 08 11:45:00 ==================脚本执行- 北京时间(UTC+8)：2022/1/8 上午11:45:00=====================
Jan 08 11:45:00 
Jan 08 11:45:00 
Jan 08 11:45:00 ******开始【京东账号1】18055698302_p*********
Jan 08 11:45:00 
Jan 08 11:45:00 任务完成成功，获得：0能量
Jan 08 11:45:00 
Jan 08 11:45:00 🔔东东健康社区收集能量收集, 结束! 🕛 0.441 秒
Jan 08 11:45:00 
Jan 08 12:05:00 
Jan 08 12:05:00 🔔东东健康社区收集能量收集, 开始!
Jan 08 12:05:00 
Jan 08 12:05:00 ====================共1个京东账号Cookie=========
Jan 08 12:05:00 
Jan 08 12:05:00 ==================脚本执行- 北京时间(UTC+8)：2022/1/8 下午12:05:00=====================
Jan 08 12:05:00 
Jan 08 12:05:00 
Jan 08 12:05:00 ******开始【京东账号1】18055698302_p*********
Jan 08 12:05:00 
Jan 08 12:05:01 任务完成成功，获得：0能量
Jan 08 12:05:01 
Jan 08 12:05:01 🔔东东健康社区收集能量收集, 结束! 🕛 1.42 秒
Jan 08 12:05:01 
Jan 08 12:25:00 
Jan 08 12:25:00 🔔东东健康社区收集能量收集, 开始!
Jan 08 12:25:00 
Jan 08 12:25:00 ====================共1个京东账号Cookie=========
Jan 08 12:25:00 
Jan 08 12:25:00 ==================脚本执行- 北京时间(UTC+8)：2022/1/8 下午12:25:00=====================
Jan 08 12:25:00 
Jan 08 12:25:00 
Jan 08 12:25:00 ******开始【京东账号1】18055698302_p*********
Jan 08 12:25:00 
Jan 08 12:25:00 任务完成成功，获得：0能量
Jan 08 12:25:00 
Jan 08 12:25:00 🔔东东健康社区收集能量收集, 结束! 🕛 0.347 秒
Jan 08 12:25:00 
Jan 08 12:45:00 
Jan 08 12:45:00 🔔东东健康社区收集能量收集, 开始!
Jan 08 12:45:00 
Jan 08 12:45:00 ====================共1个京东账号Cookie=========
Jan 08 12:45:00 
Jan 08 12:45:00 ==================脚本执行- 北京时间(UTC+8)：2022/1/8 下午12:45:00=====================
Jan 08 12:45:00 
Jan 08 12:45:00 
Jan 08 12:45:00 ******开始【京东账号1】18055698302_p*********
Jan 08 12:45:00 
Jan 08 12:45:01 任务完成成功，获得：0能量
Jan 08 12:45:01 
Jan 08 12:45:01 🔔东东健康社区收集能量收集, 结束! 🕛 1.29 秒
Jan 08 12:45:01 
Jan 08 13:05:00 
Jan 08 13:05:00 🔔东东健康社区收集能量收集, 开始!
Jan 08 13:05:00 
Jan 08 13:05:00 ====================共1个京东账号Cookie=========
Jan 08 13:05:00 
Jan 08 13:05:00 ==================脚本执行- 北京时间(UTC+8)：2022/1/8 下午1:05:00=====================
Jan 08 13:05:00 
Jan 08 13:05:00 
Jan 08 13:05:00 ******开始【京东账号1】18055698302_p*********
Jan 08 13:05:00 
Jan 08 13:05:01 任务完成成功，获得：0能量
Jan 08 13:05:01 
Jan 08 13:05:01 🔔东东健康社区收集能量收集, 结束! 🕛 1.396 秒
Jan 08 13:05:01 
Jan 08 13:25:00 
Jan 08 13:25:00 🔔东东健康社区收集能量收集, 开始!
Jan 08 13:25:00 
Jan 08 13:25:00 ====================共1个京东账号Cookie=========
Jan 08 13:25:00 
Jan 08 13:25:00 ==================脚本执行- 北京时间(UTC+8)：2022/1/8 下午1:25:00=====================
Jan 08 13:25:00 
Jan 08 13:25:00 
Jan 08 13:25:00 ******开始【京东账号1】18055698302_p*********
Jan 08 13:25:00 
Jan 08 13:25:00 任务完成成功，获得：0能量
Jan 08 13:25:00 
Jan 08 13:25:00 🔔东东健康社区收集能量收集, 结束! 🕛 0.357 秒
Jan 08 13:25:00 
Jan 08 13:45:00 
Jan 08 13:45:00 🔔东东健康社区收集能量收集, 开始!
Jan 08 13:45:00 
Jan 08 13:45:00 ====================共1个京东账号Cookie=========
Jan 08 13:45:00 
Jan 08 13:45:00 ==================脚本执行- 北京时间(UTC+8)：2022/1/8 下午1:45:00=====================
Jan 08 13:45:00 
Jan 08 13:45:00 
Jan 08 13:45:00 ******开始【京东账号1】18055698302_p*********
Jan 08 13:45:00 
Jan 08 13:45:00 任务完成成功，获得：0能量
Jan 08 13:45:00 
Jan 08 13:45:00 🔔东东健康社区收集能量收集, 结束! 🕛 0.343 秒
Jan 08 13:45:00 
Jan 08 14:05:00 
Jan 08 14:05:00 🔔东东健康社区收集能量收集, 开始!
Jan 08 14:05:00 
Jan 08 14:05:00 ====================共1个京东账号Cookie=========
Jan 08 14:05:00 
Jan 08 14:05:00 ==================脚本执行- 北京时间(UTC+8)：2022/1/8 下午2:05:00=====================
Jan 08 14:05:00 
Jan 08 14:05:00 
Jan 08 14:05:00 ******开始【京东账号1】18055698302_p*********
Jan 08 14:05:00 
Jan 08 14:05:01 任务完成成功，获得：0能量
Jan 08 14:05:01 
Jan 08 14:05:01 🔔东东健康社区收集能量收集, 结束! 🕛 1.461 秒
Jan 08 14:05:01 
Jan 08 14:25:00 
Jan 08 14:25:00 🔔东东健康社区收集能量收集, 开始!
Jan 08 14:25:00 
Jan 08 14:25:00 ====================共1个京东账号Cookie=========
Jan 08 14:25:00 
Jan 08 14:25:00 ==================脚本执行- 北京时间(UTC+8)：2022/1/8 下午2:25:00=====================
Jan 08 14:25:00 
Jan 08 14:25:00 
Jan 08 14:25:00 ******开始【京东账号1】18055698302_p*********
Jan 08 14:25:00 
Jan 08 14:25:00 任务完成成功，获得：0能量
Jan 08 14:25:00 
Jan 08 14:25:00 🔔东东健康社区收集能量收集, 结束! 🕛 0.502 秒
Jan 08 14:25:00 
Jan 08 14:45:00 
Jan 08 14:45:00 🔔东东健康社区收集能量收集, 开始!
Jan 08 14:45:00 
Jan 08 14:45:00 ====================共1个京东账号Cookie=========
Jan 08 14:45:00 
Jan 08 14:45:00 ==================脚本执行- 北京时间(UTC+8)：2022/1/8 下午2:45:00=====================
Jan 08 14:45:00 
Jan 08 14:45:00 
Jan 08 14:45:00 ******开始【京东账号1】18055698302_p*********
Jan 08 14:45:00 
Jan 08 14:45:00 任务完成成功，获得：0能量
Jan 08 14:45:00 
Jan 08 14:45:00 🔔东东健康社区收集能量收集, 结束! 🕛 0.399 秒
Jan 08 14:45:00 
Jan 08 15:05:00 
Jan 08 15:05:00 🔔东东健康社区收集能量收集, 开始!
Jan 08 15:05:00 
Jan 08 15:05:00 ====================共1个京东账号Cookie=========
Jan 08 15:05:00 
Jan 08 15:05:00 ==================脚本执行- 北京时间(UTC+8)：2022/1/8 下午3:05:00=====================
Jan 08 15:05:00 
Jan 08 15:05:00 
Jan 08 15:05:00 ******开始【京东账号1】18055698302_p*********
Jan 08 15:05:00 
Jan 08 15:05:01 任务完成成功，获得：0能量
Jan 08 15:05:01 
Jan 08 15:05:01 🔔东东健康社区收集能量收集, 结束! 🕛 1.305 秒
Jan 08 15:05:01 
Jan 08 15:25:00 
Jan 08 15:25:00 🔔东东健康社区收集能量收集, 开始!
Jan 08 15:25:00 
Jan 08 15:25:00 ====================共1个京东账号Cookie=========
Jan 08 15:25:00 
Jan 08 15:25:00 ==================脚本执行- 北京时间(UTC+8)：2022/1/8 下午3:25:00=====================
Jan 08 15:25:00 
Jan 08 15:25:00 
Jan 08 15:25:00 ******开始【京东账号1】18055698302_p*********
Jan 08 15:25:00 
Jan 08 15:25:00 任务完成成功，获得：0能量
Jan 08 15:25:00 
Jan 08 15:25:00 🔔东东健康社区收集能量收集, 结束! 🕛 0.408 秒
Jan 08 15:25:00 
Jan 08 15:45:00 
Jan 08 15:45:00 🔔东东健康社区收集能量收集, 开始!
Jan 08 15:45:00 
Jan 08 15:45:00 ====================共1个京东账号Cookie=========
Jan 08 15:45:00 
Jan 08 15:45:00 ==================脚本执行- 北京时间(UTC+8)：2022/1/8 下午3:45:00=====================
Jan 08 15:45:00 
Jan 08 15:45:00 
Jan 08 15:45:00 ******开始【京东账号1】18055698302_p*********
Jan 08 15:45:00 
Jan 08 15:45:00 任务完成成功，获得：0能量
Jan 08 15:45:00 
Jan 08 15:45:00 🔔东东健康社区收集能量收集, 结束! 🕛 0.418 秒
Jan 08 15:45:00 
Jan 08 16:05:00 
Jan 08 16:05:00 🔔东东健康社区收集能量收集, 开始!
Jan 08 16:05:00 
Jan 08 16:05:00 ====================共1个京东账号Cookie=========
Jan 08 16:05:00 
Jan 08 16:05:00 ==================脚本执行- 北京时间(UTC+8)：2022/1/8 下午4:05:00=====================
Jan 08 16:05:00 
Jan 08 16:05:00 
Jan 08 16:05:00 ******开始【京东账号1】18055698302_p*********
Jan 08 16:05:00 
Jan 08 16:05:02 任务完成成功，获得：0能量
Jan 08 16:05:02 
Jan 08 16:05:02 🔔东东健康社区收集能量收集, 结束! 🕛 1.475 秒
Jan 08 16:05:02 
Jan 08 16:25:00 
Jan 08 16:25:00 🔔东东健康社区收集能量收集, 开始!
Jan 08 16:25:00 
Jan 08 16:25:00 ====================共1个京东账号Cookie=========
Jan 08 16:25:00 
Jan 08 16:25:00 ==================脚本执行- 北京时间(UTC+8)：2022/1/8 下午4:25:00=====================
Jan 08 16:25:00 
Jan 08 16:25:00 
Jan 08 16:25:00 ******开始【京东账号1】18055698302_p*********
Jan 08 16:25:00 
Jan 08 16:25:00 任务完成成功，获得：0能量
Jan 08 16:25:00 
Jan 08 16:25:00 🔔东东健康社区收集能量收集, 结束! 🕛 0.407 秒
Jan 08 16:25:00 
Jan 08 16:45:00 
Jan 08 16:45:00 🔔东东健康社区收集能量收集, 开始!
Jan 08 16:45:00 
Jan 08 16:45:00 ====================共1个京东账号Cookie=========
Jan 08 16:45:00 
Jan 08 16:45:00 ==================脚本执行- 北京时间(UTC+8)：2022/1/8 下午4:45:00=====================
Jan 08 16:45:00 
Jan 08 16:45:00 
Jan 08 16:45:00 ******开始【京东账号1】18055698302_p*********
Jan 08 16:45:00 
Jan 08 16:45:00 任务完成成功，获得：0能量
Jan 08 16:45:00 
Jan 08 16:45:00 🔔东东健康社区收集能量收集, 结束! 🕛 0.44 秒
Jan 08 16:45:00 
Jan 08 17:05:00 
Jan 08 17:05:00 🔔东东健康社区收集能量收集, 开始!
Jan 08 17:05:00 
Jan 08 17:05:00 ====================共1个京东账号Cookie=========
Jan 08 17:05:00 
Jan 08 17:05:00 ==================脚本执行- 北京时间(UTC+8)：2022/1/8 下午5:05:00=====================
Jan 08 17:05:00 
Jan 08 17:05:00 
Jan 08 17:05:00 ******开始【京东账号1】18055698302_p*********
Jan 08 17:05:00 
Jan 08 17:05:01 任务完成成功，获得：0能量
Jan 08 17:05:01 
Jan 08 17:05:01 🔔东东健康社区收集能量收集, 结束! 🕛 1.305 秒
Jan 08 17:05:01 
Jan 08 17:25:00 
Jan 08 17:25:00 🔔东东健康社区收集能量收集, 开始!
Jan 08 17:25:00 
Jan 08 17:25:00 ====================共1个京东账号Cookie=========
Jan 08 17:25:00 
Jan 08 17:25:00 ==================脚本执行- 北京时间(UTC+8)：2022/1/8 下午5:25:00=====================
Jan 08 17:25:00 
Jan 08 17:25:00 
Jan 08 17:25:00 ******开始【京东账号1】18055698302_p*********
Jan 08 17:25:00 
Jan 08 17:25:00 任务完成成功，获得：0能量
Jan 08 17:25:00 
Jan 08 17:25:00 🔔东东健康社区收集能量收集, 结束! 🕛 0.324 秒
Jan 08 17:25:00 
Jan 08 17:45:00 
Jan 08 17:45:00 🔔东东健康社区收集能量收集, 开始!
Jan 08 17:45:00 
Jan 08 17:45:00 ====================共1个京东账号Cookie=========
Jan 08 17:45:00 
Jan 08 17:45:00 ==================脚本执行- 北京时间(UTC+8)：2022/1/8 下午5:45:00=====================
Jan 08 17:45:00 
Jan 08 17:45:00 
Jan 08 17:45:00 ******开始【京东账号1】18055698302_p*********
Jan 08 17:45:00 
Jan 08 17:45:00 任务完成成功，获得：0能量
Jan 08 17:45:00 
Jan 08 17:45:00 🔔东东健康社区收集能量收集, 结束! 🕛 0.34 秒
Jan 08 17:45:00 
Jan 08 18:05:01 
Jan 08 18:05:01 🔔东东健康社区收集能量收集, 开始!
Jan 08 18:05:01 
Jan 08 18:05:01 ====================共1个京东账号Cookie=========
Jan 08 18:05:01 
Jan 08 18:05:01 ==================脚本执行- 北京时间(UTC+8)：2022/1/8 下午6:05:01=====================
Jan 08 18:05:01 
Jan 08 18:05:01 
Jan 08 18:05:01 ******开始【京东账号1】18055698302_p*********
Jan 08 18:05:01 
Jan 08 18:05:02 任务完成成功，获得：0能量
Jan 08 18:05:02 
Jan 08 18:05:02 🔔东东健康社区收集能量收集, 结束! 🕛 1.539 秒
Jan 08 18:05:02 
Jan 08 18:25:00 
Jan 08 18:25:00 🔔东东健康社区收集能量收集, 开始!
Jan 08 18:25:00 
Jan 08 18:25:00 ====================共1个京东账号Cookie=========
Jan 08 18:25:00 
Jan 08 18:25:00 ==================脚本执行- 北京时间(UTC+8)：2022/1/8 下午6:25:00=====================
Jan 08 18:25:00 
Jan 08 18:25:00 
Jan 08 18:25:00 ******开始【京东账号1】18055698302_p*********
Jan 08 18:25:00 
Jan 08 18:25:01 任务完成成功，获得：0能量
Jan 08 18:25:01 
Jan 08 18:25:01 🔔东东健康社区收集能量收集, 结束! 🕛 0.381 秒
Jan 08 18:25:01 
Jan 08 18:45:01 
Jan 08 18:45:01 🔔东东健康社区收集能量收集, 开始!
Jan 08 18:45:01 
Jan 08 18:45:01 ====================共1个京东账号Cookie=========
Jan 08 18:45:01 
Jan 08 18:45:01 ==================脚本执行- 北京时间(UTC+8)：2022/1/8 下午6:45:01=====================
Jan 08 18:45:01 
Jan 08 18:45:01 
Jan 08 18:45:01 ******开始【京东账号1】18055698302_p*********
Jan 08 18:45:01 
Jan 08 18:45:02 任务完成成功，获得：0能量
Jan 08 18:45:02 
Jan 08 18:45:02 🔔东东健康社区收集能量收集, 结束! 🕛 1.061 秒
Jan 08 18:45:02 
Jan 08 19:05:01 
Jan 08 19:05:01 🔔东东健康社区收集能量收集, 开始!
Jan 08 19:05:01 
Jan 08 19:05:01 ====================共1个京东账号Cookie=========
Jan 08 19:05:01 
Jan 08 19:05:01 ==================脚本执行- 北京时间(UTC+8)：2022/1/8 下午7:05:01=====================
Jan 08 19:05:01 
Jan 08 19:05:01 
Jan 08 19:05:01 ******开始【京东账号1】18055698302_p*********
Jan 08 19:05:01 
Jan 08 19:05:02 任务完成成功，获得：0能量
Jan 08 19:05:02 
Jan 08 19:05:02 🔔东东健康社区收集能量收集, 结束! 🕛 1.364 秒
Jan 08 19:05:02 
Jan 08 19:25:00 
Jan 08 19:25:00 🔔东东健康社区收集能量收集, 开始!
Jan 08 19:25:00 
Jan 08 19:25:00 ====================共1个京东账号Cookie=========
Jan 08 19:25:00 
Jan 08 19:25:00 ==================脚本执行- 北京时间(UTC+8)：2022/1/8 下午7:25:00=====================
Jan 08 19:25:00 
Jan 08 19:25:00 
Jan 08 19:25:00 ******开始【京东账号1】18055698302_p*********
Jan 08 19:25:00 
Jan 08 19:25:01 任务完成成功，获得：0能量
Jan 08 19:25:01 
Jan 08 19:25:01 🔔东东健康社区收集能量收集, 结束! 🕛 0.429 秒
Jan 08 19:25:01 
Jan 08 19:45:00 
Jan 08 19:45:00 🔔东东健康社区收集能量收集, 开始!
Jan 08 19:45:00 
Jan 08 19:45:00 ====================共1个京东账号Cookie=========
Jan 08 19:45:00 
Jan 08 19:45:00 ==================脚本执行- 北京时间(UTC+8)：2022/1/8 下午7:45:00=====================
Jan 08 19:45:00 
Jan 08 19:45:00 
Jan 08 19:45:00 ******开始【京东账号1】18055698302_p*********
Jan 08 19:45:00 
Jan 08 19:45:01 任务完成成功，获得：0能量
Jan 08 19:45:01 
Jan 08 19:45:01 🔔东东健康社区收集能量收集, 结束! 🕛 0.402 秒
Jan 08 19:45:01 
Jan 08 20:05:01 
Jan 08 20:05:01 🔔东东健康社区收集能量收集, 开始!
Jan 08 20:05:01 
Jan 08 20:05:01 ====================共1个京东账号Cookie=========
Jan 08 20:05:01 
Jan 08 20:05:01 ==================脚本执行- 北京时间(UTC+8)：2022/1/8 下午8:05:01=====================
Jan 08 20:05:01 
Jan 08 20:05:01 
Jan 08 20:05:01 ******开始【京东账号1】18055698302_p*********
Jan 08 20:05:01 
Jan 08 20:05:02 任务完成成功，获得：0能量
Jan 08 20:05:02 
Jan 08 20:05:02 🔔东东健康社区收集能量收集, 结束! 🕛 1.164 秒
Jan 08 20:05:02 
Jan 08 20:25:00 
Jan 08 20:25:00 🔔东东健康社区收集能量收集, 开始!
Jan 08 20:25:00 
Jan 08 20:25:00 ====================共1个京东账号Cookie=========
Jan 08 20:25:00 
Jan 08 20:25:00 ==================脚本执行- 北京时间(UTC+8)：2022/1/8 下午8:25:00=====================
Jan 08 20:25:00 
Jan 08 20:25:00 
Jan 08 20:25:00 ******开始【京东账号1】18055698302_p*********
Jan 08 20:25:00 
Jan 08 20:25:01 任务完成成功，获得：0能量
Jan 08 20:25:01 
Jan 08 20:25:01 🔔东东健康社区收集能量收集, 结束! 🕛 0.464 秒
Jan 08 20:25:01 
Jan 08 20:45:00 
Jan 08 20:45:00 🔔东东健康社区收集能量收集, 开始!
Jan 08 20:45:00 
Jan 08 20:45:00 ====================共1个京东账号Cookie=========
Jan 08 20:45:00 
Jan 08 20:45:00 ==================脚本执行- 北京时间(UTC+8)：2022/1/8 下午8:45:00=====================
Jan 08 20:45:00 
Jan 08 20:45:00 
Jan 08 20:45:00 ******开始【京东账号1】18055698302_p*********
Jan 08 20:45:00 
Jan 08 20:45:01 任务完成成功，获得：0能量
Jan 08 20:45:01 
Jan 08 20:45:01 🔔东东健康社区收集能量收集, 结束! 🕛 0.371 秒
Jan 08 20:45:01 
Jan 08 21:05:01 
Jan 08 21:05:01 🔔东东健康社区收集能量收集, 开始!
Jan 08 21:05:01 
Jan 08 21:05:01 ====================共1个京东账号Cookie=========
Jan 08 21:05:01 
Jan 08 21:05:01 ==================脚本执行- 北京时间(UTC+8)：2022/1/8 下午9:05:01=====================
Jan 08 21:05:01 
Jan 08 21:05:01 
Jan 08 21:05:01 ******开始【京东账号1】18055698302_p*********
Jan 08 21:05:01 
Jan 08 21:05:02 任务完成成功，获得：0能量
Jan 08 21:05:02 
Jan 08 21:05:02 🔔东东健康社区收集能量收集, 结束! 🕛 1.242 秒
Jan 08 21:05:02 
Jan 08 21:25:00 
Jan 08 21:25:00 🔔东东健康社区收集能量收集, 开始!
Jan 08 21:25:00 
Jan 08 21:25:00 ====================共1个京东账号Cookie=========
Jan 08 21:25:00 
Jan 08 21:25:00 ==================脚本执行- 北京时间(UTC+8)：2022/1/8 下午9:25:00=====================
Jan 08 21:25:00 
Jan 08 21:25:00 
Jan 08 21:25:00 ******开始【京东账号1】18055698302_p*********
Jan 08 21:25:00 
Jan 08 21:25:01 任务完成成功，获得：0能量
Jan 08 21:25:01 
Jan 08 21:25:01 🔔东东健康社区收集能量收集, 结束! 🕛 0.388 秒
Jan 08 21:25:01 
Jan 08 21:45:00 
Jan 08 21:45:00 🔔东东健康社区收集能量收集, 开始!
Jan 08 21:45:00 
Jan 08 21:45:00 ====================共1个京东账号Cookie=========
Jan 08 21:45:00 
Jan 08 21:45:00 ==================脚本执行- 北京时间(UTC+8)：2022/1/8 下午9:45:00=====================
Jan 08 21:45:00 
Jan 08 21:45:00 
Jan 08 21:45:00 ******开始【京东账号1】18055698302_p*********
Jan 08 21:45:00 
Jan 08 21:45:01 任务完成成功，获得：0能量
Jan 08 21:45:01 
Jan 08 21:45:01 🔔东东健康社区收集能量收集, 结束! 🕛 0.273 秒
Jan 08 21:45:01 
Jan 08 22:05:01 
Jan 08 22:05:01 🔔东东健康社区收集能量收集, 开始!
Jan 08 22:05:01 
Jan 08 22:05:01 ====================共1个京东账号Cookie=========
Jan 08 22:05:01 
Jan 08 22:05:01 ==================脚本执行- 北京时间(UTC+8)：2022/1/8 下午10:05:01=====================
Jan 08 22:05:01 
Jan 08 22:05:01 
Jan 08 22:05:01 ******开始【京东账号1】18055698302_p*********
Jan 08 22:05:01 
Jan 08 22:05:03 任务完成成功，获得：0能量
Jan 08 22:05:03 
Jan 08 22:05:03 🔔东东健康社区收集能量收集, 结束! 🕛 1.44 秒
Jan 08 22:05:03 
Jan 08 22:25:00 
Jan 08 22:25:00 🔔东东健康社区收集能量收集, 开始!
Jan 08 22:25:00 
Jan 08 22:25:00 ====================共1个京东账号Cookie=========
Jan 08 22:25:00 
Jan 08 22:25:01 ==================脚本执行- 北京时间(UTC+8)：2022/1/8 下午10:25:00=====================
Jan 08 22:25:01 
Jan 08 22:25:01 
Jan 08 22:25:01 ******开始【京东账号1】18055698302_p*********
Jan 08 22:25:01 
Jan 08 22:25:01 任务完成成功，获得：0能量
Jan 08 22:25:01 
Jan 08 22:25:01 🔔东东健康社区收集能量收集, 结束! 🕛 0.305 秒
Jan 08 22:25:01 
Jan 08 22:45:01 
Jan 08 22:45:01 🔔东东健康社区收集能量收集, 开始!
Jan 08 22:45:01 
Jan 08 22:45:01 ====================共1个京东账号Cookie=========
Jan 08 22:45:01 
Jan 08 22:45:01 ==================脚本执行- 北京时间(UTC+8)：2022/1/8 下午10:45:01=====================
Jan 08 22:45:01 
Jan 08 22:45:01 
Jan 08 22:45:01 ******开始【京东账号1】18055698302_p*********
Jan 08 22:45:01 
Jan 08 22:45:01 任务完成成功，获得：0能量
Jan 08 22:45:01 
Jan 08 22:45:01 🔔东东健康社区收集能量收集, 结束! 🕛 0.34 秒
Jan 08 22:45:01 
Jan 08 23:05:01 
Jan 08 23:05:01 🔔东东健康社区收集能量收集, 开始!
Jan 08 23:05:01 
Jan 08 23:05:01 ====================共1个京东账号Cookie=========
Jan 08 23:05:01 
Jan 08 23:05:02 ==================脚本执行- 北京时间(UTC+8)：2022/1/8 下午11:05:01=====================
Jan 08 23:05:02 
Jan 08 23:05:02 
Jan 08 23:05:02 ******开始【京东账号1】18055698302_p*********
Jan 08 23:05:02 
Jan 08 23:05:03 任务完成成功，获得：0能量
Jan 08 23:05:03 
Jan 08 23:05:03 🔔东东健康社区收集能量收集, 结束! 🕛 1.465 秒
Jan 08 23:05:03 
Jan 08 23:25:01 
Jan 08 23:25:01 🔔东东健康社区收集能量收集, 开始!
Jan 08 23:25:01 
Jan 08 23:25:01 ====================共1个京东账号Cookie=========
Jan 08 23:25:01 
Jan 08 23:25:01 ==================脚本执行- 北京时间(UTC+8)：2022/1/8 下午11:25:01=====================
Jan 08 23:25:01 
Jan 08 23:25:01 
Jan 08 23:25:01 ******开始【京东账号1】18055698302_p*********
Jan 08 23:25:01 
Jan 08 23:25:01 任务完成成功，获得：0能量
Jan 08 23:25:01 
Jan 08 23:25:01 🔔东东健康社区收集能量收集, 结束! 🕛 0.348 秒
Jan 08 23:25:01 
Jan 08 23:45:01 
Jan 08 23:45:01 🔔东东健康社区收集能量收集, 开始!
Jan 08 23:45:01 
Jan 08 23:45:01 ====================共1个京东账号Cookie=========
Jan 08 23:45:01 
Jan 08 23:45:01 ==================脚本执行- 北京时间(UTC+8)：2022/1/8 下午11:45:01=====================
Jan 08 23:45:01 
Jan 08 23:45:01 
Jan 08 23:45:01 ******开始【京东账号1】18055698302_p*********
Jan 08 23:45:01 
Jan 08 23:45:02 任务完成成功，获得：0能量
Jan 08 23:45:02 
Jan 08 23:45:02 🔔东东健康社区收集能量收集, 结束! 🕛 0.916 秒
Jan 08 23:45:02 
Jan 09 00:05:00 
Jan 09 00:05:00 🔔东东健康社区收集能量收集, 开始!
Jan 09 00:05:00 
Jan 09 00:05:00 ====================共1个京东账号Cookie=========
Jan 09 00:05:00 
Jan 09 00:05:00 ==================脚本执行- 北京时间(UTC+8)：2022/1/9 上午12:05:00=====================
Jan 09 00:05:00 
Jan 09 00:05:00 
Jan 09 00:05:00 ******开始【京东账号1】18055698302_p*********
Jan 09 00:05:00 
Jan 09 00:05:02 任务完成成功，获得：480能量
Jan 09 00:05:02 
Jan 09 00:05:02 🔔东东健康社区收集能量收集, 结束! 🕛 2.47 秒
Jan 09 00:05:02 
Jan 09 00:25:00 
Jan 09 00:25:00 🔔东东健康社区收集能量收集, 开始!
Jan 09 00:25:00 
Jan 09 00:25:00 ====================共1个京东账号Cookie=========
Jan 09 00:25:00 
Jan 09 00:25:00 ==================脚本执行- 北京时间(UTC+8)：2022/1/9 上午12:25:00=====================
Jan 09 00:25:00 
Jan 09 00:25:00 
Jan 09 00:25:00 ******开始【京东账号1】18055698302_p*********
Jan 09 00:25:00 
Jan 09 00:25:00 任务完成成功，获得：478能量
Jan 09 00:25:00 
Jan 09 00:25:00 🔔东东健康社区收集能量收集, 结束! 🕛 0.335 秒
Jan 09 00:25:00 
Jan 09 00:45:00 
Jan 09 00:45:00 🔔东东健康社区收集能量收集, 开始!
Jan 09 00:45:00 
Jan 09 00:45:00 ====================共1个京东账号Cookie=========
Jan 09 00:45:00 
Jan 09 00:45:00 ==================脚本执行- 北京时间(UTC+8)：2022/1/9 上午12:45:00=====================
Jan 09 00:45:00 
Jan 09 00:45:00 
Jan 09 00:45:00 ******开始【京东账号1】18055698302_p*********
Jan 09 00:45:00 
Jan 09 00:45:02 任务完成成功，获得：396能量
Jan 09 00:45:02 
Jan 09 00:45:02 🔔东东健康社区收集能量收集, 结束! 🕛 2.122 秒
Jan 09 00:45:02 
Jan 09 01:05:00 
Jan 09 01:05:00 🔔东东健康社区收集能量收集, 开始!
Jan 09 01:05:00 
Jan 09 01:05:00 ====================共1个京东账号Cookie=========
Jan 09 01:05:00 
Jan 09 01:05:00 ==================脚本执行- 北京时间(UTC+8)：2022/1/9 上午1:05:00=====================
Jan 09 01:05:00 
Jan 09 01:05:00 
Jan 09 01:05:00 ******开始【京东账号1】18055698302_p*********
Jan 09 01:05:00 
Jan 09 01:05:02 任务完成成功，获得：480能量
Jan 09 01:05:02 
Jan 09 01:05:02 🔔东东健康社区收集能量收集, 结束! 🕛 2.493 秒
Jan 09 01:05:02 
Jan 09 01:25:00 
Jan 09 01:25:00 🔔东东健康社区收集能量收集, 开始!
Jan 09 01:25:00 
Jan 09 01:25:00 ====================共1个京东账号Cookie=========
Jan 09 01:25:00 
Jan 09 01:25:00 ==================脚本执行- 北京时间(UTC+8)：2022/1/9 上午1:25:00=====================
Jan 09 01:25:00 
Jan 09 01:25:00 
Jan 09 01:25:00 ******开始【京东账号1】18055698302_p*********
Jan 09 01:25:00 
Jan 09 01:25:00 任务完成成功，获得：478能量
Jan 09 01:25:00 
Jan 09 01:25:00 🔔东东健康社区收集能量收集, 结束! 🕛 0.375 秒
Jan 09 01:25:00 
Jan 09 01:45:00 
Jan 09 01:45:00 🔔东东健康社区收集能量收集, 开始!
Jan 09 01:45:00 
Jan 09 01:45:00 ====================共1个京东账号Cookie=========
Jan 09 01:45:00 
Jan 09 01:45:00 ==================脚本执行- 北京时间(UTC+8)：2022/1/9 上午1:45:00=====================
Jan 09 01:45:00 
Jan 09 01:45:00 
Jan 09 01:45:00 ******开始【京东账号1】18055698302_p*********
Jan 09 01:45:00 
Jan 09 01:45:00 任务完成成功，获得：480能量
Jan 09 01:45:00 
Jan 09 01:45:00 🔔东东健康社区收集能量收集, 结束! 🕛 0.373 秒
Jan 09 01:45:00 
Jan 09 02:05:00 
Jan 09 02:05:00 🔔东东健康社区收集能量收集, 开始!
Jan 09 02:05:00 
Jan 09 02:05:00 ====================共1个京东账号Cookie=========
Jan 09 02:05:00 
Jan 09 02:05:00 ==================脚本执行- 北京时间(UTC+8)：2022/1/9 上午2:05:00=====================
Jan 09 02:05:00 
Jan 09 02:05:00 
Jan 09 02:05:00 ******开始【京东账号1】18055698302_p*********
Jan 09 02:05:00 
Jan 09 02:05:01 任务完成成功，获得：480能量
Jan 09 02:05:01 
Jan 09 02:05:01 🔔东东健康社区收集能量收集, 结束! 🕛 1.457 秒
Jan 09 02:05:01 
Jan 09 02:25:00 
Jan 09 02:25:00 🔔东东健康社区收集能量收集, 开始!
Jan 09 02:25:00 
Jan 09 02:25:00 ====================共1个京东账号Cookie=========
Jan 09 02:25:00 
Jan 09 02:25:00 ==================脚本执行- 北京时间(UTC+8)：2022/1/9 上午2:25:00=====================
Jan 09 02:25:00 
Jan 09 02:25:00 
Jan 09 02:25:00 ******开始【京东账号1】18055698302_p*********
Jan 09 02:25:00 
Jan 09 02:25:00 任务完成成功，获得：478能量
Jan 09 02:25:00 
Jan 09 02:25:00 🔔东东健康社区收集能量收集, 结束! 🕛 0.348 秒
Jan 09 02:25:00 
Jan 09 02:45:00 
Jan 09 02:45:00 🔔东东健康社区收集能量收集, 开始!
Jan 09 02:45:00 
Jan 09 02:45:00 ====================共1个京东账号Cookie=========
Jan 09 02:45:00 
Jan 09 02:45:00 ==================脚本执行- 北京时间(UTC+8)：2022/1/9 上午2:45:00=====================
Jan 09 02:45:00 
Jan 09 02:45:00 
Jan 09 02:45:00 ******开始【京东账号1】18055698302_p*********
Jan 09 02:45:00 
Jan 09 02:45:00 任务完成成功，获得：480能量
Jan 09 02:45:00 
Jan 09 02:45:00 🔔东东健康社区收集能量收集, 结束! 🕛 0.327 秒
Jan 09 02:45:00 
Jan 09 03:05:00 
Jan 09 03:05:00 🔔东东健康社区收集能量收集, 开始!
Jan 09 03:05:00 
Jan 09 03:05:00 ====================共1个京东账号Cookie=========
Jan 09 03:05:00 
Jan 09 03:05:00 ==================脚本执行- 北京时间(UTC+8)：2022/1/9 上午3:05:00=====================
Jan 09 03:05:00 
Jan 09 03:05:00 
Jan 09 03:05:00 ******开始【京东账号1】18055698302_p*********
Jan 09 03:05:00 
Jan 09 03:05:01 任务完成成功，获得：480能量
Jan 09 03:05:01 
Jan 09 03:05:01 🔔东东健康社区收集能量收集, 结束! 🕛 1.286 秒
Jan 09 03:05:01 
Jan 09 03:25:00 
Jan 09 03:25:00 🔔东东健康社区收集能量收集, 开始!
Jan 09 03:25:00 
Jan 09 03:25:00 ====================共1个京东账号Cookie=========
Jan 09 03:25:00 
Jan 09 03:25:00 ==================脚本执行- 北京时间(UTC+8)：2022/1/9 上午3:25:00=====================
Jan 09 03:25:00 
Jan 09 03:25:00 
Jan 09 03:25:00 ******开始【京东账号1】18055698302_p*********
Jan 09 03:25:00 
Jan 09 03:25:00 任务完成成功，获得：478能量
Jan 09 03:25:00 
Jan 09 03:25:00 🔔东东健康社区收集能量收集, 结束! 🕛 0.308 秒
Jan 09 03:25:00 
Jan 09 03:45:00 
Jan 09 03:45:00 🔔东东健康社区收集能量收集, 开始!
Jan 09 03:45:00 
Jan 09 03:45:00 ====================共1个京东账号Cookie=========
Jan 09 03:45:00 
Jan 09 03:45:00 ==================脚本执行- 北京时间(UTC+8)：2022/1/9 上午3:45:00=====================
Jan 09 03:45:00 
Jan 09 03:45:00 
Jan 09 03:45:00 ******开始【京东账号1】18055698302_p*********
Jan 09 03:45:00 
Jan 09 03:45:00 任务完成成功，获得：0能量
Jan 09 03:45:00 
Jan 09 03:45:00 🔔东东健康社区收集能量收集, 结束! 🕛 0.313 秒
Jan 09 03:45:00 
Jan 09 04:05:00 
Jan 09 04:05:00 🔔东东健康社区收集能量收集, 开始!
Jan 09 04:05:00 
Jan 09 04:05:00 ====================共1个京东账号Cookie=========
Jan 09 04:05:00 
Jan 09 04:05:00 ==================脚本执行- 北京时间(UTC+8)：2022/1/9 上午4:05:00=====================
Jan 09 04:05:00 
Jan 09 04:05:00 
Jan 09 04:05:00 ******开始【京东账号1】18055698302_p*********
Jan 09 04:05:00 
Jan 09 04:05:01 任务完成成功，获得：0能量
Jan 09 04:05:01 
Jan 09 04:05:01 🔔东东健康社区收集能量收集, 结束! 🕛 1.446 秒
Jan 09 04:05:01 
Jan 09 04:25:00 
Jan 09 04:25:00 🔔东东健康社区收集能量收集, 开始!
Jan 09 04:25:00 
Jan 09 04:25:00 ====================共1个京东账号Cookie=========
Jan 09 04:25:00 
Jan 09 04:25:00 ==================脚本执行- 北京时间(UTC+8)：2022/1/9 上午4:25:00=====================
Jan 09 04:25:00 
Jan 09 04:25:00 
Jan 09 04:25:00 ******开始【京东账号1】18055698302_p*********
Jan 09 04:25:00 
Jan 09 04:25:00 任务完成成功，获得：0能量
Jan 09 04:25:00 
Jan 09 04:25:00 🔔东东健康社区收集能量收集, 结束! 🕛 0.332 秒
Jan 09 04:25:00 
Jan 09 04:45:00 
Jan 09 04:45:00 🔔东东健康社区收集能量收集, 开始!
Jan 09 04:45:00 
Jan 09 04:45:00 ====================共1个京东账号Cookie=========
Jan 09 04:45:00 
Jan 09 04:45:00 ==================脚本执行- 北京时间(UTC+8)：2022/1/9 上午4:45:00=====================
Jan 09 04:45:00 
Jan 09 04:45:00 
Jan 09 04:45:00 ******开始【京东账号1】18055698302_p*********
Jan 09 04:45:00 
Jan 09 04:45:00 任务完成成功，获得：0能量
Jan 09 04:45:00 
Jan 09 04:45:00 🔔东东健康社区收集能量收集, 结束! 🕛 0.325 秒
Jan 09 04:45:00 
Jan 09 05:05:00 
Jan 09 05:05:00 🔔东东健康社区收集能量收集, 开始!
Jan 09 05:05:00 
Jan 09 05:05:00 ====================共1个京东账号Cookie=========
Jan 09 05:05:00 
Jan 09 05:05:00 ==================脚本执行- 北京时间(UTC+8)：2022/1/9 上午5:05:00=====================
Jan 09 05:05:00 
Jan 09 05:05:00 
Jan 09 05:05:00 ******开始【京东账号1】18055698302_p*********
Jan 09 05:05:00 
Jan 09 05:05:01 任务完成成功，获得：0能量
Jan 09 05:05:01 
Jan 09 05:05:01 🔔东东健康社区收集能量收集, 结束! 🕛 1.055 秒
Jan 09 05:05:01 
Jan 09 05:25:00 
Jan 09 05:25:00 🔔东东健康社区收集能量收集, 开始!
Jan 09 05:25:00 
Jan 09 05:25:00 ====================共1个京东账号Cookie=========
Jan 09 05:25:00 
Jan 09 05:25:00 ==================脚本执行- 北京时间(UTC+8)：2022/1/9 上午5:25:00=====================
Jan 09 05:25:00 
Jan 09 05:25:00 
Jan 09 05:25:00 ******开始【京东账号1】18055698302_p*********
Jan 09 05:25:00 
Jan 09 05:25:00 任务完成成功，获得：0能量
Jan 09 05:25:00 
Jan 09 05:25:00 🔔东东健康社区收集能量收集, 结束! 🕛 0.302 秒
Jan 09 05:25:00 
Jan 09 05:45:00 
Jan 09 05:45:00 🔔东东健康社区收集能量收集, 开始!
Jan 09 05:45:00 
Jan 09 05:45:00 ====================共1个京东账号Cookie=========
Jan 09 05:45:00 
Jan 09 05:45:00 ==================脚本执行- 北京时间(UTC+8)：2022/1/9 上午5:45:00=====================
Jan 09 05:45:00 
Jan 09 05:45:00 
Jan 09 05:45:00 ******开始【京东账号1】18055698302_p*********
Jan 09 05:45:00 
Jan 09 05:45:00 任务完成成功，获得：0能量
Jan 09 05:45:00 
Jan 09 05:45:00 🔔东东健康社区收集能量收集, 结束! 🕛 0.303 秒
Jan 09 05:45:00 
Jan 09 06:05:00 
Jan 09 06:05:00 🔔东东健康社区收集能量收集, 开始!
Jan 09 06:05:00 
Jan 09 06:05:00 ====================共1个京东账号Cookie=========
Jan 09 06:05:00 
Jan 09 06:05:00 ==================脚本执行- 北京时间(UTC+8)：2022/1/9 上午6:05:00=====================
Jan 09 06:05:00 
Jan 09 06:05:00 
Jan 09 06:05:00 ******开始【京东账号1】18055698302_p*********
Jan 09 06:05:00 
Jan 09 06:05:01 任务完成成功，获得：0能量
Jan 09 06:05:01 
Jan 09 06:05:01 🔔东东健康社区收集能量收集, 结束! 🕛 1.145 秒
Jan 09 06:05:01 
Jan 09 06:25:00 
Jan 09 06:25:00 🔔东东健康社区收集能量收集, 开始!
Jan 09 06:25:00 
Jan 09 06:25:00 ====================共1个京东账号Cookie=========
Jan 09 06:25:00 
Jan 09 06:25:00 ==================脚本执行- 北京时间(UTC+8)：2022/1/9 上午6:25:00=====================
Jan 09 06:25:00 
Jan 09 06:25:00 
Jan 09 06:25:00 ******开始【京东账号1】18055698302_p*********
Jan 09 06:25:00 
Jan 09 06:25:00 任务完成成功，获得：0能量
Jan 09 06:25:00 
Jan 09 06:25:00 🔔东东健康社区收集能量收集, 结束! 🕛 0.382 秒
Jan 09 06:25:00 
Jan 09 06:45:00 
Jan 09 06:45:00 🔔东东健康社区收集能量收集, 开始!
Jan 09 06:45:00 
Jan 09 06:45:00 ====================共1个京东账号Cookie=========
Jan 09 06:45:00 
Jan 09 06:45:00 ==================脚本执行- 北京时间(UTC+8)：2022/1/9 上午6:45:00=====================
Jan 09 06:45:00 
Jan 09 06:45:00 
Jan 09 06:45:00 ******开始【京东账号1】18055698302_p*********
Jan 09 06:45:00 
Jan 09 06:45:01 任务完成成功，获得：0能量
Jan 09 06:45:01 
Jan 09 06:45:01 🔔东东健康社区收集能量收集, 结束! 🕛 1.087 秒
Jan 09 06:45:01 
Jan 09 07:05:00 
Jan 09 07:05:00 🔔东东健康社区收集能量收集, 开始!
Jan 09 07:05:00 
Jan 09 07:05:00 ====================共1个京东账号Cookie=========
Jan 09 07:05:00 
Jan 09 07:05:01 ==================脚本执行- 北京时间(UTC+8)：2022/1/9 上午7:05:00=====================
Jan 09 07:05:01 
Jan 09 07:05:01 
Jan 09 07:05:01 ******开始【京东账号1】18055698302_p*********
Jan 09 07:05:01 
Jan 09 07:05:02 任务完成成功，获得：0能量
Jan 09 07:05:02 
Jan 09 07:05:02 🔔东东健康社区收集能量收集, 结束! 🕛 1.308 秒
Jan 09 07:05:02 
Jan 09 07:25:00 
Jan 09 07:25:00 🔔东东健康社区收集能量收集, 开始!
Jan 09 07:25:00 
Jan 09 07:25:00 ====================共1个京东账号Cookie=========
Jan 09 07:25:00 
Jan 09 07:25:00 ==================脚本执行- 北京时间(UTC+8)：2022/1/9 上午7:25:00=====================
Jan 09 07:25:00 
Jan 09 07:25:00 
Jan 09 07:25:00 ******开始【京东账号1】18055698302_p*********
Jan 09 07:25:00 
Jan 09 07:25:01 任务完成成功，获得：0能量
Jan 09 07:25:01 
Jan 09 07:25:01 🔔东东健康社区收集能量收集, 结束! 🕛 0.335 秒
Jan 09 07:25:01 
Jan 09 07:45:00 
Jan 09 07:45:00 🔔东东健康社区收集能量收集, 开始!
Jan 09 07:45:00 
Jan 09 07:45:00 ====================共1个京东账号Cookie=========
Jan 09 07:45:00 
Jan 09 07:45:00 ==================脚本执行- 北京时间(UTC+8)：2022/1/9 上午7:45:00=====================
Jan 09 07:45:00 
Jan 09 07:45:00 
Jan 09 07:45:00 ******开始【京东账号1】18055698302_p*********
Jan 09 07:45:00 
Jan 09 07:45:00 任务完成成功，获得：0能量
Jan 09 07:45:00 
Jan 09 07:45:00 🔔东东健康社区收集能量收集, 结束! 🕛 0.294 秒
Jan 09 07:45:00 
Jan 09 08:05:01 
Jan 09 08:05:01 🔔东东健康社区收集能量收集, 开始!
Jan 09 08:05:01 
Jan 09 08:05:01 ====================共1个京东账号Cookie=========
Jan 09 08:05:01 
Jan 09 08:05:02 ==================脚本执行- 北京时间(UTC+8)：2022/1/9 上午8:05:01=====================
Jan 09 08:05:02 
Jan 09 08:05:02 
Jan 09 08:05:02 ******开始【京东账号1】18055698302_p*********
Jan 09 08:05:02 
Jan 09 08:05:04 任务完成成功，获得：0能量
Jan 09 08:05:04 
Jan 09 08:05:04 🔔东东健康社区收集能量收集, 结束! 🕛 2.529 秒
Jan 09 08:05:04 
Jan 09 08:25:00 
Jan 09 08:25:00 🔔东东健康社区收集能量收集, 开始!
Jan 09 08:25:00 
Jan 09 08:25:00 ====================共1个京东账号Cookie=========
Jan 09 08:25:00 
Jan 09 08:25:00 ==================脚本执行- 北京时间(UTC+8)：2022/1/9 上午8:25:00=====================
Jan 09 08:25:00 
Jan 09 08:25:00 
Jan 09 08:25:00 ******开始【京东账号1】18055698302_p*********
Jan 09 08:25:00 
Jan 09 08:25:01 任务完成成功，获得：0能量
Jan 09 08:25:01 
Jan 09 08:25:01 🔔东东健康社区收集能量收集, 结束! 🕛 0.342 秒
Jan 09 08:25:01 
Jan 09 08:45:00 
Jan 09 08:45:00 🔔东东健康社区收集能量收集, 开始!
Jan 09 08:45:00 
Jan 09 08:45:00 ====================共1个京东账号Cookie=========
Jan 09 08:45:00 
Jan 09 08:45:00 ==================脚本执行- 北京时间(UTC+8)：2022/1/9 上午8:45:00=====================
Jan 09 08:45:00 
Jan 09 08:45:00 
Jan 09 08:45:00 ******开始【京东账号1】18055698302_p*********
Jan 09 08:45:00 
Jan 09 08:45:01 任务完成成功，获得：0能量
Jan 09 08:45:01 
Jan 09 08:45:01 🔔东东健康社区收集能量收集, 结束! 🕛 0.341 秒
Jan 09 08:45:01 
Jan 09 09:05:01 
Jan 09 09:05:01 🔔东东健康社区收集能量收集, 开始!
Jan 09 09:05:01 
Jan 09 09:05:01 ====================共1个京东账号Cookie=========
Jan 09 09:05:01 
Jan 09 09:05:01 ==================脚本执行- 北京时间(UTC+8)：2022/1/9 上午9:05:01=====================
Jan 09 09:05:01 
Jan 09 09:05:01 
Jan 09 09:05:01 ******开始【京东账号1】18055698302_p*********
Jan 09 09:05:01 
Jan 09 09:05:02 任务完成成功，获得：0能量
Jan 09 09:05:02 
Jan 09 09:05:02 🔔东东健康社区收集能量收集, 结束! 🕛 1.367 秒
Jan 09 09:05:02 
Jan 09 09:25:00 
Jan 09 09:25:00 🔔东东健康社区收集能量收集, 开始!
Jan 09 09:25:00 
Jan 09 09:25:00 ====================共1个京东账号Cookie=========
Jan 09 09:25:00 
Jan 09 09:25:00 ==================脚本执行- 北京时间(UTC+8)：2022/1/9 上午9:25:00=====================
Jan 09 09:25:00 
Jan 09 09:25:00 
Jan 09 09:25:00 ******开始【京东账号1】18055698302_p*********
Jan 09 09:25:00 
Jan 09 09:25:01 任务完成成功，获得：0能量
Jan 09 09:25:01 
Jan 09 09:25:01 🔔东东健康社区收集能量收集, 结束! 🕛 0.304 秒
Jan 09 09:25:01 
Jan 09 09:45:00 
Jan 09 09:45:00 🔔东东健康社区收集能量收集, 开始!
Jan 09 09:45:00 
Jan 09 09:45:00 ====================共1个京东账号Cookie=========
Jan 09 09:45:00 
Jan 09 09:45:00 ==================脚本执行- 北京时间(UTC+8)：2022/1/9 上午9:45:00=====================
Jan 09 09:45:00 
Jan 09 09:45:00 
Jan 09 09:45:00 ******开始【京东账号1】18055698302_p*********
Jan 09 09:45:00 
Jan 09 09:45:01 任务完成成功，获得：0能量
Jan 09 09:45:01 
Jan 09 09:45:01 🔔东东健康社区收集能量收集, 结束! 🕛 0.503 秒
Jan 09 09:45:01 
Jan 09 10:05:01 
Jan 09 10:05:01 🔔东东健康社区收集能量收集, 开始!
Jan 09 10:05:01 
Jan 09 10:05:01 ====================共1个京东账号Cookie=========
Jan 09 10:05:01 
Jan 09 10:05:01 ==================脚本执行- 北京时间(UTC+8)：2022/1/9 上午10:05:01=====================
Jan 09 10:05:01 
Jan 09 10:05:01 
Jan 09 10:05:01 ******开始【京东账号1】18055698302_p*********
Jan 09 10:05:01 
Jan 09 10:05:02 任务完成成功，获得：0能量
Jan 09 10:05:02 
Jan 09 10:05:02 🔔东东健康社区收集能量收集, 结束! 🕛 1.402 秒
Jan 09 10:05:02 
Jan 09 10:25:00 
Jan 09 10:25:00 🔔东东健康社区收集能量收集, 开始!
Jan 09 10:25:00 
Jan 09 10:25:00 ====================共1个京东账号Cookie=========
Jan 09 10:25:00 
Jan 09 10:25:00 ==================脚本执行- 北京时间(UTC+8)：2022/1/9 上午10:25:00=====================
Jan 09 10:25:00 
Jan 09 10:25:00 
Jan 09 10:25:00 ******开始【京东账号1】18055698302_p*********
Jan 09 10:25:00 
Jan 09 10:25:01 任务完成成功，获得：0能量
Jan 09 10:25:01 
Jan 09 10:25:01 🔔东东健康社区收集能量收集, 结束! 🕛 0.294 秒
Jan 09 10:25:01 
Jan 09 10:45:00 
Jan 09 10:45:00 🔔东东健康社区收集能量收集, 开始!
Jan 09 10:45:00 
Jan 09 10:45:00 ====================共1个京东账号Cookie=========
Jan 09 10:45:00 
Jan 09 10:45:00 ==================脚本执行- 北京时间(UTC+8)：2022/1/9 上午10:45:00=====================
Jan 09 10:45:00 
Jan 09 10:45:00 
Jan 09 10:45:00 ******开始【京东账号1】18055698302_p*********
Jan 09 10:45:00 
Jan 09 10:45:01 任务完成成功，获得：0能量
Jan 09 10:45:01 
Jan 09 10:45:01 🔔东东健康社区收集能量收集, 结束! 🕛 0.311 秒
Jan 09 10:45:01 
Jan 09 11:05:01 
Jan 09 11:05:01 🔔东东健康社区收集能量收集, 开始!
Jan 09 11:05:01 
Jan 09 11:05:01 ====================共1个京东账号Cookie=========
Jan 09 11:05:01 
Jan 09 11:05:01 ==================脚本执行- 北京时间(UTC+8)：2022/1/9 上午11:05:01=====================
Jan 09 11:05:01 
Jan 09 11:05:01 
Jan 09 11:05:01 ******开始【京东账号1】18055698302_p*********
Jan 09 11:05:01 
Jan 09 11:05:02 任务完成成功，获得：0能量
Jan 09 11:05:02 
Jan 09 11:05:02 🔔东东健康社区收集能量收集, 结束! 🕛 1.271 秒
Jan 09 11:05:02 
Jan 09 11:25:00 
Jan 09 11:25:00 🔔东东健康社区收集能量收集, 开始!
Jan 09 11:25:00 
Jan 09 11:25:00 ====================共1个京东账号Cookie=========
Jan 09 11:25:00 
Jan 09 11:25:01 ==================脚本执行- 北京时间(UTC+8)：2022/1/9 上午11:25:00=====================
Jan 09 11:25:01 
Jan 09 11:25:01 
Jan 09 11:25:01 ******开始【京东账号1】18055698302_p*********
Jan 09 11:25:01 
Jan 09 11:25:01 任务完成成功，获得：0能量
Jan 09 11:25:01 
Jan 09 11:25:01 🔔东东健康社区收集能量收集, 结束! 🕛 0.317 秒
Jan 09 11:25:01 
Jan 09 11:45:00 
Jan 09 11:45:00 🔔东东健康社区收集能量收集, 开始!
Jan 09 11:45:00 
Jan 09 11:45:00 ====================共1个京东账号Cookie=========
Jan 09 11:45:00 
Jan 09 11:45:01 ==================脚本执行- 北京时间(UTC+8)：2022/1/9 上午11:45:00=====================
Jan 09 11:45:01 
Jan 09 11:45:01 
Jan 09 11:45:01 ******开始【京东账号1】18055698302_p*********
Jan 09 11:45:01 
Jan 09 11:45:01 任务完成成功，获得：0能量
Jan 09 11:45:01 
Jan 09 11:45:01 🔔东东健康社区收集能量收集, 结束! 🕛 0.302 秒
Jan 09 11:45:01 
Jan 09 12:05:01 
Jan 09 12:05:01 🔔东东健康社区收集能量收集, 开始!
Jan 09 12:05:01 
Jan 09 12:05:01 ====================共1个京东账号Cookie=========
Jan 09 12:05:01 
Jan 09 12:05:01 ==================脚本执行- 北京时间(UTC+8)：2022/1/9 下午12:05:01=====================
Jan 09 12:05:01 
Jan 09 12:05:01 
Jan 09 12:05:01 ******开始【京东账号1】18055698302_p*********
Jan 09 12:05:01 
Jan 09 12:05:02 任务完成成功，获得：0能量
Jan 09 12:05:02 
Jan 09 12:05:02 🔔东东健康社区收集能量收集, 结束! 🕛 1.273 秒
Jan 09 12:05:02 
Jan 09 12:25:01 
Jan 09 12:25:01 🔔东东健康社区收集能量收集, 开始!
Jan 09 12:25:01 
Jan 09 12:25:01 ====================共1个京东账号Cookie=========
Jan 09 12:25:01 
Jan 09 12:25:01 ==================脚本执行- 北京时间(UTC+8)：2022/1/9 下午12:25:01=====================
Jan 09 12:25:01 
Jan 09 12:25:01 
Jan 09 12:25:01 ******开始【京东账号1】18055698302_p*********
Jan 09 12:25:01 
Jan 09 12:25:01 任务完成成功，获得：0能量
Jan 09 12:25:01 
Jan 09 12:25:01 🔔东东健康社区收集能量收集, 结束! 🕛 0.288 秒
Jan 09 12:25:01 
Jan 09 12:45:01 
Jan 09 12:45:01 🔔东东健康社区收集能量收集, 开始!
Jan 09 12:45:01 
Jan 09 12:45:01 ====================共1个京东账号Cookie=========
Jan 09 12:45:01 
Jan 09 12:45:01 ==================脚本执行- 北京时间(UTC+8)：2022/1/9 下午12:45:01=====================
Jan 09 12:45:01 
Jan 09 12:45:01 
Jan 09 12:45:01 ******开始【京东账号1】18055698302_p*********
Jan 09 12:45:01 
Jan 09 12:45:02 任务完成成功，获得：0能量
Jan 09 12:45:02 
Jan 09 12:45:02 🔔东东健康社区收集能量收集, 结束! 🕛 0.929 秒
Jan 09 12:45:02 
Jan 09 13:05:01 
Jan 09 13:05:01 🔔东东健康社区收集能量收集, 开始!
Jan 09 13:05:01 
Jan 09 13:05:01 ====================共1个京东账号Cookie=========
Jan 09 13:05:01 
Jan 09 13:05:01 ==================脚本执行- 北京时间(UTC+8)：2022/1/9 下午1:05:01=====================
Jan 09 13:05:01 
Jan 09 13:05:01 
Jan 09 13:05:01 ******开始【京东账号1】18055698302_p*********
Jan 09 13:05:01 
Jan 09 13:05:02 任务完成成功，获得：0能量
Jan 09 13:05:02 
Jan 09 13:05:02 🔔东东健康社区收集能量收集, 结束! 🕛 1.192 秒
Jan 09 13:05:02 
Jan 09 13:25:00 
Jan 09 13:25:00 🔔东东健康社区收集能量收集, 开始!
Jan 09 13:25:00 
Jan 09 13:25:00 ====================共1个京东账号Cookie=========
Jan 09 13:25:00 
Jan 09 13:25:00 ==================脚本执行- 北京时间(UTC+8)：2022/1/9 下午1:25:00=====================
Jan 09 13:25:00 
Jan 09 13:25:00 
Jan 09 13:25:00 ******开始【京东账号1】18055698302_p*********
Jan 09 13:25:00 
Jan 09 13:25:00 任务完成成功，获得：0能量
Jan 09 13:25:00 
Jan 09 13:25:00 🔔东东健康社区收集能量收集, 结束! 🕛 0.4 秒
Jan 09 13:25:00 
Jan 09 13:45:00 
Jan 09 13:45:00 🔔东东健康社区收集能量收集, 开始!
Jan 09 13:45:00 
Jan 09 13:45:00 ====================共1个京东账号Cookie=========
Jan 09 13:45:00 
Jan 09 13:45:00 ==================脚本执行- 北京时间(UTC+8)：2022/1/9 下午1:45:00=====================
Jan 09 13:45:00 
Jan 09 13:45:00 
Jan 09 13:45:00 ******开始【京东账号1】18055698302_p*********
Jan 09 13:45:00 
Jan 09 13:45:00 任务完成成功，获得：0能量
Jan 09 13:45:00 
Jan 09 13:45:00 🔔东东健康社区收集能量收集, 结束! 🕛 0.353 秒
Jan 09 13:45:00 
Jan 09 14:05:00 
Jan 09 14:05:00 🔔东东健康社区收集能量收集, 开始!
Jan 09 14:05:00 
Jan 09 14:05:00 ====================共1个京东账号Cookie=========
Jan 09 14:05:00 
Jan 09 14:05:00 ==================脚本执行- 北京时间(UTC+8)：2022/1/9 下午2:05:00=====================
Jan 09 14:05:00 
Jan 09 14:05:00 
Jan 09 14:05:00 ******开始【京东账号1】18055698302_p*********
Jan 09 14:05:00 
Jan 09 14:05:01 任务完成成功，获得：0能量
Jan 09 14:05:01 
Jan 09 14:05:01 🔔东东健康社区收集能量收集, 结束! 🕛 1.056 秒
Jan 09 14:05:01 
Jan 09 14:25:00 
Jan 09 14:25:00 🔔东东健康社区收集能量收集, 开始!
Jan 09 14:25:00 
Jan 09 14:25:00 ====================共1个京东账号Cookie=========
Jan 09 14:25:00 
Jan 09 14:25:00 ==================脚本执行- 北京时间(UTC+8)：2022/1/9 下午2:25:00=====================
Jan 09 14:25:00 
Jan 09 14:25:00 
Jan 09 14:25:00 ******开始【京东账号1】18055698302_p*********
Jan 09 14:25:00 
Jan 09 14:25:00 任务完成成功，获得：0能量
Jan 09 14:25:00 
Jan 09 14:25:00 🔔东东健康社区收集能量收集, 结束! 🕛 0.334 秒
Jan 09 14:25:00 
Jan 09 14:45:00 
Jan 09 14:45:00 🔔东东健康社区收集能量收集, 开始!
Jan 09 14:45:00 
Jan 09 14:45:00 ====================共1个京东账号Cookie=========
Jan 09 14:45:00 
Jan 09 14:45:00 ==================脚本执行- 北京时间(UTC+8)：2022/1/9 下午2:45:00=====================
Jan 09 14:45:00 
Jan 09 14:45:00 
Jan 09 14:45:00 ******开始【京东账号1】18055698302_p*********
Jan 09 14:45:00 
Jan 09 14:45:00 任务完成成功，获得：0能量
Jan 09 14:45:00 
Jan 09 14:45:00 🔔东东健康社区收集能量收集, 结束! 🕛 0.403 秒
Jan 09 14:45:00 
Jan 09 15:05:00 
Jan 09 15:05:00 🔔东东健康社区收集能量收集, 开始!
Jan 09 15:05:00 
Jan 09 15:05:00 ====================共1个京东账号Cookie=========
Jan 09 15:05:00 
Jan 09 15:05:00 ==================脚本执行- 北京时间(UTC+8)：2022/1/9 下午3:05:00=====================
Jan 09 15:05:00 
Jan 09 15:05:00 
Jan 09 15:05:00 ******开始【京东账号1】18055698302_p*********
Jan 09 15:05:00 
Jan 09 15:05:01 任务完成成功，获得：0能量
Jan 09 15:05:01 
Jan 09 15:05:01 🔔东东健康社区收集能量收集, 结束! 🕛 1.312 秒
Jan 09 15:05:01 
Jan 09 15:25:00 
Jan 09 15:25:00 🔔东东健康社区收集能量收集, 开始!
Jan 09 15:25:00 
Jan 09 15:25:00 ====================共1个京东账号Cookie=========
Jan 09 15:25:00 
Jan 09 15:25:00 ==================脚本执行- 北京时间(UTC+8)：2022/1/9 下午3:25:00=====================
Jan 09 15:25:00 
Jan 09 15:25:00 
Jan 09 15:25:00 ******开始【京东账号1】18055698302_p*********
Jan 09 15:25:00 
Jan 09 15:25:00 任务完成成功，获得：0能量
Jan 09 15:25:00 
Jan 09 15:25:00 🔔东东健康社区收集能量收集, 结束! 🕛 0.327 秒
Jan 09 15:25:00 
Jan 09 15:45:00 
Jan 09 15:45:00 🔔东东健康社区收集能量收集, 开始!
Jan 09 15:45:00 
Jan 09 15:45:00 ====================共1个京东账号Cookie=========
Jan 09 15:45:00 
Jan 09 15:45:00 ==================脚本执行- 北京时间(UTC+8)：2022/1/9 下午3:45:00=====================
Jan 09 15:45:00 
Jan 09 15:45:00 
Jan 09 15:45:00 ******开始【京东账号1】18055698302_p*********
Jan 09 15:45:00 
Jan 09 15:45:00 任务完成成功，获得：0能量
Jan 09 15:45:00 
Jan 09 15:45:00 🔔东东健康社区收集能量收集, 结束! 🕛 0.307 秒
Jan 09 15:45:00 
Jan 09 16:05:00 
Jan 09 16:05:00 🔔东东健康社区收集能量收集, 开始!
Jan 09 16:05:00 
Jan 09 16:05:00 ====================共1个京东账号Cookie=========
Jan 09 16:05:00 
Jan 09 16:05:00 ==================脚本执行- 北京时间(UTC+8)：2022/1/9 下午4:05:00=====================
Jan 09 16:05:00 
Jan 09 16:05:00 
Jan 09 16:05:00 ******开始【京东账号1】18055698302_p*********
Jan 09 16:05:00 
Jan 09 16:05:01 任务完成成功，获得：0能量
Jan 09 16:05:01 
Jan 09 16:05:01 🔔东东健康社区收集能量收集, 结束! 🕛 1.101 秒
Jan 09 16:05:01 
Jan 09 16:25:00 
Jan 09 16:25:00 🔔东东健康社区收集能量收集, 开始!
Jan 09 16:25:00 
Jan 09 16:25:00 ====================共1个京东账号Cookie=========
Jan 09 16:25:00 
Jan 09 16:25:00 ==================脚本执行- 北京时间(UTC+8)：2022/1/9 下午4:25:00=====================
Jan 09 16:25:00 
Jan 09 16:25:00 
Jan 09 16:25:00 ******开始【京东账号1】18055698302_p*********
Jan 09 16:25:00 
Jan 09 16:25:00 任务完成成功，获得：0能量
Jan 09 16:25:00 
Jan 09 16:25:00 🔔东东健康社区收集能量收集, 结束! 🕛 0.42 秒
Jan 09 16:25:00 
Jan 09 16:45:00 
Jan 09 16:45:00 🔔东东健康社区收集能量收集, 开始!
Jan 09 16:45:00 
Jan 09 16:45:00 ====================共1个京东账号Cookie=========
Jan 09 16:45:00 
Jan 09 16:45:00 ==================脚本执行- 北京时间(UTC+8)：2022/1/9 下午4:45:00=====================
Jan 09 16:45:00 
Jan 09 16:45:00 
Jan 09 16:45:00 ******开始【京东账号1】18055698302_p*********
Jan 09 16:45:00 
Jan 09 16:45:00 任务完成成功，获得：0能量
Jan 09 16:45:00 
Jan 09 16:45:00 🔔东东健康社区收集能量收集, 结束! 🕛 0.315 秒
Jan 09 16:45:00 
Jan 09 17:05:00 
Jan 09 17:05:00 🔔东东健康社区收集能量收集, 开始!
Jan 09 17:05:00 
Jan 09 17:05:00 ====================共1个京东账号Cookie=========
Jan 09 17:05:00 
Jan 09 17:05:00 ==================脚本执行- 北京时间(UTC+8)：2022/1/9 下午5:05:00=====================
Jan 09 17:05:00 
Jan 09 17:05:00 
Jan 09 17:05:00 ******开始【京东账号1】18055698302_p*********
Jan 09 17:05:00 
Jan 09 17:05:01 任务完成成功，获得：0能量
Jan 09 17:05:01 
Jan 09 17:05:01 🔔东东健康社区收集能量收集, 结束! 🕛 1.403 秒
Jan 09 17:05:01 
Jan 09 17:25:00 
Jan 09 17:25:00 🔔东东健康社区收集能量收集, 开始!
Jan 09 17:25:00 
Jan 09 17:25:00 ====================共1个京东账号Cookie=========
Jan 09 17:25:00 
Jan 09 17:25:00 ==================脚本执行- 北京时间(UTC+8)：2022/1/9 下午5:25:00=====================
Jan 09 17:25:00 
Jan 09 17:25:00 
Jan 09 17:25:00 ******开始【京东账号1】18055698302_p*********
Jan 09 17:25:00 
Jan 09 17:25:00 任务完成成功，获得：0能量
Jan 09 17:25:00 
Jan 09 17:25:00 🔔东东健康社区收集能量收集, 结束! 🕛 0.314 秒
Jan 09 17:25:00 
Jan 09 17:45:00 
Jan 09 17:45:00 🔔东东健康社区收集能量收集, 开始!
Jan 09 17:45:00 
Jan 09 17:45:00 ====================共1个京东账号Cookie=========
Jan 09 17:45:00 
Jan 09 17:45:00 ==================脚本执行- 北京时间(UTC+8)：2022/1/9 下午5:45:00=====================
Jan 09 17:45:00 
Jan 09 17:45:00 
Jan 09 17:45:00 ******开始【京东账号1】18055698302_p*********
Jan 09 17:45:00 
Jan 09 17:45:00 任务完成成功，获得：0能量
Jan 09 17:45:00 
Jan 09 17:45:00 🔔东东健康社区收集能量收集, 结束! 🕛 0.311 秒
Jan 09 17:45:00 
Jan 09 18:05:00 
Jan 09 18:05:00 🔔东东健康社区收集能量收集, 开始!
Jan 09 18:05:00 
Jan 09 18:05:00 ====================共1个京东账号Cookie=========
Jan 09 18:05:00 
Jan 09 18:05:00 ==================脚本执行- 北京时间(UTC+8)：2022/1/9 下午6:05:00=====================
Jan 09 18:05:00 
Jan 09 18:05:00 
Jan 09 18:05:00 ******开始【京东账号1】18055698302_p*********
Jan 09 18:05:00 
Jan 09 18:05:01 任务完成成功，获得：0能量
Jan 09 18:05:01 
Jan 09 18:05:01 🔔东东健康社区收集能量收集, 结束! 🕛 1.107 秒
Jan 09 18:05:01 
Jan 09 18:25:00 
Jan 09 18:25:00 🔔东东健康社区收集能量收集, 开始!
Jan 09 18:25:00 
Jan 09 18:25:00 ====================共1个京东账号Cookie=========
Jan 09 18:25:00 
Jan 09 18:25:00 ==================脚本执行- 北京时间(UTC+8)：2022/1/9 下午6:25:00=====================
Jan 09 18:25:00 
Jan 09 18:25:00 
Jan 09 18:25:00 ******开始【京东账号1】18055698302_p*********
Jan 09 18:25:00 
Jan 09 18:25:00 任务完成成功，获得：0能量
Jan 09 18:25:00 
Jan 09 18:25:00 🔔东东健康社区收集能量收集, 结束! 🕛 0.298 秒
Jan 09 18:25:00 
Jan 09 18:45:00 
Jan 09 18:45:00 🔔东东健康社区收集能量收集, 开始!
Jan 09 18:45:00 
Jan 09 18:45:00 ====================共1个京东账号Cookie=========
Jan 09 18:45:00 
Jan 09 18:45:00 ==================脚本执行- 北京时间(UTC+8)：2022/1/9 下午6:45:00=====================
Jan 09 18:45:00 
Jan 09 18:45:00 
Jan 09 18:45:00 ******开始【京东账号1】18055698302_p*********
Jan 09 18:45:00 
Jan 09 18:45:01 任务完成成功，获得：0能量
Jan 09 18:45:01 
Jan 09 18:45:01 🔔东东健康社区收集能量收集, 结束! 🕛 1.013 秒
Jan 09 18:45:01 
Jan 09 19:05:00 
Jan 09 19:05:00 🔔东东健康社区收集能量收集, 开始!
Jan 09 19:05:00 
Jan 09 19:05:00 ====================共1个京东账号Cookie=========
Jan 09 19:05:00 
Jan 09 19:05:00 ==================脚本执行- 北京时间(UTC+8)：2022/1/9 下午7:05:00=====================
Jan 09 19:05:00 
Jan 09 19:05:00 
Jan 09 19:05:00 ******开始【京东账号1】18055698302_p*********
Jan 09 19:05:00 
Jan 09 19:05:01 任务完成成功，获得：0能量
Jan 09 19:05:01 
Jan 09 19:05:01 🔔东东健康社区收集能量收集, 结束! 🕛 1.017 秒
Jan 09 19:05:01 
Jan 09 19:25:00 
Jan 09 19:25:00 🔔东东健康社区收集能量收集, 开始!
Jan 09 19:25:00 
Jan 09 19:25:00 ====================共1个京东账号Cookie=========
Jan 09 19:25:00 
Jan 09 19:25:00 ==================脚本执行- 北京时间(UTC+8)：2022/1/9 下午7:25:00=====================
Jan 09 19:25:00 
Jan 09 19:25:00 
Jan 09 19:25:00 ******开始【京东账号1】18055698302_p*********
Jan 09 19:25:00 
Jan 09 19:25:00 任务完成成功，获得：0能量
Jan 09 19:25:00 
Jan 09 19:25:00 🔔东东健康社区收集能量收集, 结束! 🕛 0.315 秒
Jan 09 19:25:00 
Jan 09 19:45:00 
Jan 09 19:45:00 🔔东东健康社区收集能量收集, 开始!
Jan 09 19:45:00 
Jan 09 19:45:00 ====================共1个京东账号Cookie=========
Jan 09 19:45:00 
Jan 09 19:45:00 ==================脚本执行- 北京时间(UTC+8)：2022/1/9 下午7:45:00=====================
Jan 09 19:45:00 
Jan 09 19:45:00 
Jan 09 19:45:00 ******开始【京东账号1】18055698302_p*********
Jan 09 19:45:00 
Jan 09 19:45:00 任务完成成功，获得：0能量
Jan 09 19:45:00 
Jan 09 19:45:00 🔔东东健康社区收集能量收集, 结束! 🕛 0.306 秒
Jan 09 19:45:00 
Jan 09 20:05:00 
Jan 09 20:05:00 🔔东东健康社区收集能量收集, 开始!
Jan 09 20:05:00 
Jan 09 20:05:00 ====================共1个京东账号Cookie=========
Jan 09 20:05:00 
Jan 09 20:05:00 ==================脚本执行- 北京时间(UTC+8)：2022/1/9 下午8:05:00=====================
Jan 09 20:05:00 
Jan 09 20:05:00 
Jan 09 20:05:00 ******开始【京东账号1】18055698302_p*********
Jan 09 20:05:00 
Jan 09 20:05:01 任务完成成功，获得：0能量
Jan 09 20:05:01 
Jan 09 20:05:01 🔔东东健康社区收集能量收集, 结束! 🕛 1.164 秒
Jan 09 20:05:01 
Jan 09 20:25:00 
Jan 09 20:25:00 🔔东东健康社区收集能量收集, 开始!
Jan 09 20:25:00 
Jan 09 20:25:00 ====================共1个京东账号Cookie=========
Jan 09 20:25:00 
Jan 09 20:25:00 ==================脚本执行- 北京时间(UTC+8)：2022/1/9 下午8:25:00=====================
Jan 09 20:25:00 
Jan 09 20:25:00 
Jan 09 20:25:00 ******开始【京东账号1】18055698302_p*********
Jan 09 20:25:00 
Jan 09 20:25:00 任务完成成功，获得：0能量
Jan 09 20:25:00 
Jan 09 20:25:00 🔔东东健康社区收集能量收集, 结束! 🕛 0.303 秒
Jan 09 20:25:00 
Jan 09 20:45:00 
Jan 09 20:45:00 🔔东东健康社区收集能量收集, 开始!
Jan 09 20:45:00 
Jan 09 20:45:00 ====================共1个京东账号Cookie=========
Jan 09 20:45:00 
Jan 09 20:45:00 ==================脚本执行- 北京时间(UTC+8)：2022/1/9 下午8:45:00=====================
Jan 09 20:45:00 
Jan 09 20:45:00 
Jan 09 20:45:00 ******开始【京东账号1】18055698302_p*********
Jan 09 20:45:00 
Jan 09 20:45:00 任务完成成功，获得：0能量
Jan 09 20:45:00 
Jan 09 20:45:00 🔔东东健康社区收集能量收集, 结束! 🕛 0.304 秒
Jan 09 20:45:00 
Jan 09 21:05:00 
Jan 09 21:05:00 🔔东东健康社区收集能量收集, 开始!
Jan 09 21:05:00 
Jan 09 21:05:00 ====================共1个京东账号Cookie=========
Jan 09 21:05:00 
Jan 09 21:05:00 ==================脚本执行- 北京时间(UTC+8)：2022/1/9 下午9:05:00=====================
Jan 09 21:05:00 
Jan 09 21:05:00 
Jan 09 21:05:00 ******开始【京东账号1】18055698302_p*********
Jan 09 21:05:00 
Jan 09 21:05:02 任务完成成功，获得：0能量
Jan 09 21:05:02 
Jan 09 21:05:02 🔔东东健康社区收集能量收集, 结束! 🕛 1.308 秒
Jan 09 21:05:02 
Jan 09 21:25:00 
Jan 09 21:25:00 🔔东东健康社区收集能量收集, 开始!
Jan 09 21:25:00 
Jan 09 21:25:00 ====================共1个京东账号Cookie=========
Jan 09 21:25:00 
Jan 09 21:25:00 ==================脚本执行- 北京时间(UTC+8)：2022/1/9 下午9:25:00=====================
Jan 09 21:25:00 
Jan 09 21:25:00 
Jan 09 21:25:00 ******开始【京东账号1】18055698302_p*********
Jan 09 21:25:00 
Jan 09 21:25:01 任务完成成功，获得：0能量
Jan 09 21:25:01 
Jan 09 21:25:01 🔔东东健康社区收集能量收集, 结束! 🕛 0.403 秒
Jan 09 21:25:01 
Jan 09 21:45:00 
Jan 09 21:45:00 🔔东东健康社区收集能量收集, 开始!
Jan 09 21:45:00 
Jan 09 21:45:00 ====================共1个京东账号Cookie=========
Jan 09 21:45:00 
Jan 09 21:45:00 ==================脚本执行- 北京时间(UTC+8)：2022/1/9 下午9:45:00=====================
Jan 09 21:45:00 
Jan 09 21:45:00 
Jan 09 21:45:00 ******开始【京东账号1】18055698302_p*********
Jan 09 21:45:00 
Jan 09 21:45:00 任务完成成功，获得：0能量
Jan 09 21:45:00 
Jan 09 21:45:00 🔔东东健康社区收集能量收集, 结束! 🕛 0.311 秒
Jan 09 21:45:00 
