Jan 07 00:05:00 
Jan 07 00:05:00 🔔领金贴, 开始!
Jan 07 00:05:01 
Jan 07 00:05:01 ====================共1个京东账号Cookie=========
Jan 07 00:05:01 
Jan 07 00:05:01 ==================脚本执行- 北京时间(UTC+8)：2022/1/7 上午12:05:01=====================
Jan 07 00:05:01 
Jan 07 00:05:03 
Jan 07 00:05:03 ******开始【京东账号1】18055698302_p*********
Jan 07 00:05:03 
Jan 07 00:05:04 获取签到状态成功 今日未签到 连续签到 14 天
Jan 07 00:05:04 
Jan 07 00:05:04 签到成功 0
Jan 07 00:05:04 互动任务获取成功
Jan 07 00:05:04 
Jan 07 00:05:04 剩余未接取任务：0
Jan 07 00:05:04 已完成任务：0
Jan 07 00:05:04 
Jan 07 00:05:04 获取当前总金贴成功
Jan 07 00:05:04 
Jan 07 00:05:04 京东账号1 18055698302_p 当前总金贴：0元
Jan 07 00:05:04 
Jan 07 00:05:04 🔔领金贴, 结束! 🕛 4.073 秒
Jan 07 00:05:04 
Jan 08 00:05:00 
Jan 08 00:05:00 🔔领金贴, 开始!
Jan 08 00:05:00 
Jan 08 00:05:00 ====================共1个京东账号Cookie=========
Jan 08 00:05:00 
Jan 08 00:05:00 ==================脚本执行- 北京时间(UTC+8)：2022/1/8 上午12:05:00=====================
Jan 08 00:05:00 
Jan 08 00:05:02 
Jan 08 00:05:02 ******开始【京东账号1】18055698302_p*********
Jan 08 00:05:02 
Jan 08 00:05:03 获取签到状态成功 今日未签到 连续签到 15 天
Jan 08 00:05:03 
Jan 08 00:05:03 签到成功 0
Jan 08 00:05:03 互动任务获取成功
Jan 08 00:05:03 
Jan 08 00:05:03 剩余未接取任务：1
Jan 08 00:05:03 已完成任务：0
Jan 08 00:05:03 
Jan 08 00:05:03 
Jan 08 00:05:03 开始领取 【您有50元金贴奖励待领取】任务
Jan 08 00:05:04 任务接取成功
Jan 08 00:05:07 获取当前总金贴成功
Jan 08 00:05:07 
Jan 08 00:05:07 京东账号1 18055698302_p 当前总金贴：0元
Jan 08 00:05:07 
Jan 08 00:05:07 🔔领金贴, 结束! 🕛 7.028 秒
Jan 08 00:05:07 
Jan 09 00:05:00 
Jan 09 00:05:00 🔔领金贴, 开始!
Jan 09 00:05:00 
Jan 09 00:05:00 ====================共1个京东账号Cookie=========
Jan 09 00:05:00 
Jan 09 00:05:00 ==================脚本执行- 北京时间(UTC+8)：2022/1/9 上午12:05:00=====================
Jan 09 00:05:00 
Jan 09 00:05:02 
Jan 09 00:05:02 ******开始【京东账号1】18055698302_p*********
Jan 09 00:05:02 
Jan 09 00:05:06 获取签到状态成功 今日未签到 连续签到 16 天
Jan 09 00:05:06 
Jan 09 00:05:06 签到成功 0
Jan 09 00:05:06 互动任务获取成功
Jan 09 00:05:06 
Jan 09 00:05:06 剩余未接取任务：1
Jan 09 00:05:06 已完成任务：0
Jan 09 00:05:06 
Jan 09 00:05:06 
Jan 09 00:05:06 开始领取 【您有50元金贴奖励待领取】任务
Jan 09 00:05:06 任务接取成功
Jan 09 00:05:07 获取当前总金贴成功
Jan 09 00:05:07 
Jan 09 00:05:07 京东账号1 18055698302_p 当前总金贴：0.07元
Jan 09 00:05:07 
Jan 09 00:05:07 🔔领金贴, 结束! 🕛 7.063 秒
Jan 09 00:05:07 
