Jan 09 20:00:00 
Jan 09 20:00:00 🔔京享红包, 开始!
Jan 09 20:00:00 
Jan 09 20:00:00 ====================共1个京东账号Cookie=========
Jan 09 20:00:00 
Jan 09 20:00:00 ==================脚本执行- 北京时间(UTC+8)：2022/1/9 下午8:00:00=====================
Jan 09 20:00:00 
Jan 09 20:00:00 
Jan 09 20:00:00 ******开始【京东账号1】18055698302_p*********
Jan 09 20:00:00 
Jan 09 20:00:02 $.actId:2UboZe4RXkJPrpkp6SkpJJgtRmod
Jan 09 20:00:02 异常：活动已结束
Jan 09 20:00:05 $.actId:2UboZe4RXkJPrpkp6SkpJJgtRmod
Jan 09 20:00:05 异常：活动已结束
Jan 09 20:00:08 $.actId:2UboZe4RXkJPrpkp6SkpJJgtRmod
Jan 09 20:00:08 异常：活动已结束
Jan 09 20:00:10 $.actId:2UboZe4RXkJPrpkp6SkpJJgtRmod
Jan 09 20:00:10 异常：活动已结束
Jan 09 20:00:13 $.actId:2UboZe4RXkJPrpkp6SkpJJgtRmod
Jan 09 20:00:13 异常：活动已结束
Jan 09 20:00:15 $.actId:2UboZe4RXkJPrpkp6SkpJJgtRmod
Jan 09 20:00:15 异常：活动已结束
Jan 09 20:00:18 $.actId:2UboZe4RXkJPrpkp6SkpJJgtRmod
Jan 09 20:00:18 异常：活动已结束
Jan 09 20:00:20 $.actId:2UboZe4RXkJPrpkp6SkpJJgtRmod
Jan 09 20:00:21 异常：活动已结束
Jan 09 20:00:23 $.actId:2UboZe4RXkJPrpkp6SkpJJgtRmod
Jan 09 20:00:23 异常：活动已结束
Jan 09 20:00:26 $.actId:2UboZe4RXkJPrpkp6SkpJJgtRmod
Jan 09 20:00:26 异常：活动已结束
Jan 09 20:00:31 
Jan 09 20:00:31 🔔京享红包, 结束! 🕛 30.732 秒
Jan 09 20:00:31 
Jan 09 21:00:00 
Jan 09 21:00:00 🔔京享红包, 开始!
Jan 09 21:00:00 
Jan 09 21:00:00 ====================共1个京东账号Cookie=========
Jan 09 21:00:00 
Jan 09 21:00:00 ==================脚本执行- 北京时间(UTC+8)：2022/1/9 下午9:00:00=====================
Jan 09 21:00:00 
Jan 09 21:00:00 
Jan 09 21:00:00 ******开始【京东账号1】18055698302_p*********
Jan 09 21:00:00 
Jan 09 21:00:03 $.actId:2UboZe4RXkJPrpkp6SkpJJgtRmod
Jan 09 21:00:04 异常：活动已结束
Jan 09 21:00:06 $.actId:2UboZe4RXkJPrpkp6SkpJJgtRmod
Jan 09 21:00:06 异常：活动已结束
Jan 09 21:00:09 $.actId:2UboZe4RXkJPrpkp6SkpJJgtRmod
Jan 09 21:00:09 异常：活动已结束
Jan 09 21:00:11 $.actId:2UboZe4RXkJPrpkp6SkpJJgtRmod
Jan 09 21:00:11 异常：活动已结束
Jan 09 21:00:14 $.actId:2UboZe4RXkJPrpkp6SkpJJgtRmod
Jan 09 21:00:14 异常：活动已结束
Jan 09 21:00:16 $.actId:2UboZe4RXkJPrpkp6SkpJJgtRmod
Jan 09 21:00:17 异常：活动已结束
Jan 09 21:00:19 $.actId:2UboZe4RXkJPrpkp6SkpJJgtRmod
Jan 09 21:00:19 异常：活动已结束
Jan 09 21:00:22 $.actId:2UboZe4RXkJPrpkp6SkpJJgtRmod
Jan 09 21:00:22 异常：活动已结束
Jan 09 21:00:24 $.actId:2UboZe4RXkJPrpkp6SkpJJgtRmod
Jan 09 21:00:24 异常：活动已结束
Jan 09 21:00:27 $.actId:2UboZe4RXkJPrpkp6SkpJJgtRmod
Jan 09 21:00:27 异常：活动已结束
Jan 09 21:00:31 
Jan 09 21:00:31 🔔京享红包, 结束! 🕛 30.81 秒
Jan 09 21:00:31 
