Jan 07 00:45:00 
Jan 07 00:45:00 🔔京东极速版红包, 开始!
Jan 07 00:45:00 
Jan 07 00:45:00 ====================共1个京东账号Cookie=========
Jan 07 00:45:00 
Jan 07 00:45:01 ==================脚本执行- 北京时间(UTC+8)：2022/1/7 上午12:45:00=====================
Jan 07 00:45:01 
Jan 07 00:45:01 
Jan 07 00:45:01 如提示活动火爆,可再执行一次尝试
Jan 07 00:45:01 
Jan 07 00:45:03 
Jan 07 00:45:03 ******开始【京东账号1】15305562330_p*********
Jan 07 00:45:03 
Jan 07 00:45:03 极速版签到提现：签到失败:风控用户，不允许参与活动
Jan 07 00:45:03 
Jan 07 00:45:04 获得0.09大额现金-活动老-京东老
Jan 07 00:45:06 获得优惠券
Jan 07 00:45:08 获得0.05现金-活动老-京东老
Jan 07 00:45:10 去提现0.05微信现金
Jan 07 00:45:10 提现零钱结果：{"success":true,"code":0,"errMsg":"success","data":{"status":"310","message":"提现中"}}
Jan 07 00:45:10 提现成功！
Jan 07 00:45:10 去提现0.09微信现金
Jan 07 00:45:10 提现零钱结果：{"success":true,"code":0,"errMsg":"success","data":{"status":"310","message":"提现中"}}
Jan 07 00:45:10 提现成功！
Jan 07 00:45:11 
Jan 07 00:45:11 ==============📣系统通知📣==============
Jan 07 00:45:11 京东极速版红包
Jan 07 00:45:11 京东账号115305562330_p
Jan 07 00:45:11 获得0.09大额现金-活动老-京东老
Jan 07 00:45:11 获得0.05现金-活动老-京东老
Jan 07 00:45:11 提现0.05微信现金，提现成功！
Jan 07 00:45:11 提现0.09微信现金，提现成功！
Jan 07 00:45:11 
Jan 07 00:45:11 
Jan 07 00:45:11 🔔京东极速版红包, 结束! 🕛 10.251 秒
Jan 07 00:45:11 
Jan 07 23:45:00 
Jan 07 23:45:00 🔔京东极速版红包, 开始!
Jan 07 23:45:00 
Jan 07 23:45:00 ====================共1个京东账号Cookie=========
Jan 07 23:45:00 
Jan 07 23:45:00 ==================脚本执行- 北京时间(UTC+8)：2022/1/7 下午11:45:00=====================
Jan 07 23:45:00 
Jan 07 23:45:00 
Jan 07 23:45:00 如提示活动火爆,可再执行一次尝试
Jan 07 23:45:00 
Jan 07 23:45:01 
Jan 07 23:45:01 ******开始【京东账号1】15305562330_p*********
Jan 07 23:45:01 
Jan 07 23:45:01 极速版签到提现：签到失败:风控用户，不允许参与活动
Jan 07 23:45:01 
Jan 07 23:45:02 今日已领完
Jan 07 23:45:04 今日已领完
Jan 07 23:45:06 今日已领完
Jan 07 23:45:08 
Jan 07 23:45:08 🔔京东极速版红包, 结束! 🕛 8.612 秒
Jan 07 23:45:08 
Jan 08 00:45:00 
Jan 08 00:45:00 🔔京东极速版红包, 开始!
Jan 08 00:45:00 
Jan 08 00:45:00 ====================共1个京东账号Cookie=========
Jan 08 00:45:00 
Jan 08 00:45:01 ==================脚本执行- 北京时间(UTC+8)：2022/1/8 上午12:45:00=====================
Jan 08 00:45:01 
Jan 08 00:45:01 
Jan 08 00:45:01 如提示活动火爆,可再执行一次尝试
Jan 08 00:45:01 
Jan 08 00:45:03 
Jan 08 00:45:03 ******开始【京东账号1】15305562330_p*********
Jan 08 00:45:03 
Jan 08 00:45:03 极速版签到提现：签到失败:风控用户，不允许参与活动
Jan 08 00:45:03 
Jan 08 00:45:03 获得极速版领红包
Jan 08 00:45:06 获得优惠券
Jan 08 00:45:08 获得优惠券
Jan 08 00:45:10 
Jan 08 00:45:10 ==============📣系统通知📣==============
Jan 08 00:45:10 京东极速版红包
Jan 08 00:45:10 京东账号115305562330_p
Jan 08 00:45:10 获得极速版领红包
Jan 08 00:45:10 
Jan 08 00:45:10 
Jan 08 00:45:10 🔔京东极速版红包, 结束! 🕛 9.993 秒
Jan 08 00:45:10 
Jan 08 23:45:01 
Jan 08 23:45:01 🔔京东极速版红包, 开始!
Jan 08 23:45:01 
Jan 08 23:45:01 ====================共1个京东账号Cookie=========
Jan 08 23:45:01 
Jan 08 23:45:01 ==================脚本执行- 北京时间(UTC+8)：2022/1/8 下午11:45:01=====================
Jan 08 23:45:01 
Jan 08 23:45:01 
Jan 08 23:45:01 如提示活动火爆,可再执行一次尝试
Jan 08 23:45:01 
Jan 08 23:45:02 
Jan 08 23:45:02 ******开始【京东账号1】15305562330_p*********
Jan 08 23:45:02 
Jan 08 23:45:02 极速版签到提现：签到失败:风控用户，不允许参与活动
Jan 08 23:45:02 
Jan 08 23:45:03 今日已领完
Jan 08 23:45:05 今日已领完
Jan 08 23:45:07 今日已领完
Jan 08 23:45:09 
Jan 08 23:45:09 🔔京东极速版红包, 结束! 🕛 8.124 秒
Jan 08 23:45:09 
Jan 09 00:45:00 
Jan 09 00:45:00 🔔京东极速版红包, 开始!
Jan 09 00:45:00 
Jan 09 00:45:00 ====================共1个京东账号Cookie=========
Jan 09 00:45:00 
Jan 09 00:45:00 ==================脚本执行- 北京时间(UTC+8)：2022/1/9 上午12:45:00=====================
Jan 09 00:45:00 
Jan 09 00:45:00 
Jan 09 00:45:00 如提示活动火爆,可再执行一次尝试
Jan 09 00:45:00 
Jan 09 00:45:02 
Jan 09 00:45:02 ******开始【京东账号1】15305562330_p*********
Jan 09 00:45:02 
Jan 09 00:45:02 极速版签到提现：签到失败:风控用户，不允许参与活动
Jan 09 00:45:02 
Jan 09 00:45:03 获得极速版领红包
Jan 09 00:45:05 获得极速版领红包
Jan 09 00:45:07 获得优惠券
Jan 09 00:45:10 
Jan 09 00:45:10 ==============📣系统通知📣==============
Jan 09 00:45:10 京东极速版红包
Jan 09 00:45:10 京东账号115305562330_p
Jan 09 00:45:10 获得极速版领红包
Jan 09 00:45:10 获得极速版领红包
Jan 09 00:45:10 
Jan 09 00:45:10 
Jan 09 00:45:10 🔔京东极速版红包, 结束! 🕛 9.788 秒
Jan 09 00:45:10 
