Jan 07 01:21:00 
Jan 07 01:21:00 🔔京东极速版, 开始!
Jan 07 01:21:00 
Jan 07 01:21:00 ====================共1个京东账号Cookie=========
Jan 07 01:21:00 
Jan 07 01:21:00 ==================脚本执行- 北京时间(UTC+8)：2022/1/7 上午1:21:00=====================
Jan 07 01:21:00 
Jan 07 01:21:01 
Jan 07 01:21:01 ******开始【京东账号1】153*****330_p*********
Jan 07 01:21:01 
Jan 07 01:21:01 【幸运大转盘】剩余抽奖机会：1
Jan 07 01:21:01 幸运大转盘抽奖获得：【13-10福利神券-老人】
Jan 07 01:21:01 
Jan 07 01:21:02 【幸运大转盘】剩余抽奖机会：0
Jan 07 01:21:02 逛商品赚金币已完成
Jan 07 01:21:02 【2/8】浏览商品任务记录成功，等待10秒
Jan 07 01:21:13 逛活动赚金币任务完成，获得100金币
Jan 07 01:21:13 【3/8】浏览商品任务记录成功，等待10秒
Jan 07 01:21:23 逛活动赚金币任务完成，获得50金币
Jan 07 01:21:24 【4/8】浏览商品任务记录成功，等待10秒
Jan 07 01:21:34 逛活动赚金币任务完成，获得100金币
Jan 07 01:21:34 【5/8】浏览商品任务记录成功，等待10秒
Jan 07 01:21:44 逛活动赚金币任务完成，获得50金币
Jan 07 01:21:45 【6/8】浏览商品任务记录成功，等待10秒
Jan 07 01:21:55 逛活动赚金币任务完成，获得100金币
Jan 07 01:21:55 【7/8】浏览商品任务记录成功，等待10秒
Jan 07 01:22:06 逛活动赚金币任务完成，获得50金币
Jan 07 01:22:06 【8/8】浏览商品任务记录成功，等待10秒
Jan 07 01:22:16 逛活动赚金币任务完成，获得100金币
Jan 07 01:22:16 逛活动赚金币任务开启失败，任务已达上限
Jan 07 01:22:16 看视频赚金币已完成
Jan 07 01:22:17 邀好友赚金币任务完成成功，预计获得50金币
Jan 07 01:22:18 东东爱消除任务完成成功，预计获得50金币
Jan 07 01:22:19 邀好友送现金任务完成成功，预计获得50金币
Jan 07 01:22:20 发财挖宝任务完成成功，预计获得50金币
Jan 07 01:22:21 签到领现金任务完成成功，预计获得60金币
Jan 07 01:22:22 汪汪乐园任务完成成功，预计获得50金币
Jan 07 01:22:23 购券抽大奖任务完成成功，预计获得50金币
Jan 07 01:22:25 签到免单任务完成成功，预计获得60金币
Jan 07 01:22:26 幸运大转盘任务完成成功，预计获得50金币
Jan 07 01:22:27 推推赚大钱任务完成成功，预计获得50金币
Jan 07 01:22:28 水果免费领任务完成成功，预计获得50金币
Jan 07 01:22:29 天天抽奖任务完成成功，预计获得50金币
Jan 07 01:22:30 砍价免费拿任务完成成功，预计获得50金币
Jan 07 01:22:32 气泡收取成功，获得50金币
Jan 07 01:22:32 气泡收取成功，获得50金币
Jan 07 01:22:33 气泡收取成功，获得50金币
Jan 07 01:22:34 气泡收取成功，获得50金币
Jan 07 01:22:34 气泡收取成功，获得60金币
Jan 07 01:22:35 气泡收取成功，获得50金币
Jan 07 01:22:36 气泡收取成功，获得50金币
Jan 07 01:22:36 气泡收取成功，获得60金币
Jan 07 01:22:37 气泡收取成功，获得50金币
Jan 07 01:22:38 气泡收取成功，获得50金币
Jan 07 01:22:39 气泡收取成功，获得50金币
Jan 07 01:22:39 气泡收取成功，获得50金币
Jan 07 01:22:40 气泡收取成功，获得50金币
Jan 07 01:22:41 
Jan 07 01:22:41 ==============📣系统通知📣==============
Jan 07 01:22:41 京东极速版
Jan 07 01:22:41 京东账号1153*****330_p
Jan 07 01:22:41 幸运大转盘抽奖获得：【13-10福利神券-老人】
Jan 07 01:22:41 本次运行获得1220金币，共计869526金币
Jan 07 01:22:41 可兑换 86.95 元京东红包
Jan 07 01:22:41 兑换入口：京东极速版->我的->金币
Jan 07 01:22:43 
Jan 07 01:22:43 🔔京东极速版, 结束! 🕛 102.457 秒
Jan 07 01:22:43 
Jan 07 06:21:01 
Jan 07 06:21:01 🔔京东极速版, 开始!
Jan 07 06:21:01 
Jan 07 06:21:01 ====================共1个京东账号Cookie=========
Jan 07 06:21:01 
Jan 07 06:21:01 ==================脚本执行- 北京时间(UTC+8)：2022/1/7 上午6:21:01=====================
Jan 07 06:21:01 
Jan 07 06:21:01 
Jan 07 06:21:01 ******开始【京东账号1】153*****330_p*********
Jan 07 06:21:01 
Jan 07 06:21:01 【幸运大转盘】剩余抽奖机会：0
Jan 07 06:21:02 【幸运大转盘】剩余抽奖机会：0
Jan 07 06:21:02 【1/45】浏览商品任务记录成功，等待5秒
Jan 07 06:21:07 逛商品赚金币任务完成，获得35金币
Jan 07 06:21:08 【2/45】浏览商品任务记录成功，等待5秒
Jan 07 06:21:13 逛商品赚金币任务完成，获得49金币
Jan 07 06:21:13 【3/45】浏览商品任务记录成功，等待5秒
Jan 07 06:21:19 逛商品赚金币任务完成，获得37金币
Jan 07 06:21:19 【4/45】浏览商品任务记录成功，等待5秒
Jan 07 06:21:24 逛商品赚金币任务完成，获得47金币
Jan 07 06:21:24 【5/45】浏览商品任务记录成功，等待5秒
Jan 07 06:21:30 逛商品赚金币任务完成，获得72金币
Jan 07 06:21:30 【6/45】浏览商品任务记录成功，等待5秒
Jan 07 06:21:35 逛商品赚金币任务完成，获得47金币
Jan 07 06:21:35 【7/45】浏览商品任务记录成功，等待5秒
Jan 07 06:21:41 逛商品赚金币任务完成，获得37金币
Jan 07 06:21:41 【8/45】浏览商品任务记录成功，等待5秒
Jan 07 06:21:46 逛商品赚金币任务完成，获得47金币
Jan 07 06:21:47 【9/45】浏览商品任务记录成功，等待5秒
Jan 07 06:21:52 逛商品赚金币任务完成，获得37金币
Jan 07 06:21:52 【10/45】浏览商品任务记录成功，等待5秒
Jan 07 06:21:57 逛商品赚金币任务完成，获得79金币
Jan 07 06:21:58 【11/45】浏览商品任务记录成功，等待5秒
Jan 07 06:22:03 逛商品赚金币任务完成，获得35金币
Jan 07 06:22:03 【12/45】浏览商品任务记录成功，等待5秒
Jan 07 06:22:09 逛商品赚金币任务完成，获得49金币
Jan 07 06:22:09 【13/45】浏览商品任务记录成功，等待5秒
Jan 07 06:22:14 逛商品赚金币任务完成，获得26金币
Jan 07 06:22:14 【14/45】浏览商品任务记录成功，等待5秒
Jan 07 06:22:20 逛商品赚金币任务完成，获得38金币
Jan 07 06:22:20 【15/45】浏览商品任务记录成功，等待5秒
Jan 07 06:22:25 逛商品赚金币任务完成，获得61金币
Jan 07 06:22:26 【16/45】浏览商品任务记录成功，等待5秒
Jan 07 06:22:31 逛商品赚金币任务完成，获得36金币
Jan 07 06:22:31 【17/45】浏览商品任务记录成功，等待5秒
Jan 07 06:22:36 逛商品赚金币任务完成，获得26金币
Jan 07 06:22:37 【18/45】浏览商品任务记录成功，等待5秒
Jan 07 06:22:42 逛商品赚金币任务完成，获得38金币
Jan 07 06:22:42 【19/45】浏览商品任务记录成功，等待5秒
Jan 07 06:22:47 逛商品赚金币任务完成，获得29金币
Jan 07 06:22:48 【20/45】浏览商品任务记录成功，等待5秒
Jan 07 06:22:53 逛商品赚金币任务完成，获得69金币
Jan 07 06:22:53 【21/45】浏览商品任务记录成功，等待5秒
Jan 07 06:22:59 逛商品赚金币任务完成，获得27金币
Jan 07 06:22:59 【22/45】浏览商品任务记录成功，等待5秒
Jan 07 06:23:04 逛商品赚金币任务完成，获得37金币
Jan 07 06:23:04 【23/45】浏览商品任务记录成功，等待5秒
Jan 07 06:23:10 逛商品赚金币任务完成，获得26金币
Jan 07 06:23:10 【24/45】浏览商品任务记录成功，等待5秒
Jan 07 06:23:15 逛商品赚金币任务完成，获得38金币
Jan 07 06:23:15 【25/45】浏览商品任务记录成功，等待5秒
Jan 07 06:23:21 逛商品赚金币任务完成，获得79金币
Jan 07 06:23:21 【26/45】浏览商品任务记录成功，等待5秒
Jan 07 06:23:26 逛商品赚金币任务完成，获得24金币
Jan 07 06:23:27 【27/45】浏览商品任务记录成功，等待5秒
Jan 07 06:23:32 逛商品赚金币任务完成，获得18金币
Jan 07 06:23:32 【28/45】浏览商品任务记录成功，等待5秒
Jan 07 06:23:37 逛商品赚金币任务完成，获得24金币
Jan 07 06:23:38 【29/45】浏览商品任务记录成功，等待5秒
Jan 07 06:23:43 逛商品赚金币任务完成，获得19金币
Jan 07 06:23:43 【30/45】浏览商品任务记录成功，等待5秒
Jan 07 06:23:49 逛商品赚金币任务完成，获得62金币
Jan 07 06:23:49 【31/45】浏览商品任务记录成功，等待5秒
Jan 07 06:23:54 逛商品赚金币任务完成，获得19金币
Jan 07 06:23:54 【32/45】浏览商品任务记录成功，等待5秒
Jan 07 06:24:01 逛商品赚金币任务完成，获得23金币
Jan 07 06:24:01 【33/45】浏览商品任务记录成功，等待5秒
Jan 07 06:24:06 逛商品赚金币任务完成，获得19金币
Jan 07 06:24:07 【34/45】浏览商品任务记录成功，等待5秒
Jan 07 06:24:12 逛商品赚金币任务完成，获得23金币
Jan 07 06:24:12 【35/45】浏览商品任务记录成功，等待5秒
Jan 07 06:24:17 逛商品赚金币任务完成，获得64金币
Jan 07 06:24:18 【36/45】浏览商品任务记录成功，等待5秒
Jan 07 06:24:23 逛商品赚金币任务完成，获得11金币
Jan 07 06:24:23 【37/45】浏览商品任务记录成功，等待5秒
Jan 07 06:24:28 逛商品赚金币任务完成，获得9金币
Jan 07 06:24:29 【38/45】浏览商品任务记录成功，等待5秒
Jan 07 06:24:34 逛商品赚金币任务完成，获得11金币
Jan 07 06:24:34 【39/45】浏览商品任务记录成功，等待5秒
Jan 07 06:24:40 逛商品赚金币任务完成，获得9金币
Jan 07 06:24:40 【40/45】浏览商品任务记录成功，等待5秒
Jan 07 06:24:45 逛商品赚金币任务完成，获得75金币
Jan 07 06:24:45 【41/45】浏览商品任务记录成功，等待5秒
Jan 07 06:24:51 逛商品赚金币任务完成，获得9金币
Jan 07 06:24:51 【42/45】浏览商品任务记录成功，等待5秒
Jan 07 06:24:56 逛商品赚金币任务完成，获得11金币
Jan 07 06:24:57 【43/45】浏览商品任务记录成功，等待5秒
Jan 07 06:25:02 逛商品赚金币任务完成，获得9金币
Jan 07 06:25:02 【44/45】浏览商品任务记录成功，等待5秒
Jan 07 06:25:07 逛商品赚金币任务完成，获得11金币
Jan 07 06:25:08 【45/45】浏览商品任务记录成功，等待5秒
Jan 07 06:25:13 逛商品赚金币任务完成，获得70金币
Jan 07 06:25:13 逛商品赚金币任务开启失败，任务已达上限
Jan 07 06:25:13 【1/8】浏览商品任务记录成功，等待10秒
Jan 07 06:25:24 逛活动赚金币任务完成，获得50金币
Jan 07 06:25:24 【2/8】浏览商品任务记录成功，等待10秒
Jan 07 06:25:34 逛活动赚金币任务完成，获得100金币
Jan 07 06:25:35 【3/8】浏览商品任务记录成功，等待10秒
Jan 07 06:25:45 逛活动赚金币任务完成，获得50金币
Jan 07 06:25:45 【4/8】浏览商品任务记录成功，等待10秒
Jan 07 06:25:55 逛活动赚金币任务完成，获得100金币
Jan 07 06:25:56 【5/8】浏览商品任务记录成功，等待10秒
Jan 07 06:26:06 逛活动赚金币任务完成，获得50金币
Jan 07 06:26:06 【6/8】浏览商品任务记录成功，等待10秒
Jan 07 06:26:17 逛活动赚金币任务完成，获得100金币
Jan 07 06:26:17 【7/8】浏览商品任务记录成功，等待10秒
Jan 07 06:26:27 逛活动赚金币任务失败，奖励非法
Jan 07 06:26:28 【7/8】浏览商品任务记录成功，等待10秒
Jan 07 06:26:38 逛活动赚金币任务完成，获得50金币
Jan 07 06:26:38 【8/8】浏览商品任务记录成功，等待10秒
Jan 07 06:26:48 逛活动赚金币任务完成，获得100金币
Jan 07 06:26:49 逛活动赚金币任务开启失败，任务已达上限
Jan 07 06:26:49 【1/85】浏览商品任务记录成功，等待15秒
Jan 07 06:27:04 看视频赚金币任务完成，获得30金币
Jan 07 06:27:04 【2/85】浏览商品任务记录成功，等待15秒
Jan 07 06:27:19 看视频赚金币任务完成，获得30金币
Jan 07 06:27:20 【3/85】浏览商品任务记录成功，等待15秒
Jan 07 06:27:35 看视频赚金币任务完成，获得30金币
Jan 07 06:27:35 【4/85】浏览商品任务记录成功，等待15秒
Jan 07 06:27:50 看视频赚金币任务完成，获得30金币
Jan 07 06:27:50 【5/85】浏览商品任务记录成功，等待15秒
Jan 07 06:28:06 看视频赚金币任务完成，获得120金币
Jan 07 06:28:06 【6/85】浏览商品任务记录成功，等待15秒
Jan 07 06:28:21 看视频赚金币任务完成，获得30金币
Jan 07 06:28:21 【7/85】浏览商品任务记录成功，等待15秒
Jan 07 06:28:37 看视频赚金币任务完成，获得30金币
Jan 07 06:28:37 【8/85】浏览商品任务记录成功，等待15秒
Jan 07 06:28:52 看视频赚金币任务完成，获得30金币
Jan 07 06:28:52 【9/85】浏览商品任务记录成功，等待15秒
Jan 07 06:29:07 看视频赚金币任务完成，获得30金币
Jan 07 06:29:08 【10/85】浏览商品任务记录成功，等待15秒
Jan 07 06:29:23 看视频赚金币任务完成，获得120金币
Jan 07 06:29:23 【11/85】浏览商品任务记录成功，等待15秒
Jan 07 06:29:38 看视频赚金币任务完成，获得30金币
Jan 07 06:29:38 【12/85】浏览商品任务记录成功，等待15秒
Jan 07 06:29:54 看视频赚金币任务完成，获得30金币
Jan 07 06:29:54 【13/85】浏览商品任务记录成功，等待15秒
Jan 07 06:30:09 看视频赚金币任务完成，获得30金币
Jan 07 06:30:09 【14/85】浏览商品任务记录成功，等待15秒
Jan 07 06:30:25 看视频赚金币任务完成，获得30金币
Jan 07 06:30:25 【15/85】浏览商品任务记录成功，等待15秒
Jan 07 06:30:40 看视频赚金币任务完成，获得120金币
Jan 07 06:30:40 【16/85】浏览商品任务记录成功，等待15秒
Jan 07 06:30:55 看视频赚金币任务完成，获得30金币
Jan 07 06:30:56 【17/85】浏览商品任务记录成功，等待15秒
Jan 07 06:31:11 看视频赚金币任务完成，获得30金币
Jan 07 06:31:11 【18/85】浏览商品任务记录成功，等待15秒
Jan 07 06:31:26 看视频赚金币任务完成，获得30金币
Jan 07 06:31:26 【19/85】浏览商品任务记录成功，等待15秒
Jan 07 06:31:42 看视频赚金币任务完成，获得30金币
Jan 07 06:31:42 【20/85】浏览商品任务记录成功，等待15秒
Jan 07 06:31:57 看视频赚金币任务完成，获得120金币
Jan 07 06:31:57 【21/85】浏览商品任务记录成功，等待15秒
Jan 07 06:32:13 看视频赚金币任务完成，获得30金币
Jan 07 06:32:13 【22/85】浏览商品任务记录成功，等待15秒
Jan 07 06:32:28 看视频赚金币任务完成，获得30金币
Jan 07 06:32:28 【23/85】浏览商品任务记录成功，等待15秒
Jan 07 06:32:43 看视频赚金币任务完成，获得30金币
Jan 07 06:32:44 【24/85】浏览商品任务记录成功，等待15秒
Jan 07 06:32:59 看视频赚金币任务完成，获得30金币
Jan 07 06:32:59 【25/85】浏览商品任务记录成功，等待15秒
Jan 07 06:33:14 看视频赚金币任务完成，获得120金币
Jan 07 06:33:14 【26/85】浏览商品任务记录成功，等待15秒
Jan 07 06:33:30 看视频赚金币任务完成，获得30金币
Jan 07 06:33:30 【27/85】浏览商品任务记录成功，等待15秒
Jan 07 06:33:45 看视频赚金币任务完成，获得30金币
Jan 07 06:33:45 【28/85】浏览商品任务记录成功，等待15秒
Jan 07 06:34:01 看视频赚金币任务完成，获得30金币
Jan 07 06:34:01 【29/85】浏览商品任务记录成功，等待15秒
Jan 07 06:34:16 看视频赚金币任务完成，获得30金币
Jan 07 06:34:16 【30/85】浏览商品任务记录成功，等待15秒
Jan 07 06:34:31 看视频赚金币任务完成，获得120金币
Jan 07 06:34:32 【31/85】浏览商品任务记录成功，等待15秒
Jan 07 06:34:47 看视频赚金币任务完成，获得30金币
Jan 07 06:34:47 【32/85】浏览商品任务记录成功，等待15秒
Jan 07 06:35:02 看视频赚金币任务完成，获得30金币
Jan 07 06:35:02 【33/85】浏览商品任务记录成功，等待15秒
Jan 07 06:35:18 看视频赚金币任务完成，获得30金币
Jan 07 06:35:18 【34/85】浏览商品任务记录成功，等待15秒
Jan 07 06:35:33 看视频赚金币任务完成，获得30金币
Jan 07 06:35:33 【35/85】浏览商品任务记录成功，等待15秒
Jan 07 06:35:49 看视频赚金币任务完成，获得120金币
Jan 07 06:35:49 【36/85】浏览商品任务记录成功，等待18秒
Jan 07 06:36:07 看视频赚金币任务完成，获得25金币
Jan 07 06:36:07 【37/85】浏览商品任务记录成功，等待18秒
Jan 07 06:36:25 看视频赚金币任务完成，获得25金币
Jan 07 06:36:26 【38/85】浏览商品任务记录成功，等待18秒
Jan 07 06:36:44 看视频赚金币任务完成，获得25金币
Jan 07 06:36:44 【39/85】浏览商品任务记录成功，等待18秒
Jan 07 06:37:02 看视频赚金币任务完成，获得25金币
Jan 07 06:37:02 【40/85】浏览商品任务记录成功，等待18秒
Jan 07 06:37:21 看视频赚金币任务完成，获得120金币
Jan 07 06:37:21 【41/85】浏览商品任务记录成功，等待18秒
Jan 07 06:37:39 看视频赚金币任务完成，获得25金币
Jan 07 06:37:39 【42/85】浏览商品任务记录成功，等待18秒
Jan 07 06:37:58 看视频赚金币任务完成，获得25金币
Jan 07 06:37:58 【43/85】浏览商品任务记录成功，等待18秒
Jan 07 06:38:16 看视频赚金币任务完成，获得25金币
Jan 07 06:38:16 【44/85】浏览商品任务记录成功，等待18秒
Jan 07 06:38:35 看视频赚金币任务完成，获得25金币
Jan 07 06:38:35 【45/85】浏览商品任务记录成功，等待18秒
Jan 07 06:38:53 看视频赚金币任务完成，获得120金币
Jan 07 06:38:53 【46/85】浏览商品任务记录成功，等待18秒
Jan 07 06:39:11 看视频赚金币任务完成，获得25金币
Jan 07 06:39:12 【47/85】浏览商品任务记录成功，等待18秒
Jan 07 06:39:30 看视频赚金币任务完成，获得25金币
Jan 07 06:39:30 【48/85】浏览商品任务记录成功，等待18秒
Jan 07 06:39:48 看视频赚金币任务完成，获得25金币
Jan 07 06:39:48 【49/85】浏览商品任务记录成功，等待18秒
Jan 07 06:40:07 看视频赚金币任务完成，获得25金币
Jan 07 06:40:07 【50/85】浏览商品任务记录成功，等待18秒
Jan 07 06:40:25 看视频赚金币任务完成，获得120金币
Jan 07 06:40:25 【51/85】浏览商品任务记录成功，等待18秒
Jan 07 06:40:44 看视频赚金币任务完成，获得25金币
Jan 07 06:40:44 【52/85】浏览商品任务记录成功，等待18秒
Jan 07 06:41:02 看视频赚金币任务完成，获得25金币
Jan 07 06:41:02 【53/85】浏览商品任务记录成功，等待18秒
Jan 07 06:41:20 看视频赚金币任务完成，获得25金币
Jan 07 06:41:21 【54/85】浏览商品任务记录成功，等待18秒
Jan 07 06:41:39 看视频赚金币任务完成，获得25金币
Jan 07 06:41:39 【55/85】浏览商品任务记录成功，等待18秒
Jan 07 06:41:57 看视频赚金币任务完成，获得120金币
Jan 07 06:41:57 【56/85】浏览商品任务记录成功，等待18秒
Jan 07 06:42:16 看视频赚金币任务完成，获得25金币
Jan 07 06:42:16 【57/85】浏览商品任务记录成功，等待18秒
Jan 07 06:42:34 看视频赚金币任务完成，获得25金币
Jan 07 06:42:34 【58/85】浏览商品任务记录成功，等待18秒
Jan 07 06:42:53 看视频赚金币任务完成，获得25金币
Jan 07 06:42:53 【59/85】浏览商品任务记录成功，等待18秒
Jan 07 06:43:11 看视频赚金币任务完成，获得25金币
Jan 07 06:43:11 【60/85】浏览商品任务记录成功，等待18秒
Jan 07 06:43:29 看视频赚金币任务完成，获得120金币
Jan 07 06:43:30 【61/85】浏览商品任务记录成功，等待20秒
Jan 07 06:43:50 看视频赚金币任务完成，获得10金币
Jan 07 06:43:50 【62/85】浏览商品任务记录成功，等待20秒
Jan 07 06:44:10 看视频赚金币任务完成，获得10金币
Jan 07 06:44:10 【63/85】浏览商品任务记录成功，等待20秒
Jan 07 06:44:31 看视频赚金币任务完成，获得10金币
Jan 07 06:44:31 【64/85】浏览商品任务记录成功，等待20秒
Jan 07 06:44:51 看视频赚金币任务完成，获得10金币
Jan 07 06:44:51 【65/85】浏览商品任务记录成功，等待20秒
Jan 07 06:45:12 看视频赚金币任务完成，获得60金币
Jan 07 06:45:12 【66/85】浏览商品任务记录成功，等待20秒
Jan 07 06:45:32 看视频赚金币任务完成，获得10金币
Jan 07 06:45:32 【67/85】浏览商品任务记录成功，等待20秒
Jan 07 06:45:52 看视频赚金币任务完成，获得10金币
Jan 07 06:45:53 【68/85】浏览商品任务记录成功，等待20秒
Jan 07 06:46:13 看视频赚金币任务完成，获得10金币
Jan 07 06:46:13 【69/85】浏览商品任务记录成功，等待20秒
Jan 07 06:46:33 看视频赚金币任务完成，获得10金币
Jan 07 06:46:33 【70/85】浏览商品任务记录成功，等待20秒
Jan 07 06:46:54 看视频赚金币任务完成，获得60金币
Jan 07 06:46:54 【71/85】浏览商品任务记录成功，等待20秒
Jan 07 06:47:14 看视频赚金币任务完成，获得10金币
Jan 07 06:47:14 【72/85】浏览商品任务记录成功，等待20秒
Jan 07 06:47:35 看视频赚金币任务完成，获得10金币
Jan 07 06:47:35 【73/85】浏览商品任务记录成功，等待20秒
Jan 07 06:47:55 看视频赚金币任务完成，获得10金币
Jan 07 06:47:55 【74/85】浏览商品任务记录成功，等待20秒
Jan 07 06:48:15 看视频赚金币任务完成，获得10金币
Jan 07 06:48:16 【75/85】浏览商品任务记录成功，等待20秒
Jan 07 06:48:36 看视频赚金币任务完成，获得60金币
Jan 07 06:48:36 【76/85】浏览商品任务记录成功，等待30秒
Jan 07 06:49:06 看视频赚金币任务完成，获得5金币
Jan 07 06:49:06 【77/85】浏览商品任务记录成功，等待30秒
Jan 07 06:49:37 看视频赚金币任务完成，获得5金币
Jan 07 06:49:37 【78/85】浏览商品任务记录成功，等待30秒
Jan 07 06:50:07 看视频赚金币任务完成，获得5金币
Jan 07 06:50:07 【79/85】浏览商品任务记录成功，等待30秒
Jan 07 06:50:38 看视频赚金币任务完成，获得5金币
Jan 07 06:50:38 【80/85】浏览商品任务记录成功，等待30秒
Jan 07 06:51:08 看视频赚金币任务完成，获得40金币
Jan 07 06:51:08 【81/85】浏览商品任务记录成功，等待30秒
Jan 07 06:51:39 看视频赚金币任务完成，获得5金币
Jan 07 06:51:39 【82/85】浏览商品任务记录成功，等待30秒
Jan 07 06:52:09 看视频赚金币任务完成，获得5金币
Jan 07 06:52:09 【83/85】浏览商品任务记录成功，等待30秒
Jan 07 06:52:39 看视频赚金币任务完成，获得5金币
Jan 07 06:52:40 【84/85】浏览商品任务记录成功，等待30秒
Jan 07 06:53:10 看视频赚金币任务完成，获得5金币
Jan 07 06:53:10 【85/85】浏览商品任务记录成功，等待30秒
Jan 07 06:53:40 看视频赚金币任务完成，获得40金币
Jan 07 06:53:40 看视频赚金币任务已达上限
Jan 07 06:53:40 邀好友赚金币已完成
Jan 07 06:53:40 东东爱消除已完成
Jan 07 06:53:40 邀好友送现金已完成
Jan 07 06:53:40 发财挖宝已完成
Jan 07 06:53:40 签到领现金已完成
Jan 07 06:53:40 汪汪乐园已完成
Jan 07 06:53:40 购券抽大奖已完成
Jan 07 06:53:40 签到免单已完成
Jan 07 06:53:40 幸运大转盘已完成
Jan 07 06:53:40 推推赚大钱已完成
Jan 07 06:53:40 水果免费领已完成
Jan 07 06:53:40 天天抽奖已完成
Jan 07 06:53:40 砍价免费拿已完成
Jan 07 06:53:41 
Jan 07 06:53:41 ==============📣系统通知📣==============
Jan 07 06:53:41 京东极速版
Jan 07 06:53:41 京东账号1153*****330_p
Jan 07 06:53:41 本次运行获得5421金币，共计875247金币
Jan 07 06:53:41 可兑换 87.52 元京东红包
Jan 07 06:53:41 兑换入口：京东极速版->我的->金币
Jan 07 06:53:43 
Jan 07 06:53:43 🔔京东极速版, 结束! 🕛 1962.288 秒
Jan 07 06:53:43 
Jan 08 01:21:00 
Jan 08 01:21:00 🔔京东极速版, 开始!
Jan 08 01:21:00 
Jan 08 01:21:00 ====================共1个京东账号Cookie=========
Jan 08 01:21:00 
Jan 08 01:21:00 ==================脚本执行- 北京时间(UTC+8)：2022/1/8 上午1:21:00=====================
Jan 08 01:21:00 
Jan 08 01:21:00 
Jan 08 01:21:00 ******开始【京东账号1】153*****330_p*********
Jan 08 01:21:00 
Jan 08 01:21:01 【幸运大转盘】剩余抽奖机会：1
Jan 08 01:21:01 幸运大转盘抽奖获得：【44-35福利神券-老人】
Jan 08 01:21:01 
Jan 08 01:21:02 【幸运大转盘】剩余抽奖机会：0
Jan 08 01:21:02 逛商品赚金币已完成
Jan 08 01:21:02 逛活动赚金币已完成
Jan 08 01:21:02 看视频赚金币已完成
Jan 08 01:21:02 邀好友赚金币任务完成成功，预计获得50金币
Jan 08 01:21:03 东东爱消除任务完成成功，预计获得50金币
Jan 08 01:21:05 邀好友送现金任务完成成功，预计获得50金币
Jan 08 01:21:06 发财挖宝任务完成成功，预计获得50金币
Jan 08 01:21:07 签到领现金任务完成成功，预计获得60金币
Jan 08 01:21:08 汪汪乐园任务完成成功，预计获得50金币
Jan 08 01:21:09 购券抽大奖任务完成成功，预计获得50金币
Jan 08 01:21:10 签到免单任务完成成功，预计获得60金币
Jan 08 01:21:11 幸运大转盘任务完成成功，预计获得50金币
Jan 08 01:21:13 推推赚大钱任务完成成功，预计获得50金币
Jan 08 01:21:14 水果免费领任务完成成功，预计获得50金币
Jan 08 01:21:15 天天抽奖任务完成成功，预计获得50金币
Jan 08 01:21:16 砍价免费拿任务完成成功，预计获得50金币
Jan 08 01:21:17 气泡收取成功，获得50金币
Jan 08 01:21:18 气泡收取成功，获得50金币
Jan 08 01:21:19 气泡收取成功，获得50金币
Jan 08 01:21:20 气泡收取成功，获得50金币
Jan 08 01:21:20 气泡收取成功，获得60金币
Jan 08 01:21:21 气泡收取成功，获得50金币
Jan 08 01:21:22 气泡收取成功，获得50金币
Jan 08 01:21:22 气泡收取成功，获得60金币
Jan 08 01:21:23 气泡收取成功，获得50金币
Jan 08 01:21:24 气泡收取成功，获得50金币
Jan 08 01:21:24 气泡收取成功，获得50金币
Jan 08 01:21:25 气泡收取成功，获得50金币
Jan 08 01:21:26 气泡收取成功，获得50金币
Jan 08 01:21:26 
Jan 08 01:21:26 ==============📣系统通知📣==============
Jan 08 01:21:26 京东极速版
Jan 08 01:21:26 京东账号1153*****330_p
Jan 08 01:21:26 幸运大转盘抽奖获得：【44-35福利神券-老人】
Jan 08 01:21:26 本次运行获得670金币，共计875917金币
Jan 08 01:21:26 可兑换 87.59 元京东红包
Jan 08 01:21:26 兑换入口：京东极速版->我的->金币
Jan 08 01:21:28 
Jan 08 01:21:28 🔔京东极速版, 结束! 🕛 28.491 秒
Jan 08 01:21:28 
Jan 08 06:21:00 
Jan 08 06:21:00 🔔京东极速版, 开始!
Jan 08 06:21:00 
Jan 08 06:21:00 ====================共1个京东账号Cookie=========
Jan 08 06:21:00 
Jan 08 06:21:00 ==================脚本执行- 北京时间(UTC+8)：2022/1/8 上午6:21:00=====================
Jan 08 06:21:00 
Jan 08 06:21:01 
Jan 08 06:21:01 ******开始【京东账号1】153*****330_p*********
Jan 08 06:21:01 
Jan 08 06:21:01 【幸运大转盘】剩余抽奖机会：0
Jan 08 06:21:01 【幸运大转盘】剩余抽奖机会：0
Jan 08 06:21:02 【1/45】浏览商品任务记录成功，等待5秒
Jan 08 06:21:07 逛商品赚金币任务完成，获得34金币
Jan 08 06:21:07 【2/45】浏览商品任务记录成功，等待5秒
Jan 08 06:21:13 逛商品赚金币任务完成，获得50金币
Jan 08 06:21:13 【3/45】浏览商品任务记录成功，等待5秒
Jan 08 06:21:18 逛商品赚金币任务完成，获得36金币
Jan 08 06:21:19 【4/45】浏览商品任务记录成功，等待5秒
Jan 08 06:21:24 逛商品赚金币任务完成，获得48金币
Jan 08 06:21:24 【5/45】浏览商品任务记录成功，等待5秒
Jan 08 06:21:30 逛商品赚金币任务完成，获得74金币
Jan 08 06:21:30 【6/45】浏览商品任务记录成功，等待5秒
Jan 08 06:21:35 逛商品赚金币任务完成，获得47金币
Jan 08 06:21:35 【7/45】浏览商品任务记录成功，等待5秒
Jan 08 06:21:41 逛商品赚金币任务完成，获得36金币
Jan 08 06:21:41 【8/45】浏览商品任务记录成功，等待5秒
Jan 08 06:21:46 逛商品赚金币任务完成，获得48金币
Jan 08 06:21:47 【9/45】浏览商品任务记录成功，等待5秒
Jan 08 06:21:52 逛商品赚金币任务完成，获得37金币
Jan 08 06:21:52 【10/45】浏览商品任务记录成功，等待5秒
Jan 08 06:21:57 逛商品赚金币任务完成，获得64金币
Jan 08 06:21:58 【11/45】浏览商品任务记录成功，等待5秒
Jan 08 06:22:03 逛商品赚金币任务完成，获得38金币
Jan 08 06:22:03 【12/45】浏览商品任务记录成功，等待5秒
Jan 08 06:22:09 逛商品赚金币任务完成，获得46金币
Jan 08 06:22:09 【13/45】浏览商品任务记录成功，等待5秒
Jan 08 06:22:14 逛商品赚金币任务完成，获得27金币
Jan 08 06:22:15 【14/45】浏览商品任务记录成功，等待5秒
Jan 08 06:22:20 逛商品赚金币任务完成，获得37金币
Jan 08 06:22:20 【15/45】浏览商品任务记录成功，等待5秒
Jan 08 06:22:25 逛商品赚金币任务完成，获得62金币
Jan 08 06:22:26 【16/45】浏览商品任务记录成功，等待5秒
Jan 08 06:22:31 逛商品赚金币任务完成，获得37金币
Jan 08 06:22:31 【17/45】浏览商品任务记录成功，等待5秒
Jan 08 06:22:37 逛商品赚金币任务完成，获得28金币
Jan 08 06:22:37 【18/45】浏览商品任务记录成功，等待5秒
Jan 08 06:22:42 逛商品赚金币任务完成，获得36金币
Jan 08 06:22:42 【19/45】浏览商品任务记录成功，等待5秒
Jan 08 06:22:48 逛商品赚金币任务完成，获得27金币
Jan 08 06:22:48 【20/45】浏览商品任务记录成功，等待5秒
Jan 08 06:22:53 逛商品赚金币任务完成，获得60金币
Jan 08 06:22:54 【21/45】浏览商品任务记录成功，等待5秒
Jan 08 06:22:59 逛商品赚金币任务完成，获得26金币
Jan 08 06:22:59 【22/45】浏览商品任务记录成功，等待5秒
Jan 08 06:23:04 逛商品赚金币任务完成，获得38金币
Jan 08 06:23:05 【23/45】浏览商品任务记录成功，等待5秒
Jan 08 06:23:10 逛商品赚金币任务完成，获得28金币
Jan 08 06:23:10 【24/45】浏览商品任务记录成功，等待5秒
Jan 08 06:23:16 逛商品赚金币任务完成，获得36金币
Jan 08 06:23:16 【25/45】浏览商品任务记录成功，等待5秒
Jan 08 06:23:21 逛商品赚金币任务完成，获得60金币
Jan 08 06:23:21 【26/45】浏览商品任务记录成功，等待5秒
Jan 08 06:23:27 逛商品赚金币任务完成，获得24金币
Jan 08 06:23:27 【27/45】浏览商品任务记录成功，等待5秒
Jan 08 06:23:32 逛商品赚金币任务完成，获得18金币
Jan 08 06:23:33 【28/45】浏览商品任务记录成功，等待5秒
Jan 08 06:23:38 逛商品赚金币任务完成，获得24金币
Jan 08 06:23:38 【29/45】浏览商品任务记录成功，等待5秒
Jan 08 06:23:44 逛商品赚金币任务完成，获得19金币
Jan 08 06:23:44 【30/45】浏览商品任务记录成功，等待5秒
Jan 08 06:23:49 逛商品赚金币任务完成，获得67金币
Jan 08 06:23:49 【31/45】浏览商品任务记录成功，等待5秒
Jan 08 06:23:55 逛商品赚金币任务完成，获得19金币
Jan 08 06:23:55 【32/45】浏览商品任务记录成功，等待5秒
Jan 08 06:24:00 逛商品赚金币任务完成，获得23金币
Jan 08 06:24:01 【33/45】浏览商品任务记录成功，等待5秒
Jan 08 06:24:06 逛商品赚金币任务完成，获得17金币
Jan 08 06:24:06 【34/45】浏览商品任务记录成功，等待5秒
Jan 08 06:24:11 逛商品赚金币任务完成，获得25金币
Jan 08 06:24:12 【35/45】浏览商品任务记录成功，等待5秒
Jan 08 06:24:17 逛商品赚金币任务完成，获得63金币
Jan 08 06:24:17 【36/45】浏览商品任务记录成功，等待5秒
Jan 08 06:24:23 逛商品赚金币任务完成，获得11金币
Jan 08 06:24:23 【37/45】浏览商品任务记录成功，等待5秒
Jan 08 06:24:28 逛商品赚金币任务完成，获得9金币
Jan 08 06:24:28 【38/45】浏览商品任务记录成功，等待5秒
Jan 08 06:24:34 逛商品赚金币任务完成，获得11金币
Jan 08 06:24:34 【39/45】浏览商品任务记录成功，等待5秒
Jan 08 06:24:39 逛商品赚金币任务完成，获得9金币
Jan 08 06:24:40 【40/45】浏览商品任务记录成功，等待5秒
Jan 08 06:24:45 逛商品赚金币任务完成，获得76金币
Jan 08 06:24:45 【41/45】浏览商品任务记录成功，等待5秒
Jan 08 06:24:50 逛商品赚金币任务完成，获得9金币
Jan 08 06:24:51 【42/45】浏览商品任务记录成功，等待5秒
Jan 08 06:24:56 逛商品赚金币任务完成，获得11金币
Jan 08 06:24:56 【43/45】浏览商品任务记录成功，等待5秒
Jan 08 06:25:02 逛商品赚金币任务完成，获得9金币
Jan 08 06:25:02 【44/45】浏览商品任务记录成功，等待5秒
Jan 08 06:25:07 逛商品赚金币任务完成，获得11金币
Jan 08 06:25:07 【45/45】浏览商品任务记录成功，等待5秒
Jan 08 06:25:13 逛商品赚金币任务完成，获得76金币
Jan 08 06:25:13 逛商品赚金币任务开启失败，任务已达上限
Jan 08 06:25:13 【1/8】浏览商品任务记录成功，等待10秒
Jan 08 06:25:24 逛活动赚金币任务完成，获得50金币
Jan 08 06:25:24 【2/8】浏览商品任务记录成功，等待10秒
Jan 08 06:25:34 逛活动赚金币任务完成，获得100金币
Jan 08 06:25:34 【3/8】浏览商品任务记录成功，等待10秒
Jan 08 06:25:45 逛活动赚金币任务完成，获得50金币
Jan 08 06:25:45 【4/8】浏览商品任务记录成功，等待10秒
Jan 08 06:25:55 逛活动赚金币任务完成，获得100金币
Jan 08 06:25:56 【5/8】浏览商品任务记录成功，等待10秒
Jan 08 06:26:06 逛活动赚金币任务完成，获得50金币
Jan 08 06:26:06 【6/8】浏览商品任务记录成功，等待10秒
Jan 08 06:26:17 逛活动赚金币任务完成，获得100金币
Jan 08 06:26:17 【7/8】浏览商品任务记录成功，等待10秒
Jan 08 06:26:27 逛活动赚金币任务完成，获得50金币
Jan 08 06:26:27 【8/8】浏览商品任务记录成功，等待10秒
Jan 08 06:26:38 逛活动赚金币任务完成，获得100金币
Jan 08 06:26:38 逛活动赚金币任务开启失败，任务已达上限
Jan 08 06:26:38 【1/85】浏览商品任务记录成功，等待15秒
Jan 08 06:26:53 看视频赚金币任务完成，获得30金币
Jan 08 06:26:54 【2/85】浏览商品任务记录成功，等待15秒
Jan 08 06:27:09 看视频赚金币任务完成，获得30金币
Jan 08 06:27:09 【3/85】浏览商品任务记录成功，等待15秒
Jan 08 06:27:24 看视频赚金币任务完成，获得30金币
Jan 08 06:27:24 【4/85】浏览商品任务记录成功，等待15秒
Jan 08 06:27:40 看视频赚金币任务完成，获得30金币
Jan 08 06:27:40 【5/85】浏览商品任务记录成功，等待15秒
Jan 08 06:27:55 看视频赚金币任务完成，获得120金币
Jan 08 06:27:55 【6/85】浏览商品任务记录成功，等待15秒
Jan 08 06:28:11 看视频赚金币任务完成，获得30金币
Jan 08 06:28:11 【7/85】浏览商品任务记录成功，等待15秒
Jan 08 06:28:26 看视频赚金币任务完成，获得30金币
Jan 08 06:28:26 【8/85】浏览商品任务记录成功，等待15秒
Jan 08 06:28:42 看视频赚金币任务完成，获得30金币
Jan 08 06:28:42 【9/85】浏览商品任务记录成功，等待15秒
Jan 08 06:28:57 看视频赚金币任务完成，获得30金币
Jan 08 06:28:57 【10/85】浏览商品任务记录成功，等待15秒
Jan 08 06:29:12 看视频赚金币任务完成，获得120金币
Jan 08 06:29:13 【11/85】浏览商品任务记录成功，等待15秒
Jan 08 06:29:28 看视频赚金币任务完成，获得30金币
Jan 08 06:29:28 【12/85】浏览商品任务记录成功，等待15秒
Jan 08 06:29:43 看视频赚金币任务完成，获得30金币
Jan 08 06:29:43 【13/85】浏览商品任务记录成功，等待15秒
Jan 08 06:29:59 看视频赚金币任务完成，获得30金币
Jan 08 06:29:59 【14/85】浏览商品任务记录成功，等待15秒
Jan 08 06:30:14 看视频赚金币任务完成，获得30金币
Jan 08 06:30:14 【15/85】浏览商品任务记录成功，等待15秒
Jan 08 06:30:30 看视频赚金币任务完成，获得120金币
Jan 08 06:30:30 【16/85】浏览商品任务记录成功，等待15秒
Jan 08 06:30:45 看视频赚金币任务完成，获得30金币
Jan 08 06:30:45 【17/85】浏览商品任务记录成功，等待15秒
Jan 08 06:31:00 看视频赚金币任务完成，获得30金币
Jan 08 06:31:01 【18/85】浏览商品任务记录成功，等待15秒
Jan 08 06:31:16 看视频赚金币任务完成，获得30金币
Jan 08 06:31:16 【19/85】浏览商品任务记录成功，等待15秒
Jan 08 06:31:31 看视频赚金币任务完成，获得30金币
Jan 08 06:31:31 【20/85】浏览商品任务记录成功，等待15秒
Jan 08 06:31:47 看视频赚金币任务完成，获得120金币
Jan 08 06:31:47 【21/85】浏览商品任务记录成功，等待15秒
Jan 08 06:32:02 看视频赚金币任务完成，获得30金币
Jan 08 06:32:02 【22/85】浏览商品任务记录成功，等待15秒
Jan 08 06:32:18 看视频赚金币任务完成，获得30金币
Jan 08 06:32:18 【23/85】浏览商品任务记录成功，等待15秒
Jan 08 06:32:33 看视频赚金币任务完成，获得30金币
Jan 08 06:32:33 【24/85】浏览商品任务记录成功，等待15秒
Jan 08 06:32:49 看视频赚金币任务完成，获得30金币
Jan 08 06:32:49 【25/85】浏览商品任务记录成功，等待15秒
Jan 08 06:33:04 看视频赚金币任务完成，获得120金币
Jan 08 06:33:04 【26/85】浏览商品任务记录成功，等待15秒
Jan 08 06:33:19 看视频赚金币任务完成，获得30金币
Jan 08 06:33:20 【27/85】浏览商品任务记录成功，等待15秒
Jan 08 06:33:35 看视频赚金币任务完成，获得30金币
Jan 08 06:33:35 【28/85】浏览商品任务记录成功，等待15秒
Jan 08 06:33:50 看视频赚金币任务完成，获得30金币
Jan 08 06:33:51 【29/85】浏览商品任务记录成功，等待15秒
Jan 08 06:34:06 看视频赚金币任务完成，获得30金币
Jan 08 06:34:06 【30/85】浏览商品任务记录成功，等待15秒
Jan 08 06:34:21 看视频赚金币任务完成，获得120金币
Jan 08 06:34:21 【31/85】浏览商品任务记录成功，等待15秒
Jan 08 06:34:37 看视频赚金币任务完成，获得30金币
Jan 08 06:34:37 【32/85】浏览商品任务记录成功，等待15秒
Jan 08 06:34:52 看视频赚金币任务完成，获得30金币
Jan 08 06:34:52 【33/85】浏览商品任务记录成功，等待15秒
Jan 08 06:35:08 看视频赚金币任务完成，获得30金币
Jan 08 06:35:08 【34/85】浏览商品任务记录成功，等待15秒
Jan 08 06:35:23 看视频赚金币任务完成，获得30金币
Jan 08 06:35:23 【35/85】浏览商品任务记录成功，等待15秒
Jan 08 06:35:39 看视频赚金币任务完成，获得120金币
Jan 08 06:35:39 【36/85】浏览商品任务记录成功，等待18秒
Jan 08 06:35:57 看视频赚金币任务完成，获得25金币
Jan 08 06:35:57 【37/85】浏览商品任务记录成功，等待18秒
Jan 08 06:36:15 看视频赚金币任务完成，获得25金币
Jan 08 06:36:16 【38/85】浏览商品任务记录成功，等待18秒
Jan 08 06:36:34 看视频赚金币任务完成，获得25金币
Jan 08 06:36:34 【39/85】浏览商品任务记录成功，等待18秒
Jan 08 06:36:52 看视频赚金币任务完成，获得25金币
Jan 08 06:36:52 【40/85】浏览商品任务记录成功，等待18秒
Jan 08 06:37:11 看视频赚金币任务完成，获得120金币
Jan 08 06:37:11 【41/85】浏览商品任务记录成功，等待18秒
Jan 08 06:37:29 看视频赚金币任务完成，获得25金币
Jan 08 06:37:29 【42/85】浏览商品任务记录成功，等待18秒
Jan 08 06:37:48 看视频赚金币任务完成，获得25金币
Jan 08 06:37:48 【43/85】浏览商品任务记录成功，等待18秒
Jan 08 06:38:06 看视频赚金币任务完成，获得25金币
Jan 08 06:38:06 【44/85】浏览商品任务记录成功，等待18秒
Jan 08 06:38:25 看视频赚金币任务完成，获得25金币
Jan 08 06:38:25 【45/85】浏览商品任务记录成功，等待18秒
Jan 08 06:38:43 看视频赚金币任务完成，获得120金币
Jan 08 06:38:43 【46/85】浏览商品任务记录成功，等待18秒
Jan 08 06:39:01 看视频赚金币任务完成，获得25金币
Jan 08 06:39:02 【47/85】浏览商品任务记录成功，等待18秒
Jan 08 06:39:20 看视频赚金币任务完成，获得25金币
Jan 08 06:39:20 【48/85】浏览商品任务记录成功，等待18秒
Jan 08 06:39:38 看视频赚金币任务完成，获得25金币
Jan 08 06:39:39 【49/85】浏览商品任务记录成功，等待18秒
Jan 08 06:39:57 看视频赚金币任务完成，获得25金币
Jan 08 06:39:57 【50/85】浏览商品任务记录成功，等待18秒
Jan 08 06:40:15 看视频赚金币任务完成，获得120金币
Jan 08 06:40:15 【51/85】浏览商品任务记录成功，等待18秒
Jan 08 06:40:34 看视频赚金币任务完成，获得25金币
Jan 08 06:40:34 【52/85】浏览商品任务记录成功，等待18秒
Jan 08 06:40:52 看视频赚金币任务完成，获得25金币
Jan 08 06:40:52 【53/85】浏览商品任务记录成功，等待18秒
Jan 08 06:41:11 看视频赚金币任务完成，获得25金币
Jan 08 06:41:11 【54/85】浏览商品任务记录成功，等待18秒
Jan 08 06:41:29 看视频赚金币任务完成，获得25金币
Jan 08 06:41:29 【55/85】浏览商品任务记录成功，等待18秒
Jan 08 06:41:47 看视频赚金币任务完成，获得120金币
Jan 08 06:41:48 【56/85】浏览商品任务记录成功，等待18秒
Jan 08 06:42:06 看视频赚金币任务完成，获得25金币
Jan 08 06:42:06 【57/85】浏览商品任务记录成功，等待18秒
Jan 08 06:42:24 看视频赚金币任务完成，获得25金币
Jan 08 06:42:25 【58/85】浏览商品任务记录成功，等待18秒
Jan 08 06:42:43 看视频赚金币任务完成，获得25金币
Jan 08 06:42:43 【59/85】浏览商品任务记录成功，等待18秒
Jan 08 06:43:01 看视频赚金币任务完成，获得25金币
Jan 08 06:43:01 【60/85】浏览商品任务记录成功，等待18秒
Jan 08 06:43:20 看视频赚金币任务完成，获得120金币
Jan 08 06:43:20 【61/85】浏览商品任务记录成功，等待20秒
Jan 08 06:43:40 看视频赚金币任务完成，获得10金币
Jan 08 06:43:40 【62/85】浏览商品任务记录成功，等待20秒
Jan 08 06:44:01 看视频赚金币任务完成，获得10金币
Jan 08 06:44:01 【63/85】浏览商品任务记录成功，等待20秒
Jan 08 06:44:21 看视频赚金币任务完成，获得10金币
Jan 08 06:44:21 【64/85】浏览商品任务记录成功，等待20秒
Jan 08 06:44:42 看视频赚金币任务完成，获得10金币
Jan 08 06:44:42 【65/85】浏览商品任务记录成功，等待20秒
Jan 08 06:45:02 看视频赚金币任务完成，获得60金币
Jan 08 06:45:02 【66/85】浏览商品任务记录成功，等待20秒
Jan 08 06:45:22 看视频赚金币任务完成，获得10金币
Jan 08 06:45:23 【67/85】浏览商品任务记录成功，等待20秒
Jan 08 06:45:43 看视频赚金币任务完成，获得10金币
Jan 08 06:45:43 【68/85】浏览商品任务记录成功，等待20秒
Jan 08 06:46:03 看视频赚金币任务完成，获得10金币
Jan 08 06:46:03 【69/85】浏览商品任务记录成功，等待20秒
Jan 08 06:46:24 看视频赚金币任务完成，获得10金币
Jan 08 06:46:24 【70/85】浏览商品任务记录成功，等待20秒
Jan 08 06:46:44 看视频赚金币任务完成，获得60金币
Jan 08 06:46:44 【71/85】浏览商品任务记录成功，等待20秒
Jan 08 06:47:05 看视频赚金币任务完成，获得10金币
Jan 08 06:47:05 【72/85】浏览商品任务记录成功，等待20秒
Jan 08 06:47:25 看视频赚金币任务完成，获得10金币
Jan 08 06:47:25 【73/85】浏览商品任务记录成功，等待20秒
Jan 08 06:47:46 看视频赚金币任务完成，获得10金币
Jan 08 06:47:46 【74/85】浏览商品任务记录成功，等待20秒
Jan 08 06:48:06 看视频赚金币任务完成，获得10金币
Jan 08 06:48:06 【75/85】浏览商品任务记录成功，等待20秒
Jan 08 06:48:27 看视频赚金币任务完成，获得60金币
Jan 08 06:48:27 【76/85】浏览商品任务记录成功，等待30秒
Jan 08 06:48:57 看视频赚金币任务完成，获得5金币
Jan 08 06:48:57 【77/85】浏览商品任务记录成功，等待30秒
Jan 08 06:49:27 看视频赚金币任务完成，获得5金币
Jan 08 06:49:28 【78/85】浏览商品任务记录成功，等待30秒
Jan 08 06:49:58 看视频赚金币任务完成，获得5金币
Jan 08 06:49:58 【79/85】浏览商品任务记录成功，等待30秒
Jan 08 06:50:28 看视频赚金币任务完成，获得5金币
Jan 08 06:50:28 【80/85】浏览商品任务记录成功，等待30秒
Jan 08 06:50:59 看视频赚金币任务完成，获得40金币
Jan 08 06:50:59 【81/85】浏览商品任务记录成功，等待30秒
Jan 08 06:51:29 看视频赚金币任务完成，获得5金币
Jan 08 06:51:29 【82/85】浏览商品任务记录成功，等待30秒
Jan 08 06:52:00 看视频赚金币任务完成，获得5金币
Jan 08 06:52:00 【83/85】浏览商品任务记录成功，等待30秒
Jan 08 06:52:30 看视频赚金币任务完成，获得5金币
Jan 08 06:52:30 【84/85】浏览商品任务记录成功，等待30秒
Jan 08 06:53:01 看视频赚金币任务完成，获得5金币
Jan 08 06:53:01 【85/85】浏览商品任务记录成功，等待30秒
Jan 08 06:53:31 看视频赚金币任务完成，获得40金币
Jan 08 06:53:31 看视频赚金币任务已达上限
Jan 08 06:53:31 邀好友赚金币已完成
Jan 08 06:53:31 东东爱消除已完成
Jan 08 06:53:31 邀好友送现金已完成
Jan 08 06:53:31 发财挖宝已完成
Jan 08 06:53:31 签到领现金已完成
Jan 08 06:53:31 汪汪乐园已完成
Jan 08 06:53:31 购券抽大奖已完成
Jan 08 06:53:31 签到免单已完成
Jan 08 06:53:31 幸运大转盘已完成
Jan 08 06:53:31 推推赚大钱已完成
Jan 08 06:53:31 水果免费领已完成
Jan 08 06:53:31 天天抽奖已完成
Jan 08 06:53:31 砍价免费拿已完成
Jan 08 06:53:32 
Jan 08 06:53:32 ==============📣系统通知📣==============
Jan 08 06:53:32 京东极速版
Jan 08 06:53:32 京东账号1153*****330_p
Jan 08 06:53:32 本次运行获得5391金币，共计881508金币
Jan 08 06:53:32 可兑换 88.15 元京东红包
Jan 08 06:53:32 兑换入口：京东极速版->我的->金币
Jan 08 06:53:34 
Jan 08 06:53:34 🔔京东极速版, 结束! 🕛 1953.272 秒
Jan 08 06:53:34 
Jan 09 01:21:00 
Jan 09 01:21:00 🔔京东极速版, 开始!
Jan 09 01:21:00 
Jan 09 01:21:00 ====================共1个京东账号Cookie=========
Jan 09 01:21:00 
Jan 09 01:21:00 ==================脚本执行- 北京时间(UTC+8)：2022/1/9 上午1:21:00=====================
Jan 09 01:21:00 
Jan 09 01:21:00 
Jan 09 01:21:00 ******开始【京东账号1】153*****330_p*********
Jan 09 01:21:00 
Jan 09 01:21:01 【幸运大转盘】剩余抽奖机会：1
Jan 09 01:21:01 幸运大转盘抽奖获得：【44-35福利神券-老人】
Jan 09 01:21:01 
Jan 09 01:21:02 【幸运大转盘】剩余抽奖机会：0
Jan 09 01:21:02 逛商品赚金币已完成
Jan 09 01:21:02 逛活动赚金币已完成
Jan 09 01:21:02 看视频赚金币已完成
Jan 09 01:21:02 邀好友赚金币任务完成成功，预计获得50金币
Jan 09 01:21:03 东东爱消除任务完成成功，预计获得50金币
Jan 09 01:21:04 邀好友送现金任务完成成功，预计获得50金币
Jan 09 01:21:05 发财挖宝任务完成成功，预计获得50金币
Jan 09 01:21:07 签到领现金任务完成成功，预计获得60金币
Jan 09 01:21:08 汪汪乐园任务完成成功，预计获得50金币
Jan 09 01:21:09 购券抽大奖任务完成成功，预计获得50金币
Jan 09 01:21:10 签到免单任务完成成功，预计获得60金币
Jan 09 01:21:11 幸运大转盘任务完成成功，预计获得50金币
Jan 09 01:21:12 推推赚大钱任务完成成功，预计获得50金币
Jan 09 01:21:14 水果免费领任务完成成功，预计获得50金币
Jan 09 01:21:15 天天抽奖任务完成成功，预计获得50金币
Jan 09 01:21:16 砍价免费拿任务完成成功，预计获得50金币
Jan 09 01:21:17 气泡收取成功，获得50金币
Jan 09 01:21:18 气泡收取成功，获得50金币
Jan 09 01:21:19 气泡收取成功，获得50金币
Jan 09 01:21:19 气泡收取成功，获得50金币
Jan 09 01:21:20 气泡收取成功，获得60金币
Jan 09 01:21:21 气泡收取成功，获得50金币
Jan 09 01:21:22 气泡收取成功，获得50金币
Jan 09 01:21:22 气泡收取成功，获得60金币
Jan 09 01:21:23 气泡收取成功，获得50金币
Jan 09 01:21:24 气泡收取成功，获得50金币
Jan 09 01:21:24 气泡收取成功，获得50金币
Jan 09 01:21:25 气泡收取成功，获得50金币
Jan 09 01:21:26 气泡收取成功，获得50金币
Jan 09 01:21:26 
Jan 09 01:21:26 ==============📣系统通知📣==============
Jan 09 01:21:26 京东极速版
Jan 09 01:21:26 京东账号1153*****330_p
Jan 09 01:21:26 幸运大转盘抽奖获得：【44-35福利神券-老人】
Jan 09 01:21:26 本次运行获得670金币，共计882178金币
Jan 09 01:21:26 可兑换 88.22 元京东红包
Jan 09 01:21:26 兑换入口：京东极速版->我的->金币
Jan 09 01:21:28 
Jan 09 01:21:28 🔔京东极速版, 结束! 🕛 28.66 秒
Jan 09 01:21:28 
Jan 09 06:21:00 
Jan 09 06:21:00 🔔京东极速版, 开始!
Jan 09 06:21:00 
Jan 09 06:21:00 ====================共1个京东账号Cookie=========
Jan 09 06:21:00 
Jan 09 06:21:00 ==================脚本执行- 北京时间(UTC+8)：2022/1/9 上午6:21:00=====================
Jan 09 06:21:00 
Jan 09 06:21:00 
Jan 09 06:21:00 ******开始【京东账号1】153*****330_p*********
Jan 09 06:21:00 
Jan 09 06:21:01 【幸运大转盘】剩余抽奖机会：0
Jan 09 06:21:01 【幸运大转盘】剩余抽奖机会：0
Jan 09 06:21:02 【1/45】浏览商品任务记录成功，等待5秒
Jan 09 06:21:07 逛商品赚金币任务完成，获得37金币
Jan 09 06:21:07 【2/45】浏览商品任务记录成功，等待5秒
Jan 09 06:21:12 逛商品赚金币任务完成，获得47金币
Jan 09 06:21:13 【3/45】浏览商品任务记录成功，等待5秒
Jan 09 06:21:18 逛商品赚金币任务完成，获得38金币
Jan 09 06:21:18 【4/45】浏览商品任务记录成功，等待5秒
Jan 09 06:21:24 逛商品赚金币任务完成，获得46金币
Jan 09 06:21:24 【5/45】浏览商品任务记录成功，等待5秒
Jan 09 06:21:29 逛商品赚金币任务完成，获得64金币
Jan 09 06:21:29 【6/45】浏览商品任务记录成功，等待5秒
Jan 09 06:21:35 逛商品赚金币任务完成，获得47金币
Jan 09 06:21:35 【7/45】浏览商品任务记录成功，等待5秒
Jan 09 06:21:40 逛商品赚金币任务完成，获得38金币
Jan 09 06:21:41 【8/45】浏览商品任务记录成功，等待5秒
Jan 09 06:21:46 逛商品赚金币任务完成，获得46金币
Jan 09 06:21:46 【9/45】浏览商品任务记录成功，等待5秒
Jan 09 06:21:51 逛商品赚金币任务完成，获得35金币
Jan 09 06:21:52 【10/45】浏览商品任务记录成功，等待5秒
Jan 09 06:21:57 逛商品赚金币任务完成，获得74金币
Jan 09 06:21:57 【11/45】浏览商品任务记录成功，等待5秒
Jan 09 06:22:02 逛商品赚金币任务完成，获得35金币
Jan 09 06:22:03 【12/45】浏览商品任务记录成功，等待5秒
Jan 09 06:22:08 逛商品赚金币任务完成，获得49金币
Jan 09 06:22:08 【13/45】浏览商品任务记录成功，等待5秒
Jan 09 06:22:14 逛商品赚金币任务完成，获得29金币
Jan 09 06:22:14 【14/45】浏览商品任务记录成功，等待5秒
Jan 09 06:22:19 逛商品赚金币任务完成，获得35金币
Jan 09 06:22:19 【15/45】浏览商品任务记录成功，等待5秒
Jan 09 06:22:25 逛商品赚金币任务完成，获得71金币
Jan 09 06:22:25 【16/45】浏览商品任务记录成功，等待5秒
Jan 09 06:22:30 逛商品赚金币任务完成，获得36金币
Jan 09 06:22:31 【17/45】浏览商品任务记录成功，等待5秒
Jan 09 06:22:36 逛商品赚金币任务完成，获得26金币
Jan 09 06:22:36 【18/45】浏览商品任务记录成功，等待5秒
Jan 09 06:22:41 逛商品赚金币任务完成，获得38金币
Jan 09 06:22:42 【19/45】浏览商品任务记录成功，等待5秒
Jan 09 06:22:47 逛商品赚金币任务完成，获得29金币
Jan 09 06:22:47 【20/45】浏览商品任务记录成功，等待5秒
Jan 09 06:22:53 逛商品赚金币任务完成，获得65金币
Jan 09 06:22:53 【21/45】浏览商品任务记录成功，等待5秒
Jan 09 06:22:58 逛商品赚金币任务完成，获得27金币
Jan 09 06:22:58 【22/45】浏览商品任务记录成功，等待5秒
Jan 09 06:23:04 逛商品赚金币任务完成，获得37金币
Jan 09 06:23:04 【23/45】浏览商品任务记录成功，等待5秒
Jan 09 06:23:09 逛商品赚金币任务完成，获得26金币
Jan 09 06:23:09 【24/45】浏览商品任务记录成功，等待5秒
Jan 09 06:23:15 逛商品赚金币任务完成，获得38金币
Jan 09 06:23:15 【25/45】浏览商品任务记录成功，等待5秒
Jan 09 06:23:20 逛商品赚金币任务完成，获得60金币
Jan 09 06:23:21 【26/45】浏览商品任务记录成功，等待5秒
Jan 09 06:23:26 逛商品赚金币任务完成，获得25金币
Jan 09 06:23:26 【27/45】浏览商品任务记录成功，等待5秒
Jan 09 06:23:31 逛商品赚金币任务完成，获得19金币
Jan 09 06:23:32 【28/45】浏览商品任务记录成功，等待5秒
Jan 09 06:23:37 逛商品赚金币任务完成，获得23金币
Jan 09 06:23:37 【29/45】浏览商品任务记录成功，等待5秒
Jan 09 06:23:42 逛商品赚金币任务完成，获得18金币
Jan 09 06:23:43 【30/45】浏览商品任务记录成功，等待5秒
Jan 09 06:23:48 逛商品赚金币任务完成，获得79金币
Jan 09 06:23:48 【31/45】浏览商品任务记录成功，等待5秒
Jan 09 06:23:54 逛商品赚金币任务完成，获得17金币
Jan 09 06:23:54 【32/45】浏览商品任务记录成功，等待5秒
Jan 09 06:23:59 逛商品赚金币任务完成，获得25金币
Jan 09 06:23:59 【33/45】浏览商品任务记录成功，等待5秒
Jan 09 06:24:05 逛商品赚金币任务完成，获得18金币
Jan 09 06:24:05 【34/45】浏览商品任务记录成功，等待5秒
Jan 09 06:24:10 逛商品赚金币任务完成，获得24金币
Jan 09 06:24:11 【35/45】浏览商品任务记录成功，等待5秒
Jan 09 06:24:16 逛商品赚金币任务完成，获得68金币
Jan 09 06:24:16 【36/45】浏览商品任务记录成功，等待5秒
Jan 09 06:24:21 逛商品赚金币任务完成，获得12金币
Jan 09 06:24:22 【37/45】浏览商品任务记录成功，等待5秒
Jan 09 06:24:27 逛商品赚金币任务完成，获得9金币
Jan 09 06:24:27 【38/45】浏览商品任务记录成功，等待5秒
Jan 09 06:24:32 逛商品赚金币任务完成，获得11金币
Jan 09 06:24:33 【39/45】浏览商品任务记录成功，等待5秒
Jan 09 06:24:38 逛商品赚金币任务完成，获得8金币
Jan 09 06:24:38 【40/45】浏览商品任务记录成功，等待5秒
Jan 09 06:24:44 逛商品赚金币任务完成，获得70金币
Jan 09 06:24:44 【41/45】浏览商品任务记录成功，等待5秒
Jan 09 06:24:49 逛商品赚金币任务完成，获得9金币
Jan 09 06:24:49 【42/45】浏览商品任务记录成功，等待5秒
Jan 09 06:24:55 逛商品赚金币任务完成，获得11金币
Jan 09 06:24:55 【43/45】浏览商品任务记录成功，等待5秒
Jan 09 06:25:00 逛商品赚金币任务完成，获得9金币
Jan 09 06:25:01 【44/45】浏览商品任务记录成功，等待5秒
Jan 09 06:25:06 逛商品赚金币任务完成，获得11金币
Jan 09 06:25:06 【45/45】浏览商品任务记录成功，等待5秒
Jan 09 06:25:11 逛商品赚金币任务完成，获得76金币
Jan 09 06:25:12 逛商品赚金币任务开启失败，任务已达上限
Jan 09 06:25:12 【1/8】浏览商品任务记录成功，等待10秒
Jan 09 06:25:22 逛活动赚金币任务完成，获得50金币
Jan 09 06:25:22 【2/8】浏览商品任务记录成功，等待10秒
Jan 09 06:25:33 逛活动赚金币任务完成，获得100金币
Jan 09 06:25:33 【3/8】浏览商品任务记录成功，等待10秒
Jan 09 06:25:43 逛活动赚金币任务完成，获得50金币
Jan 09 06:25:44 【4/8】浏览商品任务记录成功，等待10秒
Jan 09 06:25:54 逛活动赚金币任务完成，获得100金币
Jan 09 06:25:54 【5/8】浏览商品任务记录成功，等待10秒
Jan 09 06:26:04 逛活动赚金币任务完成，获得50金币
Jan 09 06:26:05 【6/8】浏览商品任务记录成功，等待10秒
Jan 09 06:26:15 逛活动赚金币任务完成，获得100金币
Jan 09 06:26:15 【7/8】浏览商品任务记录成功，等待10秒
Jan 09 06:26:26 逛活动赚金币任务完成，获得50金币
Jan 09 06:26:26 【8/8】浏览商品任务记录成功，等待10秒
Jan 09 06:26:36 逛活动赚金币任务失败，奖励非法
Jan 09 06:26:36 【8/8】浏览商品任务记录成功，等待10秒
Jan 09 06:26:47 逛活动赚金币任务完成，获得100金币
Jan 09 06:26:47 逛活动赚金币任务开启失败，任务已达上限
Jan 09 06:26:47 【1/85】浏览商品任务记录成功，等待15秒
Jan 09 06:27:02 看视频赚金币任务完成，获得30金币
Jan 09 06:27:03 【2/85】浏览商品任务记录成功，等待15秒
Jan 09 06:27:18 看视频赚金币任务完成，获得30金币
Jan 09 06:27:18 【3/85】浏览商品任务记录成功，等待15秒
Jan 09 06:27:33 看视频赚金币任务完成，获得30金币
Jan 09 06:27:33 【4/85】浏览商品任务记录成功，等待15秒
Jan 09 06:27:49 看视频赚金币任务完成，获得30金币
Jan 09 06:27:49 【5/85】浏览商品任务记录成功，等待15秒
Jan 09 06:28:04 看视频赚金币任务完成，获得120金币
Jan 09 06:28:04 【6/85】浏览商品任务记录成功，等待15秒
Jan 09 06:28:20 看视频赚金币任务完成，获得30金币
Jan 09 06:28:20 【7/85】浏览商品任务记录成功，等待15秒
Jan 09 06:28:35 看视频赚金币任务完成，获得30金币
Jan 09 06:28:35 【8/85】浏览商品任务记录成功，等待15秒
Jan 09 06:28:50 看视频赚金币任务完成，获得30金币
Jan 09 06:28:51 【9/85】浏览商品任务记录成功，等待15秒
Jan 09 06:29:06 看视频赚金币任务完成，获得30金币
Jan 09 06:29:06 【10/85】浏览商品任务记录成功，等待15秒
Jan 09 06:29:21 看视频赚金币任务完成，获得120金币
Jan 09 06:29:21 【11/85】浏览商品任务记录成功，等待15秒
Jan 09 06:29:37 看视频赚金币任务完成，获得30金币
Jan 09 06:29:37 【12/85】浏览商品任务记录成功，等待15秒
Jan 09 06:29:52 看视频赚金币任务完成，获得30金币
Jan 09 06:29:52 【13/85】浏览商品任务记录成功，等待15秒
Jan 09 06:30:08 看视频赚金币任务完成，获得30金币
Jan 09 06:30:08 【14/85】浏览商品任务记录成功，等待15秒
Jan 09 06:30:23 看视频赚金币任务完成，获得30金币
Jan 09 06:30:23 【15/85】浏览商品任务记录成功，等待15秒
Jan 09 06:30:38 看视频赚金币任务完成，获得120金币
Jan 09 06:30:39 【16/85】浏览商品任务记录成功，等待15秒
Jan 09 06:30:54 看视频赚金币任务完成，获得30金币
Jan 09 06:30:54 【17/85】浏览商品任务记录成功，等待15秒
Jan 09 06:31:09 看视频赚金币任务完成，获得30金币
Jan 09 06:31:09 【18/85】浏览商品任务记录成功，等待15秒
Jan 09 06:31:25 看视频赚金币任务完成，获得30金币
Jan 09 06:31:25 【19/85】浏览商品任务记录成功，等待15秒
Jan 09 06:31:40 看视频赚金币任务完成，获得30金币
Jan 09 06:31:40 【20/85】浏览商品任务记录成功，等待15秒
Jan 09 06:31:56 看视频赚金币任务完成，获得120金币
Jan 09 06:31:56 【21/85】浏览商品任务记录成功，等待15秒
Jan 09 06:32:11 看视频赚金币任务完成，获得30金币
Jan 09 06:32:11 【22/85】浏览商品任务记录成功，等待15秒
Jan 09 06:32:26 看视频赚金币任务完成，获得30金币
Jan 09 06:32:27 【23/85】浏览商品任务记录成功，等待15秒
Jan 09 06:32:42 看视频赚金币任务完成，获得30金币
Jan 09 06:32:42 【24/85】浏览商品任务记录成功，等待15秒
Jan 09 06:32:57 看视频赚金币任务完成，获得30金币
Jan 09 06:32:57 【25/85】浏览商品任务记录成功，等待15秒
Jan 09 06:33:13 看视频赚金币任务完成，获得120金币
Jan 09 06:33:13 【26/85】浏览商品任务记录成功，等待15秒
Jan 09 06:33:28 看视频赚金币任务完成，获得30金币
Jan 09 06:33:28 【27/85】浏览商品任务记录成功，等待15秒
Jan 09 06:33:44 看视频赚金币任务完成，获得30金币
Jan 09 06:33:44 【28/85】浏览商品任务记录成功，等待15秒
Jan 09 06:33:59 看视频赚金币任务完成，获得30金币
Jan 09 06:33:59 【29/85】浏览商品任务记录成功，等待15秒
Jan 09 06:34:14 看视频赚金币任务完成，获得30金币
Jan 09 06:34:15 【30/85】浏览商品任务记录成功，等待15秒
Jan 09 06:34:30 看视频赚金币任务完成，获得120金币
Jan 09 06:34:30 【31/85】浏览商品任务记录成功，等待15秒
Jan 09 06:34:45 看视频赚金币任务完成，获得30金币
Jan 09 06:34:45 【32/85】浏览商品任务记录成功，等待15秒
Jan 09 06:35:01 看视频赚金币任务完成，获得30金币
Jan 09 06:35:01 【33/85】浏览商品任务记录成功，等待15秒
Jan 09 06:35:16 看视频赚金币任务完成，获得30金币
Jan 09 06:35:16 【34/85】浏览商品任务记录成功，等待15秒
Jan 09 06:35:32 看视频赚金币任务完成，获得30金币
Jan 09 06:35:32 【35/85】浏览商品任务记录成功，等待15秒
Jan 09 06:35:47 看视频赚金币任务完成，获得120金币
Jan 09 06:35:47 【36/85】浏览商品任务记录成功，等待18秒
Jan 09 06:36:05 看视频赚金币任务完成，获得25金币
Jan 09 06:36:06 【37/85】浏览商品任务记录成功，等待18秒
Jan 09 06:36:24 看视频赚金币任务完成，获得25金币
Jan 09 06:36:24 【38/85】浏览商品任务记录成功，等待18秒
Jan 09 06:36:42 看视频赚金币任务完成，获得25金币
Jan 09 06:36:42 【39/85】浏览商品任务记录成功，等待18秒
Jan 09 06:37:01 看视频赚金币任务完成，获得25金币
Jan 09 06:37:01 【40/85】浏览商品任务记录成功，等待18秒
Jan 09 06:37:19 看视频赚金币任务完成，获得120金币
Jan 09 06:37:19 【41/85】浏览商品任务记录成功，等待18秒
Jan 09 06:37:38 看视频赚金币任务完成，获得25金币
Jan 09 06:37:38 【42/85】浏览商品任务记录成功，等待18秒
Jan 09 06:37:56 看视频赚金币任务完成，获得25金币
Jan 09 06:37:56 【43/85】浏览商品任务记录成功，等待18秒
Jan 09 06:38:14 看视频赚金币任务完成，获得25金币
Jan 09 06:38:15 【44/85】浏览商品任务记录成功，等待18秒
Jan 09 06:38:33 看视频赚金币任务完成，获得25金币
Jan 09 06:38:33 【45/85】浏览商品任务记录成功，等待18秒
Jan 09 06:38:51 看视频赚金币任务完成，获得120金币
Jan 09 06:38:51 【46/85】浏览商品任务记录成功，等待18秒
Jan 09 06:39:10 看视频赚金币任务完成，获得25金币
Jan 09 06:39:10 【47/85】浏览商品任务记录成功，等待18秒
Jan 09 06:39:28 看视频赚金币任务完成，获得25金币
Jan 09 06:39:28 【48/85】浏览商品任务记录成功，等待18秒
Jan 09 06:39:47 看视频赚金币任务完成，获得25金币
Jan 09 06:39:47 【49/85】浏览商品任务记录成功，等待18秒
Jan 09 06:40:05 看视频赚金币任务完成，获得25金币
Jan 09 06:40:05 【50/85】浏览商品任务记录成功，等待18秒
Jan 09 06:40:23 看视频赚金币任务完成，获得120金币
Jan 09 06:40:24 【51/85】浏览商品任务记录成功，等待18秒
Jan 09 06:40:42 看视频赚金币任务完成，获得25金币
Jan 09 06:40:42 【52/85】浏览商品任务记录成功，等待18秒
Jan 09 06:41:00 看视频赚金币任务完成，获得25金币
Jan 09 06:41:00 【53/85】浏览商品任务记录成功，等待18秒
Jan 09 06:41:19 看视频赚金币任务完成，获得25金币
Jan 09 06:41:19 【54/85】浏览商品任务记录成功，等待18秒
Jan 09 06:41:37 看视频赚金币任务完成，获得25金币
Jan 09 06:41:37 【55/85】浏览商品任务记录成功，等待18秒
Jan 09 06:41:56 看视频赚金币任务完成，获得120金币
Jan 09 06:41:56 【56/85】浏览商品任务记录成功，等待18秒
Jan 09 06:42:14 看视频赚金币任务完成，获得25金币
Jan 09 06:42:14 【57/85】浏览商品任务记录成功，等待18秒
Jan 09 06:42:33 看视频赚金币任务完成，获得25金币
Jan 09 06:42:33 【58/85】浏览商品任务记录成功，等待18秒
Jan 09 06:42:51 看视频赚金币任务完成，获得25金币
Jan 09 06:42:51 【59/85】浏览商品任务记录成功，等待18秒
Jan 09 06:43:09 看视频赚金币任务完成，获得25金币
Jan 09 06:43:10 【60/85】浏览商品任务记录成功，等待18秒
Jan 09 06:43:28 看视频赚金币任务完成，获得120金币
Jan 09 06:43:28 【61/85】浏览商品任务记录成功，等待20秒
Jan 09 06:43:48 看视频赚金币任务完成，获得10金币
Jan 09 06:43:48 【62/85】浏览商品任务记录成功，等待20秒
Jan 09 06:44:09 看视频赚金币任务完成，获得10金币
Jan 09 06:44:09 【63/85】浏览商品任务记录成功，等待20秒
Jan 09 06:44:29 看视频赚金币任务完成，获得10金币
Jan 09 06:44:29 【64/85】浏览商品任务记录成功，等待20秒
Jan 09 06:44:50 看视频赚金币任务完成，获得10金币
Jan 09 06:44:50 【65/85】浏览商品任务记录成功，等待20秒
Jan 09 06:45:10 看视频赚金币任务完成，获得60金币
Jan 09 06:45:10 【66/85】浏览商品任务记录成功，等待20秒
Jan 09 06:45:30 看视频赚金币任务完成，获得10金币
Jan 09 06:45:31 【67/85】浏览商品任务记录成功，等待20秒
Jan 09 06:45:51 看视频赚金币任务完成，获得10金币
Jan 09 06:45:51 【68/85】浏览商品任务记录成功，等待20秒
Jan 09 06:46:11 看视频赚金币任务完成，获得10金币
Jan 09 06:46:11 【69/85】浏览商品任务记录成功，等待20秒
Jan 09 06:46:32 看视频赚金币任务完成，获得10金币
Jan 09 06:46:32 【70/85】浏览商品任务记录成功，等待20秒
Jan 09 06:46:52 看视频赚金币任务完成，获得60金币
Jan 09 06:46:52 【71/85】浏览商品任务记录成功，等待20秒
Jan 09 06:47:13 看视频赚金币任务完成，获得10金币
Jan 09 06:47:13 【72/85】浏览商品任务记录成功，等待20秒
Jan 09 06:47:33 看视频赚金币任务完成，获得10金币
Jan 09 06:47:33 【73/85】浏览商品任务记录成功，等待20秒
Jan 09 06:47:54 看视频赚金币任务完成，获得10金币
Jan 09 06:47:54 【74/85】浏览商品任务记录成功，等待20秒
Jan 09 06:48:14 看视频赚金币任务完成，获得10金币
Jan 09 06:48:14 【75/85】浏览商品任务记录成功，等待20秒
Jan 09 06:48:34 看视频赚金币任务完成，获得60金币
Jan 09 06:48:35 【76/85】浏览商品任务记录成功，等待30秒
Jan 09 06:49:05 看视频赚金币任务完成，获得5金币
Jan 09 06:49:05 【77/85】浏览商品任务记录成功，等待30秒
Jan 09 06:49:35 看视频赚金币任务完成，获得5金币
Jan 09 06:49:35 【78/85】浏览商品任务记录成功，等待30秒
Jan 09 06:50:06 看视频赚金币任务完成，获得5金币
Jan 09 06:50:06 【79/85】浏览商品任务记录成功，等待30秒
Jan 09 06:50:36 看视频赚金币任务完成，获得5金币
Jan 09 06:50:36 【80/85】浏览商品任务记录成功，等待30秒
Jan 09 06:51:07 看视频赚金币任务完成，获得40金币
Jan 09 06:51:07 【81/85】浏览商品任务记录成功，等待30秒
Jan 09 06:51:37 看视频赚金币任务完成，获得5金币
Jan 09 06:51:37 【82/85】浏览商品任务记录成功，等待30秒
Jan 09 06:52:08 看视频赚金币任务完成，获得5金币
Jan 09 06:52:08 【83/85】浏览商品任务记录成功，等待30秒
Jan 09 06:52:38 看视频赚金币任务完成，获得5金币
Jan 09 06:52:38 【84/85】浏览商品任务记录成功，等待30秒
Jan 09 06:53:09 看视频赚金币任务完成，获得5金币
Jan 09 06:53:09 【85/85】浏览商品任务记录成功，等待30秒
Jan 09 06:53:39 看视频赚金币任务完成，获得40金币
Jan 09 06:53:39 看视频赚金币任务已达上限
Jan 09 06:53:39 邀好友赚金币已完成
Jan 09 06:53:39 东东爱消除已完成
Jan 09 06:53:39 邀好友送现金已完成
Jan 09 06:53:39 发财挖宝已完成
Jan 09 06:53:39 签到领现金已完成
Jan 09 06:53:39 汪汪乐园已完成
Jan 09 06:53:39 购券抽大奖已完成
Jan 09 06:53:39 签到免单已完成
Jan 09 06:53:39 幸运大转盘已完成
Jan 09 06:53:39 推推赚大钱已完成
Jan 09 06:53:39 水果免费领已完成
Jan 09 06:53:39 天天抽奖已完成
Jan 09 06:53:39 砍价免费拿已完成
Jan 09 06:53:39 
Jan 09 06:53:39 ==============📣系统通知📣==============
Jan 09 06:53:39 京东极速版
Jan 09 06:53:39 京东账号1153*****330_p
Jan 09 06:53:39 本次运行获得5415金币，共计887793金币
Jan 09 06:53:39 可兑换 88.78 元京东红包
Jan 09 06:53:39 兑换入口：京东极速版->我的->金币
Jan 09 06:53:41 
Jan 09 06:53:41 🔔京东极速版, 结束! 🕛 1961.363 秒
Jan 09 06:53:41 
