Jan 07 00:31:00 
Jan 07 00:31:00 🔔东东超市, 开始!
Jan 07 00:31:00 
Jan 07 00:31:00 ====================共1个京东账号Cookie=========
Jan 07 00:31:00 
Jan 07 00:31:00 ==================脚本执行- 北京时间(UTC+8)：2022/1/7 上午12:31:00=====================
Jan 07 00:31:00 
Jan 07 00:31:00 共1个京东账号
Jan 07 00:31:00 
Jan 07 00:31:01 
Jan 07 00:31:01 开始【京东账号1】18055698302_p
Jan 07 00:31:01 
Jan 07 00:31:01 收取蓝币失败：活动太火爆啦
Jan 07 00:31:02 
Jan 07 00:31:02 注意⚠:东东超市抽奖已改版,花费500蓝币抽奖一次,现在脚本默认已关闭抽奖功能
Jan 07 00:31:02 
Jan 07 00:31:02 设置的为不抽奖
Jan 07 00:31:02 
Jan 07 00:31:02 [普通货架] 已解锁，当前等级：40级
Jan 07 00:31:02 [冰柜] 已解锁，当前等级：40级
Jan 07 00:31:02 [水果摊] 已解锁，当前等级：40级
Jan 07 00:31:02 [酒柜] 已解锁，当前等级：40级
Jan 07 00:31:02 发现限时商品1.5洗衣凝珠
Jan 07 00:31:02 
Jan 07 00:31:02 限时商品售卖结果:{"code":0,"data":{"bizCode":188,"bizMsg":"活动太火爆啦","success":false}}
Jan 07 00:31:02 
Jan 07 00:31:04 【京东账号1】
Jan 07 00:31:04 【收取小费】活动太火爆啦
Jan 07 00:31:04 【第5日签到】活动太火爆啦
Jan 07 00:31:04 【店铺等级】212
Jan 07 00:31:04 
Jan 07 00:31:04 
Jan 07 00:31:04 🔔东东超市, 结束! 🕛 4.407 秒
Jan 07 00:31:04 
Jan 07 01:31:00 
Jan 07 01:31:00 🔔东东超市, 开始!
Jan 07 01:31:00 
Jan 07 01:31:00 ====================共1个京东账号Cookie=========
Jan 07 01:31:00 
Jan 07 01:31:00 ==================脚本执行- 北京时间(UTC+8)：2022/1/7 上午1:31:00=====================
Jan 07 01:31:00 
Jan 07 01:31:00 共1个京东账号
Jan 07 01:31:00 
Jan 07 01:31:01 
Jan 07 01:31:01 开始【京东账号1】18055698302_p
Jan 07 01:31:01 
Jan 07 01:31:01 收取蓝币失败：活动太火爆啦
Jan 07 01:31:02 
Jan 07 01:31:02 注意⚠:东东超市抽奖已改版,花费500蓝币抽奖一次,现在脚本默认已关闭抽奖功能
Jan 07 01:31:02 
Jan 07 01:31:02 设置的为不抽奖
Jan 07 01:31:02 
Jan 07 01:31:02 [普通货架] 已解锁，当前等级：40级
Jan 07 01:31:02 [冰柜] 已解锁，当前等级：40级
Jan 07 01:31:02 [水果摊] 已解锁，当前等级：40级
Jan 07 01:31:02 [酒柜] 已解锁，当前等级：40级
Jan 07 01:31:02 发现限时商品1.5洗衣凝珠
Jan 07 01:31:02 
Jan 07 01:31:02 限时商品售卖结果:{"code":0,"data":{"bizCode":188,"bizMsg":"活动太火爆啦","success":false}}
Jan 07 01:31:02 
Jan 07 01:31:25 【京东账号1】
Jan 07 01:31:25 【收取小费】活动太火爆啦
Jan 07 01:31:25 【第5日签到】活动太火爆啦
Jan 07 01:31:25 【店铺等级】212
Jan 07 01:31:25 
Jan 07 01:31:25 
Jan 07 01:31:25 🔔东东超市, 结束! 🕛 24.963 秒
Jan 07 01:31:25 
Jan 07 03:31:00 
Jan 07 03:31:00 🔔东东超市, 开始!
Jan 07 03:31:00 
Jan 07 03:31:00 ====================共1个京东账号Cookie=========
Jan 07 03:31:00 
Jan 07 03:31:00 ==================脚本执行- 北京时间(UTC+8)：2022/1/7 上午3:31:00=====================
Jan 07 03:31:00 
Jan 07 03:31:00 共1个京东账号
Jan 07 03:31:00 
Jan 07 03:31:01 
Jan 07 03:31:01 开始【京东账号1】18055698302_p
Jan 07 03:31:01 
Jan 07 03:31:01 收取蓝币失败：活动太火爆啦
Jan 07 03:31:02 
Jan 07 03:31:02 注意⚠:东东超市抽奖已改版,花费500蓝币抽奖一次,现在脚本默认已关闭抽奖功能
Jan 07 03:31:02 
Jan 07 03:31:02 设置的为不抽奖
Jan 07 03:31:02 
Jan 07 03:31:02 [普通货架] 已解锁，当前等级：40级
Jan 07 03:31:02 [冰柜] 已解锁，当前等级：40级
Jan 07 03:31:02 [水果摊] 已解锁，当前等级：40级
Jan 07 03:31:02 [酒柜] 已解锁，当前等级：40级
Jan 07 03:31:02 发现限时商品1.5洗衣凝珠
Jan 07 03:31:02 
Jan 07 03:31:02 限时商品售卖结果:{"code":0,"data":{"bizCode":188,"bizMsg":"活动太火爆啦","success":false}}
Jan 07 03:31:02 
Jan 07 03:31:04 【京东账号1】
Jan 07 03:31:04 【收取小费】活动太火爆啦
Jan 07 03:31:04 【第5日签到】活动太火爆啦
Jan 07 03:31:04 【店铺等级】212
Jan 07 03:31:04 
Jan 07 03:31:04 
Jan 07 03:31:04 🔔东东超市, 结束! 🕛 3.556 秒
Jan 07 03:31:04 
Jan 07 05:31:00 
Jan 07 05:31:00 🔔东东超市, 开始!
Jan 07 05:31:00 
Jan 07 05:31:00 ====================共1个京东账号Cookie=========
Jan 07 05:31:00 
Jan 07 05:31:00 ==================脚本执行- 北京时间(UTC+8)：2022/1/7 上午5:31:00=====================
Jan 07 05:31:00 
Jan 07 05:31:00 共1个京东账号
Jan 07 05:31:00 
Jan 07 05:31:01 
Jan 07 05:31:01 开始【京东账号1】18055698302_p
Jan 07 05:31:01 
Jan 07 05:31:01 收取蓝币失败：活动太火爆啦
Jan 07 05:31:02 
Jan 07 05:31:02 注意⚠:东东超市抽奖已改版,花费500蓝币抽奖一次,现在脚本默认已关闭抽奖功能
Jan 07 05:31:02 
Jan 07 05:31:02 设置的为不抽奖
Jan 07 05:31:02 
Jan 07 05:31:02 [普通货架] 已解锁，当前等级：40级
Jan 07 05:31:02 [冰柜] 已解锁，当前等级：40级
Jan 07 05:31:02 [水果摊] 已解锁，当前等级：40级
Jan 07 05:31:02 [酒柜] 已解锁，当前等级：40级
Jan 07 05:31:02 发现限时商品1.5洗衣凝珠
Jan 07 05:31:02 
Jan 07 05:31:02 限时商品售卖结果:{"code":0,"data":{"bizCode":188,"bizMsg":"活动太火爆啦","success":false}}
Jan 07 05:31:02 
Jan 07 05:31:25 【京东账号1】
Jan 07 05:31:25 【收取小费】活动太火爆啦
Jan 07 05:31:25 【第5日签到】活动太火爆啦
Jan 07 05:31:25 【店铺等级】212
Jan 07 05:31:25 
Jan 07 05:31:25 
Jan 07 05:31:25 🔔东东超市, 结束! 🕛 24.794 秒
Jan 07 05:31:25 
Jan 07 07:31:00 
Jan 07 07:31:00 🔔东东超市, 开始!
Jan 07 07:31:00 
Jan 07 07:31:00 ====================共1个京东账号Cookie=========
Jan 07 07:31:00 
Jan 07 07:31:00 ==================脚本执行- 北京时间(UTC+8)：2022/1/7 上午7:31:00=====================
Jan 07 07:31:00 
Jan 07 07:31:00 共1个京东账号
Jan 07 07:31:00 
Jan 07 07:31:00 
Jan 07 07:31:00 开始【京东账号1】18055698302_p
Jan 07 07:31:00 
Jan 07 07:31:01 收取蓝币失败：活动太火爆啦
Jan 07 07:31:01 
Jan 07 07:31:01 注意⚠:东东超市抽奖已改版,花费500蓝币抽奖一次,现在脚本默认已关闭抽奖功能
Jan 07 07:31:01 
Jan 07 07:31:01 设置的为不抽奖
Jan 07 07:31:01 
Jan 07 07:31:02 [普通货架] 已解锁，当前等级：40级
Jan 07 07:31:02 [冰柜] 已解锁，当前等级：40级
Jan 07 07:31:02 [水果摊] 已解锁，当前等级：40级
Jan 07 07:31:02 [酒柜] 已解锁，当前等级：40级
Jan 07 07:31:02 发现限时商品1.5洗衣凝珠
Jan 07 07:31:02 
Jan 07 07:31:02 限时商品售卖结果:{"code":0,"data":{"bizCode":188,"bizMsg":"活动太火爆啦","success":false}}
Jan 07 07:31:02 
Jan 07 07:31:26 【京东账号1】
Jan 07 07:31:26 【收取小费】活动太火爆啦
Jan 07 07:31:26 【第5日签到】活动太火爆啦
Jan 07 07:31:26 【店铺等级】212
Jan 07 07:31:26 
Jan 07 07:31:26 
Jan 07 07:31:26 🔔东东超市, 结束! 🕛 26.114 秒
Jan 07 07:31:26 
Jan 07 09:31:00 
Jan 07 09:31:00 🔔东东超市, 开始!
Jan 07 09:31:00 
Jan 07 09:31:00 ====================共1个京东账号Cookie=========
Jan 07 09:31:00 
Jan 07 09:31:00 ==================脚本执行- 北京时间(UTC+8)：2022/1/7 上午9:31:00=====================
Jan 07 09:31:00 
Jan 07 09:31:00 共1个京东账号
Jan 07 09:31:00 
Jan 07 09:31:01 
Jan 07 09:31:01 开始【京东账号1】18055698302_p
Jan 07 09:31:01 
Jan 07 09:31:01 收取蓝币失败：活动太火爆啦
Jan 07 09:31:02 
Jan 07 09:31:02 注意⚠:东东超市抽奖已改版,花费500蓝币抽奖一次,现在脚本默认已关闭抽奖功能
Jan 07 09:31:02 
Jan 07 09:31:02 设置的为不抽奖
Jan 07 09:31:02 
Jan 07 09:31:02 [普通货架] 已解锁，当前等级：40级
Jan 07 09:31:02 [冰柜] 已解锁，当前等级：40级
Jan 07 09:31:02 [水果摊] 已解锁，当前等级：40级
Jan 07 09:31:02 [酒柜] 已解锁，当前等级：40级
Jan 07 09:31:02 发现限时商品1.5洗衣凝珠
Jan 07 09:31:02 
Jan 07 09:31:02 限时商品售卖结果:{"code":0,"data":{"bizCode":188,"bizMsg":"活动太火爆啦","success":false}}
Jan 07 09:31:02 
Jan 07 09:31:15 【京东账号1】
Jan 07 09:31:15 【收取小费】活动太火爆啦
Jan 07 09:31:15 【第5日签到】活动太火爆啦
Jan 07 09:31:15 【店铺等级】212
Jan 07 09:31:15 
Jan 07 09:31:15 
Jan 07 09:31:15 🔔东东超市, 结束! 🕛 14.861 秒
Jan 07 09:31:15 
Jan 07 11:31:00 
Jan 07 11:31:00 🔔东东超市, 开始!
Jan 07 11:31:00 
Jan 07 11:31:00 ====================共1个京东账号Cookie=========
Jan 07 11:31:00 
Jan 07 11:31:00 ==================脚本执行- 北京时间(UTC+8)：2022/1/7 上午11:31:00=====================
Jan 07 11:31:00 
Jan 07 11:31:00 共1个京东账号
Jan 07 11:31:00 
Jan 07 11:31:01 
Jan 07 11:31:01 开始【京东账号1】18055698302_p
Jan 07 11:31:01 
Jan 07 11:31:01 收取蓝币失败：活动太火爆啦
Jan 07 11:31:02 
Jan 07 11:31:02 注意⚠:东东超市抽奖已改版,花费500蓝币抽奖一次,现在脚本默认已关闭抽奖功能
Jan 07 11:31:02 
Jan 07 11:31:02 设置的为不抽奖
Jan 07 11:31:02 
Jan 07 11:31:02 [普通货架] 已解锁，当前等级：40级
Jan 07 11:31:02 [冰柜] 已解锁，当前等级：40级
Jan 07 11:31:02 [水果摊] 已解锁，当前等级：40级
Jan 07 11:31:02 [酒柜] 已解锁，当前等级：40级
Jan 07 11:31:02 发现限时商品1.5洗衣凝珠
Jan 07 11:31:02 
Jan 07 11:31:02 限时商品售卖结果:{"code":0,"data":{"bizCode":188,"bizMsg":"活动太火爆啦","success":false}}
Jan 07 11:31:02 
Jan 07 11:31:16 【京东账号1】
Jan 07 11:31:16 【收取小费】活动太火爆啦
Jan 07 11:31:16 【第5日签到】活动太火爆啦
Jan 07 11:31:16 【店铺等级】212
Jan 07 11:31:16 
Jan 07 11:31:16 
Jan 07 11:31:16 🔔东东超市, 结束! 🕛 16.538 秒
Jan 07 11:31:16 
Jan 07 13:31:00 
Jan 07 13:31:00 🔔东东超市, 开始!
Jan 07 13:31:00 
Jan 07 13:31:00 ====================共1个京东账号Cookie=========
Jan 07 13:31:00 
Jan 07 13:31:00 ==================脚本执行- 北京时间(UTC+8)：2022/1/7 下午1:31:00=====================
Jan 07 13:31:00 
Jan 07 13:31:00 共1个京东账号
Jan 07 13:31:00 
Jan 07 13:31:01 
Jan 07 13:31:01 开始【京东账号1】18055698302_p
Jan 07 13:31:01 
Jan 07 13:31:01 收取蓝币失败：活动太火爆啦
Jan 07 13:31:02 
Jan 07 13:31:02 注意⚠:东东超市抽奖已改版,花费500蓝币抽奖一次,现在脚本默认已关闭抽奖功能
Jan 07 13:31:02 
Jan 07 13:31:02 设置的为不抽奖
Jan 07 13:31:02 
Jan 07 13:31:02 [普通货架] 已解锁，当前等级：40级
Jan 07 13:31:02 [冰柜] 已解锁，当前等级：40级
Jan 07 13:31:02 [水果摊] 已解锁，当前等级：40级
Jan 07 13:31:02 [酒柜] 已解锁，当前等级：40级
Jan 07 13:31:02 发现限时商品1.5洗衣凝珠
Jan 07 13:31:02 
Jan 07 13:31:02 限时商品售卖结果:{"code":0,"data":{"bizCode":188,"bizMsg":"活动太火爆啦","success":false}}
Jan 07 13:31:02 
Jan 07 13:31:16 【京东账号1】
Jan 07 13:31:16 【收取小费】活动太火爆啦
Jan 07 13:31:16 【第5日签到】活动太火爆啦
Jan 07 13:31:16 【店铺等级】212
Jan 07 13:31:16 
Jan 07 13:31:16 
Jan 07 13:31:16 🔔东东超市, 结束! 🕛 15.494 秒
Jan 07 13:31:16 
Jan 07 15:31:00 
Jan 07 15:31:00 🔔东东超市, 开始!
Jan 07 15:31:00 
Jan 07 15:31:00 ====================共1个京东账号Cookie=========
Jan 07 15:31:00 
Jan 07 15:31:00 ==================脚本执行- 北京时间(UTC+8)：2022/1/7 下午3:31:00=====================
Jan 07 15:31:00 
Jan 07 15:31:00 共1个京东账号
Jan 07 15:31:00 
Jan 07 15:31:01 
Jan 07 15:31:01 开始【京东账号1】18055698302_p
Jan 07 15:31:01 
Jan 07 15:31:01 收取蓝币失败：活动太火爆啦
Jan 07 15:31:02 
Jan 07 15:31:02 注意⚠:东东超市抽奖已改版,花费500蓝币抽奖一次,现在脚本默认已关闭抽奖功能
Jan 07 15:31:02 
Jan 07 15:31:02 设置的为不抽奖
Jan 07 15:31:02 
Jan 07 15:31:02 [普通货架] 已解锁，当前等级：40级
Jan 07 15:31:02 [冰柜] 已解锁，当前等级：40级
Jan 07 15:31:02 [水果摊] 已解锁，当前等级：40级
Jan 07 15:31:02 [酒柜] 已解锁，当前等级：40级
Jan 07 15:31:02 发现限时商品1.5洗衣凝珠
Jan 07 15:31:02 
Jan 07 15:31:02 限时商品售卖结果:{"code":0,"data":{"bizCode":188,"bizMsg":"活动太火爆啦","success":false}}
Jan 07 15:31:02 
Jan 07 15:31:15 【京东账号1】
Jan 07 15:31:15 【收取小费】活动太火爆啦
Jan 07 15:31:15 【第5日签到】活动太火爆啦
Jan 07 15:31:15 【店铺等级】212
Jan 07 15:31:15 
Jan 07 15:31:15 
Jan 07 15:31:15 🔔东东超市, 结束! 🕛 14.472 秒
Jan 07 15:31:15 
Jan 07 17:31:00 
Jan 07 17:31:00 🔔东东超市, 开始!
Jan 07 17:31:00 
Jan 07 17:31:00 ====================共1个京东账号Cookie=========
Jan 07 17:31:00 
Jan 07 17:31:00 ==================脚本执行- 北京时间(UTC+8)：2022/1/7 下午5:31:00=====================
Jan 07 17:31:00 
Jan 07 17:31:00 共1个京东账号
Jan 07 17:31:00 
Jan 07 17:31:01 
Jan 07 17:31:01 开始【京东账号1】18055698302_p
Jan 07 17:31:01 
Jan 07 17:31:01 收取蓝币失败：活动太火爆啦
Jan 07 17:31:02 
Jan 07 17:31:02 注意⚠:东东超市抽奖已改版,花费500蓝币抽奖一次,现在脚本默认已关闭抽奖功能
Jan 07 17:31:02 
Jan 07 17:31:02 设置的为不抽奖
Jan 07 17:31:02 
Jan 07 17:31:02 [普通货架] 已解锁，当前等级：40级
Jan 07 17:31:02 [冰柜] 已解锁，当前等级：40级
Jan 07 17:31:02 [水果摊] 已解锁，当前等级：40级
Jan 07 17:31:02 [酒柜] 已解锁，当前等级：40级
Jan 07 17:31:02 发现限时商品1.5洗衣凝珠
Jan 07 17:31:02 
Jan 07 17:31:02 限时商品售卖结果:{"code":0,"data":{"bizCode":188,"bizMsg":"活动太火爆啦","success":false}}
Jan 07 17:31:02 
Jan 07 17:31:15 【京东账号1】
Jan 07 17:31:15 【收取小费】活动太火爆啦
Jan 07 17:31:15 【第5日签到】活动太火爆啦
Jan 07 17:31:15 【店铺等级】212
Jan 07 17:31:15 
Jan 07 17:31:15 
Jan 07 17:31:15 🔔东东超市, 结束! 🕛 14.621 秒
Jan 07 17:31:15 
Jan 07 19:31:01 
Jan 07 19:31:01 🔔东东超市, 开始!
Jan 07 19:31:01 
Jan 07 19:31:01 ====================共1个京东账号Cookie=========
Jan 07 19:31:01 
Jan 07 19:31:01 ==================脚本执行- 北京时间(UTC+8)：2022/1/7 下午7:31:01=====================
Jan 07 19:31:01 
Jan 07 19:31:01 共1个京东账号
Jan 07 19:31:01 
Jan 07 19:31:01 
Jan 07 19:31:01 开始【京东账号1】18055698302_p
Jan 07 19:31:01 
Jan 07 19:31:01 收取蓝币失败：活动太火爆啦
Jan 07 19:31:02 
Jan 07 19:31:02 注意⚠:东东超市抽奖已改版,花费500蓝币抽奖一次,现在脚本默认已关闭抽奖功能
Jan 07 19:31:02 
Jan 07 19:31:02 设置的为不抽奖
Jan 07 19:31:02 
Jan 07 19:31:02 [普通货架] 已解锁，当前等级：40级
Jan 07 19:31:02 [冰柜] 已解锁，当前等级：40级
Jan 07 19:31:02 [水果摊] 已解锁，当前等级：40级
Jan 07 19:31:02 [酒柜] 已解锁，当前等级：40级
Jan 07 19:31:02 发现限时商品1.5洗衣凝珠
Jan 07 19:31:02 
Jan 07 19:31:02 限时商品售卖结果:{"code":0,"data":{"bizCode":188,"bizMsg":"活动太火爆啦","success":false}}
Jan 07 19:31:02 
Jan 07 19:31:16 【京东账号1】
Jan 07 19:31:16 【收取小费】活动太火爆啦
Jan 07 19:31:16 【第5日签到】活动太火爆啦
Jan 07 19:31:16 【店铺等级】212
Jan 07 19:31:16 
Jan 07 19:31:16 
Jan 07 19:31:16 🔔东东超市, 结束! 🕛 15.48 秒
Jan 07 19:31:16 
Jan 07 21:31:00 
Jan 07 21:31:00 🔔东东超市, 开始!
Jan 07 21:31:00 
Jan 07 21:31:00 ====================共1个京东账号Cookie=========
Jan 07 21:31:00 
Jan 07 21:31:00 ==================脚本执行- 北京时间(UTC+8)：2022/1/7 下午9:31:00=====================
Jan 07 21:31:00 
Jan 07 21:31:00 共1个京东账号
Jan 07 21:31:00 
Jan 07 21:31:00 
Jan 07 21:31:00 开始【京东账号1】18055698302_p
Jan 07 21:31:00 
Jan 07 21:31:01 收取蓝币失败：活动太火爆啦
Jan 07 21:31:01 
Jan 07 21:31:01 注意⚠:东东超市抽奖已改版,花费500蓝币抽奖一次,现在脚本默认已关闭抽奖功能
Jan 07 21:31:01 
Jan 07 21:31:01 设置的为不抽奖
Jan 07 21:31:01 
Jan 07 21:31:02 [普通货架] 已解锁，当前等级：40级
Jan 07 21:31:02 [冰柜] 已解锁，当前等级：40级
Jan 07 21:31:02 [水果摊] 已解锁，当前等级：40级
Jan 07 21:31:02 [酒柜] 已解锁，当前等级：40级
Jan 07 21:31:02 发现限时商品1.5洗衣凝珠
Jan 07 21:31:02 
Jan 07 21:31:02 限时商品售卖结果:{"code":0,"data":{"bizCode":188,"bizMsg":"活动太火爆啦","success":false}}
Jan 07 21:31:02 
Jan 07 21:31:16 【京东账号1】
Jan 07 21:31:16 【收取小费】活动太火爆啦
Jan 07 21:31:16 【第5日签到】活动太火爆啦
Jan 07 21:31:16 【店铺等级】212
Jan 07 21:31:16 
Jan 07 21:31:16 
Jan 07 21:31:16 🔔东东超市, 结束! 🕛 15.947 秒
Jan 07 21:31:16 
Jan 07 23:31:00 
Jan 07 23:31:00 🔔东东超市, 开始!
Jan 07 23:31:00 
Jan 07 23:31:00 ====================共1个京东账号Cookie=========
Jan 07 23:31:00 
Jan 07 23:31:00 ==================脚本执行- 北京时间(UTC+8)：2022/1/7 下午11:31:00=====================
Jan 07 23:31:00 
Jan 07 23:31:00 共1个京东账号
Jan 07 23:31:00 
Jan 07 23:31:00 
Jan 07 23:31:00 开始【京东账号1】18055698302_p
Jan 07 23:31:00 
Jan 07 23:31:01 收取蓝币失败：活动太火爆啦
Jan 07 23:31:01 
Jan 07 23:31:01 注意⚠:东东超市抽奖已改版,花费500蓝币抽奖一次,现在脚本默认已关闭抽奖功能
Jan 07 23:31:01 
Jan 07 23:31:01 设置的为不抽奖
Jan 07 23:31:01 
Jan 07 23:31:01 [普通货架] 已解锁，当前等级：40级
Jan 07 23:31:01 [冰柜] 已解锁，当前等级：40级
Jan 07 23:31:01 [水果摊] 已解锁，当前等级：40级
Jan 07 23:31:01 [酒柜] 已解锁，当前等级：40级
Jan 07 23:31:01 发现限时商品1.5洗衣凝珠
Jan 07 23:31:01 
Jan 07 23:31:02 限时商品售卖结果:{"code":0,"data":{"bizCode":188,"bizMsg":"活动太火爆啦","success":false}}
Jan 07 23:31:02 
Jan 07 23:31:15 【京东账号1】
Jan 07 23:31:15 【收取小费】活动太火爆啦
Jan 07 23:31:15 【第5日签到】活动太火爆啦
Jan 07 23:31:15 【店铺等级】212
Jan 07 23:31:15 
Jan 07 23:31:15 
Jan 07 23:31:15 🔔东东超市, 结束! 🕛 15.587 秒
Jan 07 23:31:15 
Jan 08 00:31:00 
Jan 08 00:31:00 🔔东东超市, 开始!
Jan 08 00:31:00 
Jan 08 00:31:00 ====================共1个京东账号Cookie=========
Jan 08 00:31:00 
Jan 08 00:31:00 ==================脚本执行- 北京时间(UTC+8)：2022/1/8 上午12:31:00=====================
Jan 08 00:31:00 
Jan 08 00:31:00 共1个京东账号
Jan 08 00:31:00 
Jan 08 00:31:00 
Jan 08 00:31:00 开始【京东账号1】18055698302_p
Jan 08 00:31:00 
Jan 08 00:31:01 收取蓝币失败：活动太火爆啦
Jan 08 00:31:01 
Jan 08 00:31:01 注意⚠:东东超市抽奖已改版,花费500蓝币抽奖一次,现在脚本默认已关闭抽奖功能
Jan 08 00:31:01 
Jan 08 00:31:01 设置的为不抽奖
Jan 08 00:31:01 
Jan 08 00:31:01 [普通货架] 已解锁，当前等级：40级
Jan 08 00:31:01 [冰柜] 已解锁，当前等级：40级
Jan 08 00:31:01 [水果摊] 已解锁，当前等级：40级
Jan 08 00:31:01 [酒柜] 已解锁，当前等级：40级
Jan 08 00:31:01 发现限时商品1.5洗衣凝珠
Jan 08 00:31:01 
Jan 08 00:31:02 限时商品售卖结果:{"code":0,"data":{"bizCode":188,"bizMsg":"活动太火爆啦","success":false}}
Jan 08 00:31:02 
Jan 08 00:31:14 【京东账号1】
Jan 08 00:31:14 【收取小费】活动太火爆啦
Jan 08 00:31:14 【第6日签到】活动太火爆啦
Jan 08 00:31:14 【店铺等级】212
Jan 08 00:31:14 
Jan 08 00:31:14 
Jan 08 00:31:14 🔔东东超市, 结束! 🕛 14.518 秒
Jan 08 00:31:14 
Jan 08 01:31:00 
Jan 08 01:31:00 🔔东东超市, 开始!
Jan 08 01:31:00 
Jan 08 01:31:00 ====================共1个京东账号Cookie=========
Jan 08 01:31:00 
Jan 08 01:31:00 ==================脚本执行- 北京时间(UTC+8)：2022/1/8 上午1:31:00=====================
Jan 08 01:31:00 
Jan 08 01:31:00 共1个京东账号
Jan 08 01:31:00 
Jan 08 01:31:00 
Jan 08 01:31:00 开始【京东账号1】18055698302_p
Jan 08 01:31:00 
Jan 08 01:31:01 收取蓝币失败：活动太火爆啦
Jan 08 01:31:01 
Jan 08 01:31:01 注意⚠:东东超市抽奖已改版,花费500蓝币抽奖一次,现在脚本默认已关闭抽奖功能
Jan 08 01:31:01 
Jan 08 01:31:01 设置的为不抽奖
Jan 08 01:31:01 
Jan 08 01:31:02 [普通货架] 已解锁，当前等级：40级
Jan 08 01:31:02 [冰柜] 已解锁，当前等级：40级
Jan 08 01:31:02 [水果摊] 已解锁，当前等级：40级
Jan 08 01:31:02 [酒柜] 已解锁，当前等级：40级
Jan 08 01:31:02 发现限时商品1.5洗衣凝珠
Jan 08 01:31:02 
Jan 08 01:31:02 限时商品售卖结果:{"code":0,"data":{"bizCode":188,"bizMsg":"活动太火爆啦","success":false}}
Jan 08 01:31:02 
Jan 08 01:31:14 【京东账号1】
Jan 08 01:31:14 【收取小费】活动太火爆啦
Jan 08 01:31:14 【第6日签到】活动太火爆啦
Jan 08 01:31:14 【店铺等级】212
Jan 08 01:31:14 
Jan 08 01:31:14 
Jan 08 01:31:14 🔔东东超市, 结束! 🕛 14.156 秒
Jan 08 01:31:14 
Jan 08 03:31:00 
Jan 08 03:31:00 🔔东东超市, 开始!
Jan 08 03:31:00 
Jan 08 03:31:00 ====================共1个京东账号Cookie=========
Jan 08 03:31:00 
Jan 08 03:31:00 ==================脚本执行- 北京时间(UTC+8)：2022/1/8 上午3:31:00=====================
Jan 08 03:31:00 
Jan 08 03:31:00 共1个京东账号
Jan 08 03:31:00 
Jan 08 03:31:01 
Jan 08 03:31:01 开始【京东账号1】18055698302_p
Jan 08 03:31:01 
Jan 08 03:31:01 收取蓝币失败：活动太火爆啦
Jan 08 03:31:02 
Jan 08 03:31:02 注意⚠:东东超市抽奖已改版,花费500蓝币抽奖一次,现在脚本默认已关闭抽奖功能
Jan 08 03:31:02 
Jan 08 03:31:02 设置的为不抽奖
Jan 08 03:31:02 
Jan 08 03:31:02 [普通货架] 已解锁，当前等级：40级
Jan 08 03:31:02 [冰柜] 已解锁，当前等级：40级
Jan 08 03:31:02 [水果摊] 已解锁，当前等级：40级
Jan 08 03:31:02 [酒柜] 已解锁，当前等级：40级
Jan 08 03:31:02 发现限时商品1.5洗衣凝珠
Jan 08 03:31:02 
Jan 08 03:31:02 限时商品售卖结果:{"code":0,"data":{"bizCode":188,"bizMsg":"活动太火爆啦","success":false}}
Jan 08 03:31:02 
Jan 08 03:31:03 【京东账号1】
Jan 08 03:31:03 【收取小费】活动太火爆啦
Jan 08 03:31:03 【第6日签到】活动太火爆啦
Jan 08 03:31:03 【店铺等级】212
Jan 08 03:31:03 
Jan 08 03:31:03 
Jan 08 03:31:03 🔔东东超市, 结束! 🕛 2.946 秒
Jan 08 03:31:03 
Jan 08 05:31:00 
Jan 08 05:31:00 🔔东东超市, 开始!
Jan 08 05:31:00 
Jan 08 05:31:00 ====================共1个京东账号Cookie=========
Jan 08 05:31:00 
Jan 08 05:31:00 ==================脚本执行- 北京时间(UTC+8)：2022/1/8 上午5:31:00=====================
Jan 08 05:31:00 
Jan 08 05:31:00 共1个京东账号
Jan 08 05:31:00 
Jan 08 05:31:01 
Jan 08 05:31:01 开始【京东账号1】18055698302_p
Jan 08 05:31:01 
Jan 08 05:31:01 收取蓝币失败：活动太火爆啦
Jan 08 05:31:02 
Jan 08 05:31:02 注意⚠:东东超市抽奖已改版,花费500蓝币抽奖一次,现在脚本默认已关闭抽奖功能
Jan 08 05:31:02 
Jan 08 05:31:02 设置的为不抽奖
Jan 08 05:31:02 
Jan 08 05:31:02 [普通货架] 已解锁，当前等级：40级
Jan 08 05:31:02 [冰柜] 已解锁，当前等级：40级
Jan 08 05:31:02 [水果摊] 已解锁，当前等级：40级
Jan 08 05:31:02 [酒柜] 已解锁，当前等级：40级
Jan 08 05:31:02 发现限时商品1.5洗衣凝珠
Jan 08 05:31:02 
Jan 08 05:31:02 限时商品售卖结果:{"code":0,"data":{"bizCode":188,"bizMsg":"活动太火爆啦","success":false}}
Jan 08 05:31:02 
Jan 08 05:31:14 【京东账号1】
Jan 08 05:31:14 【收取小费】活动太火爆啦
Jan 08 05:31:14 【第6日签到】活动太火爆啦
Jan 08 05:31:14 【店铺等级】212
Jan 08 05:31:14 
Jan 08 05:31:14 
Jan 08 05:31:14 🔔东东超市, 结束! 🕛 13.93 秒
Jan 08 05:31:14 
Jan 08 07:31:00 
Jan 08 07:31:00 🔔东东超市, 开始!
Jan 08 07:31:00 
Jan 08 07:31:00 ====================共1个京东账号Cookie=========
Jan 08 07:31:00 
Jan 08 07:31:00 ==================脚本执行- 北京时间(UTC+8)：2022/1/8 上午7:31:00=====================
Jan 08 07:31:00 
Jan 08 07:31:00 共1个京东账号
Jan 08 07:31:00 
Jan 08 07:31:01 
Jan 08 07:31:01 开始【京东账号1】18055698302_p
Jan 08 07:31:01 
Jan 08 07:31:01 收取蓝币失败：活动太火爆啦
Jan 08 07:31:02 
Jan 08 07:31:02 注意⚠:东东超市抽奖已改版,花费500蓝币抽奖一次,现在脚本默认已关闭抽奖功能
Jan 08 07:31:02 
Jan 08 07:31:02 设置的为不抽奖
Jan 08 07:31:02 
Jan 08 07:31:02 [普通货架] 已解锁，当前等级：40级
Jan 08 07:31:02 [冰柜] 已解锁，当前等级：40级
Jan 08 07:31:02 [水果摊] 已解锁，当前等级：40级
Jan 08 07:31:02 [酒柜] 已解锁，当前等级：40级
Jan 08 07:31:02 发现限时商品1.5洗衣凝珠
Jan 08 07:31:02 
Jan 08 07:31:02 限时商品售卖结果:{"code":0,"data":{"bizCode":188,"bizMsg":"活动太火爆啦","success":false}}
Jan 08 07:31:02 
Jan 08 07:31:04 【京东账号1】
Jan 08 07:31:04 【收取小费】活动太火爆啦
Jan 08 07:31:04 【第6日签到】活动太火爆啦
Jan 08 07:31:04 【店铺等级】212
Jan 08 07:31:04 
Jan 08 07:31:04 
Jan 08 07:31:04 🔔东东超市, 结束! 🕛 4.025 秒
Jan 08 07:31:04 
Jan 08 09:31:01 
Jan 08 09:31:01 🔔东东超市, 开始!
Jan 08 09:31:01 
Jan 08 09:31:01 ====================共1个京东账号Cookie=========
Jan 08 09:31:01 
Jan 08 09:31:01 ==================脚本执行- 北京时间(UTC+8)：2022/1/8 上午9:31:01=====================
Jan 08 09:31:01 
Jan 08 09:31:01 共1个京东账号
Jan 08 09:31:01 
Jan 08 09:31:01 
Jan 08 09:31:01 开始【京东账号1】18055698302_p
Jan 08 09:31:01 
Jan 08 09:31:01 收取蓝币失败：活动太火爆啦
Jan 08 09:31:02 
Jan 08 09:31:02 注意⚠:东东超市抽奖已改版,花费500蓝币抽奖一次,现在脚本默认已关闭抽奖功能
Jan 08 09:31:02 
Jan 08 09:31:02 设置的为不抽奖
Jan 08 09:31:02 
Jan 08 09:31:02 [普通货架] 已解锁，当前等级：40级
Jan 08 09:31:02 [冰柜] 已解锁，当前等级：40级
Jan 08 09:31:02 [水果摊] 已解锁，当前等级：40级
Jan 08 09:31:02 [酒柜] 已解锁，当前等级：40级
Jan 08 09:31:02 发现限时商品1.5洗衣凝珠
Jan 08 09:31:02 
Jan 08 09:31:02 限时商品售卖结果:{"code":0,"data":{"bizCode":188,"bizMsg":"活动太火爆啦","success":false}}
Jan 08 09:31:02 
Jan 08 09:31:25 【京东账号1】
Jan 08 09:31:25 【收取小费】活动太火爆啦
Jan 08 09:31:25 【第6日签到】活动太火爆啦
Jan 08 09:31:25 【店铺等级】212
Jan 08 09:31:25 
Jan 08 09:31:25 
Jan 08 09:31:25 🔔东东超市, 结束! 🕛 24.791 秒
Jan 08 09:31:25 
Jan 08 11:31:00 
Jan 08 11:31:00 🔔东东超市, 开始!
Jan 08 11:31:00 
Jan 08 11:31:00 ====================共1个京东账号Cookie=========
Jan 08 11:31:00 
Jan 08 11:31:00 ==================脚本执行- 北京时间(UTC+8)：2022/1/8 上午11:31:00=====================
Jan 08 11:31:00 
Jan 08 11:31:00 共1个京东账号
Jan 08 11:31:00 
Jan 08 11:31:00 
Jan 08 11:31:00 开始【京东账号1】18055698302_p
Jan 08 11:31:00 
Jan 08 11:31:00 收取蓝币失败：活动太火爆啦
Jan 08 11:31:01 
Jan 08 11:31:01 注意⚠:东东超市抽奖已改版,花费500蓝币抽奖一次,现在脚本默认已关闭抽奖功能
Jan 08 11:31:01 
Jan 08 11:31:01 设置的为不抽奖
Jan 08 11:31:01 
Jan 08 11:31:01 [普通货架] 已解锁，当前等级：40级
Jan 08 11:31:01 [冰柜] 已解锁，当前等级：40级
Jan 08 11:31:01 [水果摊] 已解锁，当前等级：40级
Jan 08 11:31:01 [酒柜] 已解锁，当前等级：40级
Jan 08 11:31:01 发现限时商品1.5洗衣凝珠
Jan 08 11:31:01 
Jan 08 11:31:01 限时商品售卖结果:{"code":0,"data":{"bizCode":188,"bizMsg":"活动太火爆啦","success":false}}
Jan 08 11:31:01 
Jan 08 11:31:25 【京东账号1】
Jan 08 11:31:25 【收取小费】活动太火爆啦
Jan 08 11:31:25 【第6日签到】活动太火爆啦
Jan 08 11:31:25 【店铺等级】212
Jan 08 11:31:25 
Jan 08 11:31:25 
Jan 08 11:31:25 🔔东东超市, 结束! 🕛 25.469 秒
Jan 08 11:31:25 
Jan 08 13:31:00 
Jan 08 13:31:00 🔔东东超市, 开始!
Jan 08 13:31:00 
Jan 08 13:31:00 ====================共1个京东账号Cookie=========
Jan 08 13:31:00 
Jan 08 13:31:00 ==================脚本执行- 北京时间(UTC+8)：2022/1/8 下午1:31:00=====================
Jan 08 13:31:00 
Jan 08 13:31:00 共1个京东账号
Jan 08 13:31:00 
Jan 08 13:31:00 
Jan 08 13:31:00 开始【京东账号1】18055698302_p
Jan 08 13:31:00 
Jan 08 13:31:01 收取蓝币失败：活动太火爆啦
Jan 08 13:31:01 
Jan 08 13:31:01 注意⚠:东东超市抽奖已改版,花费500蓝币抽奖一次,现在脚本默认已关闭抽奖功能
Jan 08 13:31:01 
Jan 08 13:31:01 设置的为不抽奖
Jan 08 13:31:01 
Jan 08 13:31:01 [普通货架] 已解锁，当前等级：40级
Jan 08 13:31:01 [冰柜] 已解锁，当前等级：40级
Jan 08 13:31:01 [水果摊] 已解锁，当前等级：40级
Jan 08 13:31:01 [酒柜] 已解锁，当前等级：40级
Jan 08 13:31:01 发现限时商品1.5洗衣凝珠
Jan 08 13:31:01 
Jan 08 13:31:02 限时商品售卖结果:{"code":0,"data":{"bizCode":188,"bizMsg":"活动太火爆啦","success":false}}
Jan 08 13:31:02 
Jan 08 13:31:18 【京东账号1】
Jan 08 13:31:18 【收取小费】活动太火爆啦
Jan 08 13:31:18 【第6日签到】活动太火爆啦
Jan 08 13:31:18 【店铺等级】212
Jan 08 13:31:18 
Jan 08 13:31:18 
Jan 08 13:31:18 🔔东东超市, 结束! 🕛 18.628 秒
Jan 08 13:31:18 
Jan 08 15:31:00 
Jan 08 15:31:00 🔔东东超市, 开始!
Jan 08 15:31:00 
Jan 08 15:31:00 ====================共1个京东账号Cookie=========
Jan 08 15:31:00 
Jan 08 15:31:00 ==================脚本执行- 北京时间(UTC+8)：2022/1/8 下午3:31:00=====================
Jan 08 15:31:00 
Jan 08 15:31:00 共1个京东账号
Jan 08 15:31:00 
Jan 08 15:31:01 
Jan 08 15:31:01 开始【京东账号1】18055698302_p
Jan 08 15:31:01 
Jan 08 15:31:01 收取蓝币失败：活动太火爆啦
Jan 08 15:31:02 
Jan 08 15:31:02 注意⚠:东东超市抽奖已改版,花费500蓝币抽奖一次,现在脚本默认已关闭抽奖功能
Jan 08 15:31:02 
Jan 08 15:31:02 设置的为不抽奖
Jan 08 15:31:02 
Jan 08 15:31:02 [普通货架] 已解锁，当前等级：40级
Jan 08 15:31:02 [冰柜] 已解锁，当前等级：40级
Jan 08 15:31:02 [水果摊] 已解锁，当前等级：40级
Jan 08 15:31:02 [酒柜] 已解锁，当前等级：40级
Jan 08 15:31:02 发现限时商品1.5洗衣凝珠
Jan 08 15:31:02 
Jan 08 15:31:02 限时商品售卖结果:{"code":0,"data":{"bizCode":188,"bizMsg":"活动太火爆啦","success":false}}
Jan 08 15:31:02 
Jan 08 15:31:06 【京东账号1】
Jan 08 15:31:06 【收取小费】活动太火爆啦
Jan 08 15:31:06 【第6日签到】活动太火爆啦
Jan 08 15:31:06 【店铺等级】212
Jan 08 15:31:06 
Jan 08 15:31:06 
Jan 08 15:31:06 🔔东东超市, 结束! 🕛 6.125 秒
Jan 08 15:31:06 
Jan 08 17:31:00 
Jan 08 17:31:00 🔔东东超市, 开始!
Jan 08 17:31:00 
Jan 08 17:31:00 ====================共1个京东账号Cookie=========
Jan 08 17:31:00 
Jan 08 17:31:00 ==================脚本执行- 北京时间(UTC+8)：2022/1/8 下午5:31:00=====================
Jan 08 17:31:00 
Jan 08 17:31:00 共1个京东账号
Jan 08 17:31:00 
Jan 08 17:31:01 
Jan 08 17:31:01 开始【京东账号1】18055698302_p
Jan 08 17:31:01 
Jan 08 17:31:01 收取蓝币失败：活动太火爆啦
Jan 08 17:31:02 
Jan 08 17:31:02 注意⚠:东东超市抽奖已改版,花费500蓝币抽奖一次,现在脚本默认已关闭抽奖功能
Jan 08 17:31:02 
Jan 08 17:31:02 设置的为不抽奖
Jan 08 17:31:02 
Jan 08 17:31:02 [普通货架] 已解锁，当前等级：40级
Jan 08 17:31:02 [冰柜] 已解锁，当前等级：40级
Jan 08 17:31:02 [水果摊] 已解锁，当前等级：40级
Jan 08 17:31:02 [酒柜] 已解锁，当前等级：40级
Jan 08 17:31:02 发现限时商品1.5洗衣凝珠
Jan 08 17:31:02 
Jan 08 17:31:02 限时商品售卖结果:{"code":0,"data":{"bizCode":188,"bizMsg":"活动太火爆啦","success":false}}
Jan 08 17:31:02 
Jan 08 17:31:26 【京东账号1】
Jan 08 17:31:26 【收取小费】活动太火爆啦
Jan 08 17:31:26 【第6日签到】活动太火爆啦
Jan 08 17:31:26 【店铺等级】212
Jan 08 17:31:26 
Jan 08 17:31:26 
Jan 08 17:31:26 🔔东东超市, 结束! 🕛 26.303 秒
Jan 08 17:31:26 
Jan 08 19:31:00 
Jan 08 19:31:00 🔔东东超市, 开始!
Jan 08 19:31:00 
Jan 08 19:31:00 ====================共1个京东账号Cookie=========
Jan 08 19:31:00 
Jan 08 19:31:00 ==================脚本执行- 北京时间(UTC+8)：2022/1/8 下午7:31:00=====================
Jan 08 19:31:00 
Jan 08 19:31:00 共1个京东账号
Jan 08 19:31:00 
Jan 08 19:31:01 
Jan 08 19:31:01 开始【京东账号1】18055698302_p
Jan 08 19:31:01 
Jan 08 19:31:01 收取蓝币失败：活动太火爆啦
Jan 08 19:31:02 
Jan 08 19:31:02 注意⚠:东东超市抽奖已改版,花费500蓝币抽奖一次,现在脚本默认已关闭抽奖功能
Jan 08 19:31:02 
Jan 08 19:31:02 设置的为不抽奖
Jan 08 19:31:02 
Jan 08 19:31:02 [普通货架] 已解锁，当前等级：40级
Jan 08 19:31:02 [冰柜] 已解锁，当前等级：40级
Jan 08 19:31:02 [水果摊] 已解锁，当前等级：40级
Jan 08 19:31:02 [酒柜] 已解锁，当前等级：40级
Jan 08 19:31:02 发现限时商品1.5洗衣凝珠
Jan 08 19:31:02 
Jan 08 19:31:02 限时商品售卖结果:{"code":0,"data":{"bizCode":188,"bizMsg":"活动太火爆啦","success":false}}
Jan 08 19:31:02 
Jan 08 19:31:34 【京东账号1】
Jan 08 19:31:34 【收取小费】活动太火爆啦
Jan 08 19:31:34 【第6日签到】活动太火爆啦
Jan 08 19:31:34 【店铺等级】212
Jan 08 19:31:34 
Jan 08 19:31:34 
Jan 08 19:31:34 🔔东东超市, 结束! 🕛 33.222 秒
Jan 08 19:31:34 
Jan 08 21:31:00 
Jan 08 21:31:00 🔔东东超市, 开始!
Jan 08 21:31:00 
Jan 08 21:31:00 ====================共1个京东账号Cookie=========
Jan 08 21:31:00 
Jan 08 21:31:00 ==================脚本执行- 北京时间(UTC+8)：2022/1/8 下午9:31:00=====================
Jan 08 21:31:00 
Jan 08 21:31:00 共1个京东账号
Jan 08 21:31:00 
Jan 08 21:31:01 
Jan 08 21:31:01 开始【京东账号1】18055698302_p
Jan 08 21:31:01 
Jan 08 21:31:01 收取蓝币失败：活动太火爆啦
Jan 08 21:31:02 
Jan 08 21:31:02 注意⚠:东东超市抽奖已改版,花费500蓝币抽奖一次,现在脚本默认已关闭抽奖功能
Jan 08 21:31:02 
Jan 08 21:31:02 设置的为不抽奖
Jan 08 21:31:02 
Jan 08 21:31:02 [普通货架] 已解锁，当前等级：40级
Jan 08 21:31:02 [冰柜] 已解锁，当前等级：40级
Jan 08 21:31:02 [水果摊] 已解锁，当前等级：40级
Jan 08 21:31:02 [酒柜] 已解锁，当前等级：40级
Jan 08 21:31:02 发现限时商品1.5洗衣凝珠
Jan 08 21:31:02 
Jan 08 21:31:02 限时商品售卖结果:{"code":0,"data":{"bizCode":188,"bizMsg":"活动太火爆啦","success":false}}
Jan 08 21:31:02 
Jan 08 21:31:15 【京东账号1】
Jan 08 21:31:15 【收取小费】活动太火爆啦
Jan 08 21:31:15 【第6日签到】活动太火爆啦
Jan 08 21:31:15 【店铺等级】212
Jan 08 21:31:15 
Jan 08 21:31:15 
Jan 08 21:31:15 🔔东东超市, 结束! 🕛 14.61 秒
Jan 08 21:31:15 
Jan 08 23:31:01 
Jan 08 23:31:01 🔔东东超市, 开始!
Jan 08 23:31:01 
Jan 08 23:31:01 ====================共1个京东账号Cookie=========
Jan 08 23:31:01 
Jan 08 23:31:01 ==================脚本执行- 北京时间(UTC+8)：2022/1/8 下午11:31:01=====================
Jan 08 23:31:01 
Jan 08 23:31:01 共1个京东账号
Jan 08 23:31:01 
Jan 08 23:31:01 
Jan 08 23:31:01 开始【京东账号1】18055698302_p
Jan 08 23:31:01 
Jan 08 23:31:01 收取蓝币失败：活动太火爆啦
Jan 08 23:31:02 
Jan 08 23:31:02 注意⚠:东东超市抽奖已改版,花费500蓝币抽奖一次,现在脚本默认已关闭抽奖功能
Jan 08 23:31:02 
Jan 08 23:31:02 设置的为不抽奖
Jan 08 23:31:02 
Jan 08 23:31:02 [普通货架] 已解锁，当前等级：40级
Jan 08 23:31:02 [冰柜] 已解锁，当前等级：40级
Jan 08 23:31:02 [水果摊] 已解锁，当前等级：40级
Jan 08 23:31:02 [酒柜] 已解锁，当前等级：40级
Jan 08 23:31:02 发现限时商品1.5洗衣凝珠
Jan 08 23:31:02 
Jan 08 23:31:02 限时商品售卖结果:{"code":0,"data":{"bizCode":188,"bizMsg":"活动太火爆啦","success":false}}
Jan 08 23:31:02 
Jan 08 23:31:40 【京东账号1】
Jan 08 23:31:40 【收取小费】活动太火爆啦
Jan 08 23:31:40 【第6日签到】活动太火爆啦
Jan 08 23:31:40 【店铺等级】212
Jan 08 23:31:40 
Jan 08 23:31:40 
Jan 08 23:31:40 🔔东东超市, 结束! 🕛 39.12 秒
Jan 08 23:31:40 
Jan 09 00:31:00 
Jan 09 00:31:00 🔔东东超市, 开始!
Jan 09 00:31:00 
Jan 09 00:31:00 ====================共1个京东账号Cookie=========
Jan 09 00:31:00 
Jan 09 00:31:00 ==================脚本执行- 北京时间(UTC+8)：2022/1/9 上午12:31:00=====================
Jan 09 00:31:00 
Jan 09 00:31:00 共1个京东账号
Jan 09 00:31:00 
Jan 09 00:31:00 
Jan 09 00:31:00 开始【京东账号1】18055698302_p
Jan 09 00:31:00 
Jan 09 00:31:00 收取蓝币失败：活动太火爆啦
Jan 09 00:31:01 
Jan 09 00:31:01 注意⚠:东东超市抽奖已改版,花费500蓝币抽奖一次,现在脚本默认已关闭抽奖功能
Jan 09 00:31:01 
Jan 09 00:31:01 设置的为不抽奖
Jan 09 00:31:01 
Jan 09 00:31:01 [普通货架] 已解锁，当前等级：40级
Jan 09 00:31:01 [冰柜] 已解锁，当前等级：40级
Jan 09 00:31:01 [水果摊] 已解锁，当前等级：40级
Jan 09 00:31:01 [酒柜] 已解锁，当前等级：40级
Jan 09 00:31:01 发现限时商品1.5洗衣凝珠
Jan 09 00:31:01 
Jan 09 00:31:01 限时商品售卖结果:{"code":0,"data":{"bizCode":188,"bizMsg":"活动太火爆啦","success":false}}
Jan 09 00:31:01 
Jan 09 00:31:07 【京东账号1】
Jan 09 00:31:07 【收取小费】活动太火爆啦
Jan 09 00:31:07 【第7日签到】活动太火爆啦
Jan 09 00:31:07 【店铺等级】212
Jan 09 00:31:07 
Jan 09 00:31:07 
Jan 09 00:31:07 🔔东东超市, 结束! 🕛 7.439 秒
Jan 09 00:31:07 
Jan 09 01:31:00 
Jan 09 01:31:00 🔔东东超市, 开始!
Jan 09 01:31:00 
Jan 09 01:31:00 ====================共1个京东账号Cookie=========
Jan 09 01:31:00 
Jan 09 01:31:00 ==================脚本执行- 北京时间(UTC+8)：2022/1/9 上午1:31:00=====================
Jan 09 01:31:00 
Jan 09 01:31:00 共1个京东账号
Jan 09 01:31:00 
Jan 09 01:31:00 
Jan 09 01:31:00 开始【京东账号1】18055698302_p
Jan 09 01:31:00 
Jan 09 01:31:00 收取蓝币失败：活动太火爆啦
Jan 09 01:31:01 
Jan 09 01:31:01 注意⚠:东东超市抽奖已改版,花费500蓝币抽奖一次,现在脚本默认已关闭抽奖功能
Jan 09 01:31:01 
Jan 09 01:31:01 设置的为不抽奖
Jan 09 01:31:01 
Jan 09 01:31:01 [普通货架] 已解锁，当前等级：40级
Jan 09 01:31:01 [冰柜] 已解锁，当前等级：40级
Jan 09 01:31:01 [水果摊] 已解锁，当前等级：40级
Jan 09 01:31:01 [酒柜] 已解锁，当前等级：40级
Jan 09 01:31:01 发现限时商品1.5洗衣凝珠
Jan 09 01:31:01 
Jan 09 01:31:02 限时商品售卖结果:{"code":0,"data":{"bizCode":188,"bizMsg":"活动太火爆啦","success":false}}
Jan 09 01:31:02 
Jan 09 01:31:17 【京东账号1】
Jan 09 01:31:17 【收取小费】活动太火爆啦
Jan 09 01:31:17 【第7日签到】活动太火爆啦
Jan 09 01:31:17 【店铺等级】212
Jan 09 01:31:17 
Jan 09 01:31:17 
Jan 09 01:31:17 🔔东东超市, 结束! 🕛 16.845 秒
Jan 09 01:31:17 
Jan 09 03:31:00 
Jan 09 03:31:00 🔔东东超市, 开始!
Jan 09 03:31:00 
Jan 09 03:31:00 ====================共1个京东账号Cookie=========
Jan 09 03:31:00 
Jan 09 03:31:00 ==================脚本执行- 北京时间(UTC+8)：2022/1/9 上午3:31:00=====================
Jan 09 03:31:00 
Jan 09 03:31:00 共1个京东账号
Jan 09 03:31:00 
Jan 09 03:31:00 
Jan 09 03:31:00 开始【京东账号1】18055698302_p
Jan 09 03:31:00 
Jan 09 03:31:01 收取蓝币失败：活动太火爆啦
Jan 09 03:31:01 
Jan 09 03:31:01 注意⚠:东东超市抽奖已改版,花费500蓝币抽奖一次,现在脚本默认已关闭抽奖功能
Jan 09 03:31:01 
Jan 09 03:31:01 设置的为不抽奖
Jan 09 03:31:01 
Jan 09 03:31:01 [普通货架] 已解锁，当前等级：40级
Jan 09 03:31:01 [冰柜] 已解锁，当前等级：40级
Jan 09 03:31:01 [水果摊] 已解锁，当前等级：40级
Jan 09 03:31:01 [酒柜] 已解锁，当前等级：40级
Jan 09 03:31:01 发现限时商品1.5洗衣凝珠
Jan 09 03:31:01 
Jan 09 03:31:02 限时商品售卖结果:{"code":0,"data":{"bizCode":188,"bizMsg":"活动太火爆啦","success":false}}
Jan 09 03:31:02 
Jan 09 03:31:14 【京东账号1】
Jan 09 03:31:14 【收取小费】活动太火爆啦
Jan 09 03:31:14 【第7日签到】活动太火爆啦
Jan 09 03:31:14 【店铺等级】212
Jan 09 03:31:14 
Jan 09 03:31:14 
Jan 09 03:31:14 🔔东东超市, 结束! 🕛 13.918 秒
Jan 09 03:31:14 
Jan 09 05:31:00 
Jan 09 05:31:00 🔔东东超市, 开始!
Jan 09 05:31:00 
Jan 09 05:31:00 ====================共1个京东账号Cookie=========
Jan 09 05:31:00 
Jan 09 05:31:00 ==================脚本执行- 北京时间(UTC+8)：2022/1/9 上午5:31:00=====================
Jan 09 05:31:00 
Jan 09 05:31:00 共1个京东账号
Jan 09 05:31:00 
Jan 09 05:31:01 
Jan 09 05:31:01 开始【京东账号1】18055698302_p
Jan 09 05:31:01 
Jan 09 05:31:01 收取蓝币失败：活动太火爆啦
Jan 09 05:31:02 
Jan 09 05:31:02 注意⚠:东东超市抽奖已改版,花费500蓝币抽奖一次,现在脚本默认已关闭抽奖功能
Jan 09 05:31:02 
Jan 09 05:31:02 设置的为不抽奖
Jan 09 05:31:02 
Jan 09 05:31:02 [普通货架] 已解锁，当前等级：40级
Jan 09 05:31:02 [冰柜] 已解锁，当前等级：40级
Jan 09 05:31:02 [水果摊] 已解锁，当前等级：40级
Jan 09 05:31:02 [酒柜] 已解锁，当前等级：40级
Jan 09 05:31:02 发现限时商品1.5洗衣凝珠
Jan 09 05:31:02 
Jan 09 05:31:02 限时商品售卖结果:{"code":0,"data":{"bizCode":188,"bizMsg":"活动太火爆啦","success":false}}
Jan 09 05:31:02 
Jan 09 05:31:25 【京东账号1】
Jan 09 05:31:25 【收取小费】活动太火爆啦
Jan 09 05:31:25 【第7日签到】活动太火爆啦
Jan 09 05:31:25 【店铺等级】212
Jan 09 05:31:25 
Jan 09 05:31:25 
Jan 09 05:31:25 🔔东东超市, 结束! 🕛 25.045 秒
Jan 09 05:31:25 
Jan 09 07:31:00 
Jan 09 07:31:00 🔔东东超市, 开始!
Jan 09 07:31:00 
Jan 09 07:31:00 ====================共1个京东账号Cookie=========
Jan 09 07:31:00 
Jan 09 07:31:00 ==================脚本执行- 北京时间(UTC+8)：2022/1/9 上午7:31:00=====================
Jan 09 07:31:00 
Jan 09 07:31:00 共1个京东账号
Jan 09 07:31:00 
Jan 09 07:31:01 
Jan 09 07:31:01 开始【京东账号1】18055698302_p
Jan 09 07:31:01 
Jan 09 07:31:01 收取蓝币失败：活动太火爆啦
Jan 09 07:31:02 
Jan 09 07:31:02 注意⚠:东东超市抽奖已改版,花费500蓝币抽奖一次,现在脚本默认已关闭抽奖功能
Jan 09 07:31:02 
Jan 09 07:31:02 设置的为不抽奖
Jan 09 07:31:02 
Jan 09 07:31:02 [普通货架] 已解锁，当前等级：40级
Jan 09 07:31:02 [冰柜] 已解锁，当前等级：40级
Jan 09 07:31:02 [水果摊] 已解锁，当前等级：40级
Jan 09 07:31:02 [酒柜] 已解锁，当前等级：40级
Jan 09 07:31:02 发现限时商品1.5洗衣凝珠
Jan 09 07:31:02 
Jan 09 07:31:02 限时商品售卖结果:{"code":0,"data":{"bizCode":188,"bizMsg":"活动太火爆啦","success":false}}
Jan 09 07:31:02 
Jan 09 07:31:15 【京东账号1】
Jan 09 07:31:15 【收取小费】活动太火爆啦
Jan 09 07:31:15 【第7日签到】活动太火爆啦
Jan 09 07:31:15 【店铺等级】212
Jan 09 07:31:15 
Jan 09 07:31:15 
Jan 09 07:31:15 🔔东东超市, 结束! 🕛 14.366 秒
Jan 09 07:31:15 
Jan 09 09:31:00 
Jan 09 09:31:00 🔔东东超市, 开始!
Jan 09 09:31:00 
Jan 09 09:31:00 ====================共1个京东账号Cookie=========
Jan 09 09:31:00 
Jan 09 09:31:00 ==================脚本执行- 北京时间(UTC+8)：2022/1/9 上午9:31:00=====================
Jan 09 09:31:00 
Jan 09 09:31:00 共1个京东账号
Jan 09 09:31:00 
Jan 09 09:31:01 
Jan 09 09:31:01 开始【京东账号1】18055698302_p
Jan 09 09:31:01 
Jan 09 09:31:01 收取蓝币失败：活动太火爆啦
Jan 09 09:31:02 
Jan 09 09:31:02 注意⚠:东东超市抽奖已改版,花费500蓝币抽奖一次,现在脚本默认已关闭抽奖功能
Jan 09 09:31:02 
Jan 09 09:31:02 设置的为不抽奖
Jan 09 09:31:02 
Jan 09 09:31:02 [普通货架] 已解锁，当前等级：40级
Jan 09 09:31:02 [冰柜] 已解锁，当前等级：40级
Jan 09 09:31:02 [水果摊] 已解锁，当前等级：40级
Jan 09 09:31:02 [酒柜] 已解锁，当前等级：40级
Jan 09 09:31:02 发现限时商品1.5洗衣凝珠
Jan 09 09:31:02 
Jan 09 09:31:02 限时商品售卖结果:{"code":0,"data":{"bizCode":188,"bizMsg":"活动太火爆啦","success":false}}
Jan 09 09:31:02 
Jan 09 09:31:15 【京东账号1】
Jan 09 09:31:15 【收取小费】活动太火爆啦
Jan 09 09:31:15 【第7日签到】活动太火爆啦
Jan 09 09:31:15 【店铺等级】212
Jan 09 09:31:15 
Jan 09 09:31:15 
Jan 09 09:31:15 🔔东东超市, 结束! 🕛 15.056 秒
Jan 09 09:31:15 
Jan 09 11:31:00 
Jan 09 11:31:00 🔔东东超市, 开始!
Jan 09 11:31:00 
Jan 09 11:31:00 ====================共1个京东账号Cookie=========
Jan 09 11:31:00 
Jan 09 11:31:01 ==================脚本执行- 北京时间(UTC+8)：2022/1/9 上午11:31:00=====================
Jan 09 11:31:01 
Jan 09 11:31:01 共1个京东账号
Jan 09 11:31:01 
Jan 09 11:31:01 
Jan 09 11:31:01 开始【京东账号1】18055698302_p
Jan 09 11:31:01 
Jan 09 11:31:01 收取蓝币失败：活动太火爆啦
Jan 09 11:31:02 
Jan 09 11:31:02 注意⚠:东东超市抽奖已改版,花费500蓝币抽奖一次,现在脚本默认已关闭抽奖功能
Jan 09 11:31:02 
Jan 09 11:31:02 设置的为不抽奖
Jan 09 11:31:02 
Jan 09 11:31:02 [普通货架] 已解锁，当前等级：40级
Jan 09 11:31:02 [冰柜] 已解锁，当前等级：40级
Jan 09 11:31:02 [水果摊] 已解锁，当前等级：40级
Jan 09 11:31:02 [酒柜] 已解锁，当前等级：40级
Jan 09 11:31:02 发现限时商品1.5洗衣凝珠
Jan 09 11:31:02 
Jan 09 11:31:02 限时商品售卖结果:{"code":0,"data":{"bizCode":188,"bizMsg":"活动太火爆啦","success":false}}
Jan 09 11:31:02 
Jan 09 11:31:26 【京东账号1】
Jan 09 11:31:26 【收取小费】活动太火爆啦
Jan 09 11:31:26 【第7日签到】活动太火爆啦
Jan 09 11:31:26 【店铺等级】212
Jan 09 11:31:26 
Jan 09 11:31:26 
Jan 09 11:31:26 🔔东东超市, 结束! 🕛 25.917 秒
Jan 09 11:31:26 
Jan 09 13:31:00 
Jan 09 13:31:00 🔔东东超市, 开始!
Jan 09 13:31:00 
Jan 09 13:31:00 ====================共1个京东账号Cookie=========
Jan 09 13:31:00 
Jan 09 13:31:00 ==================脚本执行- 北京时间(UTC+8)：2022/1/9 下午1:31:00=====================
Jan 09 13:31:00 
Jan 09 13:31:00 共1个京东账号
Jan 09 13:31:00 
Jan 09 13:31:00 
Jan 09 13:31:00 开始【京东账号1】18055698302_p
Jan 09 13:31:00 
Jan 09 13:31:00 收取蓝币失败：活动太火爆啦
Jan 09 13:31:01 
Jan 09 13:31:01 注意⚠:东东超市抽奖已改版,花费500蓝币抽奖一次,现在脚本默认已关闭抽奖功能
Jan 09 13:31:01 
Jan 09 13:31:01 设置的为不抽奖
Jan 09 13:31:01 
Jan 09 13:31:01 [普通货架] 已解锁，当前等级：40级
Jan 09 13:31:01 [冰柜] 已解锁，当前等级：40级
Jan 09 13:31:01 [水果摊] 已解锁，当前等级：40级
Jan 09 13:31:01 [酒柜] 已解锁，当前等级：40级
Jan 09 13:31:01 发现限时商品1.5洗衣凝珠
Jan 09 13:31:01 
Jan 09 13:31:01 限时商品售卖结果:{"code":0,"data":{"bizCode":188,"bizMsg":"活动太火爆啦","success":false}}
Jan 09 13:31:01 
Jan 09 13:31:15 【京东账号1】
Jan 09 13:31:15 【收取小费】活动太火爆啦
Jan 09 13:31:15 【第7日签到】活动太火爆啦
Jan 09 13:31:15 【店铺等级】212
Jan 09 13:31:15 
Jan 09 13:31:15 
Jan 09 13:31:15 🔔东东超市, 结束! 🕛 15.334 秒
Jan 09 13:31:15 
Jan 09 15:31:00 
Jan 09 15:31:00 🔔东东超市, 开始!
Jan 09 15:31:00 
Jan 09 15:31:00 ====================共1个京东账号Cookie=========
Jan 09 15:31:00 
Jan 09 15:31:00 ==================脚本执行- 北京时间(UTC+8)：2022/1/9 下午3:31:00=====================
Jan 09 15:31:00 
Jan 09 15:31:00 共1个京东账号
Jan 09 15:31:00 
Jan 09 15:31:00 
Jan 09 15:31:00 开始【京东账号1】18055698302_p
Jan 09 15:31:00 
Jan 09 15:31:00 收取蓝币失败：活动太火爆啦
Jan 09 15:31:01 
Jan 09 15:31:01 注意⚠:东东超市抽奖已改版,花费500蓝币抽奖一次,现在脚本默认已关闭抽奖功能
Jan 09 15:31:01 
Jan 09 15:31:01 设置的为不抽奖
Jan 09 15:31:01 
Jan 09 15:31:01 [普通货架] 已解锁，当前等级：40级
Jan 09 15:31:01 [冰柜] 已解锁，当前等级：40级
Jan 09 15:31:01 [水果摊] 已解锁，当前等级：40级
Jan 09 15:31:01 [酒柜] 已解锁，当前等级：40级
Jan 09 15:31:01 发现限时商品1.5洗衣凝珠
Jan 09 15:31:01 
Jan 09 15:31:01 限时商品售卖结果:{"code":0,"data":{"bizCode":188,"bizMsg":"活动太火爆啦","success":false}}
Jan 09 15:31:01 
Jan 09 15:31:25 【京东账号1】
Jan 09 15:31:25 【收取小费】活动太火爆啦
Jan 09 15:31:25 【第7日签到】活动太火爆啦
Jan 09 15:31:25 【店铺等级】212
Jan 09 15:31:25 
Jan 09 15:31:25 
Jan 09 15:31:25 🔔东东超市, 结束! 🕛 25.729 秒
Jan 09 15:31:25 
Jan 09 17:31:00 
Jan 09 17:31:00 🔔东东超市, 开始!
Jan 09 17:31:00 
Jan 09 17:31:00 ====================共1个京东账号Cookie=========
Jan 09 17:31:00 
Jan 09 17:31:00 ==================脚本执行- 北京时间(UTC+8)：2022/1/9 下午5:31:00=====================
Jan 09 17:31:00 
Jan 09 17:31:00 共1个京东账号
Jan 09 17:31:00 
Jan 09 17:31:00 
Jan 09 17:31:00 开始【京东账号1】18055698302_p
Jan 09 17:31:00 
Jan 09 17:31:01 收取蓝币失败：活动太火爆啦
Jan 09 17:31:01 
Jan 09 17:31:01 注意⚠:东东超市抽奖已改版,花费500蓝币抽奖一次,现在脚本默认已关闭抽奖功能
Jan 09 17:31:01 
Jan 09 17:31:01 设置的为不抽奖
Jan 09 17:31:01 
Jan 09 17:31:01 [普通货架] 已解锁，当前等级：40级
Jan 09 17:31:01 [冰柜] 已解锁，当前等级：40级
Jan 09 17:31:01 [水果摊] 已解锁，当前等级：40级
Jan 09 17:31:01 [酒柜] 已解锁，当前等级：40级
Jan 09 17:31:01 发现限时商品1.5洗衣凝珠
Jan 09 17:31:01 
Jan 09 17:31:02 限时商品售卖结果:{"code":0,"data":{"bizCode":188,"bizMsg":"活动太火爆啦","success":false}}
Jan 09 17:31:02 
Jan 09 17:31:27 【京东账号1】
Jan 09 17:31:27 【收取小费】活动太火爆啦
Jan 09 17:31:27 【第7日签到】活动太火爆啦
Jan 09 17:31:27 【店铺等级】212
Jan 09 17:31:27 
Jan 09 17:31:27 
Jan 09 17:31:27 🔔东东超市, 结束! 🕛 27.177 秒
Jan 09 17:31:27 
Jan 09 19:31:00 
Jan 09 19:31:00 🔔东东超市, 开始!
Jan 09 19:31:00 
Jan 09 19:31:00 ====================共1个京东账号Cookie=========
Jan 09 19:31:00 
Jan 09 19:31:00 ==================脚本执行- 北京时间(UTC+8)：2022/1/9 下午7:31:00=====================
Jan 09 19:31:00 
Jan 09 19:31:00 共1个京东账号
Jan 09 19:31:00 
Jan 09 19:31:00 
Jan 09 19:31:00 开始【京东账号1】18055698302_p
Jan 09 19:31:00 
Jan 09 19:31:01 收取蓝币失败：活动太火爆啦
Jan 09 19:31:01 
Jan 09 19:31:01 注意⚠:东东超市抽奖已改版,花费500蓝币抽奖一次,现在脚本默认已关闭抽奖功能
Jan 09 19:31:01 
Jan 09 19:31:01 设置的为不抽奖
Jan 09 19:31:01 
Jan 09 19:31:02 [普通货架] 已解锁，当前等级：40级
Jan 09 19:31:02 [冰柜] 已解锁，当前等级：40级
Jan 09 19:31:02 [水果摊] 已解锁，当前等级：40级
Jan 09 19:31:02 [酒柜] 已解锁，当前等级：40级
Jan 09 19:31:02 发现限时商品1.5洗衣凝珠
Jan 09 19:31:02 
Jan 09 19:31:02 限时商品售卖结果:{"code":0,"data":{"bizCode":188,"bizMsg":"活动太火爆啦","success":false}}
Jan 09 19:31:02 
Jan 09 19:31:23 【京东账号1】
Jan 09 19:31:23 【收取小费】活动太火爆啦
Jan 09 19:31:23 【第7日签到】活动太火爆啦
Jan 09 19:31:23 【店铺等级】212
Jan 09 19:31:23 
Jan 09 19:31:23 
Jan 09 19:31:23 🔔东东超市, 结束! 🕛 23.299 秒
Jan 09 19:31:23 
Jan 09 21:31:00 
Jan 09 21:31:00 🔔东东超市, 开始!
Jan 09 21:31:00 
Jan 09 21:31:00 ====================共1个京东账号Cookie=========
Jan 09 21:31:00 
Jan 09 21:31:00 ==================脚本执行- 北京时间(UTC+8)：2022/1/9 下午9:31:00=====================
Jan 09 21:31:00 
Jan 09 21:31:00 共1个京东账号
Jan 09 21:31:00 
Jan 09 21:31:01 
Jan 09 21:31:01 开始【京东账号1】18055698302_p
Jan 09 21:31:01 
Jan 09 21:31:01 收取蓝币失败：活动太火爆啦
Jan 09 21:31:02 
Jan 09 21:31:02 注意⚠:东东超市抽奖已改版,花费500蓝币抽奖一次,现在脚本默认已关闭抽奖功能
Jan 09 21:31:02 
Jan 09 21:31:02 设置的为不抽奖
Jan 09 21:31:02 
Jan 09 21:31:02 [普通货架] 已解锁，当前等级：40级
Jan 09 21:31:02 [冰柜] 已解锁，当前等级：40级
Jan 09 21:31:02 [水果摊] 已解锁，当前等级：40级
Jan 09 21:31:02 [酒柜] 已解锁，当前等级：40级
Jan 09 21:31:02 发现限时商品1.5洗衣凝珠
Jan 09 21:31:02 
Jan 09 21:31:02 限时商品售卖结果:{"code":0,"data":{"bizCode":188,"bizMsg":"活动太火爆啦","success":false}}
Jan 09 21:31:02 
Jan 09 21:31:05 【京东账号1】
Jan 09 21:31:05 【收取小费】活动太火爆啦
Jan 09 21:31:05 【第7日签到】活动太火爆啦
Jan 09 21:31:05 【店铺等级】212
Jan 09 21:31:05 
Jan 09 21:31:05 
Jan 09 21:31:05 🔔东东超市, 结束! 🕛 4.864 秒
Jan 09 21:31:05 
