Jan 07 00:06:00 
Jan 07 00:06:00 🔔进店领豆, 开始!
Jan 07 00:06:00 
Jan 07 00:06:00 ====================共1个京东账号Cookie=========
Jan 07 00:06:00 
Jan 07 00:06:01 ==================脚本执行- 北京时间(UTC+8)：2022/1/7 上午12:06:00=====================
Jan 07 00:06:01 
Jan 07 00:06:03 
Jan 07 00:06:03 开始【京东账号1】153*****330_p
Jan 07 00:06:03 
Jan 07 00:06:03 暂时没有匹配的任务噢~
Jan 07 00:06:03 
Jan 07 00:06:03 
Jan 07 00:06:03 ==============📣系统通知📣==============
Jan 07 00:06:03 进店领豆
Jan 07 00:06:03 京东账号 1 153*****330_p
Jan 07 00:06:03 暂时没有匹配的任务噢~
Jan 07 00:06:03 
Jan 07 00:06:03 🔔进店领豆, 结束! 🕛 2.766 秒
Jan 07 00:06:03 
Jan 08 00:06:00 
Jan 08 00:06:00 🔔进店领豆, 开始!
Jan 08 00:06:00 
Jan 08 00:06:00 ====================共1个京东账号Cookie=========
Jan 08 00:06:00 
Jan 08 00:06:00 ==================脚本执行- 北京时间(UTC+8)：2022/1/8 上午12:06:00=====================
Jan 08 00:06:00 
Jan 08 00:06:02 
Jan 08 00:06:02 开始【京东账号1】18055698302_p
Jan 08 00:06:02 
Jan 08 00:06:03 暂时没有匹配的任务噢~
Jan 08 00:06:03 
Jan 08 00:06:03 
Jan 08 00:06:03 ==============📣系统通知📣==============
Jan 08 00:06:03 进店领豆
Jan 08 00:06:03 京东账号 1 18055698302_p
Jan 08 00:06:03 暂时没有匹配的任务噢~
Jan 08 00:06:03 
Jan 08 00:06:03 🔔进店领豆, 结束! 🕛 2.556 秒
Jan 08 00:06:03 
Jan 09 00:06:00 
Jan 09 00:06:00 🔔进店领豆, 开始!
Jan 09 00:06:00 
Jan 09 00:06:00 ====================共1个京东账号Cookie=========
Jan 09 00:06:00 
Jan 09 00:06:00 ==================脚本执行- 北京时间(UTC+8)：2022/1/9 上午12:06:00=====================
Jan 09 00:06:00 
Jan 09 00:06:03 
Jan 09 00:06:03 开始【京东账号1】153*****330_p
Jan 09 00:06:03 
Jan 09 00:06:03 暂时没有匹配的任务噢~
Jan 09 00:06:03 
Jan 09 00:06:03 
Jan 09 00:06:03 ==============📣系统通知📣==============
Jan 09 00:06:03 进店领豆
Jan 09 00:06:03 京东账号 1 153*****330_p
Jan 09 00:06:03 暂时没有匹配的任务噢~
Jan 09 00:06:03 
Jan 09 00:06:03 🔔进店领豆, 结束! 🕛 3.095 秒
Jan 09 00:06:03 
