Jan 07 00:24:00 
Jan 07 00:24:00 🔔送豆得豆, 开始!
Jan 07 00:24:00 
Jan 07 00:24:00 ====================共1个京东账号Cookie=========
Jan 07 00:24:00 
Jan 07 00:24:00 ==================脚本执行- 北京时间(UTC+8)：2022/1/7 上午12:24:00=====================
Jan 07 00:24:00 
Jan 07 00:24:00 开始获取活动信息
Jan 07 00:24:04 获取活动详情成功
Jan 07 00:24:04 获取到的活动ID：85,需要邀请4人瓜分
Jan 07 00:24:04 
Jan 07 00:24:04 共有1个账号，前0个账号可以开团
Jan 07 00:24:04 
Jan 07 00:24:04 前0个账号开始开团
Jan 07 00:24:04 
Jan 07 00:24:04 
Jan 07 00:24:04 开团信息
Jan 07 00:24:04 []
Jan 07 00:24:04 
Jan 07 00:24:04 开始互助
Jan 07 00:24:04 
Jan 07 00:24:04 
Jan 07 00:24:04 开始领取奖励
Jan 07 00:24:04 
Jan 07 00:24:04 
Jan 07 00:24:04 *****开始【京东账号1】18055698302_p*****
Jan 07 00:24:04 
Jan 07 00:24:04 没有可领取奖励
Jan 07 00:24:04 
Jan 07 00:24:04 🔔送豆得豆, 结束! 🕛 4.114 秒
Jan 07 00:24:04 
Jan 07 12:24:00 
Jan 07 12:24:00 🔔送豆得豆, 开始!
Jan 07 12:24:00 
Jan 07 12:24:00 ====================共1个京东账号Cookie=========
Jan 07 12:24:00 
Jan 07 12:24:00 ==================脚本执行- 北京时间(UTC+8)：2022/1/7 下午12:24:00=====================
Jan 07 12:24:00 
Jan 07 12:24:00 开始获取活动信息
Jan 07 12:24:04 获取活动详情成功
Jan 07 12:24:04 获取到的活动ID：85,需要邀请4人瓜分
Jan 07 12:24:04 
Jan 07 12:24:04 共有1个账号，前0个账号可以开团
Jan 07 12:24:04 
Jan 07 12:24:04 前0个账号开始开团
Jan 07 12:24:04 
Jan 07 12:24:04 
Jan 07 12:24:04 开团信息
Jan 07 12:24:04 []
Jan 07 12:24:04 
Jan 07 12:24:04 开始互助
Jan 07 12:24:04 
Jan 07 12:24:04 
Jan 07 12:24:04 开始领取奖励
Jan 07 12:24:04 
Jan 07 12:24:04 
Jan 07 12:24:04 *****开始【京东账号1】18055698302_p*****
Jan 07 12:24:04 
Jan 07 12:24:04 没有可领取奖励
Jan 07 12:24:04 
Jan 07 12:24:04 🔔送豆得豆, 结束! 🕛 4.154 秒
Jan 07 12:24:04 
Jan 08 00:24:00 
Jan 08 00:24:00 🔔送豆得豆, 开始!
Jan 08 00:24:00 
Jan 08 00:24:00 ====================共1个京东账号Cookie=========
Jan 08 00:24:00 
Jan 08 00:24:00 ==================脚本执行- 北京时间(UTC+8)：2022/1/8 上午12:24:00=====================
Jan 08 00:24:00 
Jan 08 00:24:00 开始获取活动信息
Jan 08 00:24:04 获取活动详情成功
Jan 08 00:24:04 获取到的活动ID：85,需要邀请4人瓜分
Jan 08 00:24:04 
Jan 08 00:24:04 共有1个账号，前0个账号可以开团
Jan 08 00:24:04 
Jan 08 00:24:04 前0个账号开始开团
Jan 08 00:24:04 
Jan 08 00:24:04 
Jan 08 00:24:04 开团信息
Jan 08 00:24:04 []
Jan 08 00:24:04 
Jan 08 00:24:04 开始互助
Jan 08 00:24:04 
Jan 08 00:24:04 
Jan 08 00:24:04 开始领取奖励
Jan 08 00:24:04 
Jan 08 00:24:04 
Jan 08 00:24:04 *****开始【京东账号1】18055698302_p*****
Jan 08 00:24:04 
Jan 08 00:24:04 没有可领取奖励
Jan 08 00:24:04 
Jan 08 00:24:04 🔔送豆得豆, 结束! 🕛 4.24 秒
Jan 08 00:24:04 
Jan 08 12:24:00 
Jan 08 12:24:00 🔔送豆得豆, 开始!
Jan 08 12:24:00 
Jan 08 12:24:00 ====================共1个京东账号Cookie=========
Jan 08 12:24:00 
Jan 08 12:24:00 ==================脚本执行- 北京时间(UTC+8)：2022/1/8 下午12:24:00=====================
Jan 08 12:24:00 
Jan 08 12:24:00 开始获取活动信息
Jan 08 12:24:04 获取活动详情成功
Jan 08 12:24:04 获取到的活动ID：85,需要邀请4人瓜分
Jan 08 12:24:04 
Jan 08 12:24:04 共有1个账号，前0个账号可以开团
Jan 08 12:24:04 
Jan 08 12:24:04 前0个账号开始开团
Jan 08 12:24:04 
Jan 08 12:24:04 
Jan 08 12:24:04 开团信息
Jan 08 12:24:04 []
Jan 08 12:24:04 
Jan 08 12:24:04 开始互助
Jan 08 12:24:04 
Jan 08 12:24:04 
Jan 08 12:24:04 开始领取奖励
Jan 08 12:24:04 
Jan 08 12:24:04 
Jan 08 12:24:04 *****开始【京东账号1】18055698302_p*****
Jan 08 12:24:04 
Jan 08 12:24:04 没有可领取奖励
Jan 08 12:24:04 
Jan 08 12:24:04 🔔送豆得豆, 结束! 🕛 4.174 秒
Jan 08 12:24:04 
Jan 09 00:24:00 
Jan 09 00:24:00 🔔送豆得豆, 开始!
Jan 09 00:24:00 
Jan 09 00:24:00 ====================共1个京东账号Cookie=========
Jan 09 00:24:00 
Jan 09 00:24:00 ==================脚本执行- 北京时间(UTC+8)：2022/1/9 上午12:24:00=====================
Jan 09 00:24:00 
Jan 09 00:24:00 开始获取活动信息
Jan 09 00:24:04 获取活动详情成功
Jan 09 00:24:04 获取到的活动ID：85,需要邀请4人瓜分
Jan 09 00:24:04 
Jan 09 00:24:04 共有1个账号，前0个账号可以开团
Jan 09 00:24:04 
Jan 09 00:24:04 前0个账号开始开团
Jan 09 00:24:04 
Jan 09 00:24:04 
Jan 09 00:24:04 开团信息
Jan 09 00:24:04 []
Jan 09 00:24:04 
Jan 09 00:24:04 开始互助
Jan 09 00:24:04 
Jan 09 00:24:04 
Jan 09 00:24:04 开始领取奖励
Jan 09 00:24:04 
Jan 09 00:24:04 
Jan 09 00:24:04 *****开始【京东账号1】18055698302_p*****
Jan 09 00:24:04 
Jan 09 00:24:04 没有可领取奖励
Jan 09 00:24:04 
Jan 09 00:24:04 🔔送豆得豆, 结束! 🕛 4.124 秒
Jan 09 00:24:04 
Jan 09 12:24:01 
Jan 09 12:24:01 🔔送豆得豆, 开始!
Jan 09 12:24:01 
Jan 09 12:24:01 ====================共1个京东账号Cookie=========
Jan 09 12:24:01 
Jan 09 12:24:01 ==================脚本执行- 北京时间(UTC+8)：2022/1/9 下午12:24:01=====================
Jan 09 12:24:01 
Jan 09 12:24:01 开始获取活动信息
Jan 09 12:24:04 获取活动详情成功
Jan 09 12:24:04 获取到的活动ID：85,需要邀请4人瓜分
Jan 09 12:24:04 
Jan 09 12:24:04 共有1个账号，前0个账号可以开团
Jan 09 12:24:04 
Jan 09 12:24:04 前0个账号开始开团
Jan 09 12:24:04 
Jan 09 12:24:04 
Jan 09 12:24:04 开团信息
Jan 09 12:24:04 []
Jan 09 12:24:04 
Jan 09 12:24:04 开始互助
Jan 09 12:24:04 
Jan 09 12:24:04 
Jan 09 12:24:04 开始领取奖励
Jan 09 12:24:04 
Jan 09 12:24:04 
Jan 09 12:24:04 *****开始【京东账号1】18055698302_p*****
Jan 09 12:24:04 
Jan 09 12:24:05 没有可领取奖励
Jan 09 12:24:05 
Jan 09 12:24:05 🔔送豆得豆, 结束! 🕛 4.021 秒
Jan 09 12:24:05 
