Jan 07 08:47:00 
Jan 07 08:47:00 🔔闪购盲盒, 开始!
Jan 07 08:47:00 
Jan 07 08:47:00 ====================共1个京东账号Cookie=========
Jan 07 08:47:00 
Jan 07 08:47:00 ==================脚本执行- 北京时间(UTC+8)：2022/1/7 上午8:47:00=====================
Jan 07 08:47:00 
Jan 07 08:47:00 开始获取闪购盲盒配置文件
Jan 07 08:47:00 
Jan 07 08:47:00 共1个京东账号
Jan 07 08:47:00 
Jan 07 08:47:00 您提供了0个账号的闪购盲盒助力码
Jan 07 08:47:00 
Jan 07 08:47:01 由于您第1个京东账号未提供shareCode,将采纳本脚本自带的助力码
Jan 07 08:47:01 
Jan 07 08:47:01 开始
Jan 07 08:47:01 随机取20个码放到您固定的互助码后面(不影响已有固定互助)
Jan 07 08:47:01 第1个京东账号将要助力的好友["T0159KUiH11Mq1bSKBoCjVQmoaT5kRrbA","T0205KkcF3dzsQ-ldnq09pFMCjVQmoaT5kRrbA","T0225KkcRB9No12FJBulwv8LdACjVQmoaT5kRrbA","T0225KkcRh9P9FbRKUygl_UJcgCjVQmoaT5kRrbA","T0225KkcRUpP8ACBKBn3xaUMJQCjVQmoaT5kRrbA","T0225KkcRhwaowLXdRL9kvMPfQCjVQmoaT5kRrbA","T0225KkcREseplHTKE-lk_YMdgCjVQmoaT5kRrbA","T0229KUmHkleoA2NeUuqkvcLfACjVQmoaT5kRrbA","T0225KkcRUsR8VGFKEzwxf4NIgCjVQmoaT5kRrbA","T015u_x6Rxwc913RT0cCjVQmoaT5kRrbA","T0225KkcRhkQ81TeKUn3kfRfdwCjVWnYaS5kRrbA","T026tv56QRsY9VzTTx_znfYMdoCaXgCjVQmoaT5kRrbA","T014v_10SBgY_FXUJgCjVQmoaT5kRrbA","T0205KkcFWJhkw2gW0eO0LVtCjVQmoaT5kRrbA","T0205KkcPGlwoge1aFms_b1UCjVQmoaT5kRrbA","T0225KkcRksZo1bTJknynKVbfACjVQmoaT5kRrbA","T008_70nEVkYCjVQmoaT5kRrbA","T012_bguHx8c_FLUCjVQmoaT5kRrbA","T020v_hwRhof_VXKIRLzlf8LCjVQmoaT5kRrbA","T0225KkcRx9NoAbSJk79l_5ZdgCjVWmIaW5kRrbA","T019-ak2HHdPggeNUkmgzY0CjVQmoaT5kRrbA","T018v_hzRhkd9FHTIhib1ACjVQmoaT5kRrbA","T0205KkcIHRdhjKial6X6q9LCjVQmoaT5kRrbA","T0225KkcRUtL9VOFdhqikvBecwCjVQmoaT5kRrbA"]
Jan 07 08:47:01 
Jan 07 08:47:01 ******开始【京东账号1】18055698302_p*********
Jan 07 08:47:01 
Jan 07 08:47:01 
Jan 07 08:47:01 14-邀请好友助力-已完成0-未完成10
Jan 07 08:47:01 
Jan 07 08:47:01 【京东账号1（18055698302_p）的闪购盲盒好友互助码】T018v_VzRRsf_FzUIBib1ACjVQmoaT5kRrbA
Jan 07 08:47:01 
Jan 07 08:47:01 助力已满员！谢谢你哦~
Jan 07 08:47:04 助力已满员！谢谢你哦~
Jan 07 08:47:06 助力已满员！谢谢你哦~
Jan 07 08:47:08 助力已满员！谢谢你哦~
Jan 07 08:47:10 助力已满员！谢谢你哦~
Jan 07 08:47:12 助力已满员！谢谢你哦~
Jan 07 08:47:14 助力已满员！谢谢你哦~
Jan 07 08:47:17 助力已满员！谢谢你哦~
Jan 07 08:47:19 助力已满员！谢谢你哦~
Jan 07 08:47:21 助力已满员！谢谢你哦~
Jan 07 08:47:23 助力已满员！谢谢你哦~
Jan 07 08:47:25 助力已满员！谢谢你哦~
Jan 07 08:47:27 助力已满员！谢谢你哦~
Jan 07 08:47:29 助力已满员！谢谢你哦~
Jan 07 08:47:31 助力已满员！谢谢你哦~
Jan 07 08:47:34 助力已满员！谢谢你哦~
Jan 07 08:47:36 助力已满员！谢谢你哦~
Jan 07 08:47:38 助力已满员！谢谢你哦~
Jan 07 08:47:40 助力已满员！谢谢你哦~
Jan 07 08:47:42 助力已满员！谢谢你哦~
Jan 07 08:47:44 助力已满员！谢谢你哦~
Jan 07 08:47:46 助力已满员！谢谢你哦~
Jan 07 08:47:49 助力已满员！谢谢你哦~
Jan 07 08:47:51 助力已满员！谢谢你哦~
Jan 07 08:47:53 
Jan 07 08:47:53 8-浏览商品任务-已完成0-未完成2
Jan 07 08:47:53 
Jan 07 08:47:53 雅戈尔 衬衫男 男士长袖衬衫 衬衣男 纯色衬衫 格子衬衫多款可选 商务休闲 白色YLDP10171BJA 38
Jan 07 08:47:59 success
Jan 07 08:47:59 
Jan 07 08:47:59 CEMOY澳诗茉白金流明精华澳洲水乳护肤品套装120ml+120ml敏感肌可用 补水保湿新年男女友礼物
Jan 07 08:48:05 success
Jan 07 08:48:06 
Jan 07 08:48:06 开始抽奖
Jan 07 08:48:06 京豆:5
Jan 07 08:48:06 
Jan 07 08:48:06 开始抽奖
Jan 07 08:48:06 京豆:1
Jan 07 08:48:06 
Jan 07 08:48:06 7-浏览并关注店铺-已完成0-未完成2
Jan 07 08:48:06 
Jan 07 08:48:06 SONY京东自营官方旗舰店
Jan 07 08:48:12 success
Jan 07 08:48:12 
Jan 07 08:48:12 苏泊尔京东自营旗舰店
Jan 07 08:48:18 success
Jan 07 08:48:19 
Jan 07 08:48:19 开始抽奖
Jan 07 08:48:19 
Jan 07 08:48:19 开始抽奖
Jan 07 08:48:19 
Jan 07 08:48:19 26-浏览并关注频道-已完成0-未完成3
Jan 07 08:48:19 
Jan 07 08:48:19 浏览并关注闪购频道
Jan 07 08:48:19 success
Jan 07 08:48:19 
Jan 07 08:48:19 买vivo新品送神秘礼包
Jan 07 08:48:19 success
Jan 07 08:48:19 
Jan 07 08:48:19 浏览并关注优惠日历
Jan 07 08:48:19 success
Jan 07 08:48:19 
Jan 07 08:48:19 开始抽奖
Jan 07 08:48:19 
Jan 07 08:48:19 开始抽奖
Jan 07 08:48:20 
Jan 07 08:48:20 开始抽奖
Jan 07 08:48:20 京豆:1
Jan 07 08:48:20 
Jan 07 08:48:20 9-浏览会场任务-已完成0-未完成2
Jan 07 08:48:20 
Jan 07 08:48:20 徐福记礼盒5折起
Jan 07 08:48:26 success
Jan 07 08:48:26 
Jan 07 08:48:26 浏览锦鲤红包
Jan 07 08:48:32 success
Jan 07 08:48:32 
Jan 07 08:48:32 开始抽奖
Jan 07 08:48:32 京豆:1
Jan 07 08:48:33 
Jan 07 08:48:33 开始抽奖
Jan 07 08:48:33 
Jan 07 08:48:33 开始抽奖
Jan 07 08:48:33 
Jan 07 08:48:33 ==============📣系统通知📣==============
Jan 07 08:48:33 闪购盲盒
Jan 07 08:48:33 【京东账号1】18055698302_p
Jan 07 08:48:33 任务已完成，本次运行获得京豆8
Jan 07 08:48:33 【京东账号1】18055698302_p
Jan 07 08:48:33 任务已完成，本次运行获得京豆8
Jan 07 08:48:33 
Jan 07 08:48:33 🔔闪购盲盒, 结束! 🕛 92.887 秒
Jan 07 08:48:33 
Jan 07 22:47:00 
Jan 07 22:47:00 🔔闪购盲盒, 开始!
Jan 07 22:47:00 
Jan 07 22:47:00 ====================共1个京东账号Cookie=========
Jan 07 22:47:00 
Jan 07 22:47:00 ==================脚本执行- 北京时间(UTC+8)：2022/1/7 下午10:47:00=====================
Jan 07 22:47:00 
Jan 07 22:47:00 开始获取闪购盲盒配置文件
Jan 07 22:47:00 
Jan 07 22:47:00 共1个京东账号
Jan 07 22:47:00 
Jan 07 22:47:00 您提供了0个账号的闪购盲盒助力码
Jan 07 22:47:00 
Jan 07 22:47:00 由于您第1个京东账号未提供shareCode,将采纳本脚本自带的助力码
Jan 07 22:47:00 
Jan 07 22:47:00 开始
Jan 07 22:47:01 随机取20个码放到您固定的互助码后面(不影响已有固定互助)
Jan 07 22:47:01 第1个京东账号将要助力的好友["T0159KUiH11Mq1bSKBoCjVQmoaT5kRrbA","T0205KkcF3dzsQ-ldnq09pFMCjVQmoaT5kRrbA","T0225KkcRB9No12FJBulwv8LdACjVQmoaT5kRrbA","T0225KkcRh9P9FbRKUygl_UJcgCjVQmoaT5kRrbA","T0225KkcRhtN8QWEJB-llqVedQCjVQmoaT5kRrbA","T0205KkcBVdrtDyiQVKH9YNjCjVQmoaT5kRrbA","T0119LQ5AVkZ9VwCjVQmoaT5kRrbA","T0205KkcPFh_lhKsf3yT7IZLCjVQmoaT5kRrbA","T022vPl1QxYR9lPUPRP1l_ULfACjVQmoaT5kRrbA","T0205KkcJnhkkgmPX0Ol9JV_CjVQmoaT5kRrbA","T0205KkcHGp8rR6-XFKs1JNfCjVQmoaT5kRrbA","T014aVjalZGq9VfXIgCjVQmoaT5kRrbA","T008_qU6BE9HCjVQmoaT5kRrbA","T0225KkcRh8RoVHQJ0iglaFZJwCjVQmoaT5kRrbA","T019-aknAHlurgWJWWOlyZ4CjVQmoaT5kRrbA","T019-akTJm1HthaCelCc5qUCjVQmoaT5kRrbA","T0205KkcI3x8lByeeEyz0b1YCjVQmoaT5kRrbA","T0205KkcKn5hjDafW2GAyp1KCjVQmoaT5kRrbA","T0157L8iBkEQ9Fy4c0QCjVQmoaT5kRrbA","T0144rk3QRcQ81XVJwCjVQmoaT5kRrbA","T020vftySBgR6FbXIB_ykvMNCjVQmoaT5kRrbA","T0225KkcRRscplyFdRj9lPUCJwCjVQmoaT5kRrbA","T0205KkcF2BfijOFQ0mo7KNeCjVQmoaT5kRrbA","T0127aAqHkkb9FbQCjVQmoaT5kRrbA"]
Jan 07 22:47:01 
Jan 07 22:47:01 ******开始【京东账号1】18055698302_p*********
Jan 07 22:47:01 
Jan 07 22:47:01 
Jan 07 22:47:01 14-邀请好友助力-已完成0-未完成10
Jan 07 22:47:01 
Jan 07 22:47:01 【京东账号1（18055698302_p）的闪购盲盒好友互助码】T018v_VzRRsf_FzUIBib1ACjVQmoaT5kRrbA
Jan 07 22:47:01 
Jan 07 22:47:01 助力已满员！谢谢你哦~
Jan 07 22:47:04 助力已满员！谢谢你哦~
Jan 07 22:47:06 助力已满员！谢谢你哦~
Jan 07 22:47:08 助力已满员！谢谢你哦~
Jan 07 22:47:10 助力已满员！谢谢你哦~
Jan 07 22:47:12 助力已满员！谢谢你哦~
Jan 07 22:47:14 助力已满员！谢谢你哦~
Jan 07 22:47:16 助力已满员！谢谢你哦~
Jan 07 22:47:19 助力已满员！谢谢你哦~
Jan 07 22:47:21 助力已满员！谢谢你哦~
Jan 07 22:47:23 助力已满员！谢谢你哦~
Jan 07 22:47:25 助力已满员！谢谢你哦~
Jan 07 22:47:27 助力已满员！谢谢你哦~
Jan 07 22:47:29 助力已满员！谢谢你哦~
Jan 07 22:47:31 助力已满员！谢谢你哦~
Jan 07 22:47:34 助力已满员！谢谢你哦~
Jan 07 22:47:36 助力已满员！谢谢你哦~
Jan 07 22:47:38 助力已满员！谢谢你哦~
Jan 07 22:47:40 助力已满员！谢谢你哦~
Jan 07 22:47:42 助力已满员！谢谢你哦~
Jan 07 22:47:44 助力已满员！谢谢你哦~
Jan 07 22:47:46 助力已满员！谢谢你哦~
Jan 07 22:47:49 助力已满员！谢谢你哦~
Jan 07 22:47:51 助力已满员！谢谢你哦~
Jan 07 22:47:53 
Jan 07 22:47:53 8-浏览商品任务-全部已完成
Jan 07 22:47:53 
Jan 07 22:47:53 7-浏览并关注店铺-全部已完成
Jan 07 22:47:53 
Jan 07 22:47:53 26-浏览并关注频道-全部已完成
Jan 07 22:47:53 
Jan 07 22:47:53 9-浏览会场任务-全部已完成
Jan 07 22:47:53 
Jan 07 22:47:53 开始抽奖
Jan 07 22:47:53 【京东账号1】18055698302_p
Jan 07 22:47:53 任务已完成，本次运行获得京豆0
Jan 07 22:47:53 
Jan 07 22:47:53 🔔闪购盲盒, 结束! 🕛 53.155 秒
Jan 07 22:47:53 
Jan 08 08:47:01 
Jan 08 08:47:01 🔔闪购盲盒, 开始!
Jan 08 08:47:01 
Jan 08 08:47:01 ====================共1个京东账号Cookie=========
Jan 08 08:47:01 
Jan 08 08:47:01 ==================脚本执行- 北京时间(UTC+8)：2022/1/8 上午8:47:01=====================
Jan 08 08:47:01 
Jan 08 08:47:01 开始获取闪购盲盒配置文件
Jan 08 08:47:01 
Jan 08 08:47:01 共1个京东账号
Jan 08 08:47:01 
Jan 08 08:47:01 您提供了0个账号的闪购盲盒助力码
Jan 08 08:47:01 
Jan 08 08:47:01 由于您第1个京东账号未提供shareCode,将采纳本脚本自带的助力码
Jan 08 08:47:01 
Jan 08 08:47:01 开始
Jan 08 08:47:01 随机取20个码放到您固定的互助码后面(不影响已有固定互助)
Jan 08 08:47:01 第1个京东账号将要助力的好友["T0159KUiH11Mq1bSKBoCjVQmoaT5kRrbA","T0205KkcF3dzsQ-ldnq09pFMCjVQmoaT5kRrbA","T0225KkcRB9No12FJBulwv8LdACjVQmoaT5kRrbA","T0225KkcRh9P9FbRKUygl_UJcgCjVQmoaT5kRrbA","T0225KkcRBZN_AaFIBOlnPYOIgCjVWmIaW5kRrbA","T0205KkcEkBknBKvV2Wt7ZZACjVQmoaT5kRrbA","T0225KkcRU0e_QLTcR38wv9ZJQCjVWmIaW5kRrbA","T0225KkcRU8bpwfVIRj1x6UDIQCjVQmoaT5kRrbA","T024aWrRma62Id5z9aRcQ3aJoTWYCjVQmoaT5kRrbA","T0225KkcRhxN9QbedkvxlqJZfQCjVQmoaT5kRrbA","T0119K8vCBwZ9FwCjVQmoaT5kRrbA","T0225KkcRUwf8AffJhL9naJZcACjVQmoaT5kRrbA","T0147_R7RhgQ81HWIACjVQmoaT5kRrbA","T0225KkcR09KoQGEcU_3kP4LcgCjVQmoaT5kRrbA","T0225KkcR0hN_FaGdUmhnfYIJgCjVQmoaT5kRrbA","T0225KkcRExM8QGGIx_xkPVYIQCjVQmoaT5kRrbA","T0225KkcRU0Qo1WCJRKilPRcdwCjVQmoaT5kRrbA","T0205KkcGWJBrQiGYG-Vz4ZsCjVQmoaT5kRrbA","T0205KkcMWhRpgGVRFyD5YtDCjVQmoaT5kRrbA","T018v_hxRhYR91TWJB-b1ACjVQmoaT5kRrbA","T0205KkcPGlEjhahVn-CzIB4CjVQmoaT5kRrbA","T0205KkcOntMjBCuQ0WV0pJ9CjVQmoaT5kRrbA","T015t_xwSBcZ_FLeT0cCjVQmoaT5kRrbA","T0205KkcKGtakA6BRn6Mwa5KCjVQmoaT5kRrbA"]
Jan 08 08:47:01 
Jan 08 08:47:01 ******开始【京东账号1】18055698302_p*********
Jan 08 08:47:01 
Jan 08 08:47:02 
Jan 08 08:47:02 14-邀请好友助力-已完成0-未完成10
Jan 08 08:47:02 
Jan 08 08:47:02 【京东账号1（18055698302_p）的闪购盲盒好友互助码】T018v_VzRRsf_FzUIBib1ACjVQmoaT5kRrbA
Jan 08 08:47:02 
Jan 08 08:47:02 助力已满员！谢谢你哦~
Jan 08 08:47:04 助力已满员！谢谢你哦~
Jan 08 08:47:06 助力已满员！谢谢你哦~
Jan 08 08:47:08 助力已满员！谢谢你哦~
Jan 08 08:47:10 助力已满员！谢谢你哦~
Jan 08 08:47:13 助力已满员！谢谢你哦~
Jan 08 08:47:15 助力已满员！谢谢你哦~
Jan 08 08:47:17 助力已满员！谢谢你哦~
Jan 08 08:47:19 助力已满员！谢谢你哦~
Jan 08 08:47:21 助力已满员！谢谢你哦~
Jan 08 08:47:23 助力已满员！谢谢你哦~
Jan 08 08:47:25 助力已满员！谢谢你哦~
Jan 08 08:47:28 助力已满员！谢谢你哦~
Jan 08 08:47:30 助力已满员！谢谢你哦~
Jan 08 08:47:32 助力已满员！谢谢你哦~
Jan 08 08:47:34 助力已满员！谢谢你哦~
Jan 08 08:47:36 助力已满员！谢谢你哦~
Jan 08 08:47:38 助力已满员！谢谢你哦~
Jan 08 08:47:40 success
Jan 08 08:47:43 success
Jan 08 08:47:45 助力已满员！谢谢你哦~
Jan 08 08:47:47 success
Jan 08 08:47:49 助力已满员！谢谢你哦~
Jan 08 08:47:51 助力已满员！谢谢你哦~
Jan 08 08:47:53 
Jan 08 08:47:53 8-浏览商品任务-已完成0-未完成2
Jan 08 08:47:53 
Jan 08 08:47:53 菊正宗上选清酒1.8L菊正宗清酒 日本原装进口 日式料理纯米酒低度发酵酒 1号会员店
Jan 08 08:47:59 success
Jan 08 08:47:59 
Jan 08 08:47:59 泸州老窖 高粱熟了 52度500ml浓香型 高度白酒送礼 单瓶装 1号会员店 
Jan 08 08:48:06 success
Jan 08 08:48:06 
Jan 08 08:48:06 开始抽奖
Jan 08 08:48:06 
Jan 08 08:48:06 开始抽奖
Jan 08 08:48:06 
Jan 08 08:48:06 7-浏览并关注店铺-已完成0-未完成2
Jan 08 08:48:06 
Jan 08 08:48:06 冈本京东自营旗舰店
Jan 08 08:48:12 success
Jan 08 08:48:12 
Jan 08 08:48:12 华为京东自营官方旗舰店
Jan 08 08:48:19 success
Jan 08 08:48:19 
Jan 08 08:48:19 开始抽奖
Jan 08 08:48:19 
Jan 08 08:48:19 开始抽奖
Jan 08 08:48:19 京豆:2
Jan 08 08:48:19 
Jan 08 08:48:19 26-浏览并关注频道-已完成0-未完成3
Jan 08 08:48:19 
Jan 08 08:48:19 浏览并关注优惠日历
Jan 08 08:48:19 success
Jan 08 08:48:19 
Jan 08 08:48:19 浏览并关注闪购频道
Jan 08 08:48:19 success
Jan 08 08:48:19 
Jan 08 08:48:19 买vivo新品送神秘礼包
Jan 08 08:48:19 success
Jan 08 08:48:20 
Jan 08 08:48:20 开始抽奖
Jan 08 08:48:20 京豆:1
Jan 08 08:48:20 
Jan 08 08:48:20 开始抽奖
Jan 08 08:48:20 
Jan 08 08:48:20 开始抽奖
Jan 08 08:48:20 
Jan 08 08:48:20 9-浏览会场任务-已完成0-未完成2
Jan 08 08:48:20 
Jan 08 08:48:20 浏览锦鲤红包
Jan 08 08:48:26 success
Jan 08 08:48:26 
Jan 08 08:48:26 健力多第二件0元起
Jan 08 08:48:33 success
Jan 08 08:48:33 
Jan 08 08:48:33 开始抽奖
Jan 08 08:48:33 
Jan 08 08:48:33 开始抽奖
Jan 08 08:48:33 
Jan 08 08:48:33 开始抽奖
Jan 08 08:48:33 
Jan 08 08:48:33 ==============📣系统通知📣==============
Jan 08 08:48:33 闪购盲盒
Jan 08 08:48:33 【京东账号1】18055698302_p
Jan 08 08:48:33 任务已完成，本次运行获得京豆3
Jan 08 08:48:33 【京东账号1】18055698302_p
Jan 08 08:48:33 任务已完成，本次运行获得京豆3
Jan 08 08:48:33 
Jan 08 08:48:33 🔔闪购盲盒, 结束! 🕛 92.46 秒
Jan 08 08:48:33 
Jan 08 22:47:01 
Jan 08 22:47:01 🔔闪购盲盒, 开始!
Jan 08 22:47:01 
Jan 08 22:47:01 ====================共1个京东账号Cookie=========
Jan 08 22:47:01 
Jan 08 22:47:01 ==================脚本执行- 北京时间(UTC+8)：2022/1/8 下午10:47:01=====================
Jan 08 22:47:01 
Jan 08 22:47:01 开始获取闪购盲盒配置文件
Jan 08 22:47:01 
Jan 08 22:47:01 共1个京东账号
Jan 08 22:47:01 
Jan 08 22:47:01 您提供了0个账号的闪购盲盒助力码
Jan 08 22:47:01 
Jan 08 22:47:01 由于您第1个京东账号未提供shareCode,将采纳本脚本自带的助力码
Jan 08 22:47:01 
Jan 08 22:47:01 开始
Jan 08 22:47:02 随机取20个码放到您固定的互助码后面(不影响已有固定互助)
Jan 08 22:47:02 第1个京东账号将要助力的好友["T0159KUiH11Mq1bSKBoCjVQmoaT5kRrbA","T0205KkcF3dzsQ-ldnq09pFMCjVQmoaT5kRrbA","T0225KkcRB9No12FJBulwv8LdACjVQmoaT5kRrbA","T0225KkcRh9P9FbRKUygl_UJcgCjVQmoaT5kRrbA","T0169KUiGVZApAvXIBr1CjVQmoaT5kRrbA","T022v_52QRsb9FzQPRz8kvUIdgCjVQmoaT5kRrbA","T026Znrslra6Iv5j94ZonSGn5es1pwCjVQmoaT5kRrbA","T0225KkcRx5MpAKBckmmkfcJcQCjVQmoaT5kRrbA","T0225KkcRkoY8QfRJh-ixaRcIACjVQmoaT5kRrbA","T0205KkcPWpKhiOWVGeT5Z9ZCjVQmoaT5kRrbA","T0205KkcNm99oz2RcWeC3aVXCjVQmoaT5kRrbA","T019a3fclrO5IMBA9Y5j_r0CjVQmoaT5kRrbA","T0225KkcRk1Kp1DUdBv3l6UMJQCjVQmoaT5kRrbA","T008a1jJloOlCjVQmoaT5kRrbA","T0225KkcRhgY9lyDJR6ll_IDfQCjVQmoaT5kRrbA","T0225KkcREgf8AGBIEyix6YLIgCjVQmoaT5kRrbA","T022vfxzRRcQ_F3XPRv1lvcIcwCjVQmoaT5kRrbA","T0164rkvQxsb_F3eKRnwCjVQmoaT5kRrbA","T018v_51QRgZ8FXTIBmb1ACjVQmoaT5kRrbA","T0205KkcH2lKnxOlWE-164FjCjVQmoaT5kRrbA","T0225KkcRBcd8wbSdRmhlfMPJQCjVQmoaT5kRrbA","T0225KkcRBsf9V3fdEmmk_ZbdgCjVQmoaT5kRrbA","T023v_t3Qhsc8lXKJxzxlvYCdagCjVQmoaT5kRrbA","T018v_V2RRcY9VbSJxmb1ACjVQmoaT5kRrbA"]
Jan 08 22:47:02 
Jan 08 22:47:02 ******开始【京东账号1】18055698302_p*********
Jan 08 22:47:02 
Jan 08 22:47:02 
Jan 08 22:47:02 14-邀请好友助力-已完成0-未完成10
Jan 08 22:47:02 
Jan 08 22:47:02 【京东账号1（18055698302_p）的闪购盲盒好友互助码】T018v_VzRRsf_FzUIBib1ACjVQmoaT5kRrbA
Jan 08 22:47:02 
Jan 08 22:47:02 助力已满员！谢谢你哦~
Jan 08 22:47:04 助力已满员！谢谢你哦~
Jan 08 22:47:06 助力已满员！谢谢你哦~
Jan 08 22:47:08 助力已满员！谢谢你哦~
Jan 08 22:47:10 助力已满员！谢谢你哦~
Jan 08 22:47:13 助力已满员！谢谢你哦~
Jan 08 22:47:15 助力已满员！谢谢你哦~
Jan 08 22:47:17 助力已满员！谢谢你哦~
Jan 08 22:47:19 助力已满员！谢谢你哦~
Jan 08 22:47:21 助力已满员！谢谢你哦~
Jan 08 22:47:23 助力已满员！谢谢你哦~
Jan 08 22:47:25 助力已满员！谢谢你哦~
Jan 08 22:47:28 助力已满员！谢谢你哦~
Jan 08 22:47:30 助力已满员！谢谢你哦~
Jan 08 22:47:32 助力已满员！谢谢你哦~
Jan 08 22:47:34 助力已满员！谢谢你哦~
Jan 08 22:47:36 助力已满员！谢谢你哦~
Jan 08 22:47:38 助力已满员！谢谢你哦~
Jan 08 22:47:40 助力已满员！谢谢你哦~
Jan 08 22:47:43 助力已满员！谢谢你哦~
Jan 08 22:47:45 助力已满员！谢谢你哦~
Jan 08 22:47:47 助力已满员！谢谢你哦~
Jan 08 22:47:49 助力已满员！谢谢你哦~
Jan 08 22:47:51 助力已满员！谢谢你哦~
Jan 08 22:47:53 
Jan 08 22:47:53 8-浏览商品任务-全部已完成
Jan 08 22:47:53 
Jan 08 22:47:53 7-浏览并关注店铺-全部已完成
Jan 08 22:47:53 
Jan 08 22:47:53 26-浏览并关注频道-全部已完成
Jan 08 22:47:53 
Jan 08 22:47:53 9-浏览会场任务-全部已完成
Jan 08 22:47:53 
Jan 08 22:47:53 开始抽奖
Jan 08 22:47:53 【京东账号1】18055698302_p
Jan 08 22:47:53 任务已完成，本次运行获得京豆0
Jan 08 22:47:53 
Jan 08 22:47:53 🔔闪购盲盒, 结束! 🕛 52.819 秒
Jan 08 22:47:53 
Jan 09 08:47:00 
Jan 09 08:47:00 🔔闪购盲盒, 开始!
Jan 09 08:47:00 
Jan 09 08:47:00 ====================共1个京东账号Cookie=========
Jan 09 08:47:00 
Jan 09 08:47:00 ==================脚本执行- 北京时间(UTC+8)：2022/1/9 上午8:47:00=====================
Jan 09 08:47:00 
Jan 09 08:47:00 开始获取闪购盲盒配置文件
Jan 09 08:47:00 
Jan 09 08:47:00 共1个京东账号
Jan 09 08:47:00 
Jan 09 08:47:00 您提供了0个账号的闪购盲盒助力码
Jan 09 08:47:00 
Jan 09 08:47:01 由于您第1个京东账号未提供shareCode,将采纳本脚本自带的助力码
Jan 09 08:47:01 
Jan 09 08:47:01 开始
Jan 09 08:47:01 随机取20个码放到您固定的互助码后面(不影响已有固定互助)
Jan 09 08:47:01 第1个京东账号将要助力的好友["T0159KUiH11Mq1bSKBoCjVQmoaT5kRrbA","T0205KkcF3dzsQ-ldnq09pFMCjVQmoaT5kRrbA","T0225KkcRB9No12FJBulwv8LdACjVQmoaT5kRrbA","T0225KkcRh9P9FbRKUygl_UJcgCjVQmoaT5kRrbA","T0225KkcRE0R9lfWc0v1l_BYcQCjVQmoaT5kRrbA","T0205KkcA19NjD6GW2mN15F8CjVQmoaT5kRrbA","T019-ak6P2tdvT2GZnyoyokCjVQmoaT5kRrbA","T0147a4iE1pctlXWIgCjVQmoaT5kRrbA","T0205KkcBE9zjgmxZ2C2yrdVCjVQmoaT5kRrbA","T0225KkcRUoY81Dedkz1xaUNdgCjVQmoaT5kRrbA","T026uP9zQB8Q_VzWTxj8l_UDcquqqACjVQmoaT5kRrbA","T0205KkcB3hlrAitR2KG74ViCjVQmoaT5kRrbA","T0115rgiHl92th0CjVQmoaT5kRrbA","T014-bdzQR4dsh64fQCjVQmoaT5kRrbA","T0225KkcRBlKp1PeKBLykfBfIACjVQmoaT5kRrbA","T0205KkcBkpqqgKtWWCP769TCjVQmoaT5kRrbA","T016-r8pRhka8VXQIhj1CjVQmoaT5kRrbA","T0225KkcRktI91HSIh2hwfAMdQCjVQmoaT5kRrbA","T022aXPNlYuUIv5j9rJsQWOTNQCjVQmoaT5kRrbA","T0225KkcRUgYo13UIUnwkqIOfQCjVQmoaT5kRrbA","T0205KkcOEdrqy2OQGKmzaVXCjVQmoaT5kRrbA","T01196w3H1tavBUCjVQmoaT5kRrbA","T0115agmHkVdoBACjVQmoaT5kRrbA","T0205KkcCXhtgw-WVVqnyYFeCjVQmoaT5kRrbA"]
Jan 09 08:47:01 
Jan 09 08:47:01 ******开始【京东账号1】18055698302_p*********
Jan 09 08:47:01 
Jan 09 08:47:01 
Jan 09 08:47:01 14-邀请好友助力-已完成0-未完成10
Jan 09 08:47:01 
Jan 09 08:47:01 【京东账号1（18055698302_p）的闪购盲盒好友互助码】T018v_VzRRsf_FzUIBib1ACjVQmoaT5kRrbA
Jan 09 08:47:01 
Jan 09 08:47:02 助力已满员！谢谢你哦~
Jan 09 08:47:04 助力已满员！谢谢你哦~
Jan 09 08:47:06 助力已满员！谢谢你哦~
Jan 09 08:47:08 助力已满员！谢谢你哦~
Jan 09 08:47:10 助力已满员！谢谢你哦~
Jan 09 08:47:12 助力已满员！谢谢你哦~
Jan 09 08:47:14 助力已满员！谢谢你哦~
Jan 09 08:47:17 助力已满员！谢谢你哦~
Jan 09 08:47:19 助力已满员！谢谢你哦~
Jan 09 08:47:21 助力已满员！谢谢你哦~
Jan 09 08:47:23 助力已满员！谢谢你哦~
Jan 09 08:47:25 助力已满员！谢谢你哦~
Jan 09 08:47:27 助力已满员！谢谢你哦~
Jan 09 08:47:29 助力已满员！谢谢你哦~
Jan 09 08:47:32 助力已满员！谢谢你哦~
Jan 09 08:47:34 助力已满员！谢谢你哦~
Jan 09 08:47:36 助力已满员！谢谢你哦~
Jan 09 08:47:38 助力已满员！谢谢你哦~
Jan 09 08:47:40 助力已满员！谢谢你哦~
Jan 09 08:47:42 助力已满员！谢谢你哦~
Jan 09 08:47:44 助力已满员！谢谢你哦~
Jan 09 08:47:47 success
Jan 09 08:47:49 success
Jan 09 08:47:51 success
Jan 09 08:47:53 
Jan 09 08:47:53 8-浏览商品任务-已完成0-未完成2
Jan 09 08:47:53 
Jan 09 08:47:53 黑人（DARLIE）随心美学牙刷4支装 普通款x国家宝藏款（3款随机发放）
Jan 09 08:47:59 success
Jan 09 08:47:59 
Jan 09 08:47:59 【自营仓直发】尤妮佳妈咪宝贝小内裤（男女通用） XL32小包（12-17kg）
Jan 09 08:48:05 success
Jan 09 08:48:06 
Jan 09 08:48:06 开始抽奖
Jan 09 08:48:06 京豆:1
Jan 09 08:48:06 
Jan 09 08:48:06 开始抽奖
Jan 09 08:48:06 
Jan 09 08:48:06 7-浏览并关注店铺-已完成0-未完成2
Jan 09 08:48:06 
Jan 09 08:48:06 故宫文创官方旗舰店
Jan 09 08:48:12 success
Jan 09 08:48:12 
Jan 09 08:48:12 冈本京东自营旗舰店
Jan 09 08:48:18 success
Jan 09 08:48:19 
Jan 09 08:48:19 开始抽奖
Jan 09 08:48:19 京豆:1
Jan 09 08:48:19 
Jan 09 08:48:19 开始抽奖
Jan 09 08:48:19 京豆:1
Jan 09 08:48:19 
Jan 09 08:48:19 26-浏览并关注频道-已完成0-未完成3
Jan 09 08:48:19 
Jan 09 08:48:19 浏览并关注闪购频道
Jan 09 08:48:19 success
Jan 09 08:48:19 
Jan 09 08:48:19 买vivo新品送神秘礼包
Jan 09 08:48:19 success
Jan 09 08:48:19 
Jan 09 08:48:19 浏览并关注优惠日历
Jan 09 08:48:19 success
Jan 09 08:48:19 
Jan 09 08:48:19 开始抽奖
Jan 09 08:48:19 
Jan 09 08:48:19 开始抽奖
Jan 09 08:48:20 
Jan 09 08:48:20 开始抽奖
Jan 09 08:48:20 
Jan 09 08:48:20 9-浏览会场任务-已完成0-未完成2
Jan 09 08:48:20 
Jan 09 08:48:20 爆款低至7折
Jan 09 08:48:26 success
Jan 09 08:48:26 
Jan 09 08:48:26 去炸年兽瓜分20亿
Jan 09 08:48:32 success
Jan 09 08:48:32 
Jan 09 08:48:32 开始抽奖
Jan 09 08:48:33 
Jan 09 08:48:33 开始抽奖
Jan 09 08:48:33 
Jan 09 08:48:33 开始抽奖
Jan 09 08:48:33 
Jan 09 08:48:33 ==============📣系统通知📣==============
Jan 09 08:48:33 闪购盲盒
Jan 09 08:48:33 【京东账号1】18055698302_p
Jan 09 08:48:33 任务已完成，本次运行获得京豆3
Jan 09 08:48:33 【京东账号1】18055698302_p
Jan 09 08:48:33 任务已完成，本次运行获得京豆3
Jan 09 08:48:33 
Jan 09 08:48:33 🔔闪购盲盒, 结束! 🕛 92.322 秒
Jan 09 08:48:33 
