Jan 07 00:20:00 
Jan 07 00:20:00 🔔众筹许愿池, 开始!
Jan 07 00:20:00 
Jan 07 00:20:00 ====================共1个京东账号Cookie=========
Jan 07 00:20:00 
Jan 07 00:20:01 ==================脚本执行- 北京时间(UTC+8)：2022/1/7 上午12:20:00=====================
Jan 07 00:20:01 
Jan 07 00:20:03 
Jan 07 00:20:03 *******开始【京东账号1】153*****330_p*********
Jan 07 00:20:03 
Jan 07 00:20:03 
Jan 07 00:20:03 开始第1个活动：1111点心动
Jan 07 00:20:03 
Jan 07 00:20:03 【关注三顿半自营旗舰店】每关注1个店铺可得100新动值
Jan 07 00:20:03 完成任务：获得100金币
Jan 07 00:20:03 
Jan 07 00:20:03 【关注植益自营旗舰店】每关注1个店铺可得100新动值
Jan 07 00:20:04 完成任务：获得100金币
Jan 07 00:20:04 
Jan 07 00:20:04 【关注瑞幸咖啡自营旗舰店】每关注1个店铺可得100新动值
Jan 07 00:20:04 完成任务：获得100金币
Jan 07 00:20:04 
Jan 07 00:20:04 【关注黄天鹅自营旗舰店】每关注1个店铺可得100新动值
Jan 07 00:20:04 完成任务：获得100金币
Jan 07 00:20:04 
Jan 07 00:20:04 【关注联合利华自营旗舰店】每关注1个店铺可得100新动值
Jan 07 00:20:04 完成任务：获得100金币
Jan 07 00:20:04 
Jan 07 00:20:04 【关注拉面说自营旗舰店】每关注1个店铺可得100新动值
Jan 07 00:20:04 完成任务：获得100金币
Jan 07 00:20:04 
Jan 07 00:20:04 【关注筷手小厨自营旗舰店】每关注1个店铺可得100新动值
Jan 07 00:20:04 完成任务：获得100金币
Jan 07 00:20:04 
Jan 07 00:20:04 【关注布鲁可自营旗舰店】每关注1个店铺可得100新动值
Jan 07 00:20:04 完成任务：获得100金币
Jan 07 00:20:04 
Jan 07 00:20:04 【关注王饱饱自营旗舰店】每关注1个店铺可得100新动值
Jan 07 00:20:05 完成任务：获得100金币
Jan 07 00:20:05 
Jan 07 00:20:05 【关注可口可乐旗舰店】每关注1个店铺可得100新动值
Jan 07 00:20:05 完成任务：获得100金币
Jan 07 00:20:05 
Jan 07 00:20:05 【看看追新PRO】每关注1个频道可得500新动值
Jan 07 00:20:05 完成任务：获得500金币
Jan 07 00:20:05 
Jan 07 00:20:05 【看看京东超市】每关注1个频道可得500新动值
Jan 07 00:20:05 完成任务：获得500金币
Jan 07 00:20:05 
Jan 07 00:20:05 【逛京东超市频道】每浏览1个会场6s可得100新动值
Jan 07 00:20:05 任务领取成功
Jan 07 00:20:11 完成任务：获得100金币
Jan 07 00:20:11 
Jan 07 00:20:11 【京东账号1（18055698302_p）的1111点心动好友互助码】T018v_VzRRsf_FzUIBib1ADjRXlq-7zx55awQ
Jan 07 00:20:11 
Jan 07 00:20:15 可以抽奖4次，去抽奖
Jan 07 00:20:15 
Jan 07 00:20:16 很遗憾未中奖~
Jan 07 00:20:18 很遗憾未中奖~
Jan 07 00:20:20 很遗憾未中奖~
Jan 07 00:20:22 很遗憾未中奖~
Jan 07 00:20:24 
Jan 07 00:20:24 开始第2个活动：JOY年尾之旅
Jan 07 00:20:24 
Jan 07 00:20:24 【浏览西门子家电】浏览当前会场3S可获得100年味值
Jan 07 00:20:24 任务领取成功
Jan 07 00:20:27 完成任务：获得100金币
Jan 07 00:20:27 
Jan 07 00:20:27 【浏览TCL年货节】浏览当前会场3S可获得100年味值
Jan 07 00:20:28 任务领取成功
Jan 07 00:20:31 完成任务：获得100金币
Jan 07 00:20:31 
Jan 07 00:20:31 【浏览石头狂欢会场】浏览当前会场3S可获得100年味值
Jan 07 00:20:31 任务领取成功
Jan 07 00:20:34 完成任务：获得100金币
Jan 07 00:20:34 
Jan 07 00:20:34 【浏览欧乐B会场】浏览当前会场3S可获得100年味值
Jan 07 00:20:34 任务领取成功
Jan 07 00:20:37 完成任务：获得100金币
Jan 07 00:20:37 
Jan 07 00:20:37 【浏览海尔年货会场】浏览当前会场3S可获得100年味值
Jan 07 00:20:38 任务领取成功
Jan 07 00:20:41 完成任务：获得100金币
Jan 07 00:20:41 
Jan 07 00:20:41 【浏览华为会场】浏览当前会场3S可获得100年味值
Jan 07 00:20:41 任务领取成功
Jan 07 00:20:44 完成任务：获得100金币
Jan 07 00:20:44 
Jan 07 00:20:44 【小米潮流小家电】浏览当前会场3S可获得100年味值
Jan 07 00:20:44 任务领取成功
Jan 07 00:20:47 完成任务：获得100金币
Jan 07 00:20:47 
Jan 07 00:20:47 【浏览华为PC会场】浏览当前会场3S可获得50年味值
Jan 07 00:20:47 任务领取成功
Jan 07 00:20:51 完成任务：获得50金币
Jan 07 00:20:51 
Jan 07 00:20:51 【浏览 辉柏嘉 会场】浏览当前会场3S可获得50年味值
Jan 07 00:20:51 任务领取成功
Jan 07 00:20:54 完成任务：获得50金币
Jan 07 00:20:54 
Jan 07 00:20:54 【浏览凯兰帝文具】浏览当前会场3S可获得50年味值
Jan 07 00:20:54 任务领取成功
Jan 07 00:20:57 完成任务：获得50金币
Jan 07 00:20:57 
Jan 07 00:20:57 【浏览realme会场】浏览当前会场3S可获得50年味值
Jan 07 00:20:57 任务领取成功
Jan 07 00:21:00 完成任务：获得50金币
Jan 07 00:21:00 
Jan 07 00:21:00 【帝宁自营旗舰店】浏览当前会场3S可获得50年味值
Jan 07 00:21:01 任务领取成功
Jan 07 00:21:04 完成任务：获得50金币
Jan 07 00:21:04 
Jan 07 00:21:04 【日用焕新满200-30】浏览当前会场3S可获得50年味值
Jan 07 00:21:04 任务领取成功
Jan 07 00:21:07 完成任务：获得50金币
Jan 07 00:21:07 
Jan 07 00:21:07 【浏览旅行年味会场】浏览当前会场3S可获得50年味值
Jan 07 00:21:07 任务领取成功
Jan 07 00:21:10 完成任务：获得50金币
Jan 07 00:21:10 
Jan 07 00:21:10 【浏览交通会场】浏览当前会场3S可获得50年味值
Jan 07 00:21:10 任务领取成功
Jan 07 00:21:13 完成任务：获得50金币
Jan 07 00:21:13 
Jan 07 00:21:13 【欢洗过大年】浏览当前会场3S可获得50年味值
Jan 07 00:21:14 任务领取成功
Jan 07 00:21:17 完成任务：获得50金币
Jan 07 00:21:17 
Jan 07 00:21:17 【大福袋饼点大礼包】浏览当前会场3S可获得50年味值
Jan 07 00:21:17 任务领取成功
Jan 07 00:21:20 完成任务：获得50金币
Jan 07 00:21:20 
Jan 07 00:21:20 签到
Jan 07 00:21:20 完成任务：获得100金币
Jan 07 00:21:20 
Jan 07 00:21:24 可以抽奖7次，去抽奖
Jan 07 00:21:24 
Jan 07 00:21:25 抽中：，金额59-5，使用时间2022.01.07-2022.01.10
Jan 07 00:21:27 很遗憾未中奖~
Jan 07 00:21:29 很遗憾未中奖~
Jan 07 00:21:31 很遗憾未中奖~
Jan 07 00:21:33 很遗憾未中奖~
Jan 07 00:21:36 很遗憾未中奖~
Jan 07 00:21:38 很遗憾未中奖~
Jan 07 00:21:40 
Jan 07 00:21:40 开始第3个活动：PLUS生活特权
Jan 07 00:21:40 
Jan 07 00:21:40 【领肯德基9.9元下午茶】浏览6s并领取权益可获得200金币
Jan 07 00:21:40 任务领取成功
Jan 07 00:21:46 完成任务：获得200金币
Jan 07 00:21:46 
Jan 07 00:21:46 【领半价小皇堡4件套】浏览6s并领取权益可获得200金币
Jan 07 00:21:46 任务领取成功
Jan 07 00:21:52 完成任务：获得200金币
Jan 07 00:21:52 
Jan 07 00:21:52 【办银行卡得PLUS会员】浏览6s并领取权益可获得200金币
Jan 07 00:21:53 任务领取成功
Jan 07 00:21:59 完成任务：获得200金币
Jan 07 00:21:59 
Jan 07 00:21:59 【领免费吃喝玩乐福利】浏览6s并领取权益可获得200金币
Jan 07 00:21:59 任务领取成功
Jan 07 00:22:05 完成任务：获得200金币
Jan 07 00:22:05 
Jan 07 00:22:05 签到
Jan 07 00:22:05 签到成功：获得200金币
Jan 07 00:22:05 
Jan 07 00:22:09 可以抽奖5次，去抽奖
Jan 07 00:22:09 
Jan 07 00:22:10 很遗憾未中奖~
Jan 07 00:22:12 很遗憾未中奖~
Jan 07 00:22:14 很遗憾未中奖~
Jan 07 00:22:16 很遗憾未中奖~
Jan 07 00:22:18 很遗憾未中奖~
Jan 07 00:22:32 开始内部助力
Jan 07 00:22:32 
Jan 07 00:22:32 开始助力第1个活动：1111点心动
Jan 07 00:22:32 
Jan 07 00:22:32 18055698302_p 去助力 18055698302_p 的助力码 T018v_VzRRsf_FzUIBib1ADjRXlq-7zx55awQ
Jan 07 00:22:32 不能助力自己
Jan 07 00:22:32 
Jan 07 00:22:32 18055698302_p 去助力 88489948 的助力码 T011tvV3SBcQ8VwDjRXlq-7zx55awQ
Jan 07 00:22:32 助力失败：助力已满员！谢谢你哦~
Jan 07 00:22:32 
Jan 07 00:22:34 开始助力第2个活动：JOY年尾之旅
Jan 07 00:22:34 
Jan 07 00:22:34 开始助力第3个活动：PLUS生活特权
Jan 07 00:22:34 
Jan 07 00:22:34 
Jan 07 00:22:34 🔔众筹许愿池, 结束! 🕛 154.024 秒
Jan 07 00:22:34 
Jan 07 02:20:00 
Jan 07 02:20:00 🔔众筹许愿池, 开始!
Jan 07 02:20:00 
Jan 07 02:20:00 ====================共1个京东账号Cookie=========
Jan 07 02:20:00 
Jan 07 02:20:01 ==================脚本执行- 北京时间(UTC+8)：2022/1/7 上午2:20:00=====================
Jan 07 02:20:01 
Jan 07 02:20:02 
Jan 07 02:20:02 *******开始【京东账号1】153*****330_p*********
Jan 07 02:20:02 
Jan 07 02:20:02 
Jan 07 02:20:02 开始第1个活动：1111点心动
Jan 07 02:20:02 
Jan 07 02:20:02 【关注筷手小厨自营旗舰店】已完成
Jan 07 02:20:02 
Jan 07 02:20:02 【看看追新PRO】已完成
Jan 07 02:20:02 
Jan 07 02:20:02 【逛京东超市频道】已完成
Jan 07 02:20:02 
Jan 07 02:20:02 【京东账号1（18055698302_p）的1111点心动好友互助码】T018v_VzRRsf_FzUIBib1ADjRXlq-7zx55awQ
Jan 07 02:20:02 
Jan 07 02:20:06 没有抽奖机会
Jan 07 02:20:06 
Jan 07 02:20:06 
Jan 07 02:20:06 开始第2个活动：JOY年尾之旅
Jan 07 02:20:06 
Jan 07 02:20:06 【浏览TCL年货节】已完成
Jan 07 02:20:06 
Jan 07 02:20:06 【浏览交通会场】已完成
Jan 07 02:20:06 
Jan 07 02:20:06 【早起祈福】已完成
Jan 07 02:20:06 
Jan 07 02:20:10 没有抽奖机会
Jan 07 02:20:10 
Jan 07 02:20:10 
Jan 07 02:20:10 开始第3个活动：PLUS生活特权
Jan 07 02:20:10 
Jan 07 02:20:10 【领肯德基9.9元下午茶】已完成
Jan 07 02:20:10 
Jan 07 02:20:10 【领半价小皇堡4件套】已完成
Jan 07 02:20:10 
Jan 07 02:20:10 【办银行卡得PLUS会员】已完成
Jan 07 02:20:10 
Jan 07 02:20:10 【领免费吃喝玩乐福利】已完成
Jan 07 02:20:10 
Jan 07 02:20:10 【签到】已完成
Jan 07 02:20:10 
Jan 07 02:20:15 没有抽奖机会
Jan 07 02:20:15 
Jan 07 02:20:26 开始内部助力
Jan 07 02:20:26 
Jan 07 02:20:26 开始助力第1个活动：1111点心动
Jan 07 02:20:26 
Jan 07 02:20:26 18055698302_p 去助力 18055698302_p 的助力码 T018v_VzRRsf_FzUIBib1ADjRXlq-7zx55awQ
Jan 07 02:20:26 不能助力自己
Jan 07 02:20:26 
Jan 07 02:20:26 18055698302_p 去助力 88489948 的助力码 T011tvV3SBcQ8VwDjRXlq-7zx55awQ
Jan 07 02:20:26 助力失败：助力已满员！谢谢你哦~
Jan 07 02:20:26 
Jan 07 02:20:28 开始助力第2个活动：JOY年尾之旅
Jan 07 02:20:28 
Jan 07 02:20:28 开始助力第3个活动：PLUS生活特权
Jan 07 02:20:28 
Jan 07 02:20:28 
Jan 07 02:20:28 🔔众筹许愿池, 结束! 🕛 27.981 秒
Jan 07 02:20:28 
Jan 08 00:20:00 
Jan 08 00:20:00 🔔众筹许愿池, 开始!
Jan 08 00:20:00 
Jan 08 00:20:00 ====================共1个京东账号Cookie=========
Jan 08 00:20:00 
Jan 08 00:20:00 ==================脚本执行- 北京时间(UTC+8)：2022/1/8 上午12:20:00=====================
Jan 08 00:20:00 
Jan 08 00:20:03 
Jan 08 00:20:03 *******开始【京东账号1】153*****330_p*********
Jan 08 00:20:03 
Jan 08 00:20:03 
Jan 08 00:20:03 开始第1个活动：1111点心动
Jan 08 00:20:03 
Jan 08 00:20:03 【关注三顿半自营旗舰店】每关注1个店铺可得100新动值
Jan 08 00:20:03 完成任务：获得100金币
Jan 08 00:20:03 
Jan 08 00:20:03 【关注植益自营旗舰店】每关注1个店铺可得100新动值
Jan 08 00:20:03 完成任务：获得100金币
Jan 08 00:20:03 
Jan 08 00:20:03 【关注瑞幸咖啡自营旗舰店】每关注1个店铺可得100新动值
Jan 08 00:20:04 完成任务：获得100金币
Jan 08 00:20:04 
Jan 08 00:20:04 【关注黄天鹅自营旗舰店】每关注1个店铺可得100新动值
Jan 08 00:20:04 完成任务：获得100金币
Jan 08 00:20:04 
Jan 08 00:20:04 【关注联合利华自营旗舰店】每关注1个店铺可得100新动值
Jan 08 00:20:04 完成任务：获得100金币
Jan 08 00:20:04 
Jan 08 00:20:04 【关注拉面说自营旗舰店】每关注1个店铺可得100新动值
Jan 08 00:20:04 完成任务：获得100金币
Jan 08 00:20:04 
Jan 08 00:20:04 【关注筷手小厨自营旗舰店】每关注1个店铺可得100新动值
Jan 08 00:20:04 完成任务：获得100金币
Jan 08 00:20:04 
Jan 08 00:20:04 【关注布鲁可自营旗舰店】每关注1个店铺可得100新动值
Jan 08 00:20:04 完成任务：获得100金币
Jan 08 00:20:04 
Jan 08 00:20:04 【关注王饱饱自营旗舰店】每关注1个店铺可得100新动值
Jan 08 00:20:05 完成任务：获得100金币
Jan 08 00:20:05 
Jan 08 00:20:05 【关注可口可乐旗舰店】每关注1个店铺可得100新动值
Jan 08 00:20:05 完成任务：获得100金币
Jan 08 00:20:05 
Jan 08 00:20:05 【看看追新PRO】每关注1个频道可得500新动值
Jan 08 00:20:05 完成任务：获得500金币
Jan 08 00:20:05 
Jan 08 00:20:05 【看看京东超市】每关注1个频道可得500新动值
Jan 08 00:20:05 完成任务：获得500金币
Jan 08 00:20:05 
Jan 08 00:20:05 【逛京东超市频道】每浏览1个会场6s可得100新动值
Jan 08 00:20:05 任务领取成功
Jan 08 00:20:11 完成任务：获得100金币
Jan 08 00:20:11 
Jan 08 00:20:11 【京东账号1（18055698302_p）的1111点心动好友互助码】T018v_VzRRsf_FzUIBib1ADjRXlq-7zx55awQ
Jan 08 00:20:11 
Jan 08 00:20:15 可以抽奖4次，去抽奖
Jan 08 00:20:15 
Jan 08 00:20:16 很遗憾未中奖~
Jan 08 00:20:18 很遗憾未中奖~
Jan 08 00:20:20 很遗憾未中奖~
Jan 08 00:20:22 很遗憾未中奖~
Jan 08 00:20:24 
Jan 08 00:20:24 开始第2个活动：JOY年尾之旅
Jan 08 00:20:24 
Jan 08 00:20:24 【浏览TCL年货节】浏览当前会场3S可获得100年味值
Jan 08 00:20:24 任务领取成功
Jan 08 00:20:28 完成任务：获得100金币
Jan 08 00:20:28 
Jan 08 00:20:28 【浏览石头狂欢会场】浏览当前会场3S可获得100年味值
Jan 08 00:20:28 任务领取成功
Jan 08 00:20:31 完成任务：获得100金币
Jan 08 00:20:31 
Jan 08 00:20:31 【浏览欧乐B会场】浏览当前会场3S可获得100年味值
Jan 08 00:20:31 任务领取成功
Jan 08 00:20:34 完成任务：获得100金币
Jan 08 00:20:34 
Jan 08 00:20:34 【浏览海尔年货会场】浏览当前会场3S可获得100年味值
Jan 08 00:20:34 任务领取成功
Jan 08 00:20:37 完成任务：获得100金币
Jan 08 00:20:37 
Jan 08 00:20:37 【浏览华为会场】浏览当前会场3S可获得100年味值
Jan 08 00:20:38 任务领取成功
Jan 08 00:20:41 完成任务：获得100金币
Jan 08 00:20:41 
Jan 08 00:20:41 【小米潮流小家电】浏览当前会场3S可获得100年味值
Jan 08 00:20:41 任务领取成功
Jan 08 00:20:44 完成任务：获得100金币
Jan 08 00:20:44 
Jan 08 00:20:44 【浏览西门子家电】浏览当前会场3S可获得100年味值
Jan 08 00:20:44 任务领取成功
Jan 08 00:20:47 完成任务：获得100金币
Jan 08 00:20:47 
Jan 08 00:20:47 【浏览realme会场】浏览当前会场3S可获得50年味值
Jan 08 00:20:47 任务领取成功
Jan 08 00:20:51 完成任务：获得50金币
Jan 08 00:20:51 
Jan 08 00:20:51 【浏览旅行年味会场】浏览当前会场3S可获得50年味值
Jan 08 00:20:51 任务领取成功
Jan 08 00:20:54 完成任务：获得50金币
Jan 08 00:20:54 
Jan 08 00:20:54 【浏览凯兰帝文具】浏览当前会场3S可获得50年味值
Jan 08 00:20:54 任务领取成功
Jan 08 00:20:57 完成任务：获得50金币
Jan 08 00:20:57 
Jan 08 00:20:57 【浏览华硕电脑会场】浏览当前会场3S可获得50年味值
Jan 08 00:20:57 任务领取成功
Jan 08 00:21:00 完成任务：获得50金币
Jan 08 00:21:00 
Jan 08 00:21:00 【浏览 辉柏嘉 会场】浏览当前会场3S可获得50年味值
Jan 08 00:21:00 任务领取成功
Jan 08 00:21:04 完成任务：获得50金币
Jan 08 00:21:04 
Jan 08 00:21:04 【坚守热爱宅家过年】浏览当前会场3S可获得50年味值
Jan 08 00:21:04 任务领取成功
Jan 08 00:21:07 完成任务：获得50金币
Jan 08 00:21:07 
Jan 08 00:21:07 【欢洗过大年】浏览当前会场3S可获得50年味值
Jan 08 00:21:07 任务领取成功
Jan 08 00:21:10 完成任务：获得50金币
Jan 08 00:21:10 
Jan 08 00:21:10 【帝宁自营旗舰店】浏览当前会场3S可获得50年味值
Jan 08 00:21:10 任务领取成功
Jan 08 00:21:14 完成任务：获得50金币
Jan 08 00:21:14 
Jan 08 00:21:14 【开卡入会0元试饮】浏览当前会场3S可获得50年味值
Jan 08 00:21:14 任务领取成功
Jan 08 00:21:17 完成任务：获得50金币
Jan 08 00:21:17 
Jan 08 00:21:17 【日用焕新满200-30】浏览当前会场3S可获得50年味值
Jan 08 00:21:17 任务领取成功
Jan 08 00:21:20 完成任务：获得50金币
Jan 08 00:21:20 
Jan 08 00:21:20 签到
Jan 08 00:21:20 完成任务：获得100金币
Jan 08 00:21:20 
Jan 08 00:21:24 可以抽奖6次，去抽奖
Jan 08 00:21:24 
Jan 08 00:21:25 抽中：，金额59-5，使用时间2022.01.08-2022.01.11
Jan 08 00:21:27 很遗憾未中奖~
Jan 08 00:21:29 很遗憾未中奖~
Jan 08 00:21:31 很遗憾未中奖~
Jan 08 00:21:33 很遗憾未中奖~
Jan 08 00:21:36 很遗憾未中奖~
Jan 08 00:21:38 
Jan 08 00:21:38 开始第3个活动：PLUS生活特权
Jan 08 00:21:38 
Jan 08 00:21:38 【领肯德基9.9元下午茶】浏览6s并领取权益可获得200金币
Jan 08 00:21:38 任务领取成功
Jan 08 00:21:44 完成任务：获得200金币
Jan 08 00:21:44 
Jan 08 00:21:44 【领半价小皇堡4件套】浏览6s并领取权益可获得200金币
Jan 08 00:21:44 任务领取成功
Jan 08 00:21:50 完成任务：获得200金币
Jan 08 00:21:50 
Jan 08 00:21:50 【办银行卡得PLUS会员】浏览6s并领取权益可获得200金币
Jan 08 00:21:50 任务领取成功
Jan 08 00:21:57 完成任务：获得200金币
Jan 08 00:21:57 
Jan 08 00:21:57 【领免费吃喝玩乐福利】浏览6s并领取权益可获得200金币
Jan 08 00:21:57 任务领取成功
Jan 08 00:22:03 完成任务：获得200金币
Jan 08 00:22:03 
Jan 08 00:22:03 签到
Jan 08 00:22:03 签到成功：获得200金币
Jan 08 00:22:03 
Jan 08 00:22:07 可以抽奖5次，去抽奖
Jan 08 00:22:07 
Jan 08 00:22:07 很遗憾未中奖~
Jan 08 00:22:10 很遗憾未中奖~
Jan 08 00:22:12 很遗憾未中奖~
Jan 08 00:22:14 很遗憾未中奖~
Jan 08 00:22:16 很遗憾未中奖~
Jan 08 00:22:30 开始内部助力
Jan 08 00:22:30 
Jan 08 00:22:30 开始助力第1个活动：1111点心动
Jan 08 00:22:30 
Jan 08 00:22:30 18055698302_p 去助力 18055698302_p 的助力码 T018v_VzRRsf_FzUIBib1ADjRXlq-7zx55awQ
Jan 08 00:22:30 不能助力自己
Jan 08 00:22:30 
Jan 08 00:22:30 开始助力第2个活动：JOY年尾之旅
Jan 08 00:22:30 
Jan 08 00:22:30 开始助力第3个活动：PLUS生活特权
Jan 08 00:22:30 
Jan 08 00:22:30 
Jan 08 00:22:30 🔔众筹许愿池, 结束! 🕛 149.54 秒
Jan 08 00:22:30 
Jan 08 02:20:00 
Jan 08 02:20:00 🔔众筹许愿池, 开始!
Jan 08 02:20:00 
Jan 08 02:20:00 ====================共1个京东账号Cookie=========
Jan 08 02:20:00 
Jan 08 02:20:00 ==================脚本执行- 北京时间(UTC+8)：2022/1/8 上午2:20:00=====================
Jan 08 02:20:00 
Jan 08 02:20:01 
Jan 08 02:20:01 *******开始【京东账号1】153*****330_p*********
Jan 08 02:20:01 
Jan 08 02:20:01 
Jan 08 02:20:01 开始第1个活动：1111点心动
Jan 08 02:20:01 
Jan 08 02:20:01 【关注筷手小厨自营旗舰店】已完成
Jan 08 02:20:01 
Jan 08 02:20:01 【看看追新PRO】已完成
Jan 08 02:20:01 
Jan 08 02:20:01 【逛京东超市频道】已完成
Jan 08 02:20:01 
Jan 08 02:20:01 【京东账号1（18055698302_p）的1111点心动好友互助码】T018v_VzRRsf_FzUIBib1ADjRXlq-7zx55awQ
Jan 08 02:20:01 
Jan 08 02:20:06 没有抽奖机会
Jan 08 02:20:06 
Jan 08 02:20:06 
Jan 08 02:20:06 开始第2个活动：JOY年尾之旅
Jan 08 02:20:06 
Jan 08 02:20:06 【浏览西门子家电】已完成
Jan 08 02:20:06 
Jan 08 02:20:06 【浏览旅行年味会场】已完成
Jan 08 02:20:06 
Jan 08 02:20:06 【早起祈福】已完成
Jan 08 02:20:06 
Jan 08 02:20:10 没有抽奖机会
Jan 08 02:20:10 
Jan 08 02:20:10 
Jan 08 02:20:10 开始第3个活动：PLUS生活特权
Jan 08 02:20:10 
Jan 08 02:20:10 【领肯德基9.9元下午茶】已完成
Jan 08 02:20:10 
Jan 08 02:20:10 【领半价小皇堡4件套】已完成
Jan 08 02:20:10 
Jan 08 02:20:10 【办银行卡得PLUS会员】已完成
Jan 08 02:20:10 
Jan 08 02:20:10 【领免费吃喝玩乐福利】已完成
Jan 08 02:20:10 
Jan 08 02:20:10 【签到】已完成
Jan 08 02:20:10 
Jan 08 02:20:14 没有抽奖机会
Jan 08 02:20:14 
Jan 08 02:20:15 开始内部助力
Jan 08 02:20:15 
Jan 08 02:20:15 开始助力第1个活动：1111点心动
Jan 08 02:20:15 
Jan 08 02:20:15 18055698302_p 去助力 18055698302_p 的助力码 T018v_VzRRsf_FzUIBib1ADjRXlq-7zx55awQ
Jan 08 02:20:15 不能助力自己
Jan 08 02:20:15 
Jan 08 02:20:15 开始助力第2个活动：JOY年尾之旅
Jan 08 02:20:15 
Jan 08 02:20:15 开始助力第3个活动：PLUS生活特权
Jan 08 02:20:15 
Jan 08 02:20:15 
Jan 08 02:20:15 🔔众筹许愿池, 结束! 🕛 14.639 秒
Jan 08 02:20:15 
Jan 09 00:20:00 
Jan 09 00:20:00 🔔众筹许愿池, 开始!
Jan 09 00:20:00 
Jan 09 00:20:00 ====================共1个京东账号Cookie=========
Jan 09 00:20:00 
Jan 09 00:20:01 ==================脚本执行- 北京时间(UTC+8)：2022/1/9 上午12:20:00=====================
Jan 09 00:20:01 
Jan 09 00:20:03 
Jan 09 00:20:03 *******开始【京东账号1】153*****330_p*********
Jan 09 00:20:03 
Jan 09 00:20:03 
Jan 09 00:20:03 开始第1个活动：1111点心动
Jan 09 00:20:03 
Jan 09 00:20:03 【关注三顿半自营旗舰店】每关注1个店铺可得100新动值
Jan 09 00:20:03 完成任务：获得100金币
Jan 09 00:20:03 
Jan 09 00:20:03 【关注植益自营旗舰店】每关注1个店铺可得100新动值
Jan 09 00:20:03 完成任务：获得100金币
Jan 09 00:20:03 
Jan 09 00:20:03 【关注瑞幸咖啡自营旗舰店】每关注1个店铺可得100新动值
Jan 09 00:20:03 完成任务：获得100金币
Jan 09 00:20:03 
Jan 09 00:20:03 【关注黄天鹅自营旗舰店】每关注1个店铺可得100新动值
Jan 09 00:20:04 完成任务：获得100金币
Jan 09 00:20:04 
Jan 09 00:20:04 【关注联合利华自营旗舰店】每关注1个店铺可得100新动值
Jan 09 00:20:04 完成任务：获得100金币
Jan 09 00:20:04 
Jan 09 00:20:04 【关注拉面说自营旗舰店】每关注1个店铺可得100新动值
Jan 09 00:20:04 完成任务：获得100金币
Jan 09 00:20:04 
Jan 09 00:20:04 【关注筷手小厨自营旗舰店】每关注1个店铺可得100新动值
Jan 09 00:20:04 完成任务：获得100金币
Jan 09 00:20:04 
Jan 09 00:20:04 【关注布鲁可自营旗舰店】每关注1个店铺可得100新动值
Jan 09 00:20:04 完成任务：获得100金币
Jan 09 00:20:04 
Jan 09 00:20:04 【关注王饱饱自营旗舰店】每关注1个店铺可得100新动值
Jan 09 00:20:05 完成任务：获得100金币
Jan 09 00:20:05 
Jan 09 00:20:05 【关注可口可乐旗舰店】每关注1个店铺可得100新动值
Jan 09 00:20:05 完成任务：获得100金币
Jan 09 00:20:05 
Jan 09 00:20:05 【看看追新PRO】每关注1个频道可得500新动值
Jan 09 00:20:05 完成任务：获得500金币
Jan 09 00:20:05 
Jan 09 00:20:05 【看看京东超市】每关注1个频道可得500新动值
Jan 09 00:20:05 完成任务：获得500金币
Jan 09 00:20:05 
Jan 09 00:20:05 【逛京东超市频道】每浏览1个会场6s可得100新动值
Jan 09 00:20:05 任务领取成功
Jan 09 00:20:11 完成任务：获得100金币
Jan 09 00:20:11 
Jan 09 00:20:11 【京东账号1（18055698302_p）的1111点心动好友互助码】T018v_VzRRsf_FzUIBib1ADjRXlq-7zx55awQ
Jan 09 00:20:11 
Jan 09 00:20:16 可以抽奖4次，去抽奖
Jan 09 00:20:16 
Jan 09 00:20:16 很遗憾未中奖~
Jan 09 00:20:18 很遗憾未中奖~
Jan 09 00:20:20 很遗憾未中奖~
Jan 09 00:20:22 很遗憾未中奖~
Jan 09 00:20:24 
Jan 09 00:20:24 开始第2个活动：JOY年尾之旅
Jan 09 00:20:24 
Jan 09 00:20:24 【浏览西门子家电】浏览当前会场3S可获得100年味值
Jan 09 00:20:24 任务领取成功
Jan 09 00:20:28 完成任务：获得100金币
Jan 09 00:20:28 
Jan 09 00:20:28 【浏览TCL年货节】浏览当前会场3S可获得100年味值
Jan 09 00:20:28 任务领取成功
Jan 09 00:20:31 完成任务：获得100金币
Jan 09 00:20:31 
Jan 09 00:20:31 【浏览石头狂欢会场】浏览当前会场3S可获得100年味值
Jan 09 00:20:31 任务领取成功
Jan 09 00:20:34 完成任务：获得100金币
Jan 09 00:20:34 
Jan 09 00:20:34 【浏览欧乐B会场】浏览当前会场3S可获得100年味值
Jan 09 00:20:34 任务领取成功
Jan 09 00:20:37 完成任务：获得100金币
Jan 09 00:20:37 
Jan 09 00:20:37 【浏览海尔年货会场】浏览当前会场3S可获得100年味值
Jan 09 00:20:38 任务领取成功
Jan 09 00:20:41 完成任务：获得100金币
Jan 09 00:20:41 
Jan 09 00:20:41 【浏览华为会场】浏览当前会场3S可获得100年味值
Jan 09 00:20:41 任务领取成功
Jan 09 00:20:44 完成任务：获得100金币
Jan 09 00:20:44 
Jan 09 00:20:44 【小米潮流小家电】浏览当前会场3S可获得100年味值
Jan 09 00:20:44 任务领取成功
Jan 09 00:20:47 完成任务：获得100金币
Jan 09 00:20:47 
Jan 09 00:20:47 【欢洗过大年】浏览当前会场3S可获得50年味值
Jan 09 00:20:47 任务领取成功
Jan 09 00:20:51 完成任务：获得50金币
Jan 09 00:20:51 
Jan 09 00:20:51 【浏览realme会场】浏览当前会场3S可获得50年味值
Jan 09 00:20:51 任务领取成功
Jan 09 00:20:54 完成任务：获得50金币
Jan 09 00:20:54 
Jan 09 00:20:54 【浏览旅行年味会场】浏览当前会场3S可获得50年味值
Jan 09 00:20:54 任务领取成功
Jan 09 00:20:57 完成任务：获得50金币
Jan 09 00:20:57 
Jan 09 00:20:57 【日用焕新满200-30】浏览当前会场3S可获得50年味值
Jan 09 00:20:57 任务领取成功
Jan 09 00:21:00 完成任务：获得50金币
Jan 09 00:21:00 
Jan 09 00:21:00 【运动鞋服年货嗨购】浏览当前会场3S可获得50年味值
Jan 09 00:21:01 任务领取成功
Jan 09 00:21:04 完成任务：获得50金币
Jan 09 00:21:04 
Jan 09 00:21:04 【去炸年兽瓜分10亿】浏览当前会场3S可获得50年味值
Jan 09 00:21:04 任务领取成功
Jan 09 00:21:07 完成任务：获得50金币
Jan 09 00:21:07 
Jan 09 00:21:07 【浏览华硕电脑会场】浏览当前会场3S可获得50年味值
Jan 09 00:21:07 任务领取成功
Jan 09 00:21:10 完成任务：获得50金币
Jan 09 00:21:10 
Jan 09 00:21:10 【荣耀平板 V7 Pro】浏览当前会场3S可获得50年味值
Jan 09 00:21:10 任务领取成功
Jan 09 00:21:14 完成任务：获得50金币
Jan 09 00:21:14 
Jan 09 00:21:14 【坚守热爱宅家过年】浏览当前会场3S可获得50年味值
Jan 09 00:21:14 任务领取成功
Jan 09 00:21:17 完成任务：获得50金币
Jan 09 00:21:17 
Jan 09 00:21:17 【浏览凯兰帝文具】浏览当前会场3S可获得50年味值
Jan 09 00:21:17 任务领取成功
Jan 09 00:21:20 完成任务：获得50金币
Jan 09 00:21:20 
Jan 09 00:21:20 签到
Jan 09 00:21:20 完成任务：获得100金币
Jan 09 00:21:20 
Jan 09 00:21:24 可以抽奖7次，去抽奖
Jan 09 00:21:24 
Jan 09 00:21:25 抽中：，金额59-5，使用时间2022.01.09-2022.01.12
Jan 09 00:21:27 很遗憾未中奖~
Jan 09 00:21:29 很遗憾未中奖~
Jan 09 00:21:31 很遗憾未中奖~
Jan 09 00:21:33 很遗憾未中奖~
Jan 09 00:21:35 很遗憾未中奖~
Jan 09 00:21:37 很遗憾未中奖~
Jan 09 00:21:39 
Jan 09 00:21:39 开始第3个活动：PLUS生活特权
Jan 09 00:21:39 
Jan 09 00:21:40 【领肯德基9.9元下午茶】浏览6s并领取权益可获得200金币
Jan 09 00:21:40 任务领取成功
Jan 09 00:21:46 完成任务：获得200金币
Jan 09 00:21:46 
Jan 09 00:21:46 【领半价小皇堡4件套】浏览6s并领取权益可获得200金币
Jan 09 00:21:46 任务领取成功
Jan 09 00:21:52 完成任务：获得200金币
Jan 09 00:21:52 
Jan 09 00:21:52 【办银行卡得PLUS会员】浏览6s并领取权益可获得200金币
Jan 09 00:21:52 任务领取成功
Jan 09 00:21:58 完成任务：获得200金币
Jan 09 00:21:58 
Jan 09 00:21:58 【领免费吃喝玩乐福利】浏览6s并领取权益可获得200金币
Jan 09 00:21:59 任务领取成功
Jan 09 00:22:05 完成任务：获得200金币
Jan 09 00:22:05 
Jan 09 00:22:05 签到
Jan 09 00:22:05 签到成功：获得200金币
Jan 09 00:22:05 
Jan 09 00:22:09 可以抽奖5次，去抽奖
Jan 09 00:22:09 
Jan 09 00:22:09 很遗憾未中奖~
Jan 09 00:22:11 很遗憾未中奖~
Jan 09 00:22:14 很遗憾未中奖~
Jan 09 00:22:16 很遗憾未中奖~
Jan 09 00:22:18 很遗憾未中奖~
Jan 09 00:22:21 开始内部助力
Jan 09 00:22:21 
Jan 09 00:22:21 开始助力第1个活动：1111点心动
Jan 09 00:22:21 
Jan 09 00:22:21 18055698302_p 去助力 18055698302_p 的助力码 T018v_VzRRsf_FzUIBib1ADjRXlq-7zx55awQ
Jan 09 00:22:21 不能助力自己
Jan 09 00:22:21 
Jan 09 00:22:21 18055698302_p 去助力 zhaosen2580 的助力码 T0159KUiH11Mq1bSKBoDjRXlq-7zx55awQ
Jan 09 00:22:21 助力失败：助力已满员！谢谢你哦~
Jan 09 00:22:21 
Jan 09 00:22:23 18055698302_p 去助力 jd_gYZtkBfPpRVv 的助力码 T0205KkcF3dzsQ-ldnq09pFMDjRXlq-7zx55awQ
Jan 09 00:22:24 助力失败：助力已满员！谢谢你哦~
Jan 09 00:22:24 
Jan 09 00:22:26 18055698302_p 去助力 jd_41df9b41af810 的助力码 T0225KkcRB9No12FJBulwv8LdADjRXlq-7zx55awQ
Jan 09 00:22:26 助力失败：助力已满员！谢谢你哦~
Jan 09 00:22:26 
Jan 09 00:22:28 18055698302_p 去助力 jd_47ee22449e303 的助力码 T0225KkcRBlMoFbVJB79wfQKdwDjRXlq-7zx55awQ
Jan 09 00:22:28 助力失败：助力已满员！谢谢你哦~
Jan 09 00:22:28 
Jan 09 00:22:30 18055698302_p 去助力 jd_4346918b58d6e 的助力码 T0225KkcRB0d813WKEjxnKMMIQDjRXlq-7zx55awQ
Jan 09 00:22:30 助力失败：助力已满员！谢谢你哦~
Jan 09 00:22:30 
Jan 09 00:22:32 18055698302_p 去助力 u_5747590e21e24 的助力码 T020-5J2Rxoe8F3XdRj1wfUODjRXlq-7zx55awQ
Jan 09 00:22:32 助力失败：助力已满员！谢谢你哦~
Jan 09 00:22:32 
Jan 09 00:22:34 18055698302_p 去助力 liuz9988 的助力码 T0114qQ2ChcQ_VwDjRXlq-7zx55awQ
Jan 09 00:22:34 助力失败：助力已满员！谢谢你哦~
Jan 09 00:22:34 
Jan 09 00:22:36 18055698302_p 去助力 88489948 的助力码 T011tvV3SBcQ8VwDjRXlq-7zx55awQ
Jan 09 00:22:36 助力失败：助力已满员！谢谢你哦~
Jan 09 00:22:36 
Jan 09 00:22:38 开始助力第2个活动：JOY年尾之旅
Jan 09 00:22:38 
Jan 09 00:22:38 开始助力第3个活动：PLUS生活特权
Jan 09 00:22:38 
Jan 09 00:22:38 
Jan 09 00:22:38 🔔众筹许愿池, 结束! 🕛 158.354 秒
Jan 09 00:22:38 
Jan 09 02:20:00 
Jan 09 02:20:00 🔔众筹许愿池, 开始!
Jan 09 02:20:00 
Jan 09 02:20:00 ====================共1个京东账号Cookie=========
Jan 09 02:20:00 
Jan 09 02:20:00 ==================脚本执行- 北京时间(UTC+8)：2022/1/9 上午2:20:00=====================
Jan 09 02:20:00 
Jan 09 02:20:01 
Jan 09 02:20:01 *******开始【京东账号1】153*****330_p*********
Jan 09 02:20:01 
Jan 09 02:20:01 
Jan 09 02:20:01 开始第1个活动：1111点心动
Jan 09 02:20:01 
Jan 09 02:20:01 【关注瑞幸咖啡自营旗舰店】已完成
Jan 09 02:20:01 
Jan 09 02:20:01 【看看追新PRO】已完成
Jan 09 02:20:01 
Jan 09 02:20:01 【逛京东超市频道】已完成
Jan 09 02:20:01 
Jan 09 02:20:01 【京东账号1（18055698302_p）的1111点心动好友互助码】T018v_VzRRsf_FzUIBib1ADjRXlq-7zx55awQ
Jan 09 02:20:01 
Jan 09 02:20:05 没有抽奖机会
Jan 09 02:20:05 
Jan 09 02:20:05 
Jan 09 02:20:05 开始第2个活动：JOY年尾之旅
Jan 09 02:20:05 
Jan 09 02:20:06 【浏览TCL年货节】已完成
Jan 09 02:20:06 
Jan 09 02:20:06 【运动鞋服年货嗨购】已完成
Jan 09 02:20:06 
Jan 09 02:20:06 【早起祈福】已完成
Jan 09 02:20:06 
Jan 09 02:20:10 没有抽奖机会
Jan 09 02:20:10 
Jan 09 02:20:10 
Jan 09 02:20:10 开始第3个活动：PLUS生活特权
Jan 09 02:20:10 
Jan 09 02:20:10 【领肯德基9.9元下午茶】已完成
Jan 09 02:20:10 
Jan 09 02:20:10 【领半价小皇堡4件套】已完成
Jan 09 02:20:10 
Jan 09 02:20:10 【办银行卡得PLUS会员】已完成
Jan 09 02:20:10 
Jan 09 02:20:10 【领免费吃喝玩乐福利】已完成
Jan 09 02:20:10 
Jan 09 02:20:10 【签到】已完成
Jan 09 02:20:10 
Jan 09 02:20:14 没有抽奖机会
Jan 09 02:20:14 
Jan 09 02:20:25 开始内部助力
Jan 09 02:20:25 
Jan 09 02:20:25 开始助力第1个活动：1111点心动
Jan 09 02:20:25 
Jan 09 02:20:25 18055698302_p 去助力 18055698302_p 的助力码 T018v_VzRRsf_FzUIBib1ADjRXlq-7zx55awQ
Jan 09 02:20:25 不能助力自己
Jan 09 02:20:25 
Jan 09 02:20:25 开始助力第2个活动：JOY年尾之旅
Jan 09 02:20:25 
Jan 09 02:20:25 开始助力第3个活动：PLUS生活特权
Jan 09 02:20:25 
Jan 09 02:20:25 
Jan 09 02:20:25 🔔众筹许愿池, 结束! 🕛 25.505 秒
Jan 09 02:20:25 
